[2025-12-21T14:46:33.580+0000] {local_task_job_runner.py:120} INFO - ::group::Pre task execution logs
[2025-12-21T14:46:33.623+0000] {taskinstance.py:2076} INFO - Dependencies all met for dep_context=non-requeueable deps ti=<TaskInstance: coinpaprika_public_loader.fetch_data scheduled__2025-12-21T11:00:00+00:00 [queued]>
[2025-12-21T14:46:33.641+0000] {taskinstance.py:2076} INFO - Dependencies all met for dep_context=requeueable deps ti=<TaskInstance: coinpaprika_public_loader.fetch_data scheduled__2025-12-21T11:00:00+00:00 [queued]>
[2025-12-21T14:46:33.642+0000] {taskinstance.py:2306} INFO - Starting attempt 1 of 3
[2025-12-21T14:46:33.662+0000] {taskinstance.py:2330} INFO - Executing <Task(PythonOperator): fetch_data> on 2025-12-21 11:00:00+00:00
[2025-12-21T14:46:33.675+0000] {standard_task_runner.py:90} INFO - Running: ['airflow', 'tasks', 'run', 'coinpaprika_public_loader', 'fetch_data', 'scheduled__2025-12-21T11:00:00+00:00', '--job-id', '58', '--raw', '--subdir', 'DAGS_FOLDER/dags.py', '--cfg-path', '/tmp/tmpf1aw0_xj']
[2025-12-21T14:46:33.678+0000] {standard_task_runner.py:91} INFO - Job 58: Subtask fetch_data
[2025-12-21T14:46:33.679+0000] {logging_mixin.py:188} WARNING - /home/airflow/.local/lib/python3.12/site-packages/airflow/task/task_runner/standard_task_runner.py:61 DeprecationWarning: This process (pid=4627) is multi-threaded, use of fork() may lead to deadlocks in the child.
[2025-12-21T14:46:33.680+0000] {standard_task_runner.py:63} INFO - Started process 4645 to run task
[2025-12-21T14:46:33.759+0000] {task_command.py:426} INFO - Running <TaskInstance: coinpaprika_public_loader.fetch_data scheduled__2025-12-21T11:00:00+00:00 [running]> on host 1dd472f17861
[2025-12-21T14:46:33.899+0000] {taskinstance.py:2648} INFO - Exporting env vars: AIRFLOW_CTX_DAG_OWNER='airflow' AIRFLOW_CTX_DAG_ID='coinpaprika_public_loader' AIRFLOW_CTX_TASK_ID='fetch_data' AIRFLOW_CTX_EXECUTION_DATE='2025-12-21T11:00:00+00:00' AIRFLOW_CTX_TRY_NUMBER='1' AIRFLOW_CTX_DAG_RUN_ID='scheduled__2025-12-21T11:00:00+00:00'
[2025-12-21T14:46:33.902+0000] {taskinstance.py:430} INFO - ::endgroup::
[2025-12-21T14:46:34.170+0000] {taskinstance.py:441} INFO - ::group::Post task execution logs
[2025-12-21T14:46:34.171+0000] {taskinstance.py:2905} ERROR - Task failed with exception
Traceback (most recent call last):
  File "/home/airflow/.local/lib/python3.12/site-packages/airflow/models/taskinstance.py", line 465, in _execute_task
    result = _execute_callable(context=context, **execute_callable_kwargs)
             ^^^^^^^^^^^^^^^^^^^^^^^^^^^^^^^^^^^^^^^^^^^^^^^^^^^^^^^^^^^^^
  File "/home/airflow/.local/lib/python3.12/site-packages/airflow/models/taskinstance.py", line 432, in _execute_callable
    return execute_callable(context=context, **execute_callable_kwargs)
           ^^^^^^^^^^^^^^^^^^^^^^^^^^^^^^^^^^^^^^^^^^^^^^^^^^^^^^^^^^^^
  File "/home/airflow/.local/lib/python3.12/site-packages/airflow/models/baseoperator.py", line 400, in wrapper
    return func(self, *args, **kwargs)
           ^^^^^^^^^^^^^^^^^^^^^^^^^^^
  File "/home/airflow/.local/lib/python3.12/site-packages/airflow/operators/python.py", line 235, in execute
    return_value = self.execute_callable()
                   ^^^^^^^^^^^^^^^^^^^^^^^
  File "/home/airflow/.local/lib/python3.12/site-packages/airflow/operators/python.py", line 252, in execute_callable
    return self.python_callable(*self.op_args, **self.op_kwargs)
           ^^^^^^^^^^^^^^^^^^^^^^^^^^^^^^^^^^^^^^^^^^^^^^^^^^^^^
  File "/opt/airflow/dags/dags.py", line 41, in fetch_coin_data
    "ath_price": data['ath_price'],
                 ~~~~^^^^^^^^^^^^^
KeyError: 'ath_price'
[2025-12-21T14:46:34.187+0000] {taskinstance.py:1206} INFO - Marking task as UP_FOR_RETRY. dag_id=coinpaprika_public_loader, task_id=fetch_data, run_id=scheduled__2025-12-21T11:00:00+00:00, execution_date=20251221T110000, start_date=20251221T144633, end_date=20251221T144634
[2025-12-21T14:46:34.205+0000] {standard_task_runner.py:110} ERROR - Failed to execute job 58 for task fetch_data ('ath_price'; 4645)
[2025-12-21T14:46:34.256+0000] {local_task_job_runner.py:240} INFO - Task exited with return code 1
[2025-12-21T14:46:34.281+0000] {taskinstance.py:3498} INFO - 0 downstream tasks scheduled from follow-on schedule check
[2025-12-21T14:46:34.283+0000] {local_task_job_runner.py:222} INFO - ::endgroup::
