[2026-01-30T13:46:05.858+0000] {local_task_job_runner.py:120} INFO - ::group::Pre task execution logs
[2026-01-30T13:46:05.906+0000] {taskinstance.py:2076} INFO - Dependencies all met for dep_context=non-requeueable deps ti=<TaskInstance: 05_bitcoin_pipeline.fetch_and_store_btc manual__2026-01-30T13:46:01.769224+00:00 [queued]>
[2026-01-30T13:46:05.918+0000] {taskinstance.py:2076} INFO - Dependencies all met for dep_context=requeueable deps ti=<TaskInstance: 05_bitcoin_pipeline.fetch_and_store_btc manual__2026-01-30T13:46:01.769224+00:00 [queued]>
[2026-01-30T13:46:05.919+0000] {taskinstance.py:2306} INFO - Starting attempt 1 of 2
[2026-01-30T13:46:05.939+0000] {taskinstance.py:2330} INFO - Executing <Task(PythonOperator): fetch_and_store_btc> on 2026-01-30 13:46:01.769224+00:00
[2026-01-30T13:46:05.953+0000] {standard_task_runner.py:90} INFO - Running: ['airflow', 'tasks', 'run', '05_bitcoin_pipeline', 'fetch_and_store_btc', 'manual__2026-01-30T13:46:01.769224+00:00', '--job-id', '273', '--raw', '--subdir', 'DAGS_FOLDER/dags.py', '--cfg-path', '/tmp/tmpvvzuo0ol']
[2026-01-30T13:46:05.956+0000] {standard_task_runner.py:91} INFO - Job 273: Subtask fetch_and_store_btc
[2026-01-30T13:46:05.958+0000] {logging_mixin.py:188} WARNING - /home/airflow/.local/lib/python3.12/site-packages/airflow/task/task_runner/standard_task_runner.py:61 DeprecationWarning: This process (pid=7602) is multi-threaded, use of fork() may lead to deadlocks in the child.
[2026-01-30T13:46:05.959+0000] {standard_task_runner.py:63} INFO - Started process 7637 to run task
[2026-01-30T13:46:06.031+0000] {task_command.py:426} INFO - Running <TaskInstance: 05_bitcoin_pipeline.fetch_and_store_btc manual__2026-01-30T13:46:01.769224+00:00 [running]> on host 439b7f1d9e90
[2026-01-30T13:46:06.174+0000] {taskinstance.py:2648} INFO - Exporting env vars: AIRFLOW_CTX_DAG_OWNER='airflow' AIRFLOW_CTX_DAG_ID='05_bitcoin_pipeline' AIRFLOW_CTX_TASK_ID='fetch_and_store_btc' AIRFLOW_CTX_EXECUTION_DATE='2026-01-30T13:46:01.769224+00:00' AIRFLOW_CTX_TRY_NUMBER='1' AIRFLOW_CTX_DAG_RUN_ID='manual__2026-01-30T13:46:01.769224+00:00'
[2026-01-30T13:46:06.178+0000] {taskinstance.py:430} INFO - ::endgroup::
[2026-01-30T13:46:06.179+0000] {dags.py:26} INFO - Fetching data for btc-bitcoin...
[2026-01-30T13:46:06.828+0000] {dags.py:37} INFO - Price: $82655.53056282918, Volume: 59529091651.87363
[2026-01-30T13:46:06.843+0000] {base.py:84} INFO - Using connection ID 'crypto_db' for task execution.
[2026-01-30T13:46:06.851+0000] {sql.py:470} INFO - Running statement: 
        INSERT INTO bitcoin_realtime (symbol, price_usd, volume_24h, market_cap, fetched_at)
        VALUES (%s, %s, %s, %s, NOW());
    , parameters: ('BTC', 82655.53056282918, 59529091651.87363, 1651650170687)
[2026-01-30T13:46:06.853+0000] {sql.py:479} INFO - Rows affected: 1
[2026-01-30T13:46:06.856+0000] {dags.py:49} INFO - Data successfully inserted into Postgres!
[2026-01-30T13:46:06.858+0000] {python.py:237} INFO - Done. Returned value was: None
[2026-01-30T13:46:06.860+0000] {taskinstance.py:441} INFO - ::group::Post task execution logs
[2026-01-30T13:46:06.875+0000] {taskinstance.py:1206} INFO - Marking task as SUCCESS. dag_id=05_bitcoin_pipeline, task_id=fetch_and_store_btc, run_id=manual__2026-01-30T13:46:01.769224+00:00, execution_date=20260130T134601, start_date=20260130T134605, end_date=20260130T134606
[2026-01-30T13:46:06.936+0000] {local_task_job_runner.py:240} INFO - Task exited with return code 0
[2026-01-30T13:46:06.962+0000] {taskinstance.py:3498} INFO - 0 downstream tasks scheduled from follow-on schedule check
[2026-01-30T13:46:06.965+0000] {local_task_job_runner.py:222} INFO - ::endgroup::
