[2026-01-30T13:55:39.160+0000] {local_task_job_runner.py:120} INFO - ::group::Pre task execution logs
[2026-01-30T13:55:39.204+0000] {taskinstance.py:2076} INFO - Dependencies all met for dep_context=non-requeueable deps ti=<TaskInstance: 05_bitcoin_pipeline.create_table manual__2026-01-30T13:55:36.698122+00:00 [queued]>
[2026-01-30T13:55:39.215+0000] {taskinstance.py:2076} INFO - Dependencies all met for dep_context=requeueable deps ti=<TaskInstance: 05_bitcoin_pipeline.create_table manual__2026-01-30T13:55:36.698122+00:00 [queued]>
[2026-01-30T13:55:39.216+0000] {taskinstance.py:2306} INFO - Starting attempt 1 of 2
[2026-01-30T13:55:39.234+0000] {taskinstance.py:2330} INFO - Executing <Task(PostgresOperator): create_table> on 2026-01-30 13:55:36.698122+00:00
[2026-01-30T13:55:39.248+0000] {standard_task_runner.py:90} INFO - Running: ['airflow', 'tasks', 'run', '05_bitcoin_pipeline', 'create_table', 'manual__2026-01-30T13:55:36.698122+00:00', '--job-id', '276', '--raw', '--subdir', 'DAGS_FOLDER/dags.py', '--cfg-path', '/tmp/tmpev1c8r7w']
[2026-01-30T13:55:39.254+0000] {standard_task_runner.py:91} INFO - Job 276: Subtask create_table
[2026-01-30T13:55:39.255+0000] {logging_mixin.py:188} WARNING - /home/airflow/.local/lib/python3.12/site-packages/airflow/task/task_runner/standard_task_runner.py:61 DeprecationWarning: This process (pid=12454) is multi-threaded, use of fork() may lead to deadlocks in the child.
[2026-01-30T13:55:39.257+0000] {standard_task_runner.py:63} INFO - Started process 12462 to run task
[2026-01-30T13:55:39.336+0000] {task_command.py:426} INFO - Running <TaskInstance: 05_bitcoin_pipeline.create_table manual__2026-01-30T13:55:36.698122+00:00 [running]> on host 439b7f1d9e90
[2026-01-30T13:55:39.491+0000] {taskinstance.py:2648} INFO - Exporting env vars: AIRFLOW_CTX_DAG_OWNER='airflow' AIRFLOW_CTX_DAG_ID='05_bitcoin_pipeline' AIRFLOW_CTX_TASK_ID='create_table' AIRFLOW_CTX_EXECUTION_DATE='2026-01-30T13:55:36.698122+00:00' AIRFLOW_CTX_TRY_NUMBER='1' AIRFLOW_CTX_DAG_RUN_ID='manual__2026-01-30T13:55:36.698122+00:00'
[2026-01-30T13:55:39.493+0000] {taskinstance.py:430} INFO - ::endgroup::
[2026-01-30T13:55:39.494+0000] {sql.py:276} INFO - Executing: 
            CREATE TABLE IF NOT EXISTS bitcoin_realtime (
                id SERIAL PRIMARY KEY,
                symbol VARCHAR(10),
                price_usd NUMERIC(18, 2),
                volume_24h NUMERIC(20, 2),
                market_cap NUMERIC(20, 2),
                fetched_at TIMESTAMP DEFAULT CURRENT_TIMESTAMP
            );
        
[2026-01-30T13:55:39.509+0000] {base.py:84} INFO - Using connection ID 'crypto_db' for task execution.
[2026-01-30T13:55:39.524+0000] {base.py:84} INFO - Using connection ID 'crypto_db' for task execution.
[2026-01-30T13:55:39.532+0000] {sql.py:470} INFO - Running statement: 
            CREATE TABLE IF NOT EXISTS bitcoin_realtime (
                id SERIAL PRIMARY KEY,
                symbol VARCHAR(10),
                price_usd NUMERIC(18, 2),
                volume_24h NUMERIC(20, 2),
                market_cap NUMERIC(20, 2),
                fetched_at TIMESTAMP DEFAULT CURRENT_TIMESTAMP
            );
        , parameters: None
[2026-01-30T13:55:39.534+0000] {taskinstance.py:441} INFO - ::group::Post task execution logs
[2026-01-30T13:55:39.549+0000] {taskinstance.py:1206} INFO - Marking task as SUCCESS. dag_id=05_bitcoin_pipeline, task_id=create_table, run_id=manual__2026-01-30T13:55:36.698122+00:00, execution_date=20260130T135536, start_date=20260130T135539, end_date=20260130T135539
[2026-01-30T13:55:39.593+0000] {local_task_job_runner.py:240} INFO - Task exited with return code 0
[2026-01-30T13:55:39.612+0000] {logging_mixin.py:188} WARNING - /home/airflow/.local/lib/python3.12/site-packages/airflow/models/baseoperator.py:1296 AirflowProviderDeprecationWarning: Call to deprecated class PostgresOperator. (Please use `airflow.providers.common.sql.operators.sql.SQLExecuteQueryOperator`.Also, you can provide `hook_params={'schema': <database>}`.)
[2026-01-30T13:55:39.630+0000] {taskinstance.py:3498} INFO - 1 downstream tasks scheduled from follow-on schedule check
[2026-01-30T13:55:39.633+0000] {local_task_job_runner.py:222} INFO - ::endgroup::
