[2026-01-14T07:59:21.610+0000] {local_task_job_runner.py:120} INFO - ::group::Pre task execution logs
[2026-01-14T07:59:21.686+0000] {taskinstance.py:2076} INFO - Dependencies all met for dep_context=non-requeueable deps ti=<TaskInstance: coinpaprika_public_loader.fetch_data scheduled__2025-12-29T21:00:00+00:00 [queued]>
[2026-01-14T07:59:21.703+0000] {taskinstance.py:2076} INFO - Dependencies all met for dep_context=requeueable deps ti=<TaskInstance: coinpaprika_public_loader.fetch_data scheduled__2025-12-29T21:00:00+00:00 [queued]>
[2026-01-14T07:59:21.704+0000] {taskinstance.py:2306} INFO - Starting attempt 3 of 3
[2026-01-14T07:59:21.730+0000] {taskinstance.py:2330} INFO - Executing <Task(PythonOperator): fetch_data> on 2025-12-29 21:00:00+00:00
[2026-01-14T07:59:21.750+0000] {standard_task_runner.py:90} INFO - Running: ['airflow', 'tasks', 'run', 'coinpaprika_public_loader', 'fetch_data', 'scheduled__2025-12-29T21:00:00+00:00', '--job-id', '228', '--raw', '--subdir', 'DAGS_FOLDER/dags.py', '--cfg-path', '/tmp/tmp_u0z6dw3']
[2026-01-14T07:59:21.758+0000] {standard_task_runner.py:91} INFO - Job 228: Subtask fetch_data
[2026-01-14T07:59:21.758+0000] {logging_mixin.py:188} WARNING - /home/airflow/.local/lib/python3.12/site-packages/airflow/task/task_runner/standard_task_runner.py:61 DeprecationWarning: This process (pid=630) is multi-threaded, use of fork() may lead to deadlocks in the child.
[2026-01-14T07:59:21.760+0000] {standard_task_runner.py:63} INFO - Started process 720 to run task
[2026-01-14T07:59:21.899+0000] {task_command.py:426} INFO - Running <TaskInstance: coinpaprika_public_loader.fetch_data scheduled__2025-12-29T21:00:00+00:00 [running]> on host dfe135f03033
[2026-01-14T07:59:22.105+0000] {taskinstance.py:2648} INFO - Exporting env vars: AIRFLOW_CTX_DAG_OWNER='airflow' AIRFLOW_CTX_DAG_ID='coinpaprika_public_loader' AIRFLOW_CTX_TASK_ID='fetch_data' AIRFLOW_CTX_EXECUTION_DATE='2025-12-29T21:00:00+00:00' AIRFLOW_CTX_TRY_NUMBER='3' AIRFLOW_CTX_DAG_RUN_ID='scheduled__2025-12-29T21:00:00+00:00'
[2026-01-14T07:59:22.108+0000] {taskinstance.py:430} INFO - ::endgroup::
[2026-01-14T07:59:22.411+0000] {taskinstance.py:441} INFO - ::group::Post task execution logs
[2026-01-14T07:59:22.413+0000] {taskinstance.py:2905} ERROR - Task failed with exception
Traceback (most recent call last):
  File "/home/airflow/.local/lib/python3.12/site-packages/airflow/models/taskinstance.py", line 465, in _execute_task
    result = _execute_callable(context=context, **execute_callable_kwargs)
             ^^^^^^^^^^^^^^^^^^^^^^^^^^^^^^^^^^^^^^^^^^^^^^^^^^^^^^^^^^^^^
  File "/home/airflow/.local/lib/python3.12/site-packages/airflow/models/taskinstance.py", line 432, in _execute_callable
    return execute_callable(context=context, **execute_callable_kwargs)
           ^^^^^^^^^^^^^^^^^^^^^^^^^^^^^^^^^^^^^^^^^^^^^^^^^^^^^^^^^^^^
  File "/home/airflow/.local/lib/python3.12/site-packages/airflow/models/baseoperator.py", line 400, in wrapper
    return func(self, *args, **kwargs)
           ^^^^^^^^^^^^^^^^^^^^^^^^^^^
  File "/home/airflow/.local/lib/python3.12/site-packages/airflow/operators/python.py", line 235, in execute
    return_value = self.execute_callable()
                   ^^^^^^^^^^^^^^^^^^^^^^^
  File "/home/airflow/.local/lib/python3.12/site-packages/airflow/operators/python.py", line 252, in execute_callable
    return self.python_callable(*self.op_args, **self.op_kwargs)
           ^^^^^^^^^^^^^^^^^^^^^^^^^^^^^^^^^^^^^^^^^^^^^^^^^^^^^
  File "/opt/airflow/dags/dags.py", line 41, in fetch_coin_data
    "ath_price": data['ath_price'],
                 ~~~~^^^^^^^^^^^^^
KeyError: 'ath_price'
[2026-01-14T07:59:22.443+0000] {taskinstance.py:1206} INFO - Marking task as FAILED. dag_id=coinpaprika_public_loader, task_id=fetch_data, run_id=scheduled__2025-12-29T21:00:00+00:00, execution_date=20251229T210000, start_date=20260114T075921, end_date=20260114T075922
[2026-01-14T07:59:22.477+0000] {standard_task_runner.py:110} ERROR - Failed to execute job 228 for task fetch_data ('ath_price'; 720)
[2026-01-14T07:59:22.539+0000] {local_task_job_runner.py:240} INFO - Task exited with return code 1
[2026-01-14T07:59:22.589+0000] {taskinstance.py:3498} INFO - 0 downstream tasks scheduled from follow-on schedule check
[2026-01-14T07:59:22.600+0000] {local_task_job_runner.py:222} INFO - ::endgroup::
