[2025-12-29T13:31:52.780+0000] {local_task_job_runner.py:120} INFO - ::group::Pre task execution logs
[2025-12-29T13:31:52.855+0000] {taskinstance.py:2076} INFO - Dependencies all met for dep_context=non-requeueable deps ti=<TaskInstance: coinpaprika_public_loader.fetch_data scheduled__2025-12-21T23:00:00+00:00 [queued]>
[2025-12-29T13:31:52.875+0000] {taskinstance.py:2076} INFO - Dependencies all met for dep_context=requeueable deps ti=<TaskInstance: coinpaprika_public_loader.fetch_data scheduled__2025-12-21T23:00:00+00:00 [queued]>
[2025-12-29T13:31:52.876+0000] {taskinstance.py:2306} INFO - Starting attempt 3 of 3
[2025-12-29T13:31:52.909+0000] {taskinstance.py:2330} INFO - Executing <Task(PythonOperator): fetch_data> on 2025-12-21 23:00:00+00:00
[2025-12-29T13:31:52.931+0000] {standard_task_runner.py:90} INFO - Running: ['airflow', 'tasks', 'run', 'coinpaprika_public_loader', 'fetch_data', 'scheduled__2025-12-21T23:00:00+00:00', '--job-id', '131', '--raw', '--subdir', 'DAGS_FOLDER/dags.py', '--cfg-path', '/tmp/tmp05bao24l']
[2025-12-29T13:31:52.934+0000] {logging_mixin.py:188} WARNING - /home/airflow/.local/lib/python3.12/site-packages/airflow/task/task_runner/standard_task_runner.py:61 DeprecationWarning: This process (pid=11505) is multi-threaded, use of fork() may lead to deadlocks in the child.
[2025-12-29T13:31:52.937+0000] {standard_task_runner.py:63} INFO - Started process 11559 to run task
[2025-12-29T13:31:52.936+0000] {standard_task_runner.py:91} INFO - Job 131: Subtask fetch_data
[2025-12-29T13:31:53.078+0000] {task_command.py:426} INFO - Running <TaskInstance: coinpaprika_public_loader.fetch_data scheduled__2025-12-21T23:00:00+00:00 [running]> on host 6368584f9f19
[2025-12-29T13:31:53.569+0000] {taskinstance.py:2648} INFO - Exporting env vars: AIRFLOW_CTX_DAG_OWNER='airflow' AIRFLOW_CTX_DAG_ID='coinpaprika_public_loader' AIRFLOW_CTX_TASK_ID='fetch_data' AIRFLOW_CTX_EXECUTION_DATE='2025-12-21T23:00:00+00:00' AIRFLOW_CTX_TRY_NUMBER='3' AIRFLOW_CTX_DAG_RUN_ID='scheduled__2025-12-21T23:00:00+00:00'
[2025-12-29T13:31:53.574+0000] {taskinstance.py:430} INFO - ::endgroup::
[2025-12-29T13:31:53.920+0000] {taskinstance.py:441} INFO - ::group::Post task execution logs
[2025-12-29T13:31:53.921+0000] {taskinstance.py:2905} ERROR - Task failed with exception
Traceback (most recent call last):
  File "/home/airflow/.local/lib/python3.12/site-packages/airflow/models/taskinstance.py", line 465, in _execute_task
    result = _execute_callable(context=context, **execute_callable_kwargs)
             ^^^^^^^^^^^^^^^^^^^^^^^^^^^^^^^^^^^^^^^^^^^^^^^^^^^^^^^^^^^^^
  File "/home/airflow/.local/lib/python3.12/site-packages/airflow/models/taskinstance.py", line 432, in _execute_callable
    return execute_callable(context=context, **execute_callable_kwargs)
           ^^^^^^^^^^^^^^^^^^^^^^^^^^^^^^^^^^^^^^^^^^^^^^^^^^^^^^^^^^^^
  File "/home/airflow/.local/lib/python3.12/site-packages/airflow/models/baseoperator.py", line 400, in wrapper
    return func(self, *args, **kwargs)
           ^^^^^^^^^^^^^^^^^^^^^^^^^^^
  File "/home/airflow/.local/lib/python3.12/site-packages/airflow/operators/python.py", line 235, in execute
    return_value = self.execute_callable()
                   ^^^^^^^^^^^^^^^^^^^^^^^
  File "/home/airflow/.local/lib/python3.12/site-packages/airflow/operators/python.py", line 252, in execute_callable
    return self.python_callable(*self.op_args, **self.op_kwargs)
           ^^^^^^^^^^^^^^^^^^^^^^^^^^^^^^^^^^^^^^^^^^^^^^^^^^^^^
  File "/opt/airflow/dags/dags.py", line 41, in fetch_coin_data
    "ath_price": data['ath_price'],
                 ~~~~^^^^^^^^^^^^^
KeyError: 'ath_price'
[2025-12-29T13:31:53.955+0000] {taskinstance.py:1206} INFO - Marking task as FAILED. dag_id=coinpaprika_public_loader, task_id=fetch_data, run_id=scheduled__2025-12-21T23:00:00+00:00, execution_date=20251221T230000, start_date=20251229T133152, end_date=20251229T133153
[2025-12-29T13:31:53.985+0000] {standard_task_runner.py:110} ERROR - Failed to execute job 131 for task fetch_data ('ath_price'; 11559)
[2025-12-29T13:31:54.041+0000] {local_task_job_runner.py:240} INFO - Task exited with return code 1
[2025-12-29T13:31:54.066+0000] {local_task_job_runner.py:222} INFO - ::endgroup::
