[2025-12-29T13:10:06.016+0000] {processor.py:161} INFO - Started process (PID=172) to work on /opt/airflow/dags/dags.py
[2025-12-29T13:10:06.018+0000] {processor.py:830} INFO - Processing file /opt/airflow/dags/dags.py for tasks to queue
[2025-12-29T13:10:06.021+0000] {logging_mixin.py:188} INFO - [2025-12-29T13:10:06.020+0000] {dagbag.py:545} INFO - Filling up the DagBag from /opt/airflow/dags/dags.py
[2025-12-29T13:10:06.053+0000] {processor.py:840} INFO - DAG(s) 'coinpaprika_public_loader' retrieved from /opt/airflow/dags/dags.py
[2025-12-29T13:10:06.141+0000] {logging_mixin.py:188} INFO - [2025-12-29T13:10:06.141+0000] {dag.py:3096} INFO - Sync 1 DAGs
[2025-12-29T13:10:06.178+0000] {logging_mixin.py:188} INFO - [2025-12-29T13:10:06.178+0000] {dag.py:3954} INFO - Setting next_dagrun for coinpaprika_public_loader to 2025-12-21 14:00:00+00:00, run_after=2025-12-21 15:00:00+00:00
[2025-12-29T13:10:06.209+0000] {processor.py:183} INFO - Processing /opt/airflow/dags/dags.py took 0.200 seconds
[2025-12-29T13:10:36.473+0000] {processor.py:161} INFO - Started process (PID=433) to work on /opt/airflow/dags/dags.py
[2025-12-29T13:10:36.474+0000] {processor.py:830} INFO - Processing file /opt/airflow/dags/dags.py for tasks to queue
[2025-12-29T13:10:36.477+0000] {logging_mixin.py:188} INFO - [2025-12-29T13:10:36.477+0000] {dagbag.py:545} INFO - Filling up the DagBag from /opt/airflow/dags/dags.py
[2025-12-29T13:10:36.503+0000] {processor.py:840} INFO - DAG(s) 'coinpaprika_public_loader' retrieved from /opt/airflow/dags/dags.py
[2025-12-29T13:10:36.536+0000] {logging_mixin.py:188} INFO - [2025-12-29T13:10:36.536+0000] {dag.py:3096} INFO - Sync 1 DAGs
[2025-12-29T13:10:36.577+0000] {logging_mixin.py:188} INFO - [2025-12-29T13:10:36.577+0000] {dag.py:3954} INFO - Setting next_dagrun for coinpaprika_public_loader to 2025-12-21 14:00:00+00:00, run_after=2025-12-21 15:00:00+00:00
[2025-12-29T13:10:36.607+0000] {processor.py:183} INFO - Processing /opt/airflow/dags/dags.py took 0.147 seconds
[2025-12-29T13:11:06.790+0000] {processor.py:161} INFO - Started process (PID=694) to work on /opt/airflow/dags/dags.py
[2025-12-29T13:11:06.792+0000] {processor.py:830} INFO - Processing file /opt/airflow/dags/dags.py for tasks to queue
[2025-12-29T13:11:06.796+0000] {logging_mixin.py:188} INFO - [2025-12-29T13:11:06.795+0000] {dagbag.py:545} INFO - Filling up the DagBag from /opt/airflow/dags/dags.py
[2025-12-29T13:11:06.829+0000] {processor.py:840} INFO - DAG(s) 'coinpaprika_public_loader' retrieved from /opt/airflow/dags/dags.py
[2025-12-29T13:11:06.885+0000] {logging_mixin.py:188} INFO - [2025-12-29T13:11:06.884+0000] {dag.py:3096} INFO - Sync 1 DAGs
[2025-12-29T13:11:06.927+0000] {logging_mixin.py:188} INFO - [2025-12-29T13:11:06.926+0000] {dag.py:3954} INFO - Setting next_dagrun for coinpaprika_public_loader to 2025-12-21 14:00:00+00:00, run_after=2025-12-21 15:00:00+00:00
[2025-12-29T13:11:06.964+0000] {processor.py:183} INFO - Processing /opt/airflow/dags/dags.py took 0.189 seconds
[2025-12-29T13:11:37.348+0000] {processor.py:161} INFO - Started process (PID=955) to work on /opt/airflow/dags/dags.py
[2025-12-29T13:11:37.350+0000] {processor.py:830} INFO - Processing file /opt/airflow/dags/dags.py for tasks to queue
[2025-12-29T13:11:37.353+0000] {logging_mixin.py:188} INFO - [2025-12-29T13:11:37.353+0000] {dagbag.py:545} INFO - Filling up the DagBag from /opt/airflow/dags/dags.py
[2025-12-29T13:11:37.391+0000] {processor.py:840} INFO - DAG(s) 'coinpaprika_public_loader' retrieved from /opt/airflow/dags/dags.py
[2025-12-29T13:11:37.432+0000] {logging_mixin.py:188} INFO - [2025-12-29T13:11:37.431+0000] {dag.py:3096} INFO - Sync 1 DAGs
[2025-12-29T13:11:37.474+0000] {logging_mixin.py:188} INFO - [2025-12-29T13:11:37.474+0000] {dag.py:3954} INFO - Setting next_dagrun for coinpaprika_public_loader to 2025-12-21 14:00:00+00:00, run_after=2025-12-21 15:00:00+00:00
[2025-12-29T13:11:37.510+0000] {processor.py:183} INFO - Processing /opt/airflow/dags/dags.py took 0.171 seconds
[2025-12-29T13:12:07.605+0000] {processor.py:161} INFO - Started process (PID=1216) to work on /opt/airflow/dags/dags.py
[2025-12-29T13:12:07.606+0000] {processor.py:830} INFO - Processing file /opt/airflow/dags/dags.py for tasks to queue
[2025-12-29T13:12:07.613+0000] {logging_mixin.py:188} INFO - [2025-12-29T13:12:07.613+0000] {dagbag.py:545} INFO - Filling up the DagBag from /opt/airflow/dags/dags.py
[2025-12-29T13:12:07.656+0000] {processor.py:840} INFO - DAG(s) 'coinpaprika_public_loader' retrieved from /opt/airflow/dags/dags.py
[2025-12-29T13:12:07.694+0000] {logging_mixin.py:188} INFO - [2025-12-29T13:12:07.693+0000] {dag.py:3096} INFO - Sync 1 DAGs
[2025-12-29T13:12:07.736+0000] {logging_mixin.py:188} INFO - [2025-12-29T13:12:07.735+0000] {dag.py:3954} INFO - Setting next_dagrun for coinpaprika_public_loader to 2025-12-21 14:00:00+00:00, run_after=2025-12-21 15:00:00+00:00
[2025-12-29T13:12:07.771+0000] {processor.py:183} INFO - Processing /opt/airflow/dags/dags.py took 0.179 seconds
[2025-12-29T13:12:38.105+0000] {processor.py:161} INFO - Started process (PID=1477) to work on /opt/airflow/dags/dags.py
[2025-12-29T13:12:38.107+0000] {processor.py:830} INFO - Processing file /opt/airflow/dags/dags.py for tasks to queue
[2025-12-29T13:12:38.110+0000] {logging_mixin.py:188} INFO - [2025-12-29T13:12:38.109+0000] {dagbag.py:545} INFO - Filling up the DagBag from /opt/airflow/dags/dags.py
[2025-12-29T13:12:38.146+0000] {processor.py:840} INFO - DAG(s) 'coinpaprika_public_loader' retrieved from /opt/airflow/dags/dags.py
[2025-12-29T13:12:38.184+0000] {logging_mixin.py:188} INFO - [2025-12-29T13:12:38.184+0000] {dag.py:3096} INFO - Sync 1 DAGs
[2025-12-29T13:12:38.228+0000] {logging_mixin.py:188} INFO - [2025-12-29T13:12:38.227+0000] {dag.py:3954} INFO - Setting next_dagrun for coinpaprika_public_loader to 2025-12-21 14:00:00+00:00, run_after=2025-12-21 15:00:00+00:00
[2025-12-29T13:12:38.267+0000] {processor.py:183} INFO - Processing /opt/airflow/dags/dags.py took 0.172 seconds
[2025-12-29T13:13:08.771+0000] {processor.py:161} INFO - Started process (PID=1738) to work on /opt/airflow/dags/dags.py
[2025-12-29T13:13:08.773+0000] {processor.py:830} INFO - Processing file /opt/airflow/dags/dags.py for tasks to queue
[2025-12-29T13:13:08.776+0000] {logging_mixin.py:188} INFO - [2025-12-29T13:13:08.776+0000] {dagbag.py:545} INFO - Filling up the DagBag from /opt/airflow/dags/dags.py
[2025-12-29T13:13:08.816+0000] {processor.py:840} INFO - DAG(s) 'coinpaprika_public_loader' retrieved from /opt/airflow/dags/dags.py
[2025-12-29T13:13:08.856+0000] {logging_mixin.py:188} INFO - [2025-12-29T13:13:08.855+0000] {dag.py:3096} INFO - Sync 1 DAGs
[2025-12-29T13:13:08.898+0000] {logging_mixin.py:188} INFO - [2025-12-29T13:13:08.898+0000] {dag.py:3954} INFO - Setting next_dagrun for coinpaprika_public_loader to 2025-12-21 14:00:00+00:00, run_after=2025-12-21 15:00:00+00:00
[2025-12-29T13:13:08.934+0000] {processor.py:183} INFO - Processing /opt/airflow/dags/dags.py took 0.174 seconds
[2025-12-29T13:13:39.317+0000] {processor.py:161} INFO - Started process (PID=1999) to work on /opt/airflow/dags/dags.py
[2025-12-29T13:13:39.318+0000] {processor.py:830} INFO - Processing file /opt/airflow/dags/dags.py for tasks to queue
[2025-12-29T13:13:39.320+0000] {logging_mixin.py:188} INFO - [2025-12-29T13:13:39.320+0000] {dagbag.py:545} INFO - Filling up the DagBag from /opt/airflow/dags/dags.py
[2025-12-29T13:13:39.350+0000] {processor.py:840} INFO - DAG(s) 'coinpaprika_public_loader' retrieved from /opt/airflow/dags/dags.py
[2025-12-29T13:13:39.386+0000] {logging_mixin.py:188} INFO - [2025-12-29T13:13:39.386+0000] {dag.py:3096} INFO - Sync 1 DAGs
[2025-12-29T13:13:39.427+0000] {logging_mixin.py:188} INFO - [2025-12-29T13:13:39.426+0000] {dag.py:3954} INFO - Setting next_dagrun for coinpaprika_public_loader to 2025-12-21 14:00:00+00:00, run_after=2025-12-21 15:00:00+00:00
[2025-12-29T13:13:39.459+0000] {processor.py:183} INFO - Processing /opt/airflow/dags/dags.py took 0.151 seconds
[2025-12-29T13:14:10.070+0000] {processor.py:161} INFO - Started process (PID=2260) to work on /opt/airflow/dags/dags.py
[2025-12-29T13:14:10.071+0000] {processor.py:830} INFO - Processing file /opt/airflow/dags/dags.py for tasks to queue
[2025-12-29T13:14:10.074+0000] {logging_mixin.py:188} INFO - [2025-12-29T13:14:10.074+0000] {dagbag.py:545} INFO - Filling up the DagBag from /opt/airflow/dags/dags.py
[2025-12-29T13:14:10.107+0000] {processor.py:840} INFO - DAG(s) 'coinpaprika_public_loader' retrieved from /opt/airflow/dags/dags.py
[2025-12-29T13:14:10.140+0000] {logging_mixin.py:188} INFO - [2025-12-29T13:14:10.140+0000] {dag.py:3096} INFO - Sync 1 DAGs
[2025-12-29T13:14:10.177+0000] {logging_mixin.py:188} INFO - [2025-12-29T13:14:10.177+0000] {dag.py:3954} INFO - Setting next_dagrun for coinpaprika_public_loader to 2025-12-21 14:00:00+00:00, run_after=2025-12-21 15:00:00+00:00
[2025-12-29T13:14:10.212+0000] {processor.py:183} INFO - Processing /opt/airflow/dags/dags.py took 0.153 seconds
[2025-12-29T13:14:40.383+0000] {processor.py:161} INFO - Started process (PID=2521) to work on /opt/airflow/dags/dags.py
[2025-12-29T13:14:40.385+0000] {processor.py:830} INFO - Processing file /opt/airflow/dags/dags.py for tasks to queue
[2025-12-29T13:14:40.388+0000] {logging_mixin.py:188} INFO - [2025-12-29T13:14:40.388+0000] {dagbag.py:545} INFO - Filling up the DagBag from /opt/airflow/dags/dags.py
[2025-12-29T13:14:40.424+0000] {processor.py:840} INFO - DAG(s) 'coinpaprika_public_loader' retrieved from /opt/airflow/dags/dags.py
[2025-12-29T13:14:40.460+0000] {logging_mixin.py:188} INFO - [2025-12-29T13:14:40.459+0000] {dag.py:3096} INFO - Sync 1 DAGs
[2025-12-29T13:14:40.506+0000] {logging_mixin.py:188} INFO - [2025-12-29T13:14:40.506+0000] {dag.py:3954} INFO - Setting next_dagrun for coinpaprika_public_loader to 2025-12-21 14:00:00+00:00, run_after=2025-12-21 15:00:00+00:00
[2025-12-29T13:14:40.544+0000] {processor.py:183} INFO - Processing /opt/airflow/dags/dags.py took 0.170 seconds
[2025-12-29T13:15:11.138+0000] {processor.py:161} INFO - Started process (PID=2782) to work on /opt/airflow/dags/dags.py
[2025-12-29T13:15:11.140+0000] {processor.py:830} INFO - Processing file /opt/airflow/dags/dags.py for tasks to queue
[2025-12-29T13:15:11.143+0000] {logging_mixin.py:188} INFO - [2025-12-29T13:15:11.143+0000] {dagbag.py:545} INFO - Filling up the DagBag from /opt/airflow/dags/dags.py
[2025-12-29T13:15:11.186+0000] {processor.py:840} INFO - DAG(s) 'coinpaprika_public_loader' retrieved from /opt/airflow/dags/dags.py
[2025-12-29T13:15:11.229+0000] {logging_mixin.py:188} INFO - [2025-12-29T13:15:11.228+0000] {dag.py:3096} INFO - Sync 1 DAGs
[2025-12-29T13:15:11.285+0000] {logging_mixin.py:188} INFO - [2025-12-29T13:15:11.285+0000] {dag.py:3954} INFO - Setting next_dagrun for coinpaprika_public_loader to 2025-12-21 14:00:00+00:00, run_after=2025-12-21 15:00:00+00:00
[2025-12-29T13:15:11.329+0000] {processor.py:183} INFO - Processing /opt/airflow/dags/dags.py took 0.203 seconds
[2025-12-29T13:15:42.278+0000] {processor.py:161} INFO - Started process (PID=3043) to work on /opt/airflow/dags/dags.py
[2025-12-29T13:15:42.281+0000] {processor.py:830} INFO - Processing file /opt/airflow/dags/dags.py for tasks to queue
[2025-12-29T13:15:42.286+0000] {logging_mixin.py:188} INFO - [2025-12-29T13:15:42.286+0000] {dagbag.py:545} INFO - Filling up the DagBag from /opt/airflow/dags/dags.py
[2025-12-29T13:15:42.339+0000] {processor.py:840} INFO - DAG(s) 'coinpaprika_public_loader' retrieved from /opt/airflow/dags/dags.py
[2025-12-29T13:15:42.392+0000] {logging_mixin.py:188} INFO - [2025-12-29T13:15:42.391+0000] {dag.py:3096} INFO - Sync 1 DAGs
[2025-12-29T13:15:42.468+0000] {logging_mixin.py:188} INFO - [2025-12-29T13:15:42.467+0000] {dag.py:3954} INFO - Setting next_dagrun for coinpaprika_public_loader to 2025-12-21 14:00:00+00:00, run_after=2025-12-21 15:00:00+00:00
[2025-12-29T13:15:42.537+0000] {processor.py:183} INFO - Processing /opt/airflow/dags/dags.py took 0.283 seconds
[2025-12-29T13:16:13.350+0000] {processor.py:161} INFO - Started process (PID=3304) to work on /opt/airflow/dags/dags.py
[2025-12-29T13:16:13.352+0000] {processor.py:830} INFO - Processing file /opt/airflow/dags/dags.py for tasks to queue
[2025-12-29T13:16:13.356+0000] {logging_mixin.py:188} INFO - [2025-12-29T13:16:13.355+0000] {dagbag.py:545} INFO - Filling up the DagBag from /opt/airflow/dags/dags.py
[2025-12-29T13:16:13.404+0000] {processor.py:840} INFO - DAG(s) 'coinpaprika_public_loader' retrieved from /opt/airflow/dags/dags.py
[2025-12-29T13:16:13.447+0000] {logging_mixin.py:188} INFO - [2025-12-29T13:16:13.446+0000] {dag.py:3096} INFO - Sync 1 DAGs
[2025-12-29T13:16:13.496+0000] {logging_mixin.py:188} INFO - [2025-12-29T13:16:13.496+0000] {dag.py:3954} INFO - Setting next_dagrun for coinpaprika_public_loader to 2025-12-21 14:00:00+00:00, run_after=2025-12-21 15:00:00+00:00
[2025-12-29T13:16:13.544+0000] {processor.py:183} INFO - Processing /opt/airflow/dags/dags.py took 0.208 seconds
[2025-12-29T13:16:43.765+0000] {processor.py:161} INFO - Started process (PID=3565) to work on /opt/airflow/dags/dags.py
[2025-12-29T13:16:43.767+0000] {processor.py:830} INFO - Processing file /opt/airflow/dags/dags.py for tasks to queue
[2025-12-29T13:16:43.771+0000] {logging_mixin.py:188} INFO - [2025-12-29T13:16:43.771+0000] {dagbag.py:545} INFO - Filling up the DagBag from /opt/airflow/dags/dags.py
[2025-12-29T13:16:43.826+0000] {processor.py:840} INFO - DAG(s) 'coinpaprika_public_loader' retrieved from /opt/airflow/dags/dags.py
[2025-12-29T13:16:43.874+0000] {logging_mixin.py:188} INFO - [2025-12-29T13:16:43.874+0000] {dag.py:3096} INFO - Sync 1 DAGs
[2025-12-29T13:16:43.930+0000] {logging_mixin.py:188} INFO - [2025-12-29T13:16:43.929+0000] {dag.py:3954} INFO - Setting next_dagrun for coinpaprika_public_loader to 2025-12-21 14:00:00+00:00, run_after=2025-12-21 15:00:00+00:00
[2025-12-29T13:16:43.982+0000] {processor.py:183} INFO - Processing /opt/airflow/dags/dags.py took 0.230 seconds
[2025-12-29T13:17:14.090+0000] {processor.py:161} INFO - Started process (PID=3826) to work on /opt/airflow/dags/dags.py
[2025-12-29T13:17:14.092+0000] {processor.py:830} INFO - Processing file /opt/airflow/dags/dags.py for tasks to queue
[2025-12-29T13:17:14.096+0000] {logging_mixin.py:188} INFO - [2025-12-29T13:17:14.095+0000] {dagbag.py:545} INFO - Filling up the DagBag from /opt/airflow/dags/dags.py
[2025-12-29T13:17:14.137+0000] {processor.py:840} INFO - DAG(s) 'coinpaprika_public_loader' retrieved from /opt/airflow/dags/dags.py
[2025-12-29T13:17:14.184+0000] {logging_mixin.py:188} INFO - [2025-12-29T13:17:14.183+0000] {dag.py:3096} INFO - Sync 1 DAGs
[2025-12-29T13:17:14.230+0000] {logging_mixin.py:188} INFO - [2025-12-29T13:17:14.230+0000] {dag.py:3954} INFO - Setting next_dagrun for coinpaprika_public_loader to 2025-12-21 14:00:00+00:00, run_after=2025-12-21 15:00:00+00:00
[2025-12-29T13:17:14.275+0000] {processor.py:183} INFO - Processing /opt/airflow/dags/dags.py took 0.196 seconds
[2025-12-29T13:17:44.710+0000] {processor.py:161} INFO - Started process (PID=4087) to work on /opt/airflow/dags/dags.py
[2025-12-29T13:17:44.712+0000] {processor.py:830} INFO - Processing file /opt/airflow/dags/dags.py for tasks to queue
[2025-12-29T13:17:44.716+0000] {logging_mixin.py:188} INFO - [2025-12-29T13:17:44.715+0000] {dagbag.py:545} INFO - Filling up the DagBag from /opt/airflow/dags/dags.py
[2025-12-29T13:17:44.781+0000] {processor.py:840} INFO - DAG(s) 'coinpaprika_public_loader' retrieved from /opt/airflow/dags/dags.py
[2025-12-29T13:17:44.834+0000] {logging_mixin.py:188} INFO - [2025-12-29T13:17:44.833+0000] {dag.py:3096} INFO - Sync 1 DAGs
[2025-12-29T13:17:44.898+0000] {logging_mixin.py:188} INFO - [2025-12-29T13:17:44.897+0000] {dag.py:3954} INFO - Setting next_dagrun for coinpaprika_public_loader to 2025-12-21 14:00:00+00:00, run_after=2025-12-21 15:00:00+00:00
[2025-12-29T13:17:44.948+0000] {processor.py:183} INFO - Processing /opt/airflow/dags/dags.py took 0.251 seconds
[2025-12-29T13:18:15.203+0000] {processor.py:161} INFO - Started process (PID=4348) to work on /opt/airflow/dags/dags.py
[2025-12-29T13:18:15.206+0000] {processor.py:830} INFO - Processing file /opt/airflow/dags/dags.py for tasks to queue
[2025-12-29T13:18:15.212+0000] {logging_mixin.py:188} INFO - [2025-12-29T13:18:15.211+0000] {dagbag.py:545} INFO - Filling up the DagBag from /opt/airflow/dags/dags.py
[2025-12-29T13:18:15.283+0000] {processor.py:840} INFO - DAG(s) 'coinpaprika_public_loader' retrieved from /opt/airflow/dags/dags.py
[2025-12-29T13:18:15.322+0000] {logging_mixin.py:188} INFO - [2025-12-29T13:18:15.321+0000] {dag.py:3096} INFO - Sync 1 DAGs
[2025-12-29T13:18:15.368+0000] {logging_mixin.py:188} INFO - [2025-12-29T13:18:15.367+0000] {dag.py:3954} INFO - Setting next_dagrun for coinpaprika_public_loader to 2025-12-21 14:00:00+00:00, run_after=2025-12-21 15:00:00+00:00
[2025-12-29T13:18:15.409+0000] {processor.py:183} INFO - Processing /opt/airflow/dags/dags.py took 0.229 seconds
[2025-12-29T13:18:46.421+0000] {processor.py:161} INFO - Started process (PID=4609) to work on /opt/airflow/dags/dags.py
[2025-12-29T13:18:46.424+0000] {processor.py:830} INFO - Processing file /opt/airflow/dags/dags.py for tasks to queue
[2025-12-29T13:18:46.428+0000] {logging_mixin.py:188} INFO - [2025-12-29T13:18:46.427+0000] {dagbag.py:545} INFO - Filling up the DagBag from /opt/airflow/dags/dags.py
[2025-12-29T13:18:46.479+0000] {processor.py:840} INFO - DAG(s) 'coinpaprika_public_loader' retrieved from /opt/airflow/dags/dags.py
[2025-12-29T13:18:46.529+0000] {logging_mixin.py:188} INFO - [2025-12-29T13:18:46.529+0000] {dag.py:3096} INFO - Sync 1 DAGs
[2025-12-29T13:18:46.583+0000] {logging_mixin.py:188} INFO - [2025-12-29T13:18:46.583+0000] {dag.py:3954} INFO - Setting next_dagrun for coinpaprika_public_loader to 2025-12-21 14:00:00+00:00, run_after=2025-12-21 15:00:00+00:00
[2025-12-29T13:18:46.632+0000] {processor.py:183} INFO - Processing /opt/airflow/dags/dags.py took 0.224 seconds
[2025-12-29T13:19:16.790+0000] {processor.py:161} INFO - Started process (PID=4870) to work on /opt/airflow/dags/dags.py
[2025-12-29T13:19:16.792+0000] {processor.py:830} INFO - Processing file /opt/airflow/dags/dags.py for tasks to queue
[2025-12-29T13:19:16.796+0000] {logging_mixin.py:188} INFO - [2025-12-29T13:19:16.795+0000] {dagbag.py:545} INFO - Filling up the DagBag from /opt/airflow/dags/dags.py
[2025-12-29T13:19:16.847+0000] {processor.py:840} INFO - DAG(s) 'coinpaprika_public_loader' retrieved from /opt/airflow/dags/dags.py
[2025-12-29T13:19:16.908+0000] {logging_mixin.py:188} INFO - [2025-12-29T13:19:16.907+0000] {dag.py:3096} INFO - Sync 1 DAGs
[2025-12-29T13:19:17.014+0000] {logging_mixin.py:188} INFO - [2025-12-29T13:19:17.013+0000] {dag.py:3954} INFO - Setting next_dagrun for coinpaprika_public_loader to 2025-12-21 14:00:00+00:00, run_after=2025-12-21 15:00:00+00:00
[2025-12-29T13:19:17.075+0000] {processor.py:183} INFO - Processing /opt/airflow/dags/dags.py took 0.298 seconds
[2025-12-29T13:19:47.179+0000] {processor.py:161} INFO - Started process (PID=5131) to work on /opt/airflow/dags/dags.py
[2025-12-29T13:19:47.181+0000] {processor.py:830} INFO - Processing file /opt/airflow/dags/dags.py for tasks to queue
[2025-12-29T13:19:47.185+0000] {logging_mixin.py:188} INFO - [2025-12-29T13:19:47.184+0000] {dagbag.py:545} INFO - Filling up the DagBag from /opt/airflow/dags/dags.py
[2025-12-29T13:19:47.232+0000] {processor.py:840} INFO - DAG(s) 'coinpaprika_public_loader' retrieved from /opt/airflow/dags/dags.py
[2025-12-29T13:19:47.282+0000] {logging_mixin.py:188} INFO - [2025-12-29T13:19:47.281+0000] {dag.py:3096} INFO - Sync 1 DAGs
[2025-12-29T13:19:47.342+0000] {logging_mixin.py:188} INFO - [2025-12-29T13:19:47.342+0000] {dag.py:3954} INFO - Setting next_dagrun for coinpaprika_public_loader to 2025-12-21 14:00:00+00:00, run_after=2025-12-21 15:00:00+00:00
[2025-12-29T13:19:47.387+0000] {processor.py:183} INFO - Processing /opt/airflow/dags/dags.py took 0.220 seconds
[2025-12-29T13:20:18.241+0000] {processor.py:161} INFO - Started process (PID=5392) to work on /opt/airflow/dags/dags.py
[2025-12-29T13:20:18.243+0000] {processor.py:830} INFO - Processing file /opt/airflow/dags/dags.py for tasks to queue
[2025-12-29T13:20:18.248+0000] {logging_mixin.py:188} INFO - [2025-12-29T13:20:18.247+0000] {dagbag.py:545} INFO - Filling up the DagBag from /opt/airflow/dags/dags.py
[2025-12-29T13:20:18.289+0000] {processor.py:840} INFO - DAG(s) 'coinpaprika_public_loader' retrieved from /opt/airflow/dags/dags.py
[2025-12-29T13:20:18.347+0000] {logging_mixin.py:188} INFO - [2025-12-29T13:20:18.347+0000] {dag.py:3096} INFO - Sync 1 DAGs
[2025-12-29T13:20:18.417+0000] {logging_mixin.py:188} INFO - [2025-12-29T13:20:18.417+0000] {dag.py:3954} INFO - Setting next_dagrun for coinpaprika_public_loader to 2025-12-21 14:00:00+00:00, run_after=2025-12-21 15:00:00+00:00
[2025-12-29T13:20:18.469+0000] {processor.py:183} INFO - Processing /opt/airflow/dags/dags.py took 0.242 seconds
[2025-12-29T13:20:48.696+0000] {processor.py:161} INFO - Started process (PID=5653) to work on /opt/airflow/dags/dags.py
[2025-12-29T13:20:48.698+0000] {processor.py:830} INFO - Processing file /opt/airflow/dags/dags.py for tasks to queue
[2025-12-29T13:20:48.702+0000] {logging_mixin.py:188} INFO - [2025-12-29T13:20:48.701+0000] {dagbag.py:545} INFO - Filling up the DagBag from /opt/airflow/dags/dags.py
[2025-12-29T13:20:48.750+0000] {processor.py:840} INFO - DAG(s) 'coinpaprika_public_loader' retrieved from /opt/airflow/dags/dags.py
[2025-12-29T13:20:48.800+0000] {logging_mixin.py:188} INFO - [2025-12-29T13:20:48.800+0000] {dag.py:3096} INFO - Sync 1 DAGs
[2025-12-29T13:20:48.861+0000] {logging_mixin.py:188} INFO - [2025-12-29T13:20:48.861+0000] {dag.py:3954} INFO - Setting next_dagrun for coinpaprika_public_loader to 2025-12-21 14:00:00+00:00, run_after=2025-12-21 15:00:00+00:00
[2025-12-29T13:20:48.907+0000] {processor.py:183} INFO - Processing /opt/airflow/dags/dags.py took 0.222 seconds
[2025-12-29T13:21:19.078+0000] {processor.py:161} INFO - Started process (PID=5914) to work on /opt/airflow/dags/dags.py
[2025-12-29T13:21:19.080+0000] {processor.py:830} INFO - Processing file /opt/airflow/dags/dags.py for tasks to queue
[2025-12-29T13:21:19.085+0000] {logging_mixin.py:188} INFO - [2025-12-29T13:21:19.085+0000] {dagbag.py:545} INFO - Filling up the DagBag from /opt/airflow/dags/dags.py
[2025-12-29T13:21:19.129+0000] {processor.py:840} INFO - DAG(s) 'coinpaprika_public_loader' retrieved from /opt/airflow/dags/dags.py
[2025-12-29T13:21:19.172+0000] {logging_mixin.py:188} INFO - [2025-12-29T13:21:19.172+0000] {dag.py:3096} INFO - Sync 1 DAGs
[2025-12-29T13:21:19.223+0000] {logging_mixin.py:188} INFO - [2025-12-29T13:21:19.222+0000] {dag.py:3954} INFO - Setting next_dagrun for coinpaprika_public_loader to 2025-12-21 14:00:00+00:00, run_after=2025-12-21 15:00:00+00:00
[2025-12-29T13:21:19.266+0000] {processor.py:183} INFO - Processing /opt/airflow/dags/dags.py took 0.204 seconds
[2025-12-29T13:21:50.257+0000] {processor.py:161} INFO - Started process (PID=6175) to work on /opt/airflow/dags/dags.py
[2025-12-29T13:21:50.259+0000] {processor.py:830} INFO - Processing file /opt/airflow/dags/dags.py for tasks to queue
[2025-12-29T13:21:50.263+0000] {logging_mixin.py:188} INFO - [2025-12-29T13:21:50.262+0000] {dagbag.py:545} INFO - Filling up the DagBag from /opt/airflow/dags/dags.py
[2025-12-29T13:21:50.307+0000] {processor.py:840} INFO - DAG(s) 'coinpaprika_public_loader' retrieved from /opt/airflow/dags/dags.py
[2025-12-29T13:21:50.360+0000] {logging_mixin.py:188} INFO - [2025-12-29T13:21:50.358+0000] {dag.py:3096} INFO - Sync 1 DAGs
[2025-12-29T13:21:50.423+0000] {logging_mixin.py:188} INFO - [2025-12-29T13:21:50.422+0000] {dag.py:3954} INFO - Setting next_dagrun for coinpaprika_public_loader to 2025-12-21 14:00:00+00:00, run_after=2025-12-21 15:00:00+00:00
[2025-12-29T13:21:50.473+0000] {processor.py:183} INFO - Processing /opt/airflow/dags/dags.py took 0.228 seconds
[2025-12-29T13:22:21.113+0000] {processor.py:161} INFO - Started process (PID=6436) to work on /opt/airflow/dags/dags.py
[2025-12-29T13:22:21.115+0000] {processor.py:830} INFO - Processing file /opt/airflow/dags/dags.py for tasks to queue
[2025-12-29T13:22:21.119+0000] {logging_mixin.py:188} INFO - [2025-12-29T13:22:21.119+0000] {dagbag.py:545} INFO - Filling up the DagBag from /opt/airflow/dags/dags.py
[2025-12-29T13:22:21.158+0000] {processor.py:840} INFO - DAG(s) 'coinpaprika_public_loader' retrieved from /opt/airflow/dags/dags.py
[2025-12-29T13:22:21.203+0000] {logging_mixin.py:188} INFO - [2025-12-29T13:22:21.202+0000] {dag.py:3096} INFO - Sync 1 DAGs
[2025-12-29T13:22:21.264+0000] {logging_mixin.py:188} INFO - [2025-12-29T13:22:21.264+0000] {dag.py:3954} INFO - Setting next_dagrun for coinpaprika_public_loader to 2025-12-21 14:00:00+00:00, run_after=2025-12-21 15:00:00+00:00
[2025-12-29T13:22:21.314+0000] {processor.py:183} INFO - Processing /opt/airflow/dags/dags.py took 0.215 seconds
[2025-12-29T13:22:51.799+0000] {processor.py:161} INFO - Started process (PID=6697) to work on /opt/airflow/dags/dags.py
[2025-12-29T13:22:51.801+0000] {processor.py:830} INFO - Processing file /opt/airflow/dags/dags.py for tasks to queue
[2025-12-29T13:22:51.804+0000] {logging_mixin.py:188} INFO - [2025-12-29T13:22:51.804+0000] {dagbag.py:545} INFO - Filling up the DagBag from /opt/airflow/dags/dags.py
[2025-12-29T13:22:51.847+0000] {processor.py:840} INFO - DAG(s) 'coinpaprika_public_loader' retrieved from /opt/airflow/dags/dags.py
[2025-12-29T13:22:51.892+0000] {logging_mixin.py:188} INFO - [2025-12-29T13:22:51.891+0000] {dag.py:3096} INFO - Sync 1 DAGs
[2025-12-29T13:22:51.943+0000] {logging_mixin.py:188} INFO - [2025-12-29T13:22:51.943+0000] {dag.py:3954} INFO - Setting next_dagrun for coinpaprika_public_loader to 2025-12-21 14:00:00+00:00, run_after=2025-12-21 15:00:00+00:00
[2025-12-29T13:22:51.986+0000] {processor.py:183} INFO - Processing /opt/airflow/dags/dags.py took 0.200 seconds
[2025-12-29T13:23:22.175+0000] {processor.py:161} INFO - Started process (PID=6958) to work on /opt/airflow/dags/dags.py
[2025-12-29T13:23:22.176+0000] {processor.py:830} INFO - Processing file /opt/airflow/dags/dags.py for tasks to queue
[2025-12-29T13:23:22.180+0000] {logging_mixin.py:188} INFO - [2025-12-29T13:23:22.179+0000] {dagbag.py:545} INFO - Filling up the DagBag from /opt/airflow/dags/dags.py
[2025-12-29T13:23:22.223+0000] {processor.py:840} INFO - DAG(s) 'coinpaprika_public_loader' retrieved from /opt/airflow/dags/dags.py
[2025-12-29T13:23:22.267+0000] {logging_mixin.py:188} INFO - [2025-12-29T13:23:22.267+0000] {dag.py:3096} INFO - Sync 1 DAGs
[2025-12-29T13:23:22.319+0000] {logging_mixin.py:188} INFO - [2025-12-29T13:23:22.318+0000] {dag.py:3954} INFO - Setting next_dagrun for coinpaprika_public_loader to 2025-12-21 14:00:00+00:00, run_after=2025-12-21 15:00:00+00:00
[2025-12-29T13:23:22.363+0000] {processor.py:183} INFO - Processing /opt/airflow/dags/dags.py took 0.202 seconds
[2025-12-29T13:23:53.131+0000] {processor.py:161} INFO - Started process (PID=7219) to work on /opt/airflow/dags/dags.py
[2025-12-29T13:23:53.133+0000] {processor.py:830} INFO - Processing file /opt/airflow/dags/dags.py for tasks to queue
[2025-12-29T13:23:53.137+0000] {logging_mixin.py:188} INFO - [2025-12-29T13:23:53.136+0000] {dagbag.py:545} INFO - Filling up the DagBag from /opt/airflow/dags/dags.py
[2025-12-29T13:23:53.181+0000] {processor.py:840} INFO - DAG(s) 'coinpaprika_public_loader' retrieved from /opt/airflow/dags/dags.py
[2025-12-29T13:23:53.220+0000] {logging_mixin.py:188} INFO - [2025-12-29T13:23:53.219+0000] {dag.py:3096} INFO - Sync 1 DAGs
[2025-12-29T13:23:53.269+0000] {logging_mixin.py:188} INFO - [2025-12-29T13:23:53.269+0000] {dag.py:3954} INFO - Setting next_dagrun for coinpaprika_public_loader to 2025-12-21 14:00:00+00:00, run_after=2025-12-21 15:00:00+00:00
[2025-12-29T13:23:53.310+0000] {processor.py:183} INFO - Processing /opt/airflow/dags/dags.py took 0.190 seconds
[2025-12-29T13:24:23.955+0000] {processor.py:161} INFO - Started process (PID=7480) to work on /opt/airflow/dags/dags.py
[2025-12-29T13:24:23.958+0000] {processor.py:830} INFO - Processing file /opt/airflow/dags/dags.py for tasks to queue
[2025-12-29T13:24:23.962+0000] {logging_mixin.py:188} INFO - [2025-12-29T13:24:23.961+0000] {dagbag.py:545} INFO - Filling up the DagBag from /opt/airflow/dags/dags.py
[2025-12-29T13:24:24.005+0000] {processor.py:840} INFO - DAG(s) 'coinpaprika_public_loader' retrieved from /opt/airflow/dags/dags.py
[2025-12-29T13:24:24.049+0000] {logging_mixin.py:188} INFO - [2025-12-29T13:24:24.048+0000] {dag.py:3096} INFO - Sync 1 DAGs
[2025-12-29T13:24:24.104+0000] {logging_mixin.py:188} INFO - [2025-12-29T13:24:24.103+0000] {dag.py:3954} INFO - Setting next_dagrun for coinpaprika_public_loader to 2025-12-21 14:00:00+00:00, run_after=2025-12-21 15:00:00+00:00
[2025-12-29T13:24:24.147+0000] {processor.py:183} INFO - Processing /opt/airflow/dags/dags.py took 0.204 seconds
[2025-12-29T13:24:54.918+0000] {processor.py:161} INFO - Started process (PID=7741) to work on /opt/airflow/dags/dags.py
[2025-12-29T13:24:54.920+0000] {processor.py:830} INFO - Processing file /opt/airflow/dags/dags.py for tasks to queue
[2025-12-29T13:24:54.924+0000] {logging_mixin.py:188} INFO - [2025-12-29T13:24:54.923+0000] {dagbag.py:545} INFO - Filling up the DagBag from /opt/airflow/dags/dags.py
[2025-12-29T13:24:54.972+0000] {processor.py:840} INFO - DAG(s) 'coinpaprika_public_loader' retrieved from /opt/airflow/dags/dags.py
[2025-12-29T13:24:55.021+0000] {logging_mixin.py:188} INFO - [2025-12-29T13:24:55.020+0000] {dag.py:3096} INFO - Sync 1 DAGs
[2025-12-29T13:24:55.075+0000] {logging_mixin.py:188} INFO - [2025-12-29T13:24:55.075+0000] {dag.py:3954} INFO - Setting next_dagrun for coinpaprika_public_loader to 2025-12-21 14:00:00+00:00, run_after=2025-12-21 15:00:00+00:00
[2025-12-29T13:24:55.123+0000] {processor.py:183} INFO - Processing /opt/airflow/dags/dags.py took 0.218 seconds
[2025-12-29T13:25:25.781+0000] {processor.py:161} INFO - Started process (PID=8002) to work on /opt/airflow/dags/dags.py
[2025-12-29T13:25:25.784+0000] {processor.py:830} INFO - Processing file /opt/airflow/dags/dags.py for tasks to queue
[2025-12-29T13:25:25.788+0000] {logging_mixin.py:188} INFO - [2025-12-29T13:25:25.787+0000] {dagbag.py:545} INFO - Filling up the DagBag from /opt/airflow/dags/dags.py
[2025-12-29T13:25:25.830+0000] {processor.py:840} INFO - DAG(s) 'coinpaprika_public_loader' retrieved from /opt/airflow/dags/dags.py
[2025-12-29T13:25:25.872+0000] {logging_mixin.py:188} INFO - [2025-12-29T13:25:25.871+0000] {dag.py:3096} INFO - Sync 1 DAGs
[2025-12-29T13:25:25.923+0000] {logging_mixin.py:188} INFO - [2025-12-29T13:25:25.923+0000] {dag.py:3954} INFO - Setting next_dagrun for coinpaprika_public_loader to 2025-12-21 14:00:00+00:00, run_after=2025-12-21 15:00:00+00:00
[2025-12-29T13:25:25.976+0000] {processor.py:183} INFO - Processing /opt/airflow/dags/dags.py took 0.209 seconds
[2025-12-29T13:25:56.119+0000] {processor.py:161} INFO - Started process (PID=8263) to work on /opt/airflow/dags/dags.py
[2025-12-29T13:25:56.122+0000] {processor.py:830} INFO - Processing file /opt/airflow/dags/dags.py for tasks to queue
[2025-12-29T13:25:56.126+0000] {logging_mixin.py:188} INFO - [2025-12-29T13:25:56.125+0000] {dagbag.py:545} INFO - Filling up the DagBag from /opt/airflow/dags/dags.py
[2025-12-29T13:25:56.175+0000] {processor.py:840} INFO - DAG(s) 'coinpaprika_public_loader' retrieved from /opt/airflow/dags/dags.py
[2025-12-29T13:25:56.221+0000] {logging_mixin.py:188} INFO - [2025-12-29T13:25:56.220+0000] {dag.py:3096} INFO - Sync 1 DAGs
[2025-12-29T13:25:56.268+0000] {logging_mixin.py:188} INFO - [2025-12-29T13:25:56.268+0000] {dag.py:3954} INFO - Setting next_dagrun for coinpaprika_public_loader to 2025-12-21 14:00:00+00:00, run_after=2025-12-21 15:00:00+00:00
[2025-12-29T13:25:56.317+0000] {processor.py:183} INFO - Processing /opt/airflow/dags/dags.py took 0.210 seconds
[2025-12-29T13:26:26.617+0000] {processor.py:161} INFO - Started process (PID=8522) to work on /opt/airflow/dags/dags.py
[2025-12-29T13:26:26.620+0000] {processor.py:830} INFO - Processing file /opt/airflow/dags/dags.py for tasks to queue
[2025-12-29T13:26:26.626+0000] {logging_mixin.py:188} INFO - [2025-12-29T13:26:26.625+0000] {dagbag.py:545} INFO - Filling up the DagBag from /opt/airflow/dags/dags.py
[2025-12-29T13:26:26.670+0000] {processor.py:840} INFO - DAG(s) 'coinpaprika_public_loader' retrieved from /opt/airflow/dags/dags.py
[2025-12-29T13:26:26.717+0000] {logging_mixin.py:188} INFO - [2025-12-29T13:26:26.716+0000] {dag.py:3096} INFO - Sync 1 DAGs
[2025-12-29T13:26:26.768+0000] {logging_mixin.py:188} INFO - [2025-12-29T13:26:26.768+0000] {dag.py:3954} INFO - Setting next_dagrun for coinpaprika_public_loader to 2025-12-21 14:00:00+00:00, run_after=2025-12-21 15:00:00+00:00
[2025-12-29T13:26:26.815+0000] {processor.py:183} INFO - Processing /opt/airflow/dags/dags.py took 0.218 seconds
[2025-12-29T13:26:57.062+0000] {processor.py:161} INFO - Started process (PID=8779) to work on /opt/airflow/dags/dags.py
[2025-12-29T13:26:57.064+0000] {processor.py:830} INFO - Processing file /opt/airflow/dags/dags.py for tasks to queue
[2025-12-29T13:26:57.069+0000] {logging_mixin.py:188} INFO - [2025-12-29T13:26:57.068+0000] {dagbag.py:545} INFO - Filling up the DagBag from /opt/airflow/dags/dags.py
[2025-12-29T13:26:57.112+0000] {processor.py:840} INFO - DAG(s) 'coinpaprika_public_loader' retrieved from /opt/airflow/dags/dags.py
[2025-12-29T13:26:57.165+0000] {logging_mixin.py:188} INFO - [2025-12-29T13:26:57.164+0000] {dag.py:3096} INFO - Sync 1 DAGs
[2025-12-29T13:26:57.223+0000] {logging_mixin.py:188} INFO - [2025-12-29T13:26:57.223+0000] {dag.py:3954} INFO - Setting next_dagrun for coinpaprika_public_loader to 2025-12-21 14:00:00+00:00, run_after=2025-12-21 15:00:00+00:00
[2025-12-29T13:26:57.264+0000] {processor.py:183} INFO - Processing /opt/airflow/dags/dags.py took 0.215 seconds
[2025-12-29T13:27:13.696+0000] {processor.py:161} INFO - Started process (PID=9035) to work on /opt/airflow/dags/dags.py
[2025-12-29T13:27:13.698+0000] {processor.py:830} INFO - Processing file /opt/airflow/dags/dags.py for tasks to queue
[2025-12-29T13:27:13.702+0000] {logging_mixin.py:188} INFO - [2025-12-29T13:27:13.701+0000] {dagbag.py:545} INFO - Filling up the DagBag from /opt/airflow/dags/dags.py
[2025-12-29T13:27:13.779+0000] {processor.py:840} INFO - DAG(s) 'coinpaprika_public_loader' retrieved from /opt/airflow/dags/dags.py
[2025-12-29T13:27:14.045+0000] {logging_mixin.py:188} INFO - [2025-12-29T13:27:14.044+0000] {dag.py:3096} INFO - Sync 1 DAGs
[2025-12-29T13:27:14.332+0000] {logging_mixin.py:188} INFO - [2025-12-29T13:27:14.331+0000] {dag.py:3954} INFO - Setting next_dagrun for coinpaprika_public_loader to 2025-12-21 14:00:00+00:00, run_after=2025-12-21 15:00:00+00:00
[2025-12-29T13:27:14.423+0000] {processor.py:183} INFO - Processing /opt/airflow/dags/dags.py took 0.745 seconds
[2025-12-29T13:27:45.271+0000] {processor.py:161} INFO - Started process (PID=9386) to work on /opt/airflow/dags/dags.py
[2025-12-29T13:27:45.273+0000] {processor.py:830} INFO - Processing file /opt/airflow/dags/dags.py for tasks to queue
[2025-12-29T13:27:45.278+0000] {logging_mixin.py:188} INFO - [2025-12-29T13:27:45.277+0000] {dagbag.py:545} INFO - Filling up the DagBag from /opt/airflow/dags/dags.py
[2025-12-29T13:27:45.320+0000] {processor.py:840} INFO - DAG(s) 'coinpaprika_public_loader' retrieved from /opt/airflow/dags/dags.py
[2025-12-29T13:27:45.598+0000] {logging_mixin.py:188} INFO - [2025-12-29T13:27:45.598+0000] {dag.py:3096} INFO - Sync 1 DAGs
[2025-12-29T13:27:45.972+0000] {processor.py:183} INFO - Processing /opt/airflow/dags/dags.py took 0.715 seconds
[2025-12-29T13:28:16.358+0000] {processor.py:161} INFO - Started process (PID=9650) to work on /opt/airflow/dags/dags.py
[2025-12-29T13:28:16.360+0000] {processor.py:830} INFO - Processing file /opt/airflow/dags/dags.py for tasks to queue
[2025-12-29T13:28:16.364+0000] {logging_mixin.py:188} INFO - [2025-12-29T13:28:16.364+0000] {dagbag.py:545} INFO - Filling up the DagBag from /opt/airflow/dags/dags.py
[2025-12-29T13:28:16.410+0000] {processor.py:840} INFO - DAG(s) 'coinpaprika_public_loader' retrieved from /opt/airflow/dags/dags.py
[2025-12-29T13:28:16.456+0000] {logging_mixin.py:188} INFO - [2025-12-29T13:28:16.455+0000] {dag.py:3096} INFO - Sync 1 DAGs
[2025-12-29T13:28:16.556+0000] {processor.py:183} INFO - Processing /opt/airflow/dags/dags.py took 0.212 seconds
[2025-12-29T13:28:46.969+0000] {processor.py:161} INFO - Started process (PID=9911) to work on /opt/airflow/dags/dags.py
[2025-12-29T13:28:46.972+0000] {processor.py:830} INFO - Processing file /opt/airflow/dags/dags.py for tasks to queue
[2025-12-29T13:28:46.976+0000] {logging_mixin.py:188} INFO - [2025-12-29T13:28:46.975+0000] {dagbag.py:545} INFO - Filling up the DagBag from /opt/airflow/dags/dags.py
[2025-12-29T13:28:47.025+0000] {processor.py:840} INFO - DAG(s) 'coinpaprika_public_loader' retrieved from /opt/airflow/dags/dags.py
[2025-12-29T13:28:47.070+0000] {logging_mixin.py:188} INFO - [2025-12-29T13:28:47.069+0000] {dag.py:3096} INFO - Sync 1 DAGs
[2025-12-29T13:28:47.446+0000] {processor.py:183} INFO - Processing /opt/airflow/dags/dags.py took 0.490 seconds
[2025-12-29T13:29:18.383+0000] {processor.py:161} INFO - Started process (PID=10172) to work on /opt/airflow/dags/dags.py
[2025-12-29T13:29:18.385+0000] {processor.py:830} INFO - Processing file /opt/airflow/dags/dags.py for tasks to queue
[2025-12-29T13:29:18.391+0000] {logging_mixin.py:188} INFO - [2025-12-29T13:29:18.390+0000] {dagbag.py:545} INFO - Filling up the DagBag from /opt/airflow/dags/dags.py
[2025-12-29T13:29:18.438+0000] {processor.py:840} INFO - DAG(s) 'coinpaprika_public_loader' retrieved from /opt/airflow/dags/dags.py
[2025-12-29T13:29:18.481+0000] {logging_mixin.py:188} INFO - [2025-12-29T13:29:18.481+0000] {dag.py:3096} INFO - Sync 1 DAGs
[2025-12-29T13:29:18.806+0000] {processor.py:183} INFO - Processing /opt/airflow/dags/dags.py took 0.434 seconds
[2025-12-29T13:29:49.082+0000] {processor.py:161} INFO - Started process (PID=10468) to work on /opt/airflow/dags/dags.py
[2025-12-29T13:29:49.085+0000] {processor.py:830} INFO - Processing file /opt/airflow/dags/dags.py for tasks to queue
[2025-12-29T13:29:49.095+0000] {logging_mixin.py:188} INFO - [2025-12-29T13:29:49.093+0000] {dagbag.py:545} INFO - Filling up the DagBag from /opt/airflow/dags/dags.py
[2025-12-29T13:29:49.185+0000] {processor.py:840} INFO - DAG(s) 'coinpaprika_public_loader' retrieved from /opt/airflow/dags/dags.py
[2025-12-29T13:29:49.280+0000] {logging_mixin.py:188} INFO - [2025-12-29T13:29:49.279+0000] {dag.py:3096} INFO - Sync 1 DAGs
[2025-12-29T13:29:49.439+0000] {processor.py:183} INFO - Processing /opt/airflow/dags/dags.py took 0.394 seconds
[2025-12-29T13:30:20.359+0000] {processor.py:161} INFO - Started process (PID=10742) to work on /opt/airflow/dags/dags.py
[2025-12-29T13:30:20.361+0000] {processor.py:830} INFO - Processing file /opt/airflow/dags/dags.py for tasks to queue
[2025-12-29T13:30:20.364+0000] {logging_mixin.py:188} INFO - [2025-12-29T13:30:20.363+0000] {dagbag.py:545} INFO - Filling up the DagBag from /opt/airflow/dags/dags.py
[2025-12-29T13:30:20.411+0000] {processor.py:840} INFO - DAG(s) 'coinpaprika_public_loader' retrieved from /opt/airflow/dags/dags.py
[2025-12-29T13:30:20.456+0000] {logging_mixin.py:188} INFO - [2025-12-29T13:30:20.455+0000] {dag.py:3096} INFO - Sync 1 DAGs
[2025-12-29T13:30:20.546+0000] {processor.py:183} INFO - Processing /opt/airflow/dags/dags.py took 0.198 seconds
[2025-12-29T13:30:51.350+0000] {processor.py:161} INFO - Started process (PID=11003) to work on /opt/airflow/dags/dags.py
[2025-12-29T13:30:51.351+0000] {processor.py:830} INFO - Processing file /opt/airflow/dags/dags.py for tasks to queue
[2025-12-29T13:30:51.356+0000] {logging_mixin.py:188} INFO - [2025-12-29T13:30:51.355+0000] {dagbag.py:545} INFO - Filling up the DagBag from /opt/airflow/dags/dags.py
[2025-12-29T13:30:51.400+0000] {processor.py:840} INFO - DAG(s) 'coinpaprika_public_loader' retrieved from /opt/airflow/dags/dags.py
[2025-12-29T13:30:51.444+0000] {logging_mixin.py:188} INFO - [2025-12-29T13:30:51.443+0000] {dag.py:3096} INFO - Sync 1 DAGs
[2025-12-29T13:30:51.534+0000] {processor.py:183} INFO - Processing /opt/airflow/dags/dags.py took 0.196 seconds
[2025-12-29T13:31:22.157+0000] {processor.py:161} INFO - Started process (PID=11264) to work on /opt/airflow/dags/dags.py
[2025-12-29T13:31:22.159+0000] {processor.py:830} INFO - Processing file /opt/airflow/dags/dags.py for tasks to queue
[2025-12-29T13:31:22.163+0000] {logging_mixin.py:188} INFO - [2025-12-29T13:31:22.162+0000] {dagbag.py:545} INFO - Filling up the DagBag from /opt/airflow/dags/dags.py
[2025-12-29T13:31:22.201+0000] {processor.py:840} INFO - DAG(s) 'coinpaprika_public_loader' retrieved from /opt/airflow/dags/dags.py
[2025-12-29T13:31:22.248+0000] {logging_mixin.py:188} INFO - [2025-12-29T13:31:22.248+0000] {dag.py:3096} INFO - Sync 1 DAGs
[2025-12-29T13:31:22.354+0000] {processor.py:183} INFO - Processing /opt/airflow/dags/dags.py took 0.209 seconds
[2025-12-29T13:31:53.164+0000] {processor.py:161} INFO - Started process (PID=11564) to work on /opt/airflow/dags/dags.py
[2025-12-29T13:31:53.166+0000] {processor.py:830} INFO - Processing file /opt/airflow/dags/dags.py for tasks to queue
[2025-12-29T13:31:53.170+0000] {logging_mixin.py:188} INFO - [2025-12-29T13:31:53.169+0000] {dagbag.py:545} INFO - Filling up the DagBag from /opt/airflow/dags/dags.py
[2025-12-29T13:31:53.212+0000] {processor.py:840} INFO - DAG(s) 'coinpaprika_public_loader' retrieved from /opt/airflow/dags/dags.py
[2025-12-29T13:31:53.270+0000] {logging_mixin.py:188} INFO - [2025-12-29T13:31:53.269+0000] {dag.py:3096} INFO - Sync 1 DAGs
[2025-12-29T13:31:53.342+0000] {logging_mixin.py:188} INFO - [2025-12-29T13:31:53.342+0000] {dag.py:3954} INFO - Setting next_dagrun for coinpaprika_public_loader to 2025-12-29 01:00:00+00:00, run_after=2025-12-29 02:00:00+00:00
[2025-12-29T13:31:53.393+0000] {processor.py:183} INFO - Processing /opt/airflow/dags/dags.py took 0.244 seconds
[2025-12-29T13:32:23.542+0000] {processor.py:161} INFO - Started process (PID=11873) to work on /opt/airflow/dags/dags.py
[2025-12-29T13:32:23.544+0000] {processor.py:830} INFO - Processing file /opt/airflow/dags/dags.py for tasks to queue
[2025-12-29T13:32:23.547+0000] {logging_mixin.py:188} INFO - [2025-12-29T13:32:23.547+0000] {dagbag.py:545} INFO - Filling up the DagBag from /opt/airflow/dags/dags.py
[2025-12-29T13:32:23.587+0000] {processor.py:840} INFO - DAG(s) 'coinpaprika_public_loader' retrieved from /opt/airflow/dags/dags.py
[2025-12-29T13:32:23.628+0000] {logging_mixin.py:188} INFO - [2025-12-29T13:32:23.628+0000] {dag.py:3096} INFO - Sync 1 DAGs
[2025-12-29T13:32:23.675+0000] {logging_mixin.py:188} INFO - [2025-12-29T13:32:23.674+0000] {dag.py:3954} INFO - Setting next_dagrun for coinpaprika_public_loader to 2025-12-29 13:00:00+00:00, run_after=2025-12-29 14:00:00+00:00
[2025-12-29T13:32:23.719+0000] {processor.py:183} INFO - Processing /opt/airflow/dags/dags.py took 0.188 seconds
[2025-12-29T13:32:54.733+0000] {processor.py:161} INFO - Started process (PID=12134) to work on /opt/airflow/dags/dags.py
[2025-12-29T13:32:54.735+0000] {processor.py:830} INFO - Processing file /opt/airflow/dags/dags.py for tasks to queue
[2025-12-29T13:32:54.739+0000] {logging_mixin.py:188} INFO - [2025-12-29T13:32:54.738+0000] {dagbag.py:545} INFO - Filling up the DagBag from /opt/airflow/dags/dags.py
[2025-12-29T13:32:54.786+0000] {processor.py:840} INFO - DAG(s) 'coinpaprika_public_loader' retrieved from /opt/airflow/dags/dags.py
[2025-12-29T13:32:54.832+0000] {logging_mixin.py:188} INFO - [2025-12-29T13:32:54.831+0000] {dag.py:3096} INFO - Sync 1 DAGs
[2025-12-29T13:32:54.882+0000] {logging_mixin.py:188} INFO - [2025-12-29T13:32:54.882+0000] {dag.py:3954} INFO - Setting next_dagrun for coinpaprika_public_loader to 2025-12-29 13:00:00+00:00, run_after=2025-12-29 14:00:00+00:00
[2025-12-29T13:32:54.927+0000] {processor.py:183} INFO - Processing /opt/airflow/dags/dags.py took 0.205 seconds
[2025-12-29T13:33:25.420+0000] {processor.py:161} INFO - Started process (PID=12395) to work on /opt/airflow/dags/dags.py
[2025-12-29T13:33:25.423+0000] {processor.py:830} INFO - Processing file /opt/airflow/dags/dags.py for tasks to queue
[2025-12-29T13:33:25.426+0000] {logging_mixin.py:188} INFO - [2025-12-29T13:33:25.426+0000] {dagbag.py:545} INFO - Filling up the DagBag from /opt/airflow/dags/dags.py
[2025-12-29T13:33:25.471+0000] {processor.py:840} INFO - DAG(s) 'coinpaprika_public_loader' retrieved from /opt/airflow/dags/dags.py
[2025-12-29T13:33:25.519+0000] {logging_mixin.py:188} INFO - [2025-12-29T13:33:25.519+0000] {dag.py:3096} INFO - Sync 1 DAGs
[2025-12-29T13:33:25.574+0000] {logging_mixin.py:188} INFO - [2025-12-29T13:33:25.574+0000] {dag.py:3954} INFO - Setting next_dagrun for coinpaprika_public_loader to 2025-12-29 13:00:00+00:00, run_after=2025-12-29 14:00:00+00:00
[2025-12-29T13:33:25.616+0000] {processor.py:183} INFO - Processing /opt/airflow/dags/dags.py took 0.209 seconds
[2025-12-29T13:33:56.178+0000] {processor.py:161} INFO - Started process (PID=12659) to work on /opt/airflow/dags/dags.py
[2025-12-29T13:33:56.180+0000] {processor.py:830} INFO - Processing file /opt/airflow/dags/dags.py for tasks to queue
[2025-12-29T13:33:56.185+0000] {logging_mixin.py:188} INFO - [2025-12-29T13:33:56.185+0000] {dagbag.py:545} INFO - Filling up the DagBag from /opt/airflow/dags/dags.py
[2025-12-29T13:33:56.236+0000] {processor.py:840} INFO - DAG(s) 'coinpaprika_public_loader' retrieved from /opt/airflow/dags/dags.py
[2025-12-29T13:33:56.287+0000] {logging_mixin.py:188} INFO - [2025-12-29T13:33:56.286+0000] {dag.py:3096} INFO - Sync 1 DAGs
[2025-12-29T13:33:56.350+0000] {logging_mixin.py:188} INFO - [2025-12-29T13:33:56.349+0000] {dag.py:3954} INFO - Setting next_dagrun for coinpaprika_public_loader to 2025-12-29 13:00:00+00:00, run_after=2025-12-29 14:00:00+00:00
[2025-12-29T13:33:56.400+0000] {processor.py:183} INFO - Processing /opt/airflow/dags/dags.py took 0.234 seconds
[2025-12-29T13:34:26.602+0000] {processor.py:161} INFO - Started process (PID=12955) to work on /opt/airflow/dags/dags.py
[2025-12-29T13:34:26.604+0000] {processor.py:830} INFO - Processing file /opt/airflow/dags/dags.py for tasks to queue
[2025-12-29T13:34:26.608+0000] {logging_mixin.py:188} INFO - [2025-12-29T13:34:26.607+0000] {dagbag.py:545} INFO - Filling up the DagBag from /opt/airflow/dags/dags.py
[2025-12-29T13:34:26.647+0000] {processor.py:840} INFO - DAG(s) 'coinpaprika_public_loader' retrieved from /opt/airflow/dags/dags.py
[2025-12-29T13:34:26.692+0000] {logging_mixin.py:188} INFO - [2025-12-29T13:34:26.691+0000] {dag.py:3096} INFO - Sync 1 DAGs
[2025-12-29T13:34:26.755+0000] {logging_mixin.py:188} INFO - [2025-12-29T13:34:26.754+0000] {dag.py:3954} INFO - Setting next_dagrun for coinpaprika_public_loader to 2025-12-29 13:00:00+00:00, run_after=2025-12-29 14:00:00+00:00
[2025-12-29T13:34:26.804+0000] {processor.py:183} INFO - Processing /opt/airflow/dags/dags.py took 0.215 seconds
