[2025-12-20T09:58:10.579+0000] {processor.py:161} INFO - Started process (PID=387) to work on /home/airflow/.local/lib/python3.12/site-packages/airflow/example_dags/example_dag_decorator.py
[2025-12-20T09:58:10.580+0000] {processor.py:830} INFO - Processing file /home/airflow/.local/lib/python3.12/site-packages/airflow/example_dags/example_dag_decorator.py for tasks to queue
[2025-12-20T09:58:10.582+0000] {logging_mixin.py:188} INFO - [2025-12-20T09:58:10.582+0000] {dagbag.py:545} INFO - Filling up the DagBag from /home/airflow/.local/lib/python3.12/site-packages/airflow/example_dags/example_dag_decorator.py
[2025-12-20T09:58:10.846+0000] {processor.py:840} INFO - DAG(s) 'example_dag_decorator' retrieved from /home/airflow/.local/lib/python3.12/site-packages/airflow/example_dags/example_dag_decorator.py
[2025-12-20T09:58:10.969+0000] {logging_mixin.py:188} INFO - [2025-12-20T09:58:10.968+0000] {dag.py:3096} INFO - Sync 1 DAGs
[2025-12-20T09:58:10.980+0000] {logging_mixin.py:188} INFO - [2025-12-20T09:58:10.980+0000] {dag.py:3954} INFO - Setting next_dagrun for example_dag_decorator to None, run_after=None
[2025-12-20T09:58:11.001+0000] {processor.py:183} INFO - Processing /home/airflow/.local/lib/python3.12/site-packages/airflow/example_dags/example_dag_decorator.py took 0.427 seconds
[2025-12-20T09:58:41.911+0000] {processor.py:161} INFO - Started process (PID=658) to work on /home/airflow/.local/lib/python3.12/site-packages/airflow/example_dags/example_dag_decorator.py
[2025-12-20T09:58:41.912+0000] {processor.py:830} INFO - Processing file /home/airflow/.local/lib/python3.12/site-packages/airflow/example_dags/example_dag_decorator.py for tasks to queue
[2025-12-20T09:58:41.913+0000] {logging_mixin.py:188} INFO - [2025-12-20T09:58:41.913+0000] {dagbag.py:545} INFO - Filling up the DagBag from /home/airflow/.local/lib/python3.12/site-packages/airflow/example_dags/example_dag_decorator.py
[2025-12-20T09:58:42.001+0000] {processor.py:840} INFO - DAG(s) 'example_dag_decorator' retrieved from /home/airflow/.local/lib/python3.12/site-packages/airflow/example_dags/example_dag_decorator.py
[2025-12-20T09:58:42.100+0000] {logging_mixin.py:188} INFO - [2025-12-20T09:58:42.100+0000] {dag.py:3096} INFO - Sync 1 DAGs
[2025-12-20T09:58:42.111+0000] {logging_mixin.py:188} INFO - [2025-12-20T09:58:42.110+0000] {dag.py:3954} INFO - Setting next_dagrun for example_dag_decorator to None, run_after=None
[2025-12-20T09:58:42.128+0000] {processor.py:183} INFO - Processing /home/airflow/.local/lib/python3.12/site-packages/airflow/example_dags/example_dag_decorator.py took 0.223 seconds
[2025-12-20T09:59:12.281+0000] {processor.py:161} INFO - Started process (PID=934) to work on /home/airflow/.local/lib/python3.12/site-packages/airflow/example_dags/example_dag_decorator.py
[2025-12-20T09:59:12.282+0000] {processor.py:830} INFO - Processing file /home/airflow/.local/lib/python3.12/site-packages/airflow/example_dags/example_dag_decorator.py for tasks to queue
[2025-12-20T09:59:12.283+0000] {logging_mixin.py:188} INFO - [2025-12-20T09:59:12.283+0000] {dagbag.py:545} INFO - Filling up the DagBag from /home/airflow/.local/lib/python3.12/site-packages/airflow/example_dags/example_dag_decorator.py
[2025-12-20T09:59:12.373+0000] {processor.py:840} INFO - DAG(s) 'example_dag_decorator' retrieved from /home/airflow/.local/lib/python3.12/site-packages/airflow/example_dags/example_dag_decorator.py
[2025-12-20T09:59:12.481+0000] {logging_mixin.py:188} INFO - [2025-12-20T09:59:12.481+0000] {dag.py:3096} INFO - Sync 1 DAGs
[2025-12-20T09:59:12.492+0000] {logging_mixin.py:188} INFO - [2025-12-20T09:59:12.492+0000] {dag.py:3954} INFO - Setting next_dagrun for example_dag_decorator to None, run_after=None
[2025-12-20T09:59:12.510+0000] {processor.py:183} INFO - Processing /home/airflow/.local/lib/python3.12/site-packages/airflow/example_dags/example_dag_decorator.py took 0.234 seconds
[2025-12-20T09:59:42.688+0000] {processor.py:161} INFO - Started process (PID=1205) to work on /home/airflow/.local/lib/python3.12/site-packages/airflow/example_dags/example_dag_decorator.py
[2025-12-20T09:59:42.689+0000] {processor.py:830} INFO - Processing file /home/airflow/.local/lib/python3.12/site-packages/airflow/example_dags/example_dag_decorator.py for tasks to queue
[2025-12-20T09:59:42.690+0000] {logging_mixin.py:188} INFO - [2025-12-20T09:59:42.690+0000] {dagbag.py:545} INFO - Filling up the DagBag from /home/airflow/.local/lib/python3.12/site-packages/airflow/example_dags/example_dag_decorator.py
[2025-12-20T09:59:42.777+0000] {processor.py:840} INFO - DAG(s) 'example_dag_decorator' retrieved from /home/airflow/.local/lib/python3.12/site-packages/airflow/example_dags/example_dag_decorator.py
[2025-12-20T09:59:42.878+0000] {logging_mixin.py:188} INFO - [2025-12-20T09:59:42.878+0000] {dag.py:3096} INFO - Sync 1 DAGs
[2025-12-20T09:59:42.889+0000] {logging_mixin.py:188} INFO - [2025-12-20T09:59:42.889+0000] {dag.py:3954} INFO - Setting next_dagrun for example_dag_decorator to None, run_after=None
[2025-12-20T09:59:42.907+0000] {processor.py:183} INFO - Processing /home/airflow/.local/lib/python3.12/site-packages/airflow/example_dags/example_dag_decorator.py took 0.224 seconds
[2025-12-20T10:00:13.041+0000] {processor.py:161} INFO - Started process (PID=1456) to work on /home/airflow/.local/lib/python3.12/site-packages/airflow/example_dags/example_dag_decorator.py
[2025-12-20T10:00:13.042+0000] {processor.py:830} INFO - Processing file /home/airflow/.local/lib/python3.12/site-packages/airflow/example_dags/example_dag_decorator.py for tasks to queue
[2025-12-20T10:00:13.044+0000] {logging_mixin.py:188} INFO - [2025-12-20T10:00:13.043+0000] {dagbag.py:545} INFO - Filling up the DagBag from /home/airflow/.local/lib/python3.12/site-packages/airflow/example_dags/example_dag_decorator.py
[2025-12-20T10:00:13.133+0000] {processor.py:840} INFO - DAG(s) 'example_dag_decorator' retrieved from /home/airflow/.local/lib/python3.12/site-packages/airflow/example_dags/example_dag_decorator.py
[2025-12-20T10:00:13.233+0000] {logging_mixin.py:188} INFO - [2025-12-20T10:00:13.233+0000] {dag.py:3096} INFO - Sync 1 DAGs
[2025-12-20T10:00:13.245+0000] {logging_mixin.py:188} INFO - [2025-12-20T10:00:13.244+0000] {dag.py:3954} INFO - Setting next_dagrun for example_dag_decorator to None, run_after=None
[2025-12-20T10:00:13.264+0000] {processor.py:183} INFO - Processing /home/airflow/.local/lib/python3.12/site-packages/airflow/example_dags/example_dag_decorator.py took 0.228 seconds
[2025-12-20T10:00:43.573+0000] {processor.py:161} INFO - Started process (PID=1722) to work on /home/airflow/.local/lib/python3.12/site-packages/airflow/example_dags/example_dag_decorator.py
[2025-12-20T10:00:43.574+0000] {processor.py:830} INFO - Processing file /home/airflow/.local/lib/python3.12/site-packages/airflow/example_dags/example_dag_decorator.py for tasks to queue
[2025-12-20T10:00:43.575+0000] {logging_mixin.py:188} INFO - [2025-12-20T10:00:43.574+0000] {dagbag.py:545} INFO - Filling up the DagBag from /home/airflow/.local/lib/python3.12/site-packages/airflow/example_dags/example_dag_decorator.py
[2025-12-20T10:00:43.663+0000] {processor.py:840} INFO - DAG(s) 'example_dag_decorator' retrieved from /home/airflow/.local/lib/python3.12/site-packages/airflow/example_dags/example_dag_decorator.py
[2025-12-20T10:00:43.768+0000] {logging_mixin.py:188} INFO - [2025-12-20T10:00:43.767+0000] {dag.py:3096} INFO - Sync 1 DAGs
[2025-12-20T10:00:43.780+0000] {logging_mixin.py:188} INFO - [2025-12-20T10:00:43.779+0000] {dag.py:3954} INFO - Setting next_dagrun for example_dag_decorator to None, run_after=None
[2025-12-20T10:00:43.799+0000] {processor.py:183} INFO - Processing /home/airflow/.local/lib/python3.12/site-packages/airflow/example_dags/example_dag_decorator.py took 0.231 seconds
[2025-12-20T10:01:13.857+0000] {processor.py:161} INFO - Started process (PID=1981) to work on /home/airflow/.local/lib/python3.12/site-packages/airflow/example_dags/example_dag_decorator.py
[2025-12-20T10:01:13.858+0000] {processor.py:830} INFO - Processing file /home/airflow/.local/lib/python3.12/site-packages/airflow/example_dags/example_dag_decorator.py for tasks to queue
[2025-12-20T10:01:13.859+0000] {logging_mixin.py:188} INFO - [2025-12-20T10:01:13.858+0000] {dagbag.py:545} INFO - Filling up the DagBag from /home/airflow/.local/lib/python3.12/site-packages/airflow/example_dags/example_dag_decorator.py
[2025-12-20T10:01:13.947+0000] {processor.py:840} INFO - DAG(s) 'example_dag_decorator' retrieved from /home/airflow/.local/lib/python3.12/site-packages/airflow/example_dags/example_dag_decorator.py
[2025-12-20T10:01:14.050+0000] {logging_mixin.py:188} INFO - [2025-12-20T10:01:14.049+0000] {dag.py:3096} INFO - Sync 1 DAGs
[2025-12-20T10:01:14.060+0000] {logging_mixin.py:188} INFO - [2025-12-20T10:01:14.060+0000] {dag.py:3954} INFO - Setting next_dagrun for example_dag_decorator to None, run_after=None
[2025-12-20T10:01:14.080+0000] {processor.py:183} INFO - Processing /home/airflow/.local/lib/python3.12/site-packages/airflow/example_dags/example_dag_decorator.py took 0.228 seconds
[2025-12-20T10:01:44.530+0000] {processor.py:161} INFO - Started process (PID=2254) to work on /home/airflow/.local/lib/python3.12/site-packages/airflow/example_dags/example_dag_decorator.py
[2025-12-20T10:01:44.531+0000] {processor.py:830} INFO - Processing file /home/airflow/.local/lib/python3.12/site-packages/airflow/example_dags/example_dag_decorator.py for tasks to queue
[2025-12-20T10:01:44.532+0000] {logging_mixin.py:188} INFO - [2025-12-20T10:01:44.532+0000] {dagbag.py:545} INFO - Filling up the DagBag from /home/airflow/.local/lib/python3.12/site-packages/airflow/example_dags/example_dag_decorator.py
[2025-12-20T10:01:44.623+0000] {processor.py:840} INFO - DAG(s) 'example_dag_decorator' retrieved from /home/airflow/.local/lib/python3.12/site-packages/airflow/example_dags/example_dag_decorator.py
[2025-12-20T10:01:44.726+0000] {logging_mixin.py:188} INFO - [2025-12-20T10:01:44.726+0000] {dag.py:3096} INFO - Sync 1 DAGs
[2025-12-20T10:01:44.737+0000] {logging_mixin.py:188} INFO - [2025-12-20T10:01:44.737+0000] {dag.py:3954} INFO - Setting next_dagrun for example_dag_decorator to None, run_after=None
[2025-12-20T10:01:44.757+0000] {processor.py:183} INFO - Processing /home/airflow/.local/lib/python3.12/site-packages/airflow/example_dags/example_dag_decorator.py took 0.231 seconds
[2025-12-20T10:02:14.862+0000] {processor.py:161} INFO - Started process (PID=2493) to work on /home/airflow/.local/lib/python3.12/site-packages/airflow/example_dags/example_dag_decorator.py
[2025-12-20T10:02:14.863+0000] {processor.py:830} INFO - Processing file /home/airflow/.local/lib/python3.12/site-packages/airflow/example_dags/example_dag_decorator.py for tasks to queue
[2025-12-20T10:02:14.864+0000] {logging_mixin.py:188} INFO - [2025-12-20T10:02:14.864+0000] {dagbag.py:545} INFO - Filling up the DagBag from /home/airflow/.local/lib/python3.12/site-packages/airflow/example_dags/example_dag_decorator.py
[2025-12-20T10:02:14.958+0000] {processor.py:840} INFO - DAG(s) 'example_dag_decorator' retrieved from /home/airflow/.local/lib/python3.12/site-packages/airflow/example_dags/example_dag_decorator.py
[2025-12-20T10:02:15.066+0000] {logging_mixin.py:188} INFO - [2025-12-20T10:02:15.066+0000] {dag.py:3096} INFO - Sync 1 DAGs
[2025-12-20T10:02:15.079+0000] {logging_mixin.py:188} INFO - [2025-12-20T10:02:15.078+0000] {dag.py:3954} INFO - Setting next_dagrun for example_dag_decorator to None, run_after=None
[2025-12-20T10:02:15.099+0000] {processor.py:183} INFO - Processing /home/airflow/.local/lib/python3.12/site-packages/airflow/example_dags/example_dag_decorator.py took 0.242 seconds
