[2025-12-20T09:58:08.679+0000] {processor.py:161} INFO - Started process (PID=280) to work on /home/airflow/.local/lib/python3.12/site-packages/airflow/example_dags/example_datasets.py
[2025-12-20T09:58:08.680+0000] {processor.py:830} INFO - Processing file /home/airflow/.local/lib/python3.12/site-packages/airflow/example_dags/example_datasets.py for tasks to queue
[2025-12-20T09:58:08.682+0000] {logging_mixin.py:188} INFO - [2025-12-20T09:58:08.681+0000] {dagbag.py:545} INFO - Filling up the DagBag from /home/airflow/.local/lib/python3.12/site-packages/airflow/example_dags/example_datasets.py
[2025-12-20T09:58:08.701+0000] {processor.py:840} INFO - DAG(s) 'dataset_produces_2', 'dataset_consumes_1_and_2', 'conditional_dataset_and_time_based_timetable', 'dataset_consumes_unknown_never_scheduled', 'consume_1_or_2_with_dataset_expressions', 'consume_1_and_2_with_dataset_expressions', 'dataset_consumes_1_never_scheduled', 'consume_1_or_both_2_and_3_with_dataset_expressions', 'dataset_consumes_1', 'dataset_produces_1' retrieved from /home/airflow/.local/lib/python3.12/site-packages/airflow/example_dags/example_datasets.py
[2025-12-20T09:58:08.750+0000] {logging_mixin.py:188} INFO - [2025-12-20T09:58:08.750+0000] {dag.py:3096} INFO - Sync 10 DAGs
[2025-12-20T09:58:08.778+0000] {logging_mixin.py:188} INFO - [2025-12-20T09:58:08.778+0000] {dag.py:3954} INFO - Setting next_dagrun for conditional_dataset_and_time_based_timetable to 2025-12-17 01:00:00+00:00, run_after=2025-12-17 01:00:00+00:00
[2025-12-20T09:58:08.783+0000] {logging_mixin.py:188} INFO - [2025-12-20T09:58:08.782+0000] {dag.py:3954} INFO - Setting next_dagrun for consume_1_and_2_with_dataset_expressions to None, run_after=None
[2025-12-20T09:58:08.784+0000] {logging_mixin.py:188} INFO - [2025-12-20T09:58:08.784+0000] {dag.py:3954} INFO - Setting next_dagrun for consume_1_or_2_with_dataset_expressions to None, run_after=None
[2025-12-20T09:58:08.786+0000] {logging_mixin.py:188} INFO - [2025-12-20T09:58:08.786+0000] {dag.py:3954} INFO - Setting next_dagrun for consume_1_or_both_2_and_3_with_dataset_expressions to None, run_after=None
[2025-12-20T09:58:08.787+0000] {logging_mixin.py:188} INFO - [2025-12-20T09:58:08.787+0000] {dag.py:3954} INFO - Setting next_dagrun for dataset_consumes_1 to None, run_after=None
[2025-12-20T09:58:08.789+0000] {logging_mixin.py:188} INFO - [2025-12-20T09:58:08.789+0000] {dag.py:3954} INFO - Setting next_dagrun for dataset_consumes_1_and_2 to None, run_after=None
[2025-12-20T09:58:08.791+0000] {logging_mixin.py:188} INFO - [2025-12-20T09:58:08.791+0000] {dag.py:3954} INFO - Setting next_dagrun for dataset_consumes_1_never_scheduled to None, run_after=None
[2025-12-20T09:58:08.793+0000] {logging_mixin.py:188} INFO - [2025-12-20T09:58:08.793+0000] {dag.py:3954} INFO - Setting next_dagrun for dataset_consumes_unknown_never_scheduled to None, run_after=None
[2025-12-20T09:58:08.796+0000] {logging_mixin.py:188} INFO - [2025-12-20T09:58:08.796+0000] {dag.py:3954} INFO - Setting next_dagrun for dataset_produces_1 to 2025-12-19 00:00:00+00:00, run_after=2025-12-20 00:00:00+00:00
[2025-12-20T09:58:08.798+0000] {logging_mixin.py:188} INFO - [2025-12-20T09:58:08.798+0000] {dag.py:3954} INFO - Setting next_dagrun for dataset_produces_2 to None, run_after=None
[2025-12-20T09:58:08.835+0000] {processor.py:183} INFO - Processing /home/airflow/.local/lib/python3.12/site-packages/airflow/example_dags/example_datasets.py took 0.161 seconds
[2025-12-20T09:58:39.364+0000] {processor.py:161} INFO - Started process (PID=541) to work on /home/airflow/.local/lib/python3.12/site-packages/airflow/example_dags/example_datasets.py
[2025-12-20T09:58:39.365+0000] {processor.py:830} INFO - Processing file /home/airflow/.local/lib/python3.12/site-packages/airflow/example_dags/example_datasets.py for tasks to queue
[2025-12-20T09:58:39.367+0000] {logging_mixin.py:188} INFO - [2025-12-20T09:58:39.366+0000] {dagbag.py:545} INFO - Filling up the DagBag from /home/airflow/.local/lib/python3.12/site-packages/airflow/example_dags/example_datasets.py
[2025-12-20T09:58:39.379+0000] {processor.py:840} INFO - DAG(s) 'conditional_dataset_and_time_based_timetable', 'dataset_produces_2', 'dataset_consumes_unknown_never_scheduled', 'consume_1_or_both_2_and_3_with_dataset_expressions', 'dataset_produces_1', 'consume_1_and_2_with_dataset_expressions', 'dataset_consumes_1_and_2', 'dataset_consumes_1_never_scheduled', 'dataset_consumes_1', 'consume_1_or_2_with_dataset_expressions' retrieved from /home/airflow/.local/lib/python3.12/site-packages/airflow/example_dags/example_datasets.py
[2025-12-20T09:58:39.428+0000] {logging_mixin.py:188} INFO - [2025-12-20T09:58:39.428+0000] {dag.py:3096} INFO - Sync 10 DAGs
[2025-12-20T09:58:39.452+0000] {logging_mixin.py:188} INFO - [2025-12-20T09:58:39.452+0000] {dag.py:3954} INFO - Setting next_dagrun for conditional_dataset_and_time_based_timetable to 2025-12-17 01:00:00+00:00, run_after=2025-12-17 01:00:00+00:00
[2025-12-20T09:58:39.455+0000] {logging_mixin.py:188} INFO - [2025-12-20T09:58:39.455+0000] {dag.py:3954} INFO - Setting next_dagrun for consume_1_and_2_with_dataset_expressions to None, run_after=None
[2025-12-20T09:58:39.457+0000] {logging_mixin.py:188} INFO - [2025-12-20T09:58:39.457+0000] {dag.py:3954} INFO - Setting next_dagrun for consume_1_or_2_with_dataset_expressions to None, run_after=None
[2025-12-20T09:58:39.459+0000] {logging_mixin.py:188} INFO - [2025-12-20T09:58:39.458+0000] {dag.py:3954} INFO - Setting next_dagrun for consume_1_or_both_2_and_3_with_dataset_expressions to None, run_after=None
[2025-12-20T09:58:39.460+0000] {logging_mixin.py:188} INFO - [2025-12-20T09:58:39.460+0000] {dag.py:3954} INFO - Setting next_dagrun for dataset_consumes_1 to None, run_after=None
[2025-12-20T09:58:39.461+0000] {logging_mixin.py:188} INFO - [2025-12-20T09:58:39.461+0000] {dag.py:3954} INFO - Setting next_dagrun for dataset_consumes_1_and_2 to None, run_after=None
[2025-12-20T09:58:39.462+0000] {logging_mixin.py:188} INFO - [2025-12-20T09:58:39.462+0000] {dag.py:3954} INFO - Setting next_dagrun for dataset_consumes_1_never_scheduled to None, run_after=None
[2025-12-20T09:58:39.464+0000] {logging_mixin.py:188} INFO - [2025-12-20T09:58:39.464+0000] {dag.py:3954} INFO - Setting next_dagrun for dataset_consumes_unknown_never_scheduled to None, run_after=None
[2025-12-20T09:58:39.466+0000] {logging_mixin.py:188} INFO - [2025-12-20T09:58:39.466+0000] {dag.py:3954} INFO - Setting next_dagrun for dataset_produces_1 to 2025-12-19 00:00:00+00:00, run_after=2025-12-20 00:00:00+00:00
[2025-12-20T09:58:39.467+0000] {logging_mixin.py:188} INFO - [2025-12-20T09:58:39.467+0000] {dag.py:3954} INFO - Setting next_dagrun for dataset_produces_2 to None, run_after=None
[2025-12-20T09:58:39.499+0000] {processor.py:183} INFO - Processing /home/airflow/.local/lib/python3.12/site-packages/airflow/example_dags/example_datasets.py took 0.140 seconds
[2025-12-20T09:59:09.827+0000] {processor.py:161} INFO - Started process (PID=802) to work on /home/airflow/.local/lib/python3.12/site-packages/airflow/example_dags/example_datasets.py
[2025-12-20T09:59:09.828+0000] {processor.py:830} INFO - Processing file /home/airflow/.local/lib/python3.12/site-packages/airflow/example_dags/example_datasets.py for tasks to queue
[2025-12-20T09:59:09.829+0000] {logging_mixin.py:188} INFO - [2025-12-20T09:59:09.829+0000] {dagbag.py:545} INFO - Filling up the DagBag from /home/airflow/.local/lib/python3.12/site-packages/airflow/example_dags/example_datasets.py
[2025-12-20T09:59:09.843+0000] {processor.py:840} INFO - DAG(s) 'dataset_produces_2', 'consume_1_or_both_2_and_3_with_dataset_expressions', 'consume_1_and_2_with_dataset_expressions', 'consume_1_or_2_with_dataset_expressions', 'dataset_consumes_1_and_2', 'dataset_produces_1', 'dataset_consumes_unknown_never_scheduled', 'dataset_consumes_1', 'conditional_dataset_and_time_based_timetable', 'dataset_consumes_1_never_scheduled' retrieved from /home/airflow/.local/lib/python3.12/site-packages/airflow/example_dags/example_datasets.py
[2025-12-20T09:59:09.916+0000] {logging_mixin.py:188} INFO - [2025-12-20T09:59:09.916+0000] {dag.py:3096} INFO - Sync 10 DAGs
[2025-12-20T09:59:09.946+0000] {logging_mixin.py:188} INFO - [2025-12-20T09:59:09.945+0000] {dag.py:3954} INFO - Setting next_dagrun for conditional_dataset_and_time_based_timetable to 2025-12-17 01:00:00+00:00, run_after=2025-12-17 01:00:00+00:00
[2025-12-20T09:59:09.951+0000] {logging_mixin.py:188} INFO - [2025-12-20T09:59:09.951+0000] {dag.py:3954} INFO - Setting next_dagrun for consume_1_and_2_with_dataset_expressions to None, run_after=None
[2025-12-20T09:59:09.953+0000] {logging_mixin.py:188} INFO - [2025-12-20T09:59:09.953+0000] {dag.py:3954} INFO - Setting next_dagrun for consume_1_or_2_with_dataset_expressions to None, run_after=None
[2025-12-20T09:59:09.955+0000] {logging_mixin.py:188} INFO - [2025-12-20T09:59:09.955+0000] {dag.py:3954} INFO - Setting next_dagrun for consume_1_or_both_2_and_3_with_dataset_expressions to None, run_after=None
[2025-12-20T09:59:09.958+0000] {logging_mixin.py:188} INFO - [2025-12-20T09:59:09.958+0000] {dag.py:3954} INFO - Setting next_dagrun for dataset_consumes_1 to None, run_after=None
[2025-12-20T09:59:09.961+0000] {logging_mixin.py:188} INFO - [2025-12-20T09:59:09.961+0000] {dag.py:3954} INFO - Setting next_dagrun for dataset_consumes_1_and_2 to None, run_after=None
[2025-12-20T09:59:09.963+0000] {logging_mixin.py:188} INFO - [2025-12-20T09:59:09.963+0000] {dag.py:3954} INFO - Setting next_dagrun for dataset_consumes_1_never_scheduled to None, run_after=None
[2025-12-20T09:59:09.965+0000] {logging_mixin.py:188} INFO - [2025-12-20T09:59:09.965+0000] {dag.py:3954} INFO - Setting next_dagrun for dataset_consumes_unknown_never_scheduled to None, run_after=None
[2025-12-20T09:59:09.967+0000] {logging_mixin.py:188} INFO - [2025-12-20T09:59:09.967+0000] {dag.py:3954} INFO - Setting next_dagrun for dataset_produces_1 to 2025-12-19 00:00:00+00:00, run_after=2025-12-20 00:00:00+00:00
[2025-12-20T09:59:09.969+0000] {logging_mixin.py:188} INFO - [2025-12-20T09:59:09.969+0000] {dag.py:3954} INFO - Setting next_dagrun for dataset_produces_2 to None, run_after=None
[2025-12-20T09:59:10.008+0000] {processor.py:183} INFO - Processing /home/airflow/.local/lib/python3.12/site-packages/airflow/example_dags/example_datasets.py took 0.187 seconds
[2025-12-20T09:59:40.209+0000] {processor.py:161} INFO - Started process (PID=1063) to work on /home/airflow/.local/lib/python3.12/site-packages/airflow/example_dags/example_datasets.py
[2025-12-20T09:59:40.210+0000] {processor.py:830} INFO - Processing file /home/airflow/.local/lib/python3.12/site-packages/airflow/example_dags/example_datasets.py for tasks to queue
[2025-12-20T09:59:40.211+0000] {logging_mixin.py:188} INFO - [2025-12-20T09:59:40.211+0000] {dagbag.py:545} INFO - Filling up the DagBag from /home/airflow/.local/lib/python3.12/site-packages/airflow/example_dags/example_datasets.py
[2025-12-20T09:59:40.225+0000] {processor.py:840} INFO - DAG(s) 'dataset_consumes_1_never_scheduled', 'dataset_produces_2', 'consume_1_or_both_2_and_3_with_dataset_expressions', 'dataset_consumes_unknown_never_scheduled', 'conditional_dataset_and_time_based_timetable', 'consume_1_and_2_with_dataset_expressions', 'dataset_produces_1', 'consume_1_or_2_with_dataset_expressions', 'dataset_consumes_1', 'dataset_consumes_1_and_2' retrieved from /home/airflow/.local/lib/python3.12/site-packages/airflow/example_dags/example_datasets.py
[2025-12-20T09:59:40.278+0000] {logging_mixin.py:188} INFO - [2025-12-20T09:59:40.277+0000] {dag.py:3096} INFO - Sync 10 DAGs
[2025-12-20T09:59:40.304+0000] {logging_mixin.py:188} INFO - [2025-12-20T09:59:40.304+0000] {dag.py:3954} INFO - Setting next_dagrun for conditional_dataset_and_time_based_timetable to 2025-12-17 01:00:00+00:00, run_after=2025-12-17 01:00:00+00:00
[2025-12-20T09:59:40.308+0000] {logging_mixin.py:188} INFO - [2025-12-20T09:59:40.308+0000] {dag.py:3954} INFO - Setting next_dagrun for consume_1_and_2_with_dataset_expressions to None, run_after=None
[2025-12-20T09:59:40.310+0000] {logging_mixin.py:188} INFO - [2025-12-20T09:59:40.310+0000] {dag.py:3954} INFO - Setting next_dagrun for consume_1_or_2_with_dataset_expressions to None, run_after=None
[2025-12-20T09:59:40.312+0000] {logging_mixin.py:188} INFO - [2025-12-20T09:59:40.312+0000] {dag.py:3954} INFO - Setting next_dagrun for consume_1_or_both_2_and_3_with_dataset_expressions to None, run_after=None
[2025-12-20T09:59:40.313+0000] {logging_mixin.py:188} INFO - [2025-12-20T09:59:40.313+0000] {dag.py:3954} INFO - Setting next_dagrun for dataset_consumes_1 to None, run_after=None
[2025-12-20T09:59:40.316+0000] {logging_mixin.py:188} INFO - [2025-12-20T09:59:40.316+0000] {dag.py:3954} INFO - Setting next_dagrun for dataset_consumes_1_and_2 to None, run_after=None
[2025-12-20T09:59:40.318+0000] {logging_mixin.py:188} INFO - [2025-12-20T09:59:40.318+0000] {dag.py:3954} INFO - Setting next_dagrun for dataset_consumes_1_never_scheduled to None, run_after=None
[2025-12-20T09:59:40.319+0000] {logging_mixin.py:188} INFO - [2025-12-20T09:59:40.319+0000] {dag.py:3954} INFO - Setting next_dagrun for dataset_consumes_unknown_never_scheduled to None, run_after=None
[2025-12-20T09:59:40.322+0000] {logging_mixin.py:188} INFO - [2025-12-20T09:59:40.322+0000] {dag.py:3954} INFO - Setting next_dagrun for dataset_produces_1 to 2025-12-19 00:00:00+00:00, run_after=2025-12-20 00:00:00+00:00
[2025-12-20T09:59:40.324+0000] {logging_mixin.py:188} INFO - [2025-12-20T09:59:40.324+0000] {dag.py:3954} INFO - Setting next_dagrun for dataset_produces_2 to None, run_after=None
[2025-12-20T09:59:40.358+0000] {processor.py:183} INFO - Processing /home/airflow/.local/lib/python3.12/site-packages/airflow/example_dags/example_datasets.py took 0.154 seconds
[2025-12-20T10:00:10.666+0000] {processor.py:161} INFO - Started process (PID=1334) to work on /home/airflow/.local/lib/python3.12/site-packages/airflow/example_dags/example_datasets.py
[2025-12-20T10:00:10.667+0000] {processor.py:830} INFO - Processing file /home/airflow/.local/lib/python3.12/site-packages/airflow/example_dags/example_datasets.py for tasks to queue
[2025-12-20T10:00:10.668+0000] {logging_mixin.py:188} INFO - [2025-12-20T10:00:10.668+0000] {dagbag.py:545} INFO - Filling up the DagBag from /home/airflow/.local/lib/python3.12/site-packages/airflow/example_dags/example_datasets.py
[2025-12-20T10:00:10.683+0000] {processor.py:840} INFO - DAG(s) 'dataset_consumes_1', 'dataset_produces_1', 'consume_1_and_2_with_dataset_expressions', 'dataset_produces_2', 'dataset_consumes_1_never_scheduled', 'dataset_consumes_unknown_never_scheduled', 'consume_1_or_2_with_dataset_expressions', 'consume_1_or_both_2_and_3_with_dataset_expressions', 'conditional_dataset_and_time_based_timetable', 'dataset_consumes_1_and_2' retrieved from /home/airflow/.local/lib/python3.12/site-packages/airflow/example_dags/example_datasets.py
[2025-12-20T10:00:10.739+0000] {logging_mixin.py:188} INFO - [2025-12-20T10:00:10.739+0000] {dag.py:3096} INFO - Sync 10 DAGs
[2025-12-20T10:00:10.767+0000] {logging_mixin.py:188} INFO - [2025-12-20T10:00:10.767+0000] {dag.py:3954} INFO - Setting next_dagrun for conditional_dataset_and_time_based_timetable to 2025-12-17 01:00:00+00:00, run_after=2025-12-17 01:00:00+00:00
[2025-12-20T10:00:10.772+0000] {logging_mixin.py:188} INFO - [2025-12-20T10:00:10.771+0000] {dag.py:3954} INFO - Setting next_dagrun for consume_1_and_2_with_dataset_expressions to None, run_after=None
[2025-12-20T10:00:10.774+0000] {logging_mixin.py:188} INFO - [2025-12-20T10:00:10.774+0000] {dag.py:3954} INFO - Setting next_dagrun for consume_1_or_2_with_dataset_expressions to None, run_after=None
[2025-12-20T10:00:10.777+0000] {logging_mixin.py:188} INFO - [2025-12-20T10:00:10.777+0000] {dag.py:3954} INFO - Setting next_dagrun for consume_1_or_both_2_and_3_with_dataset_expressions to None, run_after=None
[2025-12-20T10:00:10.780+0000] {logging_mixin.py:188} INFO - [2025-12-20T10:00:10.780+0000] {dag.py:3954} INFO - Setting next_dagrun for dataset_consumes_1 to None, run_after=None
[2025-12-20T10:00:10.781+0000] {logging_mixin.py:188} INFO - [2025-12-20T10:00:10.781+0000] {dag.py:3954} INFO - Setting next_dagrun for dataset_consumes_1_and_2 to None, run_after=None
[2025-12-20T10:00:10.783+0000] {logging_mixin.py:188} INFO - [2025-12-20T10:00:10.783+0000] {dag.py:3954} INFO - Setting next_dagrun for dataset_consumes_1_never_scheduled to None, run_after=None
[2025-12-20T10:00:10.784+0000] {logging_mixin.py:188} INFO - [2025-12-20T10:00:10.784+0000] {dag.py:3954} INFO - Setting next_dagrun for dataset_consumes_unknown_never_scheduled to None, run_after=None
[2025-12-20T10:00:10.787+0000] {logging_mixin.py:188} INFO - [2025-12-20T10:00:10.787+0000] {dag.py:3954} INFO - Setting next_dagrun for dataset_produces_1 to 2025-12-19 00:00:00+00:00, run_after=2025-12-20 00:00:00+00:00
[2025-12-20T10:00:10.789+0000] {logging_mixin.py:188} INFO - [2025-12-20T10:00:10.789+0000] {dag.py:3954} INFO - Setting next_dagrun for dataset_produces_2 to None, run_after=None
[2025-12-20T10:00:10.828+0000] {processor.py:183} INFO - Processing /home/airflow/.local/lib/python3.12/site-packages/airflow/example_dags/example_datasets.py took 0.167 seconds
[2025-12-20T10:00:41.345+0000] {processor.py:161} INFO - Started process (PID=1605) to work on /home/airflow/.local/lib/python3.12/site-packages/airflow/example_dags/example_datasets.py
[2025-12-20T10:00:41.346+0000] {processor.py:830} INFO - Processing file /home/airflow/.local/lib/python3.12/site-packages/airflow/example_dags/example_datasets.py for tasks to queue
[2025-12-20T10:00:41.347+0000] {logging_mixin.py:188} INFO - [2025-12-20T10:00:41.347+0000] {dagbag.py:545} INFO - Filling up the DagBag from /home/airflow/.local/lib/python3.12/site-packages/airflow/example_dags/example_datasets.py
[2025-12-20T10:00:41.361+0000] {processor.py:840} INFO - DAG(s) 'dataset_produces_2', 'dataset_consumes_1', 'dataset_produces_1', 'consume_1_and_2_with_dataset_expressions', 'consume_1_or_2_with_dataset_expressions', 'dataset_consumes_1_and_2', 'conditional_dataset_and_time_based_timetable', 'dataset_consumes_unknown_never_scheduled', 'consume_1_or_both_2_and_3_with_dataset_expressions', 'dataset_consumes_1_never_scheduled' retrieved from /home/airflow/.local/lib/python3.12/site-packages/airflow/example_dags/example_datasets.py
[2025-12-20T10:00:41.412+0000] {logging_mixin.py:188} INFO - [2025-12-20T10:00:41.412+0000] {dag.py:3096} INFO - Sync 10 DAGs
[2025-12-20T10:00:41.436+0000] {logging_mixin.py:188} INFO - [2025-12-20T10:00:41.436+0000] {dag.py:3954} INFO - Setting next_dagrun for conditional_dataset_and_time_based_timetable to 2025-12-17 01:00:00+00:00, run_after=2025-12-17 01:00:00+00:00
[2025-12-20T10:00:41.440+0000] {logging_mixin.py:188} INFO - [2025-12-20T10:00:41.440+0000] {dag.py:3954} INFO - Setting next_dagrun for consume_1_and_2_with_dataset_expressions to None, run_after=None
[2025-12-20T10:00:41.442+0000] {logging_mixin.py:188} INFO - [2025-12-20T10:00:41.442+0000] {dag.py:3954} INFO - Setting next_dagrun for consume_1_or_2_with_dataset_expressions to None, run_after=None
[2025-12-20T10:00:41.443+0000] {logging_mixin.py:188} INFO - [2025-12-20T10:00:41.443+0000] {dag.py:3954} INFO - Setting next_dagrun for consume_1_or_both_2_and_3_with_dataset_expressions to None, run_after=None
[2025-12-20T10:00:41.445+0000] {logging_mixin.py:188} INFO - [2025-12-20T10:00:41.444+0000] {dag.py:3954} INFO - Setting next_dagrun for dataset_consumes_1 to None, run_after=None
[2025-12-20T10:00:41.446+0000] {logging_mixin.py:188} INFO - [2025-12-20T10:00:41.446+0000] {dag.py:3954} INFO - Setting next_dagrun for dataset_consumes_1_and_2 to None, run_after=None
[2025-12-20T10:00:41.447+0000] {logging_mixin.py:188} INFO - [2025-12-20T10:00:41.447+0000] {dag.py:3954} INFO - Setting next_dagrun for dataset_consumes_1_never_scheduled to None, run_after=None
[2025-12-20T10:00:41.448+0000] {logging_mixin.py:188} INFO - [2025-12-20T10:00:41.448+0000] {dag.py:3954} INFO - Setting next_dagrun for dataset_consumes_unknown_never_scheduled to None, run_after=None
[2025-12-20T10:00:41.450+0000] {logging_mixin.py:188} INFO - [2025-12-20T10:00:41.450+0000] {dag.py:3954} INFO - Setting next_dagrun for dataset_produces_1 to 2025-12-19 00:00:00+00:00, run_after=2025-12-20 00:00:00+00:00
[2025-12-20T10:00:41.452+0000] {logging_mixin.py:188} INFO - [2025-12-20T10:00:41.452+0000] {dag.py:3954} INFO - Setting next_dagrun for dataset_produces_2 to None, run_after=None
[2025-12-20T10:00:41.485+0000] {processor.py:183} INFO - Processing /home/airflow/.local/lib/python3.12/site-packages/airflow/example_dags/example_datasets.py took 0.144 seconds
[2025-12-20T10:01:12.594+0000] {processor.py:161} INFO - Started process (PID=1866) to work on /home/airflow/.local/lib/python3.12/site-packages/airflow/example_dags/example_datasets.py
[2025-12-20T10:01:12.595+0000] {processor.py:830} INFO - Processing file /home/airflow/.local/lib/python3.12/site-packages/airflow/example_dags/example_datasets.py for tasks to queue
[2025-12-20T10:01:12.596+0000] {logging_mixin.py:188} INFO - [2025-12-20T10:01:12.596+0000] {dagbag.py:545} INFO - Filling up the DagBag from /home/airflow/.local/lib/python3.12/site-packages/airflow/example_dags/example_datasets.py
[2025-12-20T10:01:12.612+0000] {processor.py:840} INFO - DAG(s) 'consume_1_or_2_with_dataset_expressions', 'dataset_consumes_unknown_never_scheduled', 'conditional_dataset_and_time_based_timetable', 'dataset_consumes_1', 'consume_1_and_2_with_dataset_expressions', 'dataset_produces_2', 'dataset_produces_1', 'dataset_consumes_1_never_scheduled', 'consume_1_or_both_2_and_3_with_dataset_expressions', 'dataset_consumes_1_and_2' retrieved from /home/airflow/.local/lib/python3.12/site-packages/airflow/example_dags/example_datasets.py
[2025-12-20T10:01:12.659+0000] {logging_mixin.py:188} INFO - [2025-12-20T10:01:12.659+0000] {dag.py:3096} INFO - Sync 10 DAGs
[2025-12-20T10:01:12.685+0000] {logging_mixin.py:188} INFO - [2025-12-20T10:01:12.685+0000] {dag.py:3954} INFO - Setting next_dagrun for conditional_dataset_and_time_based_timetable to 2025-12-17 01:00:00+00:00, run_after=2025-12-17 01:00:00+00:00
[2025-12-20T10:01:12.689+0000] {logging_mixin.py:188} INFO - [2025-12-20T10:01:12.689+0000] {dag.py:3954} INFO - Setting next_dagrun for consume_1_and_2_with_dataset_expressions to None, run_after=None
[2025-12-20T10:01:12.691+0000] {logging_mixin.py:188} INFO - [2025-12-20T10:01:12.691+0000] {dag.py:3954} INFO - Setting next_dagrun for consume_1_or_2_with_dataset_expressions to None, run_after=None
[2025-12-20T10:01:12.692+0000] {logging_mixin.py:188} INFO - [2025-12-20T10:01:12.692+0000] {dag.py:3954} INFO - Setting next_dagrun for consume_1_or_both_2_and_3_with_dataset_expressions to None, run_after=None
[2025-12-20T10:01:12.693+0000] {logging_mixin.py:188} INFO - [2025-12-20T10:01:12.693+0000] {dag.py:3954} INFO - Setting next_dagrun for dataset_consumes_1 to None, run_after=None
[2025-12-20T10:01:12.695+0000] {logging_mixin.py:188} INFO - [2025-12-20T10:01:12.694+0000] {dag.py:3954} INFO - Setting next_dagrun for dataset_consumes_1_and_2 to None, run_after=None
[2025-12-20T10:01:12.696+0000] {logging_mixin.py:188} INFO - [2025-12-20T10:01:12.696+0000] {dag.py:3954} INFO - Setting next_dagrun for dataset_consumes_1_never_scheduled to None, run_after=None
[2025-12-20T10:01:12.697+0000] {logging_mixin.py:188} INFO - [2025-12-20T10:01:12.697+0000] {dag.py:3954} INFO - Setting next_dagrun for dataset_consumes_unknown_never_scheduled to None, run_after=None
[2025-12-20T10:01:12.700+0000] {logging_mixin.py:188} INFO - [2025-12-20T10:01:12.699+0000] {dag.py:3954} INFO - Setting next_dagrun for dataset_produces_1 to 2025-12-19 00:00:00+00:00, run_after=2025-12-20 00:00:00+00:00
[2025-12-20T10:01:12.701+0000] {logging_mixin.py:188} INFO - [2025-12-20T10:01:12.701+0000] {dag.py:3954} INFO - Setting next_dagrun for dataset_produces_2 to None, run_after=None
[2025-12-20T10:01:12.736+0000] {processor.py:183} INFO - Processing /home/airflow/.local/lib/python3.12/site-packages/airflow/example_dags/example_datasets.py took 0.148 seconds
[2025-12-20T10:01:43.136+0000] {processor.py:161} INFO - Started process (PID=2127) to work on /home/airflow/.local/lib/python3.12/site-packages/airflow/example_dags/example_datasets.py
[2025-12-20T10:01:43.137+0000] {processor.py:830} INFO - Processing file /home/airflow/.local/lib/python3.12/site-packages/airflow/example_dags/example_datasets.py for tasks to queue
[2025-12-20T10:01:43.138+0000] {logging_mixin.py:188} INFO - [2025-12-20T10:01:43.137+0000] {dagbag.py:545} INFO - Filling up the DagBag from /home/airflow/.local/lib/python3.12/site-packages/airflow/example_dags/example_datasets.py
[2025-12-20T10:01:43.151+0000] {processor.py:840} INFO - DAG(s) 'dataset_consumes_1_never_scheduled', 'dataset_consumes_1_and_2', 'dataset_produces_1', 'consume_1_and_2_with_dataset_expressions', 'consume_1_or_2_with_dataset_expressions', 'conditional_dataset_and_time_based_timetable', 'dataset_consumes_1', 'dataset_consumes_unknown_never_scheduled', 'dataset_produces_2', 'consume_1_or_both_2_and_3_with_dataset_expressions' retrieved from /home/airflow/.local/lib/python3.12/site-packages/airflow/example_dags/example_datasets.py
[2025-12-20T10:01:43.198+0000] {logging_mixin.py:188} INFO - [2025-12-20T10:01:43.198+0000] {dag.py:3096} INFO - Sync 10 DAGs
[2025-12-20T10:01:43.223+0000] {logging_mixin.py:188} INFO - [2025-12-20T10:01:43.222+0000] {dag.py:3954} INFO - Setting next_dagrun for conditional_dataset_and_time_based_timetable to 2025-12-17 01:00:00+00:00, run_after=2025-12-17 01:00:00+00:00
[2025-12-20T10:01:43.227+0000] {logging_mixin.py:188} INFO - [2025-12-20T10:01:43.227+0000] {dag.py:3954} INFO - Setting next_dagrun for consume_1_and_2_with_dataset_expressions to None, run_after=None
[2025-12-20T10:01:43.228+0000] {logging_mixin.py:188} INFO - [2025-12-20T10:01:43.228+0000] {dag.py:3954} INFO - Setting next_dagrun for consume_1_or_2_with_dataset_expressions to None, run_after=None
[2025-12-20T10:01:43.230+0000] {logging_mixin.py:188} INFO - [2025-12-20T10:01:43.230+0000] {dag.py:3954} INFO - Setting next_dagrun for consume_1_or_both_2_and_3_with_dataset_expressions to None, run_after=None
[2025-12-20T10:01:43.231+0000] {logging_mixin.py:188} INFO - [2025-12-20T10:01:43.231+0000] {dag.py:3954} INFO - Setting next_dagrun for dataset_consumes_1 to None, run_after=None
[2025-12-20T10:01:43.232+0000] {logging_mixin.py:188} INFO - [2025-12-20T10:01:43.232+0000] {dag.py:3954} INFO - Setting next_dagrun for dataset_consumes_1_and_2 to None, run_after=None
[2025-12-20T10:01:43.233+0000] {logging_mixin.py:188} INFO - [2025-12-20T10:01:43.233+0000] {dag.py:3954} INFO - Setting next_dagrun for dataset_consumes_1_never_scheduled to None, run_after=None
[2025-12-20T10:01:43.235+0000] {logging_mixin.py:188} INFO - [2025-12-20T10:01:43.235+0000] {dag.py:3954} INFO - Setting next_dagrun for dataset_consumes_unknown_never_scheduled to None, run_after=None
[2025-12-20T10:01:43.238+0000] {logging_mixin.py:188} INFO - [2025-12-20T10:01:43.237+0000] {dag.py:3954} INFO - Setting next_dagrun for dataset_produces_1 to 2025-12-19 00:00:00+00:00, run_after=2025-12-20 00:00:00+00:00
[2025-12-20T10:01:43.239+0000] {logging_mixin.py:188} INFO - [2025-12-20T10:01:43.239+0000] {dag.py:3954} INFO - Setting next_dagrun for dataset_produces_2 to None, run_after=None
[2025-12-20T10:01:43.274+0000] {processor.py:183} INFO - Processing /home/airflow/.local/lib/python3.12/site-packages/airflow/example_dags/example_datasets.py took 0.143 seconds
[2025-12-20T10:02:13.660+0000] {processor.py:161} INFO - Started process (PID=2390) to work on /home/airflow/.local/lib/python3.12/site-packages/airflow/example_dags/example_datasets.py
[2025-12-20T10:02:13.661+0000] {processor.py:830} INFO - Processing file /home/airflow/.local/lib/python3.12/site-packages/airflow/example_dags/example_datasets.py for tasks to queue
[2025-12-20T10:02:13.662+0000] {logging_mixin.py:188} INFO - [2025-12-20T10:02:13.662+0000] {dagbag.py:545} INFO - Filling up the DagBag from /home/airflow/.local/lib/python3.12/site-packages/airflow/example_dags/example_datasets.py
[2025-12-20T10:02:13.676+0000] {processor.py:840} INFO - DAG(s) 'consume_1_or_2_with_dataset_expressions', 'dataset_consumes_1_and_2', 'dataset_consumes_1', 'conditional_dataset_and_time_based_timetable', 'consume_1_and_2_with_dataset_expressions', 'dataset_produces_2', 'dataset_consumes_1_never_scheduled', 'consume_1_or_both_2_and_3_with_dataset_expressions', 'dataset_consumes_unknown_never_scheduled', 'dataset_produces_1' retrieved from /home/airflow/.local/lib/python3.12/site-packages/airflow/example_dags/example_datasets.py
[2025-12-20T10:02:13.725+0000] {logging_mixin.py:188} INFO - [2025-12-20T10:02:13.724+0000] {dag.py:3096} INFO - Sync 10 DAGs
[2025-12-20T10:02:13.749+0000] {logging_mixin.py:188} INFO - [2025-12-20T10:02:13.749+0000] {dag.py:3954} INFO - Setting next_dagrun for conditional_dataset_and_time_based_timetable to 2025-12-17 01:00:00+00:00, run_after=2025-12-17 01:00:00+00:00
[2025-12-20T10:02:13.753+0000] {logging_mixin.py:188} INFO - [2025-12-20T10:02:13.753+0000] {dag.py:3954} INFO - Setting next_dagrun for consume_1_and_2_with_dataset_expressions to None, run_after=None
[2025-12-20T10:02:13.755+0000] {logging_mixin.py:188} INFO - [2025-12-20T10:02:13.755+0000] {dag.py:3954} INFO - Setting next_dagrun for consume_1_or_2_with_dataset_expressions to None, run_after=None
[2025-12-20T10:02:13.756+0000] {logging_mixin.py:188} INFO - [2025-12-20T10:02:13.756+0000] {dag.py:3954} INFO - Setting next_dagrun for consume_1_or_both_2_and_3_with_dataset_expressions to None, run_after=None
[2025-12-20T10:02:13.758+0000] {logging_mixin.py:188} INFO - [2025-12-20T10:02:13.757+0000] {dag.py:3954} INFO - Setting next_dagrun for dataset_consumes_1 to None, run_after=None
[2025-12-20T10:02:13.759+0000] {logging_mixin.py:188} INFO - [2025-12-20T10:02:13.759+0000] {dag.py:3954} INFO - Setting next_dagrun for dataset_consumes_1_and_2 to None, run_after=None
[2025-12-20T10:02:13.760+0000] {logging_mixin.py:188} INFO - [2025-12-20T10:02:13.760+0000] {dag.py:3954} INFO - Setting next_dagrun for dataset_consumes_1_never_scheduled to None, run_after=None
[2025-12-20T10:02:13.761+0000] {logging_mixin.py:188} INFO - [2025-12-20T10:02:13.761+0000] {dag.py:3954} INFO - Setting next_dagrun for dataset_consumes_unknown_never_scheduled to None, run_after=None
[2025-12-20T10:02:13.764+0000] {logging_mixin.py:188} INFO - [2025-12-20T10:02:13.764+0000] {dag.py:3954} INFO - Setting next_dagrun for dataset_produces_1 to 2025-12-19 00:00:00+00:00, run_after=2025-12-20 00:00:00+00:00
[2025-12-20T10:02:13.765+0000] {logging_mixin.py:188} INFO - [2025-12-20T10:02:13.765+0000] {dag.py:3954} INFO - Setting next_dagrun for dataset_produces_2 to None, run_after=None
[2025-12-20T10:02:13.797+0000] {processor.py:183} INFO - Processing /home/airflow/.local/lib/python3.12/site-packages/airflow/example_dags/example_datasets.py took 0.142 seconds
