[2025-12-20T09:58:06.697+0000] {processor.py:161} INFO - Started process (PID=175) to work on /home/airflow/.local/lib/python3.12/site-packages/airflow/example_dags/example_subdag_operator.py
[2025-12-20T09:58:06.698+0000] {processor.py:830} INFO - Processing file /home/airflow/.local/lib/python3.12/site-packages/airflow/example_dags/example_subdag_operator.py for tasks to queue
[2025-12-20T09:58:06.702+0000] {logging_mixin.py:188} INFO - [2025-12-20T09:58:06.701+0000] {dagbag.py:545} INFO - Filling up the DagBag from /home/airflow/.local/lib/python3.12/site-packages/airflow/example_dags/example_subdag_operator.py
[2025-12-20T09:58:06.732+0000] {processor.py:840} INFO - DAG(s) 'example_subdag_operator.section-1', 'example_subdag_operator.section-2', 'example_subdag_operator' retrieved from /home/airflow/.local/lib/python3.12/site-packages/airflow/example_dags/example_subdag_operator.py
[2025-12-20T09:58:06.775+0000] {logging_mixin.py:188} INFO - [2025-12-20T09:58:06.775+0000] {dag.py:3096} INFO - Sync 3 DAGs
[2025-12-20T09:58:06.802+0000] {logging_mixin.py:188} INFO - [2025-12-20T09:58:06.801+0000] {dag.py:3954} INFO - Setting next_dagrun for example_subdag_operator to 2022-01-01 00:00:00+00:00, run_after=2022-01-01 00:00:00+00:00
[2025-12-20T09:58:06.806+0000] {logging_mixin.py:188} INFO - [2025-12-20T09:58:06.806+0000] {dag.py:3954} INFO - Setting next_dagrun for example_subdag_operator.section-1 to None, run_after=None
[2025-12-20T09:58:06.808+0000] {logging_mixin.py:188} INFO - [2025-12-20T09:58:06.807+0000] {dag.py:3954} INFO - Setting next_dagrun for example_subdag_operator.section-2 to None, run_after=None
[2025-12-20T09:58:06.817+0000] {logging_mixin.py:188} INFO - [2025-12-20T09:58:06.817+0000] {dag.py:3096} INFO - Sync 2 DAGs
[2025-12-20T09:58:06.823+0000] {logging_mixin.py:188} INFO - [2025-12-20T09:58:06.823+0000] {dag.py:3954} INFO - Setting next_dagrun for example_subdag_operator.section-1 to None, run_after=None
[2025-12-20T09:58:06.824+0000] {logging_mixin.py:188} INFO - [2025-12-20T09:58:06.823+0000] {dag.py:3954} INFO - Setting next_dagrun for example_subdag_operator.section-2 to None, run_after=None
[2025-12-20T09:58:06.839+0000] {processor.py:183} INFO - Processing /home/airflow/.local/lib/python3.12/site-packages/airflow/example_dags/example_subdag_operator.py took 0.149 seconds
[2025-12-20T09:58:37.015+0000] {processor.py:161} INFO - Started process (PID=433) to work on /home/airflow/.local/lib/python3.12/site-packages/airflow/example_dags/example_subdag_operator.py
[2025-12-20T09:58:37.016+0000] {processor.py:830} INFO - Processing file /home/airflow/.local/lib/python3.12/site-packages/airflow/example_dags/example_subdag_operator.py for tasks to queue
[2025-12-20T09:58:37.017+0000] {logging_mixin.py:188} INFO - [2025-12-20T09:58:37.017+0000] {dagbag.py:545} INFO - Filling up the DagBag from /home/airflow/.local/lib/python3.12/site-packages/airflow/example_dags/example_subdag_operator.py
[2025-12-20T09:58:37.049+0000] {processor.py:840} INFO - DAG(s) 'example_subdag_operator.section-1', 'example_subdag_operator.section-2', 'example_subdag_operator' retrieved from /home/airflow/.local/lib/python3.12/site-packages/airflow/example_dags/example_subdag_operator.py
[2025-12-20T09:58:37.067+0000] {logging_mixin.py:188} INFO - [2025-12-20T09:58:37.066+0000] {dag.py:3096} INFO - Sync 3 DAGs
[2025-12-20T09:58:37.091+0000] {logging_mixin.py:188} INFO - [2025-12-20T09:58:37.091+0000] {dag.py:3954} INFO - Setting next_dagrun for example_subdag_operator to 2022-01-01 00:00:00+00:00, run_after=2022-01-01 00:00:00+00:00
[2025-12-20T09:58:37.095+0000] {logging_mixin.py:188} INFO - [2025-12-20T09:58:37.095+0000] {dag.py:3954} INFO - Setting next_dagrun for example_subdag_operator.section-1 to None, run_after=None
[2025-12-20T09:58:37.097+0000] {logging_mixin.py:188} INFO - [2025-12-20T09:58:37.097+0000] {dag.py:3954} INFO - Setting next_dagrun for example_subdag_operator.section-2 to None, run_after=None
[2025-12-20T09:58:37.104+0000] {logging_mixin.py:188} INFO - [2025-12-20T09:58:37.104+0000] {dag.py:3096} INFO - Sync 2 DAGs
[2025-12-20T09:58:37.109+0000] {logging_mixin.py:188} INFO - [2025-12-20T09:58:37.109+0000] {dag.py:3954} INFO - Setting next_dagrun for example_subdag_operator.section-1 to None, run_after=None
[2025-12-20T09:58:37.110+0000] {logging_mixin.py:188} INFO - [2025-12-20T09:58:37.110+0000] {dag.py:3954} INFO - Setting next_dagrun for example_subdag_operator.section-2 to None, run_after=None
[2025-12-20T09:58:37.121+0000] {processor.py:183} INFO - Processing /home/airflow/.local/lib/python3.12/site-packages/airflow/example_dags/example_subdag_operator.py took 0.113 seconds
[2025-12-20T09:59:07.406+0000] {processor.py:161} INFO - Started process (PID=697) to work on /home/airflow/.local/lib/python3.12/site-packages/airflow/example_dags/example_subdag_operator.py
[2025-12-20T09:59:07.406+0000] {processor.py:830} INFO - Processing file /home/airflow/.local/lib/python3.12/site-packages/airflow/example_dags/example_subdag_operator.py for tasks to queue
[2025-12-20T09:59:07.407+0000] {logging_mixin.py:188} INFO - [2025-12-20T09:59:07.407+0000] {dagbag.py:545} INFO - Filling up the DagBag from /home/airflow/.local/lib/python3.12/site-packages/airflow/example_dags/example_subdag_operator.py
[2025-12-20T09:59:07.433+0000] {processor.py:840} INFO - DAG(s) 'example_subdag_operator.section-1', 'example_subdag_operator.section-2', 'example_subdag_operator' retrieved from /home/airflow/.local/lib/python3.12/site-packages/airflow/example_dags/example_subdag_operator.py
[2025-12-20T09:59:07.450+0000] {logging_mixin.py:188} INFO - [2025-12-20T09:59:07.450+0000] {dag.py:3096} INFO - Sync 3 DAGs
[2025-12-20T09:59:07.472+0000] {logging_mixin.py:188} INFO - [2025-12-20T09:59:07.472+0000] {dag.py:3954} INFO - Setting next_dagrun for example_subdag_operator to 2022-01-01 00:00:00+00:00, run_after=2022-01-01 00:00:00+00:00
[2025-12-20T09:59:07.477+0000] {logging_mixin.py:188} INFO - [2025-12-20T09:59:07.476+0000] {dag.py:3954} INFO - Setting next_dagrun for example_subdag_operator.section-1 to None, run_after=None
[2025-12-20T09:59:07.478+0000] {logging_mixin.py:188} INFO - [2025-12-20T09:59:07.478+0000] {dag.py:3954} INFO - Setting next_dagrun for example_subdag_operator.section-2 to None, run_after=None
[2025-12-20T09:59:07.486+0000] {logging_mixin.py:188} INFO - [2025-12-20T09:59:07.485+0000] {dag.py:3096} INFO - Sync 2 DAGs
[2025-12-20T09:59:07.492+0000] {logging_mixin.py:188} INFO - [2025-12-20T09:59:07.491+0000] {dag.py:3954} INFO - Setting next_dagrun for example_subdag_operator.section-1 to None, run_after=None
[2025-12-20T09:59:07.492+0000] {logging_mixin.py:188} INFO - [2025-12-20T09:59:07.492+0000] {dag.py:3954} INFO - Setting next_dagrun for example_subdag_operator.section-2 to None, run_after=None
[2025-12-20T09:59:07.503+0000] {processor.py:183} INFO - Processing /home/airflow/.local/lib/python3.12/site-packages/airflow/example_dags/example_subdag_operator.py took 0.104 seconds
[2025-12-20T09:59:37.700+0000] {processor.py:161} INFO - Started process (PID=958) to work on /home/airflow/.local/lib/python3.12/site-packages/airflow/example_dags/example_subdag_operator.py
[2025-12-20T09:59:37.701+0000] {processor.py:830} INFO - Processing file /home/airflow/.local/lib/python3.12/site-packages/airflow/example_dags/example_subdag_operator.py for tasks to queue
[2025-12-20T09:59:37.702+0000] {logging_mixin.py:188} INFO - [2025-12-20T09:59:37.701+0000] {dagbag.py:545} INFO - Filling up the DagBag from /home/airflow/.local/lib/python3.12/site-packages/airflow/example_dags/example_subdag_operator.py
[2025-12-20T09:59:37.731+0000] {processor.py:840} INFO - DAG(s) 'example_subdag_operator.section-1', 'example_subdag_operator.section-2', 'example_subdag_operator' retrieved from /home/airflow/.local/lib/python3.12/site-packages/airflow/example_dags/example_subdag_operator.py
[2025-12-20T09:59:37.749+0000] {logging_mixin.py:188} INFO - [2025-12-20T09:59:37.749+0000] {dag.py:3096} INFO - Sync 3 DAGs
[2025-12-20T09:59:37.774+0000] {logging_mixin.py:188} INFO - [2025-12-20T09:59:37.774+0000] {dag.py:3954} INFO - Setting next_dagrun for example_subdag_operator to 2022-01-01 00:00:00+00:00, run_after=2022-01-01 00:00:00+00:00
[2025-12-20T09:59:37.779+0000] {logging_mixin.py:188} INFO - [2025-12-20T09:59:37.778+0000] {dag.py:3954} INFO - Setting next_dagrun for example_subdag_operator.section-1 to None, run_after=None
[2025-12-20T09:59:37.780+0000] {logging_mixin.py:188} INFO - [2025-12-20T09:59:37.780+0000] {dag.py:3954} INFO - Setting next_dagrun for example_subdag_operator.section-2 to None, run_after=None
[2025-12-20T09:59:37.787+0000] {logging_mixin.py:188} INFO - [2025-12-20T09:59:37.787+0000] {dag.py:3096} INFO - Sync 2 DAGs
[2025-12-20T09:59:37.793+0000] {logging_mixin.py:188} INFO - [2025-12-20T09:59:37.793+0000] {dag.py:3954} INFO - Setting next_dagrun for example_subdag_operator.section-1 to None, run_after=None
[2025-12-20T09:59:37.794+0000] {logging_mixin.py:188} INFO - [2025-12-20T09:59:37.794+0000] {dag.py:3954} INFO - Setting next_dagrun for example_subdag_operator.section-2 to None, run_after=None
[2025-12-20T09:59:37.806+0000] {processor.py:183} INFO - Processing /home/airflow/.local/lib/python3.12/site-packages/airflow/example_dags/example_subdag_operator.py took 0.113 seconds
[2025-12-20T10:00:08.399+0000] {processor.py:161} INFO - Started process (PID=1231) to work on /home/airflow/.local/lib/python3.12/site-packages/airflow/example_dags/example_subdag_operator.py
[2025-12-20T10:00:08.400+0000] {processor.py:830} INFO - Processing file /home/airflow/.local/lib/python3.12/site-packages/airflow/example_dags/example_subdag_operator.py for tasks to queue
[2025-12-20T10:00:08.401+0000] {logging_mixin.py:188} INFO - [2025-12-20T10:00:08.401+0000] {dagbag.py:545} INFO - Filling up the DagBag from /home/airflow/.local/lib/python3.12/site-packages/airflow/example_dags/example_subdag_operator.py
[2025-12-20T10:00:08.429+0000] {processor.py:840} INFO - DAG(s) 'example_subdag_operator.section-1', 'example_subdag_operator.section-2', 'example_subdag_operator' retrieved from /home/airflow/.local/lib/python3.12/site-packages/airflow/example_dags/example_subdag_operator.py
[2025-12-20T10:00:08.448+0000] {logging_mixin.py:188} INFO - [2025-12-20T10:00:08.448+0000] {dag.py:3096} INFO - Sync 3 DAGs
[2025-12-20T10:00:08.473+0000] {logging_mixin.py:188} INFO - [2025-12-20T10:00:08.473+0000] {dag.py:3954} INFO - Setting next_dagrun for example_subdag_operator to 2022-01-01 00:00:00+00:00, run_after=2022-01-01 00:00:00+00:00
[2025-12-20T10:00:08.478+0000] {logging_mixin.py:188} INFO - [2025-12-20T10:00:08.477+0000] {dag.py:3954} INFO - Setting next_dagrun for example_subdag_operator.section-1 to None, run_after=None
[2025-12-20T10:00:08.480+0000] {logging_mixin.py:188} INFO - [2025-12-20T10:00:08.480+0000] {dag.py:3954} INFO - Setting next_dagrun for example_subdag_operator.section-2 to None, run_after=None
[2025-12-20T10:00:08.488+0000] {logging_mixin.py:188} INFO - [2025-12-20T10:00:08.488+0000] {dag.py:3096} INFO - Sync 2 DAGs
[2025-12-20T10:00:08.496+0000] {logging_mixin.py:188} INFO - [2025-12-20T10:00:08.495+0000] {dag.py:3954} INFO - Setting next_dagrun for example_subdag_operator.section-1 to None, run_after=None
[2025-12-20T10:00:08.496+0000] {logging_mixin.py:188} INFO - [2025-12-20T10:00:08.496+0000] {dag.py:3954} INFO - Setting next_dagrun for example_subdag_operator.section-2 to None, run_after=None
[2025-12-20T10:00:08.507+0000] {processor.py:183} INFO - Processing /home/airflow/.local/lib/python3.12/site-packages/airflow/example_dags/example_subdag_operator.py took 0.114 seconds
[2025-12-20T10:00:39.124+0000] {processor.py:161} INFO - Started process (PID=1502) to work on /home/airflow/.local/lib/python3.12/site-packages/airflow/example_dags/example_subdag_operator.py
[2025-12-20T10:00:39.125+0000] {processor.py:830} INFO - Processing file /home/airflow/.local/lib/python3.12/site-packages/airflow/example_dags/example_subdag_operator.py for tasks to queue
[2025-12-20T10:00:39.126+0000] {logging_mixin.py:188} INFO - [2025-12-20T10:00:39.126+0000] {dagbag.py:545} INFO - Filling up the DagBag from /home/airflow/.local/lib/python3.12/site-packages/airflow/example_dags/example_subdag_operator.py
[2025-12-20T10:00:39.154+0000] {processor.py:840} INFO - DAG(s) 'example_subdag_operator.section-1', 'example_subdag_operator.section-2', 'example_subdag_operator' retrieved from /home/airflow/.local/lib/python3.12/site-packages/airflow/example_dags/example_subdag_operator.py
[2025-12-20T10:00:39.172+0000] {logging_mixin.py:188} INFO - [2025-12-20T10:00:39.171+0000] {dag.py:3096} INFO - Sync 3 DAGs
[2025-12-20T10:00:39.200+0000] {logging_mixin.py:188} INFO - [2025-12-20T10:00:39.200+0000] {dag.py:3954} INFO - Setting next_dagrun for example_subdag_operator to 2022-01-01 00:00:00+00:00, run_after=2022-01-01 00:00:00+00:00
[2025-12-20T10:00:39.205+0000] {logging_mixin.py:188} INFO - [2025-12-20T10:00:39.205+0000] {dag.py:3954} INFO - Setting next_dagrun for example_subdag_operator.section-1 to None, run_after=None
[2025-12-20T10:00:39.206+0000] {logging_mixin.py:188} INFO - [2025-12-20T10:00:39.206+0000] {dag.py:3954} INFO - Setting next_dagrun for example_subdag_operator.section-2 to None, run_after=None
[2025-12-20T10:00:39.214+0000] {logging_mixin.py:188} INFO - [2025-12-20T10:00:39.214+0000] {dag.py:3096} INFO - Sync 2 DAGs
[2025-12-20T10:00:39.220+0000] {logging_mixin.py:188} INFO - [2025-12-20T10:00:39.220+0000] {dag.py:3954} INFO - Setting next_dagrun for example_subdag_operator.section-1 to None, run_after=None
[2025-12-20T10:00:39.220+0000] {logging_mixin.py:188} INFO - [2025-12-20T10:00:39.220+0000] {dag.py:3954} INFO - Setting next_dagrun for example_subdag_operator.section-2 to None, run_after=None
[2025-12-20T10:00:39.230+0000] {processor.py:183} INFO - Processing /home/airflow/.local/lib/python3.12/site-packages/airflow/example_dags/example_subdag_operator.py took 0.111 seconds
[2025-12-20T10:01:09.538+0000] {processor.py:161} INFO - Started process (PID=1763) to work on /home/airflow/.local/lib/python3.12/site-packages/airflow/example_dags/example_subdag_operator.py
[2025-12-20T10:01:09.539+0000] {processor.py:830} INFO - Processing file /home/airflow/.local/lib/python3.12/site-packages/airflow/example_dags/example_subdag_operator.py for tasks to queue
[2025-12-20T10:01:09.540+0000] {logging_mixin.py:188} INFO - [2025-12-20T10:01:09.540+0000] {dagbag.py:545} INFO - Filling up the DagBag from /home/airflow/.local/lib/python3.12/site-packages/airflow/example_dags/example_subdag_operator.py
[2025-12-20T10:01:09.563+0000] {processor.py:840} INFO - DAG(s) 'example_subdag_operator.section-1', 'example_subdag_operator.section-2', 'example_subdag_operator' retrieved from /home/airflow/.local/lib/python3.12/site-packages/airflow/example_dags/example_subdag_operator.py
[2025-12-20T10:01:09.579+0000] {logging_mixin.py:188} INFO - [2025-12-20T10:01:09.578+0000] {dag.py:3096} INFO - Sync 3 DAGs
[2025-12-20T10:01:09.598+0000] {logging_mixin.py:188} INFO - [2025-12-20T10:01:09.598+0000] {dag.py:3954} INFO - Setting next_dagrun for example_subdag_operator to 2022-01-01 00:00:00+00:00, run_after=2022-01-01 00:00:00+00:00
[2025-12-20T10:01:09.602+0000] {logging_mixin.py:188} INFO - [2025-12-20T10:01:09.602+0000] {dag.py:3954} INFO - Setting next_dagrun for example_subdag_operator.section-1 to None, run_after=None
[2025-12-20T10:01:09.604+0000] {logging_mixin.py:188} INFO - [2025-12-20T10:01:09.604+0000] {dag.py:3954} INFO - Setting next_dagrun for example_subdag_operator.section-2 to None, run_after=None
[2025-12-20T10:01:09.610+0000] {logging_mixin.py:188} INFO - [2025-12-20T10:01:09.610+0000] {dag.py:3096} INFO - Sync 2 DAGs
[2025-12-20T10:01:09.616+0000] {logging_mixin.py:188} INFO - [2025-12-20T10:01:09.616+0000] {dag.py:3954} INFO - Setting next_dagrun for example_subdag_operator.section-1 to None, run_after=None
[2025-12-20T10:01:09.617+0000] {logging_mixin.py:188} INFO - [2025-12-20T10:01:09.617+0000] {dag.py:3954} INFO - Setting next_dagrun for example_subdag_operator.section-2 to None, run_after=None
[2025-12-20T10:01:09.628+0000] {processor.py:183} INFO - Processing /home/airflow/.local/lib/python3.12/site-packages/airflow/example_dags/example_subdag_operator.py took 0.094 seconds
[2025-12-20T10:01:39.855+0000] {processor.py:161} INFO - Started process (PID=2024) to work on /home/airflow/.local/lib/python3.12/site-packages/airflow/example_dags/example_subdag_operator.py
[2025-12-20T10:01:39.856+0000] {processor.py:830} INFO - Processing file /home/airflow/.local/lib/python3.12/site-packages/airflow/example_dags/example_subdag_operator.py for tasks to queue
[2025-12-20T10:01:39.857+0000] {logging_mixin.py:188} INFO - [2025-12-20T10:01:39.857+0000] {dagbag.py:545} INFO - Filling up the DagBag from /home/airflow/.local/lib/python3.12/site-packages/airflow/example_dags/example_subdag_operator.py
[2025-12-20T10:01:39.881+0000] {processor.py:840} INFO - DAG(s) 'example_subdag_operator.section-1', 'example_subdag_operator.section-2', 'example_subdag_operator' retrieved from /home/airflow/.local/lib/python3.12/site-packages/airflow/example_dags/example_subdag_operator.py
[2025-12-20T10:01:39.902+0000] {logging_mixin.py:188} INFO - [2025-12-20T10:01:39.901+0000] {dag.py:3096} INFO - Sync 3 DAGs
[2025-12-20T10:01:39.923+0000] {logging_mixin.py:188} INFO - [2025-12-20T10:01:39.923+0000] {dag.py:3954} INFO - Setting next_dagrun for example_subdag_operator to 2022-01-01 00:00:00+00:00, run_after=2022-01-01 00:00:00+00:00
[2025-12-20T10:01:39.927+0000] {logging_mixin.py:188} INFO - [2025-12-20T10:01:39.926+0000] {dag.py:3954} INFO - Setting next_dagrun for example_subdag_operator.section-1 to None, run_after=None
[2025-12-20T10:01:39.928+0000] {logging_mixin.py:188} INFO - [2025-12-20T10:01:39.928+0000] {dag.py:3954} INFO - Setting next_dagrun for example_subdag_operator.section-2 to None, run_after=None
[2025-12-20T10:01:39.936+0000] {logging_mixin.py:188} INFO - [2025-12-20T10:01:39.935+0000] {dag.py:3096} INFO - Sync 2 DAGs
[2025-12-20T10:01:39.941+0000] {logging_mixin.py:188} INFO - [2025-12-20T10:01:39.940+0000] {dag.py:3954} INFO - Setting next_dagrun for example_subdag_operator.section-1 to None, run_after=None
[2025-12-20T10:01:39.941+0000] {logging_mixin.py:188} INFO - [2025-12-20T10:01:39.941+0000] {dag.py:3954} INFO - Setting next_dagrun for example_subdag_operator.section-2 to None, run_after=None
[2025-12-20T10:01:39.952+0000] {processor.py:183} INFO - Processing /home/airflow/.local/lib/python3.12/site-packages/airflow/example_dags/example_subdag_operator.py took 0.101 seconds
[2025-12-20T10:02:10.390+0000] {processor.py:161} INFO - Started process (PID=2285) to work on /home/airflow/.local/lib/python3.12/site-packages/airflow/example_dags/example_subdag_operator.py
[2025-12-20T10:02:10.391+0000] {processor.py:830} INFO - Processing file /home/airflow/.local/lib/python3.12/site-packages/airflow/example_dags/example_subdag_operator.py for tasks to queue
[2025-12-20T10:02:10.392+0000] {logging_mixin.py:188} INFO - [2025-12-20T10:02:10.392+0000] {dagbag.py:545} INFO - Filling up the DagBag from /home/airflow/.local/lib/python3.12/site-packages/airflow/example_dags/example_subdag_operator.py
[2025-12-20T10:02:10.417+0000] {processor.py:840} INFO - DAG(s) 'example_subdag_operator.section-1', 'example_subdag_operator.section-2', 'example_subdag_operator' retrieved from /home/airflow/.local/lib/python3.12/site-packages/airflow/example_dags/example_subdag_operator.py
[2025-12-20T10:02:10.433+0000] {logging_mixin.py:188} INFO - [2025-12-20T10:02:10.433+0000] {dag.py:3096} INFO - Sync 3 DAGs
[2025-12-20T10:02:10.455+0000] {logging_mixin.py:188} INFO - [2025-12-20T10:02:10.455+0000] {dag.py:3954} INFO - Setting next_dagrun for example_subdag_operator to 2022-01-01 00:00:00+00:00, run_after=2022-01-01 00:00:00+00:00
[2025-12-20T10:02:10.459+0000] {logging_mixin.py:188} INFO - [2025-12-20T10:02:10.459+0000] {dag.py:3954} INFO - Setting next_dagrun for example_subdag_operator.section-1 to None, run_after=None
[2025-12-20T10:02:10.460+0000] {logging_mixin.py:188} INFO - [2025-12-20T10:02:10.460+0000] {dag.py:3954} INFO - Setting next_dagrun for example_subdag_operator.section-2 to None, run_after=None
[2025-12-20T10:02:10.467+0000] {logging_mixin.py:188} INFO - [2025-12-20T10:02:10.467+0000] {dag.py:3096} INFO - Sync 2 DAGs
[2025-12-20T10:02:10.473+0000] {logging_mixin.py:188} INFO - [2025-12-20T10:02:10.472+0000] {dag.py:3954} INFO - Setting next_dagrun for example_subdag_operator.section-1 to None, run_after=None
[2025-12-20T10:02:10.473+0000] {logging_mixin.py:188} INFO - [2025-12-20T10:02:10.473+0000] {dag.py:3954} INFO - Setting next_dagrun for example_subdag_operator.section-2 to None, run_after=None
[2025-12-20T10:02:10.485+0000] {processor.py:183} INFO - Processing /home/airflow/.local/lib/python3.12/site-packages/airflow/example_dags/example_subdag_operator.py took 0.100 seconds
[2025-12-20T10:02:41.071+0000] {processor.py:161} INFO - Started process (PID=2546) to work on /home/airflow/.local/lib/python3.12/site-packages/airflow/example_dags/example_subdag_operator.py
[2025-12-20T10:02:41.076+0000] {processor.py:830} INFO - Processing file /home/airflow/.local/lib/python3.12/site-packages/airflow/example_dags/example_subdag_operator.py for tasks to queue
[2025-12-20T10:02:41.080+0000] {logging_mixin.py:188} INFO - [2025-12-20T10:02:41.080+0000] {dagbag.py:545} INFO - Filling up the DagBag from /home/airflow/.local/lib/python3.12/site-packages/airflow/example_dags/example_subdag_operator.py
[2025-12-20T10:02:41.134+0000] {processor.py:840} INFO - DAG(s) 'example_subdag_operator.section-1', 'example_subdag_operator.section-2', 'example_subdag_operator' retrieved from /home/airflow/.local/lib/python3.12/site-packages/airflow/example_dags/example_subdag_operator.py
[2025-12-20T10:02:41.172+0000] {logging_mixin.py:188} INFO - [2025-12-20T10:02:41.171+0000] {dag.py:3096} INFO - Sync 3 DAGs
[2025-12-20T10:02:41.208+0000] {logging_mixin.py:188} INFO - [2025-12-20T10:02:41.207+0000] {dag.py:3954} INFO - Setting next_dagrun for example_subdag_operator to 2022-01-01 00:00:00+00:00, run_after=2022-01-01 00:00:00+00:00
[2025-12-20T10:02:41.215+0000] {logging_mixin.py:188} INFO - [2025-12-20T10:02:41.215+0000] {dag.py:3954} INFO - Setting next_dagrun for example_subdag_operator.section-1 to None, run_after=None
[2025-12-20T10:02:41.219+0000] {logging_mixin.py:188} INFO - [2025-12-20T10:02:41.218+0000] {dag.py:3954} INFO - Setting next_dagrun for example_subdag_operator.section-2 to None, run_after=None
[2025-12-20T10:02:41.231+0000] {logging_mixin.py:188} INFO - [2025-12-20T10:02:41.230+0000] {dag.py:3096} INFO - Sync 2 DAGs
[2025-12-20T10:02:41.241+0000] {logging_mixin.py:188} INFO - [2025-12-20T10:02:41.240+0000] {dag.py:3954} INFO - Setting next_dagrun for example_subdag_operator.section-1 to None, run_after=None
[2025-12-20T10:02:41.242+0000] {logging_mixin.py:188} INFO - [2025-12-20T10:02:41.241+0000] {dag.py:3954} INFO - Setting next_dagrun for example_subdag_operator.section-2 to None, run_after=None
[2025-12-20T10:02:41.258+0000] {processor.py:183} INFO - Processing /home/airflow/.local/lib/python3.12/site-packages/airflow/example_dags/example_subdag_operator.py took 0.196 seconds
