[2025-12-20T09:58:10.225+0000] {processor.py:161} INFO - Started process (PID=362) to work on /home/airflow/.local/lib/python3.12/site-packages/airflow/example_dags/example_skip_dag.py
[2025-12-20T09:58:10.227+0000] {processor.py:830} INFO - Processing file /home/airflow/.local/lib/python3.12/site-packages/airflow/example_dags/example_skip_dag.py for tasks to queue
[2025-12-20T09:58:10.229+0000] {logging_mixin.py:188} INFO - [2025-12-20T09:58:10.228+0000] {dagbag.py:545} INFO - Filling up the DagBag from /home/airflow/.local/lib/python3.12/site-packages/airflow/example_dags/example_skip_dag.py
[2025-12-20T09:58:10.235+0000] {processor.py:840} INFO - DAG(s) 'example_skip_dag' retrieved from /home/airflow/.local/lib/python3.12/site-packages/airflow/example_dags/example_skip_dag.py
[2025-12-20T09:58:10.260+0000] {logging_mixin.py:188} INFO - [2025-12-20T09:58:10.259+0000] {dag.py:3096} INFO - Sync 1 DAGs
[2025-12-20T09:58:10.282+0000] {logging_mixin.py:188} INFO - [2025-12-20T09:58:10.282+0000] {dag.py:3954} INFO - Setting next_dagrun for example_skip_dag to 2025-12-19 00:00:00+00:00, run_after=2025-12-20 00:00:00+00:00
[2025-12-20T09:58:10.302+0000] {processor.py:183} INFO - Processing /home/airflow/.local/lib/python3.12/site-packages/airflow/example_dags/example_skip_dag.py took 0.083 seconds
[2025-12-20T09:58:40.482+0000] {processor.py:161} INFO - Started process (PID=623) to work on /home/airflow/.local/lib/python3.12/site-packages/airflow/example_dags/example_skip_dag.py
[2025-12-20T09:58:40.483+0000] {processor.py:830} INFO - Processing file /home/airflow/.local/lib/python3.12/site-packages/airflow/example_dags/example_skip_dag.py for tasks to queue
[2025-12-20T09:58:40.484+0000] {logging_mixin.py:188} INFO - [2025-12-20T09:58:40.484+0000] {dagbag.py:545} INFO - Filling up the DagBag from /home/airflow/.local/lib/python3.12/site-packages/airflow/example_dags/example_skip_dag.py
[2025-12-20T09:58:40.490+0000] {processor.py:840} INFO - DAG(s) 'example_skip_dag' retrieved from /home/airflow/.local/lib/python3.12/site-packages/airflow/example_dags/example_skip_dag.py
[2025-12-20T09:58:40.511+0000] {logging_mixin.py:188} INFO - [2025-12-20T09:58:40.510+0000] {dag.py:3096} INFO - Sync 1 DAGs
[2025-12-20T09:58:40.530+0000] {logging_mixin.py:188} INFO - [2025-12-20T09:58:40.530+0000] {dag.py:3954} INFO - Setting next_dagrun for example_skip_dag to 2025-12-19 00:00:00+00:00, run_after=2025-12-20 00:00:00+00:00
[2025-12-20T09:58:40.547+0000] {processor.py:183} INFO - Processing /home/airflow/.local/lib/python3.12/site-packages/airflow/example_dags/example_skip_dag.py took 0.070 seconds
[2025-12-20T09:59:10.760+0000] {processor.py:161} INFO - Started process (PID=882) to work on /home/airflow/.local/lib/python3.12/site-packages/airflow/example_dags/example_skip_dag.py
[2025-12-20T09:59:10.761+0000] {processor.py:830} INFO - Processing file /home/airflow/.local/lib/python3.12/site-packages/airflow/example_dags/example_skip_dag.py for tasks to queue
[2025-12-20T09:59:10.762+0000] {logging_mixin.py:188} INFO - [2025-12-20T09:59:10.762+0000] {dagbag.py:545} INFO - Filling up the DagBag from /home/airflow/.local/lib/python3.12/site-packages/airflow/example_dags/example_skip_dag.py
[2025-12-20T09:59:10.768+0000] {processor.py:840} INFO - DAG(s) 'example_skip_dag' retrieved from /home/airflow/.local/lib/python3.12/site-packages/airflow/example_dags/example_skip_dag.py
[2025-12-20T09:59:10.791+0000] {logging_mixin.py:188} INFO - [2025-12-20T09:59:10.791+0000] {dag.py:3096} INFO - Sync 1 DAGs
[2025-12-20T09:59:10.813+0000] {logging_mixin.py:188} INFO - [2025-12-20T09:59:10.813+0000] {dag.py:3954} INFO - Setting next_dagrun for example_skip_dag to 2025-12-19 00:00:00+00:00, run_after=2025-12-20 00:00:00+00:00
[2025-12-20T09:59:10.831+0000] {processor.py:183} INFO - Processing /home/airflow/.local/lib/python3.12/site-packages/airflow/example_dags/example_skip_dag.py took 0.076 seconds
[2025-12-20T09:59:41.100+0000] {processor.py:161} INFO - Started process (PID=1143) to work on /home/airflow/.local/lib/python3.12/site-packages/airflow/example_dags/example_skip_dag.py
[2025-12-20T09:59:41.101+0000] {processor.py:830} INFO - Processing file /home/airflow/.local/lib/python3.12/site-packages/airflow/example_dags/example_skip_dag.py for tasks to queue
[2025-12-20T09:59:41.102+0000] {logging_mixin.py:188} INFO - [2025-12-20T09:59:41.102+0000] {dagbag.py:545} INFO - Filling up the DagBag from /home/airflow/.local/lib/python3.12/site-packages/airflow/example_dags/example_skip_dag.py
[2025-12-20T09:59:41.109+0000] {processor.py:840} INFO - DAG(s) 'example_skip_dag' retrieved from /home/airflow/.local/lib/python3.12/site-packages/airflow/example_dags/example_skip_dag.py
[2025-12-20T09:59:41.130+0000] {logging_mixin.py:188} INFO - [2025-12-20T09:59:41.129+0000] {dag.py:3096} INFO - Sync 1 DAGs
[2025-12-20T09:59:41.151+0000] {logging_mixin.py:188} INFO - [2025-12-20T09:59:41.151+0000] {dag.py:3954} INFO - Setting next_dagrun for example_skip_dag to 2025-12-19 00:00:00+00:00, run_after=2025-12-20 00:00:00+00:00
[2025-12-20T09:59:41.168+0000] {processor.py:183} INFO - Processing /home/airflow/.local/lib/python3.12/site-packages/airflow/example_dags/example_skip_dag.py took 0.073 seconds
[2025-12-20T10:00:11.662+0000] {processor.py:161} INFO - Started process (PID=1419) to work on /home/airflow/.local/lib/python3.12/site-packages/airflow/example_dags/example_skip_dag.py
[2025-12-20T10:00:11.663+0000] {processor.py:830} INFO - Processing file /home/airflow/.local/lib/python3.12/site-packages/airflow/example_dags/example_skip_dag.py for tasks to queue
[2025-12-20T10:00:11.664+0000] {logging_mixin.py:188} INFO - [2025-12-20T10:00:11.664+0000] {dagbag.py:545} INFO - Filling up the DagBag from /home/airflow/.local/lib/python3.12/site-packages/airflow/example_dags/example_skip_dag.py
[2025-12-20T10:00:11.670+0000] {processor.py:840} INFO - DAG(s) 'example_skip_dag' retrieved from /home/airflow/.local/lib/python3.12/site-packages/airflow/example_dags/example_skip_dag.py
[2025-12-20T10:00:11.691+0000] {logging_mixin.py:188} INFO - [2025-12-20T10:00:11.691+0000] {dag.py:3096} INFO - Sync 1 DAGs
[2025-12-20T10:00:11.713+0000] {logging_mixin.py:188} INFO - [2025-12-20T10:00:11.713+0000] {dag.py:3954} INFO - Setting next_dagrun for example_skip_dag to 2025-12-19 00:00:00+00:00, run_after=2025-12-20 00:00:00+00:00
[2025-12-20T10:00:11.730+0000] {processor.py:183} INFO - Processing /home/airflow/.local/lib/python3.12/site-packages/airflow/example_dags/example_skip_dag.py took 0.073 seconds
[2025-12-20T10:00:42.224+0000] {processor.py:161} INFO - Started process (PID=1685) to work on /home/airflow/.local/lib/python3.12/site-packages/airflow/example_dags/example_skip_dag.py
[2025-12-20T10:00:42.225+0000] {processor.py:830} INFO - Processing file /home/airflow/.local/lib/python3.12/site-packages/airflow/example_dags/example_skip_dag.py for tasks to queue
[2025-12-20T10:00:42.226+0000] {logging_mixin.py:188} INFO - [2025-12-20T10:00:42.226+0000] {dagbag.py:545} INFO - Filling up the DagBag from /home/airflow/.local/lib/python3.12/site-packages/airflow/example_dags/example_skip_dag.py
[2025-12-20T10:00:42.233+0000] {processor.py:840} INFO - DAG(s) 'example_skip_dag' retrieved from /home/airflow/.local/lib/python3.12/site-packages/airflow/example_dags/example_skip_dag.py
[2025-12-20T10:00:42.255+0000] {logging_mixin.py:188} INFO - [2025-12-20T10:00:42.255+0000] {dag.py:3096} INFO - Sync 1 DAGs
[2025-12-20T10:00:42.276+0000] {logging_mixin.py:188} INFO - [2025-12-20T10:00:42.275+0000] {dag.py:3954} INFO - Setting next_dagrun for example_skip_dag to 2025-12-19 00:00:00+00:00, run_after=2025-12-20 00:00:00+00:00
[2025-12-20T10:00:42.293+0000] {processor.py:183} INFO - Processing /home/airflow/.local/lib/python3.12/site-packages/airflow/example_dags/example_skip_dag.py took 0.074 seconds
[2025-12-20T10:01:13.510+0000] {processor.py:161} INFO - Started process (PID=1946) to work on /home/airflow/.local/lib/python3.12/site-packages/airflow/example_dags/example_skip_dag.py
[2025-12-20T10:01:13.511+0000] {processor.py:830} INFO - Processing file /home/airflow/.local/lib/python3.12/site-packages/airflow/example_dags/example_skip_dag.py for tasks to queue
[2025-12-20T10:01:13.512+0000] {logging_mixin.py:188} INFO - [2025-12-20T10:01:13.511+0000] {dagbag.py:545} INFO - Filling up the DagBag from /home/airflow/.local/lib/python3.12/site-packages/airflow/example_dags/example_skip_dag.py
[2025-12-20T10:01:13.518+0000] {processor.py:840} INFO - DAG(s) 'example_skip_dag' retrieved from /home/airflow/.local/lib/python3.12/site-packages/airflow/example_dags/example_skip_dag.py
[2025-12-20T10:01:13.541+0000] {logging_mixin.py:188} INFO - [2025-12-20T10:01:13.541+0000] {dag.py:3096} INFO - Sync 1 DAGs
[2025-12-20T10:01:13.564+0000] {logging_mixin.py:188} INFO - [2025-12-20T10:01:13.564+0000] {dag.py:3954} INFO - Setting next_dagrun for example_skip_dag to 2025-12-19 00:00:00+00:00, run_after=2025-12-20 00:00:00+00:00
[2025-12-20T10:01:13.583+0000] {processor.py:183} INFO - Processing /home/airflow/.local/lib/python3.12/site-packages/airflow/example_dags/example_skip_dag.py took 0.078 seconds
[2025-12-20T10:01:44.087+0000] {processor.py:161} INFO - Started process (PID=2207) to work on /home/airflow/.local/lib/python3.12/site-packages/airflow/example_dags/example_skip_dag.py
[2025-12-20T10:01:44.088+0000] {processor.py:830} INFO - Processing file /home/airflow/.local/lib/python3.12/site-packages/airflow/example_dags/example_skip_dag.py for tasks to queue
[2025-12-20T10:01:44.089+0000] {logging_mixin.py:188} INFO - [2025-12-20T10:01:44.088+0000] {dagbag.py:545} INFO - Filling up the DagBag from /home/airflow/.local/lib/python3.12/site-packages/airflow/example_dags/example_skip_dag.py
[2025-12-20T10:01:44.095+0000] {processor.py:840} INFO - DAG(s) 'example_skip_dag' retrieved from /home/airflow/.local/lib/python3.12/site-packages/airflow/example_dags/example_skip_dag.py
[2025-12-20T10:01:44.116+0000] {logging_mixin.py:188} INFO - [2025-12-20T10:01:44.116+0000] {dag.py:3096} INFO - Sync 1 DAGs
[2025-12-20T10:01:44.137+0000] {logging_mixin.py:188} INFO - [2025-12-20T10:01:44.137+0000] {dag.py:3954} INFO - Setting next_dagrun for example_skip_dag to 2025-12-19 00:00:00+00:00, run_after=2025-12-20 00:00:00+00:00
[2025-12-20T10:01:44.158+0000] {processor.py:183} INFO - Processing /home/airflow/.local/lib/python3.12/site-packages/airflow/example_dags/example_skip_dag.py took 0.077 seconds
[2025-12-20T10:02:14.598+0000] {processor.py:161} INFO - Started process (PID=2468) to work on /home/airflow/.local/lib/python3.12/site-packages/airflow/example_dags/example_skip_dag.py
[2025-12-20T10:02:14.599+0000] {processor.py:830} INFO - Processing file /home/airflow/.local/lib/python3.12/site-packages/airflow/example_dags/example_skip_dag.py for tasks to queue
[2025-12-20T10:02:14.600+0000] {logging_mixin.py:188} INFO - [2025-12-20T10:02:14.599+0000] {dagbag.py:545} INFO - Filling up the DagBag from /home/airflow/.local/lib/python3.12/site-packages/airflow/example_dags/example_skip_dag.py
[2025-12-20T10:02:14.606+0000] {processor.py:840} INFO - DAG(s) 'example_skip_dag' retrieved from /home/airflow/.local/lib/python3.12/site-packages/airflow/example_dags/example_skip_dag.py
[2025-12-20T10:02:14.628+0000] {logging_mixin.py:188} INFO - [2025-12-20T10:02:14.627+0000] {dag.py:3096} INFO - Sync 1 DAGs
[2025-12-20T10:02:14.648+0000] {logging_mixin.py:188} INFO - [2025-12-20T10:02:14.648+0000] {dag.py:3954} INFO - Setting next_dagrun for example_skip_dag to 2025-12-19 00:00:00+00:00, run_after=2025-12-20 00:00:00+00:00
[2025-12-20T10:02:14.667+0000] {processor.py:183} INFO - Processing /home/airflow/.local/lib/python3.12/site-packages/airflow/example_dags/example_skip_dag.py took 0.074 seconds
