[2025-12-20T09:58:07.542+0000] {processor.py:161} INFO - Started process (PID=210) to work on /home/airflow/.local/lib/python3.12/site-packages/airflow/example_dags/example_sla_dag.py
[2025-12-20T09:58:07.543+0000] {processor.py:830} INFO - Processing file /home/airflow/.local/lib/python3.12/site-packages/airflow/example_dags/example_sla_dag.py for tasks to queue
[2025-12-20T09:58:07.545+0000] {logging_mixin.py:188} INFO - [2025-12-20T09:58:07.544+0000] {dagbag.py:545} INFO - Filling up the DagBag from /home/airflow/.local/lib/python3.12/site-packages/airflow/example_dags/example_sla_dag.py
[2025-12-20T09:58:07.552+0000] {processor.py:840} INFO - DAG(s) 'example_sla_dag' retrieved from /home/airflow/.local/lib/python3.12/site-packages/airflow/example_dags/example_sla_dag.py
[2025-12-20T09:58:07.580+0000] {logging_mixin.py:188} INFO - [2025-12-20T09:58:07.580+0000] {dag.py:3096} INFO - Sync 1 DAGs
[2025-12-20T09:58:07.605+0000] {logging_mixin.py:188} INFO - [2025-12-20T09:58:07.604+0000] {dag.py:3954} INFO - Setting next_dagrun for example_sla_dag to 2025-12-20 09:56:00+00:00, run_after=2025-12-20 09:58:00+00:00
[2025-12-20T09:58:07.622+0000] {processor.py:183} INFO - Processing /home/airflow/.local/lib/python3.12/site-packages/airflow/example_dags/example_sla_dag.py took 0.085 seconds
[2025-12-20T09:58:38.523+0000] {processor.py:161} INFO - Started process (PID=473) to work on /home/airflow/.local/lib/python3.12/site-packages/airflow/example_dags/example_sla_dag.py
[2025-12-20T09:58:38.524+0000] {processor.py:830} INFO - Processing file /home/airflow/.local/lib/python3.12/site-packages/airflow/example_dags/example_sla_dag.py for tasks to queue
[2025-12-20T09:58:38.526+0000] {logging_mixin.py:188} INFO - [2025-12-20T09:58:38.526+0000] {dagbag.py:545} INFO - Filling up the DagBag from /home/airflow/.local/lib/python3.12/site-packages/airflow/example_dags/example_sla_dag.py
[2025-12-20T09:58:38.533+0000] {processor.py:840} INFO - DAG(s) 'example_sla_dag' retrieved from /home/airflow/.local/lib/python3.12/site-packages/airflow/example_dags/example_sla_dag.py
[2025-12-20T09:58:38.554+0000] {logging_mixin.py:188} INFO - [2025-12-20T09:58:38.553+0000] {dag.py:3096} INFO - Sync 1 DAGs
[2025-12-20T09:58:38.579+0000] {logging_mixin.py:188} INFO - [2025-12-20T09:58:38.578+0000] {dag.py:3954} INFO - Setting next_dagrun for example_sla_dag to 2025-12-20 09:56:00+00:00, run_after=2025-12-20 09:58:00+00:00
[2025-12-20T09:58:38.596+0000] {processor.py:183} INFO - Processing /home/airflow/.local/lib/python3.12/site-packages/airflow/example_dags/example_sla_dag.py took 0.078 seconds
[2025-12-20T09:59:08.798+0000] {processor.py:161} INFO - Started process (PID=734) to work on /home/airflow/.local/lib/python3.12/site-packages/airflow/example_dags/example_sla_dag.py
[2025-12-20T09:59:08.799+0000] {processor.py:830} INFO - Processing file /home/airflow/.local/lib/python3.12/site-packages/airflow/example_dags/example_sla_dag.py for tasks to queue
[2025-12-20T09:59:08.799+0000] {logging_mixin.py:188} INFO - [2025-12-20T09:59:08.799+0000] {dagbag.py:545} INFO - Filling up the DagBag from /home/airflow/.local/lib/python3.12/site-packages/airflow/example_dags/example_sla_dag.py
[2025-12-20T09:59:08.806+0000] {processor.py:840} INFO - DAG(s) 'example_sla_dag' retrieved from /home/airflow/.local/lib/python3.12/site-packages/airflow/example_dags/example_sla_dag.py
[2025-12-20T09:59:08.828+0000] {logging_mixin.py:188} INFO - [2025-12-20T09:59:08.827+0000] {dag.py:3096} INFO - Sync 1 DAGs
[2025-12-20T09:59:08.850+0000] {logging_mixin.py:188} INFO - [2025-12-20T09:59:08.850+0000] {dag.py:3954} INFO - Setting next_dagrun for example_sla_dag to 2025-12-20 09:56:00+00:00, run_after=2025-12-20 09:58:00+00:00
[2025-12-20T09:59:08.868+0000] {processor.py:183} INFO - Processing /home/airflow/.local/lib/python3.12/site-packages/airflow/example_dags/example_sla_dag.py took 0.075 seconds
[2025-12-20T09:59:39.189+0000] {processor.py:161} INFO - Started process (PID=995) to work on /home/airflow/.local/lib/python3.12/site-packages/airflow/example_dags/example_sla_dag.py
[2025-12-20T09:59:39.191+0000] {processor.py:830} INFO - Processing file /home/airflow/.local/lib/python3.12/site-packages/airflow/example_dags/example_sla_dag.py for tasks to queue
[2025-12-20T09:59:39.191+0000] {logging_mixin.py:188} INFO - [2025-12-20T09:59:39.191+0000] {dagbag.py:545} INFO - Filling up the DagBag from /home/airflow/.local/lib/python3.12/site-packages/airflow/example_dags/example_sla_dag.py
[2025-12-20T09:59:39.198+0000] {processor.py:840} INFO - DAG(s) 'example_sla_dag' retrieved from /home/airflow/.local/lib/python3.12/site-packages/airflow/example_dags/example_sla_dag.py
[2025-12-20T09:59:39.221+0000] {logging_mixin.py:188} INFO - [2025-12-20T09:59:39.221+0000] {dag.py:3096} INFO - Sync 1 DAGs
[2025-12-20T09:59:39.244+0000] {logging_mixin.py:188} INFO - [2025-12-20T09:59:39.244+0000] {dag.py:3954} INFO - Setting next_dagrun for example_sla_dag to 2025-12-20 09:56:00+00:00, run_after=2025-12-20 09:58:00+00:00
[2025-12-20T09:59:39.261+0000] {processor.py:183} INFO - Processing /home/airflow/.local/lib/python3.12/site-packages/airflow/example_dags/example_sla_dag.py took 0.077 seconds
[2025-12-20T10:00:09.795+0000] {processor.py:161} INFO - Started process (PID=1266) to work on /home/airflow/.local/lib/python3.12/site-packages/airflow/example_dags/example_sla_dag.py
[2025-12-20T10:00:09.796+0000] {processor.py:830} INFO - Processing file /home/airflow/.local/lib/python3.12/site-packages/airflow/example_dags/example_sla_dag.py for tasks to queue
[2025-12-20T10:00:09.797+0000] {logging_mixin.py:188} INFO - [2025-12-20T10:00:09.796+0000] {dagbag.py:545} INFO - Filling up the DagBag from /home/airflow/.local/lib/python3.12/site-packages/airflow/example_dags/example_sla_dag.py
[2025-12-20T10:00:09.804+0000] {processor.py:840} INFO - DAG(s) 'example_sla_dag' retrieved from /home/airflow/.local/lib/python3.12/site-packages/airflow/example_dags/example_sla_dag.py
[2025-12-20T10:00:09.825+0000] {logging_mixin.py:188} INFO - [2025-12-20T10:00:09.825+0000] {dag.py:3096} INFO - Sync 1 DAGs
[2025-12-20T10:00:09.847+0000] {logging_mixin.py:188} INFO - [2025-12-20T10:00:09.847+0000] {dag.py:3954} INFO - Setting next_dagrun for example_sla_dag to 2025-12-20 09:58:00+00:00, run_after=2025-12-20 10:00:00+00:00
[2025-12-20T10:00:09.865+0000] {processor.py:183} INFO - Processing /home/airflow/.local/lib/python3.12/site-packages/airflow/example_dags/example_sla_dag.py took 0.076 seconds
[2025-12-20T10:00:40.497+0000] {processor.py:161} INFO - Started process (PID=1537) to work on /home/airflow/.local/lib/python3.12/site-packages/airflow/example_dags/example_sla_dag.py
[2025-12-20T10:00:40.498+0000] {processor.py:830} INFO - Processing file /home/airflow/.local/lib/python3.12/site-packages/airflow/example_dags/example_sla_dag.py for tasks to queue
[2025-12-20T10:00:40.499+0000] {logging_mixin.py:188} INFO - [2025-12-20T10:00:40.499+0000] {dagbag.py:545} INFO - Filling up the DagBag from /home/airflow/.local/lib/python3.12/site-packages/airflow/example_dags/example_sla_dag.py
[2025-12-20T10:00:40.506+0000] {processor.py:840} INFO - DAG(s) 'example_sla_dag' retrieved from /home/airflow/.local/lib/python3.12/site-packages/airflow/example_dags/example_sla_dag.py
[2025-12-20T10:00:40.528+0000] {logging_mixin.py:188} INFO - [2025-12-20T10:00:40.527+0000] {dag.py:3096} INFO - Sync 1 DAGs
[2025-12-20T10:00:40.552+0000] {logging_mixin.py:188} INFO - [2025-12-20T10:00:40.551+0000] {dag.py:3954} INFO - Setting next_dagrun for example_sla_dag to 2025-12-20 09:58:00+00:00, run_after=2025-12-20 10:00:00+00:00
[2025-12-20T10:00:40.571+0000] {processor.py:183} INFO - Processing /home/airflow/.local/lib/python3.12/site-packages/airflow/example_dags/example_sla_dag.py took 0.079 seconds
[2025-12-20T10:01:11.800+0000] {processor.py:161} INFO - Started process (PID=1798) to work on /home/airflow/.local/lib/python3.12/site-packages/airflow/example_dags/example_sla_dag.py
[2025-12-20T10:01:11.801+0000] {processor.py:830} INFO - Processing file /home/airflow/.local/lib/python3.12/site-packages/airflow/example_dags/example_sla_dag.py for tasks to queue
[2025-12-20T10:01:11.802+0000] {logging_mixin.py:188} INFO - [2025-12-20T10:01:11.802+0000] {dagbag.py:545} INFO - Filling up the DagBag from /home/airflow/.local/lib/python3.12/site-packages/airflow/example_dags/example_sla_dag.py
[2025-12-20T10:01:11.809+0000] {processor.py:840} INFO - DAG(s) 'example_sla_dag' retrieved from /home/airflow/.local/lib/python3.12/site-packages/airflow/example_dags/example_sla_dag.py
[2025-12-20T10:01:11.831+0000] {logging_mixin.py:188} INFO - [2025-12-20T10:01:11.831+0000] {dag.py:3096} INFO - Sync 1 DAGs
[2025-12-20T10:01:11.854+0000] {logging_mixin.py:188} INFO - [2025-12-20T10:01:11.854+0000] {dag.py:3954} INFO - Setting next_dagrun for example_sla_dag to 2025-12-20 09:58:00+00:00, run_after=2025-12-20 10:00:00+00:00
[2025-12-20T10:01:11.873+0000] {processor.py:183} INFO - Processing /home/airflow/.local/lib/python3.12/site-packages/airflow/example_dags/example_sla_dag.py took 0.078 seconds
[2025-12-20T10:01:42.332+0000] {processor.py:161} INFO - Started process (PID=2059) to work on /home/airflow/.local/lib/python3.12/site-packages/airflow/example_dags/example_sla_dag.py
[2025-12-20T10:01:42.333+0000] {processor.py:830} INFO - Processing file /home/airflow/.local/lib/python3.12/site-packages/airflow/example_dags/example_sla_dag.py for tasks to queue
[2025-12-20T10:01:42.333+0000] {logging_mixin.py:188} INFO - [2025-12-20T10:01:42.333+0000] {dagbag.py:545} INFO - Filling up the DagBag from /home/airflow/.local/lib/python3.12/site-packages/airflow/example_dags/example_sla_dag.py
[2025-12-20T10:01:42.340+0000] {processor.py:840} INFO - DAG(s) 'example_sla_dag' retrieved from /home/airflow/.local/lib/python3.12/site-packages/airflow/example_dags/example_sla_dag.py
[2025-12-20T10:01:42.361+0000] {logging_mixin.py:188} INFO - [2025-12-20T10:01:42.361+0000] {dag.py:3096} INFO - Sync 1 DAGs
[2025-12-20T10:01:42.384+0000] {logging_mixin.py:188} INFO - [2025-12-20T10:01:42.384+0000] {dag.py:3954} INFO - Setting next_dagrun for example_sla_dag to 2025-12-20 09:58:00+00:00, run_after=2025-12-20 10:00:00+00:00
[2025-12-20T10:01:42.403+0000] {processor.py:183} INFO - Processing /home/airflow/.local/lib/python3.12/site-packages/airflow/example_dags/example_sla_dag.py took 0.076 seconds
[2025-12-20T10:02:12.774+0000] {processor.py:161} INFO - Started process (PID=2320) to work on /home/airflow/.local/lib/python3.12/site-packages/airflow/example_dags/example_sla_dag.py
[2025-12-20T10:02:12.775+0000] {processor.py:830} INFO - Processing file /home/airflow/.local/lib/python3.12/site-packages/airflow/example_dags/example_sla_dag.py for tasks to queue
[2025-12-20T10:02:12.776+0000] {logging_mixin.py:188} INFO - [2025-12-20T10:02:12.776+0000] {dagbag.py:545} INFO - Filling up the DagBag from /home/airflow/.local/lib/python3.12/site-packages/airflow/example_dags/example_sla_dag.py
[2025-12-20T10:02:12.784+0000] {processor.py:840} INFO - DAG(s) 'example_sla_dag' retrieved from /home/airflow/.local/lib/python3.12/site-packages/airflow/example_dags/example_sla_dag.py
[2025-12-20T10:02:12.804+0000] {logging_mixin.py:188} INFO - [2025-12-20T10:02:12.804+0000] {dag.py:3096} INFO - Sync 1 DAGs
[2025-12-20T10:02:12.827+0000] {logging_mixin.py:188} INFO - [2025-12-20T10:02:12.826+0000] {dag.py:3954} INFO - Setting next_dagrun for example_sla_dag to 2025-12-20 10:00:00+00:00, run_after=2025-12-20 10:02:00+00:00
[2025-12-20T10:02:12.846+0000] {processor.py:183} INFO - Processing /home/airflow/.local/lib/python3.12/site-packages/airflow/example_dags/example_sla_dag.py took 0.077 seconds
