[2025-12-20T09:58:08.018+0000] {processor.py:161} INFO - Started process (PID=240) to work on /home/airflow/.local/lib/python3.12/site-packages/airflow/example_dags/example_task_group.py
[2025-12-20T09:58:08.019+0000] {processor.py:830} INFO - Processing file /home/airflow/.local/lib/python3.12/site-packages/airflow/example_dags/example_task_group.py for tasks to queue
[2025-12-20T09:58:08.020+0000] {logging_mixin.py:188} INFO - [2025-12-20T09:58:08.020+0000] {dagbag.py:545} INFO - Filling up the DagBag from /home/airflow/.local/lib/python3.12/site-packages/airflow/example_dags/example_task_group.py
[2025-12-20T09:58:08.028+0000] {processor.py:840} INFO - DAG(s) 'example_task_group' retrieved from /home/airflow/.local/lib/python3.12/site-packages/airflow/example_dags/example_task_group.py
[2025-12-20T09:58:08.055+0000] {logging_mixin.py:188} INFO - [2025-12-20T09:58:08.055+0000] {dag.py:3096} INFO - Sync 1 DAGs
[2025-12-20T09:58:08.079+0000] {logging_mixin.py:188} INFO - [2025-12-20T09:58:08.079+0000] {dag.py:3954} INFO - Setting next_dagrun for example_task_group to 2025-12-19 00:00:00+00:00, run_after=2025-12-20 00:00:00+00:00
[2025-12-20T09:58:08.099+0000] {processor.py:183} INFO - Processing /home/airflow/.local/lib/python3.12/site-packages/airflow/example_dags/example_task_group.py took 0.086 seconds
[2025-12-20T09:58:38.961+0000] {processor.py:161} INFO - Started process (PID=503) to work on /home/airflow/.local/lib/python3.12/site-packages/airflow/example_dags/example_task_group.py
[2025-12-20T09:58:38.961+0000] {processor.py:830} INFO - Processing file /home/airflow/.local/lib/python3.12/site-packages/airflow/example_dags/example_task_group.py for tasks to queue
[2025-12-20T09:58:38.963+0000] {logging_mixin.py:188} INFO - [2025-12-20T09:58:38.963+0000] {dagbag.py:545} INFO - Filling up the DagBag from /home/airflow/.local/lib/python3.12/site-packages/airflow/example_dags/example_task_group.py
[2025-12-20T09:58:38.969+0000] {processor.py:840} INFO - DAG(s) 'example_task_group' retrieved from /home/airflow/.local/lib/python3.12/site-packages/airflow/example_dags/example_task_group.py
[2025-12-20T09:58:38.990+0000] {logging_mixin.py:188} INFO - [2025-12-20T09:58:38.990+0000] {dag.py:3096} INFO - Sync 1 DAGs
[2025-12-20T09:58:39.010+0000] {logging_mixin.py:188} INFO - [2025-12-20T09:58:39.010+0000] {dag.py:3954} INFO - Setting next_dagrun for example_task_group to 2025-12-19 00:00:00+00:00, run_after=2025-12-20 00:00:00+00:00
[2025-12-20T09:58:39.027+0000] {processor.py:183} INFO - Processing /home/airflow/.local/lib/python3.12/site-packages/airflow/example_dags/example_task_group.py took 0.071 seconds
[2025-12-20T09:59:09.338+0000] {processor.py:161} INFO - Started process (PID=764) to work on /home/airflow/.local/lib/python3.12/site-packages/airflow/example_dags/example_task_group.py
[2025-12-20T09:59:09.340+0000] {processor.py:830} INFO - Processing file /home/airflow/.local/lib/python3.12/site-packages/airflow/example_dags/example_task_group.py for tasks to queue
[2025-12-20T09:59:09.341+0000] {logging_mixin.py:188} INFO - [2025-12-20T09:59:09.340+0000] {dagbag.py:545} INFO - Filling up the DagBag from /home/airflow/.local/lib/python3.12/site-packages/airflow/example_dags/example_task_group.py
[2025-12-20T09:59:09.351+0000] {processor.py:840} INFO - DAG(s) 'example_task_group' retrieved from /home/airflow/.local/lib/python3.12/site-packages/airflow/example_dags/example_task_group.py
[2025-12-20T09:59:09.380+0000] {logging_mixin.py:188} INFO - [2025-12-20T09:59:09.380+0000] {dag.py:3096} INFO - Sync 1 DAGs
[2025-12-20T09:59:09.408+0000] {logging_mixin.py:188} INFO - [2025-12-20T09:59:09.407+0000] {dag.py:3954} INFO - Setting next_dagrun for example_task_group to 2025-12-19 00:00:00+00:00, run_after=2025-12-20 00:00:00+00:00
[2025-12-20T09:59:09.433+0000] {processor.py:183} INFO - Processing /home/airflow/.local/lib/python3.12/site-packages/airflow/example_dags/example_task_group.py took 0.103 seconds
[2025-12-20T09:59:39.649+0000] {processor.py:161} INFO - Started process (PID=1025) to work on /home/airflow/.local/lib/python3.12/site-packages/airflow/example_dags/example_task_group.py
[2025-12-20T09:59:39.650+0000] {processor.py:830} INFO - Processing file /home/airflow/.local/lib/python3.12/site-packages/airflow/example_dags/example_task_group.py for tasks to queue
[2025-12-20T09:59:39.651+0000] {logging_mixin.py:188} INFO - [2025-12-20T09:59:39.651+0000] {dagbag.py:545} INFO - Filling up the DagBag from /home/airflow/.local/lib/python3.12/site-packages/airflow/example_dags/example_task_group.py
[2025-12-20T09:59:39.658+0000] {processor.py:840} INFO - DAG(s) 'example_task_group' retrieved from /home/airflow/.local/lib/python3.12/site-packages/airflow/example_dags/example_task_group.py
[2025-12-20T09:59:39.679+0000] {logging_mixin.py:188} INFO - [2025-12-20T09:59:39.679+0000] {dag.py:3096} INFO - Sync 1 DAGs
[2025-12-20T09:59:39.698+0000] {logging_mixin.py:188} INFO - [2025-12-20T09:59:39.698+0000] {dag.py:3954} INFO - Setting next_dagrun for example_task_group to 2025-12-19 00:00:00+00:00, run_after=2025-12-20 00:00:00+00:00
[2025-12-20T09:59:39.715+0000] {processor.py:183} INFO - Processing /home/airflow/.local/lib/python3.12/site-packages/airflow/example_dags/example_task_group.py took 0.071 seconds
[2025-12-20T10:00:10.253+0000] {processor.py:161} INFO - Started process (PID=1296) to work on /home/airflow/.local/lib/python3.12/site-packages/airflow/example_dags/example_task_group.py
[2025-12-20T10:00:10.254+0000] {processor.py:830} INFO - Processing file /home/airflow/.local/lib/python3.12/site-packages/airflow/example_dags/example_task_group.py for tasks to queue
[2025-12-20T10:00:10.255+0000] {logging_mixin.py:188} INFO - [2025-12-20T10:00:10.255+0000] {dagbag.py:545} INFO - Filling up the DagBag from /home/airflow/.local/lib/python3.12/site-packages/airflow/example_dags/example_task_group.py
[2025-12-20T10:00:10.262+0000] {processor.py:840} INFO - DAG(s) 'example_task_group' retrieved from /home/airflow/.local/lib/python3.12/site-packages/airflow/example_dags/example_task_group.py
[2025-12-20T10:00:10.283+0000] {logging_mixin.py:188} INFO - [2025-12-20T10:00:10.283+0000] {dag.py:3096} INFO - Sync 1 DAGs
[2025-12-20T10:00:10.305+0000] {logging_mixin.py:188} INFO - [2025-12-20T10:00:10.305+0000] {dag.py:3954} INFO - Setting next_dagrun for example_task_group to 2025-12-19 00:00:00+00:00, run_after=2025-12-20 00:00:00+00:00
[2025-12-20T10:00:10.324+0000] {processor.py:183} INFO - Processing /home/airflow/.local/lib/python3.12/site-packages/airflow/example_dags/example_task_group.py took 0.076 seconds
[2025-12-20T10:00:40.828+0000] {processor.py:161} INFO - Started process (PID=1565) to work on /home/airflow/.local/lib/python3.12/site-packages/airflow/example_dags/example_task_group.py
[2025-12-20T10:00:40.829+0000] {processor.py:830} INFO - Processing file /home/airflow/.local/lib/python3.12/site-packages/airflow/example_dags/example_task_group.py for tasks to queue
[2025-12-20T10:00:40.829+0000] {logging_mixin.py:188} INFO - [2025-12-20T10:00:40.829+0000] {dagbag.py:545} INFO - Filling up the DagBag from /home/airflow/.local/lib/python3.12/site-packages/airflow/example_dags/example_task_group.py
[2025-12-20T10:00:40.836+0000] {processor.py:840} INFO - DAG(s) 'example_task_group' retrieved from /home/airflow/.local/lib/python3.12/site-packages/airflow/example_dags/example_task_group.py
[2025-12-20T10:00:40.858+0000] {logging_mixin.py:188} INFO - [2025-12-20T10:00:40.858+0000] {dag.py:3096} INFO - Sync 1 DAGs
[2025-12-20T10:00:40.882+0000] {logging_mixin.py:188} INFO - [2025-12-20T10:00:40.881+0000] {dag.py:3954} INFO - Setting next_dagrun for example_task_group to 2025-12-19 00:00:00+00:00, run_after=2025-12-20 00:00:00+00:00
[2025-12-20T10:00:40.900+0000] {processor.py:183} INFO - Processing /home/airflow/.local/lib/python3.12/site-packages/airflow/example_dags/example_task_group.py took 0.076 seconds
[2025-12-20T10:01:12.150+0000] {processor.py:161} INFO - Started process (PID=1826) to work on /home/airflow/.local/lib/python3.12/site-packages/airflow/example_dags/example_task_group.py
[2025-12-20T10:01:12.151+0000] {processor.py:830} INFO - Processing file /home/airflow/.local/lib/python3.12/site-packages/airflow/example_dags/example_task_group.py for tasks to queue
[2025-12-20T10:01:12.152+0000] {logging_mixin.py:188} INFO - [2025-12-20T10:01:12.151+0000] {dagbag.py:545} INFO - Filling up the DagBag from /home/airflow/.local/lib/python3.12/site-packages/airflow/example_dags/example_task_group.py
[2025-12-20T10:01:12.158+0000] {processor.py:840} INFO - DAG(s) 'example_task_group' retrieved from /home/airflow/.local/lib/python3.12/site-packages/airflow/example_dags/example_task_group.py
[2025-12-20T10:01:12.180+0000] {logging_mixin.py:188} INFO - [2025-12-20T10:01:12.180+0000] {dag.py:3096} INFO - Sync 1 DAGs
[2025-12-20T10:01:12.201+0000] {logging_mixin.py:188} INFO - [2025-12-20T10:01:12.201+0000] {dag.py:3954} INFO - Setting next_dagrun for example_task_group to 2025-12-19 00:00:00+00:00, run_after=2025-12-20 00:00:00+00:00
[2025-12-20T10:01:12.218+0000] {processor.py:183} INFO - Processing /home/airflow/.local/lib/python3.12/site-packages/airflow/example_dags/example_task_group.py took 0.072 seconds
[2025-12-20T10:01:42.637+0000] {processor.py:161} INFO - Started process (PID=2087) to work on /home/airflow/.local/lib/python3.12/site-packages/airflow/example_dags/example_task_group.py
[2025-12-20T10:01:42.638+0000] {processor.py:830} INFO - Processing file /home/airflow/.local/lib/python3.12/site-packages/airflow/example_dags/example_task_group.py for tasks to queue
[2025-12-20T10:01:42.639+0000] {logging_mixin.py:188} INFO - [2025-12-20T10:01:42.638+0000] {dagbag.py:545} INFO - Filling up the DagBag from /home/airflow/.local/lib/python3.12/site-packages/airflow/example_dags/example_task_group.py
[2025-12-20T10:01:42.645+0000] {processor.py:840} INFO - DAG(s) 'example_task_group' retrieved from /home/airflow/.local/lib/python3.12/site-packages/airflow/example_dags/example_task_group.py
[2025-12-20T10:01:42.671+0000] {logging_mixin.py:188} INFO - [2025-12-20T10:01:42.671+0000] {dag.py:3096} INFO - Sync 1 DAGs
[2025-12-20T10:01:42.698+0000] {logging_mixin.py:188} INFO - [2025-12-20T10:01:42.698+0000] {dag.py:3954} INFO - Setting next_dagrun for example_task_group to 2025-12-19 00:00:00+00:00, run_after=2025-12-20 00:00:00+00:00
[2025-12-20T10:01:42.721+0000] {processor.py:183} INFO - Processing /home/airflow/.local/lib/python3.12/site-packages/airflow/example_dags/example_task_group.py took 0.089 seconds
[2025-12-20T10:02:13.087+0000] {processor.py:161} INFO - Started process (PID=2348) to work on /home/airflow/.local/lib/python3.12/site-packages/airflow/example_dags/example_task_group.py
[2025-12-20T10:02:13.088+0000] {processor.py:830} INFO - Processing file /home/airflow/.local/lib/python3.12/site-packages/airflow/example_dags/example_task_group.py for tasks to queue
[2025-12-20T10:02:13.089+0000] {logging_mixin.py:188} INFO - [2025-12-20T10:02:13.088+0000] {dagbag.py:545} INFO - Filling up the DagBag from /home/airflow/.local/lib/python3.12/site-packages/airflow/example_dags/example_task_group.py
[2025-12-20T10:02:13.097+0000] {processor.py:840} INFO - DAG(s) 'example_task_group' retrieved from /home/airflow/.local/lib/python3.12/site-packages/airflow/example_dags/example_task_group.py
[2025-12-20T10:02:13.119+0000] {logging_mixin.py:188} INFO - [2025-12-20T10:02:13.119+0000] {dag.py:3096} INFO - Sync 1 DAGs
[2025-12-20T10:02:13.140+0000] {logging_mixin.py:188} INFO - [2025-12-20T10:02:13.139+0000] {dag.py:3954} INFO - Setting next_dagrun for example_task_group to 2025-12-19 00:00:00+00:00, run_after=2025-12-20 00:00:00+00:00
[2025-12-20T10:02:13.157+0000] {processor.py:183} INFO - Processing /home/airflow/.local/lib/python3.12/site-packages/airflow/example_dags/example_task_group.py took 0.076 seconds
