[2025-12-20T09:58:07.209+0000] {processor.py:161} INFO - Started process (PID=192) to work on /home/airflow/.local/lib/python3.12/site-packages/airflow/example_dags/example_sensors.py
[2025-12-20T09:58:07.210+0000] {processor.py:830} INFO - Processing file /home/airflow/.local/lib/python3.12/site-packages/airflow/example_dags/example_sensors.py for tasks to queue
[2025-12-20T09:58:07.212+0000] {logging_mixin.py:188} INFO - [2025-12-20T09:58:07.211+0000] {dagbag.py:545} INFO - Filling up the DagBag from /home/airflow/.local/lib/python3.12/site-packages/airflow/example_dags/example_sensors.py
[2025-12-20T09:58:07.223+0000] {processor.py:840} INFO - DAG(s) 'example_sensors' retrieved from /home/airflow/.local/lib/python3.12/site-packages/airflow/example_dags/example_sensors.py
[2025-12-20T09:58:07.258+0000] {logging_mixin.py:188} INFO - [2025-12-20T09:58:07.258+0000] {dag.py:3096} INFO - Sync 1 DAGs
[2025-12-20T09:58:07.270+0000] {logging_mixin.py:188} INFO - [2025-12-20T09:58:07.270+0000] {dag.py:3954} INFO - Setting next_dagrun for example_sensors to None, run_after=None
[2025-12-20T09:58:07.288+0000] {processor.py:183} INFO - Processing /home/airflow/.local/lib/python3.12/site-packages/airflow/example_dags/example_sensors.py took 0.084 seconds
[2025-12-20T09:58:37.394+0000] {processor.py:161} INFO - Started process (PID=453) to work on /home/airflow/.local/lib/python3.12/site-packages/airflow/example_dags/example_sensors.py
[2025-12-20T09:58:37.395+0000] {processor.py:830} INFO - Processing file /home/airflow/.local/lib/python3.12/site-packages/airflow/example_dags/example_sensors.py for tasks to queue
[2025-12-20T09:58:37.396+0000] {logging_mixin.py:188} INFO - [2025-12-20T09:58:37.396+0000] {dagbag.py:545} INFO - Filling up the DagBag from /home/airflow/.local/lib/python3.12/site-packages/airflow/example_dags/example_sensors.py
[2025-12-20T09:58:37.404+0000] {processor.py:840} INFO - DAG(s) 'example_sensors' retrieved from /home/airflow/.local/lib/python3.12/site-packages/airflow/example_dags/example_sensors.py
[2025-12-20T09:58:37.432+0000] {logging_mixin.py:188} INFO - [2025-12-20T09:58:37.432+0000] {dag.py:3096} INFO - Sync 1 DAGs
[2025-12-20T09:58:37.445+0000] {logging_mixin.py:188} INFO - [2025-12-20T09:58:37.445+0000] {dag.py:3954} INFO - Setting next_dagrun for example_sensors to None, run_after=None
[2025-12-20T09:58:37.463+0000] {processor.py:183} INFO - Processing /home/airflow/.local/lib/python3.12/site-packages/airflow/example_dags/example_sensors.py took 0.074 seconds
[2025-12-20T09:59:07.653+0000] {processor.py:161} INFO - Started process (PID=714) to work on /home/airflow/.local/lib/python3.12/site-packages/airflow/example_dags/example_sensors.py
[2025-12-20T09:59:07.654+0000] {processor.py:830} INFO - Processing file /home/airflow/.local/lib/python3.12/site-packages/airflow/example_dags/example_sensors.py for tasks to queue
[2025-12-20T09:59:07.655+0000] {logging_mixin.py:188} INFO - [2025-12-20T09:59:07.655+0000] {dagbag.py:545} INFO - Filling up the DagBag from /home/airflow/.local/lib/python3.12/site-packages/airflow/example_dags/example_sensors.py
[2025-12-20T09:59:07.663+0000] {processor.py:840} INFO - DAG(s) 'example_sensors' retrieved from /home/airflow/.local/lib/python3.12/site-packages/airflow/example_dags/example_sensors.py
[2025-12-20T09:59:07.688+0000] {logging_mixin.py:188} INFO - [2025-12-20T09:59:07.687+0000] {dag.py:3096} INFO - Sync 1 DAGs
[2025-12-20T09:59:07.699+0000] {logging_mixin.py:188} INFO - [2025-12-20T09:59:07.699+0000] {dag.py:3954} INFO - Setting next_dagrun for example_sensors to None, run_after=None
[2025-12-20T09:59:07.717+0000] {processor.py:183} INFO - Processing /home/airflow/.local/lib/python3.12/site-packages/airflow/example_dags/example_sensors.py took 0.069 seconds
[2025-12-20T09:59:37.957+0000] {processor.py:161} INFO - Started process (PID=975) to work on /home/airflow/.local/lib/python3.12/site-packages/airflow/example_dags/example_sensors.py
[2025-12-20T09:59:37.958+0000] {processor.py:830} INFO - Processing file /home/airflow/.local/lib/python3.12/site-packages/airflow/example_dags/example_sensors.py for tasks to queue
[2025-12-20T09:59:37.960+0000] {logging_mixin.py:188} INFO - [2025-12-20T09:59:37.960+0000] {dagbag.py:545} INFO - Filling up the DagBag from /home/airflow/.local/lib/python3.12/site-packages/airflow/example_dags/example_sensors.py
[2025-12-20T09:59:37.968+0000] {processor.py:840} INFO - DAG(s) 'example_sensors' retrieved from /home/airflow/.local/lib/python3.12/site-packages/airflow/example_dags/example_sensors.py
[2025-12-20T09:59:37.994+0000] {logging_mixin.py:188} INFO - [2025-12-20T09:59:37.993+0000] {dag.py:3096} INFO - Sync 1 DAGs
[2025-12-20T09:59:38.006+0000] {logging_mixin.py:188} INFO - [2025-12-20T09:59:38.006+0000] {dag.py:3954} INFO - Setting next_dagrun for example_sensors to None, run_after=None
[2025-12-20T09:59:38.024+0000] {processor.py:183} INFO - Processing /home/airflow/.local/lib/python3.12/site-packages/airflow/example_dags/example_sensors.py took 0.072 seconds
[2025-12-20T10:00:08.551+0000] {processor.py:161} INFO - Started process (PID=1244) to work on /home/airflow/.local/lib/python3.12/site-packages/airflow/example_dags/example_sensors.py
[2025-12-20T10:00:08.552+0000] {processor.py:830} INFO - Processing file /home/airflow/.local/lib/python3.12/site-packages/airflow/example_dags/example_sensors.py for tasks to queue
[2025-12-20T10:00:08.553+0000] {logging_mixin.py:188} INFO - [2025-12-20T10:00:08.553+0000] {dagbag.py:545} INFO - Filling up the DagBag from /home/airflow/.local/lib/python3.12/site-packages/airflow/example_dags/example_sensors.py
[2025-12-20T10:00:08.563+0000] {processor.py:840} INFO - DAG(s) 'example_sensors' retrieved from /home/airflow/.local/lib/python3.12/site-packages/airflow/example_dags/example_sensors.py
[2025-12-20T10:00:08.592+0000] {logging_mixin.py:188} INFO - [2025-12-20T10:00:08.592+0000] {dag.py:3096} INFO - Sync 1 DAGs
[2025-12-20T10:00:08.606+0000] {logging_mixin.py:188} INFO - [2025-12-20T10:00:08.605+0000] {dag.py:3954} INFO - Setting next_dagrun for example_sensors to None, run_after=None
[2025-12-20T10:00:08.626+0000] {processor.py:183} INFO - Processing /home/airflow/.local/lib/python3.12/site-packages/airflow/example_dags/example_sensors.py took 0.079 seconds
[2025-12-20T10:00:39.273+0000] {processor.py:161} INFO - Started process (PID=1515) to work on /home/airflow/.local/lib/python3.12/site-packages/airflow/example_dags/example_sensors.py
[2025-12-20T10:00:39.274+0000] {processor.py:830} INFO - Processing file /home/airflow/.local/lib/python3.12/site-packages/airflow/example_dags/example_sensors.py for tasks to queue
[2025-12-20T10:00:39.275+0000] {logging_mixin.py:188} INFO - [2025-12-20T10:00:39.275+0000] {dagbag.py:545} INFO - Filling up the DagBag from /home/airflow/.local/lib/python3.12/site-packages/airflow/example_dags/example_sensors.py
[2025-12-20T10:00:39.285+0000] {processor.py:840} INFO - DAG(s) 'example_sensors' retrieved from /home/airflow/.local/lib/python3.12/site-packages/airflow/example_dags/example_sensors.py
[2025-12-20T10:00:39.309+0000] {logging_mixin.py:188} INFO - [2025-12-20T10:00:39.309+0000] {dag.py:3096} INFO - Sync 1 DAGs
[2025-12-20T10:00:39.321+0000] {logging_mixin.py:188} INFO - [2025-12-20T10:00:39.321+0000] {dag.py:3954} INFO - Setting next_dagrun for example_sensors to None, run_after=None
[2025-12-20T10:00:39.339+0000] {processor.py:183} INFO - Processing /home/airflow/.local/lib/python3.12/site-packages/airflow/example_dags/example_sensors.py took 0.074 seconds
[2025-12-20T10:01:09.667+0000] {processor.py:161} INFO - Started process (PID=1776) to work on /home/airflow/.local/lib/python3.12/site-packages/airflow/example_dags/example_sensors.py
[2025-12-20T10:01:09.668+0000] {processor.py:830} INFO - Processing file /home/airflow/.local/lib/python3.12/site-packages/airflow/example_dags/example_sensors.py for tasks to queue
[2025-12-20T10:01:09.669+0000] {logging_mixin.py:188} INFO - [2025-12-20T10:01:09.669+0000] {dagbag.py:545} INFO - Filling up the DagBag from /home/airflow/.local/lib/python3.12/site-packages/airflow/example_dags/example_sensors.py
[2025-12-20T10:01:09.677+0000] {processor.py:840} INFO - DAG(s) 'example_sensors' retrieved from /home/airflow/.local/lib/python3.12/site-packages/airflow/example_dags/example_sensors.py
[2025-12-20T10:01:09.702+0000] {logging_mixin.py:188} INFO - [2025-12-20T10:01:09.702+0000] {dag.py:3096} INFO - Sync 1 DAGs
[2025-12-20T10:01:09.713+0000] {logging_mixin.py:188} INFO - [2025-12-20T10:01:09.713+0000] {dag.py:3954} INFO - Setting next_dagrun for example_sensors to None, run_after=None
[2025-12-20T10:01:09.732+0000] {processor.py:183} INFO - Processing /home/airflow/.local/lib/python3.12/site-packages/airflow/example_dags/example_sensors.py took 0.069 seconds
[2025-12-20T10:01:40.103+0000] {processor.py:161} INFO - Started process (PID=2039) to work on /home/airflow/.local/lib/python3.12/site-packages/airflow/example_dags/example_sensors.py
[2025-12-20T10:01:40.104+0000] {processor.py:830} INFO - Processing file /home/airflow/.local/lib/python3.12/site-packages/airflow/example_dags/example_sensors.py for tasks to queue
[2025-12-20T10:01:40.105+0000] {logging_mixin.py:188} INFO - [2025-12-20T10:01:40.104+0000] {dagbag.py:545} INFO - Filling up the DagBag from /home/airflow/.local/lib/python3.12/site-packages/airflow/example_dags/example_sensors.py
[2025-12-20T10:01:40.113+0000] {processor.py:840} INFO - DAG(s) 'example_sensors' retrieved from /home/airflow/.local/lib/python3.12/site-packages/airflow/example_dags/example_sensors.py
[2025-12-20T10:01:40.139+0000] {logging_mixin.py:188} INFO - [2025-12-20T10:01:40.139+0000] {dag.py:3096} INFO - Sync 1 DAGs
[2025-12-20T10:01:40.152+0000] {logging_mixin.py:188} INFO - [2025-12-20T10:01:40.151+0000] {dag.py:3954} INFO - Setting next_dagrun for example_sensors to None, run_after=None
[2025-12-20T10:01:40.170+0000] {processor.py:183} INFO - Processing /home/airflow/.local/lib/python3.12/site-packages/airflow/example_dags/example_sensors.py took 0.073 seconds
[2025-12-20T10:02:10.640+0000] {processor.py:161} INFO - Started process (PID=2300) to work on /home/airflow/.local/lib/python3.12/site-packages/airflow/example_dags/example_sensors.py
[2025-12-20T10:02:10.641+0000] {processor.py:830} INFO - Processing file /home/airflow/.local/lib/python3.12/site-packages/airflow/example_dags/example_sensors.py for tasks to queue
[2025-12-20T10:02:10.642+0000] {logging_mixin.py:188} INFO - [2025-12-20T10:02:10.642+0000] {dagbag.py:545} INFO - Filling up the DagBag from /home/airflow/.local/lib/python3.12/site-packages/airflow/example_dags/example_sensors.py
[2025-12-20T10:02:10.651+0000] {processor.py:840} INFO - DAG(s) 'example_sensors' retrieved from /home/airflow/.local/lib/python3.12/site-packages/airflow/example_dags/example_sensors.py
[2025-12-20T10:02:10.678+0000] {logging_mixin.py:188} INFO - [2025-12-20T10:02:10.677+0000] {dag.py:3096} INFO - Sync 1 DAGs
[2025-12-20T10:02:10.691+0000] {logging_mixin.py:188} INFO - [2025-12-20T10:02:10.690+0000] {dag.py:3954} INFO - Setting next_dagrun for example_sensors to None, run_after=None
[2025-12-20T10:02:10.710+0000] {processor.py:183} INFO - Processing /home/airflow/.local/lib/python3.12/site-packages/airflow/example_dags/example_sensors.py took 0.075 seconds
