[2025-12-20T09:58:08.679+0000] {processor.py:161} INFO - Started process (PID=277) to work on /home/airflow/.local/lib/python3.12/site-packages/airflow/example_dags/example_branch_datetime_operator.py
[2025-12-20T09:58:08.680+0000] {processor.py:830} INFO - Processing file /home/airflow/.local/lib/python3.12/site-packages/airflow/example_dags/example_branch_datetime_operator.py for tasks to queue
[2025-12-20T09:58:08.682+0000] {logging_mixin.py:188} INFO - [2025-12-20T09:58:08.681+0000] {dagbag.py:545} INFO - Filling up the DagBag from /home/airflow/.local/lib/python3.12/site-packages/airflow/example_dags/example_branch_datetime_operator.py
[2025-12-20T09:58:08.692+0000] {processor.py:840} INFO - DAG(s) 'example_branch_datetime_operator_2', 'example_branch_datetime_operator', 'example_branch_datetime_operator_3' retrieved from /home/airflow/.local/lib/python3.12/site-packages/airflow/example_dags/example_branch_datetime_operator.py
[2025-12-20T09:58:08.721+0000] {logging_mixin.py:188} INFO - [2025-12-20T09:58:08.721+0000] {dag.py:3096} INFO - Sync 3 DAGs
[2025-12-20T09:58:08.747+0000] {logging_mixin.py:188} INFO - [2025-12-20T09:58:08.747+0000] {dag.py:3954} INFO - Setting next_dagrun for example_branch_datetime_operator to 2025-12-19 00:00:00+00:00, run_after=2025-12-20 00:00:00+00:00
[2025-12-20T09:58:08.752+0000] {logging_mixin.py:188} INFO - [2025-12-20T09:58:08.752+0000] {dag.py:3954} INFO - Setting next_dagrun for example_branch_datetime_operator_2 to 2025-12-19 00:00:00+00:00, run_after=2025-12-20 00:00:00+00:00
[2025-12-20T09:58:08.755+0000] {logging_mixin.py:188} INFO - [2025-12-20T09:58:08.754+0000] {dag.py:3954} INFO - Setting next_dagrun for example_branch_datetime_operator_3 to 2025-12-19 00:00:00+00:00, run_after=2025-12-20 00:00:00+00:00
[2025-12-20T09:58:08.773+0000] {processor.py:183} INFO - Processing /home/airflow/.local/lib/python3.12/site-packages/airflow/example_dags/example_branch_datetime_operator.py took 0.099 seconds
[2025-12-20T09:58:39.296+0000] {processor.py:161} INFO - Started process (PID=536) to work on /home/airflow/.local/lib/python3.12/site-packages/airflow/example_dags/example_branch_datetime_operator.py
[2025-12-20T09:58:39.297+0000] {processor.py:830} INFO - Processing file /home/airflow/.local/lib/python3.12/site-packages/airflow/example_dags/example_branch_datetime_operator.py for tasks to queue
[2025-12-20T09:58:39.298+0000] {logging_mixin.py:188} INFO - [2025-12-20T09:58:39.298+0000] {dagbag.py:545} INFO - Filling up the DagBag from /home/airflow/.local/lib/python3.12/site-packages/airflow/example_dags/example_branch_datetime_operator.py
[2025-12-20T09:58:39.308+0000] {processor.py:840} INFO - DAG(s) 'example_branch_datetime_operator_2', 'example_branch_datetime_operator_3', 'example_branch_datetime_operator' retrieved from /home/airflow/.local/lib/python3.12/site-packages/airflow/example_dags/example_branch_datetime_operator.py
[2025-12-20T09:58:39.334+0000] {logging_mixin.py:188} INFO - [2025-12-20T09:58:39.334+0000] {dag.py:3096} INFO - Sync 3 DAGs
[2025-12-20T09:58:39.360+0000] {logging_mixin.py:188} INFO - [2025-12-20T09:58:39.359+0000] {dag.py:3954} INFO - Setting next_dagrun for example_branch_datetime_operator to 2025-12-19 00:00:00+00:00, run_after=2025-12-20 00:00:00+00:00
[2025-12-20T09:58:39.364+0000] {logging_mixin.py:188} INFO - [2025-12-20T09:58:39.364+0000] {dag.py:3954} INFO - Setting next_dagrun for example_branch_datetime_operator_2 to 2025-12-19 00:00:00+00:00, run_after=2025-12-20 00:00:00+00:00
[2025-12-20T09:58:39.367+0000] {logging_mixin.py:188} INFO - [2025-12-20T09:58:39.367+0000] {dag.py:3954} INFO - Setting next_dagrun for example_branch_datetime_operator_3 to 2025-12-19 00:00:00+00:00, run_after=2025-12-20 00:00:00+00:00
[2025-12-20T09:58:39.383+0000] {processor.py:183} INFO - Processing /home/airflow/.local/lib/python3.12/site-packages/airflow/example_dags/example_branch_datetime_operator.py took 0.091 seconds
[2025-12-20T09:59:09.739+0000] {processor.py:161} INFO - Started process (PID=797) to work on /home/airflow/.local/lib/python3.12/site-packages/airflow/example_dags/example_branch_datetime_operator.py
[2025-12-20T09:59:09.741+0000] {processor.py:830} INFO - Processing file /home/airflow/.local/lib/python3.12/site-packages/airflow/example_dags/example_branch_datetime_operator.py for tasks to queue
[2025-12-20T09:59:09.743+0000] {logging_mixin.py:188} INFO - [2025-12-20T09:59:09.742+0000] {dagbag.py:545} INFO - Filling up the DagBag from /home/airflow/.local/lib/python3.12/site-packages/airflow/example_dags/example_branch_datetime_operator.py
[2025-12-20T09:59:09.757+0000] {processor.py:840} INFO - DAG(s) 'example_branch_datetime_operator_3', 'example_branch_datetime_operator', 'example_branch_datetime_operator_2' retrieved from /home/airflow/.local/lib/python3.12/site-packages/airflow/example_dags/example_branch_datetime_operator.py
[2025-12-20T09:59:09.789+0000] {logging_mixin.py:188} INFO - [2025-12-20T09:59:09.788+0000] {dag.py:3096} INFO - Sync 3 DAGs
[2025-12-20T09:59:09.819+0000] {logging_mixin.py:188} INFO - [2025-12-20T09:59:09.819+0000] {dag.py:3954} INFO - Setting next_dagrun for example_branch_datetime_operator to 2025-12-19 00:00:00+00:00, run_after=2025-12-20 00:00:00+00:00
[2025-12-20T09:59:09.825+0000] {logging_mixin.py:188} INFO - [2025-12-20T09:59:09.825+0000] {dag.py:3954} INFO - Setting next_dagrun for example_branch_datetime_operator_2 to 2025-12-19 00:00:00+00:00, run_after=2025-12-20 00:00:00+00:00
[2025-12-20T09:59:09.828+0000] {logging_mixin.py:188} INFO - [2025-12-20T09:59:09.828+0000] {dag.py:3954} INFO - Setting next_dagrun for example_branch_datetime_operator_3 to 2025-12-19 00:00:00+00:00, run_after=2025-12-20 00:00:00+00:00
[2025-12-20T09:59:09.848+0000] {processor.py:183} INFO - Processing /home/airflow/.local/lib/python3.12/site-packages/airflow/example_dags/example_branch_datetime_operator.py took 0.116 seconds
[2025-12-20T09:59:40.112+0000] {processor.py:161} INFO - Started process (PID=1058) to work on /home/airflow/.local/lib/python3.12/site-packages/airflow/example_dags/example_branch_datetime_operator.py
[2025-12-20T09:59:40.112+0000] {processor.py:830} INFO - Processing file /home/airflow/.local/lib/python3.12/site-packages/airflow/example_dags/example_branch_datetime_operator.py for tasks to queue
[2025-12-20T09:59:40.113+0000] {logging_mixin.py:188} INFO - [2025-12-20T09:59:40.113+0000] {dagbag.py:545} INFO - Filling up the DagBag from /home/airflow/.local/lib/python3.12/site-packages/airflow/example_dags/example_branch_datetime_operator.py
[2025-12-20T09:59:40.122+0000] {processor.py:840} INFO - DAG(s) 'example_branch_datetime_operator_3', 'example_branch_datetime_operator', 'example_branch_datetime_operator_2' retrieved from /home/airflow/.local/lib/python3.12/site-packages/airflow/example_dags/example_branch_datetime_operator.py
[2025-12-20T09:59:40.153+0000] {logging_mixin.py:188} INFO - [2025-12-20T09:59:40.152+0000] {dag.py:3096} INFO - Sync 3 DAGs
[2025-12-20T09:59:40.175+0000] {logging_mixin.py:188} INFO - [2025-12-20T09:59:40.175+0000] {dag.py:3954} INFO - Setting next_dagrun for example_branch_datetime_operator to 2025-12-19 00:00:00+00:00, run_after=2025-12-20 00:00:00+00:00
[2025-12-20T09:59:40.181+0000] {logging_mixin.py:188} INFO - [2025-12-20T09:59:40.180+0000] {dag.py:3954} INFO - Setting next_dagrun for example_branch_datetime_operator_2 to 2025-12-19 00:00:00+00:00, run_after=2025-12-20 00:00:00+00:00
[2025-12-20T09:59:40.183+0000] {logging_mixin.py:188} INFO - [2025-12-20T09:59:40.183+0000] {dag.py:3954} INFO - Setting next_dagrun for example_branch_datetime_operator_3 to 2025-12-19 00:00:00+00:00, run_after=2025-12-20 00:00:00+00:00
[2025-12-20T09:59:40.201+0000] {processor.py:183} INFO - Processing /home/airflow/.local/lib/python3.12/site-packages/airflow/example_dags/example_branch_datetime_operator.py took 0.095 seconds
[2025-12-20T10:00:10.587+0000] {processor.py:161} INFO - Started process (PID=1329) to work on /home/airflow/.local/lib/python3.12/site-packages/airflow/example_dags/example_branch_datetime_operator.py
[2025-12-20T10:00:10.588+0000] {processor.py:830} INFO - Processing file /home/airflow/.local/lib/python3.12/site-packages/airflow/example_dags/example_branch_datetime_operator.py for tasks to queue
[2025-12-20T10:00:10.589+0000] {logging_mixin.py:188} INFO - [2025-12-20T10:00:10.589+0000] {dagbag.py:545} INFO - Filling up the DagBag from /home/airflow/.local/lib/python3.12/site-packages/airflow/example_dags/example_branch_datetime_operator.py
[2025-12-20T10:00:10.599+0000] {processor.py:840} INFO - DAG(s) 'example_branch_datetime_operator_2', 'example_branch_datetime_operator_3', 'example_branch_datetime_operator' retrieved from /home/airflow/.local/lib/python3.12/site-packages/airflow/example_dags/example_branch_datetime_operator.py
[2025-12-20T10:00:10.630+0000] {logging_mixin.py:188} INFO - [2025-12-20T10:00:10.630+0000] {dag.py:3096} INFO - Sync 3 DAGs
[2025-12-20T10:00:10.655+0000] {logging_mixin.py:188} INFO - [2025-12-20T10:00:10.654+0000] {dag.py:3954} INFO - Setting next_dagrun for example_branch_datetime_operator to 2025-12-19 00:00:00+00:00, run_after=2025-12-20 00:00:00+00:00
[2025-12-20T10:00:10.660+0000] {logging_mixin.py:188} INFO - [2025-12-20T10:00:10.660+0000] {dag.py:3954} INFO - Setting next_dagrun for example_branch_datetime_operator_2 to 2025-12-19 00:00:00+00:00, run_after=2025-12-20 00:00:00+00:00
[2025-12-20T10:00:10.663+0000] {logging_mixin.py:188} INFO - [2025-12-20T10:00:10.663+0000] {dag.py:3954} INFO - Setting next_dagrun for example_branch_datetime_operator_3 to 2025-12-19 00:00:00+00:00, run_after=2025-12-20 00:00:00+00:00
[2025-12-20T10:00:10.681+0000] {processor.py:183} INFO - Processing /home/airflow/.local/lib/python3.12/site-packages/airflow/example_dags/example_branch_datetime_operator.py took 0.099 seconds
[2025-12-20T10:00:41.274+0000] {processor.py:161} INFO - Started process (PID=1600) to work on /home/airflow/.local/lib/python3.12/site-packages/airflow/example_dags/example_branch_datetime_operator.py
[2025-12-20T10:00:41.275+0000] {processor.py:830} INFO - Processing file /home/airflow/.local/lib/python3.12/site-packages/airflow/example_dags/example_branch_datetime_operator.py for tasks to queue
[2025-12-20T10:00:41.276+0000] {logging_mixin.py:188} INFO - [2025-12-20T10:00:41.275+0000] {dagbag.py:545} INFO - Filling up the DagBag from /home/airflow/.local/lib/python3.12/site-packages/airflow/example_dags/example_branch_datetime_operator.py
[2025-12-20T10:00:41.285+0000] {processor.py:840} INFO - DAG(s) 'example_branch_datetime_operator_3', 'example_branch_datetime_operator', 'example_branch_datetime_operator_2' retrieved from /home/airflow/.local/lib/python3.12/site-packages/airflow/example_dags/example_branch_datetime_operator.py
[2025-12-20T10:00:41.315+0000] {logging_mixin.py:188} INFO - [2025-12-20T10:00:41.314+0000] {dag.py:3096} INFO - Sync 3 DAGs
[2025-12-20T10:00:41.342+0000] {logging_mixin.py:188} INFO - [2025-12-20T10:00:41.342+0000] {dag.py:3954} INFO - Setting next_dagrun for example_branch_datetime_operator to 2025-12-19 00:00:00+00:00, run_after=2025-12-20 00:00:00+00:00
[2025-12-20T10:00:41.347+0000] {logging_mixin.py:188} INFO - [2025-12-20T10:00:41.347+0000] {dag.py:3954} INFO - Setting next_dagrun for example_branch_datetime_operator_2 to 2025-12-19 00:00:00+00:00, run_after=2025-12-20 00:00:00+00:00
[2025-12-20T10:00:41.350+0000] {logging_mixin.py:188} INFO - [2025-12-20T10:00:41.350+0000] {dag.py:3954} INFO - Setting next_dagrun for example_branch_datetime_operator_3 to 2025-12-19 00:00:00+00:00, run_after=2025-12-20 00:00:00+00:00
[2025-12-20T10:00:41.366+0000] {processor.py:183} INFO - Processing /home/airflow/.local/lib/python3.12/site-packages/airflow/example_dags/example_branch_datetime_operator.py took 0.098 seconds
[2025-12-20T10:01:12.563+0000] {processor.py:161} INFO - Started process (PID=1861) to work on /home/airflow/.local/lib/python3.12/site-packages/airflow/example_dags/example_branch_datetime_operator.py
[2025-12-20T10:01:12.564+0000] {processor.py:830} INFO - Processing file /home/airflow/.local/lib/python3.12/site-packages/airflow/example_dags/example_branch_datetime_operator.py for tasks to queue
[2025-12-20T10:01:12.565+0000] {logging_mixin.py:188} INFO - [2025-12-20T10:01:12.565+0000] {dagbag.py:545} INFO - Filling up the DagBag from /home/airflow/.local/lib/python3.12/site-packages/airflow/example_dags/example_branch_datetime_operator.py
[2025-12-20T10:01:12.580+0000] {processor.py:840} INFO - DAG(s) 'example_branch_datetime_operator', 'example_branch_datetime_operator_2', 'example_branch_datetime_operator_3' retrieved from /home/airflow/.local/lib/python3.12/site-packages/airflow/example_dags/example_branch_datetime_operator.py
[2025-12-20T10:01:12.616+0000] {logging_mixin.py:188} INFO - [2025-12-20T10:01:12.615+0000] {dag.py:3096} INFO - Sync 3 DAGs
[2025-12-20T10:01:12.638+0000] {logging_mixin.py:188} INFO - [2025-12-20T10:01:12.638+0000] {dag.py:3954} INFO - Setting next_dagrun for example_branch_datetime_operator to 2025-12-19 00:00:00+00:00, run_after=2025-12-20 00:00:00+00:00
[2025-12-20T10:01:12.643+0000] {logging_mixin.py:188} INFO - [2025-12-20T10:01:12.643+0000] {dag.py:3954} INFO - Setting next_dagrun for example_branch_datetime_operator_2 to 2025-12-19 00:00:00+00:00, run_after=2025-12-20 00:00:00+00:00
[2025-12-20T10:01:12.646+0000] {logging_mixin.py:188} INFO - [2025-12-20T10:01:12.645+0000] {dag.py:3954} INFO - Setting next_dagrun for example_branch_datetime_operator_3 to 2025-12-19 00:00:00+00:00, run_after=2025-12-20 00:00:00+00:00
[2025-12-20T10:01:12.661+0000] {processor.py:183} INFO - Processing /home/airflow/.local/lib/python3.12/site-packages/airflow/example_dags/example_branch_datetime_operator.py took 0.103 seconds
[2025-12-20T10:01:43.115+0000] {processor.py:161} INFO - Started process (PID=2122) to work on /home/airflow/.local/lib/python3.12/site-packages/airflow/example_dags/example_branch_datetime_operator.py
[2025-12-20T10:01:43.116+0000] {processor.py:830} INFO - Processing file /home/airflow/.local/lib/python3.12/site-packages/airflow/example_dags/example_branch_datetime_operator.py for tasks to queue
[2025-12-20T10:01:43.117+0000] {logging_mixin.py:188} INFO - [2025-12-20T10:01:43.117+0000] {dagbag.py:545} INFO - Filling up the DagBag from /home/airflow/.local/lib/python3.12/site-packages/airflow/example_dags/example_branch_datetime_operator.py
[2025-12-20T10:01:43.126+0000] {processor.py:840} INFO - DAG(s) 'example_branch_datetime_operator_3', 'example_branch_datetime_operator_2', 'example_branch_datetime_operator' retrieved from /home/airflow/.local/lib/python3.12/site-packages/airflow/example_dags/example_branch_datetime_operator.py
[2025-12-20T10:01:43.157+0000] {logging_mixin.py:188} INFO - [2025-12-20T10:01:43.156+0000] {dag.py:3096} INFO - Sync 3 DAGs
[2025-12-20T10:01:43.180+0000] {logging_mixin.py:188} INFO - [2025-12-20T10:01:43.180+0000] {dag.py:3954} INFO - Setting next_dagrun for example_branch_datetime_operator to 2025-12-19 00:00:00+00:00, run_after=2025-12-20 00:00:00+00:00
[2025-12-20T10:01:43.185+0000] {logging_mixin.py:188} INFO - [2025-12-20T10:01:43.184+0000] {dag.py:3954} INFO - Setting next_dagrun for example_branch_datetime_operator_2 to 2025-12-19 00:00:00+00:00, run_after=2025-12-20 00:00:00+00:00
[2025-12-20T10:01:43.187+0000] {logging_mixin.py:188} INFO - [2025-12-20T10:01:43.187+0000] {dag.py:3954} INFO - Setting next_dagrun for example_branch_datetime_operator_3 to 2025-12-19 00:00:00+00:00, run_after=2025-12-20 00:00:00+00:00
[2025-12-20T10:01:43.203+0000] {processor.py:183} INFO - Processing /home/airflow/.local/lib/python3.12/site-packages/airflow/example_dags/example_branch_datetime_operator.py took 0.094 seconds
[2025-12-20T10:02:13.535+0000] {processor.py:161} INFO - Started process (PID=2383) to work on /home/airflow/.local/lib/python3.12/site-packages/airflow/example_dags/example_branch_datetime_operator.py
[2025-12-20T10:02:13.536+0000] {processor.py:830} INFO - Processing file /home/airflow/.local/lib/python3.12/site-packages/airflow/example_dags/example_branch_datetime_operator.py for tasks to queue
[2025-12-20T10:02:13.537+0000] {logging_mixin.py:188} INFO - [2025-12-20T10:02:13.537+0000] {dagbag.py:545} INFO - Filling up the DagBag from /home/airflow/.local/lib/python3.12/site-packages/airflow/example_dags/example_branch_datetime_operator.py
[2025-12-20T10:02:13.547+0000] {processor.py:840} INFO - DAG(s) 'example_branch_datetime_operator_2', 'example_branch_datetime_operator_3', 'example_branch_datetime_operator' retrieved from /home/airflow/.local/lib/python3.12/site-packages/airflow/example_dags/example_branch_datetime_operator.py
[2025-12-20T10:02:13.576+0000] {logging_mixin.py:188} INFO - [2025-12-20T10:02:13.575+0000] {dag.py:3096} INFO - Sync 3 DAGs
[2025-12-20T10:02:13.601+0000] {logging_mixin.py:188} INFO - [2025-12-20T10:02:13.600+0000] {dag.py:3954} INFO - Setting next_dagrun for example_branch_datetime_operator to 2025-12-19 00:00:00+00:00, run_after=2025-12-20 00:00:00+00:00
[2025-12-20T10:02:13.606+0000] {logging_mixin.py:188} INFO - [2025-12-20T10:02:13.606+0000] {dag.py:3954} INFO - Setting next_dagrun for example_branch_datetime_operator_2 to 2025-12-19 00:00:00+00:00, run_after=2025-12-20 00:00:00+00:00
[2025-12-20T10:02:13.609+0000] {logging_mixin.py:188} INFO - [2025-12-20T10:02:13.608+0000] {dag.py:3954} INFO - Setting next_dagrun for example_branch_datetime_operator_3 to 2025-12-19 00:00:00+00:00, run_after=2025-12-20 00:00:00+00:00
[2025-12-20T10:02:13.625+0000] {processor.py:183} INFO - Processing /home/airflow/.local/lib/python3.12/site-packages/airflow/example_dags/example_branch_datetime_operator.py took 0.096 seconds
