[2025-12-20T09:58:10.581+0000] {processor.py:161} INFO - Started process (PID=390) to work on /home/airflow/.local/lib/python3.12/site-packages/airflow/example_dags/example_bash_decorator.py
[2025-12-20T09:58:10.582+0000] {processor.py:830} INFO - Processing file /home/airflow/.local/lib/python3.12/site-packages/airflow/example_dags/example_bash_decorator.py for tasks to queue
[2025-12-20T09:58:10.584+0000] {logging_mixin.py:188} INFO - [2025-12-20T09:58:10.584+0000] {dagbag.py:545} INFO - Filling up the DagBag from /home/airflow/.local/lib/python3.12/site-packages/airflow/example_dags/example_bash_decorator.py
[2025-12-20T09:58:10.602+0000] {processor.py:840} INFO - DAG(s) 'example_bash_decorator' retrieved from /home/airflow/.local/lib/python3.12/site-packages/airflow/example_dags/example_bash_decorator.py
[2025-12-20T09:58:10.708+0000] {logging_mixin.py:188} INFO - [2025-12-20T09:58:10.707+0000] {dag.py:3096} INFO - Sync 1 DAGs
[2025-12-20T09:58:10.719+0000] {logging_mixin.py:188} INFO - [2025-12-20T09:58:10.718+0000] {dag.py:3954} INFO - Setting next_dagrun for example_bash_decorator to None, run_after=None
[2025-12-20T09:58:10.738+0000] {processor.py:183} INFO - Processing /home/airflow/.local/lib/python3.12/site-packages/airflow/example_dags/example_bash_decorator.py took 0.161 seconds
[2025-12-20T09:58:40.788+0000] {processor.py:161} INFO - Started process (PID=648) to work on /home/airflow/.local/lib/python3.12/site-packages/airflow/example_dags/example_bash_decorator.py
[2025-12-20T09:58:40.789+0000] {processor.py:830} INFO - Processing file /home/airflow/.local/lib/python3.12/site-packages/airflow/example_dags/example_bash_decorator.py for tasks to queue
[2025-12-20T09:58:40.791+0000] {logging_mixin.py:188} INFO - [2025-12-20T09:58:40.791+0000] {dagbag.py:545} INFO - Filling up the DagBag from /home/airflow/.local/lib/python3.12/site-packages/airflow/example_dags/example_bash_decorator.py
[2025-12-20T09:58:40.802+0000] {processor.py:840} INFO - DAG(s) 'example_bash_decorator' retrieved from /home/airflow/.local/lib/python3.12/site-packages/airflow/example_dags/example_bash_decorator.py
[2025-12-20T09:58:40.828+0000] {logging_mixin.py:188} INFO - [2025-12-20T09:58:40.828+0000] {dag.py:3096} INFO - Sync 1 DAGs
[2025-12-20T09:58:40.840+0000] {logging_mixin.py:188} INFO - [2025-12-20T09:58:40.840+0000] {dag.py:3954} INFO - Setting next_dagrun for example_bash_decorator to None, run_after=None
[2025-12-20T09:58:40.856+0000] {processor.py:183} INFO - Processing /home/airflow/.local/lib/python3.12/site-packages/airflow/example_dags/example_bash_decorator.py took 0.073 seconds
[2025-12-20T09:59:10.996+0000] {processor.py:161} INFO - Started process (PID=907) to work on /home/airflow/.local/lib/python3.12/site-packages/airflow/example_dags/example_bash_decorator.py
[2025-12-20T09:59:10.997+0000] {processor.py:830} INFO - Processing file /home/airflow/.local/lib/python3.12/site-packages/airflow/example_dags/example_bash_decorator.py for tasks to queue
[2025-12-20T09:59:10.998+0000] {logging_mixin.py:188} INFO - [2025-12-20T09:59:10.998+0000] {dagbag.py:545} INFO - Filling up the DagBag from /home/airflow/.local/lib/python3.12/site-packages/airflow/example_dags/example_bash_decorator.py
[2025-12-20T09:59:11.009+0000] {processor.py:840} INFO - DAG(s) 'example_bash_decorator' retrieved from /home/airflow/.local/lib/python3.12/site-packages/airflow/example_dags/example_bash_decorator.py
[2025-12-20T09:59:11.034+0000] {logging_mixin.py:188} INFO - [2025-12-20T09:59:11.033+0000] {dag.py:3096} INFO - Sync 1 DAGs
[2025-12-20T09:59:11.046+0000] {logging_mixin.py:188} INFO - [2025-12-20T09:59:11.045+0000] {dag.py:3954} INFO - Setting next_dagrun for example_bash_decorator to None, run_after=None
[2025-12-20T09:59:11.063+0000] {processor.py:183} INFO - Processing /home/airflow/.local/lib/python3.12/site-packages/airflow/example_dags/example_bash_decorator.py took 0.072 seconds
[2025-12-20T09:59:41.352+0000] {processor.py:161} INFO - Started process (PID=1168) to work on /home/airflow/.local/lib/python3.12/site-packages/airflow/example_dags/example_bash_decorator.py
[2025-12-20T09:59:41.353+0000] {processor.py:830} INFO - Processing file /home/airflow/.local/lib/python3.12/site-packages/airflow/example_dags/example_bash_decorator.py for tasks to queue
[2025-12-20T09:59:41.354+0000] {logging_mixin.py:188} INFO - [2025-12-20T09:59:41.354+0000] {dagbag.py:545} INFO - Filling up the DagBag from /home/airflow/.local/lib/python3.12/site-packages/airflow/example_dags/example_bash_decorator.py
[2025-12-20T09:59:41.366+0000] {processor.py:840} INFO - DAG(s) 'example_bash_decorator' retrieved from /home/airflow/.local/lib/python3.12/site-packages/airflow/example_dags/example_bash_decorator.py
[2025-12-20T09:59:41.391+0000] {logging_mixin.py:188} INFO - [2025-12-20T09:59:41.390+0000] {dag.py:3096} INFO - Sync 1 DAGs
[2025-12-20T09:59:41.403+0000] {logging_mixin.py:188} INFO - [2025-12-20T09:59:41.403+0000] {dag.py:3954} INFO - Setting next_dagrun for example_bash_decorator to None, run_after=None
[2025-12-20T09:59:41.420+0000] {processor.py:183} INFO - Processing /home/airflow/.local/lib/python3.12/site-packages/airflow/example_dags/example_bash_decorator.py took 0.073 seconds
[2025-12-20T10:00:11.923+0000] {processor.py:161} INFO - Started process (PID=1444) to work on /home/airflow/.local/lib/python3.12/site-packages/airflow/example_dags/example_bash_decorator.py
[2025-12-20T10:00:11.924+0000] {processor.py:830} INFO - Processing file /home/airflow/.local/lib/python3.12/site-packages/airflow/example_dags/example_bash_decorator.py for tasks to queue
[2025-12-20T10:00:11.925+0000] {logging_mixin.py:188} INFO - [2025-12-20T10:00:11.925+0000] {dagbag.py:545} INFO - Filling up the DagBag from /home/airflow/.local/lib/python3.12/site-packages/airflow/example_dags/example_bash_decorator.py
[2025-12-20T10:00:11.937+0000] {processor.py:840} INFO - DAG(s) 'example_bash_decorator' retrieved from /home/airflow/.local/lib/python3.12/site-packages/airflow/example_dags/example_bash_decorator.py
[2025-12-20T10:00:11.962+0000] {logging_mixin.py:188} INFO - [2025-12-20T10:00:11.961+0000] {dag.py:3096} INFO - Sync 1 DAGs
[2025-12-20T10:00:11.974+0000] {logging_mixin.py:188} INFO - [2025-12-20T10:00:11.974+0000] {dag.py:3954} INFO - Setting next_dagrun for example_bash_decorator to None, run_after=None
[2025-12-20T10:00:11.992+0000] {processor.py:183} INFO - Processing /home/airflow/.local/lib/python3.12/site-packages/airflow/example_dags/example_bash_decorator.py took 0.074 seconds
[2025-12-20T10:00:42.458+0000] {processor.py:161} INFO - Started process (PID=1710) to work on /home/airflow/.local/lib/python3.12/site-packages/airflow/example_dags/example_bash_decorator.py
[2025-12-20T10:00:42.459+0000] {processor.py:830} INFO - Processing file /home/airflow/.local/lib/python3.12/site-packages/airflow/example_dags/example_bash_decorator.py for tasks to queue
[2025-12-20T10:00:42.460+0000] {logging_mixin.py:188} INFO - [2025-12-20T10:00:42.459+0000] {dagbag.py:545} INFO - Filling up the DagBag from /home/airflow/.local/lib/python3.12/site-packages/airflow/example_dags/example_bash_decorator.py
[2025-12-20T10:00:42.471+0000] {processor.py:840} INFO - DAG(s) 'example_bash_decorator' retrieved from /home/airflow/.local/lib/python3.12/site-packages/airflow/example_dags/example_bash_decorator.py
[2025-12-20T10:00:42.495+0000] {logging_mixin.py:188} INFO - [2025-12-20T10:00:42.495+0000] {dag.py:3096} INFO - Sync 1 DAGs
[2025-12-20T10:00:42.509+0000] {logging_mixin.py:188} INFO - [2025-12-20T10:00:42.509+0000] {dag.py:3954} INFO - Setting next_dagrun for example_bash_decorator to None, run_after=None
[2025-12-20T10:00:42.526+0000] {processor.py:183} INFO - Processing /home/airflow/.local/lib/python3.12/site-packages/airflow/example_dags/example_bash_decorator.py took 0.073 seconds
[2025-12-20T10:01:13.748+0000] {processor.py:161} INFO - Started process (PID=1971) to work on /home/airflow/.local/lib/python3.12/site-packages/airflow/example_dags/example_bash_decorator.py
[2025-12-20T10:01:13.749+0000] {processor.py:830} INFO - Processing file /home/airflow/.local/lib/python3.12/site-packages/airflow/example_dags/example_bash_decorator.py for tasks to queue
[2025-12-20T10:01:13.750+0000] {logging_mixin.py:188} INFO - [2025-12-20T10:01:13.750+0000] {dagbag.py:545} INFO - Filling up the DagBag from /home/airflow/.local/lib/python3.12/site-packages/airflow/example_dags/example_bash_decorator.py
[2025-12-20T10:01:13.763+0000] {processor.py:840} INFO - DAG(s) 'example_bash_decorator' retrieved from /home/airflow/.local/lib/python3.12/site-packages/airflow/example_dags/example_bash_decorator.py
[2025-12-20T10:01:13.787+0000] {logging_mixin.py:188} INFO - [2025-12-20T10:01:13.787+0000] {dag.py:3096} INFO - Sync 1 DAGs
[2025-12-20T10:01:13.800+0000] {logging_mixin.py:188} INFO - [2025-12-20T10:01:13.799+0000] {dag.py:3954} INFO - Setting next_dagrun for example_bash_decorator to None, run_after=None
[2025-12-20T10:01:13.820+0000] {processor.py:183} INFO - Processing /home/airflow/.local/lib/python3.12/site-packages/airflow/example_dags/example_bash_decorator.py took 0.078 seconds
[2025-12-20T10:01:44.324+0000] {processor.py:161} INFO - Started process (PID=2232) to work on /home/airflow/.local/lib/python3.12/site-packages/airflow/example_dags/example_bash_decorator.py
[2025-12-20T10:01:44.325+0000] {processor.py:830} INFO - Processing file /home/airflow/.local/lib/python3.12/site-packages/airflow/example_dags/example_bash_decorator.py for tasks to queue
[2025-12-20T10:01:44.326+0000] {logging_mixin.py:188} INFO - [2025-12-20T10:01:44.326+0000] {dagbag.py:545} INFO - Filling up the DagBag from /home/airflow/.local/lib/python3.12/site-packages/airflow/example_dags/example_bash_decorator.py
[2025-12-20T10:01:44.338+0000] {processor.py:840} INFO - DAG(s) 'example_bash_decorator' retrieved from /home/airflow/.local/lib/python3.12/site-packages/airflow/example_dags/example_bash_decorator.py
[2025-12-20T10:01:44.361+0000] {logging_mixin.py:188} INFO - [2025-12-20T10:01:44.361+0000] {dag.py:3096} INFO - Sync 1 DAGs
[2025-12-20T10:01:44.374+0000] {logging_mixin.py:188} INFO - [2025-12-20T10:01:44.373+0000] {dag.py:3954} INFO - Setting next_dagrun for example_bash_decorator to None, run_after=None
[2025-12-20T10:01:44.391+0000] {processor.py:183} INFO - Processing /home/airflow/.local/lib/python3.12/site-packages/airflow/example_dags/example_bash_decorator.py took 0.073 seconds
[2025-12-20T10:02:14.906+0000] {processor.py:161} INFO - Started process (PID=2498) to work on /home/airflow/.local/lib/python3.12/site-packages/airflow/example_dags/example_bash_decorator.py
[2025-12-20T10:02:14.907+0000] {processor.py:830} INFO - Processing file /home/airflow/.local/lib/python3.12/site-packages/airflow/example_dags/example_bash_decorator.py for tasks to queue
[2025-12-20T10:02:14.908+0000] {logging_mixin.py:188} INFO - [2025-12-20T10:02:14.907+0000] {dagbag.py:545} INFO - Filling up the DagBag from /home/airflow/.local/lib/python3.12/site-packages/airflow/example_dags/example_bash_decorator.py
[2025-12-20T10:02:14.920+0000] {processor.py:840} INFO - DAG(s) 'example_bash_decorator' retrieved from /home/airflow/.local/lib/python3.12/site-packages/airflow/example_dags/example_bash_decorator.py
[2025-12-20T10:02:14.946+0000] {logging_mixin.py:188} INFO - [2025-12-20T10:02:14.946+0000] {dag.py:3096} INFO - Sync 1 DAGs
[2025-12-20T10:02:14.959+0000] {logging_mixin.py:188} INFO - [2025-12-20T10:02:14.959+0000] {dag.py:3954} INFO - Setting next_dagrun for example_bash_decorator to None, run_after=None
[2025-12-20T10:02:14.976+0000] {processor.py:183} INFO - Processing /home/airflow/.local/lib/python3.12/site-packages/airflow/example_dags/example_bash_decorator.py took 0.075 seconds
