[2025-12-20T09:58:08.058+0000] {processor.py:161} INFO - Started process (PID=245) to work on /home/airflow/.local/lib/python3.12/site-packages/airflow/example_dags/tutorial_taskflow_api.py
[2025-12-20T09:58:08.059+0000] {processor.py:830} INFO - Processing file /home/airflow/.local/lib/python3.12/site-packages/airflow/example_dags/tutorial_taskflow_api.py for tasks to queue
[2025-12-20T09:58:08.061+0000] {logging_mixin.py:188} INFO - [2025-12-20T09:58:08.061+0000] {dagbag.py:545} INFO - Filling up the DagBag from /home/airflow/.local/lib/python3.12/site-packages/airflow/example_dags/tutorial_taskflow_api.py
[2025-12-20T09:58:08.067+0000] {processor.py:840} INFO - DAG(s) 'tutorial_taskflow_api' retrieved from /home/airflow/.local/lib/python3.12/site-packages/airflow/example_dags/tutorial_taskflow_api.py
[2025-12-20T09:58:08.091+0000] {logging_mixin.py:188} INFO - [2025-12-20T09:58:08.091+0000] {dag.py:3096} INFO - Sync 1 DAGs
[2025-12-20T09:58:08.104+0000] {logging_mixin.py:188} INFO - [2025-12-20T09:58:08.104+0000] {dag.py:3954} INFO - Setting next_dagrun for tutorial_taskflow_api to None, run_after=None
[2025-12-20T09:58:08.125+0000] {processor.py:183} INFO - Processing /home/airflow/.local/lib/python3.12/site-packages/airflow/example_dags/tutorial_taskflow_api.py took 0.072 seconds
[2025-12-20T09:58:38.961+0000] {processor.py:161} INFO - Started process (PID=506) to work on /home/airflow/.local/lib/python3.12/site-packages/airflow/example_dags/tutorial_taskflow_api.py
[2025-12-20T09:58:38.962+0000] {processor.py:830} INFO - Processing file /home/airflow/.local/lib/python3.12/site-packages/airflow/example_dags/tutorial_taskflow_api.py for tasks to queue
[2025-12-20T09:58:38.964+0000] {logging_mixin.py:188} INFO - [2025-12-20T09:58:38.963+0000] {dagbag.py:545} INFO - Filling up the DagBag from /home/airflow/.local/lib/python3.12/site-packages/airflow/example_dags/tutorial_taskflow_api.py
[2025-12-20T09:58:38.969+0000] {processor.py:840} INFO - DAG(s) 'tutorial_taskflow_api' retrieved from /home/airflow/.local/lib/python3.12/site-packages/airflow/example_dags/tutorial_taskflow_api.py
[2025-12-20T09:58:38.988+0000] {logging_mixin.py:188} INFO - [2025-12-20T09:58:38.988+0000] {dag.py:3096} INFO - Sync 1 DAGs
[2025-12-20T09:58:39.001+0000] {logging_mixin.py:188} INFO - [2025-12-20T09:58:39.000+0000] {dag.py:3954} INFO - Setting next_dagrun for tutorial_taskflow_api to None, run_after=None
[2025-12-20T09:58:39.018+0000] {processor.py:183} INFO - Processing /home/airflow/.local/lib/python3.12/site-packages/airflow/example_dags/tutorial_taskflow_api.py took 0.061 seconds
[2025-12-20T09:59:09.342+0000] {processor.py:161} INFO - Started process (PID=767) to work on /home/airflow/.local/lib/python3.12/site-packages/airflow/example_dags/tutorial_taskflow_api.py
[2025-12-20T09:59:09.343+0000] {processor.py:830} INFO - Processing file /home/airflow/.local/lib/python3.12/site-packages/airflow/example_dags/tutorial_taskflow_api.py for tasks to queue
[2025-12-20T09:59:09.344+0000] {logging_mixin.py:188} INFO - [2025-12-20T09:59:09.344+0000] {dagbag.py:545} INFO - Filling up the DagBag from /home/airflow/.local/lib/python3.12/site-packages/airflow/example_dags/tutorial_taskflow_api.py
[2025-12-20T09:59:09.351+0000] {processor.py:840} INFO - DAG(s) 'tutorial_taskflow_api' retrieved from /home/airflow/.local/lib/python3.12/site-packages/airflow/example_dags/tutorial_taskflow_api.py
[2025-12-20T09:59:09.379+0000] {logging_mixin.py:188} INFO - [2025-12-20T09:59:09.379+0000] {dag.py:3096} INFO - Sync 1 DAGs
[2025-12-20T09:59:09.397+0000] {logging_mixin.py:188} INFO - [2025-12-20T09:59:09.397+0000] {dag.py:3954} INFO - Setting next_dagrun for tutorial_taskflow_api to None, run_after=None
[2025-12-20T09:59:09.420+0000] {processor.py:183} INFO - Processing /home/airflow/.local/lib/python3.12/site-packages/airflow/example_dags/tutorial_taskflow_api.py took 0.086 seconds
[2025-12-20T09:59:39.650+0000] {processor.py:161} INFO - Started process (PID=1028) to work on /home/airflow/.local/lib/python3.12/site-packages/airflow/example_dags/tutorial_taskflow_api.py
[2025-12-20T09:59:39.651+0000] {processor.py:830} INFO - Processing file /home/airflow/.local/lib/python3.12/site-packages/airflow/example_dags/tutorial_taskflow_api.py for tasks to queue
[2025-12-20T09:59:39.652+0000] {logging_mixin.py:188} INFO - [2025-12-20T09:59:39.651+0000] {dagbag.py:545} INFO - Filling up the DagBag from /home/airflow/.local/lib/python3.12/site-packages/airflow/example_dags/tutorial_taskflow_api.py
[2025-12-20T09:59:39.657+0000] {processor.py:840} INFO - DAG(s) 'tutorial_taskflow_api' retrieved from /home/airflow/.local/lib/python3.12/site-packages/airflow/example_dags/tutorial_taskflow_api.py
[2025-12-20T09:59:39.678+0000] {logging_mixin.py:188} INFO - [2025-12-20T09:59:39.678+0000] {dag.py:3096} INFO - Sync 1 DAGs
[2025-12-20T09:59:39.690+0000] {logging_mixin.py:188} INFO - [2025-12-20T09:59:39.689+0000] {dag.py:3954} INFO - Setting next_dagrun for tutorial_taskflow_api to None, run_after=None
[2025-12-20T09:59:39.708+0000] {processor.py:183} INFO - Processing /home/airflow/.local/lib/python3.12/site-packages/airflow/example_dags/tutorial_taskflow_api.py took 0.062 seconds
[2025-12-20T10:00:10.254+0000] {processor.py:161} INFO - Started process (PID=1299) to work on /home/airflow/.local/lib/python3.12/site-packages/airflow/example_dags/tutorial_taskflow_api.py
[2025-12-20T10:00:10.255+0000] {processor.py:830} INFO - Processing file /home/airflow/.local/lib/python3.12/site-packages/airflow/example_dags/tutorial_taskflow_api.py for tasks to queue
[2025-12-20T10:00:10.255+0000] {logging_mixin.py:188} INFO - [2025-12-20T10:00:10.255+0000] {dagbag.py:545} INFO - Filling up the DagBag from /home/airflow/.local/lib/python3.12/site-packages/airflow/example_dags/tutorial_taskflow_api.py
[2025-12-20T10:00:10.260+0000] {processor.py:840} INFO - DAG(s) 'tutorial_taskflow_api' retrieved from /home/airflow/.local/lib/python3.12/site-packages/airflow/example_dags/tutorial_taskflow_api.py
[2025-12-20T10:00:10.281+0000] {logging_mixin.py:188} INFO - [2025-12-20T10:00:10.281+0000] {dag.py:3096} INFO - Sync 1 DAGs
[2025-12-20T10:00:10.294+0000] {logging_mixin.py:188} INFO - [2025-12-20T10:00:10.293+0000] {dag.py:3954} INFO - Setting next_dagrun for tutorial_taskflow_api to None, run_after=None
[2025-12-20T10:00:10.310+0000] {processor.py:183} INFO - Processing /home/airflow/.local/lib/python3.12/site-packages/airflow/example_dags/tutorial_taskflow_api.py took 0.062 seconds
[2025-12-20T10:00:40.940+0000] {processor.py:161} INFO - Started process (PID=1572) to work on /home/airflow/.local/lib/python3.12/site-packages/airflow/example_dags/tutorial_taskflow_api.py
[2025-12-20T10:00:40.941+0000] {processor.py:830} INFO - Processing file /home/airflow/.local/lib/python3.12/site-packages/airflow/example_dags/tutorial_taskflow_api.py for tasks to queue
[2025-12-20T10:00:40.942+0000] {logging_mixin.py:188} INFO - [2025-12-20T10:00:40.941+0000] {dagbag.py:545} INFO - Filling up the DagBag from /home/airflow/.local/lib/python3.12/site-packages/airflow/example_dags/tutorial_taskflow_api.py
[2025-12-20T10:00:40.947+0000] {processor.py:840} INFO - DAG(s) 'tutorial_taskflow_api' retrieved from /home/airflow/.local/lib/python3.12/site-packages/airflow/example_dags/tutorial_taskflow_api.py
[2025-12-20T10:00:40.968+0000] {logging_mixin.py:188} INFO - [2025-12-20T10:00:40.968+0000] {dag.py:3096} INFO - Sync 1 DAGs
[2025-12-20T10:00:40.981+0000] {logging_mixin.py:188} INFO - [2025-12-20T10:00:40.980+0000] {dag.py:3954} INFO - Setting next_dagrun for tutorial_taskflow_api to None, run_after=None
[2025-12-20T10:00:40.998+0000] {processor.py:183} INFO - Processing /home/airflow/.local/lib/python3.12/site-packages/airflow/example_dags/tutorial_taskflow_api.py took 0.063 seconds
[2025-12-20T10:01:12.257+0000] {processor.py:161} INFO - Started process (PID=1833) to work on /home/airflow/.local/lib/python3.12/site-packages/airflow/example_dags/tutorial_taskflow_api.py
[2025-12-20T10:01:12.258+0000] {processor.py:830} INFO - Processing file /home/airflow/.local/lib/python3.12/site-packages/airflow/example_dags/tutorial_taskflow_api.py for tasks to queue
[2025-12-20T10:01:12.259+0000] {logging_mixin.py:188} INFO - [2025-12-20T10:01:12.259+0000] {dagbag.py:545} INFO - Filling up the DagBag from /home/airflow/.local/lib/python3.12/site-packages/airflow/example_dags/tutorial_taskflow_api.py
[2025-12-20T10:01:12.264+0000] {processor.py:840} INFO - DAG(s) 'tutorial_taskflow_api' retrieved from /home/airflow/.local/lib/python3.12/site-packages/airflow/example_dags/tutorial_taskflow_api.py
[2025-12-20T10:01:12.285+0000] {logging_mixin.py:188} INFO - [2025-12-20T10:01:12.285+0000] {dag.py:3096} INFO - Sync 1 DAGs
[2025-12-20T10:01:12.296+0000] {logging_mixin.py:188} INFO - [2025-12-20T10:01:12.296+0000] {dag.py:3954} INFO - Setting next_dagrun for tutorial_taskflow_api to None, run_after=None
[2025-12-20T10:01:12.313+0000] {processor.py:183} INFO - Processing /home/airflow/.local/lib/python3.12/site-packages/airflow/example_dags/tutorial_taskflow_api.py took 0.061 seconds
[2025-12-20T10:01:42.670+0000] {processor.py:161} INFO - Started process (PID=2092) to work on /home/airflow/.local/lib/python3.12/site-packages/airflow/example_dags/tutorial_taskflow_api.py
[2025-12-20T10:01:42.671+0000] {processor.py:830} INFO - Processing file /home/airflow/.local/lib/python3.12/site-packages/airflow/example_dags/tutorial_taskflow_api.py for tasks to queue
[2025-12-20T10:01:42.672+0000] {logging_mixin.py:188} INFO - [2025-12-20T10:01:42.671+0000] {dagbag.py:545} INFO - Filling up the DagBag from /home/airflow/.local/lib/python3.12/site-packages/airflow/example_dags/tutorial_taskflow_api.py
[2025-12-20T10:01:42.678+0000] {processor.py:840} INFO - DAG(s) 'tutorial_taskflow_api' retrieved from /home/airflow/.local/lib/python3.12/site-packages/airflow/example_dags/tutorial_taskflow_api.py
[2025-12-20T10:01:42.706+0000] {logging_mixin.py:188} INFO - [2025-12-20T10:01:42.705+0000] {dag.py:3096} INFO - Sync 1 DAGs
[2025-12-20T10:01:42.719+0000] {logging_mixin.py:188} INFO - [2025-12-20T10:01:42.719+0000] {dag.py:3954} INFO - Setting next_dagrun for tutorial_taskflow_api to None, run_after=None
[2025-12-20T10:01:42.738+0000] {processor.py:183} INFO - Processing /home/airflow/.local/lib/python3.12/site-packages/airflow/example_dags/tutorial_taskflow_api.py took 0.074 seconds
[2025-12-20T10:02:13.117+0000] {processor.py:161} INFO - Started process (PID=2353) to work on /home/airflow/.local/lib/python3.12/site-packages/airflow/example_dags/tutorial_taskflow_api.py
[2025-12-20T10:02:13.118+0000] {processor.py:830} INFO - Processing file /home/airflow/.local/lib/python3.12/site-packages/airflow/example_dags/tutorial_taskflow_api.py for tasks to queue
[2025-12-20T10:02:13.119+0000] {logging_mixin.py:188} INFO - [2025-12-20T10:02:13.118+0000] {dagbag.py:545} INFO - Filling up the DagBag from /home/airflow/.local/lib/python3.12/site-packages/airflow/example_dags/tutorial_taskflow_api.py
[2025-12-20T10:02:13.124+0000] {processor.py:840} INFO - DAG(s) 'tutorial_taskflow_api' retrieved from /home/airflow/.local/lib/python3.12/site-packages/airflow/example_dags/tutorial_taskflow_api.py
[2025-12-20T10:02:13.144+0000] {logging_mixin.py:188} INFO - [2025-12-20T10:02:13.144+0000] {dag.py:3096} INFO - Sync 1 DAGs
[2025-12-20T10:02:13.156+0000] {logging_mixin.py:188} INFO - [2025-12-20T10:02:13.156+0000] {dag.py:3954} INFO - Setting next_dagrun for tutorial_taskflow_api to None, run_after=None
[2025-12-20T10:02:13.174+0000] {processor.py:183} INFO - Processing /home/airflow/.local/lib/python3.12/site-packages/airflow/example_dags/tutorial_taskflow_api.py took 0.063 seconds
