[2026-01-14T07:55:07.456+0000] {local_task_job_runner.py:120} INFO - ::group::Pre task execution logs
[2026-01-14T07:55:07.496+0000] {taskinstance.py:2076} INFO - Dependencies all met for dep_context=non-requeueable deps ti=<TaskInstance: coinpaprika_public_loader.fetch_data scheduled__2025-12-30T00:00:00+00:00 [queued]>
[2026-01-14T07:55:07.509+0000] {taskinstance.py:2076} INFO - Dependencies all met for dep_context=requeueable deps ti=<TaskInstance: coinpaprika_public_loader.fetch_data scheduled__2025-12-30T00:00:00+00:00 [queued]>
[2026-01-14T07:55:07.510+0000] {taskinstance.py:2306} INFO - Starting attempt 1 of 3
[2026-01-14T07:55:07.527+0000] {taskinstance.py:2330} INFO - Executing <Task(PythonOperator): fetch_data> on 2025-12-30 00:00:00+00:00
[2026-01-14T07:55:07.538+0000] {standard_task_runner.py:90} INFO - Running: ['airflow', 'tasks', 'run', 'coinpaprika_public_loader', 'fetch_data', 'scheduled__2025-12-30T00:00:00+00:00', '--job-id', '201', '--raw', '--subdir', 'DAGS_FOLDER/dags.py', '--cfg-path', '/tmp/tmpe0fnudt4']
[2026-01-14T07:55:07.540+0000] {standard_task_runner.py:91} INFO - Job 201: Subtask fetch_data
[2026-01-14T07:55:07.542+0000] {logging_mixin.py:188} WARNING - /home/airflow/.local/lib/python3.12/site-packages/airflow/task/task_runner/standard_task_runner.py:61 DeprecationWarning: This process (pid=494) is multi-threaded, use of fork() may lead to deadlocks in the child.
[2026-01-14T07:55:07.543+0000] {standard_task_runner.py:63} INFO - Started process 511 to run task
[2026-01-14T07:55:07.602+0000] {task_command.py:426} INFO - Running <TaskInstance: coinpaprika_public_loader.fetch_data scheduled__2025-12-30T00:00:00+00:00 [running]> on host 6368584f9f19
[2026-01-14T07:55:07.702+0000] {taskinstance.py:2648} INFO - Exporting env vars: AIRFLOW_CTX_DAG_OWNER='airflow' AIRFLOW_CTX_DAG_ID='coinpaprika_public_loader' AIRFLOW_CTX_TASK_ID='fetch_data' AIRFLOW_CTX_EXECUTION_DATE='2025-12-30T00:00:00+00:00' AIRFLOW_CTX_TRY_NUMBER='1' AIRFLOW_CTX_DAG_RUN_ID='scheduled__2025-12-30T00:00:00+00:00'
[2026-01-14T07:55:07.705+0000] {taskinstance.py:430} INFO - ::endgroup::
[2026-01-14T07:55:07.948+0000] {taskinstance.py:441} INFO - ::group::Post task execution logs
[2026-01-14T07:55:07.949+0000] {taskinstance.py:2905} ERROR - Task failed with exception
Traceback (most recent call last):
  File "/home/airflow/.local/lib/python3.12/site-packages/airflow/models/taskinstance.py", line 465, in _execute_task
    result = _execute_callable(context=context, **execute_callable_kwargs)
             ^^^^^^^^^^^^^^^^^^^^^^^^^^^^^^^^^^^^^^^^^^^^^^^^^^^^^^^^^^^^^
  File "/home/airflow/.local/lib/python3.12/site-packages/airflow/models/taskinstance.py", line 432, in _execute_callable
    return execute_callable(context=context, **execute_callable_kwargs)
           ^^^^^^^^^^^^^^^^^^^^^^^^^^^^^^^^^^^^^^^^^^^^^^^^^^^^^^^^^^^^
  File "/home/airflow/.local/lib/python3.12/site-packages/airflow/models/baseoperator.py", line 400, in wrapper
    return func(self, *args, **kwargs)
           ^^^^^^^^^^^^^^^^^^^^^^^^^^^
  File "/home/airflow/.local/lib/python3.12/site-packages/airflow/operators/python.py", line 235, in execute
    return_value = self.execute_callable()
                   ^^^^^^^^^^^^^^^^^^^^^^^
  File "/home/airflow/.local/lib/python3.12/site-packages/airflow/operators/python.py", line 252, in execute_callable
    return self.python_callable(*self.op_args, **self.op_kwargs)
           ^^^^^^^^^^^^^^^^^^^^^^^^^^^^^^^^^^^^^^^^^^^^^^^^^^^^^
  File "/opt/airflow/dags/dags.py", line 41, in fetch_coin_data
    "ath_price": data['ath_price'],
                 ~~~~^^^^^^^^^^^^^
KeyError: 'ath_price'
[2026-01-14T07:55:07.963+0000] {taskinstance.py:1206} INFO - Marking task as UP_FOR_RETRY. dag_id=coinpaprika_public_loader, task_id=fetch_data, run_id=scheduled__2025-12-30T00:00:00+00:00, execution_date=20251230T000000, start_date=20260114T075507, end_date=20260114T075507
[2026-01-14T07:55:07.977+0000] {standard_task_runner.py:110} ERROR - Failed to execute job 201 for task fetch_data ('ath_price'; 511)
[2026-01-14T07:55:07.998+0000] {local_task_job_runner.py:240} INFO - Task exited with return code 1
[2026-01-14T07:55:08.023+0000] {taskinstance.py:3498} INFO - 0 downstream tasks scheduled from follow-on schedule check
[2026-01-14T07:55:08.026+0000] {local_task_job_runner.py:222} INFO - ::endgroup::
