[2026-01-30T13:55:41.448+0000] {local_task_job_runner.py:120} INFO - ::group::Pre task execution logs
[2026-01-30T13:55:41.491+0000] {taskinstance.py:2076} INFO - Dependencies all met for dep_context=non-requeueable deps ti=<TaskInstance: 05_bitcoin_pipeline.fetch_and_store_btc manual__2026-01-30T13:55:36.698122+00:00 [queued]>
[2026-01-30T13:55:41.503+0000] {taskinstance.py:2076} INFO - Dependencies all met for dep_context=requeueable deps ti=<TaskInstance: 05_bitcoin_pipeline.fetch_and_store_btc manual__2026-01-30T13:55:36.698122+00:00 [queued]>
[2026-01-30T13:55:41.504+0000] {taskinstance.py:2306} INFO - Starting attempt 1 of 2
[2026-01-30T13:55:41.522+0000] {taskinstance.py:2330} INFO - Executing <Task(PythonOperator): fetch_and_store_btc> on 2026-01-30 13:55:36.698122+00:00
[2026-01-30T13:55:41.534+0000] {standard_task_runner.py:90} INFO - Running: ['airflow', 'tasks', 'run', '05_bitcoin_pipeline', 'fetch_and_store_btc', 'manual__2026-01-30T13:55:36.698122+00:00', '--job-id', '277', '--raw', '--subdir', 'DAGS_FOLDER/dags.py', '--cfg-path', '/tmp/tmpy3v31fnz']
[2026-01-30T13:55:41.538+0000] {standard_task_runner.py:91} INFO - Job 277: Subtask fetch_and_store_btc
[2026-01-30T13:55:41.541+0000] {logging_mixin.py:188} WARNING - /home/airflow/.local/lib/python3.12/site-packages/airflow/task/task_runner/standard_task_runner.py:61 DeprecationWarning: This process (pid=12470) is multi-threaded, use of fork() may lead to deadlocks in the child.
[2026-01-30T13:55:41.542+0000] {standard_task_runner.py:63} INFO - Started process 12472 to run task
[2026-01-30T13:55:41.608+0000] {task_command.py:426} INFO - Running <TaskInstance: 05_bitcoin_pipeline.fetch_and_store_btc manual__2026-01-30T13:55:36.698122+00:00 [running]> on host 439b7f1d9e90
[2026-01-30T13:55:41.733+0000] {taskinstance.py:2648} INFO - Exporting env vars: AIRFLOW_CTX_DAG_OWNER='airflow' AIRFLOW_CTX_DAG_ID='05_bitcoin_pipeline' AIRFLOW_CTX_TASK_ID='fetch_and_store_btc' AIRFLOW_CTX_EXECUTION_DATE='2026-01-30T13:55:36.698122+00:00' AIRFLOW_CTX_TRY_NUMBER='1' AIRFLOW_CTX_DAG_RUN_ID='manual__2026-01-30T13:55:36.698122+00:00'
[2026-01-30T13:55:41.736+0000] {taskinstance.py:430} INFO - ::endgroup::
[2026-01-30T13:55:41.738+0000] {dags.py:26} INFO - Fetching data for btc-bitcoin...
[2026-01-30T13:55:42.019+0000] {dags.py:37} INFO - Price: $82687.77357098101, Volume: 68088133699.107185
[2026-01-30T13:55:42.036+0000] {base.py:84} INFO - Using connection ID 'crypto_db' for task execution.
[2026-01-30T13:55:42.045+0000] {sql.py:470} INFO - Running statement: 
        INSERT INTO bitcoin_realtime (symbol, price_usd, volume_24h, market_cap, fetched_at)
        VALUES (%s, %s, %s, %s, NOW());
    , parameters: ('BTC', 82687.77357098101, 68088133699.107185, 1652294461148)
[2026-01-30T13:55:42.047+0000] {sql.py:479} INFO - Rows affected: 1
[2026-01-30T13:55:42.050+0000] {dags.py:49} INFO - Data successfully inserted into Postgres!
[2026-01-30T13:55:42.053+0000] {python.py:237} INFO - Done. Returned value was: None
[2026-01-30T13:55:42.054+0000] {taskinstance.py:441} INFO - ::group::Post task execution logs
[2026-01-30T13:55:42.070+0000] {taskinstance.py:1206} INFO - Marking task as SUCCESS. dag_id=05_bitcoin_pipeline, task_id=fetch_and_store_btc, run_id=manual__2026-01-30T13:55:36.698122+00:00, execution_date=20260130T135536, start_date=20260130T135541, end_date=20260130T135542
[2026-01-30T13:55:42.119+0000] {local_task_job_runner.py:240} INFO - Task exited with return code 0
[2026-01-30T13:55:42.143+0000] {taskinstance.py:3498} INFO - 0 downstream tasks scheduled from follow-on schedule check
[2026-01-30T13:55:42.146+0000] {local_task_job_runner.py:222} INFO - ::endgroup::
