[2025-12-15T09:04:44.001+0000] {processor.py:161} INFO - Started process (PID=315) to work on /home/airflow/.local/lib/python3.12/site-packages/airflow/example_dags/example_dynamic_task_mapping.py
[2025-12-15T09:04:44.003+0000] {processor.py:830} INFO - Processing file /home/airflow/.local/lib/python3.12/site-packages/airflow/example_dags/example_dynamic_task_mapping.py for tasks to queue
[2025-12-15T09:04:44.006+0000] {logging_mixin.py:188} INFO - [2025-12-15T09:04:44.005+0000] {dagbag.py:545} INFO - Filling up the DagBag from /home/airflow/.local/lib/python3.12/site-packages/airflow/example_dags/example_dynamic_task_mapping.py
[2025-12-15T09:04:44.021+0000] {processor.py:840} INFO - DAG(s) 'example_dynamic_task_mapping' retrieved from /home/airflow/.local/lib/python3.12/site-packages/airflow/example_dags/example_dynamic_task_mapping.py
[2025-12-15T09:04:44.167+0000] {logging_mixin.py:188} INFO - [2025-12-15T09:04:44.166+0000] {override.py:1829} INFO - Created Permission View: can edit on DAG:example_dynamic_task_mapping
[2025-12-15T09:04:44.184+0000] {logging_mixin.py:188} INFO - [2025-12-15T09:04:44.184+0000] {override.py:1829} INFO - Created Permission View: can delete on DAG:example_dynamic_task_mapping
[2025-12-15T09:04:44.196+0000] {logging_mixin.py:188} INFO - [2025-12-15T09:04:44.195+0000] {override.py:1829} INFO - Created Permission View: can read on DAG:example_dynamic_task_mapping
[2025-12-15T09:04:44.197+0000] {logging_mixin.py:188} INFO - [2025-12-15T09:04:44.197+0000] {dag.py:3096} INFO - Sync 1 DAGs
[2025-12-15T09:04:44.215+0000] {logging_mixin.py:188} INFO - [2025-12-15T09:04:44.215+0000] {dag.py:3118} INFO - Creating ORM DAG for example_dynamic_task_mapping
[2025-12-15T09:04:44.229+0000] {logging_mixin.py:188} INFO - [2025-12-15T09:04:44.228+0000] {dag.py:3954} INFO - Setting next_dagrun for example_dynamic_task_mapping to 2022-03-04 00:00:00+00:00, run_after=2022-03-05 00:00:00+00:00
[2025-12-15T09:04:44.253+0000] {processor.py:183} INFO - Processing /home/airflow/.local/lib/python3.12/site-packages/airflow/example_dags/example_dynamic_task_mapping.py took 0.259 seconds
[2025-12-15T09:05:14.519+0000] {processor.py:161} INFO - Started process (PID=576) to work on /home/airflow/.local/lib/python3.12/site-packages/airflow/example_dags/example_dynamic_task_mapping.py
[2025-12-15T09:05:14.520+0000] {processor.py:830} INFO - Processing file /home/airflow/.local/lib/python3.12/site-packages/airflow/example_dags/example_dynamic_task_mapping.py for tasks to queue
[2025-12-15T09:05:14.523+0000] {logging_mixin.py:188} INFO - [2025-12-15T09:05:14.522+0000] {dagbag.py:545} INFO - Filling up the DagBag from /home/airflow/.local/lib/python3.12/site-packages/airflow/example_dags/example_dynamic_task_mapping.py
[2025-12-15T09:05:14.534+0000] {processor.py:840} INFO - DAG(s) 'example_dynamic_task_mapping' retrieved from /home/airflow/.local/lib/python3.12/site-packages/airflow/example_dags/example_dynamic_task_mapping.py
[2025-12-15T09:05:14.566+0000] {logging_mixin.py:188} INFO - [2025-12-15T09:05:14.566+0000] {dag.py:3096} INFO - Sync 1 DAGs
[2025-12-15T09:05:14.601+0000] {logging_mixin.py:188} INFO - [2025-12-15T09:05:14.601+0000] {dag.py:3954} INFO - Setting next_dagrun for example_dynamic_task_mapping to 2022-03-04 00:00:00+00:00, run_after=2022-03-05 00:00:00+00:00
[2025-12-15T09:05:14.633+0000] {processor.py:183} INFO - Processing /home/airflow/.local/lib/python3.12/site-packages/airflow/example_dags/example_dynamic_task_mapping.py took 0.122 seconds
[2025-12-15T09:05:44.862+0000] {processor.py:161} INFO - Started process (PID=837) to work on /home/airflow/.local/lib/python3.12/site-packages/airflow/example_dags/example_dynamic_task_mapping.py
[2025-12-15T09:05:44.863+0000] {processor.py:830} INFO - Processing file /home/airflow/.local/lib/python3.12/site-packages/airflow/example_dags/example_dynamic_task_mapping.py for tasks to queue
[2025-12-15T09:05:44.866+0000] {logging_mixin.py:188} INFO - [2025-12-15T09:05:44.865+0000] {dagbag.py:545} INFO - Filling up the DagBag from /home/airflow/.local/lib/python3.12/site-packages/airflow/example_dags/example_dynamic_task_mapping.py
[2025-12-15T09:05:44.877+0000] {processor.py:840} INFO - DAG(s) 'example_dynamic_task_mapping' retrieved from /home/airflow/.local/lib/python3.12/site-packages/airflow/example_dags/example_dynamic_task_mapping.py
[2025-12-15T09:05:44.914+0000] {logging_mixin.py:188} INFO - [2025-12-15T09:05:44.913+0000] {dag.py:3096} INFO - Sync 1 DAGs
[2025-12-15T09:05:44.963+0000] {logging_mixin.py:188} INFO - [2025-12-15T09:05:44.963+0000] {dag.py:3954} INFO - Setting next_dagrun for example_dynamic_task_mapping to 2022-03-04 00:00:00+00:00, run_after=2022-03-05 00:00:00+00:00
[2025-12-15T09:05:44.995+0000] {processor.py:183} INFO - Processing /home/airflow/.local/lib/python3.12/site-packages/airflow/example_dags/example_dynamic_task_mapping.py took 0.142 seconds
[2025-12-15T09:06:15.444+0000] {processor.py:161} INFO - Started process (PID=1098) to work on /home/airflow/.local/lib/python3.12/site-packages/airflow/example_dags/example_dynamic_task_mapping.py
[2025-12-15T09:06:15.446+0000] {processor.py:830} INFO - Processing file /home/airflow/.local/lib/python3.12/site-packages/airflow/example_dags/example_dynamic_task_mapping.py for tasks to queue
[2025-12-15T09:06:15.448+0000] {logging_mixin.py:188} INFO - [2025-12-15T09:06:15.448+0000] {dagbag.py:545} INFO - Filling up the DagBag from /home/airflow/.local/lib/python3.12/site-packages/airflow/example_dags/example_dynamic_task_mapping.py
[2025-12-15T09:06:15.458+0000] {processor.py:840} INFO - DAG(s) 'example_dynamic_task_mapping' retrieved from /home/airflow/.local/lib/python3.12/site-packages/airflow/example_dags/example_dynamic_task_mapping.py
[2025-12-15T09:06:15.490+0000] {logging_mixin.py:188} INFO - [2025-12-15T09:06:15.490+0000] {dag.py:3096} INFO - Sync 1 DAGs
[2025-12-15T09:06:15.526+0000] {logging_mixin.py:188} INFO - [2025-12-15T09:06:15.525+0000] {dag.py:3954} INFO - Setting next_dagrun for example_dynamic_task_mapping to 2022-03-04 00:00:00+00:00, run_after=2022-03-05 00:00:00+00:00
[2025-12-15T09:06:15.555+0000] {processor.py:183} INFO - Processing /home/airflow/.local/lib/python3.12/site-packages/airflow/example_dags/example_dynamic_task_mapping.py took 0.119 seconds
[2025-12-15T09:06:45.798+0000] {processor.py:161} INFO - Started process (PID=1359) to work on /home/airflow/.local/lib/python3.12/site-packages/airflow/example_dags/example_dynamic_task_mapping.py
[2025-12-15T09:06:45.800+0000] {processor.py:830} INFO - Processing file /home/airflow/.local/lib/python3.12/site-packages/airflow/example_dags/example_dynamic_task_mapping.py for tasks to queue
[2025-12-15T09:06:45.802+0000] {logging_mixin.py:188} INFO - [2025-12-15T09:06:45.802+0000] {dagbag.py:545} INFO - Filling up the DagBag from /home/airflow/.local/lib/python3.12/site-packages/airflow/example_dags/example_dynamic_task_mapping.py
[2025-12-15T09:06:45.813+0000] {processor.py:840} INFO - DAG(s) 'example_dynamic_task_mapping' retrieved from /home/airflow/.local/lib/python3.12/site-packages/airflow/example_dags/example_dynamic_task_mapping.py
[2025-12-15T09:06:45.845+0000] {logging_mixin.py:188} INFO - [2025-12-15T09:06:45.845+0000] {dag.py:3096} INFO - Sync 1 DAGs
[2025-12-15T09:06:45.880+0000] {logging_mixin.py:188} INFO - [2025-12-15T09:06:45.880+0000] {dag.py:3954} INFO - Setting next_dagrun for example_dynamic_task_mapping to 2022-03-04 00:00:00+00:00, run_after=2022-03-05 00:00:00+00:00
[2025-12-15T09:06:45.907+0000] {processor.py:183} INFO - Processing /home/airflow/.local/lib/python3.12/site-packages/airflow/example_dags/example_dynamic_task_mapping.py took 0.116 seconds
[2025-12-15T09:07:16.423+0000] {processor.py:161} INFO - Started process (PID=1620) to work on /home/airflow/.local/lib/python3.12/site-packages/airflow/example_dags/example_dynamic_task_mapping.py
[2025-12-15T09:07:16.424+0000] {processor.py:830} INFO - Processing file /home/airflow/.local/lib/python3.12/site-packages/airflow/example_dags/example_dynamic_task_mapping.py for tasks to queue
[2025-12-15T09:07:16.427+0000] {logging_mixin.py:188} INFO - [2025-12-15T09:07:16.426+0000] {dagbag.py:545} INFO - Filling up the DagBag from /home/airflow/.local/lib/python3.12/site-packages/airflow/example_dags/example_dynamic_task_mapping.py
[2025-12-15T09:07:16.436+0000] {processor.py:840} INFO - DAG(s) 'example_dynamic_task_mapping' retrieved from /home/airflow/.local/lib/python3.12/site-packages/airflow/example_dags/example_dynamic_task_mapping.py
[2025-12-15T09:07:16.468+0000] {logging_mixin.py:188} INFO - [2025-12-15T09:07:16.468+0000] {dag.py:3096} INFO - Sync 1 DAGs
[2025-12-15T09:07:16.507+0000] {logging_mixin.py:188} INFO - [2025-12-15T09:07:16.506+0000] {dag.py:3954} INFO - Setting next_dagrun for example_dynamic_task_mapping to 2022-03-04 00:00:00+00:00, run_after=2022-03-05 00:00:00+00:00
[2025-12-15T09:07:16.538+0000] {processor.py:183} INFO - Processing /home/airflow/.local/lib/python3.12/site-packages/airflow/example_dags/example_dynamic_task_mapping.py took 0.123 seconds
[2025-12-15T09:07:46.775+0000] {processor.py:161} INFO - Started process (PID=1881) to work on /home/airflow/.local/lib/python3.12/site-packages/airflow/example_dags/example_dynamic_task_mapping.py
[2025-12-15T09:07:46.777+0000] {processor.py:830} INFO - Processing file /home/airflow/.local/lib/python3.12/site-packages/airflow/example_dags/example_dynamic_task_mapping.py for tasks to queue
[2025-12-15T09:07:46.779+0000] {logging_mixin.py:188} INFO - [2025-12-15T09:07:46.779+0000] {dagbag.py:545} INFO - Filling up the DagBag from /home/airflow/.local/lib/python3.12/site-packages/airflow/example_dags/example_dynamic_task_mapping.py
[2025-12-15T09:07:46.789+0000] {processor.py:840} INFO - DAG(s) 'example_dynamic_task_mapping' retrieved from /home/airflow/.local/lib/python3.12/site-packages/airflow/example_dags/example_dynamic_task_mapping.py
[2025-12-15T09:07:46.821+0000] {logging_mixin.py:188} INFO - [2025-12-15T09:07:46.820+0000] {dag.py:3096} INFO - Sync 1 DAGs
[2025-12-15T09:07:46.856+0000] {logging_mixin.py:188} INFO - [2025-12-15T09:07:46.855+0000] {dag.py:3954} INFO - Setting next_dagrun for example_dynamic_task_mapping to 2022-03-04 00:00:00+00:00, run_after=2022-03-05 00:00:00+00:00
[2025-12-15T09:07:46.887+0000] {processor.py:183} INFO - Processing /home/airflow/.local/lib/python3.12/site-packages/airflow/example_dags/example_dynamic_task_mapping.py took 0.119 seconds
[2025-12-15T09:08:17.261+0000] {processor.py:161} INFO - Started process (PID=2142) to work on /home/airflow/.local/lib/python3.12/site-packages/airflow/example_dags/example_dynamic_task_mapping.py
[2025-12-15T09:08:17.262+0000] {processor.py:830} INFO - Processing file /home/airflow/.local/lib/python3.12/site-packages/airflow/example_dags/example_dynamic_task_mapping.py for tasks to queue
[2025-12-15T09:08:17.265+0000] {logging_mixin.py:188} INFO - [2025-12-15T09:08:17.265+0000] {dagbag.py:545} INFO - Filling up the DagBag from /home/airflow/.local/lib/python3.12/site-packages/airflow/example_dags/example_dynamic_task_mapping.py
[2025-12-15T09:08:17.274+0000] {processor.py:840} INFO - DAG(s) 'example_dynamic_task_mapping' retrieved from /home/airflow/.local/lib/python3.12/site-packages/airflow/example_dags/example_dynamic_task_mapping.py
[2025-12-15T09:08:17.306+0000] {logging_mixin.py:188} INFO - [2025-12-15T09:08:17.305+0000] {dag.py:3096} INFO - Sync 1 DAGs
[2025-12-15T09:08:17.341+0000] {logging_mixin.py:188} INFO - [2025-12-15T09:08:17.341+0000] {dag.py:3954} INFO - Setting next_dagrun for example_dynamic_task_mapping to 2022-03-04 00:00:00+00:00, run_after=2022-03-05 00:00:00+00:00
[2025-12-15T09:08:17.371+0000] {processor.py:183} INFO - Processing /home/airflow/.local/lib/python3.12/site-packages/airflow/example_dags/example_dynamic_task_mapping.py took 0.118 seconds
[2025-12-15T09:08:47.940+0000] {processor.py:161} INFO - Started process (PID=2403) to work on /home/airflow/.local/lib/python3.12/site-packages/airflow/example_dags/example_dynamic_task_mapping.py
[2025-12-15T09:08:47.942+0000] {processor.py:830} INFO - Processing file /home/airflow/.local/lib/python3.12/site-packages/airflow/example_dags/example_dynamic_task_mapping.py for tasks to queue
[2025-12-15T09:08:47.944+0000] {logging_mixin.py:188} INFO - [2025-12-15T09:08:47.944+0000] {dagbag.py:545} INFO - Filling up the DagBag from /home/airflow/.local/lib/python3.12/site-packages/airflow/example_dags/example_dynamic_task_mapping.py
[2025-12-15T09:08:47.953+0000] {processor.py:840} INFO - DAG(s) 'example_dynamic_task_mapping' retrieved from /home/airflow/.local/lib/python3.12/site-packages/airflow/example_dags/example_dynamic_task_mapping.py
[2025-12-15T09:08:47.985+0000] {logging_mixin.py:188} INFO - [2025-12-15T09:08:47.985+0000] {dag.py:3096} INFO - Sync 1 DAGs
[2025-12-15T09:08:48.019+0000] {logging_mixin.py:188} INFO - [2025-12-15T09:08:48.019+0000] {dag.py:3954} INFO - Setting next_dagrun for example_dynamic_task_mapping to 2022-03-04 00:00:00+00:00, run_after=2022-03-05 00:00:00+00:00
[2025-12-15T09:08:48.049+0000] {processor.py:183} INFO - Processing /home/airflow/.local/lib/python3.12/site-packages/airflow/example_dags/example_dynamic_task_mapping.py took 0.117 seconds
[2025-12-15T09:09:18.527+0000] {processor.py:161} INFO - Started process (PID=2664) to work on /home/airflow/.local/lib/python3.12/site-packages/airflow/example_dags/example_dynamic_task_mapping.py
[2025-12-15T09:09:18.528+0000] {processor.py:830} INFO - Processing file /home/airflow/.local/lib/python3.12/site-packages/airflow/example_dags/example_dynamic_task_mapping.py for tasks to queue
[2025-12-15T09:09:18.531+0000] {logging_mixin.py:188} INFO - [2025-12-15T09:09:18.530+0000] {dagbag.py:545} INFO - Filling up the DagBag from /home/airflow/.local/lib/python3.12/site-packages/airflow/example_dags/example_dynamic_task_mapping.py
[2025-12-15T09:09:18.540+0000] {processor.py:840} INFO - DAG(s) 'example_dynamic_task_mapping' retrieved from /home/airflow/.local/lib/python3.12/site-packages/airflow/example_dags/example_dynamic_task_mapping.py
[2025-12-15T09:09:18.571+0000] {logging_mixin.py:188} INFO - [2025-12-15T09:09:18.570+0000] {dag.py:3096} INFO - Sync 1 DAGs
[2025-12-15T09:09:18.606+0000] {logging_mixin.py:188} INFO - [2025-12-15T09:09:18.605+0000] {dag.py:3954} INFO - Setting next_dagrun for example_dynamic_task_mapping to 2022-03-04 00:00:00+00:00, run_after=2022-03-05 00:00:00+00:00
[2025-12-15T09:09:18.645+0000] {processor.py:183} INFO - Processing /home/airflow/.local/lib/python3.12/site-packages/airflow/example_dags/example_dynamic_task_mapping.py took 0.128 seconds
[2025-12-15T09:09:49.081+0000] {processor.py:161} INFO - Started process (PID=2925) to work on /home/airflow/.local/lib/python3.12/site-packages/airflow/example_dags/example_dynamic_task_mapping.py
[2025-12-15T09:09:49.083+0000] {processor.py:830} INFO - Processing file /home/airflow/.local/lib/python3.12/site-packages/airflow/example_dags/example_dynamic_task_mapping.py for tasks to queue
[2025-12-15T09:09:49.085+0000] {logging_mixin.py:188} INFO - [2025-12-15T09:09:49.085+0000] {dagbag.py:545} INFO - Filling up the DagBag from /home/airflow/.local/lib/python3.12/site-packages/airflow/example_dags/example_dynamic_task_mapping.py
[2025-12-15T09:09:49.095+0000] {processor.py:840} INFO - DAG(s) 'example_dynamic_task_mapping' retrieved from /home/airflow/.local/lib/python3.12/site-packages/airflow/example_dags/example_dynamic_task_mapping.py
[2025-12-15T09:09:49.127+0000] {logging_mixin.py:188} INFO - [2025-12-15T09:09:49.127+0000] {dag.py:3096} INFO - Sync 1 DAGs
[2025-12-15T09:09:49.162+0000] {logging_mixin.py:188} INFO - [2025-12-15T09:09:49.162+0000] {dag.py:3954} INFO - Setting next_dagrun for example_dynamic_task_mapping to 2022-03-04 00:00:00+00:00, run_after=2022-03-05 00:00:00+00:00
[2025-12-15T09:09:49.191+0000] {processor.py:183} INFO - Processing /home/airflow/.local/lib/python3.12/site-packages/airflow/example_dags/example_dynamic_task_mapping.py took 0.117 seconds
[2025-12-15T09:10:19.379+0000] {processor.py:161} INFO - Started process (PID=3186) to work on /home/airflow/.local/lib/python3.12/site-packages/airflow/example_dags/example_dynamic_task_mapping.py
[2025-12-15T09:10:19.381+0000] {processor.py:830} INFO - Processing file /home/airflow/.local/lib/python3.12/site-packages/airflow/example_dags/example_dynamic_task_mapping.py for tasks to queue
[2025-12-15T09:10:19.383+0000] {logging_mixin.py:188} INFO - [2025-12-15T09:10:19.383+0000] {dagbag.py:545} INFO - Filling up the DagBag from /home/airflow/.local/lib/python3.12/site-packages/airflow/example_dags/example_dynamic_task_mapping.py
[2025-12-15T09:10:19.392+0000] {processor.py:840} INFO - DAG(s) 'example_dynamic_task_mapping' retrieved from /home/airflow/.local/lib/python3.12/site-packages/airflow/example_dags/example_dynamic_task_mapping.py
[2025-12-15T09:10:19.423+0000] {logging_mixin.py:188} INFO - [2025-12-15T09:10:19.422+0000] {dag.py:3096} INFO - Sync 1 DAGs
[2025-12-15T09:10:19.457+0000] {logging_mixin.py:188} INFO - [2025-12-15T09:10:19.456+0000] {dag.py:3954} INFO - Setting next_dagrun for example_dynamic_task_mapping to 2022-03-04 00:00:00+00:00, run_after=2022-03-05 00:00:00+00:00
[2025-12-15T09:10:19.485+0000] {processor.py:183} INFO - Processing /home/airflow/.local/lib/python3.12/site-packages/airflow/example_dags/example_dynamic_task_mapping.py took 0.113 seconds
[2025-12-15T09:10:49.853+0000] {processor.py:161} INFO - Started process (PID=3447) to work on /home/airflow/.local/lib/python3.12/site-packages/airflow/example_dags/example_dynamic_task_mapping.py
[2025-12-15T09:10:49.854+0000] {processor.py:830} INFO - Processing file /home/airflow/.local/lib/python3.12/site-packages/airflow/example_dags/example_dynamic_task_mapping.py for tasks to queue
[2025-12-15T09:10:49.857+0000] {logging_mixin.py:188} INFO - [2025-12-15T09:10:49.857+0000] {dagbag.py:545} INFO - Filling up the DagBag from /home/airflow/.local/lib/python3.12/site-packages/airflow/example_dags/example_dynamic_task_mapping.py
[2025-12-15T09:10:49.869+0000] {processor.py:840} INFO - DAG(s) 'example_dynamic_task_mapping' retrieved from /home/airflow/.local/lib/python3.12/site-packages/airflow/example_dags/example_dynamic_task_mapping.py
[2025-12-15T09:10:49.905+0000] {logging_mixin.py:188} INFO - [2025-12-15T09:10:49.905+0000] {dag.py:3096} INFO - Sync 1 DAGs
[2025-12-15T09:10:49.945+0000] {logging_mixin.py:188} INFO - [2025-12-15T09:10:49.944+0000] {dag.py:3954} INFO - Setting next_dagrun for example_dynamic_task_mapping to 2022-03-04 00:00:00+00:00, run_after=2022-03-05 00:00:00+00:00
[2025-12-15T09:10:49.975+0000] {processor.py:183} INFO - Processing /home/airflow/.local/lib/python3.12/site-packages/airflow/example_dags/example_dynamic_task_mapping.py took 0.131 seconds
[2025-12-15T09:11:20.180+0000] {processor.py:161} INFO - Started process (PID=3708) to work on /home/airflow/.local/lib/python3.12/site-packages/airflow/example_dags/example_dynamic_task_mapping.py
[2025-12-15T09:11:20.181+0000] {processor.py:830} INFO - Processing file /home/airflow/.local/lib/python3.12/site-packages/airflow/example_dags/example_dynamic_task_mapping.py for tasks to queue
[2025-12-15T09:11:20.184+0000] {logging_mixin.py:188} INFO - [2025-12-15T09:11:20.183+0000] {dagbag.py:545} INFO - Filling up the DagBag from /home/airflow/.local/lib/python3.12/site-packages/airflow/example_dags/example_dynamic_task_mapping.py
[2025-12-15T09:11:20.195+0000] {processor.py:840} INFO - DAG(s) 'example_dynamic_task_mapping' retrieved from /home/airflow/.local/lib/python3.12/site-packages/airflow/example_dags/example_dynamic_task_mapping.py
[2025-12-15T09:11:20.229+0000] {logging_mixin.py:188} INFO - [2025-12-15T09:11:20.229+0000] {dag.py:3096} INFO - Sync 1 DAGs
[2025-12-15T09:11:20.265+0000] {logging_mixin.py:188} INFO - [2025-12-15T09:11:20.265+0000] {dag.py:3954} INFO - Setting next_dagrun for example_dynamic_task_mapping to 2022-03-04 00:00:00+00:00, run_after=2022-03-05 00:00:00+00:00
[2025-12-15T09:11:20.297+0000] {processor.py:183} INFO - Processing /home/airflow/.local/lib/python3.12/site-packages/airflow/example_dags/example_dynamic_task_mapping.py took 0.125 seconds
[2025-12-15T09:11:50.455+0000] {processor.py:161} INFO - Started process (PID=3969) to work on /home/airflow/.local/lib/python3.12/site-packages/airflow/example_dags/example_dynamic_task_mapping.py
[2025-12-15T09:11:50.458+0000] {processor.py:830} INFO - Processing file /home/airflow/.local/lib/python3.12/site-packages/airflow/example_dags/example_dynamic_task_mapping.py for tasks to queue
[2025-12-15T09:11:50.460+0000] {logging_mixin.py:188} INFO - [2025-12-15T09:11:50.460+0000] {dagbag.py:545} INFO - Filling up the DagBag from /home/airflow/.local/lib/python3.12/site-packages/airflow/example_dags/example_dynamic_task_mapping.py
[2025-12-15T09:11:50.469+0000] {processor.py:840} INFO - DAG(s) 'example_dynamic_task_mapping' retrieved from /home/airflow/.local/lib/python3.12/site-packages/airflow/example_dags/example_dynamic_task_mapping.py
[2025-12-15T09:11:50.501+0000] {logging_mixin.py:188} INFO - [2025-12-15T09:11:50.500+0000] {dag.py:3096} INFO - Sync 1 DAGs
[2025-12-15T09:11:50.532+0000] {logging_mixin.py:188} INFO - [2025-12-15T09:11:50.531+0000] {dag.py:3954} INFO - Setting next_dagrun for example_dynamic_task_mapping to 2022-03-04 00:00:00+00:00, run_after=2022-03-05 00:00:00+00:00
[2025-12-15T09:11:50.560+0000] {processor.py:183} INFO - Processing /home/airflow/.local/lib/python3.12/site-packages/airflow/example_dags/example_dynamic_task_mapping.py took 0.113 seconds
[2025-12-15T09:12:21.097+0000] {processor.py:161} INFO - Started process (PID=4230) to work on /home/airflow/.local/lib/python3.12/site-packages/airflow/example_dags/example_dynamic_task_mapping.py
[2025-12-15T09:12:21.098+0000] {processor.py:830} INFO - Processing file /home/airflow/.local/lib/python3.12/site-packages/airflow/example_dags/example_dynamic_task_mapping.py for tasks to queue
[2025-12-15T09:12:21.101+0000] {logging_mixin.py:188} INFO - [2025-12-15T09:12:21.101+0000] {dagbag.py:545} INFO - Filling up the DagBag from /home/airflow/.local/lib/python3.12/site-packages/airflow/example_dags/example_dynamic_task_mapping.py
[2025-12-15T09:12:21.112+0000] {processor.py:840} INFO - DAG(s) 'example_dynamic_task_mapping' retrieved from /home/airflow/.local/lib/python3.12/site-packages/airflow/example_dags/example_dynamic_task_mapping.py
[2025-12-15T09:12:21.148+0000] {logging_mixin.py:188} INFO - [2025-12-15T09:12:21.147+0000] {dag.py:3096} INFO - Sync 1 DAGs
[2025-12-15T09:12:21.185+0000] {logging_mixin.py:188} INFO - [2025-12-15T09:12:21.185+0000] {dag.py:3954} INFO - Setting next_dagrun for example_dynamic_task_mapping to 2022-03-04 00:00:00+00:00, run_after=2022-03-05 00:00:00+00:00
[2025-12-15T09:12:21.220+0000] {processor.py:183} INFO - Processing /home/airflow/.local/lib/python3.12/site-packages/airflow/example_dags/example_dynamic_task_mapping.py took 0.131 seconds
