[2025-12-15T09:04:43.671+0000] {processor.py:161} INFO - Started process (PID=305) to work on /home/airflow/.local/lib/python3.12/site-packages/airflow/example_dags/example_short_circuit_operator.py
[2025-12-15T09:04:43.673+0000] {processor.py:830} INFO - Processing file /home/airflow/.local/lib/python3.12/site-packages/airflow/example_dags/example_short_circuit_operator.py for tasks to queue
[2025-12-15T09:04:43.676+0000] {logging_mixin.py:188} INFO - [2025-12-15T09:04:43.675+0000] {dagbag.py:545} INFO - Filling up the DagBag from /home/airflow/.local/lib/python3.12/site-packages/airflow/example_dags/example_short_circuit_operator.py
[2025-12-15T09:04:43.687+0000] {processor.py:840} INFO - DAG(s) 'example_short_circuit_operator' retrieved from /home/airflow/.local/lib/python3.12/site-packages/airflow/example_dags/example_short_circuit_operator.py
[2025-12-15T09:04:43.864+0000] {logging_mixin.py:188} INFO - [2025-12-15T09:04:43.863+0000] {override.py:1829} INFO - Created Permission View: can edit on DAG:example_short_circuit_operator
[2025-12-15T09:04:43.885+0000] {logging_mixin.py:188} INFO - [2025-12-15T09:04:43.884+0000] {override.py:1829} INFO - Created Permission View: can delete on DAG:example_short_circuit_operator
[2025-12-15T09:04:43.898+0000] {logging_mixin.py:188} INFO - [2025-12-15T09:04:43.898+0000] {override.py:1829} INFO - Created Permission View: can read on DAG:example_short_circuit_operator
[2025-12-15T09:04:43.899+0000] {logging_mixin.py:188} INFO - [2025-12-15T09:04:43.899+0000] {dag.py:3096} INFO - Sync 1 DAGs
[2025-12-15T09:04:43.915+0000] {logging_mixin.py:188} INFO - [2025-12-15T09:04:43.915+0000] {dag.py:3118} INFO - Creating ORM DAG for example_short_circuit_operator
[2025-12-15T09:04:43.929+0000] {logging_mixin.py:188} INFO - [2025-12-15T09:04:43.929+0000] {dag.py:3954} INFO - Setting next_dagrun for example_short_circuit_operator to 2025-12-14 00:00:00+00:00, run_after=2025-12-15 00:00:00+00:00
[2025-12-15T09:04:43.953+0000] {processor.py:183} INFO - Processing /home/airflow/.local/lib/python3.12/site-packages/airflow/example_dags/example_short_circuit_operator.py took 0.289 seconds
[2025-12-15T09:05:14.353+0000] {processor.py:161} INFO - Started process (PID=566) to work on /home/airflow/.local/lib/python3.12/site-packages/airflow/example_dags/example_short_circuit_operator.py
[2025-12-15T09:05:14.354+0000] {processor.py:830} INFO - Processing file /home/airflow/.local/lib/python3.12/site-packages/airflow/example_dags/example_short_circuit_operator.py for tasks to queue
[2025-12-15T09:05:14.357+0000] {logging_mixin.py:188} INFO - [2025-12-15T09:05:14.356+0000] {dagbag.py:545} INFO - Filling up the DagBag from /home/airflow/.local/lib/python3.12/site-packages/airflow/example_dags/example_short_circuit_operator.py
[2025-12-15T09:05:14.366+0000] {processor.py:840} INFO - DAG(s) 'example_short_circuit_operator' retrieved from /home/airflow/.local/lib/python3.12/site-packages/airflow/example_dags/example_short_circuit_operator.py
[2025-12-15T09:05:14.408+0000] {logging_mixin.py:188} INFO - [2025-12-15T09:05:14.407+0000] {dag.py:3096} INFO - Sync 1 DAGs
[2025-12-15T09:05:14.439+0000] {logging_mixin.py:188} INFO - [2025-12-15T09:05:14.438+0000] {dag.py:3954} INFO - Setting next_dagrun for example_short_circuit_operator to 2025-12-14 00:00:00+00:00, run_after=2025-12-15 00:00:00+00:00
[2025-12-15T09:05:14.466+0000] {processor.py:183} INFO - Processing /home/airflow/.local/lib/python3.12/site-packages/airflow/example_dags/example_short_circuit_operator.py took 0.122 seconds
[2025-12-15T09:05:44.684+0000] {processor.py:161} INFO - Started process (PID=827) to work on /home/airflow/.local/lib/python3.12/site-packages/airflow/example_dags/example_short_circuit_operator.py
[2025-12-15T09:05:44.686+0000] {processor.py:830} INFO - Processing file /home/airflow/.local/lib/python3.12/site-packages/airflow/example_dags/example_short_circuit_operator.py for tasks to queue
[2025-12-15T09:05:44.688+0000] {logging_mixin.py:188} INFO - [2025-12-15T09:05:44.688+0000] {dagbag.py:545} INFO - Filling up the DagBag from /home/airflow/.local/lib/python3.12/site-packages/airflow/example_dags/example_short_circuit_operator.py
[2025-12-15T09:05:44.699+0000] {processor.py:840} INFO - DAG(s) 'example_short_circuit_operator' retrieved from /home/airflow/.local/lib/python3.12/site-packages/airflow/example_dags/example_short_circuit_operator.py
[2025-12-15T09:05:44.739+0000] {logging_mixin.py:188} INFO - [2025-12-15T09:05:44.739+0000] {dag.py:3096} INFO - Sync 1 DAGs
[2025-12-15T09:05:44.774+0000] {logging_mixin.py:188} INFO - [2025-12-15T09:05:44.773+0000] {dag.py:3954} INFO - Setting next_dagrun for example_short_circuit_operator to 2025-12-14 00:00:00+00:00, run_after=2025-12-15 00:00:00+00:00
[2025-12-15T09:05:44.804+0000] {processor.py:183} INFO - Processing /home/airflow/.local/lib/python3.12/site-packages/airflow/example_dags/example_short_circuit_operator.py took 0.127 seconds
[2025-12-15T09:06:15.254+0000] {processor.py:161} INFO - Started process (PID=1088) to work on /home/airflow/.local/lib/python3.12/site-packages/airflow/example_dags/example_short_circuit_operator.py
[2025-12-15T09:06:15.255+0000] {processor.py:830} INFO - Processing file /home/airflow/.local/lib/python3.12/site-packages/airflow/example_dags/example_short_circuit_operator.py for tasks to queue
[2025-12-15T09:06:15.258+0000] {logging_mixin.py:188} INFO - [2025-12-15T09:06:15.258+0000] {dagbag.py:545} INFO - Filling up the DagBag from /home/airflow/.local/lib/python3.12/site-packages/airflow/example_dags/example_short_circuit_operator.py
[2025-12-15T09:06:15.270+0000] {processor.py:840} INFO - DAG(s) 'example_short_circuit_operator' retrieved from /home/airflow/.local/lib/python3.12/site-packages/airflow/example_dags/example_short_circuit_operator.py
[2025-12-15T09:06:15.313+0000] {logging_mixin.py:188} INFO - [2025-12-15T09:06:15.313+0000] {dag.py:3096} INFO - Sync 1 DAGs
[2025-12-15T09:06:15.350+0000] {logging_mixin.py:188} INFO - [2025-12-15T09:06:15.350+0000] {dag.py:3954} INFO - Setting next_dagrun for example_short_circuit_operator to 2025-12-14 00:00:00+00:00, run_after=2025-12-15 00:00:00+00:00
[2025-12-15T09:06:15.387+0000] {processor.py:183} INFO - Processing /home/airflow/.local/lib/python3.12/site-packages/airflow/example_dags/example_short_circuit_operator.py took 0.143 seconds
[2025-12-15T09:06:45.610+0000] {processor.py:161} INFO - Started process (PID=1349) to work on /home/airflow/.local/lib/python3.12/site-packages/airflow/example_dags/example_short_circuit_operator.py
[2025-12-15T09:06:45.611+0000] {processor.py:830} INFO - Processing file /home/airflow/.local/lib/python3.12/site-packages/airflow/example_dags/example_short_circuit_operator.py for tasks to queue
[2025-12-15T09:06:45.614+0000] {logging_mixin.py:188} INFO - [2025-12-15T09:06:45.613+0000] {dagbag.py:545} INFO - Filling up the DagBag from /home/airflow/.local/lib/python3.12/site-packages/airflow/example_dags/example_short_circuit_operator.py
[2025-12-15T09:06:45.626+0000] {processor.py:840} INFO - DAG(s) 'example_short_circuit_operator' retrieved from /home/airflow/.local/lib/python3.12/site-packages/airflow/example_dags/example_short_circuit_operator.py
[2025-12-15T09:06:45.676+0000] {logging_mixin.py:188} INFO - [2025-12-15T09:06:45.675+0000] {dag.py:3096} INFO - Sync 1 DAGs
[2025-12-15T09:06:45.714+0000] {logging_mixin.py:188} INFO - [2025-12-15T09:06:45.714+0000] {dag.py:3954} INFO - Setting next_dagrun for example_short_circuit_operator to 2025-12-14 00:00:00+00:00, run_after=2025-12-15 00:00:00+00:00
[2025-12-15T09:06:45.745+0000] {processor.py:183} INFO - Processing /home/airflow/.local/lib/python3.12/site-packages/airflow/example_dags/example_short_circuit_operator.py took 0.144 seconds
[2025-12-15T09:07:16.240+0000] {processor.py:161} INFO - Started process (PID=1610) to work on /home/airflow/.local/lib/python3.12/site-packages/airflow/example_dags/example_short_circuit_operator.py
[2025-12-15T09:07:16.242+0000] {processor.py:830} INFO - Processing file /home/airflow/.local/lib/python3.12/site-packages/airflow/example_dags/example_short_circuit_operator.py for tasks to queue
[2025-12-15T09:07:16.244+0000] {logging_mixin.py:188} INFO - [2025-12-15T09:07:16.244+0000] {dagbag.py:545} INFO - Filling up the DagBag from /home/airflow/.local/lib/python3.12/site-packages/airflow/example_dags/example_short_circuit_operator.py
[2025-12-15T09:07:16.254+0000] {processor.py:840} INFO - DAG(s) 'example_short_circuit_operator' retrieved from /home/airflow/.local/lib/python3.12/site-packages/airflow/example_dags/example_short_circuit_operator.py
[2025-12-15T09:07:16.298+0000] {logging_mixin.py:188} INFO - [2025-12-15T09:07:16.297+0000] {dag.py:3096} INFO - Sync 1 DAGs
[2025-12-15T09:07:16.333+0000] {logging_mixin.py:188} INFO - [2025-12-15T09:07:16.332+0000] {dag.py:3954} INFO - Setting next_dagrun for example_short_circuit_operator to 2025-12-14 00:00:00+00:00, run_after=2025-12-15 00:00:00+00:00
[2025-12-15T09:07:16.366+0000] {processor.py:183} INFO - Processing /home/airflow/.local/lib/python3.12/site-packages/airflow/example_dags/example_short_circuit_operator.py took 0.134 seconds
[2025-12-15T09:07:46.597+0000] {processor.py:161} INFO - Started process (PID=1871) to work on /home/airflow/.local/lib/python3.12/site-packages/airflow/example_dags/example_short_circuit_operator.py
[2025-12-15T09:07:46.598+0000] {processor.py:830} INFO - Processing file /home/airflow/.local/lib/python3.12/site-packages/airflow/example_dags/example_short_circuit_operator.py for tasks to queue
[2025-12-15T09:07:46.602+0000] {logging_mixin.py:188} INFO - [2025-12-15T09:07:46.601+0000] {dagbag.py:545} INFO - Filling up the DagBag from /home/airflow/.local/lib/python3.12/site-packages/airflow/example_dags/example_short_circuit_operator.py
[2025-12-15T09:07:46.612+0000] {processor.py:840} INFO - DAG(s) 'example_short_circuit_operator' retrieved from /home/airflow/.local/lib/python3.12/site-packages/airflow/example_dags/example_short_circuit_operator.py
[2025-12-15T09:07:46.655+0000] {logging_mixin.py:188} INFO - [2025-12-15T09:07:46.654+0000] {dag.py:3096} INFO - Sync 1 DAGs
[2025-12-15T09:07:46.692+0000] {logging_mixin.py:188} INFO - [2025-12-15T09:07:46.691+0000] {dag.py:3954} INFO - Setting next_dagrun for example_short_circuit_operator to 2025-12-14 00:00:00+00:00, run_after=2025-12-15 00:00:00+00:00
[2025-12-15T09:07:46.720+0000] {processor.py:183} INFO - Processing /home/airflow/.local/lib/python3.12/site-packages/airflow/example_dags/example_short_circuit_operator.py took 0.131 seconds
[2025-12-15T09:08:17.086+0000] {processor.py:161} INFO - Started process (PID=2132) to work on /home/airflow/.local/lib/python3.12/site-packages/airflow/example_dags/example_short_circuit_operator.py
[2025-12-15T09:08:17.088+0000] {processor.py:830} INFO - Processing file /home/airflow/.local/lib/python3.12/site-packages/airflow/example_dags/example_short_circuit_operator.py for tasks to queue
[2025-12-15T09:08:17.091+0000] {logging_mixin.py:188} INFO - [2025-12-15T09:08:17.090+0000] {dagbag.py:545} INFO - Filling up the DagBag from /home/airflow/.local/lib/python3.12/site-packages/airflow/example_dags/example_short_circuit_operator.py
[2025-12-15T09:08:17.101+0000] {processor.py:840} INFO - DAG(s) 'example_short_circuit_operator' retrieved from /home/airflow/.local/lib/python3.12/site-packages/airflow/example_dags/example_short_circuit_operator.py
[2025-12-15T09:08:17.143+0000] {logging_mixin.py:188} INFO - [2025-12-15T09:08:17.143+0000] {dag.py:3096} INFO - Sync 1 DAGs
[2025-12-15T09:08:17.179+0000] {logging_mixin.py:188} INFO - [2025-12-15T09:08:17.179+0000] {dag.py:3954} INFO - Setting next_dagrun for example_short_circuit_operator to 2025-12-14 00:00:00+00:00, run_after=2025-12-15 00:00:00+00:00
[2025-12-15T09:08:17.210+0000] {processor.py:183} INFO - Processing /home/airflow/.local/lib/python3.12/site-packages/airflow/example_dags/example_short_circuit_operator.py took 0.130 seconds
[2025-12-15T09:08:47.766+0000] {processor.py:161} INFO - Started process (PID=2393) to work on /home/airflow/.local/lib/python3.12/site-packages/airflow/example_dags/example_short_circuit_operator.py
[2025-12-15T09:08:47.767+0000] {processor.py:830} INFO - Processing file /home/airflow/.local/lib/python3.12/site-packages/airflow/example_dags/example_short_circuit_operator.py for tasks to queue
[2025-12-15T09:08:47.770+0000] {logging_mixin.py:188} INFO - [2025-12-15T09:08:47.769+0000] {dagbag.py:545} INFO - Filling up the DagBag from /home/airflow/.local/lib/python3.12/site-packages/airflow/example_dags/example_short_circuit_operator.py
[2025-12-15T09:08:47.780+0000] {processor.py:840} INFO - DAG(s) 'example_short_circuit_operator' retrieved from /home/airflow/.local/lib/python3.12/site-packages/airflow/example_dags/example_short_circuit_operator.py
[2025-12-15T09:08:47.829+0000] {logging_mixin.py:188} INFO - [2025-12-15T09:08:47.828+0000] {dag.py:3096} INFO - Sync 1 DAGs
[2025-12-15T09:08:47.862+0000] {logging_mixin.py:188} INFO - [2025-12-15T09:08:47.862+0000] {dag.py:3954} INFO - Setting next_dagrun for example_short_circuit_operator to 2025-12-14 00:00:00+00:00, run_after=2025-12-15 00:00:00+00:00
[2025-12-15T09:08:47.890+0000] {processor.py:183} INFO - Processing /home/airflow/.local/lib/python3.12/site-packages/airflow/example_dags/example_short_circuit_operator.py took 0.132 seconds
[2025-12-15T09:09:18.356+0000] {processor.py:161} INFO - Started process (PID=2654) to work on /home/airflow/.local/lib/python3.12/site-packages/airflow/example_dags/example_short_circuit_operator.py
[2025-12-15T09:09:18.357+0000] {processor.py:830} INFO - Processing file /home/airflow/.local/lib/python3.12/site-packages/airflow/example_dags/example_short_circuit_operator.py for tasks to queue
[2025-12-15T09:09:18.360+0000] {logging_mixin.py:188} INFO - [2025-12-15T09:09:18.360+0000] {dagbag.py:545} INFO - Filling up the DagBag from /home/airflow/.local/lib/python3.12/site-packages/airflow/example_dags/example_short_circuit_operator.py
[2025-12-15T09:09:18.371+0000] {processor.py:840} INFO - DAG(s) 'example_short_circuit_operator' retrieved from /home/airflow/.local/lib/python3.12/site-packages/airflow/example_dags/example_short_circuit_operator.py
[2025-12-15T09:09:18.414+0000] {logging_mixin.py:188} INFO - [2025-12-15T09:09:18.413+0000] {dag.py:3096} INFO - Sync 1 DAGs
[2025-12-15T09:09:18.446+0000] {logging_mixin.py:188} INFO - [2025-12-15T09:09:18.446+0000] {dag.py:3954} INFO - Setting next_dagrun for example_short_circuit_operator to 2025-12-14 00:00:00+00:00, run_after=2025-12-15 00:00:00+00:00
[2025-12-15T09:09:18.476+0000] {processor.py:183} INFO - Processing /home/airflow/.local/lib/python3.12/site-packages/airflow/example_dags/example_short_circuit_operator.py took 0.129 seconds
[2025-12-15T09:09:48.895+0000] {processor.py:161} INFO - Started process (PID=2915) to work on /home/airflow/.local/lib/python3.12/site-packages/airflow/example_dags/example_short_circuit_operator.py
[2025-12-15T09:09:48.896+0000] {processor.py:830} INFO - Processing file /home/airflow/.local/lib/python3.12/site-packages/airflow/example_dags/example_short_circuit_operator.py for tasks to queue
[2025-12-15T09:09:48.900+0000] {logging_mixin.py:188} INFO - [2025-12-15T09:09:48.899+0000] {dagbag.py:545} INFO - Filling up the DagBag from /home/airflow/.local/lib/python3.12/site-packages/airflow/example_dags/example_short_circuit_operator.py
[2025-12-15T09:09:48.912+0000] {processor.py:840} INFO - DAG(s) 'example_short_circuit_operator' retrieved from /home/airflow/.local/lib/python3.12/site-packages/airflow/example_dags/example_short_circuit_operator.py
[2025-12-15T09:09:48.954+0000] {logging_mixin.py:188} INFO - [2025-12-15T09:09:48.954+0000] {dag.py:3096} INFO - Sync 1 DAGs
[2025-12-15T09:09:48.993+0000] {logging_mixin.py:188} INFO - [2025-12-15T09:09:48.992+0000] {dag.py:3954} INFO - Setting next_dagrun for example_short_circuit_operator to 2025-12-14 00:00:00+00:00, run_after=2025-12-15 00:00:00+00:00
[2025-12-15T09:09:49.024+0000] {processor.py:183} INFO - Processing /home/airflow/.local/lib/python3.12/site-packages/airflow/example_dags/example_short_circuit_operator.py took 0.138 seconds
[2025-12-15T09:10:19.209+0000] {processor.py:161} INFO - Started process (PID=3176) to work on /home/airflow/.local/lib/python3.12/site-packages/airflow/example_dags/example_short_circuit_operator.py
[2025-12-15T09:10:19.210+0000] {processor.py:830} INFO - Processing file /home/airflow/.local/lib/python3.12/site-packages/airflow/example_dags/example_short_circuit_operator.py for tasks to queue
[2025-12-15T09:10:19.213+0000] {logging_mixin.py:188} INFO - [2025-12-15T09:10:19.212+0000] {dagbag.py:545} INFO - Filling up the DagBag from /home/airflow/.local/lib/python3.12/site-packages/airflow/example_dags/example_short_circuit_operator.py
[2025-12-15T09:10:19.223+0000] {processor.py:840} INFO - DAG(s) 'example_short_circuit_operator' retrieved from /home/airflow/.local/lib/python3.12/site-packages/airflow/example_dags/example_short_circuit_operator.py
[2025-12-15T09:10:19.262+0000] {logging_mixin.py:188} INFO - [2025-12-15T09:10:19.261+0000] {dag.py:3096} INFO - Sync 1 DAGs
[2025-12-15T09:10:19.295+0000] {logging_mixin.py:188} INFO - [2025-12-15T09:10:19.295+0000] {dag.py:3954} INFO - Setting next_dagrun for example_short_circuit_operator to 2025-12-14 00:00:00+00:00, run_after=2025-12-15 00:00:00+00:00
[2025-12-15T09:10:19.326+0000] {processor.py:183} INFO - Processing /home/airflow/.local/lib/python3.12/site-packages/airflow/example_dags/example_short_circuit_operator.py took 0.125 seconds
[2025-12-15T09:10:49.666+0000] {processor.py:161} INFO - Started process (PID=3437) to work on /home/airflow/.local/lib/python3.12/site-packages/airflow/example_dags/example_short_circuit_operator.py
[2025-12-15T09:10:49.667+0000] {processor.py:830} INFO - Processing file /home/airflow/.local/lib/python3.12/site-packages/airflow/example_dags/example_short_circuit_operator.py for tasks to queue
[2025-12-15T09:10:49.670+0000] {logging_mixin.py:188} INFO - [2025-12-15T09:10:49.670+0000] {dagbag.py:545} INFO - Filling up the DagBag from /home/airflow/.local/lib/python3.12/site-packages/airflow/example_dags/example_short_circuit_operator.py
[2025-12-15T09:10:49.684+0000] {processor.py:840} INFO - DAG(s) 'example_short_circuit_operator' retrieved from /home/airflow/.local/lib/python3.12/site-packages/airflow/example_dags/example_short_circuit_operator.py
[2025-12-15T09:10:49.728+0000] {logging_mixin.py:188} INFO - [2025-12-15T09:10:49.727+0000] {dag.py:3096} INFO - Sync 1 DAGs
[2025-12-15T09:10:49.761+0000] {logging_mixin.py:188} INFO - [2025-12-15T09:10:49.760+0000] {dag.py:3954} INFO - Setting next_dagrun for example_short_circuit_operator to 2025-12-14 00:00:00+00:00, run_after=2025-12-15 00:00:00+00:00
[2025-12-15T09:10:49.792+0000] {processor.py:183} INFO - Processing /home/airflow/.local/lib/python3.12/site-packages/airflow/example_dags/example_short_circuit_operator.py took 0.136 seconds
[2025-12-15T09:11:19.990+0000] {processor.py:161} INFO - Started process (PID=3698) to work on /home/airflow/.local/lib/python3.12/site-packages/airflow/example_dags/example_short_circuit_operator.py
[2025-12-15T09:11:19.992+0000] {processor.py:830} INFO - Processing file /home/airflow/.local/lib/python3.12/site-packages/airflow/example_dags/example_short_circuit_operator.py for tasks to queue
[2025-12-15T09:11:19.994+0000] {logging_mixin.py:188} INFO - [2025-12-15T09:11:19.994+0000] {dagbag.py:545} INFO - Filling up the DagBag from /home/airflow/.local/lib/python3.12/site-packages/airflow/example_dags/example_short_circuit_operator.py
[2025-12-15T09:11:20.005+0000] {processor.py:840} INFO - DAG(s) 'example_short_circuit_operator' retrieved from /home/airflow/.local/lib/python3.12/site-packages/airflow/example_dags/example_short_circuit_operator.py
[2025-12-15T09:11:20.047+0000] {logging_mixin.py:188} INFO - [2025-12-15T09:11:20.046+0000] {dag.py:3096} INFO - Sync 1 DAGs
[2025-12-15T09:11:20.085+0000] {logging_mixin.py:188} INFO - [2025-12-15T09:11:20.084+0000] {dag.py:3954} INFO - Setting next_dagrun for example_short_circuit_operator to 2025-12-14 00:00:00+00:00, run_after=2025-12-15 00:00:00+00:00
[2025-12-15T09:11:20.116+0000] {processor.py:183} INFO - Processing /home/airflow/.local/lib/python3.12/site-packages/airflow/example_dags/example_short_circuit_operator.py took 0.135 seconds
[2025-12-15T09:11:50.288+0000] {processor.py:161} INFO - Started process (PID=3959) to work on /home/airflow/.local/lib/python3.12/site-packages/airflow/example_dags/example_short_circuit_operator.py
[2025-12-15T09:11:50.290+0000] {processor.py:830} INFO - Processing file /home/airflow/.local/lib/python3.12/site-packages/airflow/example_dags/example_short_circuit_operator.py for tasks to queue
[2025-12-15T09:11:50.292+0000] {logging_mixin.py:188} INFO - [2025-12-15T09:11:50.292+0000] {dagbag.py:545} INFO - Filling up the DagBag from /home/airflow/.local/lib/python3.12/site-packages/airflow/example_dags/example_short_circuit_operator.py
[2025-12-15T09:11:50.302+0000] {processor.py:840} INFO - DAG(s) 'example_short_circuit_operator' retrieved from /home/airflow/.local/lib/python3.12/site-packages/airflow/example_dags/example_short_circuit_operator.py
[2025-12-15T09:11:50.340+0000] {logging_mixin.py:188} INFO - [2025-12-15T09:11:50.339+0000] {dag.py:3096} INFO - Sync 1 DAGs
[2025-12-15T09:11:50.373+0000] {logging_mixin.py:188} INFO - [2025-12-15T09:11:50.373+0000] {dag.py:3954} INFO - Setting next_dagrun for example_short_circuit_operator to 2025-12-14 00:00:00+00:00, run_after=2025-12-15 00:00:00+00:00
[2025-12-15T09:11:50.401+0000] {processor.py:183} INFO - Processing /home/airflow/.local/lib/python3.12/site-packages/airflow/example_dags/example_short_circuit_operator.py took 0.122 seconds
[2025-12-15T09:12:20.850+0000] {processor.py:161} INFO - Started process (PID=4220) to work on /home/airflow/.local/lib/python3.12/site-packages/airflow/example_dags/example_short_circuit_operator.py
[2025-12-15T09:12:20.852+0000] {processor.py:830} INFO - Processing file /home/airflow/.local/lib/python3.12/site-packages/airflow/example_dags/example_short_circuit_operator.py for tasks to queue
[2025-12-15T09:12:20.858+0000] {logging_mixin.py:188} INFO - [2025-12-15T09:12:20.857+0000] {dagbag.py:545} INFO - Filling up the DagBag from /home/airflow/.local/lib/python3.12/site-packages/airflow/example_dags/example_short_circuit_operator.py
[2025-12-15T09:12:20.884+0000] {processor.py:840} INFO - DAG(s) 'example_short_circuit_operator' retrieved from /home/airflow/.local/lib/python3.12/site-packages/airflow/example_dags/example_short_circuit_operator.py
[2025-12-15T09:12:20.955+0000] {logging_mixin.py:188} INFO - [2025-12-15T09:12:20.955+0000] {dag.py:3096} INFO - Sync 1 DAGs
[2025-12-15T09:12:21.001+0000] {logging_mixin.py:188} INFO - [2025-12-15T09:12:21.000+0000] {dag.py:3954} INFO - Setting next_dagrun for example_short_circuit_operator to 2025-12-14 00:00:00+00:00, run_after=2025-12-15 00:00:00+00:00
[2025-12-15T09:12:21.040+0000] {processor.py:183} INFO - Processing /home/airflow/.local/lib/python3.12/site-packages/airflow/example_dags/example_short_circuit_operator.py took 0.205 seconds
