[2025-12-15T09:04:41.001+0000] {processor.py:161} INFO - Started process (PID=237) to work on /home/airflow/.local/lib/python3.12/site-packages/airflow/example_dags/example_short_circuit_decorator.py
[2025-12-15T09:04:41.002+0000] {processor.py:830} INFO - Processing file /home/airflow/.local/lib/python3.12/site-packages/airflow/example_dags/example_short_circuit_decorator.py for tasks to queue
[2025-12-15T09:04:41.005+0000] {logging_mixin.py:188} INFO - [2025-12-15T09:04:41.004+0000] {dagbag.py:545} INFO - Filling up the DagBag from /home/airflow/.local/lib/python3.12/site-packages/airflow/example_dags/example_short_circuit_decorator.py
[2025-12-15T09:04:41.019+0000] {processor.py:840} INFO - DAG(s) 'example_short_circuit_decorator' retrieved from /home/airflow/.local/lib/python3.12/site-packages/airflow/example_dags/example_short_circuit_decorator.py
[2025-12-15T09:04:41.175+0000] {logging_mixin.py:188} INFO - [2025-12-15T09:04:41.174+0000] {override.py:1829} INFO - Created Permission View: can edit on DAG:example_short_circuit_decorator
[2025-12-15T09:04:41.187+0000] {logging_mixin.py:188} INFO - [2025-12-15T09:04:41.186+0000] {override.py:1829} INFO - Created Permission View: can delete on DAG:example_short_circuit_decorator
[2025-12-15T09:04:41.195+0000] {logging_mixin.py:188} INFO - [2025-12-15T09:04:41.194+0000] {override.py:1829} INFO - Created Permission View: can read on DAG:example_short_circuit_decorator
[2025-12-15T09:04:41.195+0000] {logging_mixin.py:188} INFO - [2025-12-15T09:04:41.195+0000] {dag.py:3096} INFO - Sync 1 DAGs
[2025-12-15T09:04:41.211+0000] {logging_mixin.py:188} INFO - [2025-12-15T09:04:41.210+0000] {dag.py:3118} INFO - Creating ORM DAG for example_short_circuit_decorator
[2025-12-15T09:04:41.224+0000] {logging_mixin.py:188} INFO - [2025-12-15T09:04:41.223+0000] {dag.py:3954} INFO - Setting next_dagrun for example_short_circuit_decorator to 2025-12-14 00:00:00+00:00, run_after=2025-12-15 00:00:00+00:00
[2025-12-15T09:04:41.246+0000] {processor.py:183} INFO - Processing /home/airflow/.local/lib/python3.12/site-packages/airflow/example_dags/example_short_circuit_decorator.py took 0.252 seconds
[2025-12-15T09:05:11.745+0000] {processor.py:161} INFO - Started process (PID=496) to work on /home/airflow/.local/lib/python3.12/site-packages/airflow/example_dags/example_short_circuit_decorator.py
[2025-12-15T09:05:11.747+0000] {processor.py:830} INFO - Processing file /home/airflow/.local/lib/python3.12/site-packages/airflow/example_dags/example_short_circuit_decorator.py for tasks to queue
[2025-12-15T09:05:11.749+0000] {logging_mixin.py:188} INFO - [2025-12-15T09:05:11.749+0000] {dagbag.py:545} INFO - Filling up the DagBag from /home/airflow/.local/lib/python3.12/site-packages/airflow/example_dags/example_short_circuit_decorator.py
[2025-12-15T09:05:11.762+0000] {processor.py:840} INFO - DAG(s) 'example_short_circuit_decorator' retrieved from /home/airflow/.local/lib/python3.12/site-packages/airflow/example_dags/example_short_circuit_decorator.py
[2025-12-15T09:05:11.802+0000] {logging_mixin.py:188} INFO - [2025-12-15T09:05:11.802+0000] {dag.py:3096} INFO - Sync 1 DAGs
[2025-12-15T09:05:11.861+0000] {logging_mixin.py:188} INFO - [2025-12-15T09:05:11.860+0000] {dag.py:3954} INFO - Setting next_dagrun for example_short_circuit_decorator to 2025-12-14 00:00:00+00:00, run_after=2025-12-15 00:00:00+00:00
[2025-12-15T09:05:11.902+0000] {processor.py:183} INFO - Processing /home/airflow/.local/lib/python3.12/site-packages/airflow/example_dags/example_short_circuit_decorator.py took 0.164 seconds
[2025-12-15T09:05:42.329+0000] {processor.py:161} INFO - Started process (PID=757) to work on /home/airflow/.local/lib/python3.12/site-packages/airflow/example_dags/example_short_circuit_decorator.py
[2025-12-15T09:05:42.332+0000] {processor.py:830} INFO - Processing file /home/airflow/.local/lib/python3.12/site-packages/airflow/example_dags/example_short_circuit_decorator.py for tasks to queue
[2025-12-15T09:05:42.336+0000] {logging_mixin.py:188} INFO - [2025-12-15T09:05:42.335+0000] {dagbag.py:545} INFO - Filling up the DagBag from /home/airflow/.local/lib/python3.12/site-packages/airflow/example_dags/example_short_circuit_decorator.py
[2025-12-15T09:05:42.351+0000] {processor.py:840} INFO - DAG(s) 'example_short_circuit_decorator' retrieved from /home/airflow/.local/lib/python3.12/site-packages/airflow/example_dags/example_short_circuit_decorator.py
[2025-12-15T09:05:42.397+0000] {logging_mixin.py:188} INFO - [2025-12-15T09:05:42.397+0000] {dag.py:3096} INFO - Sync 1 DAGs
[2025-12-15T09:05:42.434+0000] {logging_mixin.py:188} INFO - [2025-12-15T09:05:42.433+0000] {dag.py:3954} INFO - Setting next_dagrun for example_short_circuit_decorator to 2025-12-14 00:00:00+00:00, run_after=2025-12-15 00:00:00+00:00
[2025-12-15T09:05:42.467+0000] {processor.py:183} INFO - Processing /home/airflow/.local/lib/python3.12/site-packages/airflow/example_dags/example_short_circuit_decorator.py took 0.151 seconds
[2025-12-15T09:06:12.736+0000] {processor.py:161} INFO - Started process (PID=1018) to work on /home/airflow/.local/lib/python3.12/site-packages/airflow/example_dags/example_short_circuit_decorator.py
[2025-12-15T09:06:12.737+0000] {processor.py:830} INFO - Processing file /home/airflow/.local/lib/python3.12/site-packages/airflow/example_dags/example_short_circuit_decorator.py for tasks to queue
[2025-12-15T09:06:12.740+0000] {logging_mixin.py:188} INFO - [2025-12-15T09:06:12.739+0000] {dagbag.py:545} INFO - Filling up the DagBag from /home/airflow/.local/lib/python3.12/site-packages/airflow/example_dags/example_short_circuit_decorator.py
[2025-12-15T09:06:12.754+0000] {processor.py:840} INFO - DAG(s) 'example_short_circuit_decorator' retrieved from /home/airflow/.local/lib/python3.12/site-packages/airflow/example_dags/example_short_circuit_decorator.py
[2025-12-15T09:06:12.795+0000] {logging_mixin.py:188} INFO - [2025-12-15T09:06:12.795+0000] {dag.py:3096} INFO - Sync 1 DAGs
[2025-12-15T09:06:12.836+0000] {logging_mixin.py:188} INFO - [2025-12-15T09:06:12.836+0000] {dag.py:3954} INFO - Setting next_dagrun for example_short_circuit_decorator to 2025-12-14 00:00:00+00:00, run_after=2025-12-15 00:00:00+00:00
[2025-12-15T09:06:12.866+0000] {processor.py:183} INFO - Processing /home/airflow/.local/lib/python3.12/site-packages/airflow/example_dags/example_short_circuit_decorator.py took 0.139 seconds
[2025-12-15T09:06:43.069+0000] {processor.py:161} INFO - Started process (PID=1279) to work on /home/airflow/.local/lib/python3.12/site-packages/airflow/example_dags/example_short_circuit_decorator.py
[2025-12-15T09:06:43.071+0000] {processor.py:830} INFO - Processing file /home/airflow/.local/lib/python3.12/site-packages/airflow/example_dags/example_short_circuit_decorator.py for tasks to queue
[2025-12-15T09:06:43.075+0000] {logging_mixin.py:188} INFO - [2025-12-15T09:06:43.074+0000] {dagbag.py:545} INFO - Filling up the DagBag from /home/airflow/.local/lib/python3.12/site-packages/airflow/example_dags/example_short_circuit_decorator.py
[2025-12-15T09:06:43.090+0000] {processor.py:840} INFO - DAG(s) 'example_short_circuit_decorator' retrieved from /home/airflow/.local/lib/python3.12/site-packages/airflow/example_dags/example_short_circuit_decorator.py
[2025-12-15T09:06:43.137+0000] {logging_mixin.py:188} INFO - [2025-12-15T09:06:43.136+0000] {dag.py:3096} INFO - Sync 1 DAGs
[2025-12-15T09:06:43.181+0000] {logging_mixin.py:188} INFO - [2025-12-15T09:06:43.180+0000] {dag.py:3954} INFO - Setting next_dagrun for example_short_circuit_decorator to 2025-12-14 00:00:00+00:00, run_after=2025-12-15 00:00:00+00:00
[2025-12-15T09:06:43.215+0000] {processor.py:183} INFO - Processing /home/airflow/.local/lib/python3.12/site-packages/airflow/example_dags/example_short_circuit_decorator.py took 0.157 seconds
[2025-12-15T09:07:13.541+0000] {processor.py:161} INFO - Started process (PID=1540) to work on /home/airflow/.local/lib/python3.12/site-packages/airflow/example_dags/example_short_circuit_decorator.py
[2025-12-15T09:07:13.544+0000] {processor.py:830} INFO - Processing file /home/airflow/.local/lib/python3.12/site-packages/airflow/example_dags/example_short_circuit_decorator.py for tasks to queue
[2025-12-15T09:07:13.550+0000] {logging_mixin.py:188} INFO - [2025-12-15T09:07:13.550+0000] {dagbag.py:545} INFO - Filling up the DagBag from /home/airflow/.local/lib/python3.12/site-packages/airflow/example_dags/example_short_circuit_decorator.py
[2025-12-15T09:07:13.566+0000] {processor.py:840} INFO - DAG(s) 'example_short_circuit_decorator' retrieved from /home/airflow/.local/lib/python3.12/site-packages/airflow/example_dags/example_short_circuit_decorator.py
[2025-12-15T09:07:13.609+0000] {logging_mixin.py:188} INFO - [2025-12-15T09:07:13.609+0000] {dag.py:3096} INFO - Sync 1 DAGs
[2025-12-15T09:07:13.649+0000] {logging_mixin.py:188} INFO - [2025-12-15T09:07:13.649+0000] {dag.py:3954} INFO - Setting next_dagrun for example_short_circuit_decorator to 2025-12-14 00:00:00+00:00, run_after=2025-12-15 00:00:00+00:00
[2025-12-15T09:07:13.684+0000] {processor.py:183} INFO - Processing /home/airflow/.local/lib/python3.12/site-packages/airflow/example_dags/example_short_circuit_decorator.py took 0.154 seconds
[2025-12-15T09:07:43.825+0000] {processor.py:161} INFO - Started process (PID=1801) to work on /home/airflow/.local/lib/python3.12/site-packages/airflow/example_dags/example_short_circuit_decorator.py
[2025-12-15T09:07:43.827+0000] {processor.py:830} INFO - Processing file /home/airflow/.local/lib/python3.12/site-packages/airflow/example_dags/example_short_circuit_decorator.py for tasks to queue
[2025-12-15T09:07:43.830+0000] {logging_mixin.py:188} INFO - [2025-12-15T09:07:43.830+0000] {dagbag.py:545} INFO - Filling up the DagBag from /home/airflow/.local/lib/python3.12/site-packages/airflow/example_dags/example_short_circuit_decorator.py
[2025-12-15T09:07:43.847+0000] {processor.py:840} INFO - DAG(s) 'example_short_circuit_decorator' retrieved from /home/airflow/.local/lib/python3.12/site-packages/airflow/example_dags/example_short_circuit_decorator.py
[2025-12-15T09:07:43.896+0000] {logging_mixin.py:188} INFO - [2025-12-15T09:07:43.895+0000] {dag.py:3096} INFO - Sync 1 DAGs
[2025-12-15T09:07:43.933+0000] {logging_mixin.py:188} INFO - [2025-12-15T09:07:43.933+0000] {dag.py:3954} INFO - Setting next_dagrun for example_short_circuit_decorator to 2025-12-14 00:00:00+00:00, run_after=2025-12-15 00:00:00+00:00
[2025-12-15T09:07:43.974+0000] {processor.py:183} INFO - Processing /home/airflow/.local/lib/python3.12/site-packages/airflow/example_dags/example_short_circuit_decorator.py took 0.160 seconds
[2025-12-15T09:08:14.659+0000] {processor.py:161} INFO - Started process (PID=2062) to work on /home/airflow/.local/lib/python3.12/site-packages/airflow/example_dags/example_short_circuit_decorator.py
[2025-12-15T09:08:14.660+0000] {processor.py:830} INFO - Processing file /home/airflow/.local/lib/python3.12/site-packages/airflow/example_dags/example_short_circuit_decorator.py for tasks to queue
[2025-12-15T09:08:14.662+0000] {logging_mixin.py:188} INFO - [2025-12-15T09:08:14.662+0000] {dagbag.py:545} INFO - Filling up the DagBag from /home/airflow/.local/lib/python3.12/site-packages/airflow/example_dags/example_short_circuit_decorator.py
[2025-12-15T09:08:14.674+0000] {processor.py:840} INFO - DAG(s) 'example_short_circuit_decorator' retrieved from /home/airflow/.local/lib/python3.12/site-packages/airflow/example_dags/example_short_circuit_decorator.py
[2025-12-15T09:08:14.712+0000] {logging_mixin.py:188} INFO - [2025-12-15T09:08:14.711+0000] {dag.py:3096} INFO - Sync 1 DAGs
[2025-12-15T09:08:14.744+0000] {logging_mixin.py:188} INFO - [2025-12-15T09:08:14.744+0000] {dag.py:3954} INFO - Setting next_dagrun for example_short_circuit_decorator to 2025-12-14 00:00:00+00:00, run_after=2025-12-15 00:00:00+00:00
[2025-12-15T09:08:14.775+0000] {processor.py:183} INFO - Processing /home/airflow/.local/lib/python3.12/site-packages/airflow/example_dags/example_short_circuit_decorator.py took 0.124 seconds
[2025-12-15T09:08:45.119+0000] {processor.py:161} INFO - Started process (PID=2323) to work on /home/airflow/.local/lib/python3.12/site-packages/airflow/example_dags/example_short_circuit_decorator.py
[2025-12-15T09:08:45.121+0000] {processor.py:830} INFO - Processing file /home/airflow/.local/lib/python3.12/site-packages/airflow/example_dags/example_short_circuit_decorator.py for tasks to queue
[2025-12-15T09:08:45.125+0000] {logging_mixin.py:188} INFO - [2025-12-15T09:08:45.124+0000] {dagbag.py:545} INFO - Filling up the DagBag from /home/airflow/.local/lib/python3.12/site-packages/airflow/example_dags/example_short_circuit_decorator.py
[2025-12-15T09:08:45.141+0000] {processor.py:840} INFO - DAG(s) 'example_short_circuit_decorator' retrieved from /home/airflow/.local/lib/python3.12/site-packages/airflow/example_dags/example_short_circuit_decorator.py
[2025-12-15T09:08:45.188+0000] {logging_mixin.py:188} INFO - [2025-12-15T09:08:45.187+0000] {dag.py:3096} INFO - Sync 1 DAGs
[2025-12-15T09:08:45.229+0000] {logging_mixin.py:188} INFO - [2025-12-15T09:08:45.228+0000] {dag.py:3954} INFO - Setting next_dagrun for example_short_circuit_decorator to 2025-12-14 00:00:00+00:00, run_after=2025-12-15 00:00:00+00:00
[2025-12-15T09:08:45.263+0000] {processor.py:183} INFO - Processing /home/airflow/.local/lib/python3.12/site-packages/airflow/example_dags/example_short_circuit_decorator.py took 0.154 seconds
[2025-12-15T09:09:15.758+0000] {processor.py:161} INFO - Started process (PID=2584) to work on /home/airflow/.local/lib/python3.12/site-packages/airflow/example_dags/example_short_circuit_decorator.py
[2025-12-15T09:09:15.760+0000] {processor.py:830} INFO - Processing file /home/airflow/.local/lib/python3.12/site-packages/airflow/example_dags/example_short_circuit_decorator.py for tasks to queue
[2025-12-15T09:09:15.763+0000] {logging_mixin.py:188} INFO - [2025-12-15T09:09:15.762+0000] {dagbag.py:545} INFO - Filling up the DagBag from /home/airflow/.local/lib/python3.12/site-packages/airflow/example_dags/example_short_circuit_decorator.py
[2025-12-15T09:09:15.777+0000] {processor.py:840} INFO - DAG(s) 'example_short_circuit_decorator' retrieved from /home/airflow/.local/lib/python3.12/site-packages/airflow/example_dags/example_short_circuit_decorator.py
[2025-12-15T09:09:15.821+0000] {logging_mixin.py:188} INFO - [2025-12-15T09:09:15.821+0000] {dag.py:3096} INFO - Sync 1 DAGs
[2025-12-15T09:09:15.866+0000] {logging_mixin.py:188} INFO - [2025-12-15T09:09:15.866+0000] {dag.py:3954} INFO - Setting next_dagrun for example_short_circuit_decorator to 2025-12-14 00:00:00+00:00, run_after=2025-12-15 00:00:00+00:00
[2025-12-15T09:09:15.904+0000] {processor.py:183} INFO - Processing /home/airflow/.local/lib/python3.12/site-packages/airflow/example_dags/example_short_circuit_decorator.py took 0.155 seconds
[2025-12-15T09:09:46.148+0000] {processor.py:161} INFO - Started process (PID=2845) to work on /home/airflow/.local/lib/python3.12/site-packages/airflow/example_dags/example_short_circuit_decorator.py
[2025-12-15T09:09:46.150+0000] {processor.py:830} INFO - Processing file /home/airflow/.local/lib/python3.12/site-packages/airflow/example_dags/example_short_circuit_decorator.py for tasks to queue
[2025-12-15T09:09:46.155+0000] {logging_mixin.py:188} INFO - [2025-12-15T09:09:46.154+0000] {dagbag.py:545} INFO - Filling up the DagBag from /home/airflow/.local/lib/python3.12/site-packages/airflow/example_dags/example_short_circuit_decorator.py
[2025-12-15T09:09:46.170+0000] {processor.py:840} INFO - DAG(s) 'example_short_circuit_decorator' retrieved from /home/airflow/.local/lib/python3.12/site-packages/airflow/example_dags/example_short_circuit_decorator.py
[2025-12-15T09:09:46.214+0000] {logging_mixin.py:188} INFO - [2025-12-15T09:09:46.213+0000] {dag.py:3096} INFO - Sync 1 DAGs
[2025-12-15T09:09:46.259+0000] {logging_mixin.py:188} INFO - [2025-12-15T09:09:46.259+0000] {dag.py:3954} INFO - Setting next_dagrun for example_short_circuit_decorator to 2025-12-14 00:00:00+00:00, run_after=2025-12-15 00:00:00+00:00
[2025-12-15T09:09:46.295+0000] {processor.py:183} INFO - Processing /home/airflow/.local/lib/python3.12/site-packages/airflow/example_dags/example_short_circuit_decorator.py took 0.160 seconds
[2025-12-15T09:10:16.599+0000] {processor.py:161} INFO - Started process (PID=3106) to work on /home/airflow/.local/lib/python3.12/site-packages/airflow/example_dags/example_short_circuit_decorator.py
[2025-12-15T09:10:16.602+0000] {processor.py:830} INFO - Processing file /home/airflow/.local/lib/python3.12/site-packages/airflow/example_dags/example_short_circuit_decorator.py for tasks to queue
[2025-12-15T09:10:16.605+0000] {logging_mixin.py:188} INFO - [2025-12-15T09:10:16.604+0000] {dagbag.py:545} INFO - Filling up the DagBag from /home/airflow/.local/lib/python3.12/site-packages/airflow/example_dags/example_short_circuit_decorator.py
[2025-12-15T09:10:16.617+0000] {processor.py:840} INFO - DAG(s) 'example_short_circuit_decorator' retrieved from /home/airflow/.local/lib/python3.12/site-packages/airflow/example_dags/example_short_circuit_decorator.py
[2025-12-15T09:10:16.665+0000] {logging_mixin.py:188} INFO - [2025-12-15T09:10:16.664+0000] {dag.py:3096} INFO - Sync 1 DAGs
[2025-12-15T09:10:16.705+0000] {logging_mixin.py:188} INFO - [2025-12-15T09:10:16.704+0000] {dag.py:3954} INFO - Setting next_dagrun for example_short_circuit_decorator to 2025-12-14 00:00:00+00:00, run_after=2025-12-15 00:00:00+00:00
[2025-12-15T09:10:16.738+0000] {processor.py:183} INFO - Processing /home/airflow/.local/lib/python3.12/site-packages/airflow/example_dags/example_short_circuit_decorator.py took 0.148 seconds
[2025-12-15T09:10:47.104+0000] {processor.py:161} INFO - Started process (PID=3367) to work on /home/airflow/.local/lib/python3.12/site-packages/airflow/example_dags/example_short_circuit_decorator.py
[2025-12-15T09:10:47.106+0000] {processor.py:830} INFO - Processing file /home/airflow/.local/lib/python3.12/site-packages/airflow/example_dags/example_short_circuit_decorator.py for tasks to queue
[2025-12-15T09:10:47.109+0000] {logging_mixin.py:188} INFO - [2025-12-15T09:10:47.108+0000] {dagbag.py:545} INFO - Filling up the DagBag from /home/airflow/.local/lib/python3.12/site-packages/airflow/example_dags/example_short_circuit_decorator.py
[2025-12-15T09:10:47.125+0000] {processor.py:840} INFO - DAG(s) 'example_short_circuit_decorator' retrieved from /home/airflow/.local/lib/python3.12/site-packages/airflow/example_dags/example_short_circuit_decorator.py
[2025-12-15T09:10:47.172+0000] {logging_mixin.py:188} INFO - [2025-12-15T09:10:47.171+0000] {dag.py:3096} INFO - Sync 1 DAGs
[2025-12-15T09:10:47.212+0000] {logging_mixin.py:188} INFO - [2025-12-15T09:10:47.212+0000] {dag.py:3954} INFO - Setting next_dagrun for example_short_circuit_decorator to 2025-12-14 00:00:00+00:00, run_after=2025-12-15 00:00:00+00:00
[2025-12-15T09:10:47.245+0000] {processor.py:183} INFO - Processing /home/airflow/.local/lib/python3.12/site-packages/airflow/example_dags/example_short_circuit_decorator.py took 0.151 seconds
[2025-12-15T09:11:17.431+0000] {processor.py:161} INFO - Started process (PID=3628) to work on /home/airflow/.local/lib/python3.12/site-packages/airflow/example_dags/example_short_circuit_decorator.py
[2025-12-15T09:11:17.433+0000] {processor.py:830} INFO - Processing file /home/airflow/.local/lib/python3.12/site-packages/airflow/example_dags/example_short_circuit_decorator.py for tasks to queue
[2025-12-15T09:11:17.436+0000] {logging_mixin.py:188} INFO - [2025-12-15T09:11:17.435+0000] {dagbag.py:545} INFO - Filling up the DagBag from /home/airflow/.local/lib/python3.12/site-packages/airflow/example_dags/example_short_circuit_decorator.py
[2025-12-15T09:11:17.449+0000] {processor.py:840} INFO - DAG(s) 'example_short_circuit_decorator' retrieved from /home/airflow/.local/lib/python3.12/site-packages/airflow/example_dags/example_short_circuit_decorator.py
[2025-12-15T09:11:17.493+0000] {logging_mixin.py:188} INFO - [2025-12-15T09:11:17.492+0000] {dag.py:3096} INFO - Sync 1 DAGs
[2025-12-15T09:11:17.531+0000] {logging_mixin.py:188} INFO - [2025-12-15T09:11:17.530+0000] {dag.py:3954} INFO - Setting next_dagrun for example_short_circuit_decorator to 2025-12-14 00:00:00+00:00, run_after=2025-12-15 00:00:00+00:00
[2025-12-15T09:11:17.563+0000] {processor.py:183} INFO - Processing /home/airflow/.local/lib/python3.12/site-packages/airflow/example_dags/example_short_circuit_decorator.py took 0.142 seconds
[2025-12-15T09:11:47.721+0000] {processor.py:161} INFO - Started process (PID=3889) to work on /home/airflow/.local/lib/python3.12/site-packages/airflow/example_dags/example_short_circuit_decorator.py
[2025-12-15T09:11:47.723+0000] {processor.py:830} INFO - Processing file /home/airflow/.local/lib/python3.12/site-packages/airflow/example_dags/example_short_circuit_decorator.py for tasks to queue
[2025-12-15T09:11:47.725+0000] {logging_mixin.py:188} INFO - [2025-12-15T09:11:47.725+0000] {dagbag.py:545} INFO - Filling up the DagBag from /home/airflow/.local/lib/python3.12/site-packages/airflow/example_dags/example_short_circuit_decorator.py
[2025-12-15T09:11:47.738+0000] {processor.py:840} INFO - DAG(s) 'example_short_circuit_decorator' retrieved from /home/airflow/.local/lib/python3.12/site-packages/airflow/example_dags/example_short_circuit_decorator.py
[2025-12-15T09:11:47.778+0000] {logging_mixin.py:188} INFO - [2025-12-15T09:11:47.778+0000] {dag.py:3096} INFO - Sync 1 DAGs
[2025-12-15T09:11:47.814+0000] {logging_mixin.py:188} INFO - [2025-12-15T09:11:47.814+0000] {dag.py:3954} INFO - Setting next_dagrun for example_short_circuit_decorator to 2025-12-14 00:00:00+00:00, run_after=2025-12-15 00:00:00+00:00
[2025-12-15T09:11:47.850+0000] {processor.py:183} INFO - Processing /home/airflow/.local/lib/python3.12/site-packages/airflow/example_dags/example_short_circuit_decorator.py took 0.136 seconds
[2025-12-15T09:12:18.208+0000] {processor.py:161} INFO - Started process (PID=4150) to work on /home/airflow/.local/lib/python3.12/site-packages/airflow/example_dags/example_short_circuit_decorator.py
[2025-12-15T09:12:18.210+0000] {processor.py:830} INFO - Processing file /home/airflow/.local/lib/python3.12/site-packages/airflow/example_dags/example_short_circuit_decorator.py for tasks to queue
[2025-12-15T09:12:18.213+0000] {logging_mixin.py:188} INFO - [2025-12-15T09:12:18.212+0000] {dagbag.py:545} INFO - Filling up the DagBag from /home/airflow/.local/lib/python3.12/site-packages/airflow/example_dags/example_short_circuit_decorator.py
[2025-12-15T09:12:18.227+0000] {processor.py:840} INFO - DAG(s) 'example_short_circuit_decorator' retrieved from /home/airflow/.local/lib/python3.12/site-packages/airflow/example_dags/example_short_circuit_decorator.py
[2025-12-15T09:12:18.268+0000] {logging_mixin.py:188} INFO - [2025-12-15T09:12:18.267+0000] {dag.py:3096} INFO - Sync 1 DAGs
[2025-12-15T09:12:18.300+0000] {logging_mixin.py:188} INFO - [2025-12-15T09:12:18.299+0000] {dag.py:3954} INFO - Setting next_dagrun for example_short_circuit_decorator to 2025-12-14 00:00:00+00:00, run_after=2025-12-15 00:00:00+00:00
[2025-12-15T09:12:18.329+0000] {processor.py:183} INFO - Processing /home/airflow/.local/lib/python3.12/site-packages/airflow/example_dags/example_short_circuit_decorator.py took 0.131 seconds
