[2025-12-15T09:04:45.847+0000] {processor.py:161} INFO - Started process (PID=372) to work on /home/airflow/.local/lib/python3.12/site-packages/airflow/example_dags/example_xcom.py
[2025-12-15T09:04:45.848+0000] {processor.py:830} INFO - Processing file /home/airflow/.local/lib/python3.12/site-packages/airflow/example_dags/example_xcom.py for tasks to queue
[2025-12-15T09:04:45.851+0000] {logging_mixin.py:188} INFO - [2025-12-15T09:04:45.851+0000] {dagbag.py:545} INFO - Filling up the DagBag from /home/airflow/.local/lib/python3.12/site-packages/airflow/example_dags/example_xcom.py
[2025-12-15T09:04:45.862+0000] {processor.py:840} INFO - DAG(s) 'example_xcom' retrieved from /home/airflow/.local/lib/python3.12/site-packages/airflow/example_dags/example_xcom.py
[2025-12-15T09:04:46.002+0000] {logging_mixin.py:188} INFO - [2025-12-15T09:04:46.002+0000] {override.py:1829} INFO - Created Permission View: can edit on DAG:example_xcom
[2025-12-15T09:04:46.016+0000] {logging_mixin.py:188} INFO - [2025-12-15T09:04:46.016+0000] {override.py:1829} INFO - Created Permission View: can delete on DAG:example_xcom
[2025-12-15T09:04:46.027+0000] {logging_mixin.py:188} INFO - [2025-12-15T09:04:46.026+0000] {override.py:1829} INFO - Created Permission View: can read on DAG:example_xcom
[2025-12-15T09:04:46.027+0000] {logging_mixin.py:188} INFO - [2025-12-15T09:04:46.027+0000] {dag.py:3096} INFO - Sync 1 DAGs
[2025-12-15T09:04:46.043+0000] {logging_mixin.py:188} INFO - [2025-12-15T09:04:46.043+0000] {dag.py:3118} INFO - Creating ORM DAG for example_xcom
[2025-12-15T09:04:46.057+0000] {logging_mixin.py:188} INFO - [2025-12-15T09:04:46.057+0000] {dag.py:3954} INFO - Setting next_dagrun for example_xcom to 2021-01-01 00:00:00+00:00, run_after=2021-01-01 00:00:00+00:00
[2025-12-15T09:04:46.080+0000] {processor.py:183} INFO - Processing /home/airflow/.local/lib/python3.12/site-packages/airflow/example_dags/example_xcom.py took 0.239 seconds
[2025-12-15T09:05:16.723+0000] {processor.py:161} INFO - Started process (PID=633) to work on /home/airflow/.local/lib/python3.12/site-packages/airflow/example_dags/example_xcom.py
[2025-12-15T09:05:16.725+0000] {processor.py:830} INFO - Processing file /home/airflow/.local/lib/python3.12/site-packages/airflow/example_dags/example_xcom.py for tasks to queue
[2025-12-15T09:05:16.727+0000] {logging_mixin.py:188} INFO - [2025-12-15T09:05:16.727+0000] {dagbag.py:545} INFO - Filling up the DagBag from /home/airflow/.local/lib/python3.12/site-packages/airflow/example_dags/example_xcom.py
[2025-12-15T09:05:16.738+0000] {processor.py:840} INFO - DAG(s) 'example_xcom' retrieved from /home/airflow/.local/lib/python3.12/site-packages/airflow/example_dags/example_xcom.py
[2025-12-15T09:05:16.772+0000] {logging_mixin.py:188} INFO - [2025-12-15T09:05:16.772+0000] {dag.py:3096} INFO - Sync 1 DAGs
[2025-12-15T09:05:16.808+0000] {logging_mixin.py:188} INFO - [2025-12-15T09:05:16.808+0000] {dag.py:3954} INFO - Setting next_dagrun for example_xcom to 2021-01-01 00:00:00+00:00, run_after=2021-01-01 00:00:00+00:00
[2025-12-15T09:05:16.838+0000] {processor.py:183} INFO - Processing /home/airflow/.local/lib/python3.12/site-packages/airflow/example_dags/example_xcom.py took 0.121 seconds
[2025-12-15T09:05:47.015+0000] {processor.py:161} INFO - Started process (PID=894) to work on /home/airflow/.local/lib/python3.12/site-packages/airflow/example_dags/example_xcom.py
[2025-12-15T09:05:47.016+0000] {processor.py:830} INFO - Processing file /home/airflow/.local/lib/python3.12/site-packages/airflow/example_dags/example_xcom.py for tasks to queue
[2025-12-15T09:05:47.019+0000] {logging_mixin.py:188} INFO - [2025-12-15T09:05:47.019+0000] {dagbag.py:545} INFO - Filling up the DagBag from /home/airflow/.local/lib/python3.12/site-packages/airflow/example_dags/example_xcom.py
[2025-12-15T09:05:47.028+0000] {processor.py:840} INFO - DAG(s) 'example_xcom' retrieved from /home/airflow/.local/lib/python3.12/site-packages/airflow/example_dags/example_xcom.py
[2025-12-15T09:05:47.060+0000] {logging_mixin.py:188} INFO - [2025-12-15T09:05:47.059+0000] {dag.py:3096} INFO - Sync 1 DAGs
[2025-12-15T09:05:47.091+0000] {logging_mixin.py:188} INFO - [2025-12-15T09:05:47.090+0000] {dag.py:3954} INFO - Setting next_dagrun for example_xcom to 2021-01-01 00:00:00+00:00, run_after=2021-01-01 00:00:00+00:00
[2025-12-15T09:05:47.119+0000] {processor.py:183} INFO - Processing /home/airflow/.local/lib/python3.12/site-packages/airflow/example_dags/example_xcom.py took 0.112 seconds
[2025-12-15T09:06:17.621+0000] {processor.py:161} INFO - Started process (PID=1155) to work on /home/airflow/.local/lib/python3.12/site-packages/airflow/example_dags/example_xcom.py
[2025-12-15T09:06:17.623+0000] {processor.py:830} INFO - Processing file /home/airflow/.local/lib/python3.12/site-packages/airflow/example_dags/example_xcom.py for tasks to queue
[2025-12-15T09:06:17.626+0000] {logging_mixin.py:188} INFO - [2025-12-15T09:06:17.625+0000] {dagbag.py:545} INFO - Filling up the DagBag from /home/airflow/.local/lib/python3.12/site-packages/airflow/example_dags/example_xcom.py
[2025-12-15T09:06:17.636+0000] {processor.py:840} INFO - DAG(s) 'example_xcom' retrieved from /home/airflow/.local/lib/python3.12/site-packages/airflow/example_dags/example_xcom.py
[2025-12-15T09:06:17.672+0000] {logging_mixin.py:188} INFO - [2025-12-15T09:06:17.671+0000] {dag.py:3096} INFO - Sync 1 DAGs
[2025-12-15T09:06:17.705+0000] {logging_mixin.py:188} INFO - [2025-12-15T09:06:17.704+0000] {dag.py:3954} INFO - Setting next_dagrun for example_xcom to 2021-01-01 00:00:00+00:00, run_after=2021-01-01 00:00:00+00:00
[2025-12-15T09:06:17.734+0000] {processor.py:183} INFO - Processing /home/airflow/.local/lib/python3.12/site-packages/airflow/example_dags/example_xcom.py took 0.124 seconds
[2025-12-15T09:06:48.098+0000] {processor.py:161} INFO - Started process (PID=1416) to work on /home/airflow/.local/lib/python3.12/site-packages/airflow/example_dags/example_xcom.py
[2025-12-15T09:06:48.099+0000] {processor.py:830} INFO - Processing file /home/airflow/.local/lib/python3.12/site-packages/airflow/example_dags/example_xcom.py for tasks to queue
[2025-12-15T09:06:48.103+0000] {logging_mixin.py:188} INFO - [2025-12-15T09:06:48.102+0000] {dagbag.py:545} INFO - Filling up the DagBag from /home/airflow/.local/lib/python3.12/site-packages/airflow/example_dags/example_xcom.py
[2025-12-15T09:06:48.116+0000] {processor.py:840} INFO - DAG(s) 'example_xcom' retrieved from /home/airflow/.local/lib/python3.12/site-packages/airflow/example_dags/example_xcom.py
[2025-12-15T09:06:48.160+0000] {logging_mixin.py:188} INFO - [2025-12-15T09:06:48.160+0000] {dag.py:3096} INFO - Sync 1 DAGs
[2025-12-15T09:06:48.200+0000] {logging_mixin.py:188} INFO - [2025-12-15T09:06:48.199+0000] {dag.py:3954} INFO - Setting next_dagrun for example_xcom to 2021-01-01 00:00:00+00:00, run_after=2021-01-01 00:00:00+00:00
[2025-12-15T09:06:48.242+0000] {processor.py:183} INFO - Processing /home/airflow/.local/lib/python3.12/site-packages/airflow/example_dags/example_xcom.py took 0.154 seconds
[2025-12-15T09:07:18.510+0000] {processor.py:161} INFO - Started process (PID=1675) to work on /home/airflow/.local/lib/python3.12/site-packages/airflow/example_dags/example_xcom.py
[2025-12-15T09:07:18.512+0000] {processor.py:830} INFO - Processing file /home/airflow/.local/lib/python3.12/site-packages/airflow/example_dags/example_xcom.py for tasks to queue
[2025-12-15T09:07:18.514+0000] {logging_mixin.py:188} INFO - [2025-12-15T09:07:18.513+0000] {dagbag.py:545} INFO - Filling up the DagBag from /home/airflow/.local/lib/python3.12/site-packages/airflow/example_dags/example_xcom.py
[2025-12-15T09:07:18.525+0000] {processor.py:840} INFO - DAG(s) 'example_xcom' retrieved from /home/airflow/.local/lib/python3.12/site-packages/airflow/example_dags/example_xcom.py
[2025-12-15T09:07:18.559+0000] {logging_mixin.py:188} INFO - [2025-12-15T09:07:18.558+0000] {dag.py:3096} INFO - Sync 1 DAGs
[2025-12-15T09:07:18.590+0000] {logging_mixin.py:188} INFO - [2025-12-15T09:07:18.589+0000] {dag.py:3954} INFO - Setting next_dagrun for example_xcom to 2021-01-01 00:00:00+00:00, run_after=2021-01-01 00:00:00+00:00
[2025-12-15T09:07:18.619+0000] {processor.py:183} INFO - Processing /home/airflow/.local/lib/python3.12/site-packages/airflow/example_dags/example_xcom.py took 0.121 seconds
[2025-12-15T09:07:49.020+0000] {processor.py:161} INFO - Started process (PID=1938) to work on /home/airflow/.local/lib/python3.12/site-packages/airflow/example_dags/example_xcom.py
[2025-12-15T09:07:49.022+0000] {processor.py:830} INFO - Processing file /home/airflow/.local/lib/python3.12/site-packages/airflow/example_dags/example_xcom.py for tasks to queue
[2025-12-15T09:07:49.025+0000] {logging_mixin.py:188} INFO - [2025-12-15T09:07:49.024+0000] {dagbag.py:545} INFO - Filling up the DagBag from /home/airflow/.local/lib/python3.12/site-packages/airflow/example_dags/example_xcom.py
[2025-12-15T09:07:49.037+0000] {processor.py:840} INFO - DAG(s) 'example_xcom' retrieved from /home/airflow/.local/lib/python3.12/site-packages/airflow/example_dags/example_xcom.py
[2025-12-15T09:07:49.075+0000] {logging_mixin.py:188} INFO - [2025-12-15T09:07:49.075+0000] {dag.py:3096} INFO - Sync 1 DAGs
[2025-12-15T09:07:49.109+0000] {logging_mixin.py:188} INFO - [2025-12-15T09:07:49.109+0000] {dag.py:3954} INFO - Setting next_dagrun for example_xcom to 2021-01-01 00:00:00+00:00, run_after=2021-01-01 00:00:00+00:00
[2025-12-15T09:07:49.141+0000] {processor.py:183} INFO - Processing /home/airflow/.local/lib/python3.12/site-packages/airflow/example_dags/example_xcom.py took 0.129 seconds
[2025-12-15T09:08:19.294+0000] {processor.py:161} INFO - Started process (PID=2197) to work on /home/airflow/.local/lib/python3.12/site-packages/airflow/example_dags/example_xcom.py
[2025-12-15T09:08:19.295+0000] {processor.py:830} INFO - Processing file /home/airflow/.local/lib/python3.12/site-packages/airflow/example_dags/example_xcom.py for tasks to queue
[2025-12-15T09:08:19.297+0000] {logging_mixin.py:188} INFO - [2025-12-15T09:08:19.297+0000] {dagbag.py:545} INFO - Filling up the DagBag from /home/airflow/.local/lib/python3.12/site-packages/airflow/example_dags/example_xcom.py
[2025-12-15T09:08:19.309+0000] {processor.py:840} INFO - DAG(s) 'example_xcom' retrieved from /home/airflow/.local/lib/python3.12/site-packages/airflow/example_dags/example_xcom.py
[2025-12-15T09:08:19.344+0000] {logging_mixin.py:188} INFO - [2025-12-15T09:08:19.344+0000] {dag.py:3096} INFO - Sync 1 DAGs
[2025-12-15T09:08:19.378+0000] {logging_mixin.py:188} INFO - [2025-12-15T09:08:19.377+0000] {dag.py:3954} INFO - Setting next_dagrun for example_xcom to 2021-01-01 00:00:00+00:00, run_after=2021-01-01 00:00:00+00:00
[2025-12-15T09:08:19.408+0000] {processor.py:183} INFO - Processing /home/airflow/.local/lib/python3.12/site-packages/airflow/example_dags/example_xcom.py took 0.122 seconds
[2025-12-15T09:08:49.926+0000] {processor.py:161} INFO - Started process (PID=2458) to work on /home/airflow/.local/lib/python3.12/site-packages/airflow/example_dags/example_xcom.py
[2025-12-15T09:08:49.928+0000] {processor.py:830} INFO - Processing file /home/airflow/.local/lib/python3.12/site-packages/airflow/example_dags/example_xcom.py for tasks to queue
[2025-12-15T09:08:49.930+0000] {logging_mixin.py:188} INFO - [2025-12-15T09:08:49.930+0000] {dagbag.py:545} INFO - Filling up the DagBag from /home/airflow/.local/lib/python3.12/site-packages/airflow/example_dags/example_xcom.py
[2025-12-15T09:08:49.940+0000] {processor.py:840} INFO - DAG(s) 'example_xcom' retrieved from /home/airflow/.local/lib/python3.12/site-packages/airflow/example_dags/example_xcom.py
[2025-12-15T09:08:49.973+0000] {logging_mixin.py:188} INFO - [2025-12-15T09:08:49.973+0000] {dag.py:3096} INFO - Sync 1 DAGs
[2025-12-15T09:08:50.005+0000] {logging_mixin.py:188} INFO - [2025-12-15T09:08:50.004+0000] {dag.py:3954} INFO - Setting next_dagrun for example_xcom to 2021-01-01 00:00:00+00:00, run_after=2021-01-01 00:00:00+00:00
[2025-12-15T09:08:50.033+0000] {processor.py:183} INFO - Processing /home/airflow/.local/lib/python3.12/site-packages/airflow/example_dags/example_xcom.py took 0.114 seconds
[2025-12-15T09:09:20.746+0000] {processor.py:161} INFO - Started process (PID=2721) to work on /home/airflow/.local/lib/python3.12/site-packages/airflow/example_dags/example_xcom.py
[2025-12-15T09:09:20.748+0000] {processor.py:830} INFO - Processing file /home/airflow/.local/lib/python3.12/site-packages/airflow/example_dags/example_xcom.py for tasks to queue
[2025-12-15T09:09:20.750+0000] {logging_mixin.py:188} INFO - [2025-12-15T09:09:20.750+0000] {dagbag.py:545} INFO - Filling up the DagBag from /home/airflow/.local/lib/python3.12/site-packages/airflow/example_dags/example_xcom.py
[2025-12-15T09:09:20.761+0000] {processor.py:840} INFO - DAG(s) 'example_xcom' retrieved from /home/airflow/.local/lib/python3.12/site-packages/airflow/example_dags/example_xcom.py
[2025-12-15T09:09:20.797+0000] {logging_mixin.py:188} INFO - [2025-12-15T09:09:20.797+0000] {dag.py:3096} INFO - Sync 1 DAGs
[2025-12-15T09:09:20.833+0000] {logging_mixin.py:188} INFO - [2025-12-15T09:09:20.833+0000] {dag.py:3954} INFO - Setting next_dagrun for example_xcom to 2021-01-01 00:00:00+00:00, run_after=2021-01-01 00:00:00+00:00
[2025-12-15T09:09:20.862+0000] {processor.py:183} INFO - Processing /home/airflow/.local/lib/python3.12/site-packages/airflow/example_dags/example_xcom.py took 0.125 seconds
[2025-12-15T09:09:51.331+0000] {processor.py:161} INFO - Started process (PID=2982) to work on /home/airflow/.local/lib/python3.12/site-packages/airflow/example_dags/example_xcom.py
[2025-12-15T09:09:51.333+0000] {processor.py:830} INFO - Processing file /home/airflow/.local/lib/python3.12/site-packages/airflow/example_dags/example_xcom.py for tasks to queue
[2025-12-15T09:09:51.336+0000] {logging_mixin.py:188} INFO - [2025-12-15T09:09:51.336+0000] {dagbag.py:545} INFO - Filling up the DagBag from /home/airflow/.local/lib/python3.12/site-packages/airflow/example_dags/example_xcom.py
[2025-12-15T09:09:51.346+0000] {processor.py:840} INFO - DAG(s) 'example_xcom' retrieved from /home/airflow/.local/lib/python3.12/site-packages/airflow/example_dags/example_xcom.py
[2025-12-15T09:09:51.381+0000] {logging_mixin.py:188} INFO - [2025-12-15T09:09:51.380+0000] {dag.py:3096} INFO - Sync 1 DAGs
[2025-12-15T09:09:51.413+0000] {logging_mixin.py:188} INFO - [2025-12-15T09:09:51.412+0000] {dag.py:3954} INFO - Setting next_dagrun for example_xcom to 2021-01-01 00:00:00+00:00, run_after=2021-01-01 00:00:00+00:00
[2025-12-15T09:09:51.446+0000] {processor.py:183} INFO - Processing /home/airflow/.local/lib/python3.12/site-packages/airflow/example_dags/example_xcom.py took 0.122 seconds
[2025-12-15T09:10:21.650+0000] {processor.py:161} INFO - Started process (PID=3241) to work on /home/airflow/.local/lib/python3.12/site-packages/airflow/example_dags/example_xcom.py
[2025-12-15T09:10:21.652+0000] {processor.py:830} INFO - Processing file /home/airflow/.local/lib/python3.12/site-packages/airflow/example_dags/example_xcom.py for tasks to queue
[2025-12-15T09:10:21.654+0000] {logging_mixin.py:188} INFO - [2025-12-15T09:10:21.654+0000] {dagbag.py:545} INFO - Filling up the DagBag from /home/airflow/.local/lib/python3.12/site-packages/airflow/example_dags/example_xcom.py
[2025-12-15T09:10:21.666+0000] {processor.py:840} INFO - DAG(s) 'example_xcom' retrieved from /home/airflow/.local/lib/python3.12/site-packages/airflow/example_dags/example_xcom.py
[2025-12-15T09:10:21.702+0000] {logging_mixin.py:188} INFO - [2025-12-15T09:10:21.701+0000] {dag.py:3096} INFO - Sync 1 DAGs
[2025-12-15T09:10:21.735+0000] {logging_mixin.py:188} INFO - [2025-12-15T09:10:21.735+0000] {dag.py:3954} INFO - Setting next_dagrun for example_xcom to 2021-01-01 00:00:00+00:00, run_after=2021-01-01 00:00:00+00:00
[2025-12-15T09:10:21.767+0000] {processor.py:183} INFO - Processing /home/airflow/.local/lib/python3.12/site-packages/airflow/example_dags/example_xcom.py took 0.125 seconds
[2025-12-15T09:10:52.103+0000] {processor.py:161} INFO - Started process (PID=3504) to work on /home/airflow/.local/lib/python3.12/site-packages/airflow/example_dags/example_xcom.py
[2025-12-15T09:10:52.105+0000] {processor.py:830} INFO - Processing file /home/airflow/.local/lib/python3.12/site-packages/airflow/example_dags/example_xcom.py for tasks to queue
[2025-12-15T09:10:52.108+0000] {logging_mixin.py:188} INFO - [2025-12-15T09:10:52.107+0000] {dagbag.py:545} INFO - Filling up the DagBag from /home/airflow/.local/lib/python3.12/site-packages/airflow/example_dags/example_xcom.py
[2025-12-15T09:10:52.119+0000] {processor.py:840} INFO - DAG(s) 'example_xcom' retrieved from /home/airflow/.local/lib/python3.12/site-packages/airflow/example_dags/example_xcom.py
[2025-12-15T09:10:52.160+0000] {logging_mixin.py:188} INFO - [2025-12-15T09:10:52.159+0000] {dag.py:3096} INFO - Sync 1 DAGs
[2025-12-15T09:10:52.193+0000] {logging_mixin.py:188} INFO - [2025-12-15T09:10:52.193+0000] {dag.py:3954} INFO - Setting next_dagrun for example_xcom to 2021-01-01 00:00:00+00:00, run_after=2021-01-01 00:00:00+00:00
[2025-12-15T09:10:52.224+0000] {processor.py:183} INFO - Processing /home/airflow/.local/lib/python3.12/site-packages/airflow/example_dags/example_xcom.py took 0.129 seconds
[2025-12-15T09:11:22.435+0000] {processor.py:161} INFO - Started process (PID=3765) to work on /home/airflow/.local/lib/python3.12/site-packages/airflow/example_dags/example_xcom.py
[2025-12-15T09:11:22.436+0000] {processor.py:830} INFO - Processing file /home/airflow/.local/lib/python3.12/site-packages/airflow/example_dags/example_xcom.py for tasks to queue
[2025-12-15T09:11:22.439+0000] {logging_mixin.py:188} INFO - [2025-12-15T09:11:22.439+0000] {dagbag.py:545} INFO - Filling up the DagBag from /home/airflow/.local/lib/python3.12/site-packages/airflow/example_dags/example_xcom.py
[2025-12-15T09:11:22.451+0000] {processor.py:840} INFO - DAG(s) 'example_xcom' retrieved from /home/airflow/.local/lib/python3.12/site-packages/airflow/example_dags/example_xcom.py
[2025-12-15T09:11:22.488+0000] {logging_mixin.py:188} INFO - [2025-12-15T09:11:22.487+0000] {dag.py:3096} INFO - Sync 1 DAGs
[2025-12-15T09:11:22.522+0000] {logging_mixin.py:188} INFO - [2025-12-15T09:11:22.522+0000] {dag.py:3954} INFO - Setting next_dagrun for example_xcom to 2021-01-01 00:00:00+00:00, run_after=2021-01-01 00:00:00+00:00
[2025-12-15T09:11:22.555+0000] {processor.py:183} INFO - Processing /home/airflow/.local/lib/python3.12/site-packages/airflow/example_dags/example_xcom.py took 0.129 seconds
[2025-12-15T09:11:52.774+0000] {processor.py:161} INFO - Started process (PID=4024) to work on /home/airflow/.local/lib/python3.12/site-packages/airflow/example_dags/example_xcom.py
[2025-12-15T09:11:52.776+0000] {processor.py:830} INFO - Processing file /home/airflow/.local/lib/python3.12/site-packages/airflow/example_dags/example_xcom.py for tasks to queue
[2025-12-15T09:11:52.778+0000] {logging_mixin.py:188} INFO - [2025-12-15T09:11:52.778+0000] {dagbag.py:545} INFO - Filling up the DagBag from /home/airflow/.local/lib/python3.12/site-packages/airflow/example_dags/example_xcom.py
[2025-12-15T09:11:52.790+0000] {processor.py:840} INFO - DAG(s) 'example_xcom' retrieved from /home/airflow/.local/lib/python3.12/site-packages/airflow/example_dags/example_xcom.py
[2025-12-15T09:11:52.825+0000] {logging_mixin.py:188} INFO - [2025-12-15T09:11:52.825+0000] {dag.py:3096} INFO - Sync 1 DAGs
[2025-12-15T09:11:52.856+0000] {logging_mixin.py:188} INFO - [2025-12-15T09:11:52.856+0000] {dag.py:3954} INFO - Setting next_dagrun for example_xcom to 2021-01-01 00:00:00+00:00, run_after=2021-01-01 00:00:00+00:00
[2025-12-15T09:11:52.885+0000] {processor.py:183} INFO - Processing /home/airflow/.local/lib/python3.12/site-packages/airflow/example_dags/example_xcom.py took 0.118 seconds
[2025-12-15T09:12:23.297+0000] {processor.py:161} INFO - Started process (PID=4287) to work on /home/airflow/.local/lib/python3.12/site-packages/airflow/example_dags/example_xcom.py
[2025-12-15T09:12:23.298+0000] {processor.py:830} INFO - Processing file /home/airflow/.local/lib/python3.12/site-packages/airflow/example_dags/example_xcom.py for tasks to queue
[2025-12-15T09:12:23.301+0000] {logging_mixin.py:188} INFO - [2025-12-15T09:12:23.301+0000] {dagbag.py:545} INFO - Filling up the DagBag from /home/airflow/.local/lib/python3.12/site-packages/airflow/example_dags/example_xcom.py
[2025-12-15T09:12:23.312+0000] {processor.py:840} INFO - DAG(s) 'example_xcom' retrieved from /home/airflow/.local/lib/python3.12/site-packages/airflow/example_dags/example_xcom.py
[2025-12-15T09:12:23.346+0000] {logging_mixin.py:188} INFO - [2025-12-15T09:12:23.346+0000] {dag.py:3096} INFO - Sync 1 DAGs
[2025-12-15T09:12:23.378+0000] {logging_mixin.py:188} INFO - [2025-12-15T09:12:23.377+0000] {dag.py:3954} INFO - Setting next_dagrun for example_xcom to 2021-01-01 00:00:00+00:00, run_after=2021-01-01 00:00:00+00:00
[2025-12-15T09:12:23.407+0000] {processor.py:183} INFO - Processing /home/airflow/.local/lib/python3.12/site-packages/airflow/example_dags/example_xcom.py took 0.117 seconds
