[2025-12-15T09:04:44.629+0000] {processor.py:161} INFO - Started process (PID=335) to work on /home/airflow/.local/lib/python3.12/site-packages/airflow/example_dags/example_branch_labels.py
[2025-12-15T09:04:44.630+0000] {processor.py:830} INFO - Processing file /home/airflow/.local/lib/python3.12/site-packages/airflow/example_dags/example_branch_labels.py for tasks to queue
[2025-12-15T09:04:44.632+0000] {logging_mixin.py:188} INFO - [2025-12-15T09:04:44.632+0000] {dagbag.py:545} INFO - Filling up the DagBag from /home/airflow/.local/lib/python3.12/site-packages/airflow/example_dags/example_branch_labels.py
[2025-12-15T09:04:44.643+0000] {processor.py:840} INFO - DAG(s) 'example_branch_labels' retrieved from /home/airflow/.local/lib/python3.12/site-packages/airflow/example_dags/example_branch_labels.py
[2025-12-15T09:04:44.797+0000] {logging_mixin.py:188} INFO - [2025-12-15T09:04:44.797+0000] {override.py:1829} INFO - Created Permission View: can edit on DAG:example_branch_labels
[2025-12-15T09:04:44.810+0000] {logging_mixin.py:188} INFO - [2025-12-15T09:04:44.809+0000] {override.py:1829} INFO - Created Permission View: can delete on DAG:example_branch_labels
[2025-12-15T09:04:44.819+0000] {logging_mixin.py:188} INFO - [2025-12-15T09:04:44.819+0000] {override.py:1829} INFO - Created Permission View: can read on DAG:example_branch_labels
[2025-12-15T09:04:44.820+0000] {logging_mixin.py:188} INFO - [2025-12-15T09:04:44.819+0000] {dag.py:3096} INFO - Sync 1 DAGs
[2025-12-15T09:04:44.835+0000] {logging_mixin.py:188} INFO - [2025-12-15T09:04:44.835+0000] {dag.py:3118} INFO - Creating ORM DAG for example_branch_labels
[2025-12-15T09:04:44.850+0000] {logging_mixin.py:188} INFO - [2025-12-15T09:04:44.850+0000] {dag.py:3954} INFO - Setting next_dagrun for example_branch_labels to 2025-12-14 00:00:00+00:00, run_after=2025-12-15 00:00:00+00:00
[2025-12-15T09:04:44.874+0000] {processor.py:183} INFO - Processing /home/airflow/.local/lib/python3.12/site-packages/airflow/example_dags/example_branch_labels.py took 0.253 seconds
[2025-12-15T09:05:15.807+0000] {processor.py:161} INFO - Started process (PID=596) to work on /home/airflow/.local/lib/python3.12/site-packages/airflow/example_dags/example_branch_labels.py
[2025-12-15T09:05:15.808+0000] {processor.py:830} INFO - Processing file /home/airflow/.local/lib/python3.12/site-packages/airflow/example_dags/example_branch_labels.py for tasks to queue
[2025-12-15T09:05:15.810+0000] {logging_mixin.py:188} INFO - [2025-12-15T09:05:15.810+0000] {dagbag.py:545} INFO - Filling up the DagBag from /home/airflow/.local/lib/python3.12/site-packages/airflow/example_dags/example_branch_labels.py
[2025-12-15T09:05:15.832+0000] {processor.py:840} INFO - DAG(s) 'example_branch_labels' retrieved from /home/airflow/.local/lib/python3.12/site-packages/airflow/example_dags/example_branch_labels.py
[2025-12-15T09:05:15.870+0000] {logging_mixin.py:188} INFO - [2025-12-15T09:05:15.870+0000] {dag.py:3096} INFO - Sync 1 DAGs
[2025-12-15T09:05:15.912+0000] {logging_mixin.py:188} INFO - [2025-12-15T09:05:15.911+0000] {dag.py:3954} INFO - Setting next_dagrun for example_branch_labels to 2025-12-14 00:00:00+00:00, run_after=2025-12-15 00:00:00+00:00
[2025-12-15T09:05:15.948+0000] {processor.py:183} INFO - Processing /home/airflow/.local/lib/python3.12/site-packages/airflow/example_dags/example_branch_labels.py took 0.148 seconds
[2025-12-15T09:05:46.179+0000] {processor.py:161} INFO - Started process (PID=857) to work on /home/airflow/.local/lib/python3.12/site-packages/airflow/example_dags/example_branch_labels.py
[2025-12-15T09:05:46.180+0000] {processor.py:830} INFO - Processing file /home/airflow/.local/lib/python3.12/site-packages/airflow/example_dags/example_branch_labels.py for tasks to queue
[2025-12-15T09:05:46.182+0000] {logging_mixin.py:188} INFO - [2025-12-15T09:05:46.182+0000] {dagbag.py:545} INFO - Filling up the DagBag from /home/airflow/.local/lib/python3.12/site-packages/airflow/example_dags/example_branch_labels.py
[2025-12-15T09:05:46.196+0000] {processor.py:840} INFO - DAG(s) 'example_branch_labels' retrieved from /home/airflow/.local/lib/python3.12/site-packages/airflow/example_dags/example_branch_labels.py
[2025-12-15T09:05:46.230+0000] {logging_mixin.py:188} INFO - [2025-12-15T09:05:46.229+0000] {dag.py:3096} INFO - Sync 1 DAGs
[2025-12-15T09:05:46.266+0000] {logging_mixin.py:188} INFO - [2025-12-15T09:05:46.265+0000] {dag.py:3954} INFO - Setting next_dagrun for example_branch_labels to 2025-12-14 00:00:00+00:00, run_after=2025-12-15 00:00:00+00:00
[2025-12-15T09:05:46.296+0000] {processor.py:183} INFO - Processing /home/airflow/.local/lib/python3.12/site-packages/airflow/example_dags/example_branch_labels.py took 0.126 seconds
[2025-12-15T09:06:16.728+0000] {processor.py:161} INFO - Started process (PID=1118) to work on /home/airflow/.local/lib/python3.12/site-packages/airflow/example_dags/example_branch_labels.py
[2025-12-15T09:06:16.730+0000] {processor.py:830} INFO - Processing file /home/airflow/.local/lib/python3.12/site-packages/airflow/example_dags/example_branch_labels.py for tasks to queue
[2025-12-15T09:06:16.732+0000] {logging_mixin.py:188} INFO - [2025-12-15T09:06:16.732+0000] {dagbag.py:545} INFO - Filling up the DagBag from /home/airflow/.local/lib/python3.12/site-packages/airflow/example_dags/example_branch_labels.py
[2025-12-15T09:06:16.745+0000] {processor.py:840} INFO - DAG(s) 'example_branch_labels' retrieved from /home/airflow/.local/lib/python3.12/site-packages/airflow/example_dags/example_branch_labels.py
[2025-12-15T09:06:16.783+0000] {logging_mixin.py:188} INFO - [2025-12-15T09:06:16.783+0000] {dag.py:3096} INFO - Sync 1 DAGs
[2025-12-15T09:06:16.827+0000] {logging_mixin.py:188} INFO - [2025-12-15T09:06:16.827+0000] {dag.py:3954} INFO - Setting next_dagrun for example_branch_labels to 2025-12-14 00:00:00+00:00, run_after=2025-12-15 00:00:00+00:00
[2025-12-15T09:06:16.856+0000] {processor.py:183} INFO - Processing /home/airflow/.local/lib/python3.12/site-packages/airflow/example_dags/example_branch_labels.py took 0.137 seconds
[2025-12-15T09:06:47.074+0000] {processor.py:161} INFO - Started process (PID=1379) to work on /home/airflow/.local/lib/python3.12/site-packages/airflow/example_dags/example_branch_labels.py
[2025-12-15T09:06:47.076+0000] {processor.py:830} INFO - Processing file /home/airflow/.local/lib/python3.12/site-packages/airflow/example_dags/example_branch_labels.py for tasks to queue
[2025-12-15T09:06:47.078+0000] {logging_mixin.py:188} INFO - [2025-12-15T09:06:47.077+0000] {dagbag.py:545} INFO - Filling up the DagBag from /home/airflow/.local/lib/python3.12/site-packages/airflow/example_dags/example_branch_labels.py
[2025-12-15T09:06:47.092+0000] {processor.py:840} INFO - DAG(s) 'example_branch_labels' retrieved from /home/airflow/.local/lib/python3.12/site-packages/airflow/example_dags/example_branch_labels.py
[2025-12-15T09:06:47.135+0000] {logging_mixin.py:188} INFO - [2025-12-15T09:06:47.135+0000] {dag.py:3096} INFO - Sync 1 DAGs
[2025-12-15T09:06:47.181+0000] {logging_mixin.py:188} INFO - [2025-12-15T09:06:47.181+0000] {dag.py:3954} INFO - Setting next_dagrun for example_branch_labels to 2025-12-14 00:00:00+00:00, run_after=2025-12-15 00:00:00+00:00
[2025-12-15T09:06:47.222+0000] {processor.py:183} INFO - Processing /home/airflow/.local/lib/python3.12/site-packages/airflow/example_dags/example_branch_labels.py took 0.156 seconds
[2025-12-15T09:07:17.731+0000] {processor.py:161} INFO - Started process (PID=1640) to work on /home/airflow/.local/lib/python3.12/site-packages/airflow/example_dags/example_branch_labels.py
[2025-12-15T09:07:17.732+0000] {processor.py:830} INFO - Processing file /home/airflow/.local/lib/python3.12/site-packages/airflow/example_dags/example_branch_labels.py for tasks to queue
[2025-12-15T09:07:17.736+0000] {logging_mixin.py:188} INFO - [2025-12-15T09:07:17.735+0000] {dagbag.py:545} INFO - Filling up the DagBag from /home/airflow/.local/lib/python3.12/site-packages/airflow/example_dags/example_branch_labels.py
[2025-12-15T09:07:17.750+0000] {processor.py:840} INFO - DAG(s) 'example_branch_labels' retrieved from /home/airflow/.local/lib/python3.12/site-packages/airflow/example_dags/example_branch_labels.py
[2025-12-15T09:07:17.787+0000] {logging_mixin.py:188} INFO - [2025-12-15T09:07:17.787+0000] {dag.py:3096} INFO - Sync 1 DAGs
[2025-12-15T09:07:17.823+0000] {logging_mixin.py:188} INFO - [2025-12-15T09:07:17.823+0000] {dag.py:3954} INFO - Setting next_dagrun for example_branch_labels to 2025-12-14 00:00:00+00:00, run_after=2025-12-15 00:00:00+00:00
[2025-12-15T09:07:17.854+0000] {processor.py:183} INFO - Processing /home/airflow/.local/lib/python3.12/site-packages/airflow/example_dags/example_branch_labels.py took 0.133 seconds
[2025-12-15T09:07:48.077+0000] {processor.py:161} INFO - Started process (PID=1901) to work on /home/airflow/.local/lib/python3.12/site-packages/airflow/example_dags/example_branch_labels.py
[2025-12-15T09:07:48.079+0000] {processor.py:830} INFO - Processing file /home/airflow/.local/lib/python3.12/site-packages/airflow/example_dags/example_branch_labels.py for tasks to queue
[2025-12-15T09:07:48.081+0000] {logging_mixin.py:188} INFO - [2025-12-15T09:07:48.081+0000] {dagbag.py:545} INFO - Filling up the DagBag from /home/airflow/.local/lib/python3.12/site-packages/airflow/example_dags/example_branch_labels.py
[2025-12-15T09:07:48.094+0000] {processor.py:840} INFO - DAG(s) 'example_branch_labels' retrieved from /home/airflow/.local/lib/python3.12/site-packages/airflow/example_dags/example_branch_labels.py
[2025-12-15T09:07:48.127+0000] {logging_mixin.py:188} INFO - [2025-12-15T09:07:48.127+0000] {dag.py:3096} INFO - Sync 1 DAGs
[2025-12-15T09:07:48.164+0000] {logging_mixin.py:188} INFO - [2025-12-15T09:07:48.163+0000] {dag.py:3954} INFO - Setting next_dagrun for example_branch_labels to 2025-12-14 00:00:00+00:00, run_after=2025-12-15 00:00:00+00:00
[2025-12-15T09:07:48.194+0000] {processor.py:183} INFO - Processing /home/airflow/.local/lib/python3.12/site-packages/airflow/example_dags/example_branch_labels.py took 0.125 seconds
[2025-12-15T09:08:18.545+0000] {processor.py:161} INFO - Started process (PID=2162) to work on /home/airflow/.local/lib/python3.12/site-packages/airflow/example_dags/example_branch_labels.py
[2025-12-15T09:08:18.547+0000] {processor.py:830} INFO - Processing file /home/airflow/.local/lib/python3.12/site-packages/airflow/example_dags/example_branch_labels.py for tasks to queue
[2025-12-15T09:08:18.551+0000] {logging_mixin.py:188} INFO - [2025-12-15T09:08:18.550+0000] {dagbag.py:545} INFO - Filling up the DagBag from /home/airflow/.local/lib/python3.12/site-packages/airflow/example_dags/example_branch_labels.py
[2025-12-15T09:08:18.563+0000] {processor.py:840} INFO - DAG(s) 'example_branch_labels' retrieved from /home/airflow/.local/lib/python3.12/site-packages/airflow/example_dags/example_branch_labels.py
[2025-12-15T09:08:18.608+0000] {logging_mixin.py:188} INFO - [2025-12-15T09:08:18.607+0000] {dag.py:3096} INFO - Sync 1 DAGs
[2025-12-15T09:08:18.653+0000] {logging_mixin.py:188} INFO - [2025-12-15T09:08:18.652+0000] {dag.py:3954} INFO - Setting next_dagrun for example_branch_labels to 2025-12-14 00:00:00+00:00, run_after=2025-12-15 00:00:00+00:00
[2025-12-15T09:08:18.692+0000] {processor.py:183} INFO - Processing /home/airflow/.local/lib/python3.12/site-packages/airflow/example_dags/example_branch_labels.py took 0.157 seconds
[2025-12-15T09:08:49.229+0000] {processor.py:161} INFO - Started process (PID=2423) to work on /home/airflow/.local/lib/python3.12/site-packages/airflow/example_dags/example_branch_labels.py
[2025-12-15T09:08:49.231+0000] {processor.py:830} INFO - Processing file /home/airflow/.local/lib/python3.12/site-packages/airflow/example_dags/example_branch_labels.py for tasks to queue
[2025-12-15T09:08:49.236+0000] {logging_mixin.py:188} INFO - [2025-12-15T09:08:49.235+0000] {dagbag.py:545} INFO - Filling up the DagBag from /home/airflow/.local/lib/python3.12/site-packages/airflow/example_dags/example_branch_labels.py
[2025-12-15T09:08:49.252+0000] {processor.py:840} INFO - DAG(s) 'example_branch_labels' retrieved from /home/airflow/.local/lib/python3.12/site-packages/airflow/example_dags/example_branch_labels.py
[2025-12-15T09:08:49.295+0000] {logging_mixin.py:188} INFO - [2025-12-15T09:08:49.294+0000] {dag.py:3096} INFO - Sync 1 DAGs
[2025-12-15T09:08:49.335+0000] {logging_mixin.py:188} INFO - [2025-12-15T09:08:49.334+0000] {dag.py:3954} INFO - Setting next_dagrun for example_branch_labels to 2025-12-14 00:00:00+00:00, run_after=2025-12-15 00:00:00+00:00
[2025-12-15T09:08:49.361+0000] {processor.py:183} INFO - Processing /home/airflow/.local/lib/python3.12/site-packages/airflow/example_dags/example_branch_labels.py took 0.144 seconds
[2025-12-15T09:09:19.851+0000] {processor.py:161} INFO - Started process (PID=2684) to work on /home/airflow/.local/lib/python3.12/site-packages/airflow/example_dags/example_branch_labels.py
[2025-12-15T09:09:19.853+0000] {processor.py:830} INFO - Processing file /home/airflow/.local/lib/python3.12/site-packages/airflow/example_dags/example_branch_labels.py for tasks to queue
[2025-12-15T09:09:19.856+0000] {logging_mixin.py:188} INFO - [2025-12-15T09:09:19.855+0000] {dagbag.py:545} INFO - Filling up the DagBag from /home/airflow/.local/lib/python3.12/site-packages/airflow/example_dags/example_branch_labels.py
[2025-12-15T09:09:19.870+0000] {processor.py:840} INFO - DAG(s) 'example_branch_labels' retrieved from /home/airflow/.local/lib/python3.12/site-packages/airflow/example_dags/example_branch_labels.py
[2025-12-15T09:09:19.910+0000] {logging_mixin.py:188} INFO - [2025-12-15T09:09:19.909+0000] {dag.py:3096} INFO - Sync 1 DAGs
[2025-12-15T09:09:19.953+0000] {logging_mixin.py:188} INFO - [2025-12-15T09:09:19.953+0000] {dag.py:3954} INFO - Setting next_dagrun for example_branch_labels to 2025-12-14 00:00:00+00:00, run_after=2025-12-15 00:00:00+00:00
[2025-12-15T09:09:19.992+0000] {processor.py:183} INFO - Processing /home/airflow/.local/lib/python3.12/site-packages/airflow/example_dags/example_branch_labels.py took 0.150 seconds
[2025-12-15T09:09:50.351+0000] {processor.py:161} INFO - Started process (PID=2945) to work on /home/airflow/.local/lib/python3.12/site-packages/airflow/example_dags/example_branch_labels.py
[2025-12-15T09:09:50.353+0000] {processor.py:830} INFO - Processing file /home/airflow/.local/lib/python3.12/site-packages/airflow/example_dags/example_branch_labels.py for tasks to queue
[2025-12-15T09:09:50.356+0000] {logging_mixin.py:188} INFO - [2025-12-15T09:09:50.355+0000] {dagbag.py:545} INFO - Filling up the DagBag from /home/airflow/.local/lib/python3.12/site-packages/airflow/example_dags/example_branch_labels.py
[2025-12-15T09:09:50.366+0000] {processor.py:840} INFO - DAG(s) 'example_branch_labels' retrieved from /home/airflow/.local/lib/python3.12/site-packages/airflow/example_dags/example_branch_labels.py
[2025-12-15T09:09:50.409+0000] {logging_mixin.py:188} INFO - [2025-12-15T09:09:50.408+0000] {dag.py:3096} INFO - Sync 1 DAGs
[2025-12-15T09:09:50.460+0000] {logging_mixin.py:188} INFO - [2025-12-15T09:09:50.460+0000] {dag.py:3954} INFO - Setting next_dagrun for example_branch_labels to 2025-12-14 00:00:00+00:00, run_after=2025-12-15 00:00:00+00:00
[2025-12-15T09:09:50.496+0000] {processor.py:183} INFO - Processing /home/airflow/.local/lib/python3.12/site-packages/airflow/example_dags/example_branch_labels.py took 0.156 seconds
[2025-12-15T09:10:20.654+0000] {processor.py:161} INFO - Started process (PID=3206) to work on /home/airflow/.local/lib/python3.12/site-packages/airflow/example_dags/example_branch_labels.py
[2025-12-15T09:10:20.656+0000] {processor.py:830} INFO - Processing file /home/airflow/.local/lib/python3.12/site-packages/airflow/example_dags/example_branch_labels.py for tasks to queue
[2025-12-15T09:10:20.658+0000] {logging_mixin.py:188} INFO - [2025-12-15T09:10:20.658+0000] {dagbag.py:545} INFO - Filling up the DagBag from /home/airflow/.local/lib/python3.12/site-packages/airflow/example_dags/example_branch_labels.py
[2025-12-15T09:10:20.672+0000] {processor.py:840} INFO - DAG(s) 'example_branch_labels' retrieved from /home/airflow/.local/lib/python3.12/site-packages/airflow/example_dags/example_branch_labels.py
[2025-12-15T09:10:20.717+0000] {logging_mixin.py:188} INFO - [2025-12-15T09:10:20.716+0000] {dag.py:3096} INFO - Sync 1 DAGs
[2025-12-15T09:10:20.755+0000] {logging_mixin.py:188} INFO - [2025-12-15T09:10:20.755+0000] {dag.py:3954} INFO - Setting next_dagrun for example_branch_labels to 2025-12-14 00:00:00+00:00, run_after=2025-12-15 00:00:00+00:00
[2025-12-15T09:10:20.785+0000] {processor.py:183} INFO - Processing /home/airflow/.local/lib/python3.12/site-packages/airflow/example_dags/example_branch_labels.py took 0.139 seconds
[2025-12-15T09:10:51.163+0000] {processor.py:161} INFO - Started process (PID=3467) to work on /home/airflow/.local/lib/python3.12/site-packages/airflow/example_dags/example_branch_labels.py
[2025-12-15T09:10:51.165+0000] {processor.py:830} INFO - Processing file /home/airflow/.local/lib/python3.12/site-packages/airflow/example_dags/example_branch_labels.py for tasks to queue
[2025-12-15T09:10:51.168+0000] {logging_mixin.py:188} INFO - [2025-12-15T09:10:51.167+0000] {dagbag.py:545} INFO - Filling up the DagBag from /home/airflow/.local/lib/python3.12/site-packages/airflow/example_dags/example_branch_labels.py
[2025-12-15T09:10:51.179+0000] {processor.py:840} INFO - DAG(s) 'example_branch_labels' retrieved from /home/airflow/.local/lib/python3.12/site-packages/airflow/example_dags/example_branch_labels.py
[2025-12-15T09:10:51.219+0000] {logging_mixin.py:188} INFO - [2025-12-15T09:10:51.219+0000] {dag.py:3096} INFO - Sync 1 DAGs
[2025-12-15T09:10:51.258+0000] {logging_mixin.py:188} INFO - [2025-12-15T09:10:51.257+0000] {dag.py:3954} INFO - Setting next_dagrun for example_branch_labels to 2025-12-14 00:00:00+00:00, run_after=2025-12-15 00:00:00+00:00
[2025-12-15T09:10:51.289+0000] {processor.py:183} INFO - Processing /home/airflow/.local/lib/python3.12/site-packages/airflow/example_dags/example_branch_labels.py took 0.138 seconds
[2025-12-15T09:11:21.488+0000] {processor.py:161} INFO - Started process (PID=3728) to work on /home/airflow/.local/lib/python3.12/site-packages/airflow/example_dags/example_branch_labels.py
[2025-12-15T09:11:21.489+0000] {processor.py:830} INFO - Processing file /home/airflow/.local/lib/python3.12/site-packages/airflow/example_dags/example_branch_labels.py for tasks to queue
[2025-12-15T09:11:21.493+0000] {logging_mixin.py:188} INFO - [2025-12-15T09:11:21.492+0000] {dagbag.py:545} INFO - Filling up the DagBag from /home/airflow/.local/lib/python3.12/site-packages/airflow/example_dags/example_branch_labels.py
[2025-12-15T09:11:21.504+0000] {processor.py:840} INFO - DAG(s) 'example_branch_labels' retrieved from /home/airflow/.local/lib/python3.12/site-packages/airflow/example_dags/example_branch_labels.py
[2025-12-15T09:11:21.543+0000] {logging_mixin.py:188} INFO - [2025-12-15T09:11:21.542+0000] {dag.py:3096} INFO - Sync 1 DAGs
[2025-12-15T09:11:21.580+0000] {logging_mixin.py:188} INFO - [2025-12-15T09:11:21.579+0000] {dag.py:3954} INFO - Setting next_dagrun for example_branch_labels to 2025-12-14 00:00:00+00:00, run_after=2025-12-15 00:00:00+00:00
[2025-12-15T09:11:21.613+0000] {processor.py:183} INFO - Processing /home/airflow/.local/lib/python3.12/site-packages/airflow/example_dags/example_branch_labels.py took 0.136 seconds
[2025-12-15T09:11:51.760+0000] {processor.py:161} INFO - Started process (PID=3989) to work on /home/airflow/.local/lib/python3.12/site-packages/airflow/example_dags/example_branch_labels.py
[2025-12-15T09:11:51.761+0000] {processor.py:830} INFO - Processing file /home/airflow/.local/lib/python3.12/site-packages/airflow/example_dags/example_branch_labels.py for tasks to queue
[2025-12-15T09:11:51.764+0000] {logging_mixin.py:188} INFO - [2025-12-15T09:11:51.764+0000] {dagbag.py:545} INFO - Filling up the DagBag from /home/airflow/.local/lib/python3.12/site-packages/airflow/example_dags/example_branch_labels.py
[2025-12-15T09:11:51.775+0000] {processor.py:840} INFO - DAG(s) 'example_branch_labels' retrieved from /home/airflow/.local/lib/python3.12/site-packages/airflow/example_dags/example_branch_labels.py
[2025-12-15T09:11:51.818+0000] {logging_mixin.py:188} INFO - [2025-12-15T09:11:51.818+0000] {dag.py:3096} INFO - Sync 1 DAGs
[2025-12-15T09:11:51.858+0000] {logging_mixin.py:188} INFO - [2025-12-15T09:11:51.857+0000] {dag.py:3954} INFO - Setting next_dagrun for example_branch_labels to 2025-12-14 00:00:00+00:00, run_after=2025-12-15 00:00:00+00:00
[2025-12-15T09:11:51.905+0000] {processor.py:183} INFO - Processing /home/airflow/.local/lib/python3.12/site-packages/airflow/example_dags/example_branch_labels.py took 0.154 seconds
[2025-12-15T09:12:22.382+0000] {processor.py:161} INFO - Started process (PID=4250) to work on /home/airflow/.local/lib/python3.12/site-packages/airflow/example_dags/example_branch_labels.py
[2025-12-15T09:12:22.384+0000] {processor.py:830} INFO - Processing file /home/airflow/.local/lib/python3.12/site-packages/airflow/example_dags/example_branch_labels.py for tasks to queue
[2025-12-15T09:12:22.387+0000] {logging_mixin.py:188} INFO - [2025-12-15T09:12:22.386+0000] {dagbag.py:545} INFO - Filling up the DagBag from /home/airflow/.local/lib/python3.12/site-packages/airflow/example_dags/example_branch_labels.py
[2025-12-15T09:12:22.403+0000] {processor.py:840} INFO - DAG(s) 'example_branch_labels' retrieved from /home/airflow/.local/lib/python3.12/site-packages/airflow/example_dags/example_branch_labels.py
[2025-12-15T09:12:22.444+0000] {logging_mixin.py:188} INFO - [2025-12-15T09:12:22.443+0000] {dag.py:3096} INFO - Sync 1 DAGs
[2025-12-15T09:12:22.491+0000] {logging_mixin.py:188} INFO - [2025-12-15T09:12:22.490+0000] {dag.py:3954} INFO - Setting next_dagrun for example_branch_labels to 2025-12-14 00:00:00+00:00, run_after=2025-12-15 00:00:00+00:00
[2025-12-15T09:12:22.532+0000] {processor.py:183} INFO - Processing /home/airflow/.local/lib/python3.12/site-packages/airflow/example_dags/example_branch_labels.py took 0.159 seconds
