[2025-12-15T09:04:39.243+0000] {processor.py:161} INFO - Started process (PID=190) to work on /home/airflow/.local/lib/python3.12/site-packages/airflow/example_dags/example_sensors.py
[2025-12-15T09:04:39.244+0000] {processor.py:830} INFO - Processing file /home/airflow/.local/lib/python3.12/site-packages/airflow/example_dags/example_sensors.py for tasks to queue
[2025-12-15T09:04:39.247+0000] {logging_mixin.py:188} INFO - [2025-12-15T09:04:39.246+0000] {dagbag.py:545} INFO - Filling up the DagBag from /home/airflow/.local/lib/python3.12/site-packages/airflow/example_dags/example_sensors.py
[2025-12-15T09:04:39.260+0000] {processor.py:840} INFO - DAG(s) 'example_sensors' retrieved from /home/airflow/.local/lib/python3.12/site-packages/airflow/example_dags/example_sensors.py
[2025-12-15T09:04:39.408+0000] {logging_mixin.py:188} INFO - [2025-12-15T09:04:39.407+0000] {override.py:1829} INFO - Created Permission View: can edit on DAG:example_sensors
[2025-12-15T09:04:39.419+0000] {logging_mixin.py:188} INFO - [2025-12-15T09:04:39.419+0000] {override.py:1829} INFO - Created Permission View: can delete on DAG:example_sensors
[2025-12-15T09:04:39.426+0000] {logging_mixin.py:188} INFO - [2025-12-15T09:04:39.426+0000] {override.py:1829} INFO - Created Permission View: can read on DAG:example_sensors
[2025-12-15T09:04:39.427+0000] {logging_mixin.py:188} INFO - [2025-12-15T09:04:39.427+0000] {dag.py:3096} INFO - Sync 1 DAGs
[2025-12-15T09:04:39.442+0000] {logging_mixin.py:188} INFO - [2025-12-15T09:04:39.441+0000] {dag.py:3118} INFO - Creating ORM DAG for example_sensors
[2025-12-15T09:04:39.443+0000] {logging_mixin.py:188} INFO - [2025-12-15T09:04:39.442+0000] {dag.py:3954} INFO - Setting next_dagrun for example_sensors to None, run_after=None
[2025-12-15T09:04:39.463+0000] {processor.py:183} INFO - Processing /home/airflow/.local/lib/python3.12/site-packages/airflow/example_dags/example_sensors.py took 0.228 seconds
[2025-12-15T09:05:09.724+0000] {processor.py:161} INFO - Started process (PID=451) to work on /home/airflow/.local/lib/python3.12/site-packages/airflow/example_dags/example_sensors.py
[2025-12-15T09:05:09.726+0000] {processor.py:830} INFO - Processing file /home/airflow/.local/lib/python3.12/site-packages/airflow/example_dags/example_sensors.py for tasks to queue
[2025-12-15T09:05:09.730+0000] {logging_mixin.py:188} INFO - [2025-12-15T09:05:09.729+0000] {dagbag.py:545} INFO - Filling up the DagBag from /home/airflow/.local/lib/python3.12/site-packages/airflow/example_dags/example_sensors.py
[2025-12-15T09:05:09.745+0000] {processor.py:840} INFO - DAG(s) 'example_sensors' retrieved from /home/airflow/.local/lib/python3.12/site-packages/airflow/example_dags/example_sensors.py
[2025-12-15T09:05:09.789+0000] {logging_mixin.py:188} INFO - [2025-12-15T09:05:09.788+0000] {dag.py:3096} INFO - Sync 1 DAGs
[2025-12-15T09:05:09.812+0000] {logging_mixin.py:188} INFO - [2025-12-15T09:05:09.812+0000] {dag.py:3954} INFO - Setting next_dagrun for example_sensors to None, run_after=None
[2025-12-15T09:05:09.849+0000] {processor.py:183} INFO - Processing /home/airflow/.local/lib/python3.12/site-packages/airflow/example_dags/example_sensors.py took 0.132 seconds
[2025-12-15T09:05:40.541+0000] {processor.py:161} INFO - Started process (PID=714) to work on /home/airflow/.local/lib/python3.12/site-packages/airflow/example_dags/example_sensors.py
[2025-12-15T09:05:40.543+0000] {processor.py:830} INFO - Processing file /home/airflow/.local/lib/python3.12/site-packages/airflow/example_dags/example_sensors.py for tasks to queue
[2025-12-15T09:05:40.547+0000] {logging_mixin.py:188} INFO - [2025-12-15T09:05:40.546+0000] {dagbag.py:545} INFO - Filling up the DagBag from /home/airflow/.local/lib/python3.12/site-packages/airflow/example_dags/example_sensors.py
[2025-12-15T09:05:40.565+0000] {processor.py:840} INFO - DAG(s) 'example_sensors' retrieved from /home/airflow/.local/lib/python3.12/site-packages/airflow/example_dags/example_sensors.py
[2025-12-15T09:05:40.613+0000] {logging_mixin.py:188} INFO - [2025-12-15T09:05:40.613+0000] {dag.py:3096} INFO - Sync 1 DAGs
[2025-12-15T09:05:40.635+0000] {logging_mixin.py:188} INFO - [2025-12-15T09:05:40.634+0000] {dag.py:3954} INFO - Setting next_dagrun for example_sensors to None, run_after=None
[2025-12-15T09:05:40.666+0000] {processor.py:183} INFO - Processing /home/airflow/.local/lib/python3.12/site-packages/airflow/example_dags/example_sensors.py took 0.135 seconds
[2025-12-15T09:06:10.977+0000] {processor.py:161} INFO - Started process (PID=973) to work on /home/airflow/.local/lib/python3.12/site-packages/airflow/example_dags/example_sensors.py
[2025-12-15T09:06:10.978+0000] {processor.py:830} INFO - Processing file /home/airflow/.local/lib/python3.12/site-packages/airflow/example_dags/example_sensors.py for tasks to queue
[2025-12-15T09:06:10.981+0000] {logging_mixin.py:188} INFO - [2025-12-15T09:06:10.980+0000] {dagbag.py:545} INFO - Filling up the DagBag from /home/airflow/.local/lib/python3.12/site-packages/airflow/example_dags/example_sensors.py
[2025-12-15T09:06:10.996+0000] {processor.py:840} INFO - DAG(s) 'example_sensors' retrieved from /home/airflow/.local/lib/python3.12/site-packages/airflow/example_dags/example_sensors.py
[2025-12-15T09:06:11.039+0000] {logging_mixin.py:188} INFO - [2025-12-15T09:06:11.039+0000] {dag.py:3096} INFO - Sync 1 DAGs
[2025-12-15T09:06:11.061+0000] {logging_mixin.py:188} INFO - [2025-12-15T09:06:11.061+0000] {dag.py:3954} INFO - Setting next_dagrun for example_sensors to None, run_after=None
[2025-12-15T09:06:11.090+0000] {processor.py:183} INFO - Processing /home/airflow/.local/lib/python3.12/site-packages/airflow/example_dags/example_sensors.py took 0.122 seconds
[2025-12-15T09:06:41.276+0000] {processor.py:161} INFO - Started process (PID=1236) to work on /home/airflow/.local/lib/python3.12/site-packages/airflow/example_dags/example_sensors.py
[2025-12-15T09:06:41.278+0000] {processor.py:830} INFO - Processing file /home/airflow/.local/lib/python3.12/site-packages/airflow/example_dags/example_sensors.py for tasks to queue
[2025-12-15T09:06:41.284+0000] {logging_mixin.py:188} INFO - [2025-12-15T09:06:41.280+0000] {dagbag.py:545} INFO - Filling up the DagBag from /home/airflow/.local/lib/python3.12/site-packages/airflow/example_dags/example_sensors.py
[2025-12-15T09:06:41.299+0000] {processor.py:840} INFO - DAG(s) 'example_sensors' retrieved from /home/airflow/.local/lib/python3.12/site-packages/airflow/example_dags/example_sensors.py
[2025-12-15T09:06:41.345+0000] {logging_mixin.py:188} INFO - [2025-12-15T09:06:41.344+0000] {dag.py:3096} INFO - Sync 1 DAGs
[2025-12-15T09:06:41.367+0000] {logging_mixin.py:188} INFO - [2025-12-15T09:06:41.366+0000] {dag.py:3954} INFO - Setting next_dagrun for example_sensors to None, run_after=None
[2025-12-15T09:06:41.399+0000] {processor.py:183} INFO - Processing /home/airflow/.local/lib/python3.12/site-packages/airflow/example_dags/example_sensors.py took 0.131 seconds
[2025-12-15T09:07:11.680+0000] {processor.py:161} INFO - Started process (PID=1497) to work on /home/airflow/.local/lib/python3.12/site-packages/airflow/example_dags/example_sensors.py
[2025-12-15T09:07:11.681+0000] {processor.py:830} INFO - Processing file /home/airflow/.local/lib/python3.12/site-packages/airflow/example_dags/example_sensors.py for tasks to queue
[2025-12-15T09:07:11.684+0000] {logging_mixin.py:188} INFO - [2025-12-15T09:07:11.684+0000] {dagbag.py:545} INFO - Filling up the DagBag from /home/airflow/.local/lib/python3.12/site-packages/airflow/example_dags/example_sensors.py
[2025-12-15T09:07:11.699+0000] {processor.py:840} INFO - DAG(s) 'example_sensors' retrieved from /home/airflow/.local/lib/python3.12/site-packages/airflow/example_dags/example_sensors.py
[2025-12-15T09:07:11.745+0000] {logging_mixin.py:188} INFO - [2025-12-15T09:07:11.744+0000] {dag.py:3096} INFO - Sync 1 DAGs
[2025-12-15T09:07:11.765+0000] {logging_mixin.py:188} INFO - [2025-12-15T09:07:11.765+0000] {dag.py:3954} INFO - Setting next_dagrun for example_sensors to None, run_after=None
[2025-12-15T09:07:11.799+0000] {processor.py:183} INFO - Processing /home/airflow/.local/lib/python3.12/site-packages/airflow/example_dags/example_sensors.py took 0.128 seconds
[2025-12-15T09:07:42.025+0000] {processor.py:161} INFO - Started process (PID=1758) to work on /home/airflow/.local/lib/python3.12/site-packages/airflow/example_dags/example_sensors.py
[2025-12-15T09:07:42.026+0000] {processor.py:830} INFO - Processing file /home/airflow/.local/lib/python3.12/site-packages/airflow/example_dags/example_sensors.py for tasks to queue
[2025-12-15T09:07:42.028+0000] {logging_mixin.py:188} INFO - [2025-12-15T09:07:42.027+0000] {dagbag.py:545} INFO - Filling up the DagBag from /home/airflow/.local/lib/python3.12/site-packages/airflow/example_dags/example_sensors.py
[2025-12-15T09:07:42.038+0000] {processor.py:840} INFO - DAG(s) 'example_sensors' retrieved from /home/airflow/.local/lib/python3.12/site-packages/airflow/example_dags/example_sensors.py
[2025-12-15T09:07:42.075+0000] {logging_mixin.py:188} INFO - [2025-12-15T09:07:42.075+0000] {dag.py:3096} INFO - Sync 1 DAGs
[2025-12-15T09:07:42.095+0000] {logging_mixin.py:188} INFO - [2025-12-15T09:07:42.095+0000] {dag.py:3954} INFO - Setting next_dagrun for example_sensors to None, run_after=None
[2025-12-15T09:07:42.130+0000] {processor.py:183} INFO - Processing /home/airflow/.local/lib/python3.12/site-packages/airflow/example_dags/example_sensors.py took 0.114 seconds
[2025-12-15T09:08:12.874+0000] {processor.py:161} INFO - Started process (PID=2019) to work on /home/airflow/.local/lib/python3.12/site-packages/airflow/example_dags/example_sensors.py
[2025-12-15T09:08:12.876+0000] {processor.py:830} INFO - Processing file /home/airflow/.local/lib/python3.12/site-packages/airflow/example_dags/example_sensors.py for tasks to queue
[2025-12-15T09:08:12.879+0000] {logging_mixin.py:188} INFO - [2025-12-15T09:08:12.878+0000] {dagbag.py:545} INFO - Filling up the DagBag from /home/airflow/.local/lib/python3.12/site-packages/airflow/example_dags/example_sensors.py
[2025-12-15T09:08:12.892+0000] {processor.py:840} INFO - DAG(s) 'example_sensors' retrieved from /home/airflow/.local/lib/python3.12/site-packages/airflow/example_dags/example_sensors.py
[2025-12-15T09:08:12.938+0000] {logging_mixin.py:188} INFO - [2025-12-15T09:08:12.938+0000] {dag.py:3096} INFO - Sync 1 DAGs
[2025-12-15T09:08:12.959+0000] {logging_mixin.py:188} INFO - [2025-12-15T09:08:12.958+0000] {dag.py:3954} INFO - Setting next_dagrun for example_sensors to None, run_after=None
[2025-12-15T09:08:12.995+0000] {processor.py:183} INFO - Processing /home/airflow/.local/lib/python3.12/site-packages/airflow/example_dags/example_sensors.py took 0.130 seconds
[2025-12-15T09:08:43.313+0000] {processor.py:161} INFO - Started process (PID=2280) to work on /home/airflow/.local/lib/python3.12/site-packages/airflow/example_dags/example_sensors.py
[2025-12-15T09:08:43.315+0000] {processor.py:830} INFO - Processing file /home/airflow/.local/lib/python3.12/site-packages/airflow/example_dags/example_sensors.py for tasks to queue
[2025-12-15T09:08:43.317+0000] {logging_mixin.py:188} INFO - [2025-12-15T09:08:43.317+0000] {dagbag.py:545} INFO - Filling up the DagBag from /home/airflow/.local/lib/python3.12/site-packages/airflow/example_dags/example_sensors.py
[2025-12-15T09:08:43.332+0000] {processor.py:840} INFO - DAG(s) 'example_sensors' retrieved from /home/airflow/.local/lib/python3.12/site-packages/airflow/example_dags/example_sensors.py
[2025-12-15T09:08:43.378+0000] {logging_mixin.py:188} INFO - [2025-12-15T09:08:43.377+0000] {dag.py:3096} INFO - Sync 1 DAGs
[2025-12-15T09:08:43.399+0000] {logging_mixin.py:188} INFO - [2025-12-15T09:08:43.399+0000] {dag.py:3954} INFO - Setting next_dagrun for example_sensors to None, run_after=None
[2025-12-15T09:08:43.429+0000] {processor.py:183} INFO - Processing /home/airflow/.local/lib/python3.12/site-packages/airflow/example_dags/example_sensors.py took 0.125 seconds
[2025-12-15T09:09:13.857+0000] {processor.py:161} INFO - Started process (PID=2541) to work on /home/airflow/.local/lib/python3.12/site-packages/airflow/example_dags/example_sensors.py
[2025-12-15T09:09:13.859+0000] {processor.py:830} INFO - Processing file /home/airflow/.local/lib/python3.12/site-packages/airflow/example_dags/example_sensors.py for tasks to queue
[2025-12-15T09:09:13.862+0000] {logging_mixin.py:188} INFO - [2025-12-15T09:09:13.862+0000] {dagbag.py:545} INFO - Filling up the DagBag from /home/airflow/.local/lib/python3.12/site-packages/airflow/example_dags/example_sensors.py
[2025-12-15T09:09:13.877+0000] {processor.py:840} INFO - DAG(s) 'example_sensors' retrieved from /home/airflow/.local/lib/python3.12/site-packages/airflow/example_dags/example_sensors.py
[2025-12-15T09:09:13.921+0000] {logging_mixin.py:188} INFO - [2025-12-15T09:09:13.921+0000] {dag.py:3096} INFO - Sync 1 DAGs
[2025-12-15T09:09:13.942+0000] {logging_mixin.py:188} INFO - [2025-12-15T09:09:13.942+0000] {dag.py:3954} INFO - Setting next_dagrun for example_sensors to None, run_after=None
[2025-12-15T09:09:13.978+0000] {processor.py:183} INFO - Processing /home/airflow/.local/lib/python3.12/site-packages/airflow/example_dags/example_sensors.py took 0.129 seconds
[2025-12-15T09:09:44.286+0000] {processor.py:161} INFO - Started process (PID=2802) to work on /home/airflow/.local/lib/python3.12/site-packages/airflow/example_dags/example_sensors.py
[2025-12-15T09:09:44.288+0000] {processor.py:830} INFO - Processing file /home/airflow/.local/lib/python3.12/site-packages/airflow/example_dags/example_sensors.py for tasks to queue
[2025-12-15T09:09:44.292+0000] {logging_mixin.py:188} INFO - [2025-12-15T09:09:44.291+0000] {dagbag.py:545} INFO - Filling up the DagBag from /home/airflow/.local/lib/python3.12/site-packages/airflow/example_dags/example_sensors.py
[2025-12-15T09:09:44.311+0000] {processor.py:840} INFO - DAG(s) 'example_sensors' retrieved from /home/airflow/.local/lib/python3.12/site-packages/airflow/example_dags/example_sensors.py
[2025-12-15T09:09:44.363+0000] {logging_mixin.py:188} INFO - [2025-12-15T09:09:44.363+0000] {dag.py:3096} INFO - Sync 1 DAGs
[2025-12-15T09:09:44.389+0000] {logging_mixin.py:188} INFO - [2025-12-15T09:09:44.388+0000] {dag.py:3954} INFO - Setting next_dagrun for example_sensors to None, run_after=None
[2025-12-15T09:09:44.424+0000] {processor.py:183} INFO - Processing /home/airflow/.local/lib/python3.12/site-packages/airflow/example_dags/example_sensors.py took 0.148 seconds
[2025-12-15T09:10:14.745+0000] {processor.py:161} INFO - Started process (PID=3063) to work on /home/airflow/.local/lib/python3.12/site-packages/airflow/example_dags/example_sensors.py
[2025-12-15T09:10:14.746+0000] {processor.py:830} INFO - Processing file /home/airflow/.local/lib/python3.12/site-packages/airflow/example_dags/example_sensors.py for tasks to queue
[2025-12-15T09:10:14.749+0000] {logging_mixin.py:188} INFO - [2025-12-15T09:10:14.748+0000] {dagbag.py:545} INFO - Filling up the DagBag from /home/airflow/.local/lib/python3.12/site-packages/airflow/example_dags/example_sensors.py
[2025-12-15T09:10:14.763+0000] {processor.py:840} INFO - DAG(s) 'example_sensors' retrieved from /home/airflow/.local/lib/python3.12/site-packages/airflow/example_dags/example_sensors.py
[2025-12-15T09:10:14.813+0000] {logging_mixin.py:188} INFO - [2025-12-15T09:10:14.812+0000] {dag.py:3096} INFO - Sync 1 DAGs
[2025-12-15T09:10:14.835+0000] {logging_mixin.py:188} INFO - [2025-12-15T09:10:14.834+0000] {dag.py:3954} INFO - Setting next_dagrun for example_sensors to None, run_after=None
[2025-12-15T09:10:14.871+0000] {processor.py:183} INFO - Processing /home/airflow/.local/lib/python3.12/site-packages/airflow/example_dags/example_sensors.py took 0.136 seconds
[2025-12-15T09:10:45.158+0000] {processor.py:161} INFO - Started process (PID=3324) to work on /home/airflow/.local/lib/python3.12/site-packages/airflow/example_dags/example_sensors.py
[2025-12-15T09:10:45.160+0000] {processor.py:830} INFO - Processing file /home/airflow/.local/lib/python3.12/site-packages/airflow/example_dags/example_sensors.py for tasks to queue
[2025-12-15T09:10:45.163+0000] {logging_mixin.py:188} INFO - [2025-12-15T09:10:45.162+0000] {dagbag.py:545} INFO - Filling up the DagBag from /home/airflow/.local/lib/python3.12/site-packages/airflow/example_dags/example_sensors.py
[2025-12-15T09:10:45.176+0000] {processor.py:840} INFO - DAG(s) 'example_sensors' retrieved from /home/airflow/.local/lib/python3.12/site-packages/airflow/example_dags/example_sensors.py
[2025-12-15T09:10:45.226+0000] {logging_mixin.py:188} INFO - [2025-12-15T09:10:45.226+0000] {dag.py:3096} INFO - Sync 1 DAGs
[2025-12-15T09:10:45.248+0000] {logging_mixin.py:188} INFO - [2025-12-15T09:10:45.247+0000] {dag.py:3954} INFO - Setting next_dagrun for example_sensors to None, run_after=None
[2025-12-15T09:10:45.278+0000] {processor.py:183} INFO - Processing /home/airflow/.local/lib/python3.12/site-packages/airflow/example_dags/example_sensors.py took 0.129 seconds
[2025-12-15T09:11:15.589+0000] {processor.py:161} INFO - Started process (PID=3585) to work on /home/airflow/.local/lib/python3.12/site-packages/airflow/example_dags/example_sensors.py
[2025-12-15T09:11:15.591+0000] {processor.py:830} INFO - Processing file /home/airflow/.local/lib/python3.12/site-packages/airflow/example_dags/example_sensors.py for tasks to queue
[2025-12-15T09:11:15.595+0000] {logging_mixin.py:188} INFO - [2025-12-15T09:11:15.594+0000] {dagbag.py:545} INFO - Filling up the DagBag from /home/airflow/.local/lib/python3.12/site-packages/airflow/example_dags/example_sensors.py
[2025-12-15T09:11:15.609+0000] {processor.py:840} INFO - DAG(s) 'example_sensors' retrieved from /home/airflow/.local/lib/python3.12/site-packages/airflow/example_dags/example_sensors.py
[2025-12-15T09:11:15.655+0000] {logging_mixin.py:188} INFO - [2025-12-15T09:11:15.655+0000] {dag.py:3096} INFO - Sync 1 DAGs
[2025-12-15T09:11:15.676+0000] {logging_mixin.py:188} INFO - [2025-12-15T09:11:15.676+0000] {dag.py:3954} INFO - Setting next_dagrun for example_sensors to None, run_after=None
[2025-12-15T09:11:15.709+0000] {processor.py:183} INFO - Processing /home/airflow/.local/lib/python3.12/site-packages/airflow/example_dags/example_sensors.py took 0.131 seconds
[2025-12-15T09:11:45.964+0000] {processor.py:161} INFO - Started process (PID=3846) to work on /home/airflow/.local/lib/python3.12/site-packages/airflow/example_dags/example_sensors.py
[2025-12-15T09:11:45.965+0000] {processor.py:830} INFO - Processing file /home/airflow/.local/lib/python3.12/site-packages/airflow/example_dags/example_sensors.py for tasks to queue
[2025-12-15T09:11:45.968+0000] {logging_mixin.py:188} INFO - [2025-12-15T09:11:45.968+0000] {dagbag.py:545} INFO - Filling up the DagBag from /home/airflow/.local/lib/python3.12/site-packages/airflow/example_dags/example_sensors.py
[2025-12-15T09:11:45.981+0000] {processor.py:840} INFO - DAG(s) 'example_sensors' retrieved from /home/airflow/.local/lib/python3.12/site-packages/airflow/example_dags/example_sensors.py
[2025-12-15T09:11:46.024+0000] {logging_mixin.py:188} INFO - [2025-12-15T09:11:46.024+0000] {dag.py:3096} INFO - Sync 1 DAGs
[2025-12-15T09:11:46.042+0000] {logging_mixin.py:188} INFO - [2025-12-15T09:11:46.042+0000] {dag.py:3954} INFO - Setting next_dagrun for example_sensors to None, run_after=None
[2025-12-15T09:11:46.072+0000] {processor.py:183} INFO - Processing /home/airflow/.local/lib/python3.12/site-packages/airflow/example_dags/example_sensors.py took 0.117 seconds
[2025-12-15T09:12:16.280+0000] {processor.py:161} INFO - Started process (PID=4107) to work on /home/airflow/.local/lib/python3.12/site-packages/airflow/example_dags/example_sensors.py
[2025-12-15T09:12:16.282+0000] {processor.py:830} INFO - Processing file /home/airflow/.local/lib/python3.12/site-packages/airflow/example_dags/example_sensors.py for tasks to queue
[2025-12-15T09:12:16.286+0000] {logging_mixin.py:188} INFO - [2025-12-15T09:12:16.285+0000] {dagbag.py:545} INFO - Filling up the DagBag from /home/airflow/.local/lib/python3.12/site-packages/airflow/example_dags/example_sensors.py
[2025-12-15T09:12:16.304+0000] {processor.py:840} INFO - DAG(s) 'example_sensors' retrieved from /home/airflow/.local/lib/python3.12/site-packages/airflow/example_dags/example_sensors.py
[2025-12-15T09:12:16.365+0000] {logging_mixin.py:188} INFO - [2025-12-15T09:12:16.362+0000] {dag.py:3096} INFO - Sync 1 DAGs
[2025-12-15T09:12:16.394+0000] {logging_mixin.py:188} INFO - [2025-12-15T09:12:16.393+0000] {dag.py:3954} INFO - Setting next_dagrun for example_sensors to None, run_after=None
[2025-12-15T09:12:16.450+0000] {processor.py:183} INFO - Processing /home/airflow/.local/lib/python3.12/site-packages/airflow/example_dags/example_sensors.py took 0.180 seconds
