[2025-12-15T09:04:47.018+0000] {processor.py:161} INFO - Started process (PID=402) to work on /home/airflow/.local/lib/python3.12/site-packages/airflow/example_dags/example_python_decorator.py
[2025-12-15T09:04:47.020+0000] {processor.py:830} INFO - Processing file /home/airflow/.local/lib/python3.12/site-packages/airflow/example_dags/example_python_decorator.py for tasks to queue
[2025-12-15T09:04:47.022+0000] {logging_mixin.py:188} INFO - [2025-12-15T09:04:47.022+0000] {dagbag.py:545} INFO - Filling up the DagBag from /home/airflow/.local/lib/python3.12/site-packages/airflow/example_dags/example_python_decorator.py
[2025-12-15T09:04:47.040+0000] {processor.py:840} INFO - DAG(s) 'example_python_decorator' retrieved from /home/airflow/.local/lib/python3.12/site-packages/airflow/example_dags/example_python_decorator.py
[2025-12-15T09:04:47.225+0000] {logging_mixin.py:188} INFO - [2025-12-15T09:04:47.223+0000] {override.py:1829} INFO - Created Permission View: can edit on DAG:example_python_decorator
[2025-12-15T09:04:47.239+0000] {logging_mixin.py:188} INFO - [2025-12-15T09:04:47.239+0000] {override.py:1829} INFO - Created Permission View: can delete on DAG:example_python_decorator
[2025-12-15T09:04:47.249+0000] {logging_mixin.py:188} INFO - [2025-12-15T09:04:47.248+0000] {override.py:1829} INFO - Created Permission View: can read on DAG:example_python_decorator
[2025-12-15T09:04:47.249+0000] {logging_mixin.py:188} INFO - [2025-12-15T09:04:47.249+0000] {dag.py:3096} INFO - Sync 1 DAGs
[2025-12-15T09:04:47.266+0000] {logging_mixin.py:188} INFO - [2025-12-15T09:04:47.266+0000] {dag.py:3118} INFO - Creating ORM DAG for example_python_decorator
[2025-12-15T09:04:47.267+0000] {logging_mixin.py:188} INFO - [2025-12-15T09:04:47.267+0000] {dag.py:3954} INFO - Setting next_dagrun for example_python_decorator to None, run_after=None
[2025-12-15T09:04:47.290+0000] {processor.py:183} INFO - Processing /home/airflow/.local/lib/python3.12/site-packages/airflow/example_dags/example_python_decorator.py took 0.279 seconds
[2025-12-15T09:05:17.571+0000] {processor.py:161} INFO - Started process (PID=663) to work on /home/airflow/.local/lib/python3.12/site-packages/airflow/example_dags/example_python_decorator.py
[2025-12-15T09:05:17.573+0000] {processor.py:830} INFO - Processing file /home/airflow/.local/lib/python3.12/site-packages/airflow/example_dags/example_python_decorator.py for tasks to queue
[2025-12-15T09:05:17.575+0000] {logging_mixin.py:188} INFO - [2025-12-15T09:05:17.575+0000] {dagbag.py:545} INFO - Filling up the DagBag from /home/airflow/.local/lib/python3.12/site-packages/airflow/example_dags/example_python_decorator.py
[2025-12-15T09:05:17.594+0000] {processor.py:840} INFO - DAG(s) 'example_python_decorator' retrieved from /home/airflow/.local/lib/python3.12/site-packages/airflow/example_dags/example_python_decorator.py
[2025-12-15T09:05:17.630+0000] {logging_mixin.py:188} INFO - [2025-12-15T09:05:17.630+0000] {dag.py:3096} INFO - Sync 1 DAGs
[2025-12-15T09:05:17.651+0000] {logging_mixin.py:188} INFO - [2025-12-15T09:05:17.650+0000] {dag.py:3954} INFO - Setting next_dagrun for example_python_decorator to None, run_after=None
[2025-12-15T09:05:17.679+0000] {processor.py:183} INFO - Processing /home/airflow/.local/lib/python3.12/site-packages/airflow/example_dags/example_python_decorator.py took 0.116 seconds
[2025-12-15T09:05:47.731+0000] {processor.py:161} INFO - Started process (PID=922) to work on /home/airflow/.local/lib/python3.12/site-packages/airflow/example_dags/example_python_decorator.py
[2025-12-15T09:05:47.733+0000] {processor.py:830} INFO - Processing file /home/airflow/.local/lib/python3.12/site-packages/airflow/example_dags/example_python_decorator.py for tasks to queue
[2025-12-15T09:05:47.735+0000] {logging_mixin.py:188} INFO - [2025-12-15T09:05:47.735+0000] {dagbag.py:545} INFO - Filling up the DagBag from /home/airflow/.local/lib/python3.12/site-packages/airflow/example_dags/example_python_decorator.py
[2025-12-15T09:05:47.754+0000] {processor.py:840} INFO - DAG(s) 'example_python_decorator' retrieved from /home/airflow/.local/lib/python3.12/site-packages/airflow/example_dags/example_python_decorator.py
[2025-12-15T09:05:47.797+0000] {logging_mixin.py:188} INFO - [2025-12-15T09:05:47.797+0000] {dag.py:3096} INFO - Sync 1 DAGs
[2025-12-15T09:05:47.822+0000] {logging_mixin.py:188} INFO - [2025-12-15T09:05:47.822+0000] {dag.py:3954} INFO - Setting next_dagrun for example_python_decorator to None, run_after=None
[2025-12-15T09:05:47.867+0000] {processor.py:183} INFO - Processing /home/airflow/.local/lib/python3.12/site-packages/airflow/example_dags/example_python_decorator.py took 0.143 seconds
[2025-12-15T09:06:18.160+0000] {processor.py:161} INFO - Started process (PID=1183) to work on /home/airflow/.local/lib/python3.12/site-packages/airflow/example_dags/example_python_decorator.py
[2025-12-15T09:06:18.161+0000] {processor.py:830} INFO - Processing file /home/airflow/.local/lib/python3.12/site-packages/airflow/example_dags/example_python_decorator.py for tasks to queue
[2025-12-15T09:06:18.164+0000] {logging_mixin.py:188} INFO - [2025-12-15T09:06:18.163+0000] {dagbag.py:545} INFO - Filling up the DagBag from /home/airflow/.local/lib/python3.12/site-packages/airflow/example_dags/example_python_decorator.py
[2025-12-15T09:06:18.182+0000] {processor.py:840} INFO - DAG(s) 'example_python_decorator' retrieved from /home/airflow/.local/lib/python3.12/site-packages/airflow/example_dags/example_python_decorator.py
[2025-12-15T09:06:18.223+0000] {logging_mixin.py:188} INFO - [2025-12-15T09:06:18.223+0000] {dag.py:3096} INFO - Sync 1 DAGs
[2025-12-15T09:06:18.244+0000] {logging_mixin.py:188} INFO - [2025-12-15T09:06:18.244+0000] {dag.py:3954} INFO - Setting next_dagrun for example_python_decorator to None, run_after=None
[2025-12-15T09:06:18.276+0000] {processor.py:183} INFO - Processing /home/airflow/.local/lib/python3.12/site-packages/airflow/example_dags/example_python_decorator.py took 0.124 seconds
[2025-12-15T09:06:48.683+0000] {processor.py:161} INFO - Started process (PID=1444) to work on /home/airflow/.local/lib/python3.12/site-packages/airflow/example_dags/example_python_decorator.py
[2025-12-15T09:06:48.684+0000] {processor.py:830} INFO - Processing file /home/airflow/.local/lib/python3.12/site-packages/airflow/example_dags/example_python_decorator.py for tasks to queue
[2025-12-15T09:06:48.686+0000] {logging_mixin.py:188} INFO - [2025-12-15T09:06:48.686+0000] {dagbag.py:545} INFO - Filling up the DagBag from /home/airflow/.local/lib/python3.12/site-packages/airflow/example_dags/example_python_decorator.py
[2025-12-15T09:06:48.707+0000] {processor.py:840} INFO - DAG(s) 'example_python_decorator' retrieved from /home/airflow/.local/lib/python3.12/site-packages/airflow/example_dags/example_python_decorator.py
[2025-12-15T09:06:48.749+0000] {logging_mixin.py:188} INFO - [2025-12-15T09:06:48.748+0000] {dag.py:3096} INFO - Sync 1 DAGs
[2025-12-15T09:06:48.773+0000] {logging_mixin.py:188} INFO - [2025-12-15T09:06:48.773+0000] {dag.py:3954} INFO - Setting next_dagrun for example_python_decorator to None, run_after=None
[2025-12-15T09:06:48.806+0000] {processor.py:183} INFO - Processing /home/airflow/.local/lib/python3.12/site-packages/airflow/example_dags/example_python_decorator.py took 0.131 seconds
[2025-12-15T09:07:18.988+0000] {processor.py:161} INFO - Started process (PID=1702) to work on /home/airflow/.local/lib/python3.12/site-packages/airflow/example_dags/example_python_decorator.py
[2025-12-15T09:07:18.990+0000] {processor.py:830} INFO - Processing file /home/airflow/.local/lib/python3.12/site-packages/airflow/example_dags/example_python_decorator.py for tasks to queue
[2025-12-15T09:07:18.992+0000] {logging_mixin.py:188} INFO - [2025-12-15T09:07:18.992+0000] {dagbag.py:545} INFO - Filling up the DagBag from /home/airflow/.local/lib/python3.12/site-packages/airflow/example_dags/example_python_decorator.py
[2025-12-15T09:07:19.009+0000] {processor.py:840} INFO - DAG(s) 'example_python_decorator' retrieved from /home/airflow/.local/lib/python3.12/site-packages/airflow/example_dags/example_python_decorator.py
[2025-12-15T09:07:19.046+0000] {logging_mixin.py:188} INFO - [2025-12-15T09:07:19.045+0000] {dag.py:3096} INFO - Sync 1 DAGs
[2025-12-15T09:07:19.064+0000] {logging_mixin.py:188} INFO - [2025-12-15T09:07:19.064+0000] {dag.py:3954} INFO - Setting next_dagrun for example_python_decorator to None, run_after=None
[2025-12-15T09:07:19.096+0000] {processor.py:183} INFO - Processing /home/airflow/.local/lib/python3.12/site-packages/airflow/example_dags/example_python_decorator.py took 0.115 seconds
[2025-12-15T09:07:49.551+0000] {processor.py:161} INFO - Started process (PID=1962) to work on /home/airflow/.local/lib/python3.12/site-packages/airflow/example_dags/example_python_decorator.py
[2025-12-15T09:07:49.553+0000] {processor.py:830} INFO - Processing file /home/airflow/.local/lib/python3.12/site-packages/airflow/example_dags/example_python_decorator.py for tasks to queue
[2025-12-15T09:07:49.555+0000] {logging_mixin.py:188} INFO - [2025-12-15T09:07:49.555+0000] {dagbag.py:545} INFO - Filling up the DagBag from /home/airflow/.local/lib/python3.12/site-packages/airflow/example_dags/example_python_decorator.py
[2025-12-15T09:07:49.578+0000] {processor.py:840} INFO - DAG(s) 'example_python_decorator' retrieved from /home/airflow/.local/lib/python3.12/site-packages/airflow/example_dags/example_python_decorator.py
[2025-12-15T09:07:49.619+0000] {logging_mixin.py:188} INFO - [2025-12-15T09:07:49.619+0000] {dag.py:3096} INFO - Sync 1 DAGs
[2025-12-15T09:07:49.641+0000] {logging_mixin.py:188} INFO - [2025-12-15T09:07:49.641+0000] {dag.py:3954} INFO - Setting next_dagrun for example_python_decorator to None, run_after=None
[2025-12-15T09:07:49.674+0000] {processor.py:183} INFO - Processing /home/airflow/.local/lib/python3.12/site-packages/airflow/example_dags/example_python_decorator.py took 0.132 seconds
[2025-12-15T09:08:19.809+0000] {processor.py:161} INFO - Started process (PID=2224) to work on /home/airflow/.local/lib/python3.12/site-packages/airflow/example_dags/example_python_decorator.py
[2025-12-15T09:08:19.810+0000] {processor.py:830} INFO - Processing file /home/airflow/.local/lib/python3.12/site-packages/airflow/example_dags/example_python_decorator.py for tasks to queue
[2025-12-15T09:08:19.813+0000] {logging_mixin.py:188} INFO - [2025-12-15T09:08:19.813+0000] {dagbag.py:545} INFO - Filling up the DagBag from /home/airflow/.local/lib/python3.12/site-packages/airflow/example_dags/example_python_decorator.py
[2025-12-15T09:08:19.833+0000] {processor.py:840} INFO - DAG(s) 'example_python_decorator' retrieved from /home/airflow/.local/lib/python3.12/site-packages/airflow/example_dags/example_python_decorator.py
[2025-12-15T09:08:19.875+0000] {logging_mixin.py:188} INFO - [2025-12-15T09:08:19.874+0000] {dag.py:3096} INFO - Sync 1 DAGs
[2025-12-15T09:08:19.895+0000] {logging_mixin.py:188} INFO - [2025-12-15T09:08:19.895+0000] {dag.py:3954} INFO - Setting next_dagrun for example_python_decorator to None, run_after=None
[2025-12-15T09:08:19.929+0000] {processor.py:183} INFO - Processing /home/airflow/.local/lib/python3.12/site-packages/airflow/example_dags/example_python_decorator.py took 0.129 seconds
[2025-12-15T09:08:50.432+0000] {processor.py:161} INFO - Started process (PID=2483) to work on /home/airflow/.local/lib/python3.12/site-packages/airflow/example_dags/example_python_decorator.py
[2025-12-15T09:08:50.434+0000] {processor.py:830} INFO - Processing file /home/airflow/.local/lib/python3.12/site-packages/airflow/example_dags/example_python_decorator.py for tasks to queue
[2025-12-15T09:08:50.436+0000] {logging_mixin.py:188} INFO - [2025-12-15T09:08:50.436+0000] {dagbag.py:545} INFO - Filling up the DagBag from /home/airflow/.local/lib/python3.12/site-packages/airflow/example_dags/example_python_decorator.py
[2025-12-15T09:08:50.456+0000] {processor.py:840} INFO - DAG(s) 'example_python_decorator' retrieved from /home/airflow/.local/lib/python3.12/site-packages/airflow/example_dags/example_python_decorator.py
[2025-12-15T09:08:50.491+0000] {logging_mixin.py:188} INFO - [2025-12-15T09:08:50.491+0000] {dag.py:3096} INFO - Sync 1 DAGs
[2025-12-15T09:08:50.508+0000] {logging_mixin.py:188} INFO - [2025-12-15T09:08:50.508+0000] {dag.py:3954} INFO - Setting next_dagrun for example_python_decorator to None, run_after=None
[2025-12-15T09:08:50.535+0000] {processor.py:183} INFO - Processing /home/airflow/.local/lib/python3.12/site-packages/airflow/example_dags/example_python_decorator.py took 0.110 seconds
[2025-12-15T09:09:21.273+0000] {processor.py:161} INFO - Started process (PID=2746) to work on /home/airflow/.local/lib/python3.12/site-packages/airflow/example_dags/example_python_decorator.py
[2025-12-15T09:09:21.274+0000] {processor.py:830} INFO - Processing file /home/airflow/.local/lib/python3.12/site-packages/airflow/example_dags/example_python_decorator.py for tasks to queue
[2025-12-15T09:09:21.276+0000] {logging_mixin.py:188} INFO - [2025-12-15T09:09:21.276+0000] {dagbag.py:545} INFO - Filling up the DagBag from /home/airflow/.local/lib/python3.12/site-packages/airflow/example_dags/example_python_decorator.py
[2025-12-15T09:09:21.293+0000] {processor.py:840} INFO - DAG(s) 'example_python_decorator' retrieved from /home/airflow/.local/lib/python3.12/site-packages/airflow/example_dags/example_python_decorator.py
[2025-12-15T09:09:21.329+0000] {logging_mixin.py:188} INFO - [2025-12-15T09:09:21.329+0000] {dag.py:3096} INFO - Sync 1 DAGs
[2025-12-15T09:09:21.350+0000] {logging_mixin.py:188} INFO - [2025-12-15T09:09:21.349+0000] {dag.py:3954} INFO - Setting next_dagrun for example_python_decorator to None, run_after=None
[2025-12-15T09:09:21.378+0000] {processor.py:183} INFO - Processing /home/airflow/.local/lib/python3.12/site-packages/airflow/example_dags/example_python_decorator.py took 0.112 seconds
[2025-12-15T09:09:51.853+0000] {processor.py:161} INFO - Started process (PID=3006) to work on /home/airflow/.local/lib/python3.12/site-packages/airflow/example_dags/example_python_decorator.py
[2025-12-15T09:09:51.854+0000] {processor.py:830} INFO - Processing file /home/airflow/.local/lib/python3.12/site-packages/airflow/example_dags/example_python_decorator.py for tasks to queue
[2025-12-15T09:09:51.857+0000] {logging_mixin.py:188} INFO - [2025-12-15T09:09:51.856+0000] {dagbag.py:545} INFO - Filling up the DagBag from /home/airflow/.local/lib/python3.12/site-packages/airflow/example_dags/example_python_decorator.py
[2025-12-15T09:09:51.877+0000] {processor.py:840} INFO - DAG(s) 'example_python_decorator' retrieved from /home/airflow/.local/lib/python3.12/site-packages/airflow/example_dags/example_python_decorator.py
[2025-12-15T09:09:51.917+0000] {logging_mixin.py:188} INFO - [2025-12-15T09:09:51.917+0000] {dag.py:3096} INFO - Sync 1 DAGs
[2025-12-15T09:09:51.938+0000] {logging_mixin.py:188} INFO - [2025-12-15T09:09:51.938+0000] {dag.py:3954} INFO - Setting next_dagrun for example_python_decorator to None, run_after=None
[2025-12-15T09:09:51.971+0000] {processor.py:183} INFO - Processing /home/airflow/.local/lib/python3.12/site-packages/airflow/example_dags/example_python_decorator.py took 0.126 seconds
[2025-12-15T09:10:22.221+0000] {processor.py:161} INFO - Started process (PID=3271) to work on /home/airflow/.local/lib/python3.12/site-packages/airflow/example_dags/example_python_decorator.py
[2025-12-15T09:10:22.223+0000] {processor.py:830} INFO - Processing file /home/airflow/.local/lib/python3.12/site-packages/airflow/example_dags/example_python_decorator.py for tasks to queue
[2025-12-15T09:10:22.225+0000] {logging_mixin.py:188} INFO - [2025-12-15T09:10:22.225+0000] {dagbag.py:545} INFO - Filling up the DagBag from /home/airflow/.local/lib/python3.12/site-packages/airflow/example_dags/example_python_decorator.py
[2025-12-15T09:10:22.245+0000] {processor.py:840} INFO - DAG(s) 'example_python_decorator' retrieved from /home/airflow/.local/lib/python3.12/site-packages/airflow/example_dags/example_python_decorator.py
[2025-12-15T09:10:22.283+0000] {logging_mixin.py:188} INFO - [2025-12-15T09:10:22.282+0000] {dag.py:3096} INFO - Sync 1 DAGs
[2025-12-15T09:10:22.303+0000] {logging_mixin.py:188} INFO - [2025-12-15T09:10:22.303+0000] {dag.py:3954} INFO - Setting next_dagrun for example_python_decorator to None, run_after=None
[2025-12-15T09:10:22.332+0000] {processor.py:183} INFO - Processing /home/airflow/.local/lib/python3.12/site-packages/airflow/example_dags/example_python_decorator.py took 0.118 seconds
[2025-12-15T09:10:52.642+0000] {processor.py:161} INFO - Started process (PID=3529) to work on /home/airflow/.local/lib/python3.12/site-packages/airflow/example_dags/example_python_decorator.py
[2025-12-15T09:10:52.644+0000] {processor.py:830} INFO - Processing file /home/airflow/.local/lib/python3.12/site-packages/airflow/example_dags/example_python_decorator.py for tasks to queue
[2025-12-15T09:10:52.646+0000] {logging_mixin.py:188} INFO - [2025-12-15T09:10:52.646+0000] {dagbag.py:545} INFO - Filling up the DagBag from /home/airflow/.local/lib/python3.12/site-packages/airflow/example_dags/example_python_decorator.py
[2025-12-15T09:10:52.665+0000] {processor.py:840} INFO - DAG(s) 'example_python_decorator' retrieved from /home/airflow/.local/lib/python3.12/site-packages/airflow/example_dags/example_python_decorator.py
[2025-12-15T09:10:52.702+0000] {logging_mixin.py:188} INFO - [2025-12-15T09:10:52.702+0000] {dag.py:3096} INFO - Sync 1 DAGs
[2025-12-15T09:10:52.725+0000] {logging_mixin.py:188} INFO - [2025-12-15T09:10:52.725+0000] {dag.py:3954} INFO - Setting next_dagrun for example_python_decorator to None, run_after=None
[2025-12-15T09:10:52.754+0000] {processor.py:183} INFO - Processing /home/airflow/.local/lib/python3.12/site-packages/airflow/example_dags/example_python_decorator.py took 0.120 seconds
[2025-12-15T09:11:22.997+0000] {processor.py:161} INFO - Started process (PID=3793) to work on /home/airflow/.local/lib/python3.12/site-packages/airflow/example_dags/example_python_decorator.py
[2025-12-15T09:11:22.999+0000] {processor.py:830} INFO - Processing file /home/airflow/.local/lib/python3.12/site-packages/airflow/example_dags/example_python_decorator.py for tasks to queue
[2025-12-15T09:11:23.001+0000] {logging_mixin.py:188} INFO - [2025-12-15T09:11:23.001+0000] {dagbag.py:545} INFO - Filling up the DagBag from /home/airflow/.local/lib/python3.12/site-packages/airflow/example_dags/example_python_decorator.py
[2025-12-15T09:11:23.020+0000] {processor.py:840} INFO - DAG(s) 'example_python_decorator' retrieved from /home/airflow/.local/lib/python3.12/site-packages/airflow/example_dags/example_python_decorator.py
[2025-12-15T09:11:23.059+0000] {logging_mixin.py:188} INFO - [2025-12-15T09:11:23.058+0000] {dag.py:3096} INFO - Sync 1 DAGs
[2025-12-15T09:11:23.077+0000] {logging_mixin.py:188} INFO - [2025-12-15T09:11:23.076+0000] {dag.py:3954} INFO - Setting next_dagrun for example_python_decorator to None, run_after=None
[2025-12-15T09:11:23.105+0000] {processor.py:183} INFO - Processing /home/airflow/.local/lib/python3.12/site-packages/airflow/example_dags/example_python_decorator.py took 0.115 seconds
[2025-12-15T09:11:53.430+0000] {processor.py:161} INFO - Started process (PID=4051) to work on /home/airflow/.local/lib/python3.12/site-packages/airflow/example_dags/example_python_decorator.py
[2025-12-15T09:11:53.432+0000] {processor.py:830} INFO - Processing file /home/airflow/.local/lib/python3.12/site-packages/airflow/example_dags/example_python_decorator.py for tasks to queue
[2025-12-15T09:11:53.434+0000] {logging_mixin.py:188} INFO - [2025-12-15T09:11:53.434+0000] {dagbag.py:545} INFO - Filling up the DagBag from /home/airflow/.local/lib/python3.12/site-packages/airflow/example_dags/example_python_decorator.py
[2025-12-15T09:11:53.451+0000] {processor.py:840} INFO - DAG(s) 'example_python_decorator' retrieved from /home/airflow/.local/lib/python3.12/site-packages/airflow/example_dags/example_python_decorator.py
[2025-12-15T09:11:53.488+0000] {logging_mixin.py:188} INFO - [2025-12-15T09:11:53.487+0000] {dag.py:3096} INFO - Sync 1 DAGs
[2025-12-15T09:11:53.507+0000] {logging_mixin.py:188} INFO - [2025-12-15T09:11:53.507+0000] {dag.py:3954} INFO - Setting next_dagrun for example_python_decorator to None, run_after=None
[2025-12-15T09:11:53.534+0000] {processor.py:183} INFO - Processing /home/airflow/.local/lib/python3.12/site-packages/airflow/example_dags/example_python_decorator.py took 0.111 seconds
[2025-12-15T09:12:23.811+0000] {processor.py:161} INFO - Started process (PID=4312) to work on /home/airflow/.local/lib/python3.12/site-packages/airflow/example_dags/example_python_decorator.py
[2025-12-15T09:12:23.812+0000] {processor.py:830} INFO - Processing file /home/airflow/.local/lib/python3.12/site-packages/airflow/example_dags/example_python_decorator.py for tasks to queue
[2025-12-15T09:12:23.814+0000] {logging_mixin.py:188} INFO - [2025-12-15T09:12:23.814+0000] {dagbag.py:545} INFO - Filling up the DagBag from /home/airflow/.local/lib/python3.12/site-packages/airflow/example_dags/example_python_decorator.py
[2025-12-15T09:12:23.833+0000] {processor.py:840} INFO - DAG(s) 'example_python_decorator' retrieved from /home/airflow/.local/lib/python3.12/site-packages/airflow/example_dags/example_python_decorator.py
[2025-12-15T09:12:23.871+0000] {logging_mixin.py:188} INFO - [2025-12-15T09:12:23.871+0000] {dag.py:3096} INFO - Sync 1 DAGs
[2025-12-15T09:12:23.892+0000] {logging_mixin.py:188} INFO - [2025-12-15T09:12:23.891+0000] {dag.py:3954} INFO - Setting next_dagrun for example_python_decorator to None, run_after=None
[2025-12-15T09:12:23.921+0000] {processor.py:183} INFO - Processing /home/airflow/.local/lib/python3.12/site-packages/airflow/example_dags/example_python_decorator.py took 0.119 seconds
