[2025-12-15T09:04:44.897+0000] {processor.py:161} INFO - Started process (PID=340) to work on /home/airflow/.local/lib/python3.12/site-packages/airflow/example_dags/example_sensor_decorator.py
[2025-12-15T09:04:44.899+0000] {processor.py:830} INFO - Processing file /home/airflow/.local/lib/python3.12/site-packages/airflow/example_dags/example_sensor_decorator.py for tasks to queue
[2025-12-15T09:04:44.901+0000] {logging_mixin.py:188} INFO - [2025-12-15T09:04:44.901+0000] {dagbag.py:545} INFO - Filling up the DagBag from /home/airflow/.local/lib/python3.12/site-packages/airflow/example_dags/example_sensor_decorator.py
[2025-12-15T09:04:44.918+0000] {processor.py:840} INFO - DAG(s) 'example_sensor_decorator' retrieved from /home/airflow/.local/lib/python3.12/site-packages/airflow/example_dags/example_sensor_decorator.py
[2025-12-15T09:04:45.105+0000] {logging_mixin.py:188} INFO - [2025-12-15T09:04:45.104+0000] {override.py:1829} INFO - Created Permission View: can edit on DAG:example_sensor_decorator
[2025-12-15T09:04:45.123+0000] {logging_mixin.py:188} INFO - [2025-12-15T09:04:45.123+0000] {override.py:1829} INFO - Created Permission View: can delete on DAG:example_sensor_decorator
[2025-12-15T09:04:45.134+0000] {logging_mixin.py:188} INFO - [2025-12-15T09:04:45.133+0000] {override.py:1829} INFO - Created Permission View: can read on DAG:example_sensor_decorator
[2025-12-15T09:04:45.135+0000] {logging_mixin.py:188} INFO - [2025-12-15T09:04:45.135+0000] {dag.py:3096} INFO - Sync 1 DAGs
[2025-12-15T09:04:45.150+0000] {logging_mixin.py:188} INFO - [2025-12-15T09:04:45.150+0000] {dag.py:3118} INFO - Creating ORM DAG for example_sensor_decorator
[2025-12-15T09:04:45.151+0000] {logging_mixin.py:188} INFO - [2025-12-15T09:04:45.151+0000] {dag.py:3954} INFO - Setting next_dagrun for example_sensor_decorator to None, run_after=None
[2025-12-15T09:04:45.175+0000] {processor.py:183} INFO - Processing /home/airflow/.local/lib/python3.12/site-packages/airflow/example_dags/example_sensor_decorator.py took 0.291 seconds
[2025-12-15T09:05:16.031+0000] {processor.py:161} INFO - Started process (PID=603) to work on /home/airflow/.local/lib/python3.12/site-packages/airflow/example_dags/example_sensor_decorator.py
[2025-12-15T09:05:16.033+0000] {processor.py:830} INFO - Processing file /home/airflow/.local/lib/python3.12/site-packages/airflow/example_dags/example_sensor_decorator.py for tasks to queue
[2025-12-15T09:05:16.036+0000] {logging_mixin.py:188} INFO - [2025-12-15T09:05:16.036+0000] {dagbag.py:545} INFO - Filling up the DagBag from /home/airflow/.local/lib/python3.12/site-packages/airflow/example_dags/example_sensor_decorator.py
[2025-12-15T09:05:16.046+0000] {processor.py:840} INFO - DAG(s) 'example_sensor_decorator' retrieved from /home/airflow/.local/lib/python3.12/site-packages/airflow/example_dags/example_sensor_decorator.py
[2025-12-15T09:05:16.085+0000] {logging_mixin.py:188} INFO - [2025-12-15T09:05:16.084+0000] {dag.py:3096} INFO - Sync 1 DAGs
[2025-12-15T09:05:16.105+0000] {logging_mixin.py:188} INFO - [2025-12-15T09:05:16.105+0000] {dag.py:3954} INFO - Setting next_dagrun for example_sensor_decorator to None, run_after=None
[2025-12-15T09:05:16.136+0000] {processor.py:183} INFO - Processing /home/airflow/.local/lib/python3.12/site-packages/airflow/example_dags/example_sensor_decorator.py took 0.115 seconds
[2025-12-15T09:05:46.358+0000] {processor.py:161} INFO - Started process (PID=864) to work on /home/airflow/.local/lib/python3.12/site-packages/airflow/example_dags/example_sensor_decorator.py
[2025-12-15T09:05:46.360+0000] {processor.py:830} INFO - Processing file /home/airflow/.local/lib/python3.12/site-packages/airflow/example_dags/example_sensor_decorator.py for tasks to queue
[2025-12-15T09:05:46.362+0000] {logging_mixin.py:188} INFO - [2025-12-15T09:05:46.362+0000] {dagbag.py:545} INFO - Filling up the DagBag from /home/airflow/.local/lib/python3.12/site-packages/airflow/example_dags/example_sensor_decorator.py
[2025-12-15T09:05:46.370+0000] {processor.py:840} INFO - DAG(s) 'example_sensor_decorator' retrieved from /home/airflow/.local/lib/python3.12/site-packages/airflow/example_dags/example_sensor_decorator.py
[2025-12-15T09:05:46.403+0000] {logging_mixin.py:188} INFO - [2025-12-15T09:05:46.402+0000] {dag.py:3096} INFO - Sync 1 DAGs
[2025-12-15T09:05:46.423+0000] {logging_mixin.py:188} INFO - [2025-12-15T09:05:46.423+0000] {dag.py:3954} INFO - Setting next_dagrun for example_sensor_decorator to None, run_after=None
[2025-12-15T09:05:46.453+0000] {processor.py:183} INFO - Processing /home/airflow/.local/lib/python3.12/site-packages/airflow/example_dags/example_sensor_decorator.py took 0.104 seconds
[2025-12-15T09:06:16.916+0000] {processor.py:161} INFO - Started process (PID=1125) to work on /home/airflow/.local/lib/python3.12/site-packages/airflow/example_dags/example_sensor_decorator.py
[2025-12-15T09:06:16.918+0000] {processor.py:830} INFO - Processing file /home/airflow/.local/lib/python3.12/site-packages/airflow/example_dags/example_sensor_decorator.py for tasks to queue
[2025-12-15T09:06:16.920+0000] {logging_mixin.py:188} INFO - [2025-12-15T09:06:16.920+0000] {dagbag.py:545} INFO - Filling up the DagBag from /home/airflow/.local/lib/python3.12/site-packages/airflow/example_dags/example_sensor_decorator.py
[2025-12-15T09:06:16.929+0000] {processor.py:840} INFO - DAG(s) 'example_sensor_decorator' retrieved from /home/airflow/.local/lib/python3.12/site-packages/airflow/example_dags/example_sensor_decorator.py
[2025-12-15T09:06:16.967+0000] {logging_mixin.py:188} INFO - [2025-12-15T09:06:16.967+0000] {dag.py:3096} INFO - Sync 1 DAGs
[2025-12-15T09:06:16.988+0000] {logging_mixin.py:188} INFO - [2025-12-15T09:06:16.988+0000] {dag.py:3954} INFO - Setting next_dagrun for example_sensor_decorator to None, run_after=None
[2025-12-15T09:06:17.022+0000] {processor.py:183} INFO - Processing /home/airflow/.local/lib/python3.12/site-packages/airflow/example_dags/example_sensor_decorator.py took 0.113 seconds
[2025-12-15T09:06:47.299+0000] {processor.py:161} INFO - Started process (PID=1386) to work on /home/airflow/.local/lib/python3.12/site-packages/airflow/example_dags/example_sensor_decorator.py
[2025-12-15T09:06:47.301+0000] {processor.py:830} INFO - Processing file /home/airflow/.local/lib/python3.12/site-packages/airflow/example_dags/example_sensor_decorator.py for tasks to queue
[2025-12-15T09:06:47.304+0000] {logging_mixin.py:188} INFO - [2025-12-15T09:06:47.304+0000] {dagbag.py:545} INFO - Filling up the DagBag from /home/airflow/.local/lib/python3.12/site-packages/airflow/example_dags/example_sensor_decorator.py
[2025-12-15T09:06:47.314+0000] {processor.py:840} INFO - DAG(s) 'example_sensor_decorator' retrieved from /home/airflow/.local/lib/python3.12/site-packages/airflow/example_dags/example_sensor_decorator.py
[2025-12-15T09:06:47.349+0000] {logging_mixin.py:188} INFO - [2025-12-15T09:06:47.348+0000] {dag.py:3096} INFO - Sync 1 DAGs
[2025-12-15T09:06:47.369+0000] {logging_mixin.py:188} INFO - [2025-12-15T09:06:47.369+0000] {dag.py:3954} INFO - Setting next_dagrun for example_sensor_decorator to None, run_after=None
[2025-12-15T09:06:47.401+0000] {processor.py:183} INFO - Processing /home/airflow/.local/lib/python3.12/site-packages/airflow/example_dags/example_sensor_decorator.py took 0.109 seconds
[2025-12-15T09:07:17.923+0000] {processor.py:161} INFO - Started process (PID=1647) to work on /home/airflow/.local/lib/python3.12/site-packages/airflow/example_dags/example_sensor_decorator.py
[2025-12-15T09:07:17.925+0000] {processor.py:830} INFO - Processing file /home/airflow/.local/lib/python3.12/site-packages/airflow/example_dags/example_sensor_decorator.py for tasks to queue
[2025-12-15T09:07:17.928+0000] {logging_mixin.py:188} INFO - [2025-12-15T09:07:17.927+0000] {dagbag.py:545} INFO - Filling up the DagBag from /home/airflow/.local/lib/python3.12/site-packages/airflow/example_dags/example_sensor_decorator.py
[2025-12-15T09:07:17.937+0000] {processor.py:840} INFO - DAG(s) 'example_sensor_decorator' retrieved from /home/airflow/.local/lib/python3.12/site-packages/airflow/example_dags/example_sensor_decorator.py
[2025-12-15T09:07:17.974+0000] {logging_mixin.py:188} INFO - [2025-12-15T09:07:17.974+0000] {dag.py:3096} INFO - Sync 1 DAGs
[2025-12-15T09:07:17.994+0000] {logging_mixin.py:188} INFO - [2025-12-15T09:07:17.994+0000] {dag.py:3954} INFO - Setting next_dagrun for example_sensor_decorator to None, run_after=None
[2025-12-15T09:07:18.028+0000] {processor.py:183} INFO - Processing /home/airflow/.local/lib/python3.12/site-packages/airflow/example_dags/example_sensor_decorator.py took 0.113 seconds
[2025-12-15T09:07:48.261+0000] {processor.py:161} INFO - Started process (PID=1908) to work on /home/airflow/.local/lib/python3.12/site-packages/airflow/example_dags/example_sensor_decorator.py
[2025-12-15T09:07:48.263+0000] {processor.py:830} INFO - Processing file /home/airflow/.local/lib/python3.12/site-packages/airflow/example_dags/example_sensor_decorator.py for tasks to queue
[2025-12-15T09:07:48.265+0000] {logging_mixin.py:188} INFO - [2025-12-15T09:07:48.265+0000] {dagbag.py:545} INFO - Filling up the DagBag from /home/airflow/.local/lib/python3.12/site-packages/airflow/example_dags/example_sensor_decorator.py
[2025-12-15T09:07:48.275+0000] {processor.py:840} INFO - DAG(s) 'example_sensor_decorator' retrieved from /home/airflow/.local/lib/python3.12/site-packages/airflow/example_dags/example_sensor_decorator.py
[2025-12-15T09:07:48.315+0000] {logging_mixin.py:188} INFO - [2025-12-15T09:07:48.315+0000] {dag.py:3096} INFO - Sync 1 DAGs
[2025-12-15T09:07:48.338+0000] {logging_mixin.py:188} INFO - [2025-12-15T09:07:48.337+0000] {dag.py:3954} INFO - Setting next_dagrun for example_sensor_decorator to None, run_after=None
[2025-12-15T09:07:48.369+0000] {processor.py:183} INFO - Processing /home/airflow/.local/lib/python3.12/site-packages/airflow/example_dags/example_sensor_decorator.py took 0.116 seconds
[2025-12-15T09:08:18.772+0000] {processor.py:161} INFO - Started process (PID=2169) to work on /home/airflow/.local/lib/python3.12/site-packages/airflow/example_dags/example_sensor_decorator.py
[2025-12-15T09:08:18.775+0000] {processor.py:830} INFO - Processing file /home/airflow/.local/lib/python3.12/site-packages/airflow/example_dags/example_sensor_decorator.py for tasks to queue
[2025-12-15T09:08:18.778+0000] {logging_mixin.py:188} INFO - [2025-12-15T09:08:18.778+0000] {dagbag.py:545} INFO - Filling up the DagBag from /home/airflow/.local/lib/python3.12/site-packages/airflow/example_dags/example_sensor_decorator.py
[2025-12-15T09:08:18.789+0000] {processor.py:840} INFO - DAG(s) 'example_sensor_decorator' retrieved from /home/airflow/.local/lib/python3.12/site-packages/airflow/example_dags/example_sensor_decorator.py
[2025-12-15T09:08:18.826+0000] {logging_mixin.py:188} INFO - [2025-12-15T09:08:18.826+0000] {dag.py:3096} INFO - Sync 1 DAGs
[2025-12-15T09:08:18.846+0000] {logging_mixin.py:188} INFO - [2025-12-15T09:08:18.845+0000] {dag.py:3954} INFO - Setting next_dagrun for example_sensor_decorator to None, run_after=None
[2025-12-15T09:08:18.877+0000] {processor.py:183} INFO - Processing /home/airflow/.local/lib/python3.12/site-packages/airflow/example_dags/example_sensor_decorator.py took 0.114 seconds
[2025-12-15T09:08:49.423+0000] {processor.py:161} INFO - Started process (PID=2430) to work on /home/airflow/.local/lib/python3.12/site-packages/airflow/example_dags/example_sensor_decorator.py
[2025-12-15T09:08:49.424+0000] {processor.py:830} INFO - Processing file /home/airflow/.local/lib/python3.12/site-packages/airflow/example_dags/example_sensor_decorator.py for tasks to queue
[2025-12-15T09:08:49.427+0000] {logging_mixin.py:188} INFO - [2025-12-15T09:08:49.426+0000] {dagbag.py:545} INFO - Filling up the DagBag from /home/airflow/.local/lib/python3.12/site-packages/airflow/example_dags/example_sensor_decorator.py
[2025-12-15T09:08:49.435+0000] {processor.py:840} INFO - DAG(s) 'example_sensor_decorator' retrieved from /home/airflow/.local/lib/python3.12/site-packages/airflow/example_dags/example_sensor_decorator.py
[2025-12-15T09:08:49.469+0000] {logging_mixin.py:188} INFO - [2025-12-15T09:08:49.468+0000] {dag.py:3096} INFO - Sync 1 DAGs
[2025-12-15T09:08:49.489+0000] {logging_mixin.py:188} INFO - [2025-12-15T09:08:49.488+0000] {dag.py:3954} INFO - Setting next_dagrun for example_sensor_decorator to None, run_after=None
[2025-12-15T09:08:49.519+0000] {processor.py:183} INFO - Processing /home/airflow/.local/lib/python3.12/site-packages/airflow/example_dags/example_sensor_decorator.py took 0.104 seconds
[2025-12-15T09:09:20.067+0000] {processor.py:161} INFO - Started process (PID=2691) to work on /home/airflow/.local/lib/python3.12/site-packages/airflow/example_dags/example_sensor_decorator.py
[2025-12-15T09:09:20.069+0000] {processor.py:830} INFO - Processing file /home/airflow/.local/lib/python3.12/site-packages/airflow/example_dags/example_sensor_decorator.py for tasks to queue
[2025-12-15T09:09:20.072+0000] {logging_mixin.py:188} INFO - [2025-12-15T09:09:20.072+0000] {dagbag.py:545} INFO - Filling up the DagBag from /home/airflow/.local/lib/python3.12/site-packages/airflow/example_dags/example_sensor_decorator.py
[2025-12-15T09:09:20.083+0000] {processor.py:840} INFO - DAG(s) 'example_sensor_decorator' retrieved from /home/airflow/.local/lib/python3.12/site-packages/airflow/example_dags/example_sensor_decorator.py
[2025-12-15T09:09:20.123+0000] {logging_mixin.py:188} INFO - [2025-12-15T09:09:20.122+0000] {dag.py:3096} INFO - Sync 1 DAGs
[2025-12-15T09:09:20.143+0000] {logging_mixin.py:188} INFO - [2025-12-15T09:09:20.143+0000] {dag.py:3954} INFO - Setting next_dagrun for example_sensor_decorator to None, run_after=None
[2025-12-15T09:09:20.174+0000] {processor.py:183} INFO - Processing /home/airflow/.local/lib/python3.12/site-packages/airflow/example_dags/example_sensor_decorator.py took 0.116 seconds
[2025-12-15T09:09:50.570+0000] {processor.py:161} INFO - Started process (PID=2952) to work on /home/airflow/.local/lib/python3.12/site-packages/airflow/example_dags/example_sensor_decorator.py
[2025-12-15T09:09:50.572+0000] {processor.py:830} INFO - Processing file /home/airflow/.local/lib/python3.12/site-packages/airflow/example_dags/example_sensor_decorator.py for tasks to queue
[2025-12-15T09:09:50.575+0000] {logging_mixin.py:188} INFO - [2025-12-15T09:09:50.575+0000] {dagbag.py:545} INFO - Filling up the DagBag from /home/airflow/.local/lib/python3.12/site-packages/airflow/example_dags/example_sensor_decorator.py
[2025-12-15T09:09:50.588+0000] {processor.py:840} INFO - DAG(s) 'example_sensor_decorator' retrieved from /home/airflow/.local/lib/python3.12/site-packages/airflow/example_dags/example_sensor_decorator.py
[2025-12-15T09:09:50.626+0000] {logging_mixin.py:188} INFO - [2025-12-15T09:09:50.625+0000] {dag.py:3096} INFO - Sync 1 DAGs
[2025-12-15T09:09:50.648+0000] {logging_mixin.py:188} INFO - [2025-12-15T09:09:50.647+0000] {dag.py:3954} INFO - Setting next_dagrun for example_sensor_decorator to None, run_after=None
[2025-12-15T09:09:50.682+0000] {processor.py:183} INFO - Processing /home/airflow/.local/lib/python3.12/site-packages/airflow/example_dags/example_sensor_decorator.py took 0.121 seconds
[2025-12-15T09:10:20.862+0000] {processor.py:161} INFO - Started process (PID=3213) to work on /home/airflow/.local/lib/python3.12/site-packages/airflow/example_dags/example_sensor_decorator.py
[2025-12-15T09:10:20.864+0000] {processor.py:830} INFO - Processing file /home/airflow/.local/lib/python3.12/site-packages/airflow/example_dags/example_sensor_decorator.py for tasks to queue
[2025-12-15T09:10:20.866+0000] {logging_mixin.py:188} INFO - [2025-12-15T09:10:20.866+0000] {dagbag.py:545} INFO - Filling up the DagBag from /home/airflow/.local/lib/python3.12/site-packages/airflow/example_dags/example_sensor_decorator.py
[2025-12-15T09:10:20.875+0000] {processor.py:840} INFO - DAG(s) 'example_sensor_decorator' retrieved from /home/airflow/.local/lib/python3.12/site-packages/airflow/example_dags/example_sensor_decorator.py
[2025-12-15T09:10:20.911+0000] {logging_mixin.py:188} INFO - [2025-12-15T09:10:20.910+0000] {dag.py:3096} INFO - Sync 1 DAGs
[2025-12-15T09:10:20.932+0000] {logging_mixin.py:188} INFO - [2025-12-15T09:10:20.932+0000] {dag.py:3954} INFO - Setting next_dagrun for example_sensor_decorator to None, run_after=None
[2025-12-15T09:10:20.966+0000] {processor.py:183} INFO - Processing /home/airflow/.local/lib/python3.12/site-packages/airflow/example_dags/example_sensor_decorator.py took 0.112 seconds
[2025-12-15T09:10:51.359+0000] {processor.py:161} INFO - Started process (PID=3474) to work on /home/airflow/.local/lib/python3.12/site-packages/airflow/example_dags/example_sensor_decorator.py
[2025-12-15T09:10:51.360+0000] {processor.py:830} INFO - Processing file /home/airflow/.local/lib/python3.12/site-packages/airflow/example_dags/example_sensor_decorator.py for tasks to queue
[2025-12-15T09:10:51.363+0000] {logging_mixin.py:188} INFO - [2025-12-15T09:10:51.363+0000] {dagbag.py:545} INFO - Filling up the DagBag from /home/airflow/.local/lib/python3.12/site-packages/airflow/example_dags/example_sensor_decorator.py
[2025-12-15T09:10:51.373+0000] {processor.py:840} INFO - DAG(s) 'example_sensor_decorator' retrieved from /home/airflow/.local/lib/python3.12/site-packages/airflow/example_dags/example_sensor_decorator.py
[2025-12-15T09:10:51.408+0000] {logging_mixin.py:188} INFO - [2025-12-15T09:10:51.408+0000] {dag.py:3096} INFO - Sync 1 DAGs
[2025-12-15T09:10:51.433+0000] {logging_mixin.py:188} INFO - [2025-12-15T09:10:51.433+0000] {dag.py:3954} INFO - Setting next_dagrun for example_sensor_decorator to None, run_after=None
[2025-12-15T09:10:51.468+0000] {processor.py:183} INFO - Processing /home/airflow/.local/lib/python3.12/site-packages/airflow/example_dags/example_sensor_decorator.py took 0.119 seconds
[2025-12-15T09:11:21.688+0000] {processor.py:161} INFO - Started process (PID=3735) to work on /home/airflow/.local/lib/python3.12/site-packages/airflow/example_dags/example_sensor_decorator.py
[2025-12-15T09:11:21.690+0000] {processor.py:830} INFO - Processing file /home/airflow/.local/lib/python3.12/site-packages/airflow/example_dags/example_sensor_decorator.py for tasks to queue
[2025-12-15T09:11:21.692+0000] {logging_mixin.py:188} INFO - [2025-12-15T09:11:21.692+0000] {dagbag.py:545} INFO - Filling up the DagBag from /home/airflow/.local/lib/python3.12/site-packages/airflow/example_dags/example_sensor_decorator.py
[2025-12-15T09:11:21.702+0000] {processor.py:840} INFO - DAG(s) 'example_sensor_decorator' retrieved from /home/airflow/.local/lib/python3.12/site-packages/airflow/example_dags/example_sensor_decorator.py
[2025-12-15T09:11:21.741+0000] {logging_mixin.py:188} INFO - [2025-12-15T09:11:21.740+0000] {dag.py:3096} INFO - Sync 1 DAGs
[2025-12-15T09:11:21.762+0000] {logging_mixin.py:188} INFO - [2025-12-15T09:11:21.761+0000] {dag.py:3954} INFO - Setting next_dagrun for example_sensor_decorator to None, run_after=None
[2025-12-15T09:11:21.793+0000] {processor.py:183} INFO - Processing /home/airflow/.local/lib/python3.12/site-packages/airflow/example_dags/example_sensor_decorator.py took 0.114 seconds
[2025-12-15T09:11:51.992+0000] {processor.py:161} INFO - Started process (PID=3996) to work on /home/airflow/.local/lib/python3.12/site-packages/airflow/example_dags/example_sensor_decorator.py
[2025-12-15T09:11:51.994+0000] {processor.py:830} INFO - Processing file /home/airflow/.local/lib/python3.12/site-packages/airflow/example_dags/example_sensor_decorator.py for tasks to queue
[2025-12-15T09:11:51.998+0000] {logging_mixin.py:188} INFO - [2025-12-15T09:11:51.998+0000] {dagbag.py:545} INFO - Filling up the DagBag from /home/airflow/.local/lib/python3.12/site-packages/airflow/example_dags/example_sensor_decorator.py
[2025-12-15T09:11:52.008+0000] {processor.py:840} INFO - DAG(s) 'example_sensor_decorator' retrieved from /home/airflow/.local/lib/python3.12/site-packages/airflow/example_dags/example_sensor_decorator.py
[2025-12-15T09:11:52.050+0000] {logging_mixin.py:188} INFO - [2025-12-15T09:11:52.050+0000] {dag.py:3096} INFO - Sync 1 DAGs
[2025-12-15T09:11:52.078+0000] {logging_mixin.py:188} INFO - [2025-12-15T09:11:52.077+0000] {dag.py:3954} INFO - Setting next_dagrun for example_sensor_decorator to None, run_after=None
[2025-12-15T09:11:52.115+0000] {processor.py:183} INFO - Processing /home/airflow/.local/lib/python3.12/site-packages/airflow/example_dags/example_sensor_decorator.py took 0.134 seconds
[2025-12-15T09:12:22.600+0000] {processor.py:161} INFO - Started process (PID=4257) to work on /home/airflow/.local/lib/python3.12/site-packages/airflow/example_dags/example_sensor_decorator.py
[2025-12-15T09:12:22.602+0000] {processor.py:830} INFO - Processing file /home/airflow/.local/lib/python3.12/site-packages/airflow/example_dags/example_sensor_decorator.py for tasks to queue
[2025-12-15T09:12:22.604+0000] {logging_mixin.py:188} INFO - [2025-12-15T09:12:22.604+0000] {dagbag.py:545} INFO - Filling up the DagBag from /home/airflow/.local/lib/python3.12/site-packages/airflow/example_dags/example_sensor_decorator.py
[2025-12-15T09:12:22.614+0000] {processor.py:840} INFO - DAG(s) 'example_sensor_decorator' retrieved from /home/airflow/.local/lib/python3.12/site-packages/airflow/example_dags/example_sensor_decorator.py
[2025-12-15T09:12:22.648+0000] {logging_mixin.py:188} INFO - [2025-12-15T09:12:22.648+0000] {dag.py:3096} INFO - Sync 1 DAGs
[2025-12-15T09:12:22.669+0000] {logging_mixin.py:188} INFO - [2025-12-15T09:12:22.669+0000] {dag.py:3954} INFO - Setting next_dagrun for example_sensor_decorator to None, run_after=None
[2025-12-15T09:12:22.700+0000] {processor.py:183} INFO - Processing /home/airflow/.local/lib/python3.12/site-packages/airflow/example_dags/example_sensor_decorator.py took 0.110 seconds
