[2025-12-15T09:04:45.273+0000] {processor.py:161} INFO - Started process (PID=355) to work on /home/airflow/.local/lib/python3.12/site-packages/airflow/example_dags/example_nested_branch_dag.py
[2025-12-15T09:04:45.275+0000] {processor.py:830} INFO - Processing file /home/airflow/.local/lib/python3.12/site-packages/airflow/example_dags/example_nested_branch_dag.py for tasks to queue
[2025-12-15T09:04:45.277+0000] {logging_mixin.py:188} INFO - [2025-12-15T09:04:45.277+0000] {dagbag.py:545} INFO - Filling up the DagBag from /home/airflow/.local/lib/python3.12/site-packages/airflow/example_dags/example_nested_branch_dag.py
[2025-12-15T09:04:45.295+0000] {processor.py:840} INFO - DAG(s) 'example_nested_branch_dag' retrieved from /home/airflow/.local/lib/python3.12/site-packages/airflow/example_dags/example_nested_branch_dag.py
[2025-12-15T09:04:45.444+0000] {logging_mixin.py:188} INFO - [2025-12-15T09:04:45.443+0000] {override.py:1829} INFO - Created Permission View: can edit on DAG:example_nested_branch_dag
[2025-12-15T09:04:45.458+0000] {logging_mixin.py:188} INFO - [2025-12-15T09:04:45.457+0000] {override.py:1829} INFO - Created Permission View: can delete on DAG:example_nested_branch_dag
[2025-12-15T09:04:45.468+0000] {logging_mixin.py:188} INFO - [2025-12-15T09:04:45.468+0000] {override.py:1829} INFO - Created Permission View: can read on DAG:example_nested_branch_dag
[2025-12-15T09:04:45.469+0000] {logging_mixin.py:188} INFO - [2025-12-15T09:04:45.469+0000] {dag.py:3096} INFO - Sync 1 DAGs
[2025-12-15T09:04:45.484+0000] {logging_mixin.py:188} INFO - [2025-12-15T09:04:45.484+0000] {dag.py:3118} INFO - Creating ORM DAG for example_nested_branch_dag
[2025-12-15T09:04:45.499+0000] {logging_mixin.py:188} INFO - [2025-12-15T09:04:45.499+0000] {dag.py:3954} INFO - Setting next_dagrun for example_nested_branch_dag to 2025-12-14 00:00:00+00:00, run_after=2025-12-15 00:00:00+00:00
[2025-12-15T09:04:45.524+0000] {processor.py:183} INFO - Processing /home/airflow/.local/lib/python3.12/site-packages/airflow/example_dags/example_nested_branch_dag.py took 0.259 seconds
[2025-12-15T09:05:16.372+0000] {processor.py:161} INFO - Started process (PID=618) to work on /home/airflow/.local/lib/python3.12/site-packages/airflow/example_dags/example_nested_branch_dag.py
[2025-12-15T09:05:16.374+0000] {processor.py:830} INFO - Processing file /home/airflow/.local/lib/python3.12/site-packages/airflow/example_dags/example_nested_branch_dag.py for tasks to queue
[2025-12-15T09:05:16.376+0000] {logging_mixin.py:188} INFO - [2025-12-15T09:05:16.376+0000] {dagbag.py:545} INFO - Filling up the DagBag from /home/airflow/.local/lib/python3.12/site-packages/airflow/example_dags/example_nested_branch_dag.py
[2025-12-15T09:05:16.390+0000] {processor.py:840} INFO - DAG(s) 'example_nested_branch_dag' retrieved from /home/airflow/.local/lib/python3.12/site-packages/airflow/example_dags/example_nested_branch_dag.py
[2025-12-15T09:05:16.424+0000] {logging_mixin.py:188} INFO - [2025-12-15T09:05:16.424+0000] {dag.py:3096} INFO - Sync 1 DAGs
[2025-12-15T09:05:16.459+0000] {logging_mixin.py:188} INFO - [2025-12-15T09:05:16.459+0000] {dag.py:3954} INFO - Setting next_dagrun for example_nested_branch_dag to 2025-12-14 00:00:00+00:00, run_after=2025-12-15 00:00:00+00:00
[2025-12-15T09:05:16.493+0000] {processor.py:183} INFO - Processing /home/airflow/.local/lib/python3.12/site-packages/airflow/example_dags/example_nested_branch_dag.py took 0.128 seconds
[2025-12-15T09:05:46.690+0000] {processor.py:161} INFO - Started process (PID=879) to work on /home/airflow/.local/lib/python3.12/site-packages/airflow/example_dags/example_nested_branch_dag.py
[2025-12-15T09:05:46.692+0000] {processor.py:830} INFO - Processing file /home/airflow/.local/lib/python3.12/site-packages/airflow/example_dags/example_nested_branch_dag.py for tasks to queue
[2025-12-15T09:05:46.695+0000] {logging_mixin.py:188} INFO - [2025-12-15T09:05:46.694+0000] {dagbag.py:545} INFO - Filling up the DagBag from /home/airflow/.local/lib/python3.12/site-packages/airflow/example_dags/example_nested_branch_dag.py
[2025-12-15T09:05:46.708+0000] {processor.py:840} INFO - DAG(s) 'example_nested_branch_dag' retrieved from /home/airflow/.local/lib/python3.12/site-packages/airflow/example_dags/example_nested_branch_dag.py
[2025-12-15T09:05:46.740+0000] {logging_mixin.py:188} INFO - [2025-12-15T09:05:46.740+0000] {dag.py:3096} INFO - Sync 1 DAGs
[2025-12-15T09:05:46.774+0000] {logging_mixin.py:188} INFO - [2025-12-15T09:05:46.774+0000] {dag.py:3954} INFO - Setting next_dagrun for example_nested_branch_dag to 2025-12-14 00:00:00+00:00, run_after=2025-12-15 00:00:00+00:00
[2025-12-15T09:05:46.800+0000] {processor.py:183} INFO - Processing /home/airflow/.local/lib/python3.12/site-packages/airflow/example_dags/example_nested_branch_dag.py took 0.118 seconds
[2025-12-15T09:06:17.264+0000] {processor.py:161} INFO - Started process (PID=1140) to work on /home/airflow/.local/lib/python3.12/site-packages/airflow/example_dags/example_nested_branch_dag.py
[2025-12-15T09:06:17.265+0000] {processor.py:830} INFO - Processing file /home/airflow/.local/lib/python3.12/site-packages/airflow/example_dags/example_nested_branch_dag.py for tasks to queue
[2025-12-15T09:06:17.268+0000] {logging_mixin.py:188} INFO - [2025-12-15T09:06:17.267+0000] {dagbag.py:545} INFO - Filling up the DagBag from /home/airflow/.local/lib/python3.12/site-packages/airflow/example_dags/example_nested_branch_dag.py
[2025-12-15T09:06:17.282+0000] {processor.py:840} INFO - DAG(s) 'example_nested_branch_dag' retrieved from /home/airflow/.local/lib/python3.12/site-packages/airflow/example_dags/example_nested_branch_dag.py
[2025-12-15T09:06:17.320+0000] {logging_mixin.py:188} INFO - [2025-12-15T09:06:17.319+0000] {dag.py:3096} INFO - Sync 1 DAGs
[2025-12-15T09:06:17.359+0000] {logging_mixin.py:188} INFO - [2025-12-15T09:06:17.358+0000] {dag.py:3954} INFO - Setting next_dagrun for example_nested_branch_dag to 2025-12-14 00:00:00+00:00, run_after=2025-12-15 00:00:00+00:00
[2025-12-15T09:06:17.392+0000] {processor.py:183} INFO - Processing /home/airflow/.local/lib/python3.12/site-packages/airflow/example_dags/example_nested_branch_dag.py took 0.137 seconds
[2025-12-15T09:06:47.654+0000] {processor.py:161} INFO - Started process (PID=1401) to work on /home/airflow/.local/lib/python3.12/site-packages/airflow/example_dags/example_nested_branch_dag.py
[2025-12-15T09:06:47.656+0000] {processor.py:830} INFO - Processing file /home/airflow/.local/lib/python3.12/site-packages/airflow/example_dags/example_nested_branch_dag.py for tasks to queue
[2025-12-15T09:06:47.659+0000] {logging_mixin.py:188} INFO - [2025-12-15T09:06:47.659+0000] {dagbag.py:545} INFO - Filling up the DagBag from /home/airflow/.local/lib/python3.12/site-packages/airflow/example_dags/example_nested_branch_dag.py
[2025-12-15T09:06:47.676+0000] {processor.py:840} INFO - DAG(s) 'example_nested_branch_dag' retrieved from /home/airflow/.local/lib/python3.12/site-packages/airflow/example_dags/example_nested_branch_dag.py
[2025-12-15T09:06:47.716+0000] {logging_mixin.py:188} INFO - [2025-12-15T09:06:47.715+0000] {dag.py:3096} INFO - Sync 1 DAGs
[2025-12-15T09:06:47.753+0000] {logging_mixin.py:188} INFO - [2025-12-15T09:06:47.752+0000] {dag.py:3954} INFO - Setting next_dagrun for example_nested_branch_dag to 2025-12-14 00:00:00+00:00, run_after=2025-12-15 00:00:00+00:00
[2025-12-15T09:06:47.786+0000] {processor.py:183} INFO - Processing /home/airflow/.local/lib/python3.12/site-packages/airflow/example_dags/example_nested_branch_dag.py took 0.140 seconds
[2025-12-15T09:07:18.286+0000] {processor.py:161} INFO - Started process (PID=1662) to work on /home/airflow/.local/lib/python3.12/site-packages/airflow/example_dags/example_nested_branch_dag.py
[2025-12-15T09:07:18.288+0000] {processor.py:830} INFO - Processing file /home/airflow/.local/lib/python3.12/site-packages/airflow/example_dags/example_nested_branch_dag.py for tasks to queue
[2025-12-15T09:07:18.291+0000] {logging_mixin.py:188} INFO - [2025-12-15T09:07:18.291+0000] {dagbag.py:545} INFO - Filling up the DagBag from /home/airflow/.local/lib/python3.12/site-packages/airflow/example_dags/example_nested_branch_dag.py
[2025-12-15T09:07:18.310+0000] {processor.py:840} INFO - DAG(s) 'example_nested_branch_dag' retrieved from /home/airflow/.local/lib/python3.12/site-packages/airflow/example_dags/example_nested_branch_dag.py
[2025-12-15T09:07:18.350+0000] {logging_mixin.py:188} INFO - [2025-12-15T09:07:18.349+0000] {dag.py:3096} INFO - Sync 1 DAGs
[2025-12-15T09:07:18.390+0000] {logging_mixin.py:188} INFO - [2025-12-15T09:07:18.389+0000] {dag.py:3954} INFO - Setting next_dagrun for example_nested_branch_dag to 2025-12-14 00:00:00+00:00, run_after=2025-12-15 00:00:00+00:00
[2025-12-15T09:07:18.424+0000] {processor.py:183} INFO - Processing /home/airflow/.local/lib/python3.12/site-packages/airflow/example_dags/example_nested_branch_dag.py took 0.146 seconds
[2025-12-15T09:07:48.611+0000] {processor.py:161} INFO - Started process (PID=1923) to work on /home/airflow/.local/lib/python3.12/site-packages/airflow/example_dags/example_nested_branch_dag.py
[2025-12-15T09:07:48.613+0000] {processor.py:830} INFO - Processing file /home/airflow/.local/lib/python3.12/site-packages/airflow/example_dags/example_nested_branch_dag.py for tasks to queue
[2025-12-15T09:07:48.615+0000] {logging_mixin.py:188} INFO - [2025-12-15T09:07:48.615+0000] {dagbag.py:545} INFO - Filling up the DagBag from /home/airflow/.local/lib/python3.12/site-packages/airflow/example_dags/example_nested_branch_dag.py
[2025-12-15T09:07:48.630+0000] {processor.py:840} INFO - DAG(s) 'example_nested_branch_dag' retrieved from /home/airflow/.local/lib/python3.12/site-packages/airflow/example_dags/example_nested_branch_dag.py
[2025-12-15T09:07:48.666+0000] {logging_mixin.py:188} INFO - [2025-12-15T09:07:48.665+0000] {dag.py:3096} INFO - Sync 1 DAGs
[2025-12-15T09:07:48.706+0000] {logging_mixin.py:188} INFO - [2025-12-15T09:07:48.706+0000] {dag.py:3954} INFO - Setting next_dagrun for example_nested_branch_dag to 2025-12-14 00:00:00+00:00, run_after=2025-12-15 00:00:00+00:00
[2025-12-15T09:07:48.738+0000] {processor.py:183} INFO - Processing /home/airflow/.local/lib/python3.12/site-packages/airflow/example_dags/example_nested_branch_dag.py took 0.135 seconds
[2025-12-15T09:08:19.094+0000] {processor.py:161} INFO - Started process (PID=2184) to work on /home/airflow/.local/lib/python3.12/site-packages/airflow/example_dags/example_nested_branch_dag.py
[2025-12-15T09:08:19.096+0000] {processor.py:830} INFO - Processing file /home/airflow/.local/lib/python3.12/site-packages/airflow/example_dags/example_nested_branch_dag.py for tasks to queue
[2025-12-15T09:08:19.098+0000] {logging_mixin.py:188} INFO - [2025-12-15T09:08:19.098+0000] {dagbag.py:545} INFO - Filling up the DagBag from /home/airflow/.local/lib/python3.12/site-packages/airflow/example_dags/example_nested_branch_dag.py
[2025-12-15T09:08:19.114+0000] {processor.py:840} INFO - DAG(s) 'example_nested_branch_dag' retrieved from /home/airflow/.local/lib/python3.12/site-packages/airflow/example_dags/example_nested_branch_dag.py
[2025-12-15T09:08:19.149+0000] {logging_mixin.py:188} INFO - [2025-12-15T09:08:19.149+0000] {dag.py:3096} INFO - Sync 1 DAGs
[2025-12-15T09:08:19.188+0000] {logging_mixin.py:188} INFO - [2025-12-15T09:08:19.187+0000] {dag.py:3954} INFO - Setting next_dagrun for example_nested_branch_dag to 2025-12-14 00:00:00+00:00, run_after=2025-12-15 00:00:00+00:00
[2025-12-15T09:08:19.220+0000] {processor.py:183} INFO - Processing /home/airflow/.local/lib/python3.12/site-packages/airflow/example_dags/example_nested_branch_dag.py took 0.133 seconds
[2025-12-15T09:08:49.743+0000] {processor.py:161} INFO - Started process (PID=2445) to work on /home/airflow/.local/lib/python3.12/site-packages/airflow/example_dags/example_nested_branch_dag.py
[2025-12-15T09:08:49.745+0000] {processor.py:830} INFO - Processing file /home/airflow/.local/lib/python3.12/site-packages/airflow/example_dags/example_nested_branch_dag.py for tasks to queue
[2025-12-15T09:08:49.747+0000] {logging_mixin.py:188} INFO - [2025-12-15T09:08:49.747+0000] {dagbag.py:545} INFO - Filling up the DagBag from /home/airflow/.local/lib/python3.12/site-packages/airflow/example_dags/example_nested_branch_dag.py
[2025-12-15T09:08:49.761+0000] {processor.py:840} INFO - DAG(s) 'example_nested_branch_dag' retrieved from /home/airflow/.local/lib/python3.12/site-packages/airflow/example_dags/example_nested_branch_dag.py
[2025-12-15T09:08:49.795+0000] {logging_mixin.py:188} INFO - [2025-12-15T09:08:49.795+0000] {dag.py:3096} INFO - Sync 1 DAGs
[2025-12-15T09:08:49.830+0000] {logging_mixin.py:188} INFO - [2025-12-15T09:08:49.830+0000] {dag.py:3954} INFO - Setting next_dagrun for example_nested_branch_dag to 2025-12-14 00:00:00+00:00, run_after=2025-12-15 00:00:00+00:00
[2025-12-15T09:08:49.859+0000] {processor.py:183} INFO - Processing /home/airflow/.local/lib/python3.12/site-packages/airflow/example_dags/example_nested_branch_dag.py took 0.123 seconds
[2025-12-15T09:09:20.408+0000] {processor.py:161} INFO - Started process (PID=2706) to work on /home/airflow/.local/lib/python3.12/site-packages/airflow/example_dags/example_nested_branch_dag.py
[2025-12-15T09:09:20.409+0000] {processor.py:830} INFO - Processing file /home/airflow/.local/lib/python3.12/site-packages/airflow/example_dags/example_nested_branch_dag.py for tasks to queue
[2025-12-15T09:09:20.412+0000] {logging_mixin.py:188} INFO - [2025-12-15T09:09:20.411+0000] {dagbag.py:545} INFO - Filling up the DagBag from /home/airflow/.local/lib/python3.12/site-packages/airflow/example_dags/example_nested_branch_dag.py
[2025-12-15T09:09:20.425+0000] {processor.py:840} INFO - DAG(s) 'example_nested_branch_dag' retrieved from /home/airflow/.local/lib/python3.12/site-packages/airflow/example_dags/example_nested_branch_dag.py
[2025-12-15T09:09:20.464+0000] {logging_mixin.py:188} INFO - [2025-12-15T09:09:20.463+0000] {dag.py:3096} INFO - Sync 1 DAGs
[2025-12-15T09:09:20.497+0000] {logging_mixin.py:188} INFO - [2025-12-15T09:09:20.497+0000] {dag.py:3954} INFO - Setting next_dagrun for example_nested_branch_dag to 2025-12-14 00:00:00+00:00, run_after=2025-12-15 00:00:00+00:00
[2025-12-15T09:09:20.527+0000] {processor.py:183} INFO - Processing /home/airflow/.local/lib/python3.12/site-packages/airflow/example_dags/example_nested_branch_dag.py took 0.128 seconds
[2025-12-15T09:09:50.973+0000] {processor.py:161} INFO - Started process (PID=2967) to work on /home/airflow/.local/lib/python3.12/site-packages/airflow/example_dags/example_nested_branch_dag.py
[2025-12-15T09:09:50.974+0000] {processor.py:830} INFO - Processing file /home/airflow/.local/lib/python3.12/site-packages/airflow/example_dags/example_nested_branch_dag.py for tasks to queue
[2025-12-15T09:09:50.977+0000] {logging_mixin.py:188} INFO - [2025-12-15T09:09:50.977+0000] {dagbag.py:545} INFO - Filling up the DagBag from /home/airflow/.local/lib/python3.12/site-packages/airflow/example_dags/example_nested_branch_dag.py
[2025-12-15T09:09:50.993+0000] {processor.py:840} INFO - DAG(s) 'example_nested_branch_dag' retrieved from /home/airflow/.local/lib/python3.12/site-packages/airflow/example_dags/example_nested_branch_dag.py
[2025-12-15T09:09:51.030+0000] {logging_mixin.py:188} INFO - [2025-12-15T09:09:51.030+0000] {dag.py:3096} INFO - Sync 1 DAGs
[2025-12-15T09:09:51.066+0000] {logging_mixin.py:188} INFO - [2025-12-15T09:09:51.065+0000] {dag.py:3954} INFO - Setting next_dagrun for example_nested_branch_dag to 2025-12-14 00:00:00+00:00, run_after=2025-12-15 00:00:00+00:00
[2025-12-15T09:09:51.097+0000] {processor.py:183} INFO - Processing /home/airflow/.local/lib/python3.12/site-packages/airflow/example_dags/example_nested_branch_dag.py took 0.133 seconds
[2025-12-15T09:10:21.230+0000] {processor.py:161} INFO - Started process (PID=3226) to work on /home/airflow/.local/lib/python3.12/site-packages/airflow/example_dags/example_nested_branch_dag.py
[2025-12-15T09:10:21.231+0000] {processor.py:830} INFO - Processing file /home/airflow/.local/lib/python3.12/site-packages/airflow/example_dags/example_nested_branch_dag.py for tasks to queue
[2025-12-15T09:10:21.234+0000] {logging_mixin.py:188} INFO - [2025-12-15T09:10:21.234+0000] {dagbag.py:545} INFO - Filling up the DagBag from /home/airflow/.local/lib/python3.12/site-packages/airflow/example_dags/example_nested_branch_dag.py
[2025-12-15T09:10:21.250+0000] {processor.py:840} INFO - DAG(s) 'example_nested_branch_dag' retrieved from /home/airflow/.local/lib/python3.12/site-packages/airflow/example_dags/example_nested_branch_dag.py
[2025-12-15T09:10:21.291+0000] {logging_mixin.py:188} INFO - [2025-12-15T09:10:21.291+0000] {dag.py:3096} INFO - Sync 1 DAGs
[2025-12-15T09:10:21.332+0000] {logging_mixin.py:188} INFO - [2025-12-15T09:10:21.332+0000] {dag.py:3954} INFO - Setting next_dagrun for example_nested_branch_dag to 2025-12-14 00:00:00+00:00, run_after=2025-12-15 00:00:00+00:00
[2025-12-15T09:10:21.363+0000] {processor.py:183} INFO - Processing /home/airflow/.local/lib/python3.12/site-packages/airflow/example_dags/example_nested_branch_dag.py took 0.142 seconds
[2025-12-15T09:10:51.720+0000] {processor.py:161} INFO - Started process (PID=3489) to work on /home/airflow/.local/lib/python3.12/site-packages/airflow/example_dags/example_nested_branch_dag.py
[2025-12-15T09:10:51.722+0000] {processor.py:830} INFO - Processing file /home/airflow/.local/lib/python3.12/site-packages/airflow/example_dags/example_nested_branch_dag.py for tasks to queue
[2025-12-15T09:10:51.725+0000] {logging_mixin.py:188} INFO - [2025-12-15T09:10:51.724+0000] {dagbag.py:545} INFO - Filling up the DagBag from /home/airflow/.local/lib/python3.12/site-packages/airflow/example_dags/example_nested_branch_dag.py
[2025-12-15T09:10:51.740+0000] {processor.py:840} INFO - DAG(s) 'example_nested_branch_dag' retrieved from /home/airflow/.local/lib/python3.12/site-packages/airflow/example_dags/example_nested_branch_dag.py
[2025-12-15T09:10:51.779+0000] {logging_mixin.py:188} INFO - [2025-12-15T09:10:51.779+0000] {dag.py:3096} INFO - Sync 1 DAGs
[2025-12-15T09:10:51.817+0000] {logging_mixin.py:188} INFO - [2025-12-15T09:10:51.817+0000] {dag.py:3954} INFO - Setting next_dagrun for example_nested_branch_dag to 2025-12-14 00:00:00+00:00, run_after=2025-12-15 00:00:00+00:00
[2025-12-15T09:10:51.847+0000] {processor.py:183} INFO - Processing /home/airflow/.local/lib/python3.12/site-packages/airflow/example_dags/example_nested_branch_dag.py took 0.135 seconds
[2025-12-15T09:11:22.038+0000] {processor.py:161} INFO - Started process (PID=3750) to work on /home/airflow/.local/lib/python3.12/site-packages/airflow/example_dags/example_nested_branch_dag.py
[2025-12-15T09:11:22.039+0000] {processor.py:830} INFO - Processing file /home/airflow/.local/lib/python3.12/site-packages/airflow/example_dags/example_nested_branch_dag.py for tasks to queue
[2025-12-15T09:11:22.042+0000] {logging_mixin.py:188} INFO - [2025-12-15T09:11:22.042+0000] {dagbag.py:545} INFO - Filling up the DagBag from /home/airflow/.local/lib/python3.12/site-packages/airflow/example_dags/example_nested_branch_dag.py
[2025-12-15T09:11:22.057+0000] {processor.py:840} INFO - DAG(s) 'example_nested_branch_dag' retrieved from /home/airflow/.local/lib/python3.12/site-packages/airflow/example_dags/example_nested_branch_dag.py
[2025-12-15T09:11:22.095+0000] {logging_mixin.py:188} INFO - [2025-12-15T09:11:22.095+0000] {dag.py:3096} INFO - Sync 1 DAGs
[2025-12-15T09:11:22.132+0000] {logging_mixin.py:188} INFO - [2025-12-15T09:11:22.131+0000] {dag.py:3954} INFO - Setting next_dagrun for example_nested_branch_dag to 2025-12-14 00:00:00+00:00, run_after=2025-12-15 00:00:00+00:00
[2025-12-15T09:11:22.167+0000] {processor.py:183} INFO - Processing /home/airflow/.local/lib/python3.12/site-packages/airflow/example_dags/example_nested_branch_dag.py took 0.138 seconds
[2025-12-15T09:11:52.384+0000] {processor.py:161} INFO - Started process (PID=4011) to work on /home/airflow/.local/lib/python3.12/site-packages/airflow/example_dags/example_nested_branch_dag.py
[2025-12-15T09:11:52.385+0000] {processor.py:830} INFO - Processing file /home/airflow/.local/lib/python3.12/site-packages/airflow/example_dags/example_nested_branch_dag.py for tasks to queue
[2025-12-15T09:11:52.388+0000] {logging_mixin.py:188} INFO - [2025-12-15T09:11:52.387+0000] {dagbag.py:545} INFO - Filling up the DagBag from /home/airflow/.local/lib/python3.12/site-packages/airflow/example_dags/example_nested_branch_dag.py
[2025-12-15T09:11:52.403+0000] {processor.py:840} INFO - DAG(s) 'example_nested_branch_dag' retrieved from /home/airflow/.local/lib/python3.12/site-packages/airflow/example_dags/example_nested_branch_dag.py
[2025-12-15T09:11:52.442+0000] {logging_mixin.py:188} INFO - [2025-12-15T09:11:52.441+0000] {dag.py:3096} INFO - Sync 1 DAGs
[2025-12-15T09:11:52.476+0000] {logging_mixin.py:188} INFO - [2025-12-15T09:11:52.476+0000] {dag.py:3954} INFO - Setting next_dagrun for example_nested_branch_dag to 2025-12-14 00:00:00+00:00, run_after=2025-12-15 00:00:00+00:00
[2025-12-15T09:11:52.510+0000] {processor.py:183} INFO - Processing /home/airflow/.local/lib/python3.12/site-packages/airflow/example_dags/example_nested_branch_dag.py took 0.134 seconds
[2025-12-15T09:12:22.955+0000] {processor.py:161} INFO - Started process (PID=4272) to work on /home/airflow/.local/lib/python3.12/site-packages/airflow/example_dags/example_nested_branch_dag.py
[2025-12-15T09:12:22.957+0000] {processor.py:830} INFO - Processing file /home/airflow/.local/lib/python3.12/site-packages/airflow/example_dags/example_nested_branch_dag.py for tasks to queue
[2025-12-15T09:12:22.960+0000] {logging_mixin.py:188} INFO - [2025-12-15T09:12:22.959+0000] {dagbag.py:545} INFO - Filling up the DagBag from /home/airflow/.local/lib/python3.12/site-packages/airflow/example_dags/example_nested_branch_dag.py
[2025-12-15T09:12:22.973+0000] {processor.py:840} INFO - DAG(s) 'example_nested_branch_dag' retrieved from /home/airflow/.local/lib/python3.12/site-packages/airflow/example_dags/example_nested_branch_dag.py
[2025-12-15T09:12:23.007+0000] {logging_mixin.py:188} INFO - [2025-12-15T09:12:23.007+0000] {dag.py:3096} INFO - Sync 1 DAGs
[2025-12-15T09:12:23.040+0000] {logging_mixin.py:188} INFO - [2025-12-15T09:12:23.040+0000] {dag.py:3954} INFO - Setting next_dagrun for example_nested_branch_dag to 2025-12-14 00:00:00+00:00, run_after=2025-12-15 00:00:00+00:00
[2025-12-15T09:12:23.068+0000] {processor.py:183} INFO - Processing /home/airflow/.local/lib/python3.12/site-packages/airflow/example_dags/example_nested_branch_dag.py took 0.121 seconds
