[2025-12-15T09:04:38.903+0000] {processor.py:161} INFO - Started process (PID=182) to work on /home/airflow/.local/lib/python3.12/site-packages/airflow/example_dags/example_params_trigger_ui.py
[2025-12-15T09:04:38.904+0000] {processor.py:830} INFO - Processing file /home/airflow/.local/lib/python3.12/site-packages/airflow/example_dags/example_params_trigger_ui.py for tasks to queue
[2025-12-15T09:04:38.906+0000] {logging_mixin.py:188} INFO - [2025-12-15T09:04:38.906+0000] {dagbag.py:545} INFO - Filling up the DagBag from /home/airflow/.local/lib/python3.12/site-packages/airflow/example_dags/example_params_trigger_ui.py
[2025-12-15T09:04:38.931+0000] {processor.py:840} INFO - DAG(s) 'example_params_trigger_ui' retrieved from /home/airflow/.local/lib/python3.12/site-packages/airflow/example_dags/example_params_trigger_ui.py
[2025-12-15T09:04:39.119+0000] {logging_mixin.py:188} INFO - [2025-12-15T09:04:39.118+0000] {override.py:1829} INFO - Created Permission View: can edit on DAG:example_params_trigger_ui
[2025-12-15T09:04:39.131+0000] {logging_mixin.py:188} INFO - [2025-12-15T09:04:39.131+0000] {override.py:1829} INFO - Created Permission View: can delete on DAG:example_params_trigger_ui
[2025-12-15T09:04:39.140+0000] {logging_mixin.py:188} INFO - [2025-12-15T09:04:39.139+0000] {override.py:1829} INFO - Created Permission View: can read on DAG:example_params_trigger_ui
[2025-12-15T09:04:39.141+0000] {logging_mixin.py:188} INFO - [2025-12-15T09:04:39.140+0000] {dag.py:3096} INFO - Sync 1 DAGs
[2025-12-15T09:04:39.154+0000] {logging_mixin.py:188} INFO - [2025-12-15T09:04:39.153+0000] {dag.py:3118} INFO - Creating ORM DAG for example_params_trigger_ui
[2025-12-15T09:04:39.155+0000] {logging_mixin.py:188} INFO - [2025-12-15T09:04:39.154+0000] {dag.py:3954} INFO - Setting next_dagrun for example_params_trigger_ui to None, run_after=None
[2025-12-15T09:04:39.176+0000] {processor.py:183} INFO - Processing /home/airflow/.local/lib/python3.12/site-packages/airflow/example_dags/example_params_trigger_ui.py took 0.280 seconds
[2025-12-15T09:05:09.446+0000] {processor.py:161} INFO - Started process (PID=441) to work on /home/airflow/.local/lib/python3.12/site-packages/airflow/example_dags/example_params_trigger_ui.py
[2025-12-15T09:05:09.448+0000] {processor.py:830} INFO - Processing file /home/airflow/.local/lib/python3.12/site-packages/airflow/example_dags/example_params_trigger_ui.py for tasks to queue
[2025-12-15T09:05:09.451+0000] {logging_mixin.py:188} INFO - [2025-12-15T09:05:09.450+0000] {dagbag.py:545} INFO - Filling up the DagBag from /home/airflow/.local/lib/python3.12/site-packages/airflow/example_dags/example_params_trigger_ui.py
[2025-12-15T09:05:09.471+0000] {processor.py:840} INFO - DAG(s) 'example_params_trigger_ui' retrieved from /home/airflow/.local/lib/python3.12/site-packages/airflow/example_dags/example_params_trigger_ui.py
[2025-12-15T09:05:09.580+0000] {logging_mixin.py:188} INFO - [2025-12-15T09:05:09.579+0000] {dag.py:3096} INFO - Sync 1 DAGs
[2025-12-15T09:05:09.607+0000] {logging_mixin.py:188} INFO - [2025-12-15T09:05:09.606+0000] {dag.py:3954} INFO - Setting next_dagrun for example_params_trigger_ui to None, run_after=None
[2025-12-15T09:05:09.640+0000] {processor.py:183} INFO - Processing /home/airflow/.local/lib/python3.12/site-packages/airflow/example_dags/example_params_trigger_ui.py took 0.203 seconds
[2025-12-15T09:05:40.300+0000] {processor.py:161} INFO - Started process (PID=702) to work on /home/airflow/.local/lib/python3.12/site-packages/airflow/example_dags/example_params_trigger_ui.py
[2025-12-15T09:05:40.302+0000] {processor.py:830} INFO - Processing file /home/airflow/.local/lib/python3.12/site-packages/airflow/example_dags/example_params_trigger_ui.py for tasks to queue
[2025-12-15T09:05:40.306+0000] {logging_mixin.py:188} INFO - [2025-12-15T09:05:40.305+0000] {dagbag.py:545} INFO - Filling up the DagBag from /home/airflow/.local/lib/python3.12/site-packages/airflow/example_dags/example_params_trigger_ui.py
[2025-12-15T09:05:40.333+0000] {processor.py:840} INFO - DAG(s) 'example_params_trigger_ui' retrieved from /home/airflow/.local/lib/python3.12/site-packages/airflow/example_dags/example_params_trigger_ui.py
[2025-12-15T09:05:40.417+0000] {logging_mixin.py:188} INFO - [2025-12-15T09:05:40.417+0000] {dag.py:3096} INFO - Sync 1 DAGs
[2025-12-15T09:05:40.436+0000] {logging_mixin.py:188} INFO - [2025-12-15T09:05:40.436+0000] {dag.py:3954} INFO - Setting next_dagrun for example_params_trigger_ui to None, run_after=None
[2025-12-15T09:05:40.473+0000] {processor.py:183} INFO - Processing /home/airflow/.local/lib/python3.12/site-packages/airflow/example_dags/example_params_trigger_ui.py took 0.184 seconds
[2025-12-15T09:06:10.801+0000] {processor.py:161} INFO - Started process (PID=965) to work on /home/airflow/.local/lib/python3.12/site-packages/airflow/example_dags/example_params_trigger_ui.py
[2025-12-15T09:06:10.803+0000] {processor.py:830} INFO - Processing file /home/airflow/.local/lib/python3.12/site-packages/airflow/example_dags/example_params_trigger_ui.py for tasks to queue
[2025-12-15T09:06:10.805+0000] {logging_mixin.py:188} INFO - [2025-12-15T09:06:10.805+0000] {dagbag.py:545} INFO - Filling up the DagBag from /home/airflow/.local/lib/python3.12/site-packages/airflow/example_dags/example_params_trigger_ui.py
[2025-12-15T09:06:10.826+0000] {processor.py:840} INFO - DAG(s) 'example_params_trigger_ui' retrieved from /home/airflow/.local/lib/python3.12/site-packages/airflow/example_dags/example_params_trigger_ui.py
[2025-12-15T09:06:10.908+0000] {logging_mixin.py:188} INFO - [2025-12-15T09:06:10.907+0000] {dag.py:3096} INFO - Sync 1 DAGs
[2025-12-15T09:06:10.927+0000] {logging_mixin.py:188} INFO - [2025-12-15T09:06:10.927+0000] {dag.py:3954} INFO - Setting next_dagrun for example_params_trigger_ui to None, run_after=None
[2025-12-15T09:06:10.960+0000] {processor.py:183} INFO - Processing /home/airflow/.local/lib/python3.12/site-packages/airflow/example_dags/example_params_trigger_ui.py took 0.167 seconds
[2025-12-15T09:06:41.089+0000] {processor.py:161} INFO - Started process (PID=1226) to work on /home/airflow/.local/lib/python3.12/site-packages/airflow/example_dags/example_params_trigger_ui.py
[2025-12-15T09:06:41.091+0000] {processor.py:830} INFO - Processing file /home/airflow/.local/lib/python3.12/site-packages/airflow/example_dags/example_params_trigger_ui.py for tasks to queue
[2025-12-15T09:06:41.094+0000] {logging_mixin.py:188} INFO - [2025-12-15T09:06:41.093+0000] {dagbag.py:545} INFO - Filling up the DagBag from /home/airflow/.local/lib/python3.12/site-packages/airflow/example_dags/example_params_trigger_ui.py
[2025-12-15T09:06:41.114+0000] {processor.py:840} INFO - DAG(s) 'example_params_trigger_ui' retrieved from /home/airflow/.local/lib/python3.12/site-packages/airflow/example_dags/example_params_trigger_ui.py
[2025-12-15T09:06:41.191+0000] {logging_mixin.py:188} INFO - [2025-12-15T09:06:41.190+0000] {dag.py:3096} INFO - Sync 1 DAGs
[2025-12-15T09:06:41.212+0000] {logging_mixin.py:188} INFO - [2025-12-15T09:06:41.212+0000] {dag.py:3954} INFO - Setting next_dagrun for example_params_trigger_ui to None, run_after=None
[2025-12-15T09:06:41.243+0000] {processor.py:183} INFO - Processing /home/airflow/.local/lib/python3.12/site-packages/airflow/example_dags/example_params_trigger_ui.py took 0.163 seconds
[2025-12-15T09:07:11.429+0000] {processor.py:161} INFO - Started process (PID=1485) to work on /home/airflow/.local/lib/python3.12/site-packages/airflow/example_dags/example_params_trigger_ui.py
[2025-12-15T09:07:11.431+0000] {processor.py:830} INFO - Processing file /home/airflow/.local/lib/python3.12/site-packages/airflow/example_dags/example_params_trigger_ui.py for tasks to queue
[2025-12-15T09:07:11.433+0000] {logging_mixin.py:188} INFO - [2025-12-15T09:07:11.433+0000] {dagbag.py:545} INFO - Filling up the DagBag from /home/airflow/.local/lib/python3.12/site-packages/airflow/example_dags/example_params_trigger_ui.py
[2025-12-15T09:07:11.459+0000] {processor.py:840} INFO - DAG(s) 'example_params_trigger_ui' retrieved from /home/airflow/.local/lib/python3.12/site-packages/airflow/example_dags/example_params_trigger_ui.py
[2025-12-15T09:07:11.544+0000] {logging_mixin.py:188} INFO - [2025-12-15T09:07:11.543+0000] {dag.py:3096} INFO - Sync 1 DAGs
[2025-12-15T09:07:11.564+0000] {logging_mixin.py:188} INFO - [2025-12-15T09:07:11.563+0000] {dag.py:3954} INFO - Setting next_dagrun for example_params_trigger_ui to None, run_after=None
[2025-12-15T09:07:11.595+0000] {processor.py:183} INFO - Processing /home/airflow/.local/lib/python3.12/site-packages/airflow/example_dags/example_params_trigger_ui.py took 0.176 seconds
[2025-12-15T09:07:41.814+0000] {processor.py:161} INFO - Started process (PID=1748) to work on /home/airflow/.local/lib/python3.12/site-packages/airflow/example_dags/example_params_trigger_ui.py
[2025-12-15T09:07:41.815+0000] {processor.py:830} INFO - Processing file /home/airflow/.local/lib/python3.12/site-packages/airflow/example_dags/example_params_trigger_ui.py for tasks to queue
[2025-12-15T09:07:41.819+0000] {logging_mixin.py:188} INFO - [2025-12-15T09:07:41.818+0000] {dagbag.py:545} INFO - Filling up the DagBag from /home/airflow/.local/lib/python3.12/site-packages/airflow/example_dags/example_params_trigger_ui.py
[2025-12-15T09:07:41.843+0000] {processor.py:840} INFO - DAG(s) 'example_params_trigger_ui' retrieved from /home/airflow/.local/lib/python3.12/site-packages/airflow/example_dags/example_params_trigger_ui.py
[2025-12-15T09:07:41.925+0000] {logging_mixin.py:188} INFO - [2025-12-15T09:07:41.924+0000] {dag.py:3096} INFO - Sync 1 DAGs
[2025-12-15T09:07:41.944+0000] {logging_mixin.py:188} INFO - [2025-12-15T09:07:41.943+0000] {dag.py:3954} INFO - Setting next_dagrun for example_params_trigger_ui to None, run_after=None
[2025-12-15T09:07:41.971+0000] {processor.py:183} INFO - Processing /home/airflow/.local/lib/python3.12/site-packages/airflow/example_dags/example_params_trigger_ui.py took 0.164 seconds
[2025-12-15T09:08:12.648+0000] {processor.py:161} INFO - Started process (PID=2007) to work on /home/airflow/.local/lib/python3.12/site-packages/airflow/example_dags/example_params_trigger_ui.py
[2025-12-15T09:08:12.650+0000] {processor.py:830} INFO - Processing file /home/airflow/.local/lib/python3.12/site-packages/airflow/example_dags/example_params_trigger_ui.py for tasks to queue
[2025-12-15T09:08:12.653+0000] {logging_mixin.py:188} INFO - [2025-12-15T09:08:12.653+0000] {dagbag.py:545} INFO - Filling up the DagBag from /home/airflow/.local/lib/python3.12/site-packages/airflow/example_dags/example_params_trigger_ui.py
[2025-12-15T09:08:12.676+0000] {processor.py:840} INFO - DAG(s) 'example_params_trigger_ui' retrieved from /home/airflow/.local/lib/python3.12/site-packages/airflow/example_dags/example_params_trigger_ui.py
[2025-12-15T09:08:12.765+0000] {logging_mixin.py:188} INFO - [2025-12-15T09:08:12.765+0000] {dag.py:3096} INFO - Sync 1 DAGs
[2025-12-15T09:08:12.783+0000] {logging_mixin.py:188} INFO - [2025-12-15T09:08:12.782+0000] {dag.py:3954} INFO - Setting next_dagrun for example_params_trigger_ui to None, run_after=None
[2025-12-15T09:08:12.812+0000] {processor.py:183} INFO - Processing /home/airflow/.local/lib/python3.12/site-packages/airflow/example_dags/example_params_trigger_ui.py took 0.173 seconds
[2025-12-15T09:08:43.070+0000] {processor.py:161} INFO - Started process (PID=2268) to work on /home/airflow/.local/lib/python3.12/site-packages/airflow/example_dags/example_params_trigger_ui.py
[2025-12-15T09:08:43.071+0000] {processor.py:830} INFO - Processing file /home/airflow/.local/lib/python3.12/site-packages/airflow/example_dags/example_params_trigger_ui.py for tasks to queue
[2025-12-15T09:08:43.075+0000] {logging_mixin.py:188} INFO - [2025-12-15T09:08:43.074+0000] {dagbag.py:545} INFO - Filling up the DagBag from /home/airflow/.local/lib/python3.12/site-packages/airflow/example_dags/example_params_trigger_ui.py
[2025-12-15T09:08:43.098+0000] {processor.py:840} INFO - DAG(s) 'example_params_trigger_ui' retrieved from /home/airflow/.local/lib/python3.12/site-packages/airflow/example_dags/example_params_trigger_ui.py
[2025-12-15T09:08:43.176+0000] {logging_mixin.py:188} INFO - [2025-12-15T09:08:43.175+0000] {dag.py:3096} INFO - Sync 1 DAGs
[2025-12-15T09:08:43.197+0000] {logging_mixin.py:188} INFO - [2025-12-15T09:08:43.196+0000] {dag.py:3954} INFO - Setting next_dagrun for example_params_trigger_ui to None, run_after=None
[2025-12-15T09:08:43.228+0000] {processor.py:183} INFO - Processing /home/airflow/.local/lib/python3.12/site-packages/airflow/example_dags/example_params_trigger_ui.py took 0.167 seconds
[2025-12-15T09:09:13.612+0000] {processor.py:161} INFO - Started process (PID=2529) to work on /home/airflow/.local/lib/python3.12/site-packages/airflow/example_dags/example_params_trigger_ui.py
[2025-12-15T09:09:13.614+0000] {processor.py:830} INFO - Processing file /home/airflow/.local/lib/python3.12/site-packages/airflow/example_dags/example_params_trigger_ui.py for tasks to queue
[2025-12-15T09:09:13.617+0000] {logging_mixin.py:188} INFO - [2025-12-15T09:09:13.616+0000] {dagbag.py:545} INFO - Filling up the DagBag from /home/airflow/.local/lib/python3.12/site-packages/airflow/example_dags/example_params_trigger_ui.py
[2025-12-15T09:09:13.642+0000] {processor.py:840} INFO - DAG(s) 'example_params_trigger_ui' retrieved from /home/airflow/.local/lib/python3.12/site-packages/airflow/example_dags/example_params_trigger_ui.py
[2025-12-15T09:09:13.721+0000] {logging_mixin.py:188} INFO - [2025-12-15T09:09:13.721+0000] {dag.py:3096} INFO - Sync 1 DAGs
[2025-12-15T09:09:13.743+0000] {logging_mixin.py:188} INFO - [2025-12-15T09:09:13.742+0000] {dag.py:3954} INFO - Setting next_dagrun for example_params_trigger_ui to None, run_after=None
[2025-12-15T09:09:13.775+0000] {processor.py:183} INFO - Processing /home/airflow/.local/lib/python3.12/site-packages/airflow/example_dags/example_params_trigger_ui.py took 0.171 seconds
[2025-12-15T09:09:44.046+0000] {processor.py:161} INFO - Started process (PID=2790) to work on /home/airflow/.local/lib/python3.12/site-packages/airflow/example_dags/example_params_trigger_ui.py
[2025-12-15T09:09:44.047+0000] {processor.py:830} INFO - Processing file /home/airflow/.local/lib/python3.12/site-packages/airflow/example_dags/example_params_trigger_ui.py for tasks to queue
[2025-12-15T09:09:44.050+0000] {logging_mixin.py:188} INFO - [2025-12-15T09:09:44.050+0000] {dagbag.py:545} INFO - Filling up the DagBag from /home/airflow/.local/lib/python3.12/site-packages/airflow/example_dags/example_params_trigger_ui.py
[2025-12-15T09:09:44.074+0000] {processor.py:840} INFO - DAG(s) 'example_params_trigger_ui' retrieved from /home/airflow/.local/lib/python3.12/site-packages/airflow/example_dags/example_params_trigger_ui.py
[2025-12-15T09:09:44.158+0000] {logging_mixin.py:188} INFO - [2025-12-15T09:09:44.157+0000] {dag.py:3096} INFO - Sync 1 DAGs
[2025-12-15T09:09:44.176+0000] {logging_mixin.py:188} INFO - [2025-12-15T09:09:44.176+0000] {dag.py:3954} INFO - Setting next_dagrun for example_params_trigger_ui to None, run_after=None
[2025-12-15T09:09:44.212+0000] {processor.py:183} INFO - Processing /home/airflow/.local/lib/python3.12/site-packages/airflow/example_dags/example_params_trigger_ui.py took 0.176 seconds
[2025-12-15T09:10:14.512+0000] {processor.py:161} INFO - Started process (PID=3051) to work on /home/airflow/.local/lib/python3.12/site-packages/airflow/example_dags/example_params_trigger_ui.py
[2025-12-15T09:10:14.514+0000] {processor.py:830} INFO - Processing file /home/airflow/.local/lib/python3.12/site-packages/airflow/example_dags/example_params_trigger_ui.py for tasks to queue
[2025-12-15T09:10:14.516+0000] {logging_mixin.py:188} INFO - [2025-12-15T09:10:14.516+0000] {dagbag.py:545} INFO - Filling up the DagBag from /home/airflow/.local/lib/python3.12/site-packages/airflow/example_dags/example_params_trigger_ui.py
[2025-12-15T09:10:14.541+0000] {processor.py:840} INFO - DAG(s) 'example_params_trigger_ui' retrieved from /home/airflow/.local/lib/python3.12/site-packages/airflow/example_dags/example_params_trigger_ui.py
[2025-12-15T09:10:14.621+0000] {logging_mixin.py:188} INFO - [2025-12-15T09:10:14.620+0000] {dag.py:3096} INFO - Sync 1 DAGs
[2025-12-15T09:10:14.641+0000] {logging_mixin.py:188} INFO - [2025-12-15T09:10:14.640+0000] {dag.py:3954} INFO - Setting next_dagrun for example_params_trigger_ui to None, run_after=None
[2025-12-15T09:10:14.670+0000] {processor.py:183} INFO - Processing /home/airflow/.local/lib/python3.12/site-packages/airflow/example_dags/example_params_trigger_ui.py took 0.168 seconds
[2025-12-15T09:10:44.903+0000] {processor.py:161} INFO - Started process (PID=3312) to work on /home/airflow/.local/lib/python3.12/site-packages/airflow/example_dags/example_params_trigger_ui.py
[2025-12-15T09:10:44.904+0000] {processor.py:830} INFO - Processing file /home/airflow/.local/lib/python3.12/site-packages/airflow/example_dags/example_params_trigger_ui.py for tasks to queue
[2025-12-15T09:10:44.907+0000] {logging_mixin.py:188} INFO - [2025-12-15T09:10:44.907+0000] {dagbag.py:545} INFO - Filling up the DagBag from /home/airflow/.local/lib/python3.12/site-packages/airflow/example_dags/example_params_trigger_ui.py
[2025-12-15T09:10:44.936+0000] {processor.py:840} INFO - DAG(s) 'example_params_trigger_ui' retrieved from /home/airflow/.local/lib/python3.12/site-packages/airflow/example_dags/example_params_trigger_ui.py
[2025-12-15T09:10:45.019+0000] {logging_mixin.py:188} INFO - [2025-12-15T09:10:45.018+0000] {dag.py:3096} INFO - Sync 1 DAGs
[2025-12-15T09:10:45.042+0000] {logging_mixin.py:188} INFO - [2025-12-15T09:10:45.041+0000] {dag.py:3954} INFO - Setting next_dagrun for example_params_trigger_ui to None, run_after=None
[2025-12-15T09:10:45.072+0000] {processor.py:183} INFO - Processing /home/airflow/.local/lib/python3.12/site-packages/airflow/example_dags/example_params_trigger_ui.py took 0.180 seconds
[2025-12-15T09:11:15.355+0000] {processor.py:161} INFO - Started process (PID=3575) to work on /home/airflow/.local/lib/python3.12/site-packages/airflow/example_dags/example_params_trigger_ui.py
[2025-12-15T09:11:15.356+0000] {processor.py:830} INFO - Processing file /home/airflow/.local/lib/python3.12/site-packages/airflow/example_dags/example_params_trigger_ui.py for tasks to queue
[2025-12-15T09:11:15.359+0000] {logging_mixin.py:188} INFO - [2025-12-15T09:11:15.359+0000] {dagbag.py:545} INFO - Filling up the DagBag from /home/airflow/.local/lib/python3.12/site-packages/airflow/example_dags/example_params_trigger_ui.py
[2025-12-15T09:11:15.384+0000] {processor.py:840} INFO - DAG(s) 'example_params_trigger_ui' retrieved from /home/airflow/.local/lib/python3.12/site-packages/airflow/example_dags/example_params_trigger_ui.py
[2025-12-15T09:11:15.462+0000] {logging_mixin.py:188} INFO - [2025-12-15T09:11:15.462+0000] {dag.py:3096} INFO - Sync 1 DAGs
[2025-12-15T09:11:15.483+0000] {logging_mixin.py:188} INFO - [2025-12-15T09:11:15.483+0000] {dag.py:3954} INFO - Setting next_dagrun for example_params_trigger_ui to None, run_after=None
[2025-12-15T09:11:15.511+0000] {processor.py:183} INFO - Processing /home/airflow/.local/lib/python3.12/site-packages/airflow/example_dags/example_params_trigger_ui.py took 0.167 seconds
[2025-12-15T09:11:45.721+0000] {processor.py:161} INFO - Started process (PID=3834) to work on /home/airflow/.local/lib/python3.12/site-packages/airflow/example_dags/example_params_trigger_ui.py
[2025-12-15T09:11:45.723+0000] {processor.py:830} INFO - Processing file /home/airflow/.local/lib/python3.12/site-packages/airflow/example_dags/example_params_trigger_ui.py for tasks to queue
[2025-12-15T09:11:45.726+0000] {logging_mixin.py:188} INFO - [2025-12-15T09:11:45.726+0000] {dagbag.py:545} INFO - Filling up the DagBag from /home/airflow/.local/lib/python3.12/site-packages/airflow/example_dags/example_params_trigger_ui.py
[2025-12-15T09:11:45.751+0000] {processor.py:840} INFO - DAG(s) 'example_params_trigger_ui' retrieved from /home/airflow/.local/lib/python3.12/site-packages/airflow/example_dags/example_params_trigger_ui.py
[2025-12-15T09:11:45.840+0000] {logging_mixin.py:188} INFO - [2025-12-15T09:11:45.839+0000] {dag.py:3096} INFO - Sync 1 DAGs
[2025-12-15T09:11:45.859+0000] {logging_mixin.py:188} INFO - [2025-12-15T09:11:45.858+0000] {dag.py:3954} INFO - Setting next_dagrun for example_params_trigger_ui to None, run_after=None
[2025-12-15T09:11:45.888+0000] {processor.py:183} INFO - Processing /home/airflow/.local/lib/python3.12/site-packages/airflow/example_dags/example_params_trigger_ui.py took 0.177 seconds
[2025-12-15T09:12:16.013+0000] {processor.py:161} INFO - Started process (PID=4095) to work on /home/airflow/.local/lib/python3.12/site-packages/airflow/example_dags/example_params_trigger_ui.py
[2025-12-15T09:12:16.014+0000] {processor.py:830} INFO - Processing file /home/airflow/.local/lib/python3.12/site-packages/airflow/example_dags/example_params_trigger_ui.py for tasks to queue
[2025-12-15T09:12:16.017+0000] {logging_mixin.py:188} INFO - [2025-12-15T09:12:16.017+0000] {dagbag.py:545} INFO - Filling up the DagBag from /home/airflow/.local/lib/python3.12/site-packages/airflow/example_dags/example_params_trigger_ui.py
[2025-12-15T09:12:16.040+0000] {processor.py:840} INFO - DAG(s) 'example_params_trigger_ui' retrieved from /home/airflow/.local/lib/python3.12/site-packages/airflow/example_dags/example_params_trigger_ui.py
[2025-12-15T09:12:16.139+0000] {logging_mixin.py:188} INFO - [2025-12-15T09:12:16.138+0000] {dag.py:3096} INFO - Sync 1 DAGs
[2025-12-15T09:12:16.160+0000] {logging_mixin.py:188} INFO - [2025-12-15T09:12:16.159+0000] {dag.py:3954} INFO - Setting next_dagrun for example_params_trigger_ui to None, run_after=None
[2025-12-15T09:12:16.190+0000] {processor.py:183} INFO - Processing /home/airflow/.local/lib/python3.12/site-packages/airflow/example_dags/example_params_trigger_ui.py took 0.187 seconds
