[2025-12-15T09:04:42.635+0000] {processor.py:161} INFO - Started process (PID=280) to work on /home/airflow/.local/lib/python3.12/site-packages/airflow/example_dags/example_datasets.py
[2025-12-15T09:04:42.636+0000] {processor.py:830} INFO - Processing file /home/airflow/.local/lib/python3.12/site-packages/airflow/example_dags/example_datasets.py for tasks to queue
[2025-12-15T09:04:42.639+0000] {logging_mixin.py:188} INFO - [2025-12-15T09:04:42.638+0000] {dagbag.py:545} INFO - Filling up the DagBag from /home/airflow/.local/lib/python3.12/site-packages/airflow/example_dags/example_datasets.py
[2025-12-15T09:04:42.666+0000] {processor.py:840} INFO - DAG(s) 'dataset_consumes_1_never_scheduled', 'consume_1_or_2_with_dataset_expressions', 'dataset_consumes_unknown_never_scheduled', 'conditional_dataset_and_time_based_timetable', 'dataset_produces_1', 'dataset_consumes_1_and_2', 'consume_1_or_both_2_and_3_with_dataset_expressions', 'dataset_consumes_1', 'dataset_produces_2', 'consume_1_and_2_with_dataset_expressions' retrieved from /home/airflow/.local/lib/python3.12/site-packages/airflow/example_dags/example_datasets.py
[2025-12-15T09:04:42.842+0000] {logging_mixin.py:188} INFO - [2025-12-15T09:04:42.842+0000] {override.py:1829} INFO - Created Permission View: can edit on DAG:dataset_consumes_1_never_scheduled
[2025-12-15T09:04:42.857+0000] {logging_mixin.py:188} INFO - [2025-12-15T09:04:42.856+0000] {override.py:1829} INFO - Created Permission View: can delete on DAG:dataset_consumes_1_never_scheduled
[2025-12-15T09:04:42.865+0000] {logging_mixin.py:188} INFO - [2025-12-15T09:04:42.864+0000] {override.py:1829} INFO - Created Permission View: can read on DAG:dataset_consumes_1_never_scheduled
[2025-12-15T09:04:42.880+0000] {logging_mixin.py:188} INFO - [2025-12-15T09:04:42.879+0000] {override.py:1829} INFO - Created Permission View: can edit on DAG:consume_1_or_2_with_dataset_expressions
[2025-12-15T09:04:42.889+0000] {logging_mixin.py:188} INFO - [2025-12-15T09:04:42.889+0000] {override.py:1829} INFO - Created Permission View: can delete on DAG:consume_1_or_2_with_dataset_expressions
[2025-12-15T09:04:42.900+0000] {logging_mixin.py:188} INFO - [2025-12-15T09:04:42.899+0000] {override.py:1829} INFO - Created Permission View: can read on DAG:consume_1_or_2_with_dataset_expressions
[2025-12-15T09:04:42.917+0000] {logging_mixin.py:188} INFO - [2025-12-15T09:04:42.917+0000] {override.py:1829} INFO - Created Permission View: can edit on DAG:dataset_consumes_unknown_never_scheduled
[2025-12-15T09:04:42.927+0000] {logging_mixin.py:188} INFO - [2025-12-15T09:04:42.926+0000] {override.py:1829} INFO - Created Permission View: can delete on DAG:dataset_consumes_unknown_never_scheduled
[2025-12-15T09:04:42.935+0000] {logging_mixin.py:188} INFO - [2025-12-15T09:04:42.934+0000] {override.py:1829} INFO - Created Permission View: can read on DAG:dataset_consumes_unknown_never_scheduled
[2025-12-15T09:04:42.950+0000] {logging_mixin.py:188} INFO - [2025-12-15T09:04:42.949+0000] {override.py:1829} INFO - Created Permission View: can edit on DAG:conditional_dataset_and_time_based_timetable
[2025-12-15T09:04:42.958+0000] {logging_mixin.py:188} INFO - [2025-12-15T09:04:42.958+0000] {override.py:1829} INFO - Created Permission View: can delete on DAG:conditional_dataset_and_time_based_timetable
[2025-12-15T09:04:42.967+0000] {logging_mixin.py:188} INFO - [2025-12-15T09:04:42.966+0000] {override.py:1829} INFO - Created Permission View: can read on DAG:conditional_dataset_and_time_based_timetable
[2025-12-15T09:04:42.983+0000] {logging_mixin.py:188} INFO - [2025-12-15T09:04:42.982+0000] {override.py:1829} INFO - Created Permission View: can edit on DAG:dataset_produces_1
[2025-12-15T09:04:42.991+0000] {logging_mixin.py:188} INFO - [2025-12-15T09:04:42.991+0000] {override.py:1829} INFO - Created Permission View: can delete on DAG:dataset_produces_1
[2025-12-15T09:04:43.000+0000] {logging_mixin.py:188} INFO - [2025-12-15T09:04:43.000+0000] {override.py:1829} INFO - Created Permission View: can read on DAG:dataset_produces_1
[2025-12-15T09:04:43.018+0000] {logging_mixin.py:188} INFO - [2025-12-15T09:04:43.017+0000] {override.py:1829} INFO - Created Permission View: can edit on DAG:dataset_consumes_1_and_2
[2025-12-15T09:04:43.026+0000] {logging_mixin.py:188} INFO - [2025-12-15T09:04:43.026+0000] {override.py:1829} INFO - Created Permission View: can delete on DAG:dataset_consumes_1_and_2
[2025-12-15T09:04:43.036+0000] {logging_mixin.py:188} INFO - [2025-12-15T09:04:43.035+0000] {override.py:1829} INFO - Created Permission View: can read on DAG:dataset_consumes_1_and_2
[2025-12-15T09:04:43.053+0000] {logging_mixin.py:188} INFO - [2025-12-15T09:04:43.052+0000] {override.py:1829} INFO - Created Permission View: can edit on DAG:consume_1_or_both_2_and_3_with_dataset_expressions
[2025-12-15T09:04:43.062+0000] {logging_mixin.py:188} INFO - [2025-12-15T09:04:43.062+0000] {override.py:1829} INFO - Created Permission View: can delete on DAG:consume_1_or_both_2_and_3_with_dataset_expressions
[2025-12-15T09:04:43.071+0000] {logging_mixin.py:188} INFO - [2025-12-15T09:04:43.071+0000] {override.py:1829} INFO - Created Permission View: can read on DAG:consume_1_or_both_2_and_3_with_dataset_expressions
[2025-12-15T09:04:43.089+0000] {logging_mixin.py:188} INFO - [2025-12-15T09:04:43.089+0000] {override.py:1829} INFO - Created Permission View: can edit on DAG:dataset_consumes_1
[2025-12-15T09:04:43.097+0000] {logging_mixin.py:188} INFO - [2025-12-15T09:04:43.096+0000] {override.py:1829} INFO - Created Permission View: can delete on DAG:dataset_consumes_1
[2025-12-15T09:04:43.105+0000] {logging_mixin.py:188} INFO - [2025-12-15T09:04:43.104+0000] {override.py:1829} INFO - Created Permission View: can read on DAG:dataset_consumes_1
[2025-12-15T09:04:43.121+0000] {logging_mixin.py:188} INFO - [2025-12-15T09:04:43.120+0000] {override.py:1829} INFO - Created Permission View: can edit on DAG:dataset_produces_2
[2025-12-15T09:04:43.129+0000] {logging_mixin.py:188} INFO - [2025-12-15T09:04:43.129+0000] {override.py:1829} INFO - Created Permission View: can delete on DAG:dataset_produces_2
[2025-12-15T09:04:43.137+0000] {logging_mixin.py:188} INFO - [2025-12-15T09:04:43.136+0000] {override.py:1829} INFO - Created Permission View: can read on DAG:dataset_produces_2
[2025-12-15T09:04:43.153+0000] {logging_mixin.py:188} INFO - [2025-12-15T09:04:43.153+0000] {override.py:1829} INFO - Created Permission View: can edit on DAG:consume_1_and_2_with_dataset_expressions
[2025-12-15T09:04:43.161+0000] {logging_mixin.py:188} INFO - [2025-12-15T09:04:43.160+0000] {override.py:1829} INFO - Created Permission View: can delete on DAG:consume_1_and_2_with_dataset_expressions
[2025-12-15T09:04:43.169+0000] {logging_mixin.py:188} INFO - [2025-12-15T09:04:43.168+0000] {override.py:1829} INFO - Created Permission View: can read on DAG:consume_1_and_2_with_dataset_expressions
[2025-12-15T09:04:43.170+0000] {logging_mixin.py:188} INFO - [2025-12-15T09:04:43.169+0000] {dag.py:3096} INFO - Sync 10 DAGs
[2025-12-15T09:04:43.183+0000] {logging_mixin.py:188} INFO - [2025-12-15T09:04:43.182+0000] {dag.py:3118} INFO - Creating ORM DAG for dataset_produces_1
[2025-12-15T09:04:43.183+0000] {logging_mixin.py:188} INFO - [2025-12-15T09:04:43.183+0000] {dag.py:3118} INFO - Creating ORM DAG for dataset_consumes_unknown_never_scheduled
[2025-12-15T09:04:43.184+0000] {logging_mixin.py:188} INFO - [2025-12-15T09:04:43.184+0000] {dag.py:3118} INFO - Creating ORM DAG for dataset_consumes_1_never_scheduled
[2025-12-15T09:04:43.185+0000] {logging_mixin.py:188} INFO - [2025-12-15T09:04:43.185+0000] {dag.py:3118} INFO - Creating ORM DAG for dataset_consumes_1
[2025-12-15T09:04:43.186+0000] {logging_mixin.py:188} INFO - [2025-12-15T09:04:43.186+0000] {dag.py:3118} INFO - Creating ORM DAG for consume_1_and_2_with_dataset_expressions
[2025-12-15T09:04:43.187+0000] {logging_mixin.py:188} INFO - [2025-12-15T09:04:43.187+0000] {dag.py:3118} INFO - Creating ORM DAG for dataset_consumes_1_and_2
[2025-12-15T09:04:43.188+0000] {logging_mixin.py:188} INFO - [2025-12-15T09:04:43.188+0000] {dag.py:3118} INFO - Creating ORM DAG for consume_1_or_both_2_and_3_with_dataset_expressions
[2025-12-15T09:04:43.189+0000] {logging_mixin.py:188} INFO - [2025-12-15T09:04:43.189+0000] {dag.py:3118} INFO - Creating ORM DAG for dataset_produces_2
[2025-12-15T09:04:43.190+0000] {logging_mixin.py:188} INFO - [2025-12-15T09:04:43.190+0000] {dag.py:3118} INFO - Creating ORM DAG for conditional_dataset_and_time_based_timetable
[2025-12-15T09:04:43.191+0000] {logging_mixin.py:188} INFO - [2025-12-15T09:04:43.191+0000] {dag.py:3118} INFO - Creating ORM DAG for consume_1_or_2_with_dataset_expressions
[2025-12-15T09:04:43.205+0000] {logging_mixin.py:188} INFO - [2025-12-15T09:04:43.204+0000] {dag.py:3954} INFO - Setting next_dagrun for conditional_dataset_and_time_based_timetable to 2025-12-10 01:00:00+00:00, run_after=2025-12-10 01:00:00+00:00
[2025-12-15T09:04:43.206+0000] {logging_mixin.py:188} INFO - [2025-12-15T09:04:43.206+0000] {dag.py:3954} INFO - Setting next_dagrun for consume_1_and_2_with_dataset_expressions to None, run_after=None
[2025-12-15T09:04:43.207+0000] {logging_mixin.py:188} INFO - [2025-12-15T09:04:43.207+0000] {dag.py:3954} INFO - Setting next_dagrun for consume_1_or_2_with_dataset_expressions to None, run_after=None
[2025-12-15T09:04:43.207+0000] {logging_mixin.py:188} INFO - [2025-12-15T09:04:43.207+0000] {dag.py:3954} INFO - Setting next_dagrun for consume_1_or_both_2_and_3_with_dataset_expressions to None, run_after=None
[2025-12-15T09:04:43.208+0000] {logging_mixin.py:188} INFO - [2025-12-15T09:04:43.208+0000] {dag.py:3954} INFO - Setting next_dagrun for dataset_consumes_1 to None, run_after=None
[2025-12-15T09:04:43.209+0000] {logging_mixin.py:188} INFO - [2025-12-15T09:04:43.209+0000] {dag.py:3954} INFO - Setting next_dagrun for dataset_consumes_1_and_2 to None, run_after=None
[2025-12-15T09:04:43.210+0000] {logging_mixin.py:188} INFO - [2025-12-15T09:04:43.210+0000] {dag.py:3954} INFO - Setting next_dagrun for dataset_consumes_1_never_scheduled to None, run_after=None
[2025-12-15T09:04:43.211+0000] {logging_mixin.py:188} INFO - [2025-12-15T09:04:43.211+0000] {dag.py:3954} INFO - Setting next_dagrun for dataset_consumes_unknown_never_scheduled to None, run_after=None
[2025-12-15T09:04:43.214+0000] {logging_mixin.py:188} INFO - [2025-12-15T09:04:43.214+0000] {dag.py:3954} INFO - Setting next_dagrun for dataset_produces_1 to 2025-12-14 00:00:00+00:00, run_after=2025-12-15 00:00:00+00:00
[2025-12-15T09:04:43.215+0000] {logging_mixin.py:188} INFO - [2025-12-15T09:04:43.215+0000] {dag.py:3954} INFO - Setting next_dagrun for dataset_produces_2 to None, run_after=None
[2025-12-15T09:04:43.276+0000] {processor.py:183} INFO - Processing /home/airflow/.local/lib/python3.12/site-packages/airflow/example_dags/example_datasets.py took 0.648 seconds
[2025-12-15T09:05:13.768+0000] {processor.py:161} INFO - Started process (PID=541) to work on /home/airflow/.local/lib/python3.12/site-packages/airflow/example_dags/example_datasets.py
[2025-12-15T09:05:13.769+0000] {processor.py:830} INFO - Processing file /home/airflow/.local/lib/python3.12/site-packages/airflow/example_dags/example_datasets.py for tasks to queue
[2025-12-15T09:05:13.772+0000] {logging_mixin.py:188} INFO - [2025-12-15T09:05:13.771+0000] {dagbag.py:545} INFO - Filling up the DagBag from /home/airflow/.local/lib/python3.12/site-packages/airflow/example_dags/example_datasets.py
[2025-12-15T09:05:13.795+0000] {processor.py:840} INFO - DAG(s) 'dataset_consumes_unknown_never_scheduled', 'dataset_consumes_1_never_scheduled', 'consume_1_or_2_with_dataset_expressions', 'consume_1_or_both_2_and_3_with_dataset_expressions', 'dataset_consumes_1_and_2', 'consume_1_and_2_with_dataset_expressions', 'dataset_produces_1', 'dataset_produces_2', 'conditional_dataset_and_time_based_timetable', 'dataset_consumes_1' retrieved from /home/airflow/.local/lib/python3.12/site-packages/airflow/example_dags/example_datasets.py
[2025-12-15T09:05:13.881+0000] {logging_mixin.py:188} INFO - [2025-12-15T09:05:13.881+0000] {dag.py:3096} INFO - Sync 10 DAGs
[2025-12-15T09:05:13.923+0000] {logging_mixin.py:188} INFO - [2025-12-15T09:05:13.923+0000] {dag.py:3954} INFO - Setting next_dagrun for conditional_dataset_and_time_based_timetable to 2025-12-10 01:00:00+00:00, run_after=2025-12-10 01:00:00+00:00
[2025-12-15T09:05:13.929+0000] {logging_mixin.py:188} INFO - [2025-12-15T09:05:13.929+0000] {dag.py:3954} INFO - Setting next_dagrun for consume_1_and_2_with_dataset_expressions to None, run_after=None
[2025-12-15T09:05:13.931+0000] {logging_mixin.py:188} INFO - [2025-12-15T09:05:13.931+0000] {dag.py:3954} INFO - Setting next_dagrun for consume_1_or_2_with_dataset_expressions to None, run_after=None
[2025-12-15T09:05:13.934+0000] {logging_mixin.py:188} INFO - [2025-12-15T09:05:13.933+0000] {dag.py:3954} INFO - Setting next_dagrun for consume_1_or_both_2_and_3_with_dataset_expressions to None, run_after=None
[2025-12-15T09:05:13.936+0000] {logging_mixin.py:188} INFO - [2025-12-15T09:05:13.935+0000] {dag.py:3954} INFO - Setting next_dagrun for dataset_consumes_1 to None, run_after=None
[2025-12-15T09:05:13.938+0000] {logging_mixin.py:188} INFO - [2025-12-15T09:05:13.938+0000] {dag.py:3954} INFO - Setting next_dagrun for dataset_consumes_1_and_2 to None, run_after=None
[2025-12-15T09:05:13.940+0000] {logging_mixin.py:188} INFO - [2025-12-15T09:05:13.940+0000] {dag.py:3954} INFO - Setting next_dagrun for dataset_consumes_1_never_scheduled to None, run_after=None
[2025-12-15T09:05:13.942+0000] {logging_mixin.py:188} INFO - [2025-12-15T09:05:13.942+0000] {dag.py:3954} INFO - Setting next_dagrun for dataset_consumes_unknown_never_scheduled to None, run_after=None
[2025-12-15T09:05:13.947+0000] {logging_mixin.py:188} INFO - [2025-12-15T09:05:13.947+0000] {dag.py:3954} INFO - Setting next_dagrun for dataset_produces_1 to 2025-12-14 00:00:00+00:00, run_after=2025-12-15 00:00:00+00:00
[2025-12-15T09:05:13.949+0000] {logging_mixin.py:188} INFO - [2025-12-15T09:05:13.949+0000] {dag.py:3954} INFO - Setting next_dagrun for dataset_produces_2 to None, run_after=None
[2025-12-15T09:05:13.999+0000] {processor.py:183} INFO - Processing /home/airflow/.local/lib/python3.12/site-packages/airflow/example_dags/example_datasets.py took 0.239 seconds
[2025-12-15T09:05:44.087+0000] {processor.py:161} INFO - Started process (PID=802) to work on /home/airflow/.local/lib/python3.12/site-packages/airflow/example_dags/example_datasets.py
[2025-12-15T09:05:44.088+0000] {processor.py:830} INFO - Processing file /home/airflow/.local/lib/python3.12/site-packages/airflow/example_dags/example_datasets.py for tasks to queue
[2025-12-15T09:05:44.091+0000] {logging_mixin.py:188} INFO - [2025-12-15T09:05:44.090+0000] {dagbag.py:545} INFO - Filling up the DagBag from /home/airflow/.local/lib/python3.12/site-packages/airflow/example_dags/example_datasets.py
[2025-12-15T09:05:44.112+0000] {processor.py:840} INFO - DAG(s) 'dataset_consumes_unknown_never_scheduled', 'consume_1_or_both_2_and_3_with_dataset_expressions', 'dataset_consumes_1', 'dataset_produces_2', 'dataset_produces_1', 'conditional_dataset_and_time_based_timetable', 'dataset_consumes_1_and_2', 'consume_1_and_2_with_dataset_expressions', 'dataset_consumes_1_never_scheduled', 'consume_1_or_2_with_dataset_expressions' retrieved from /home/airflow/.local/lib/python3.12/site-packages/airflow/example_dags/example_datasets.py
[2025-12-15T09:05:44.202+0000] {logging_mixin.py:188} INFO - [2025-12-15T09:05:44.201+0000] {dag.py:3096} INFO - Sync 10 DAGs
[2025-12-15T09:05:44.251+0000] {logging_mixin.py:188} INFO - [2025-12-15T09:05:44.251+0000] {dag.py:3954} INFO - Setting next_dagrun for conditional_dataset_and_time_based_timetable to 2025-12-10 01:00:00+00:00, run_after=2025-12-10 01:00:00+00:00
[2025-12-15T09:05:44.260+0000] {logging_mixin.py:188} INFO - [2025-12-15T09:05:44.259+0000] {dag.py:3954} INFO - Setting next_dagrun for consume_1_and_2_with_dataset_expressions to None, run_after=None
[2025-12-15T09:05:44.263+0000] {logging_mixin.py:188} INFO - [2025-12-15T09:05:44.263+0000] {dag.py:3954} INFO - Setting next_dagrun for consume_1_or_2_with_dataset_expressions to None, run_after=None
[2025-12-15T09:05:44.266+0000] {logging_mixin.py:188} INFO - [2025-12-15T09:05:44.266+0000] {dag.py:3954} INFO - Setting next_dagrun for consume_1_or_both_2_and_3_with_dataset_expressions to None, run_after=None
[2025-12-15T09:05:44.270+0000] {logging_mixin.py:188} INFO - [2025-12-15T09:05:44.270+0000] {dag.py:3954} INFO - Setting next_dagrun for dataset_consumes_1 to None, run_after=None
[2025-12-15T09:05:44.273+0000] {logging_mixin.py:188} INFO - [2025-12-15T09:05:44.273+0000] {dag.py:3954} INFO - Setting next_dagrun for dataset_consumes_1_and_2 to None, run_after=None
[2025-12-15T09:05:44.275+0000] {logging_mixin.py:188} INFO - [2025-12-15T09:05:44.275+0000] {dag.py:3954} INFO - Setting next_dagrun for dataset_consumes_1_never_scheduled to None, run_after=None
[2025-12-15T09:05:44.278+0000] {logging_mixin.py:188} INFO - [2025-12-15T09:05:44.277+0000] {dag.py:3954} INFO - Setting next_dagrun for dataset_consumes_unknown_never_scheduled to None, run_after=None
[2025-12-15T09:05:44.281+0000] {logging_mixin.py:188} INFO - [2025-12-15T09:05:44.281+0000] {dag.py:3954} INFO - Setting next_dagrun for dataset_produces_1 to 2025-12-14 00:00:00+00:00, run_after=2025-12-15 00:00:00+00:00
[2025-12-15T09:05:44.283+0000] {logging_mixin.py:188} INFO - [2025-12-15T09:05:44.283+0000] {dag.py:3954} INFO - Setting next_dagrun for dataset_produces_2 to None, run_after=None
[2025-12-15T09:05:44.340+0000] {processor.py:183} INFO - Processing /home/airflow/.local/lib/python3.12/site-packages/airflow/example_dags/example_datasets.py took 0.260 seconds
[2025-12-15T09:06:14.668+0000] {processor.py:161} INFO - Started process (PID=1063) to work on /home/airflow/.local/lib/python3.12/site-packages/airflow/example_dags/example_datasets.py
[2025-12-15T09:06:14.670+0000] {processor.py:830} INFO - Processing file /home/airflow/.local/lib/python3.12/site-packages/airflow/example_dags/example_datasets.py for tasks to queue
[2025-12-15T09:06:14.672+0000] {logging_mixin.py:188} INFO - [2025-12-15T09:06:14.672+0000] {dagbag.py:545} INFO - Filling up the DagBag from /home/airflow/.local/lib/python3.12/site-packages/airflow/example_dags/example_datasets.py
[2025-12-15T09:06:14.696+0000] {processor.py:840} INFO - DAG(s) 'dataset_consumes_1_never_scheduled', 'dataset_consumes_1', 'consume_1_or_both_2_and_3_with_dataset_expressions', 'dataset_produces_1', 'consume_1_and_2_with_dataset_expressions', 'dataset_produces_2', 'dataset_consumes_unknown_never_scheduled', 'dataset_consumes_1_and_2', 'conditional_dataset_and_time_based_timetable', 'consume_1_or_2_with_dataset_expressions' retrieved from /home/airflow/.local/lib/python3.12/site-packages/airflow/example_dags/example_datasets.py
[2025-12-15T09:06:14.778+0000] {logging_mixin.py:188} INFO - [2025-12-15T09:06:14.778+0000] {dag.py:3096} INFO - Sync 10 DAGs
[2025-12-15T09:06:14.817+0000] {logging_mixin.py:188} INFO - [2025-12-15T09:06:14.817+0000] {dag.py:3954} INFO - Setting next_dagrun for conditional_dataset_and_time_based_timetable to 2025-12-10 01:00:00+00:00, run_after=2025-12-10 01:00:00+00:00
[2025-12-15T09:06:14.825+0000] {logging_mixin.py:188} INFO - [2025-12-15T09:06:14.825+0000] {dag.py:3954} INFO - Setting next_dagrun for consume_1_and_2_with_dataset_expressions to None, run_after=None
[2025-12-15T09:06:14.828+0000] {logging_mixin.py:188} INFO - [2025-12-15T09:06:14.827+0000] {dag.py:3954} INFO - Setting next_dagrun for consume_1_or_2_with_dataset_expressions to None, run_after=None
[2025-12-15T09:06:14.830+0000] {logging_mixin.py:188} INFO - [2025-12-15T09:06:14.830+0000] {dag.py:3954} INFO - Setting next_dagrun for consume_1_or_both_2_and_3_with_dataset_expressions to None, run_after=None
[2025-12-15T09:06:14.833+0000] {logging_mixin.py:188} INFO - [2025-12-15T09:06:14.833+0000] {dag.py:3954} INFO - Setting next_dagrun for dataset_consumes_1 to None, run_after=None
[2025-12-15T09:06:14.835+0000] {logging_mixin.py:188} INFO - [2025-12-15T09:06:14.835+0000] {dag.py:3954} INFO - Setting next_dagrun for dataset_consumes_1_and_2 to None, run_after=None
[2025-12-15T09:06:14.838+0000] {logging_mixin.py:188} INFO - [2025-12-15T09:06:14.838+0000] {dag.py:3954} INFO - Setting next_dagrun for dataset_consumes_1_never_scheduled to None, run_after=None
[2025-12-15T09:06:14.841+0000] {logging_mixin.py:188} INFO - [2025-12-15T09:06:14.840+0000] {dag.py:3954} INFO - Setting next_dagrun for dataset_consumes_unknown_never_scheduled to None, run_after=None
[2025-12-15T09:06:14.846+0000] {logging_mixin.py:188} INFO - [2025-12-15T09:06:14.846+0000] {dag.py:3954} INFO - Setting next_dagrun for dataset_produces_1 to 2025-12-14 00:00:00+00:00, run_after=2025-12-15 00:00:00+00:00
[2025-12-15T09:06:14.849+0000] {logging_mixin.py:188} INFO - [2025-12-15T09:06:14.849+0000] {dag.py:3954} INFO - Setting next_dagrun for dataset_produces_2 to None, run_after=None
[2025-12-15T09:06:14.902+0000] {processor.py:183} INFO - Processing /home/airflow/.local/lib/python3.12/site-packages/airflow/example_dags/example_datasets.py took 0.245 seconds
[2025-12-15T09:06:45.034+0000] {processor.py:161} INFO - Started process (PID=1324) to work on /home/airflow/.local/lib/python3.12/site-packages/airflow/example_dags/example_datasets.py
[2025-12-15T09:06:45.036+0000] {processor.py:830} INFO - Processing file /home/airflow/.local/lib/python3.12/site-packages/airflow/example_dags/example_datasets.py for tasks to queue
[2025-12-15T09:06:45.039+0000] {logging_mixin.py:188} INFO - [2025-12-15T09:06:45.038+0000] {dagbag.py:545} INFO - Filling up the DagBag from /home/airflow/.local/lib/python3.12/site-packages/airflow/example_dags/example_datasets.py
[2025-12-15T09:06:45.065+0000] {processor.py:840} INFO - DAG(s) 'consume_1_or_both_2_and_3_with_dataset_expressions', 'dataset_consumes_1', 'dataset_consumes_1_and_2', 'consume_1_or_2_with_dataset_expressions', 'dataset_consumes_unknown_never_scheduled', 'dataset_consumes_1_never_scheduled', 'dataset_produces_2', 'dataset_produces_1', 'conditional_dataset_and_time_based_timetable', 'consume_1_and_2_with_dataset_expressions' retrieved from /home/airflow/.local/lib/python3.12/site-packages/airflow/example_dags/example_datasets.py
[2025-12-15T09:06:45.159+0000] {logging_mixin.py:188} INFO - [2025-12-15T09:06:45.159+0000] {dag.py:3096} INFO - Sync 10 DAGs
[2025-12-15T09:06:45.203+0000] {logging_mixin.py:188} INFO - [2025-12-15T09:06:45.203+0000] {dag.py:3954} INFO - Setting next_dagrun for conditional_dataset_and_time_based_timetable to 2025-12-10 01:00:00+00:00, run_after=2025-12-10 01:00:00+00:00
[2025-12-15T09:06:45.210+0000] {logging_mixin.py:188} INFO - [2025-12-15T09:06:45.210+0000] {dag.py:3954} INFO - Setting next_dagrun for consume_1_and_2_with_dataset_expressions to None, run_after=None
[2025-12-15T09:06:45.213+0000] {logging_mixin.py:188} INFO - [2025-12-15T09:06:45.213+0000] {dag.py:3954} INFO - Setting next_dagrun for consume_1_or_2_with_dataset_expressions to None, run_after=None
[2025-12-15T09:06:45.215+0000] {logging_mixin.py:188} INFO - [2025-12-15T09:06:45.215+0000] {dag.py:3954} INFO - Setting next_dagrun for consume_1_or_both_2_and_3_with_dataset_expressions to None, run_after=None
[2025-12-15T09:06:45.217+0000] {logging_mixin.py:188} INFO - [2025-12-15T09:06:45.217+0000] {dag.py:3954} INFO - Setting next_dagrun for dataset_consumes_1 to None, run_after=None
[2025-12-15T09:06:45.219+0000] {logging_mixin.py:188} INFO - [2025-12-15T09:06:45.219+0000] {dag.py:3954} INFO - Setting next_dagrun for dataset_consumes_1_and_2 to None, run_after=None
[2025-12-15T09:06:45.222+0000] {logging_mixin.py:188} INFO - [2025-12-15T09:06:45.221+0000] {dag.py:3954} INFO - Setting next_dagrun for dataset_consumes_1_never_scheduled to None, run_after=None
[2025-12-15T09:06:45.224+0000] {logging_mixin.py:188} INFO - [2025-12-15T09:06:45.223+0000] {dag.py:3954} INFO - Setting next_dagrun for dataset_consumes_unknown_never_scheduled to None, run_after=None
[2025-12-15T09:06:45.228+0000] {logging_mixin.py:188} INFO - [2025-12-15T09:06:45.228+0000] {dag.py:3954} INFO - Setting next_dagrun for dataset_produces_1 to 2025-12-14 00:00:00+00:00, run_after=2025-12-15 00:00:00+00:00
[2025-12-15T09:06:45.230+0000] {logging_mixin.py:188} INFO - [2025-12-15T09:06:45.230+0000] {dag.py:3954} INFO - Setting next_dagrun for dataset_produces_2 to None, run_after=None
[2025-12-15T09:06:45.294+0000] {processor.py:183} INFO - Processing /home/airflow/.local/lib/python3.12/site-packages/airflow/example_dags/example_datasets.py took 0.272 seconds
[2025-12-15T09:07:15.620+0000] {processor.py:161} INFO - Started process (PID=1585) to work on /home/airflow/.local/lib/python3.12/site-packages/airflow/example_dags/example_datasets.py
[2025-12-15T09:07:15.622+0000] {processor.py:830} INFO - Processing file /home/airflow/.local/lib/python3.12/site-packages/airflow/example_dags/example_datasets.py for tasks to queue
[2025-12-15T09:07:15.625+0000] {logging_mixin.py:188} INFO - [2025-12-15T09:07:15.624+0000] {dagbag.py:545} INFO - Filling up the DagBag from /home/airflow/.local/lib/python3.12/site-packages/airflow/example_dags/example_datasets.py
[2025-12-15T09:07:15.645+0000] {processor.py:840} INFO - DAG(s) 'conditional_dataset_and_time_based_timetable', 'consume_1_or_2_with_dataset_expressions', 'dataset_produces_2', 'consume_1_or_both_2_and_3_with_dataset_expressions', 'consume_1_and_2_with_dataset_expressions', 'dataset_produces_1', 'dataset_consumes_1', 'dataset_consumes_1_never_scheduled', 'dataset_consumes_1_and_2', 'dataset_consumes_unknown_never_scheduled' retrieved from /home/airflow/.local/lib/python3.12/site-packages/airflow/example_dags/example_datasets.py
[2025-12-15T09:07:15.726+0000] {logging_mixin.py:188} INFO - [2025-12-15T09:07:15.725+0000] {dag.py:3096} INFO - Sync 10 DAGs
[2025-12-15T09:07:15.768+0000] {logging_mixin.py:188} INFO - [2025-12-15T09:07:15.768+0000] {dag.py:3954} INFO - Setting next_dagrun for conditional_dataset_and_time_based_timetable to 2025-12-10 01:00:00+00:00, run_after=2025-12-10 01:00:00+00:00
[2025-12-15T09:07:15.776+0000] {logging_mixin.py:188} INFO - [2025-12-15T09:07:15.775+0000] {dag.py:3954} INFO - Setting next_dagrun for consume_1_and_2_with_dataset_expressions to None, run_after=None
[2025-12-15T09:07:15.778+0000] {logging_mixin.py:188} INFO - [2025-12-15T09:07:15.778+0000] {dag.py:3954} INFO - Setting next_dagrun for consume_1_or_2_with_dataset_expressions to None, run_after=None
[2025-12-15T09:07:15.780+0000] {logging_mixin.py:188} INFO - [2025-12-15T09:07:15.780+0000] {dag.py:3954} INFO - Setting next_dagrun for consume_1_or_both_2_and_3_with_dataset_expressions to None, run_after=None
[2025-12-15T09:07:15.782+0000] {logging_mixin.py:188} INFO - [2025-12-15T09:07:15.782+0000] {dag.py:3954} INFO - Setting next_dagrun for dataset_consumes_1 to None, run_after=None
[2025-12-15T09:07:15.784+0000] {logging_mixin.py:188} INFO - [2025-12-15T09:07:15.784+0000] {dag.py:3954} INFO - Setting next_dagrun for dataset_consumes_1_and_2 to None, run_after=None
[2025-12-15T09:07:15.787+0000] {logging_mixin.py:188} INFO - [2025-12-15T09:07:15.786+0000] {dag.py:3954} INFO - Setting next_dagrun for dataset_consumes_1_never_scheduled to None, run_after=None
[2025-12-15T09:07:15.789+0000] {logging_mixin.py:188} INFO - [2025-12-15T09:07:15.789+0000] {dag.py:3954} INFO - Setting next_dagrun for dataset_consumes_unknown_never_scheduled to None, run_after=None
[2025-12-15T09:07:15.793+0000] {logging_mixin.py:188} INFO - [2025-12-15T09:07:15.793+0000] {dag.py:3954} INFO - Setting next_dagrun for dataset_produces_1 to 2025-12-14 00:00:00+00:00, run_after=2025-12-15 00:00:00+00:00
[2025-12-15T09:07:15.795+0000] {logging_mixin.py:188} INFO - [2025-12-15T09:07:15.795+0000] {dag.py:3954} INFO - Setting next_dagrun for dataset_produces_2 to None, run_after=None
[2025-12-15T09:07:15.857+0000] {processor.py:183} INFO - Processing /home/airflow/.local/lib/python3.12/site-packages/airflow/example_dags/example_datasets.py took 0.245 seconds
[2025-12-15T09:07:45.995+0000] {processor.py:161} INFO - Started process (PID=1846) to work on /home/airflow/.local/lib/python3.12/site-packages/airflow/example_dags/example_datasets.py
[2025-12-15T09:07:45.997+0000] {processor.py:830} INFO - Processing file /home/airflow/.local/lib/python3.12/site-packages/airflow/example_dags/example_datasets.py for tasks to queue
[2025-12-15T09:07:45.999+0000] {logging_mixin.py:188} INFO - [2025-12-15T09:07:45.999+0000] {dagbag.py:545} INFO - Filling up the DagBag from /home/airflow/.local/lib/python3.12/site-packages/airflow/example_dags/example_datasets.py
[2025-12-15T09:07:46.024+0000] {processor.py:840} INFO - DAG(s) 'consume_1_or_both_2_and_3_with_dataset_expressions', 'dataset_produces_2', 'consume_1_and_2_with_dataset_expressions', 'dataset_consumes_unknown_never_scheduled', 'dataset_consumes_1_and_2', 'dataset_produces_1', 'conditional_dataset_and_time_based_timetable', 'dataset_consumes_1', 'consume_1_or_2_with_dataset_expressions', 'dataset_consumes_1_never_scheduled' retrieved from /home/airflow/.local/lib/python3.12/site-packages/airflow/example_dags/example_datasets.py
[2025-12-15T09:07:46.117+0000] {logging_mixin.py:188} INFO - [2025-12-15T09:07:46.117+0000] {dag.py:3096} INFO - Sync 10 DAGs
[2025-12-15T09:07:46.162+0000] {logging_mixin.py:188} INFO - [2025-12-15T09:07:46.162+0000] {dag.py:3954} INFO - Setting next_dagrun for conditional_dataset_and_time_based_timetable to 2025-12-10 01:00:00+00:00, run_after=2025-12-10 01:00:00+00:00
[2025-12-15T09:07:46.171+0000] {logging_mixin.py:188} INFO - [2025-12-15T09:07:46.171+0000] {dag.py:3954} INFO - Setting next_dagrun for consume_1_and_2_with_dataset_expressions to None, run_after=None
[2025-12-15T09:07:46.174+0000] {logging_mixin.py:188} INFO - [2025-12-15T09:07:46.174+0000] {dag.py:3954} INFO - Setting next_dagrun for consume_1_or_2_with_dataset_expressions to None, run_after=None
[2025-12-15T09:07:46.177+0000] {logging_mixin.py:188} INFO - [2025-12-15T09:07:46.177+0000] {dag.py:3954} INFO - Setting next_dagrun for consume_1_or_both_2_and_3_with_dataset_expressions to None, run_after=None
[2025-12-15T09:07:46.180+0000] {logging_mixin.py:188} INFO - [2025-12-15T09:07:46.180+0000] {dag.py:3954} INFO - Setting next_dagrun for dataset_consumes_1 to None, run_after=None
[2025-12-15T09:07:46.183+0000] {logging_mixin.py:188} INFO - [2025-12-15T09:07:46.182+0000] {dag.py:3954} INFO - Setting next_dagrun for dataset_consumes_1_and_2 to None, run_after=None
[2025-12-15T09:07:46.185+0000] {logging_mixin.py:188} INFO - [2025-12-15T09:07:46.185+0000] {dag.py:3954} INFO - Setting next_dagrun for dataset_consumes_1_never_scheduled to None, run_after=None
[2025-12-15T09:07:46.187+0000] {logging_mixin.py:188} INFO - [2025-12-15T09:07:46.187+0000] {dag.py:3954} INFO - Setting next_dagrun for dataset_consumes_unknown_never_scheduled to None, run_after=None
[2025-12-15T09:07:46.192+0000] {logging_mixin.py:188} INFO - [2025-12-15T09:07:46.192+0000] {dag.py:3954} INFO - Setting next_dagrun for dataset_produces_1 to 2025-12-14 00:00:00+00:00, run_after=2025-12-15 00:00:00+00:00
[2025-12-15T09:07:46.195+0000] {logging_mixin.py:188} INFO - [2025-12-15T09:07:46.195+0000] {dag.py:3954} INFO - Setting next_dagrun for dataset_produces_2 to None, run_after=None
[2025-12-15T09:07:46.250+0000] {processor.py:183} INFO - Processing /home/airflow/.local/lib/python3.12/site-packages/airflow/example_dags/example_datasets.py took 0.266 seconds
[2025-12-15T09:08:16.515+0000] {processor.py:161} INFO - Started process (PID=2107) to work on /home/airflow/.local/lib/python3.12/site-packages/airflow/example_dags/example_datasets.py
[2025-12-15T09:08:16.516+0000] {processor.py:830} INFO - Processing file /home/airflow/.local/lib/python3.12/site-packages/airflow/example_dags/example_datasets.py for tasks to queue
[2025-12-15T09:08:16.518+0000] {logging_mixin.py:188} INFO - [2025-12-15T09:08:16.518+0000] {dagbag.py:545} INFO - Filling up the DagBag from /home/airflow/.local/lib/python3.12/site-packages/airflow/example_dags/example_datasets.py
[2025-12-15T09:08:16.538+0000] {processor.py:840} INFO - DAG(s) 'dataset_consumes_1_and_2', 'consume_1_or_2_with_dataset_expressions', 'consume_1_or_both_2_and_3_with_dataset_expressions', 'dataset_consumes_1_never_scheduled', 'conditional_dataset_and_time_based_timetable', 'dataset_consumes_unknown_never_scheduled', 'dataset_consumes_1', 'consume_1_and_2_with_dataset_expressions', 'dataset_produces_1', 'dataset_produces_2' retrieved from /home/airflow/.local/lib/python3.12/site-packages/airflow/example_dags/example_datasets.py
[2025-12-15T09:08:16.618+0000] {logging_mixin.py:188} INFO - [2025-12-15T09:08:16.618+0000] {dag.py:3096} INFO - Sync 10 DAGs
[2025-12-15T09:08:16.659+0000] {logging_mixin.py:188} INFO - [2025-12-15T09:08:16.658+0000] {dag.py:3954} INFO - Setting next_dagrun for conditional_dataset_and_time_based_timetable to 2025-12-10 01:00:00+00:00, run_after=2025-12-10 01:00:00+00:00
[2025-12-15T09:08:16.666+0000] {logging_mixin.py:188} INFO - [2025-12-15T09:08:16.666+0000] {dag.py:3954} INFO - Setting next_dagrun for consume_1_and_2_with_dataset_expressions to None, run_after=None
[2025-12-15T09:08:16.669+0000] {logging_mixin.py:188} INFO - [2025-12-15T09:08:16.669+0000] {dag.py:3954} INFO - Setting next_dagrun for consume_1_or_2_with_dataset_expressions to None, run_after=None
[2025-12-15T09:08:16.671+0000] {logging_mixin.py:188} INFO - [2025-12-15T09:08:16.671+0000] {dag.py:3954} INFO - Setting next_dagrun for consume_1_or_both_2_and_3_with_dataset_expressions to None, run_after=None
[2025-12-15T09:08:16.674+0000] {logging_mixin.py:188} INFO - [2025-12-15T09:08:16.673+0000] {dag.py:3954} INFO - Setting next_dagrun for dataset_consumes_1 to None, run_after=None
[2025-12-15T09:08:16.676+0000] {logging_mixin.py:188} INFO - [2025-12-15T09:08:16.675+0000] {dag.py:3954} INFO - Setting next_dagrun for dataset_consumes_1_and_2 to None, run_after=None
[2025-12-15T09:08:16.678+0000] {logging_mixin.py:188} INFO - [2025-12-15T09:08:16.678+0000] {dag.py:3954} INFO - Setting next_dagrun for dataset_consumes_1_never_scheduled to None, run_after=None
[2025-12-15T09:08:16.681+0000] {logging_mixin.py:188} INFO - [2025-12-15T09:08:16.680+0000] {dag.py:3954} INFO - Setting next_dagrun for dataset_consumes_unknown_never_scheduled to None, run_after=None
[2025-12-15T09:08:16.685+0000] {logging_mixin.py:188} INFO - [2025-12-15T09:08:16.685+0000] {dag.py:3954} INFO - Setting next_dagrun for dataset_produces_1 to 2025-12-14 00:00:00+00:00, run_after=2025-12-15 00:00:00+00:00
[2025-12-15T09:08:16.688+0000] {logging_mixin.py:188} INFO - [2025-12-15T09:08:16.687+0000] {dag.py:3954} INFO - Setting next_dagrun for dataset_produces_2 to None, run_after=None
[2025-12-15T09:08:16.743+0000] {processor.py:183} INFO - Processing /home/airflow/.local/lib/python3.12/site-packages/airflow/example_dags/example_datasets.py took 0.235 seconds
[2025-12-15T09:08:47.188+0000] {processor.py:161} INFO - Started process (PID=2368) to work on /home/airflow/.local/lib/python3.12/site-packages/airflow/example_dags/example_datasets.py
[2025-12-15T09:08:47.190+0000] {processor.py:830} INFO - Processing file /home/airflow/.local/lib/python3.12/site-packages/airflow/example_dags/example_datasets.py for tasks to queue
[2025-12-15T09:08:47.192+0000] {logging_mixin.py:188} INFO - [2025-12-15T09:08:47.192+0000] {dagbag.py:545} INFO - Filling up the DagBag from /home/airflow/.local/lib/python3.12/site-packages/airflow/example_dags/example_datasets.py
[2025-12-15T09:08:47.213+0000] {processor.py:840} INFO - DAG(s) 'consume_1_or_both_2_and_3_with_dataset_expressions', 'conditional_dataset_and_time_based_timetable', 'consume_1_or_2_with_dataset_expressions', 'dataset_produces_1', 'dataset_consumes_1_and_2', 'dataset_produces_2', 'consume_1_and_2_with_dataset_expressions', 'dataset_consumes_1_never_scheduled', 'dataset_consumes_unknown_never_scheduled', 'dataset_consumes_1' retrieved from /home/airflow/.local/lib/python3.12/site-packages/airflow/example_dags/example_datasets.py
[2025-12-15T09:08:47.290+0000] {logging_mixin.py:188} INFO - [2025-12-15T09:08:47.290+0000] {dag.py:3096} INFO - Sync 10 DAGs
[2025-12-15T09:08:47.329+0000] {logging_mixin.py:188} INFO - [2025-12-15T09:08:47.329+0000] {dag.py:3954} INFO - Setting next_dagrun for conditional_dataset_and_time_based_timetable to 2025-12-10 01:00:00+00:00, run_after=2025-12-10 01:00:00+00:00
[2025-12-15T09:08:47.337+0000] {logging_mixin.py:188} INFO - [2025-12-15T09:08:47.336+0000] {dag.py:3954} INFO - Setting next_dagrun for consume_1_and_2_with_dataset_expressions to None, run_after=None
[2025-12-15T09:08:47.340+0000] {logging_mixin.py:188} INFO - [2025-12-15T09:08:47.339+0000] {dag.py:3954} INFO - Setting next_dagrun for consume_1_or_2_with_dataset_expressions to None, run_after=None
[2025-12-15T09:08:47.342+0000] {logging_mixin.py:188} INFO - [2025-12-15T09:08:47.342+0000] {dag.py:3954} INFO - Setting next_dagrun for consume_1_or_both_2_and_3_with_dataset_expressions to None, run_after=None
[2025-12-15T09:08:47.344+0000] {logging_mixin.py:188} INFO - [2025-12-15T09:08:47.344+0000] {dag.py:3954} INFO - Setting next_dagrun for dataset_consumes_1 to None, run_after=None
[2025-12-15T09:08:47.346+0000] {logging_mixin.py:188} INFO - [2025-12-15T09:08:47.346+0000] {dag.py:3954} INFO - Setting next_dagrun for dataset_consumes_1_and_2 to None, run_after=None
[2025-12-15T09:08:47.349+0000] {logging_mixin.py:188} INFO - [2025-12-15T09:08:47.348+0000] {dag.py:3954} INFO - Setting next_dagrun for dataset_consumes_1_never_scheduled to None, run_after=None
[2025-12-15T09:08:47.351+0000] {logging_mixin.py:188} INFO - [2025-12-15T09:08:47.351+0000] {dag.py:3954} INFO - Setting next_dagrun for dataset_consumes_unknown_never_scheduled to None, run_after=None
[2025-12-15T09:08:47.355+0000] {logging_mixin.py:188} INFO - [2025-12-15T09:08:47.355+0000] {dag.py:3954} INFO - Setting next_dagrun for dataset_produces_1 to 2025-12-14 00:00:00+00:00, run_after=2025-12-15 00:00:00+00:00
[2025-12-15T09:08:47.357+0000] {logging_mixin.py:188} INFO - [2025-12-15T09:08:47.357+0000] {dag.py:3954} INFO - Setting next_dagrun for dataset_produces_2 to None, run_after=None
[2025-12-15T09:08:47.416+0000] {processor.py:183} INFO - Processing /home/airflow/.local/lib/python3.12/site-packages/airflow/example_dags/example_datasets.py took 0.238 seconds
[2025-12-15T09:09:17.729+0000] {processor.py:161} INFO - Started process (PID=2629) to work on /home/airflow/.local/lib/python3.12/site-packages/airflow/example_dags/example_datasets.py
[2025-12-15T09:09:17.730+0000] {processor.py:830} INFO - Processing file /home/airflow/.local/lib/python3.12/site-packages/airflow/example_dags/example_datasets.py for tasks to queue
[2025-12-15T09:09:17.733+0000] {logging_mixin.py:188} INFO - [2025-12-15T09:09:17.733+0000] {dagbag.py:545} INFO - Filling up the DagBag from /home/airflow/.local/lib/python3.12/site-packages/airflow/example_dags/example_datasets.py
[2025-12-15T09:09:17.756+0000] {processor.py:840} INFO - DAG(s) 'dataset_consumes_1', 'conditional_dataset_and_time_based_timetable', 'dataset_consumes_1_never_scheduled', 'dataset_consumes_unknown_never_scheduled', 'consume_1_or_2_with_dataset_expressions', 'dataset_produces_1', 'consume_1_and_2_with_dataset_expressions', 'dataset_consumes_1_and_2', 'consume_1_or_both_2_and_3_with_dataset_expressions', 'dataset_produces_2' retrieved from /home/airflow/.local/lib/python3.12/site-packages/airflow/example_dags/example_datasets.py
[2025-12-15T09:09:17.843+0000] {logging_mixin.py:188} INFO - [2025-12-15T09:09:17.843+0000] {dag.py:3096} INFO - Sync 10 DAGs
[2025-12-15T09:09:17.885+0000] {logging_mixin.py:188} INFO - [2025-12-15T09:09:17.884+0000] {dag.py:3954} INFO - Setting next_dagrun for conditional_dataset_and_time_based_timetable to 2025-12-10 01:00:00+00:00, run_after=2025-12-10 01:00:00+00:00
[2025-12-15T09:09:17.893+0000] {logging_mixin.py:188} INFO - [2025-12-15T09:09:17.892+0000] {dag.py:3954} INFO - Setting next_dagrun for consume_1_and_2_with_dataset_expressions to None, run_after=None
[2025-12-15T09:09:17.896+0000] {logging_mixin.py:188} INFO - [2025-12-15T09:09:17.895+0000] {dag.py:3954} INFO - Setting next_dagrun for consume_1_or_2_with_dataset_expressions to None, run_after=None
[2025-12-15T09:09:17.898+0000] {logging_mixin.py:188} INFO - [2025-12-15T09:09:17.898+0000] {dag.py:3954} INFO - Setting next_dagrun for consume_1_or_both_2_and_3_with_dataset_expressions to None, run_after=None
[2025-12-15T09:09:17.901+0000] {logging_mixin.py:188} INFO - [2025-12-15T09:09:17.900+0000] {dag.py:3954} INFO - Setting next_dagrun for dataset_consumes_1 to None, run_after=None
[2025-12-15T09:09:17.903+0000] {logging_mixin.py:188} INFO - [2025-12-15T09:09:17.903+0000] {dag.py:3954} INFO - Setting next_dagrun for dataset_consumes_1_and_2 to None, run_after=None
[2025-12-15T09:09:17.906+0000] {logging_mixin.py:188} INFO - [2025-12-15T09:09:17.905+0000] {dag.py:3954} INFO - Setting next_dagrun for dataset_consumes_1_never_scheduled to None, run_after=None
[2025-12-15T09:09:17.908+0000] {logging_mixin.py:188} INFO - [2025-12-15T09:09:17.908+0000] {dag.py:3954} INFO - Setting next_dagrun for dataset_consumes_unknown_never_scheduled to None, run_after=None
[2025-12-15T09:09:17.912+0000] {logging_mixin.py:188} INFO - [2025-12-15T09:09:17.912+0000] {dag.py:3954} INFO - Setting next_dagrun for dataset_produces_1 to 2025-12-14 00:00:00+00:00, run_after=2025-12-15 00:00:00+00:00
[2025-12-15T09:09:17.916+0000] {logging_mixin.py:188} INFO - [2025-12-15T09:09:17.915+0000] {dag.py:3954} INFO - Setting next_dagrun for dataset_produces_2 to None, run_after=None
[2025-12-15T09:09:17.980+0000] {processor.py:183} INFO - Processing /home/airflow/.local/lib/python3.12/site-packages/airflow/example_dags/example_datasets.py took 0.265 seconds
[2025-12-15T09:09:48.261+0000] {processor.py:161} INFO - Started process (PID=2890) to work on /home/airflow/.local/lib/python3.12/site-packages/airflow/example_dags/example_datasets.py
[2025-12-15T09:09:48.263+0000] {processor.py:830} INFO - Processing file /home/airflow/.local/lib/python3.12/site-packages/airflow/example_dags/example_datasets.py for tasks to queue
[2025-12-15T09:09:48.265+0000] {logging_mixin.py:188} INFO - [2025-12-15T09:09:48.265+0000] {dagbag.py:545} INFO - Filling up the DagBag from /home/airflow/.local/lib/python3.12/site-packages/airflow/example_dags/example_datasets.py
[2025-12-15T09:09:48.290+0000] {processor.py:840} INFO - DAG(s) 'dataset_consumes_1_never_scheduled', 'dataset_consumes_1_and_2', 'dataset_consumes_1', 'consume_1_or_2_with_dataset_expressions', 'consume_1_or_both_2_and_3_with_dataset_expressions', 'dataset_produces_1', 'dataset_consumes_unknown_never_scheduled', 'dataset_produces_2', 'conditional_dataset_and_time_based_timetable', 'consume_1_and_2_with_dataset_expressions' retrieved from /home/airflow/.local/lib/python3.12/site-packages/airflow/example_dags/example_datasets.py
[2025-12-15T09:09:48.378+0000] {logging_mixin.py:188} INFO - [2025-12-15T09:09:48.377+0000] {dag.py:3096} INFO - Sync 10 DAGs
[2025-12-15T09:09:48.420+0000] {logging_mixin.py:188} INFO - [2025-12-15T09:09:48.419+0000] {dag.py:3954} INFO - Setting next_dagrun for conditional_dataset_and_time_based_timetable to 2025-12-10 01:00:00+00:00, run_after=2025-12-10 01:00:00+00:00
[2025-12-15T09:09:48.427+0000] {logging_mixin.py:188} INFO - [2025-12-15T09:09:48.427+0000] {dag.py:3954} INFO - Setting next_dagrun for consume_1_and_2_with_dataset_expressions to None, run_after=None
[2025-12-15T09:09:48.430+0000] {logging_mixin.py:188} INFO - [2025-12-15T09:09:48.429+0000] {dag.py:3954} INFO - Setting next_dagrun for consume_1_or_2_with_dataset_expressions to None, run_after=None
[2025-12-15T09:09:48.432+0000] {logging_mixin.py:188} INFO - [2025-12-15T09:09:48.432+0000] {dag.py:3954} INFO - Setting next_dagrun for consume_1_or_both_2_and_3_with_dataset_expressions to None, run_after=None
[2025-12-15T09:09:48.435+0000] {logging_mixin.py:188} INFO - [2025-12-15T09:09:48.434+0000] {dag.py:3954} INFO - Setting next_dagrun for dataset_consumes_1 to None, run_after=None
[2025-12-15T09:09:48.438+0000] {logging_mixin.py:188} INFO - [2025-12-15T09:09:48.437+0000] {dag.py:3954} INFO - Setting next_dagrun for dataset_consumes_1_and_2 to None, run_after=None
[2025-12-15T09:09:48.440+0000] {logging_mixin.py:188} INFO - [2025-12-15T09:09:48.440+0000] {dag.py:3954} INFO - Setting next_dagrun for dataset_consumes_1_never_scheduled to None, run_after=None
[2025-12-15T09:09:48.443+0000] {logging_mixin.py:188} INFO - [2025-12-15T09:09:48.443+0000] {dag.py:3954} INFO - Setting next_dagrun for dataset_consumes_unknown_never_scheduled to None, run_after=None
[2025-12-15T09:09:48.447+0000] {logging_mixin.py:188} INFO - [2025-12-15T09:09:48.447+0000] {dag.py:3954} INFO - Setting next_dagrun for dataset_produces_1 to 2025-12-14 00:00:00+00:00, run_after=2025-12-15 00:00:00+00:00
[2025-12-15T09:09:48.450+0000] {logging_mixin.py:188} INFO - [2025-12-15T09:09:48.450+0000] {dag.py:3954} INFO - Setting next_dagrun for dataset_produces_2 to None, run_after=None
[2025-12-15T09:09:48.513+0000] {processor.py:183} INFO - Processing /home/airflow/.local/lib/python3.12/site-packages/airflow/example_dags/example_datasets.py took 0.261 seconds
[2025-12-15T09:10:18.610+0000] {processor.py:161} INFO - Started process (PID=3151) to work on /home/airflow/.local/lib/python3.12/site-packages/airflow/example_dags/example_datasets.py
[2025-12-15T09:10:18.612+0000] {processor.py:830} INFO - Processing file /home/airflow/.local/lib/python3.12/site-packages/airflow/example_dags/example_datasets.py for tasks to queue
[2025-12-15T09:10:18.615+0000] {logging_mixin.py:188} INFO - [2025-12-15T09:10:18.614+0000] {dagbag.py:545} INFO - Filling up the DagBag from /home/airflow/.local/lib/python3.12/site-packages/airflow/example_dags/example_datasets.py
[2025-12-15T09:10:18.635+0000] {processor.py:840} INFO - DAG(s) 'consume_1_or_both_2_and_3_with_dataset_expressions', 'dataset_consumes_1_never_scheduled', 'consume_1_and_2_with_dataset_expressions', 'dataset_consumes_unknown_never_scheduled', 'dataset_produces_2', 'dataset_consumes_1_and_2', 'conditional_dataset_and_time_based_timetable', 'dataset_produces_1', 'dataset_consumes_1', 'consume_1_or_2_with_dataset_expressions' retrieved from /home/airflow/.local/lib/python3.12/site-packages/airflow/example_dags/example_datasets.py
[2025-12-15T09:10:18.715+0000] {logging_mixin.py:188} INFO - [2025-12-15T09:10:18.715+0000] {dag.py:3096} INFO - Sync 10 DAGs
[2025-12-15T09:10:18.757+0000] {logging_mixin.py:188} INFO - [2025-12-15T09:10:18.757+0000] {dag.py:3954} INFO - Setting next_dagrun for conditional_dataset_and_time_based_timetable to 2025-12-10 01:00:00+00:00, run_after=2025-12-10 01:00:00+00:00
[2025-12-15T09:10:18.765+0000] {logging_mixin.py:188} INFO - [2025-12-15T09:10:18.764+0000] {dag.py:3954} INFO - Setting next_dagrun for consume_1_and_2_with_dataset_expressions to None, run_after=None
[2025-12-15T09:10:18.768+0000] {logging_mixin.py:188} INFO - [2025-12-15T09:10:18.768+0000] {dag.py:3954} INFO - Setting next_dagrun for consume_1_or_2_with_dataset_expressions to None, run_after=None
[2025-12-15T09:10:18.770+0000] {logging_mixin.py:188} INFO - [2025-12-15T09:10:18.770+0000] {dag.py:3954} INFO - Setting next_dagrun for consume_1_or_both_2_and_3_with_dataset_expressions to None, run_after=None
[2025-12-15T09:10:18.773+0000] {logging_mixin.py:188} INFO - [2025-12-15T09:10:18.773+0000] {dag.py:3954} INFO - Setting next_dagrun for dataset_consumes_1 to None, run_after=None
[2025-12-15T09:10:18.775+0000] {logging_mixin.py:188} INFO - [2025-12-15T09:10:18.775+0000] {dag.py:3954} INFO - Setting next_dagrun for dataset_consumes_1_and_2 to None, run_after=None
[2025-12-15T09:10:18.777+0000] {logging_mixin.py:188} INFO - [2025-12-15T09:10:18.777+0000] {dag.py:3954} INFO - Setting next_dagrun for dataset_consumes_1_never_scheduled to None, run_after=None
[2025-12-15T09:10:18.780+0000] {logging_mixin.py:188} INFO - [2025-12-15T09:10:18.779+0000] {dag.py:3954} INFO - Setting next_dagrun for dataset_consumes_unknown_never_scheduled to None, run_after=None
[2025-12-15T09:10:18.784+0000] {logging_mixin.py:188} INFO - [2025-12-15T09:10:18.783+0000] {dag.py:3954} INFO - Setting next_dagrun for dataset_produces_1 to 2025-12-14 00:00:00+00:00, run_after=2025-12-15 00:00:00+00:00
[2025-12-15T09:10:18.786+0000] {logging_mixin.py:188} INFO - [2025-12-15T09:10:18.786+0000] {dag.py:3954} INFO - Setting next_dagrun for dataset_produces_2 to None, run_after=None
[2025-12-15T09:10:18.847+0000] {processor.py:183} INFO - Processing /home/airflow/.local/lib/python3.12/site-packages/airflow/example_dags/example_datasets.py took 0.246 seconds
[2025-12-15T09:10:49.033+0000] {processor.py:161} INFO - Started process (PID=3412) to work on /home/airflow/.local/lib/python3.12/site-packages/airflow/example_dags/example_datasets.py
[2025-12-15T09:10:49.035+0000] {processor.py:830} INFO - Processing file /home/airflow/.local/lib/python3.12/site-packages/airflow/example_dags/example_datasets.py for tasks to queue
[2025-12-15T09:10:49.037+0000] {logging_mixin.py:188} INFO - [2025-12-15T09:10:49.037+0000] {dagbag.py:545} INFO - Filling up the DagBag from /home/airflow/.local/lib/python3.12/site-packages/airflow/example_dags/example_datasets.py
[2025-12-15T09:10:49.059+0000] {processor.py:840} INFO - DAG(s) 'conditional_dataset_and_time_based_timetable', 'consume_1_and_2_with_dataset_expressions', 'dataset_consumes_1_and_2', 'dataset_consumes_1_never_scheduled', 'dataset_produces_2', 'consume_1_or_2_with_dataset_expressions', 'dataset_consumes_1', 'dataset_produces_1', 'consume_1_or_both_2_and_3_with_dataset_expressions', 'dataset_consumes_unknown_never_scheduled' retrieved from /home/airflow/.local/lib/python3.12/site-packages/airflow/example_dags/example_datasets.py
[2025-12-15T09:10:49.137+0000] {logging_mixin.py:188} INFO - [2025-12-15T09:10:49.137+0000] {dag.py:3096} INFO - Sync 10 DAGs
[2025-12-15T09:10:49.178+0000] {logging_mixin.py:188} INFO - [2025-12-15T09:10:49.177+0000] {dag.py:3954} INFO - Setting next_dagrun for conditional_dataset_and_time_based_timetable to 2025-12-10 01:00:00+00:00, run_after=2025-12-10 01:00:00+00:00
[2025-12-15T09:10:49.187+0000] {logging_mixin.py:188} INFO - [2025-12-15T09:10:49.186+0000] {dag.py:3954} INFO - Setting next_dagrun for consume_1_and_2_with_dataset_expressions to None, run_after=None
[2025-12-15T09:10:49.189+0000] {logging_mixin.py:188} INFO - [2025-12-15T09:10:49.189+0000] {dag.py:3954} INFO - Setting next_dagrun for consume_1_or_2_with_dataset_expressions to None, run_after=None
[2025-12-15T09:10:49.191+0000] {logging_mixin.py:188} INFO - [2025-12-15T09:10:49.191+0000] {dag.py:3954} INFO - Setting next_dagrun for consume_1_or_both_2_and_3_with_dataset_expressions to None, run_after=None
[2025-12-15T09:10:49.193+0000] {logging_mixin.py:188} INFO - [2025-12-15T09:10:49.193+0000] {dag.py:3954} INFO - Setting next_dagrun for dataset_consumes_1 to None, run_after=None
[2025-12-15T09:10:49.196+0000] {logging_mixin.py:188} INFO - [2025-12-15T09:10:49.195+0000] {dag.py:3954} INFO - Setting next_dagrun for dataset_consumes_1_and_2 to None, run_after=None
[2025-12-15T09:10:49.198+0000] {logging_mixin.py:188} INFO - [2025-12-15T09:10:49.198+0000] {dag.py:3954} INFO - Setting next_dagrun for dataset_consumes_1_never_scheduled to None, run_after=None
[2025-12-15T09:10:49.201+0000] {logging_mixin.py:188} INFO - [2025-12-15T09:10:49.201+0000] {dag.py:3954} INFO - Setting next_dagrun for dataset_consumes_unknown_never_scheduled to None, run_after=None
[2025-12-15T09:10:49.209+0000] {logging_mixin.py:188} INFO - [2025-12-15T09:10:49.208+0000] {dag.py:3954} INFO - Setting next_dagrun for dataset_produces_1 to 2025-12-14 00:00:00+00:00, run_after=2025-12-15 00:00:00+00:00
[2025-12-15T09:10:49.214+0000] {logging_mixin.py:188} INFO - [2025-12-15T09:10:49.213+0000] {dag.py:3954} INFO - Setting next_dagrun for dataset_produces_2 to None, run_after=None
[2025-12-15T09:10:49.278+0000] {processor.py:183} INFO - Processing /home/airflow/.local/lib/python3.12/site-packages/airflow/example_dags/example_datasets.py took 0.252 seconds
[2025-12-15T09:11:19.382+0000] {processor.py:161} INFO - Started process (PID=3673) to work on /home/airflow/.local/lib/python3.12/site-packages/airflow/example_dags/example_datasets.py
[2025-12-15T09:11:19.384+0000] {processor.py:830} INFO - Processing file /home/airflow/.local/lib/python3.12/site-packages/airflow/example_dags/example_datasets.py for tasks to queue
[2025-12-15T09:11:19.387+0000] {logging_mixin.py:188} INFO - [2025-12-15T09:11:19.386+0000] {dagbag.py:545} INFO - Filling up the DagBag from /home/airflow/.local/lib/python3.12/site-packages/airflow/example_dags/example_datasets.py
[2025-12-15T09:11:19.409+0000] {processor.py:840} INFO - DAG(s) 'dataset_consumes_unknown_never_scheduled', 'consume_1_or_both_2_and_3_with_dataset_expressions', 'dataset_consumes_1_never_scheduled', 'dataset_produces_1', 'consume_1_and_2_with_dataset_expressions', 'dataset_consumes_1', 'conditional_dataset_and_time_based_timetable', 'consume_1_or_2_with_dataset_expressions', 'dataset_produces_2', 'dataset_consumes_1_and_2' retrieved from /home/airflow/.local/lib/python3.12/site-packages/airflow/example_dags/example_datasets.py
[2025-12-15T09:11:19.500+0000] {logging_mixin.py:188} INFO - [2025-12-15T09:11:19.499+0000] {dag.py:3096} INFO - Sync 10 DAGs
[2025-12-15T09:11:19.548+0000] {logging_mixin.py:188} INFO - [2025-12-15T09:11:19.547+0000] {dag.py:3954} INFO - Setting next_dagrun for conditional_dataset_and_time_based_timetable to 2025-12-10 01:00:00+00:00, run_after=2025-12-10 01:00:00+00:00
[2025-12-15T09:11:19.557+0000] {logging_mixin.py:188} INFO - [2025-12-15T09:11:19.556+0000] {dag.py:3954} INFO - Setting next_dagrun for consume_1_and_2_with_dataset_expressions to None, run_after=None
[2025-12-15T09:11:19.562+0000] {logging_mixin.py:188} INFO - [2025-12-15T09:11:19.561+0000] {dag.py:3954} INFO - Setting next_dagrun for consume_1_or_2_with_dataset_expressions to None, run_after=None
[2025-12-15T09:11:19.564+0000] {logging_mixin.py:188} INFO - [2025-12-15T09:11:19.564+0000] {dag.py:3954} INFO - Setting next_dagrun for consume_1_or_both_2_and_3_with_dataset_expressions to None, run_after=None
[2025-12-15T09:11:19.567+0000] {logging_mixin.py:188} INFO - [2025-12-15T09:11:19.567+0000] {dag.py:3954} INFO - Setting next_dagrun for dataset_consumes_1 to None, run_after=None
[2025-12-15T09:11:19.569+0000] {logging_mixin.py:188} INFO - [2025-12-15T09:11:19.569+0000] {dag.py:3954} INFO - Setting next_dagrun for dataset_consumes_1_and_2 to None, run_after=None
[2025-12-15T09:11:19.571+0000] {logging_mixin.py:188} INFO - [2025-12-15T09:11:19.571+0000] {dag.py:3954} INFO - Setting next_dagrun for dataset_consumes_1_never_scheduled to None, run_after=None
[2025-12-15T09:11:19.573+0000] {logging_mixin.py:188} INFO - [2025-12-15T09:11:19.573+0000] {dag.py:3954} INFO - Setting next_dagrun for dataset_consumes_unknown_never_scheduled to None, run_after=None
[2025-12-15T09:11:19.578+0000] {logging_mixin.py:188} INFO - [2025-12-15T09:11:19.577+0000] {dag.py:3954} INFO - Setting next_dagrun for dataset_produces_1 to 2025-12-14 00:00:00+00:00, run_after=2025-12-15 00:00:00+00:00
[2025-12-15T09:11:19.580+0000] {logging_mixin.py:188} INFO - [2025-12-15T09:11:19.580+0000] {dag.py:3954} INFO - Setting next_dagrun for dataset_produces_2 to None, run_after=None
[2025-12-15T09:11:19.637+0000] {processor.py:183} INFO - Processing /home/airflow/.local/lib/python3.12/site-packages/airflow/example_dags/example_datasets.py took 0.263 seconds
[2025-12-15T09:11:49.787+0000] {processor.py:161} INFO - Started process (PID=3934) to work on /home/airflow/.local/lib/python3.12/site-packages/airflow/example_dags/example_datasets.py
[2025-12-15T09:11:49.788+0000] {processor.py:830} INFO - Processing file /home/airflow/.local/lib/python3.12/site-packages/airflow/example_dags/example_datasets.py for tasks to queue
[2025-12-15T09:11:49.791+0000] {logging_mixin.py:188} INFO - [2025-12-15T09:11:49.790+0000] {dagbag.py:545} INFO - Filling up the DagBag from /home/airflow/.local/lib/python3.12/site-packages/airflow/example_dags/example_datasets.py
[2025-12-15T09:11:49.812+0000] {processor.py:840} INFO - DAG(s) 'conditional_dataset_and_time_based_timetable', 'consume_1_or_2_with_dataset_expressions', 'dataset_consumes_1_never_scheduled', 'dataset_consumes_1_and_2', 'dataset_consumes_unknown_never_scheduled', 'consume_1_or_both_2_and_3_with_dataset_expressions', 'dataset_produces_2', 'dataset_consumes_1', 'consume_1_and_2_with_dataset_expressions', 'dataset_produces_1' retrieved from /home/airflow/.local/lib/python3.12/site-packages/airflow/example_dags/example_datasets.py
[2025-12-15T09:11:49.891+0000] {logging_mixin.py:188} INFO - [2025-12-15T09:11:49.891+0000] {dag.py:3096} INFO - Sync 10 DAGs
[2025-12-15T09:11:49.930+0000] {logging_mixin.py:188} INFO - [2025-12-15T09:11:49.929+0000] {dag.py:3954} INFO - Setting next_dagrun for conditional_dataset_and_time_based_timetable to 2025-12-10 01:00:00+00:00, run_after=2025-12-10 01:00:00+00:00
[2025-12-15T09:11:49.936+0000] {logging_mixin.py:188} INFO - [2025-12-15T09:11:49.936+0000] {dag.py:3954} INFO - Setting next_dagrun for consume_1_and_2_with_dataset_expressions to None, run_after=None
[2025-12-15T09:11:49.940+0000] {logging_mixin.py:188} INFO - [2025-12-15T09:11:49.940+0000] {dag.py:3954} INFO - Setting next_dagrun for consume_1_or_2_with_dataset_expressions to None, run_after=None
[2025-12-15T09:11:49.942+0000] {logging_mixin.py:188} INFO - [2025-12-15T09:11:49.942+0000] {dag.py:3954} INFO - Setting next_dagrun for consume_1_or_both_2_and_3_with_dataset_expressions to None, run_after=None
[2025-12-15T09:11:49.945+0000] {logging_mixin.py:188} INFO - [2025-12-15T09:11:49.944+0000] {dag.py:3954} INFO - Setting next_dagrun for dataset_consumes_1 to None, run_after=None
[2025-12-15T09:11:49.947+0000] {logging_mixin.py:188} INFO - [2025-12-15T09:11:49.947+0000] {dag.py:3954} INFO - Setting next_dagrun for dataset_consumes_1_and_2 to None, run_after=None
[2025-12-15T09:11:49.949+0000] {logging_mixin.py:188} INFO - [2025-12-15T09:11:49.949+0000] {dag.py:3954} INFO - Setting next_dagrun for dataset_consumes_1_never_scheduled to None, run_after=None
[2025-12-15T09:11:49.951+0000] {logging_mixin.py:188} INFO - [2025-12-15T09:11:49.951+0000] {dag.py:3954} INFO - Setting next_dagrun for dataset_consumes_unknown_never_scheduled to None, run_after=None
[2025-12-15T09:11:49.957+0000] {logging_mixin.py:188} INFO - [2025-12-15T09:11:49.957+0000] {dag.py:3954} INFO - Setting next_dagrun for dataset_produces_1 to 2025-12-14 00:00:00+00:00, run_after=2025-12-15 00:00:00+00:00
[2025-12-15T09:11:49.960+0000] {logging_mixin.py:188} INFO - [2025-12-15T09:11:49.960+0000] {dag.py:3954} INFO - Setting next_dagrun for dataset_produces_2 to None, run_after=None
[2025-12-15T09:11:50.009+0000] {processor.py:183} INFO - Processing /home/airflow/.local/lib/python3.12/site-packages/airflow/example_dags/example_datasets.py took 0.230 seconds
[2025-12-15T09:12:20.204+0000] {processor.py:161} INFO - Started process (PID=4200) to work on /home/airflow/.local/lib/python3.12/site-packages/airflow/example_dags/example_datasets.py
[2025-12-15T09:12:20.205+0000] {processor.py:830} INFO - Processing file /home/airflow/.local/lib/python3.12/site-packages/airflow/example_dags/example_datasets.py for tasks to queue
[2025-12-15T09:12:20.209+0000] {logging_mixin.py:188} INFO - [2025-12-15T09:12:20.208+0000] {dagbag.py:545} INFO - Filling up the DagBag from /home/airflow/.local/lib/python3.12/site-packages/airflow/example_dags/example_datasets.py
[2025-12-15T09:12:20.235+0000] {processor.py:840} INFO - DAG(s) 'consume_1_and_2_with_dataset_expressions', 'conditional_dataset_and_time_based_timetable', 'dataset_consumes_unknown_never_scheduled', 'consume_1_or_both_2_and_3_with_dataset_expressions', 'dataset_consumes_1_never_scheduled', 'dataset_consumes_1', 'dataset_consumes_1_and_2', 'dataset_produces_2', 'dataset_produces_1', 'consume_1_or_2_with_dataset_expressions' retrieved from /home/airflow/.local/lib/python3.12/site-packages/airflow/example_dags/example_datasets.py
[2025-12-15T09:12:20.352+0000] {logging_mixin.py:188} INFO - [2025-12-15T09:12:20.351+0000] {dag.py:3096} INFO - Sync 10 DAGs
[2025-12-15T09:12:20.395+0000] {logging_mixin.py:188} INFO - [2025-12-15T09:12:20.395+0000] {dag.py:3954} INFO - Setting next_dagrun for conditional_dataset_and_time_based_timetable to 2025-12-10 01:00:00+00:00, run_after=2025-12-10 01:00:00+00:00
[2025-12-15T09:12:20.404+0000] {logging_mixin.py:188} INFO - [2025-12-15T09:12:20.404+0000] {dag.py:3954} INFO - Setting next_dagrun for consume_1_and_2_with_dataset_expressions to None, run_after=None
[2025-12-15T09:12:20.407+0000] {logging_mixin.py:188} INFO - [2025-12-15T09:12:20.407+0000] {dag.py:3954} INFO - Setting next_dagrun for consume_1_or_2_with_dataset_expressions to None, run_after=None
[2025-12-15T09:12:20.410+0000] {logging_mixin.py:188} INFO - [2025-12-15T09:12:20.410+0000] {dag.py:3954} INFO - Setting next_dagrun for consume_1_or_both_2_and_3_with_dataset_expressions to None, run_after=None
[2025-12-15T09:12:20.414+0000] {logging_mixin.py:188} INFO - [2025-12-15T09:12:20.414+0000] {dag.py:3954} INFO - Setting next_dagrun for dataset_consumes_1 to None, run_after=None
[2025-12-15T09:12:20.417+0000] {logging_mixin.py:188} INFO - [2025-12-15T09:12:20.416+0000] {dag.py:3954} INFO - Setting next_dagrun for dataset_consumes_1_and_2 to None, run_after=None
[2025-12-15T09:12:20.419+0000] {logging_mixin.py:188} INFO - [2025-12-15T09:12:20.419+0000] {dag.py:3954} INFO - Setting next_dagrun for dataset_consumes_1_never_scheduled to None, run_after=None
[2025-12-15T09:12:20.422+0000] {logging_mixin.py:188} INFO - [2025-12-15T09:12:20.422+0000] {dag.py:3954} INFO - Setting next_dagrun for dataset_consumes_unknown_never_scheduled to None, run_after=None
[2025-12-15T09:12:20.427+0000] {logging_mixin.py:188} INFO - [2025-12-15T09:12:20.427+0000] {dag.py:3954} INFO - Setting next_dagrun for dataset_produces_1 to 2025-12-14 00:00:00+00:00, run_after=2025-12-15 00:00:00+00:00
[2025-12-15T09:12:20.430+0000] {logging_mixin.py:188} INFO - [2025-12-15T09:12:20.430+0000] {dag.py:3954} INFO - Setting next_dagrun for dataset_produces_2 to None, run_after=None
[2025-12-15T09:12:20.491+0000] {processor.py:183} INFO - Processing /home/airflow/.local/lib/python3.12/site-packages/airflow/example_dags/example_datasets.py took 0.295 seconds
