[2026-01-14T07:54:49.750+0000] {processor.py:161} INFO - Started process (PID=246) to work on /home/airflow/.local/lib/python3.12/site-packages/airflow/example_dags/example_branch_python_dop_operator_3.py
[2026-01-14T07:54:49.760+0000] {processor.py:830} INFO - Processing file /home/airflow/.local/lib/python3.12/site-packages/airflow/example_dags/example_branch_python_dop_operator_3.py for tasks to queue
[2026-01-14T07:54:49.765+0000] {logging_mixin.py:188} INFO - [2026-01-14T07:54:49.765+0000] {dagbag.py:545} INFO - Filling up the DagBag from /home/airflow/.local/lib/python3.12/site-packages/airflow/example_dags/example_branch_python_dop_operator_3.py
[2026-01-14T07:54:49.790+0000] {processor.py:840} INFO - DAG(s) 'example_branch_dop_operator_v3' retrieved from /home/airflow/.local/lib/python3.12/site-packages/airflow/example_dags/example_branch_python_dop_operator_3.py
[2026-01-14T07:54:49.929+0000] {logging_mixin.py:188} INFO - [2026-01-14T07:54:49.928+0000] {dag.py:3096} INFO - Sync 1 DAGs
[2026-01-14T07:54:50.063+0000] {logging_mixin.py:188} INFO - [2026-01-14T07:54:50.063+0000] {dag.py:3954} INFO - Setting next_dagrun for example_branch_dop_operator_v3 to 2026-01-14 07:53:00+00:00, run_after=2026-01-14 07:54:00+00:00
[2026-01-14T07:54:50.211+0000] {processor.py:183} INFO - Processing /home/airflow/.local/lib/python3.12/site-packages/airflow/example_dags/example_branch_python_dop_operator_3.py took 0.486 seconds
[2026-01-14T07:55:20.783+0000] {processor.py:161} INFO - Started process (PID=565) to work on /home/airflow/.local/lib/python3.12/site-packages/airflow/example_dags/example_branch_python_dop_operator_3.py
[2026-01-14T07:55:20.785+0000] {processor.py:830} INFO - Processing file /home/airflow/.local/lib/python3.12/site-packages/airflow/example_dags/example_branch_python_dop_operator_3.py for tasks to queue
[2026-01-14T07:55:20.788+0000] {logging_mixin.py:188} INFO - [2026-01-14T07:55:20.788+0000] {dagbag.py:545} INFO - Filling up the DagBag from /home/airflow/.local/lib/python3.12/site-packages/airflow/example_dags/example_branch_python_dop_operator_3.py
[2026-01-14T07:55:20.800+0000] {processor.py:840} INFO - DAG(s) 'example_branch_dop_operator_v3' retrieved from /home/airflow/.local/lib/python3.12/site-packages/airflow/example_dags/example_branch_python_dop_operator_3.py
[2026-01-14T07:55:20.836+0000] {logging_mixin.py:188} INFO - [2026-01-14T07:55:20.835+0000] {dag.py:3096} INFO - Sync 1 DAGs
[2026-01-14T07:55:20.873+0000] {logging_mixin.py:188} INFO - [2026-01-14T07:55:20.873+0000] {dag.py:3954} INFO - Setting next_dagrun for example_branch_dop_operator_v3 to 2026-01-14 07:54:00+00:00, run_after=2026-01-14 07:55:00+00:00
[2026-01-14T07:55:20.904+0000] {processor.py:183} INFO - Processing /home/airflow/.local/lib/python3.12/site-packages/airflow/example_dags/example_branch_python_dop_operator_3.py took 0.129 seconds
[2026-01-14T07:55:51.169+0000] {processor.py:161} INFO - Started process (PID=826) to work on /home/airflow/.local/lib/python3.12/site-packages/airflow/example_dags/example_branch_python_dop_operator_3.py
[2026-01-14T07:55:51.171+0000] {processor.py:830} INFO - Processing file /home/airflow/.local/lib/python3.12/site-packages/airflow/example_dags/example_branch_python_dop_operator_3.py for tasks to queue
[2026-01-14T07:55:51.174+0000] {logging_mixin.py:188} INFO - [2026-01-14T07:55:51.173+0000] {dagbag.py:545} INFO - Filling up the DagBag from /home/airflow/.local/lib/python3.12/site-packages/airflow/example_dags/example_branch_python_dop_operator_3.py
[2026-01-14T07:55:51.185+0000] {processor.py:840} INFO - DAG(s) 'example_branch_dop_operator_v3' retrieved from /home/airflow/.local/lib/python3.12/site-packages/airflow/example_dags/example_branch_python_dop_operator_3.py
[2026-01-14T07:55:51.216+0000] {logging_mixin.py:188} INFO - [2026-01-14T07:55:51.215+0000] {dag.py:3096} INFO - Sync 1 DAGs
[2026-01-14T07:55:51.252+0000] {logging_mixin.py:188} INFO - [2026-01-14T07:55:51.252+0000] {dag.py:3954} INFO - Setting next_dagrun for example_branch_dop_operator_v3 to 2026-01-14 07:54:00+00:00, run_after=2026-01-14 07:55:00+00:00
[2026-01-14T07:55:51.284+0000] {processor.py:183} INFO - Processing /home/airflow/.local/lib/python3.12/site-packages/airflow/example_dags/example_branch_python_dop_operator_3.py took 0.122 seconds
[2026-01-14T07:56:21.641+0000] {processor.py:161} INFO - Started process (PID=1110) to work on /home/airflow/.local/lib/python3.12/site-packages/airflow/example_dags/example_branch_python_dop_operator_3.py
[2026-01-14T07:56:21.642+0000] {processor.py:830} INFO - Processing file /home/airflow/.local/lib/python3.12/site-packages/airflow/example_dags/example_branch_python_dop_operator_3.py for tasks to queue
[2026-01-14T07:56:21.646+0000] {logging_mixin.py:188} INFO - [2026-01-14T07:56:21.645+0000] {dagbag.py:545} INFO - Filling up the DagBag from /home/airflow/.local/lib/python3.12/site-packages/airflow/example_dags/example_branch_python_dop_operator_3.py
[2026-01-14T07:56:21.658+0000] {processor.py:840} INFO - DAG(s) 'example_branch_dop_operator_v3' retrieved from /home/airflow/.local/lib/python3.12/site-packages/airflow/example_dags/example_branch_python_dop_operator_3.py
[2026-01-14T07:56:21.694+0000] {logging_mixin.py:188} INFO - [2026-01-14T07:56:21.694+0000] {dag.py:3096} INFO - Sync 1 DAGs
[2026-01-14T07:56:21.735+0000] {logging_mixin.py:188} INFO - [2026-01-14T07:56:21.735+0000] {dag.py:3954} INFO - Setting next_dagrun for example_branch_dop_operator_v3 to 2026-01-14 07:55:00+00:00, run_after=2026-01-14 07:56:00+00:00
[2026-01-14T07:56:21.767+0000] {processor.py:183} INFO - Processing /home/airflow/.local/lib/python3.12/site-packages/airflow/example_dags/example_branch_python_dop_operator_3.py took 0.134 seconds
[2026-01-14T07:56:52.567+0000] {processor.py:161} INFO - Started process (PID=1373) to work on /home/airflow/.local/lib/python3.12/site-packages/airflow/example_dags/example_branch_python_dop_operator_3.py
[2026-01-14T07:56:52.569+0000] {processor.py:830} INFO - Processing file /home/airflow/.local/lib/python3.12/site-packages/airflow/example_dags/example_branch_python_dop_operator_3.py for tasks to queue
[2026-01-14T07:56:52.571+0000] {logging_mixin.py:188} INFO - [2026-01-14T07:56:52.571+0000] {dagbag.py:545} INFO - Filling up the DagBag from /home/airflow/.local/lib/python3.12/site-packages/airflow/example_dags/example_branch_python_dop_operator_3.py
[2026-01-14T07:56:52.585+0000] {processor.py:840} INFO - DAG(s) 'example_branch_dop_operator_v3' retrieved from /home/airflow/.local/lib/python3.12/site-packages/airflow/example_dags/example_branch_python_dop_operator_3.py
[2026-01-14T07:56:52.620+0000] {logging_mixin.py:188} INFO - [2026-01-14T07:56:52.619+0000] {dag.py:3096} INFO - Sync 1 DAGs
[2026-01-14T07:56:52.660+0000] {logging_mixin.py:188} INFO - [2026-01-14T07:56:52.659+0000] {dag.py:3954} INFO - Setting next_dagrun for example_branch_dop_operator_v3 to 2026-01-14 07:55:00+00:00, run_after=2026-01-14 07:56:00+00:00
[2026-01-14T07:56:52.692+0000] {processor.py:183} INFO - Processing /home/airflow/.local/lib/python3.12/site-packages/airflow/example_dags/example_branch_python_dop_operator_3.py took 0.132 seconds
[2026-01-14T07:57:23.282+0000] {processor.py:161} INFO - Started process (PID=1680) to work on /home/airflow/.local/lib/python3.12/site-packages/airflow/example_dags/example_branch_python_dop_operator_3.py
[2026-01-14T07:57:23.283+0000] {processor.py:830} INFO - Processing file /home/airflow/.local/lib/python3.12/site-packages/airflow/example_dags/example_branch_python_dop_operator_3.py for tasks to queue
[2026-01-14T07:57:23.286+0000] {logging_mixin.py:188} INFO - [2026-01-14T07:57:23.285+0000] {dagbag.py:545} INFO - Filling up the DagBag from /home/airflow/.local/lib/python3.12/site-packages/airflow/example_dags/example_branch_python_dop_operator_3.py
[2026-01-14T07:57:23.299+0000] {processor.py:840} INFO - DAG(s) 'example_branch_dop_operator_v3' retrieved from /home/airflow/.local/lib/python3.12/site-packages/airflow/example_dags/example_branch_python_dop_operator_3.py
[2026-01-14T07:57:23.332+0000] {logging_mixin.py:188} INFO - [2026-01-14T07:57:23.332+0000] {dag.py:3096} INFO - Sync 1 DAGs
[2026-01-14T07:57:23.374+0000] {logging_mixin.py:188} INFO - [2026-01-14T07:57:23.373+0000] {dag.py:3954} INFO - Setting next_dagrun for example_branch_dop_operator_v3 to 2026-01-14 07:56:00+00:00, run_after=2026-01-14 07:57:00+00:00
[2026-01-14T07:57:23.408+0000] {processor.py:183} INFO - Processing /home/airflow/.local/lib/python3.12/site-packages/airflow/example_dags/example_branch_python_dop_operator_3.py took 0.134 seconds
[2026-01-14T07:58:45.891+0000] {processor.py:161} INFO - Started process (PID=215) to work on /home/airflow/.local/lib/python3.12/site-packages/airflow/example_dags/example_branch_python_dop_operator_3.py
[2026-01-14T07:58:45.893+0000] {processor.py:830} INFO - Processing file /home/airflow/.local/lib/python3.12/site-packages/airflow/example_dags/example_branch_python_dop_operator_3.py for tasks to queue
[2026-01-14T07:58:45.895+0000] {logging_mixin.py:188} INFO - [2026-01-14T07:58:45.894+0000] {dagbag.py:545} INFO - Filling up the DagBag from /home/airflow/.local/lib/python3.12/site-packages/airflow/example_dags/example_branch_python_dop_operator_3.py
[2026-01-14T07:58:45.908+0000] {processor.py:840} INFO - DAG(s) 'example_branch_dop_operator_v3' retrieved from /home/airflow/.local/lib/python3.12/site-packages/airflow/example_dags/example_branch_python_dop_operator_3.py
[2026-01-14T07:58:45.953+0000] {logging_mixin.py:188} INFO - [2026-01-14T07:58:45.953+0000] {dag.py:3096} INFO - Sync 1 DAGs
[2026-01-14T07:58:45.994+0000] {logging_mixin.py:188} INFO - [2026-01-14T07:58:45.994+0000] {dag.py:3954} INFO - Setting next_dagrun for example_branch_dop_operator_v3 to 2026-01-14 07:57:00+00:00, run_after=2026-01-14 07:58:00+00:00
[2026-01-14T07:58:46.022+0000] {processor.py:183} INFO - Processing /home/airflow/.local/lib/python3.12/site-packages/airflow/example_dags/example_branch_python_dop_operator_3.py took 0.138 seconds
[2026-01-14T07:59:16.323+0000] {processor.py:161} INFO - Started process (PID=484) to work on /home/airflow/.local/lib/python3.12/site-packages/airflow/example_dags/example_branch_python_dop_operator_3.py
[2026-01-14T07:59:16.324+0000] {processor.py:830} INFO - Processing file /home/airflow/.local/lib/python3.12/site-packages/airflow/example_dags/example_branch_python_dop_operator_3.py for tasks to queue
[2026-01-14T07:59:16.327+0000] {logging_mixin.py:188} INFO - [2026-01-14T07:59:16.327+0000] {dagbag.py:545} INFO - Filling up the DagBag from /home/airflow/.local/lib/python3.12/site-packages/airflow/example_dags/example_branch_python_dop_operator_3.py
[2026-01-14T07:59:16.341+0000] {processor.py:840} INFO - DAG(s) 'example_branch_dop_operator_v3' retrieved from /home/airflow/.local/lib/python3.12/site-packages/airflow/example_dags/example_branch_python_dop_operator_3.py
[2026-01-14T07:59:16.380+0000] {logging_mixin.py:188} INFO - [2026-01-14T07:59:16.380+0000] {dag.py:3096} INFO - Sync 1 DAGs
[2026-01-14T07:59:16.425+0000] {logging_mixin.py:188} INFO - [2026-01-14T07:59:16.425+0000] {dag.py:3954} INFO - Setting next_dagrun for example_branch_dop_operator_v3 to 2026-01-14 07:58:00+00:00, run_after=2026-01-14 07:59:00+00:00
[2026-01-14T07:59:16.460+0000] {processor.py:183} INFO - Processing /home/airflow/.local/lib/python3.12/site-packages/airflow/example_dags/example_branch_python_dop_operator_3.py took 0.146 seconds
[2026-01-14T07:59:46.755+0000] {processor.py:161} INFO - Started process (PID=811) to work on /home/airflow/.local/lib/python3.12/site-packages/airflow/example_dags/example_branch_python_dop_operator_3.py
[2026-01-14T07:59:46.757+0000] {processor.py:830} INFO - Processing file /home/airflow/.local/lib/python3.12/site-packages/airflow/example_dags/example_branch_python_dop_operator_3.py for tasks to queue
[2026-01-14T07:59:46.759+0000] {logging_mixin.py:188} INFO - [2026-01-14T07:59:46.758+0000] {dagbag.py:545} INFO - Filling up the DagBag from /home/airflow/.local/lib/python3.12/site-packages/airflow/example_dags/example_branch_python_dop_operator_3.py
[2026-01-14T07:59:46.770+0000] {processor.py:840} INFO - DAG(s) 'example_branch_dop_operator_v3' retrieved from /home/airflow/.local/lib/python3.12/site-packages/airflow/example_dags/example_branch_python_dop_operator_3.py
[2026-01-14T07:59:46.800+0000] {logging_mixin.py:188} INFO - [2026-01-14T07:59:46.800+0000] {dag.py:3096} INFO - Sync 1 DAGs
[2026-01-14T07:59:46.835+0000] {logging_mixin.py:188} INFO - [2026-01-14T07:59:46.835+0000] {dag.py:3954} INFO - Setting next_dagrun for example_branch_dop_operator_v3 to 2026-01-14 07:58:00+00:00, run_after=2026-01-14 07:59:00+00:00
[2026-01-14T07:59:46.865+0000] {processor.py:183} INFO - Processing /home/airflow/.local/lib/python3.12/site-packages/airflow/example_dags/example_branch_python_dop_operator_3.py took 0.117 seconds
[2026-01-14T08:00:17.377+0000] {processor.py:161} INFO - Started process (PID=1075) to work on /home/airflow/.local/lib/python3.12/site-packages/airflow/example_dags/example_branch_python_dop_operator_3.py
[2026-01-14T08:00:17.379+0000] {processor.py:830} INFO - Processing file /home/airflow/.local/lib/python3.12/site-packages/airflow/example_dags/example_branch_python_dop_operator_3.py for tasks to queue
[2026-01-14T08:00:17.382+0000] {logging_mixin.py:188} INFO - [2026-01-14T08:00:17.381+0000] {dagbag.py:545} INFO - Filling up the DagBag from /home/airflow/.local/lib/python3.12/site-packages/airflow/example_dags/example_branch_python_dop_operator_3.py
[2026-01-14T08:00:17.396+0000] {processor.py:840} INFO - DAG(s) 'example_branch_dop_operator_v3' retrieved from /home/airflow/.local/lib/python3.12/site-packages/airflow/example_dags/example_branch_python_dop_operator_3.py
[2026-01-14T08:00:17.435+0000] {logging_mixin.py:188} INFO - [2026-01-14T08:00:17.435+0000] {dag.py:3096} INFO - Sync 1 DAGs
[2026-01-14T08:00:17.477+0000] {logging_mixin.py:188} INFO - [2026-01-14T08:00:17.477+0000] {dag.py:3954} INFO - Setting next_dagrun for example_branch_dop_operator_v3 to 2026-01-14 07:59:00+00:00, run_after=2026-01-14 08:00:00+00:00
[2026-01-14T08:00:17.509+0000] {processor.py:183} INFO - Processing /home/airflow/.local/lib/python3.12/site-packages/airflow/example_dags/example_branch_python_dop_operator_3.py took 0.141 seconds
[2026-01-14T08:00:47.895+0000] {processor.py:161} INFO - Started process (PID=1336) to work on /home/airflow/.local/lib/python3.12/site-packages/airflow/example_dags/example_branch_python_dop_operator_3.py
[2026-01-14T08:00:47.897+0000] {processor.py:830} INFO - Processing file /home/airflow/.local/lib/python3.12/site-packages/airflow/example_dags/example_branch_python_dop_operator_3.py for tasks to queue
[2026-01-14T08:00:47.900+0000] {logging_mixin.py:188} INFO - [2026-01-14T08:00:47.899+0000] {dagbag.py:545} INFO - Filling up the DagBag from /home/airflow/.local/lib/python3.12/site-packages/airflow/example_dags/example_branch_python_dop_operator_3.py
[2026-01-14T08:00:47.915+0000] {processor.py:840} INFO - DAG(s) 'example_branch_dop_operator_v3' retrieved from /home/airflow/.local/lib/python3.12/site-packages/airflow/example_dags/example_branch_python_dop_operator_3.py
[2026-01-14T08:00:47.950+0000] {logging_mixin.py:188} INFO - [2026-01-14T08:00:47.950+0000] {dag.py:3096} INFO - Sync 1 DAGs
[2026-01-14T08:00:47.997+0000] {logging_mixin.py:188} INFO - [2026-01-14T08:00:47.996+0000] {dag.py:3954} INFO - Setting next_dagrun for example_branch_dop_operator_v3 to 2026-01-14 07:59:00+00:00, run_after=2026-01-14 08:00:00+00:00
[2026-01-14T08:00:48.030+0000] {processor.py:183} INFO - Processing /home/airflow/.local/lib/python3.12/site-packages/airflow/example_dags/example_branch_python_dop_operator_3.py took 0.144 seconds
[2026-01-14T08:01:18.302+0000] {processor.py:161} INFO - Started process (PID=1600) to work on /home/airflow/.local/lib/python3.12/site-packages/airflow/example_dags/example_branch_python_dop_operator_3.py
[2026-01-14T08:01:18.304+0000] {processor.py:830} INFO - Processing file /home/airflow/.local/lib/python3.12/site-packages/airflow/example_dags/example_branch_python_dop_operator_3.py for tasks to queue
[2026-01-14T08:01:18.307+0000] {logging_mixin.py:188} INFO - [2026-01-14T08:01:18.307+0000] {dagbag.py:545} INFO - Filling up the DagBag from /home/airflow/.local/lib/python3.12/site-packages/airflow/example_dags/example_branch_python_dop_operator_3.py
[2026-01-14T08:01:18.320+0000] {processor.py:840} INFO - DAG(s) 'example_branch_dop_operator_v3' retrieved from /home/airflow/.local/lib/python3.12/site-packages/airflow/example_dags/example_branch_python_dop_operator_3.py
[2026-01-14T08:01:18.356+0000] {logging_mixin.py:188} INFO - [2026-01-14T08:01:18.355+0000] {dag.py:3096} INFO - Sync 1 DAGs
[2026-01-14T08:01:18.395+0000] {logging_mixin.py:188} INFO - [2026-01-14T08:01:18.395+0000] {dag.py:3954} INFO - Setting next_dagrun for example_branch_dop_operator_v3 to 2026-01-14 08:00:00+00:00, run_after=2026-01-14 08:01:00+00:00
[2026-01-14T08:01:18.428+0000] {processor.py:183} INFO - Processing /home/airflow/.local/lib/python3.12/site-packages/airflow/example_dags/example_branch_python_dop_operator_3.py took 0.134 seconds
[2026-01-14T08:01:48.759+0000] {processor.py:161} INFO - Started process (PID=1883) to work on /home/airflow/.local/lib/python3.12/site-packages/airflow/example_dags/example_branch_python_dop_operator_3.py
[2026-01-14T08:01:48.760+0000] {processor.py:830} INFO - Processing file /home/airflow/.local/lib/python3.12/site-packages/airflow/example_dags/example_branch_python_dop_operator_3.py for tasks to queue
[2026-01-14T08:01:48.763+0000] {logging_mixin.py:188} INFO - [2026-01-14T08:01:48.763+0000] {dagbag.py:545} INFO - Filling up the DagBag from /home/airflow/.local/lib/python3.12/site-packages/airflow/example_dags/example_branch_python_dop_operator_3.py
[2026-01-14T08:01:48.778+0000] {processor.py:840} INFO - DAG(s) 'example_branch_dop_operator_v3' retrieved from /home/airflow/.local/lib/python3.12/site-packages/airflow/example_dags/example_branch_python_dop_operator_3.py
[2026-01-14T08:01:48.817+0000] {logging_mixin.py:188} INFO - [2026-01-14T08:01:48.816+0000] {dag.py:3096} INFO - Sync 1 DAGs
[2026-01-14T08:01:48.860+0000] {logging_mixin.py:188} INFO - [2026-01-14T08:01:48.860+0000] {dag.py:3954} INFO - Setting next_dagrun for example_branch_dop_operator_v3 to 2026-01-14 08:00:00+00:00, run_after=2026-01-14 08:01:00+00:00
[2026-01-14T08:01:48.892+0000] {processor.py:183} INFO - Processing /home/airflow/.local/lib/python3.12/site-packages/airflow/example_dags/example_branch_python_dop_operator_3.py took 0.143 seconds
[2026-01-14T08:02:19.187+0000] {processor.py:161} INFO - Started process (PID=2149) to work on /home/airflow/.local/lib/python3.12/site-packages/airflow/example_dags/example_branch_python_dop_operator_3.py
[2026-01-14T08:02:19.188+0000] {processor.py:830} INFO - Processing file /home/airflow/.local/lib/python3.12/site-packages/airflow/example_dags/example_branch_python_dop_operator_3.py for tasks to queue
[2026-01-14T08:02:19.191+0000] {logging_mixin.py:188} INFO - [2026-01-14T08:02:19.191+0000] {dagbag.py:545} INFO - Filling up the DagBag from /home/airflow/.local/lib/python3.12/site-packages/airflow/example_dags/example_branch_python_dop_operator_3.py
[2026-01-14T08:02:19.204+0000] {processor.py:840} INFO - DAG(s) 'example_branch_dop_operator_v3' retrieved from /home/airflow/.local/lib/python3.12/site-packages/airflow/example_dags/example_branch_python_dop_operator_3.py
[2026-01-14T08:02:19.240+0000] {logging_mixin.py:188} INFO - [2026-01-14T08:02:19.239+0000] {dag.py:3096} INFO - Sync 1 DAGs
[2026-01-14T08:02:19.282+0000] {logging_mixin.py:188} INFO - [2026-01-14T08:02:19.282+0000] {dag.py:3954} INFO - Setting next_dagrun for example_branch_dop_operator_v3 to 2026-01-14 08:01:00+00:00, run_after=2026-01-14 08:02:00+00:00
[2026-01-14T08:02:19.313+0000] {processor.py:183} INFO - Processing /home/airflow/.local/lib/python3.12/site-packages/airflow/example_dags/example_branch_python_dop_operator_3.py took 0.134 seconds
[2026-01-14T08:02:49.398+0000] {processor.py:161} INFO - Started process (PID=2408) to work on /home/airflow/.local/lib/python3.12/site-packages/airflow/example_dags/example_branch_python_dop_operator_3.py
[2026-01-14T08:02:49.399+0000] {processor.py:830} INFO - Processing file /home/airflow/.local/lib/python3.12/site-packages/airflow/example_dags/example_branch_python_dop_operator_3.py for tasks to queue
[2026-01-14T08:02:49.402+0000] {logging_mixin.py:188} INFO - [2026-01-14T08:02:49.402+0000] {dagbag.py:545} INFO - Filling up the DagBag from /home/airflow/.local/lib/python3.12/site-packages/airflow/example_dags/example_branch_python_dop_operator_3.py
[2026-01-14T08:02:49.418+0000] {processor.py:840} INFO - DAG(s) 'example_branch_dop_operator_v3' retrieved from /home/airflow/.local/lib/python3.12/site-packages/airflow/example_dags/example_branch_python_dop_operator_3.py
[2026-01-14T08:02:49.454+0000] {logging_mixin.py:188} INFO - [2026-01-14T08:02:49.454+0000] {dag.py:3096} INFO - Sync 1 DAGs
[2026-01-14T08:02:49.499+0000] {logging_mixin.py:188} INFO - [2026-01-14T08:02:49.498+0000] {dag.py:3954} INFO - Setting next_dagrun for example_branch_dop_operator_v3 to 2026-01-14 08:01:00+00:00, run_after=2026-01-14 08:02:00+00:00
[2026-01-14T08:02:49.529+0000] {processor.py:183} INFO - Processing /home/airflow/.local/lib/python3.12/site-packages/airflow/example_dags/example_branch_python_dop_operator_3.py took 0.140 seconds
[2026-01-14T08:03:20.092+0000] {processor.py:161} INFO - Started process (PID=2674) to work on /home/airflow/.local/lib/python3.12/site-packages/airflow/example_dags/example_branch_python_dop_operator_3.py
[2026-01-14T08:03:20.094+0000] {processor.py:830} INFO - Processing file /home/airflow/.local/lib/python3.12/site-packages/airflow/example_dags/example_branch_python_dop_operator_3.py for tasks to queue
[2026-01-14T08:03:20.096+0000] {logging_mixin.py:188} INFO - [2026-01-14T08:03:20.096+0000] {dagbag.py:545} INFO - Filling up the DagBag from /home/airflow/.local/lib/python3.12/site-packages/airflow/example_dags/example_branch_python_dop_operator_3.py
[2026-01-14T08:03:20.109+0000] {processor.py:840} INFO - DAG(s) 'example_branch_dop_operator_v3' retrieved from /home/airflow/.local/lib/python3.12/site-packages/airflow/example_dags/example_branch_python_dop_operator_3.py
[2026-01-14T08:03:20.146+0000] {logging_mixin.py:188} INFO - [2026-01-14T08:03:20.146+0000] {dag.py:3096} INFO - Sync 1 DAGs
[2026-01-14T08:03:20.193+0000] {logging_mixin.py:188} INFO - [2026-01-14T08:03:20.193+0000] {dag.py:3954} INFO - Setting next_dagrun for example_branch_dop_operator_v3 to 2026-01-14 08:02:00+00:00, run_after=2026-01-14 08:03:00+00:00
[2026-01-14T08:03:20.229+0000] {processor.py:183} INFO - Processing /home/airflow/.local/lib/python3.12/site-packages/airflow/example_dags/example_branch_python_dop_operator_3.py took 0.145 seconds
[2026-01-14T08:03:50.332+0000] {processor.py:161} INFO - Started process (PID=2959) to work on /home/airflow/.local/lib/python3.12/site-packages/airflow/example_dags/example_branch_python_dop_operator_3.py
[2026-01-14T08:03:50.333+0000] {processor.py:830} INFO - Processing file /home/airflow/.local/lib/python3.12/site-packages/airflow/example_dags/example_branch_python_dop_operator_3.py for tasks to queue
[2026-01-14T08:03:50.337+0000] {logging_mixin.py:188} INFO - [2026-01-14T08:03:50.336+0000] {dagbag.py:545} INFO - Filling up the DagBag from /home/airflow/.local/lib/python3.12/site-packages/airflow/example_dags/example_branch_python_dop_operator_3.py
[2026-01-14T08:03:50.351+0000] {processor.py:840} INFO - DAG(s) 'example_branch_dop_operator_v3' retrieved from /home/airflow/.local/lib/python3.12/site-packages/airflow/example_dags/example_branch_python_dop_operator_3.py
[2026-01-14T08:03:50.390+0000] {logging_mixin.py:188} INFO - [2026-01-14T08:03:50.389+0000] {dag.py:3096} INFO - Sync 1 DAGs
[2026-01-14T08:03:50.431+0000] {logging_mixin.py:188} INFO - [2026-01-14T08:03:50.431+0000] {dag.py:3954} INFO - Setting next_dagrun for example_branch_dop_operator_v3 to 2026-01-14 08:02:00+00:00, run_after=2026-01-14 08:03:00+00:00
[2026-01-14T08:03:50.465+0000] {processor.py:183} INFO - Processing /home/airflow/.local/lib/python3.12/site-packages/airflow/example_dags/example_branch_python_dop_operator_3.py took 0.143 seconds
[2026-01-14T08:04:20.872+0000] {processor.py:161} INFO - Started process (PID=3221) to work on /home/airflow/.local/lib/python3.12/site-packages/airflow/example_dags/example_branch_python_dop_operator_3.py
[2026-01-14T08:04:20.873+0000] {processor.py:830} INFO - Processing file /home/airflow/.local/lib/python3.12/site-packages/airflow/example_dags/example_branch_python_dop_operator_3.py for tasks to queue
[2026-01-14T08:04:20.876+0000] {logging_mixin.py:188} INFO - [2026-01-14T08:04:20.875+0000] {dagbag.py:545} INFO - Filling up the DagBag from /home/airflow/.local/lib/python3.12/site-packages/airflow/example_dags/example_branch_python_dop_operator_3.py
[2026-01-14T08:04:20.889+0000] {processor.py:840} INFO - DAG(s) 'example_branch_dop_operator_v3' retrieved from /home/airflow/.local/lib/python3.12/site-packages/airflow/example_dags/example_branch_python_dop_operator_3.py
[2026-01-14T08:04:20.922+0000] {logging_mixin.py:188} INFO - [2026-01-14T08:04:20.921+0000] {dag.py:3096} INFO - Sync 1 DAGs
[2026-01-14T08:04:20.968+0000] {logging_mixin.py:188} INFO - [2026-01-14T08:04:20.968+0000] {dag.py:3954} INFO - Setting next_dagrun for example_branch_dop_operator_v3 to 2026-01-14 08:03:00+00:00, run_after=2026-01-14 08:04:00+00:00
[2026-01-14T08:04:20.998+0000] {processor.py:183} INFO - Processing /home/airflow/.local/lib/python3.12/site-packages/airflow/example_dags/example_branch_python_dop_operator_3.py took 0.135 seconds
[2026-01-14T08:04:51.904+0000] {processor.py:161} INFO - Started process (PID=3482) to work on /home/airflow/.local/lib/python3.12/site-packages/airflow/example_dags/example_branch_python_dop_operator_3.py
[2026-01-14T08:04:51.905+0000] {processor.py:830} INFO - Processing file /home/airflow/.local/lib/python3.12/site-packages/airflow/example_dags/example_branch_python_dop_operator_3.py for tasks to queue
[2026-01-14T08:04:51.907+0000] {logging_mixin.py:188} INFO - [2026-01-14T08:04:51.907+0000] {dagbag.py:545} INFO - Filling up the DagBag from /home/airflow/.local/lib/python3.12/site-packages/airflow/example_dags/example_branch_python_dop_operator_3.py
[2026-01-14T08:04:51.926+0000] {processor.py:840} INFO - DAG(s) 'example_branch_dop_operator_v3' retrieved from /home/airflow/.local/lib/python3.12/site-packages/airflow/example_dags/example_branch_python_dop_operator_3.py
[2026-01-14T08:04:51.957+0000] {logging_mixin.py:188} INFO - [2026-01-14T08:04:51.957+0000] {dag.py:3096} INFO - Sync 1 DAGs
[2026-01-14T08:04:51.993+0000] {logging_mixin.py:188} INFO - [2026-01-14T08:04:51.993+0000] {dag.py:3954} INFO - Setting next_dagrun for example_branch_dop_operator_v3 to 2026-01-14 08:03:00+00:00, run_after=2026-01-14 08:04:00+00:00
[2026-01-14T08:04:52.017+0000] {processor.py:183} INFO - Processing /home/airflow/.local/lib/python3.12/site-packages/airflow/example_dags/example_branch_python_dop_operator_3.py took 0.124 seconds
[2026-01-14T08:06:46.028+0000] {processor.py:161} INFO - Started process (PID=3739) to work on /home/airflow/.local/lib/python3.12/site-packages/airflow/example_dags/example_branch_python_dop_operator_3.py
[2026-01-14T08:06:46.031+0000] {processor.py:830} INFO - Processing file /home/airflow/.local/lib/python3.12/site-packages/airflow/example_dags/example_branch_python_dop_operator_3.py for tasks to queue
[2026-01-14T08:06:46.036+0000] {logging_mixin.py:188} INFO - [2026-01-14T08:06:46.035+0000] {dagbag.py:545} INFO - Filling up the DagBag from /home/airflow/.local/lib/python3.12/site-packages/airflow/example_dags/example_branch_python_dop_operator_3.py
[2026-01-14T08:06:46.053+0000] {processor.py:840} INFO - DAG(s) 'example_branch_dop_operator_v3' retrieved from /home/airflow/.local/lib/python3.12/site-packages/airflow/example_dags/example_branch_python_dop_operator_3.py
[2026-01-14T08:06:46.085+0000] {logging_mixin.py:188} INFO - [2026-01-14T08:06:46.084+0000] {dag.py:3096} INFO - Sync 1 DAGs
[2026-01-14T08:06:46.130+0000] {logging_mixin.py:188} INFO - [2026-01-14T08:06:46.129+0000] {dag.py:3954} INFO - Setting next_dagrun for example_branch_dop_operator_v3 to 2026-01-14 08:05:00+00:00, run_after=2026-01-14 08:06:00+00:00
[2026-01-14T08:06:46.167+0000] {processor.py:183} INFO - Processing /home/airflow/.local/lib/python3.12/site-packages/airflow/example_dags/example_branch_python_dop_operator_3.py took 0.164 seconds
[2026-01-14T08:07:17.199+0000] {processor.py:161} INFO - Started process (PID=4003) to work on /home/airflow/.local/lib/python3.12/site-packages/airflow/example_dags/example_branch_python_dop_operator_3.py
[2026-01-14T08:07:17.200+0000] {processor.py:830} INFO - Processing file /home/airflow/.local/lib/python3.12/site-packages/airflow/example_dags/example_branch_python_dop_operator_3.py for tasks to queue
[2026-01-14T08:07:17.202+0000] {logging_mixin.py:188} INFO - [2026-01-14T08:07:17.202+0000] {dagbag.py:545} INFO - Filling up the DagBag from /home/airflow/.local/lib/python3.12/site-packages/airflow/example_dags/example_branch_python_dop_operator_3.py
[2026-01-14T08:07:17.212+0000] {processor.py:840} INFO - DAG(s) 'example_branch_dop_operator_v3' retrieved from /home/airflow/.local/lib/python3.12/site-packages/airflow/example_dags/example_branch_python_dop_operator_3.py
[2026-01-14T08:07:17.237+0000] {logging_mixin.py:188} INFO - [2026-01-14T08:07:17.237+0000] {dag.py:3096} INFO - Sync 1 DAGs
[2026-01-14T08:07:17.267+0000] {logging_mixin.py:188} INFO - [2026-01-14T08:07:17.266+0000] {dag.py:3954} INFO - Setting next_dagrun for example_branch_dop_operator_v3 to 2026-01-14 08:06:00+00:00, run_after=2026-01-14 08:07:00+00:00
[2026-01-14T08:07:17.289+0000] {processor.py:183} INFO - Processing /home/airflow/.local/lib/python3.12/site-packages/airflow/example_dags/example_branch_python_dop_operator_3.py took 0.097 seconds
[2026-01-14T08:07:48.130+0000] {processor.py:161} INFO - Started process (PID=4264) to work on /home/airflow/.local/lib/python3.12/site-packages/airflow/example_dags/example_branch_python_dop_operator_3.py
[2026-01-14T08:07:48.131+0000] {processor.py:830} INFO - Processing file /home/airflow/.local/lib/python3.12/site-packages/airflow/example_dags/example_branch_python_dop_operator_3.py for tasks to queue
[2026-01-14T08:07:48.133+0000] {logging_mixin.py:188} INFO - [2026-01-14T08:07:48.133+0000] {dagbag.py:545} INFO - Filling up the DagBag from /home/airflow/.local/lib/python3.12/site-packages/airflow/example_dags/example_branch_python_dop_operator_3.py
[2026-01-14T08:07:48.145+0000] {processor.py:840} INFO - DAG(s) 'example_branch_dop_operator_v3' retrieved from /home/airflow/.local/lib/python3.12/site-packages/airflow/example_dags/example_branch_python_dop_operator_3.py
[2026-01-14T08:07:48.179+0000] {logging_mixin.py:188} INFO - [2026-01-14T08:07:48.178+0000] {dag.py:3096} INFO - Sync 1 DAGs
[2026-01-14T08:07:48.217+0000] {logging_mixin.py:188} INFO - [2026-01-14T08:07:48.217+0000] {dag.py:3954} INFO - Setting next_dagrun for example_branch_dop_operator_v3 to 2026-01-14 08:06:00+00:00, run_after=2026-01-14 08:07:00+00:00
[2026-01-14T08:07:48.246+0000] {processor.py:183} INFO - Processing /home/airflow/.local/lib/python3.12/site-packages/airflow/example_dags/example_branch_python_dop_operator_3.py took 0.124 seconds
[2026-01-14T08:08:18.958+0000] {processor.py:161} INFO - Started process (PID=4525) to work on /home/airflow/.local/lib/python3.12/site-packages/airflow/example_dags/example_branch_python_dop_operator_3.py
[2026-01-14T08:08:18.959+0000] {processor.py:830} INFO - Processing file /home/airflow/.local/lib/python3.12/site-packages/airflow/example_dags/example_branch_python_dop_operator_3.py for tasks to queue
[2026-01-14T08:08:18.962+0000] {logging_mixin.py:188} INFO - [2026-01-14T08:08:18.962+0000] {dagbag.py:545} INFO - Filling up the DagBag from /home/airflow/.local/lib/python3.12/site-packages/airflow/example_dags/example_branch_python_dop_operator_3.py
[2026-01-14T08:08:18.976+0000] {processor.py:840} INFO - DAG(s) 'example_branch_dop_operator_v3' retrieved from /home/airflow/.local/lib/python3.12/site-packages/airflow/example_dags/example_branch_python_dop_operator_3.py
[2026-01-14T08:08:19.010+0000] {logging_mixin.py:188} INFO - [2026-01-14T08:08:19.009+0000] {dag.py:3096} INFO - Sync 1 DAGs
[2026-01-14T08:08:19.050+0000] {logging_mixin.py:188} INFO - [2026-01-14T08:08:19.050+0000] {dag.py:3954} INFO - Setting next_dagrun for example_branch_dop_operator_v3 to 2026-01-14 08:07:00+00:00, run_after=2026-01-14 08:08:00+00:00
[2026-01-14T08:08:19.079+0000] {processor.py:183} INFO - Processing /home/airflow/.local/lib/python3.12/site-packages/airflow/example_dags/example_branch_python_dop_operator_3.py took 0.130 seconds
[2026-01-14T08:08:49.447+0000] {processor.py:161} INFO - Started process (PID=4786) to work on /home/airflow/.local/lib/python3.12/site-packages/airflow/example_dags/example_branch_python_dop_operator_3.py
[2026-01-14T08:08:49.448+0000] {processor.py:830} INFO - Processing file /home/airflow/.local/lib/python3.12/site-packages/airflow/example_dags/example_branch_python_dop_operator_3.py for tasks to queue
[2026-01-14T08:08:49.452+0000] {logging_mixin.py:188} INFO - [2026-01-14T08:08:49.451+0000] {dagbag.py:545} INFO - Filling up the DagBag from /home/airflow/.local/lib/python3.12/site-packages/airflow/example_dags/example_branch_python_dop_operator_3.py
[2026-01-14T08:08:49.464+0000] {processor.py:840} INFO - DAG(s) 'example_branch_dop_operator_v3' retrieved from /home/airflow/.local/lib/python3.12/site-packages/airflow/example_dags/example_branch_python_dop_operator_3.py
[2026-01-14T08:08:49.495+0000] {logging_mixin.py:188} INFO - [2026-01-14T08:08:49.495+0000] {dag.py:3096} INFO - Sync 1 DAGs
[2026-01-14T08:08:49.536+0000] {logging_mixin.py:188} INFO - [2026-01-14T08:08:49.536+0000] {dag.py:3954} INFO - Setting next_dagrun for example_branch_dop_operator_v3 to 2026-01-14 08:07:00+00:00, run_after=2026-01-14 08:08:00+00:00
[2026-01-14T08:08:49.565+0000] {processor.py:183} INFO - Processing /home/airflow/.local/lib/python3.12/site-packages/airflow/example_dags/example_branch_python_dop_operator_3.py took 0.126 seconds
[2026-01-14T08:09:19.776+0000] {processor.py:161} INFO - Started process (PID=5047) to work on /home/airflow/.local/lib/python3.12/site-packages/airflow/example_dags/example_branch_python_dop_operator_3.py
[2026-01-14T08:09:19.777+0000] {processor.py:830} INFO - Processing file /home/airflow/.local/lib/python3.12/site-packages/airflow/example_dags/example_branch_python_dop_operator_3.py for tasks to queue
[2026-01-14T08:09:19.779+0000] {logging_mixin.py:188} INFO - [2026-01-14T08:09:19.778+0000] {dagbag.py:545} INFO - Filling up the DagBag from /home/airflow/.local/lib/python3.12/site-packages/airflow/example_dags/example_branch_python_dop_operator_3.py
[2026-01-14T08:09:19.787+0000] {processor.py:840} INFO - DAG(s) 'example_branch_dop_operator_v3' retrieved from /home/airflow/.local/lib/python3.12/site-packages/airflow/example_dags/example_branch_python_dop_operator_3.py
[2026-01-14T08:09:19.811+0000] {logging_mixin.py:188} INFO - [2026-01-14T08:09:19.811+0000] {dag.py:3096} INFO - Sync 1 DAGs
[2026-01-14T08:09:19.842+0000] {logging_mixin.py:188} INFO - [2026-01-14T08:09:19.842+0000] {dag.py:3954} INFO - Setting next_dagrun for example_branch_dop_operator_v3 to 2026-01-14 08:08:00+00:00, run_after=2026-01-14 08:09:00+00:00
[2026-01-14T08:09:19.864+0000] {processor.py:183} INFO - Processing /home/airflow/.local/lib/python3.12/site-packages/airflow/example_dags/example_branch_python_dop_operator_3.py took 0.094 seconds
[2026-01-14T08:09:50.305+0000] {processor.py:161} INFO - Started process (PID=5308) to work on /home/airflow/.local/lib/python3.12/site-packages/airflow/example_dags/example_branch_python_dop_operator_3.py
[2026-01-14T08:09:50.306+0000] {processor.py:830} INFO - Processing file /home/airflow/.local/lib/python3.12/site-packages/airflow/example_dags/example_branch_python_dop_operator_3.py for tasks to queue
[2026-01-14T08:09:50.308+0000] {logging_mixin.py:188} INFO - [2026-01-14T08:09:50.308+0000] {dagbag.py:545} INFO - Filling up the DagBag from /home/airflow/.local/lib/python3.12/site-packages/airflow/example_dags/example_branch_python_dop_operator_3.py
[2026-01-14T08:09:50.319+0000] {processor.py:840} INFO - DAG(s) 'example_branch_dop_operator_v3' retrieved from /home/airflow/.local/lib/python3.12/site-packages/airflow/example_dags/example_branch_python_dop_operator_3.py
[2026-01-14T08:09:50.348+0000] {logging_mixin.py:188} INFO - [2026-01-14T08:09:50.347+0000] {dag.py:3096} INFO - Sync 1 DAGs
[2026-01-14T08:09:50.379+0000] {logging_mixin.py:188} INFO - [2026-01-14T08:09:50.378+0000] {dag.py:3954} INFO - Setting next_dagrun for example_branch_dop_operator_v3 to 2026-01-14 08:08:00+00:00, run_after=2026-01-14 08:09:00+00:00
[2026-01-14T08:09:50.403+0000] {processor.py:183} INFO - Processing /home/airflow/.local/lib/python3.12/site-packages/airflow/example_dags/example_branch_python_dop_operator_3.py took 0.105 seconds
[2026-01-14T08:10:20.579+0000] {processor.py:161} INFO - Started process (PID=5569) to work on /home/airflow/.local/lib/python3.12/site-packages/airflow/example_dags/example_branch_python_dop_operator_3.py
[2026-01-14T08:10:20.581+0000] {processor.py:830} INFO - Processing file /home/airflow/.local/lib/python3.12/site-packages/airflow/example_dags/example_branch_python_dop_operator_3.py for tasks to queue
[2026-01-14T08:10:20.583+0000] {logging_mixin.py:188} INFO - [2026-01-14T08:10:20.583+0000] {dagbag.py:545} INFO - Filling up the DagBag from /home/airflow/.local/lib/python3.12/site-packages/airflow/example_dags/example_branch_python_dop_operator_3.py
[2026-01-14T08:10:20.593+0000] {processor.py:840} INFO - DAG(s) 'example_branch_dop_operator_v3' retrieved from /home/airflow/.local/lib/python3.12/site-packages/airflow/example_dags/example_branch_python_dop_operator_3.py
[2026-01-14T08:10:20.619+0000] {logging_mixin.py:188} INFO - [2026-01-14T08:10:20.619+0000] {dag.py:3096} INFO - Sync 1 DAGs
[2026-01-14T08:10:20.650+0000] {logging_mixin.py:188} INFO - [2026-01-14T08:10:20.650+0000] {dag.py:3954} INFO - Setting next_dagrun for example_branch_dop_operator_v3 to 2026-01-14 08:09:00+00:00, run_after=2026-01-14 08:10:00+00:00
[2026-01-14T08:10:20.673+0000] {processor.py:183} INFO - Processing /home/airflow/.local/lib/python3.12/site-packages/airflow/example_dags/example_branch_python_dop_operator_3.py took 0.100 seconds
[2026-01-14T08:10:50.844+0000] {processor.py:161} INFO - Started process (PID=5830) to work on /home/airflow/.local/lib/python3.12/site-packages/airflow/example_dags/example_branch_python_dop_operator_3.py
[2026-01-14T08:10:50.845+0000] {processor.py:830} INFO - Processing file /home/airflow/.local/lib/python3.12/site-packages/airflow/example_dags/example_branch_python_dop_operator_3.py for tasks to queue
[2026-01-14T08:10:50.848+0000] {logging_mixin.py:188} INFO - [2026-01-14T08:10:50.848+0000] {dagbag.py:545} INFO - Filling up the DagBag from /home/airflow/.local/lib/python3.12/site-packages/airflow/example_dags/example_branch_python_dop_operator_3.py
[2026-01-14T08:10:50.859+0000] {processor.py:840} INFO - DAG(s) 'example_branch_dop_operator_v3' retrieved from /home/airflow/.local/lib/python3.12/site-packages/airflow/example_dags/example_branch_python_dop_operator_3.py
[2026-01-14T08:10:50.885+0000] {logging_mixin.py:188} INFO - [2026-01-14T08:10:50.885+0000] {dag.py:3096} INFO - Sync 1 DAGs
[2026-01-14T08:10:50.918+0000] {logging_mixin.py:188} INFO - [2026-01-14T08:10:50.918+0000] {dag.py:3954} INFO - Setting next_dagrun for example_branch_dop_operator_v3 to 2026-01-14 08:09:00+00:00, run_after=2026-01-14 08:10:00+00:00
[2026-01-14T08:10:50.943+0000] {processor.py:183} INFO - Processing /home/airflow/.local/lib/python3.12/site-packages/airflow/example_dags/example_branch_python_dop_operator_3.py took 0.105 seconds
[2026-01-14T08:11:21.368+0000] {processor.py:161} INFO - Started process (PID=6091) to work on /home/airflow/.local/lib/python3.12/site-packages/airflow/example_dags/example_branch_python_dop_operator_3.py
[2026-01-14T08:11:21.369+0000] {processor.py:830} INFO - Processing file /home/airflow/.local/lib/python3.12/site-packages/airflow/example_dags/example_branch_python_dop_operator_3.py for tasks to queue
[2026-01-14T08:11:21.371+0000] {logging_mixin.py:188} INFO - [2026-01-14T08:11:21.371+0000] {dagbag.py:545} INFO - Filling up the DagBag from /home/airflow/.local/lib/python3.12/site-packages/airflow/example_dags/example_branch_python_dop_operator_3.py
[2026-01-14T08:11:21.382+0000] {processor.py:840} INFO - DAG(s) 'example_branch_dop_operator_v3' retrieved from /home/airflow/.local/lib/python3.12/site-packages/airflow/example_dags/example_branch_python_dop_operator_3.py
[2026-01-14T08:11:21.409+0000] {logging_mixin.py:188} INFO - [2026-01-14T08:11:21.409+0000] {dag.py:3096} INFO - Sync 1 DAGs
[2026-01-14T08:11:21.438+0000] {logging_mixin.py:188} INFO - [2026-01-14T08:11:21.438+0000] {dag.py:3954} INFO - Setting next_dagrun for example_branch_dop_operator_v3 to 2026-01-14 08:10:00+00:00, run_after=2026-01-14 08:11:00+00:00
[2026-01-14T08:11:21.462+0000] {processor.py:183} INFO - Processing /home/airflow/.local/lib/python3.12/site-packages/airflow/example_dags/example_branch_python_dop_operator_3.py took 0.100 seconds
[2026-01-14T08:11:51.620+0000] {processor.py:161} INFO - Started process (PID=6352) to work on /home/airflow/.local/lib/python3.12/site-packages/airflow/example_dags/example_branch_python_dop_operator_3.py
[2026-01-14T08:11:51.621+0000] {processor.py:830} INFO - Processing file /home/airflow/.local/lib/python3.12/site-packages/airflow/example_dags/example_branch_python_dop_operator_3.py for tasks to queue
[2026-01-14T08:11:51.623+0000] {logging_mixin.py:188} INFO - [2026-01-14T08:11:51.623+0000] {dagbag.py:545} INFO - Filling up the DagBag from /home/airflow/.local/lib/python3.12/site-packages/airflow/example_dags/example_branch_python_dop_operator_3.py
[2026-01-14T08:11:51.632+0000] {processor.py:840} INFO - DAG(s) 'example_branch_dop_operator_v3' retrieved from /home/airflow/.local/lib/python3.12/site-packages/airflow/example_dags/example_branch_python_dop_operator_3.py
[2026-01-14T08:11:51.656+0000] {logging_mixin.py:188} INFO - [2026-01-14T08:11:51.656+0000] {dag.py:3096} INFO - Sync 1 DAGs
[2026-01-14T08:11:51.685+0000] {logging_mixin.py:188} INFO - [2026-01-14T08:11:51.685+0000] {dag.py:3954} INFO - Setting next_dagrun for example_branch_dop_operator_v3 to 2026-01-14 08:10:00+00:00, run_after=2026-01-14 08:11:00+00:00
[2026-01-14T08:11:51.707+0000] {processor.py:183} INFO - Processing /home/airflow/.local/lib/python3.12/site-packages/airflow/example_dags/example_branch_python_dop_operator_3.py took 0.093 seconds
[2026-01-14T08:12:22.276+0000] {processor.py:161} INFO - Started process (PID=6611) to work on /home/airflow/.local/lib/python3.12/site-packages/airflow/example_dags/example_branch_python_dop_operator_3.py
[2026-01-14T08:12:22.277+0000] {processor.py:830} INFO - Processing file /home/airflow/.local/lib/python3.12/site-packages/airflow/example_dags/example_branch_python_dop_operator_3.py for tasks to queue
[2026-01-14T08:12:22.279+0000] {logging_mixin.py:188} INFO - [2026-01-14T08:12:22.279+0000] {dagbag.py:545} INFO - Filling up the DagBag from /home/airflow/.local/lib/python3.12/site-packages/airflow/example_dags/example_branch_python_dop_operator_3.py
[2026-01-14T08:12:22.287+0000] {processor.py:840} INFO - DAG(s) 'example_branch_dop_operator_v3' retrieved from /home/airflow/.local/lib/python3.12/site-packages/airflow/example_dags/example_branch_python_dop_operator_3.py
[2026-01-14T08:12:22.313+0000] {logging_mixin.py:188} INFO - [2026-01-14T08:12:22.313+0000] {dag.py:3096} INFO - Sync 1 DAGs
[2026-01-14T08:12:22.345+0000] {logging_mixin.py:188} INFO - [2026-01-14T08:12:22.345+0000] {dag.py:3954} INFO - Setting next_dagrun for example_branch_dop_operator_v3 to 2026-01-14 08:11:00+00:00, run_after=2026-01-14 08:12:00+00:00
[2026-01-14T08:12:22.368+0000] {processor.py:183} INFO - Processing /home/airflow/.local/lib/python3.12/site-packages/airflow/example_dags/example_branch_python_dop_operator_3.py took 0.097 seconds
[2026-01-14T08:12:53.229+0000] {processor.py:161} INFO - Started process (PID=6872) to work on /home/airflow/.local/lib/python3.12/site-packages/airflow/example_dags/example_branch_python_dop_operator_3.py
[2026-01-14T08:12:53.230+0000] {processor.py:830} INFO - Processing file /home/airflow/.local/lib/python3.12/site-packages/airflow/example_dags/example_branch_python_dop_operator_3.py for tasks to queue
[2026-01-14T08:12:53.231+0000] {logging_mixin.py:188} INFO - [2026-01-14T08:12:53.231+0000] {dagbag.py:545} INFO - Filling up the DagBag from /home/airflow/.local/lib/python3.12/site-packages/airflow/example_dags/example_branch_python_dop_operator_3.py
[2026-01-14T08:12:53.242+0000] {processor.py:840} INFO - DAG(s) 'example_branch_dop_operator_v3' retrieved from /home/airflow/.local/lib/python3.12/site-packages/airflow/example_dags/example_branch_python_dop_operator_3.py
[2026-01-14T08:12:53.267+0000] {logging_mixin.py:188} INFO - [2026-01-14T08:12:53.267+0000] {dag.py:3096} INFO - Sync 1 DAGs
[2026-01-14T08:12:53.294+0000] {logging_mixin.py:188} INFO - [2026-01-14T08:12:53.294+0000] {dag.py:3954} INFO - Setting next_dagrun for example_branch_dop_operator_v3 to 2026-01-14 08:11:00+00:00, run_after=2026-01-14 08:12:00+00:00
[2026-01-14T08:12:53.316+0000] {processor.py:183} INFO - Processing /home/airflow/.local/lib/python3.12/site-packages/airflow/example_dags/example_branch_python_dop_operator_3.py took 0.095 seconds
[2026-01-14T08:13:23.677+0000] {processor.py:161} INFO - Started process (PID=7133) to work on /home/airflow/.local/lib/python3.12/site-packages/airflow/example_dags/example_branch_python_dop_operator_3.py
[2026-01-14T08:13:23.678+0000] {processor.py:830} INFO - Processing file /home/airflow/.local/lib/python3.12/site-packages/airflow/example_dags/example_branch_python_dop_operator_3.py for tasks to queue
[2026-01-14T08:13:23.680+0000] {logging_mixin.py:188} INFO - [2026-01-14T08:13:23.679+0000] {dagbag.py:545} INFO - Filling up the DagBag from /home/airflow/.local/lib/python3.12/site-packages/airflow/example_dags/example_branch_python_dop_operator_3.py
[2026-01-14T08:13:23.689+0000] {processor.py:840} INFO - DAG(s) 'example_branch_dop_operator_v3' retrieved from /home/airflow/.local/lib/python3.12/site-packages/airflow/example_dags/example_branch_python_dop_operator_3.py
[2026-01-14T08:13:23.714+0000] {logging_mixin.py:188} INFO - [2026-01-14T08:13:23.714+0000] {dag.py:3096} INFO - Sync 1 DAGs
[2026-01-14T08:13:23.741+0000] {logging_mixin.py:188} INFO - [2026-01-14T08:13:23.741+0000] {dag.py:3954} INFO - Setting next_dagrun for example_branch_dop_operator_v3 to 2026-01-14 08:12:00+00:00, run_after=2026-01-14 08:13:00+00:00
[2026-01-14T08:13:23.762+0000] {processor.py:183} INFO - Processing /home/airflow/.local/lib/python3.12/site-packages/airflow/example_dags/example_branch_python_dop_operator_3.py took 0.091 seconds
[2026-01-14T09:27:38.495+0000] {processor.py:161} INFO - Started process (PID=7394) to work on /home/airflow/.local/lib/python3.12/site-packages/airflow/example_dags/example_branch_python_dop_operator_3.py
[2026-01-14T09:27:38.497+0000] {processor.py:830} INFO - Processing file /home/airflow/.local/lib/python3.12/site-packages/airflow/example_dags/example_branch_python_dop_operator_3.py for tasks to queue
[2026-01-14T09:27:38.501+0000] {logging_mixin.py:188} INFO - [2026-01-14T09:27:38.500+0000] {dagbag.py:545} INFO - Filling up the DagBag from /home/airflow/.local/lib/python3.12/site-packages/airflow/example_dags/example_branch_python_dop_operator_3.py
[2026-01-14T09:27:38.522+0000] {processor.py:840} INFO - DAG(s) 'example_branch_dop_operator_v3' retrieved from /home/airflow/.local/lib/python3.12/site-packages/airflow/example_dags/example_branch_python_dop_operator_3.py
[2026-01-14T09:27:38.572+0000] {logging_mixin.py:188} INFO - [2026-01-14T09:27:38.572+0000] {dag.py:3096} INFO - Sync 1 DAGs
[2026-01-14T09:27:38.632+0000] {logging_mixin.py:188} INFO - [2026-01-14T09:27:38.631+0000] {dag.py:3954} INFO - Setting next_dagrun for example_branch_dop_operator_v3 to 2026-01-14 09:26:00+00:00, run_after=2026-01-14 09:27:00+00:00
[2026-01-14T09:27:38.669+0000] {processor.py:183} INFO - Processing /home/airflow/.local/lib/python3.12/site-packages/airflow/example_dags/example_branch_python_dop_operator_3.py took 0.189 seconds
[2026-01-14T09:28:09.116+0000] {processor.py:161} INFO - Started process (PID=7653) to work on /home/airflow/.local/lib/python3.12/site-packages/airflow/example_dags/example_branch_python_dop_operator_3.py
[2026-01-14T09:28:09.118+0000] {processor.py:830} INFO - Processing file /home/airflow/.local/lib/python3.12/site-packages/airflow/example_dags/example_branch_python_dop_operator_3.py for tasks to queue
[2026-01-14T09:28:09.120+0000] {logging_mixin.py:188} INFO - [2026-01-14T09:28:09.119+0000] {dagbag.py:545} INFO - Filling up the DagBag from /home/airflow/.local/lib/python3.12/site-packages/airflow/example_dags/example_branch_python_dop_operator_3.py
[2026-01-14T09:28:09.130+0000] {processor.py:840} INFO - DAG(s) 'example_branch_dop_operator_v3' retrieved from /home/airflow/.local/lib/python3.12/site-packages/airflow/example_dags/example_branch_python_dop_operator_3.py
[2026-01-14T09:28:09.154+0000] {logging_mixin.py:188} INFO - [2026-01-14T09:28:09.154+0000] {dag.py:3096} INFO - Sync 1 DAGs
[2026-01-14T09:28:09.182+0000] {logging_mixin.py:188} INFO - [2026-01-14T09:28:09.182+0000] {dag.py:3954} INFO - Setting next_dagrun for example_branch_dop_operator_v3 to 2026-01-14 09:27:00+00:00, run_after=2026-01-14 09:28:00+00:00
[2026-01-14T09:28:09.204+0000] {processor.py:183} INFO - Processing /home/airflow/.local/lib/python3.12/site-packages/airflow/example_dags/example_branch_python_dop_operator_3.py took 0.094 seconds
[2026-01-14T09:28:39.447+0000] {processor.py:161} INFO - Started process (PID=7914) to work on /home/airflow/.local/lib/python3.12/site-packages/airflow/example_dags/example_branch_python_dop_operator_3.py
[2026-01-14T09:28:39.448+0000] {processor.py:830} INFO - Processing file /home/airflow/.local/lib/python3.12/site-packages/airflow/example_dags/example_branch_python_dop_operator_3.py for tasks to queue
[2026-01-14T09:28:39.450+0000] {logging_mixin.py:188} INFO - [2026-01-14T09:28:39.449+0000] {dagbag.py:545} INFO - Filling up the DagBag from /home/airflow/.local/lib/python3.12/site-packages/airflow/example_dags/example_branch_python_dop_operator_3.py
[2026-01-14T09:28:39.460+0000] {processor.py:840} INFO - DAG(s) 'example_branch_dop_operator_v3' retrieved from /home/airflow/.local/lib/python3.12/site-packages/airflow/example_dags/example_branch_python_dop_operator_3.py
[2026-01-14T09:28:39.488+0000] {logging_mixin.py:188} INFO - [2026-01-14T09:28:39.487+0000] {dag.py:3096} INFO - Sync 1 DAGs
[2026-01-14T09:28:39.521+0000] {logging_mixin.py:188} INFO - [2026-01-14T09:28:39.521+0000] {dag.py:3954} INFO - Setting next_dagrun for example_branch_dop_operator_v3 to 2026-01-14 09:27:00+00:00, run_after=2026-01-14 09:28:00+00:00
[2026-01-14T09:28:39.543+0000] {processor.py:183} INFO - Processing /home/airflow/.local/lib/python3.12/site-packages/airflow/example_dags/example_branch_python_dop_operator_3.py took 0.101 seconds
[2026-01-14T09:29:10.113+0000] {processor.py:161} INFO - Started process (PID=8175) to work on /home/airflow/.local/lib/python3.12/site-packages/airflow/example_dags/example_branch_python_dop_operator_3.py
[2026-01-14T09:29:10.114+0000] {processor.py:830} INFO - Processing file /home/airflow/.local/lib/python3.12/site-packages/airflow/example_dags/example_branch_python_dop_operator_3.py for tasks to queue
[2026-01-14T09:29:10.116+0000] {logging_mixin.py:188} INFO - [2026-01-14T09:29:10.116+0000] {dagbag.py:545} INFO - Filling up the DagBag from /home/airflow/.local/lib/python3.12/site-packages/airflow/example_dags/example_branch_python_dop_operator_3.py
[2026-01-14T09:29:10.126+0000] {processor.py:840} INFO - DAG(s) 'example_branch_dop_operator_v3' retrieved from /home/airflow/.local/lib/python3.12/site-packages/airflow/example_dags/example_branch_python_dop_operator_3.py
[2026-01-14T09:29:10.150+0000] {logging_mixin.py:188} INFO - [2026-01-14T09:29:10.150+0000] {dag.py:3096} INFO - Sync 1 DAGs
[2026-01-14T09:29:10.184+0000] {logging_mixin.py:188} INFO - [2026-01-14T09:29:10.184+0000] {dag.py:3954} INFO - Setting next_dagrun for example_branch_dop_operator_v3 to 2026-01-14 09:28:00+00:00, run_after=2026-01-14 09:29:00+00:00
[2026-01-14T09:29:10.208+0000] {processor.py:183} INFO - Processing /home/airflow/.local/lib/python3.12/site-packages/airflow/example_dags/example_branch_python_dop_operator_3.py took 0.100 seconds
[2026-01-14T09:29:40.915+0000] {processor.py:161} INFO - Started process (PID=8430) to work on /home/airflow/.local/lib/python3.12/site-packages/airflow/example_dags/example_branch_python_dop_operator_3.py
[2026-01-14T09:29:40.916+0000] {processor.py:830} INFO - Processing file /home/airflow/.local/lib/python3.12/site-packages/airflow/example_dags/example_branch_python_dop_operator_3.py for tasks to queue
[2026-01-14T09:29:40.918+0000] {logging_mixin.py:188} INFO - [2026-01-14T09:29:40.917+0000] {dagbag.py:545} INFO - Filling up the DagBag from /home/airflow/.local/lib/python3.12/site-packages/airflow/example_dags/example_branch_python_dop_operator_3.py
[2026-01-14T09:29:40.929+0000] {processor.py:840} INFO - DAG(s) 'example_branch_dop_operator_v3' retrieved from /home/airflow/.local/lib/python3.12/site-packages/airflow/example_dags/example_branch_python_dop_operator_3.py
[2026-01-14T09:29:40.959+0000] {logging_mixin.py:188} INFO - [2026-01-14T09:29:40.959+0000] {dag.py:3096} INFO - Sync 1 DAGs
[2026-01-14T09:29:40.991+0000] {logging_mixin.py:188} INFO - [2026-01-14T09:29:40.991+0000] {dag.py:3954} INFO - Setting next_dagrun for example_branch_dop_operator_v3 to 2026-01-14 09:28:00+00:00, run_after=2026-01-14 09:29:00+00:00
[2026-01-14T09:29:41.019+0000] {processor.py:183} INFO - Processing /home/airflow/.local/lib/python3.12/site-packages/airflow/example_dags/example_branch_python_dop_operator_3.py took 0.111 seconds
[2026-01-14T09:30:11.508+0000] {processor.py:161} INFO - Started process (PID=8691) to work on /home/airflow/.local/lib/python3.12/site-packages/airflow/example_dags/example_branch_python_dop_operator_3.py
[2026-01-14T09:30:11.509+0000] {processor.py:830} INFO - Processing file /home/airflow/.local/lib/python3.12/site-packages/airflow/example_dags/example_branch_python_dop_operator_3.py for tasks to queue
[2026-01-14T09:30:11.512+0000] {logging_mixin.py:188} INFO - [2026-01-14T09:30:11.512+0000] {dagbag.py:545} INFO - Filling up the DagBag from /home/airflow/.local/lib/python3.12/site-packages/airflow/example_dags/example_branch_python_dop_operator_3.py
[2026-01-14T09:30:11.525+0000] {processor.py:840} INFO - DAG(s) 'example_branch_dop_operator_v3' retrieved from /home/airflow/.local/lib/python3.12/site-packages/airflow/example_dags/example_branch_python_dop_operator_3.py
[2026-01-14T09:30:11.560+0000] {logging_mixin.py:188} INFO - [2026-01-14T09:30:11.560+0000] {dag.py:3096} INFO - Sync 1 DAGs
[2026-01-14T09:30:11.599+0000] {logging_mixin.py:188} INFO - [2026-01-14T09:30:11.598+0000] {dag.py:3954} INFO - Setting next_dagrun for example_branch_dop_operator_v3 to 2026-01-14 09:29:00+00:00, run_after=2026-01-14 09:30:00+00:00
[2026-01-14T09:30:11.630+0000] {processor.py:183} INFO - Processing /home/airflow/.local/lib/python3.12/site-packages/airflow/example_dags/example_branch_python_dop_operator_3.py took 0.132 seconds
[2026-01-14T09:30:42.295+0000] {processor.py:161} INFO - Started process (PID=8952) to work on /home/airflow/.local/lib/python3.12/site-packages/airflow/example_dags/example_branch_python_dop_operator_3.py
[2026-01-14T09:30:42.298+0000] {processor.py:830} INFO - Processing file /home/airflow/.local/lib/python3.12/site-packages/airflow/example_dags/example_branch_python_dop_operator_3.py for tasks to queue
[2026-01-14T09:30:42.302+0000] {logging_mixin.py:188} INFO - [2026-01-14T09:30:42.301+0000] {dagbag.py:545} INFO - Filling up the DagBag from /home/airflow/.local/lib/python3.12/site-packages/airflow/example_dags/example_branch_python_dop_operator_3.py
[2026-01-14T09:30:42.320+0000] {processor.py:840} INFO - DAG(s) 'example_branch_dop_operator_v3' retrieved from /home/airflow/.local/lib/python3.12/site-packages/airflow/example_dags/example_branch_python_dop_operator_3.py
[2026-01-14T09:30:42.358+0000] {logging_mixin.py:188} INFO - [2026-01-14T09:30:42.357+0000] {dag.py:3096} INFO - Sync 1 DAGs
[2026-01-14T09:30:42.404+0000] {logging_mixin.py:188} INFO - [2026-01-14T09:30:42.404+0000] {dag.py:3954} INFO - Setting next_dagrun for example_branch_dop_operator_v3 to 2026-01-14 09:29:00+00:00, run_after=2026-01-14 09:30:00+00:00
[2026-01-14T09:30:42.436+0000] {processor.py:183} INFO - Processing /home/airflow/.local/lib/python3.12/site-packages/airflow/example_dags/example_branch_python_dop_operator_3.py took 0.153 seconds
[2026-01-14T09:31:24.568+0000] {processor.py:161} INFO - Started process (PID=9213) to work on /home/airflow/.local/lib/python3.12/site-packages/airflow/example_dags/example_branch_python_dop_operator_3.py
[2026-01-14T09:31:24.569+0000] {processor.py:830} INFO - Processing file /home/airflow/.local/lib/python3.12/site-packages/airflow/example_dags/example_branch_python_dop_operator_3.py for tasks to queue
[2026-01-14T09:31:24.571+0000] {logging_mixin.py:188} INFO - [2026-01-14T09:31:24.571+0000] {dagbag.py:545} INFO - Filling up the DagBag from /home/airflow/.local/lib/python3.12/site-packages/airflow/example_dags/example_branch_python_dop_operator_3.py
[2026-01-14T09:31:24.585+0000] {processor.py:840} INFO - DAG(s) 'example_branch_dop_operator_v3' retrieved from /home/airflow/.local/lib/python3.12/site-packages/airflow/example_dags/example_branch_python_dop_operator_3.py
[2026-01-14T09:31:24.618+0000] {logging_mixin.py:188} INFO - [2026-01-14T09:31:24.617+0000] {dag.py:3096} INFO - Sync 1 DAGs
[2026-01-14T09:31:24.663+0000] {logging_mixin.py:188} INFO - [2026-01-14T09:31:24.663+0000] {dag.py:3954} INFO - Setting next_dagrun for example_branch_dop_operator_v3 to 2026-01-14 09:30:00+00:00, run_after=2026-01-14 09:31:00+00:00
[2026-01-14T09:31:24.694+0000] {processor.py:183} INFO - Processing /home/airflow/.local/lib/python3.12/site-packages/airflow/example_dags/example_branch_python_dop_operator_3.py took 0.134 seconds
[2026-01-14T09:31:55.225+0000] {processor.py:161} INFO - Started process (PID=9474) to work on /home/airflow/.local/lib/python3.12/site-packages/airflow/example_dags/example_branch_python_dop_operator_3.py
[2026-01-14T09:31:55.227+0000] {processor.py:830} INFO - Processing file /home/airflow/.local/lib/python3.12/site-packages/airflow/example_dags/example_branch_python_dop_operator_3.py for tasks to queue
[2026-01-14T09:31:55.230+0000] {logging_mixin.py:188} INFO - [2026-01-14T09:31:55.229+0000] {dagbag.py:545} INFO - Filling up the DagBag from /home/airflow/.local/lib/python3.12/site-packages/airflow/example_dags/example_branch_python_dop_operator_3.py
[2026-01-14T09:31:55.244+0000] {processor.py:840} INFO - DAG(s) 'example_branch_dop_operator_v3' retrieved from /home/airflow/.local/lib/python3.12/site-packages/airflow/example_dags/example_branch_python_dop_operator_3.py
[2026-01-14T09:31:55.274+0000] {logging_mixin.py:188} INFO - [2026-01-14T09:31:55.274+0000] {dag.py:3096} INFO - Sync 1 DAGs
[2026-01-14T09:31:55.311+0000] {logging_mixin.py:188} INFO - [2026-01-14T09:31:55.311+0000] {dag.py:3954} INFO - Setting next_dagrun for example_branch_dop_operator_v3 to 2026-01-14 09:30:00+00:00, run_after=2026-01-14 09:31:00+00:00
[2026-01-14T09:31:55.342+0000] {processor.py:183} INFO - Processing /home/airflow/.local/lib/python3.12/site-packages/airflow/example_dags/example_branch_python_dop_operator_3.py took 0.125 seconds
[2026-01-14T09:32:26.410+0000] {processor.py:161} INFO - Started process (PID=9737) to work on /home/airflow/.local/lib/python3.12/site-packages/airflow/example_dags/example_branch_python_dop_operator_3.py
[2026-01-14T09:32:26.412+0000] {processor.py:830} INFO - Processing file /home/airflow/.local/lib/python3.12/site-packages/airflow/example_dags/example_branch_python_dop_operator_3.py for tasks to queue
[2026-01-14T09:32:26.416+0000] {logging_mixin.py:188} INFO - [2026-01-14T09:32:26.415+0000] {dagbag.py:545} INFO - Filling up the DagBag from /home/airflow/.local/lib/python3.12/site-packages/airflow/example_dags/example_branch_python_dop_operator_3.py
[2026-01-14T09:32:26.433+0000] {processor.py:840} INFO - DAG(s) 'example_branch_dop_operator_v3' retrieved from /home/airflow/.local/lib/python3.12/site-packages/airflow/example_dags/example_branch_python_dop_operator_3.py
[2026-01-14T09:32:26.470+0000] {logging_mixin.py:188} INFO - [2026-01-14T09:32:26.469+0000] {dag.py:3096} INFO - Sync 1 DAGs
[2026-01-14T09:32:26.510+0000] {logging_mixin.py:188} INFO - [2026-01-14T09:32:26.510+0000] {dag.py:3954} INFO - Setting next_dagrun for example_branch_dop_operator_v3 to 2026-01-14 09:31:00+00:00, run_after=2026-01-14 09:32:00+00:00
[2026-01-14T09:32:26.542+0000] {processor.py:183} INFO - Processing /home/airflow/.local/lib/python3.12/site-packages/airflow/example_dags/example_branch_python_dop_operator_3.py took 0.142 seconds
[2026-01-14T09:32:57.971+0000] {processor.py:161} INFO - Started process (PID=9998) to work on /home/airflow/.local/lib/python3.12/site-packages/airflow/example_dags/example_branch_python_dop_operator_3.py
[2026-01-14T09:32:57.973+0000] {processor.py:830} INFO - Processing file /home/airflow/.local/lib/python3.12/site-packages/airflow/example_dags/example_branch_python_dop_operator_3.py for tasks to queue
[2026-01-14T09:32:57.976+0000] {logging_mixin.py:188} INFO - [2026-01-14T09:32:57.975+0000] {dagbag.py:545} INFO - Filling up the DagBag from /home/airflow/.local/lib/python3.12/site-packages/airflow/example_dags/example_branch_python_dop_operator_3.py
[2026-01-14T09:32:57.988+0000] {processor.py:840} INFO - DAG(s) 'example_branch_dop_operator_v3' retrieved from /home/airflow/.local/lib/python3.12/site-packages/airflow/example_dags/example_branch_python_dop_operator_3.py
[2026-01-14T09:32:58.020+0000] {logging_mixin.py:188} INFO - [2026-01-14T09:32:58.019+0000] {dag.py:3096} INFO - Sync 1 DAGs
[2026-01-14T09:32:58.234+0000] {logging_mixin.py:188} INFO - [2026-01-14T09:32:58.233+0000] {dag.py:3954} INFO - Setting next_dagrun for example_branch_dop_operator_v3 to 2026-01-14 09:31:00+00:00, run_after=2026-01-14 09:32:00+00:00
[2026-01-14T09:32:58.259+0000] {processor.py:183} INFO - Processing /home/airflow/.local/lib/python3.12/site-packages/airflow/example_dags/example_branch_python_dop_operator_3.py took 0.296 seconds
[2026-01-14T09:33:28.506+0000] {processor.py:161} INFO - Started process (PID=10259) to work on /home/airflow/.local/lib/python3.12/site-packages/airflow/example_dags/example_branch_python_dop_operator_3.py
[2026-01-14T09:33:28.508+0000] {processor.py:830} INFO - Processing file /home/airflow/.local/lib/python3.12/site-packages/airflow/example_dags/example_branch_python_dop_operator_3.py for tasks to queue
[2026-01-14T09:33:28.511+0000] {logging_mixin.py:188} INFO - [2026-01-14T09:33:28.511+0000] {dagbag.py:545} INFO - Filling up the DagBag from /home/airflow/.local/lib/python3.12/site-packages/airflow/example_dags/example_branch_python_dop_operator_3.py
[2026-01-14T09:33:28.525+0000] {processor.py:840} INFO - DAG(s) 'example_branch_dop_operator_v3' retrieved from /home/airflow/.local/lib/python3.12/site-packages/airflow/example_dags/example_branch_python_dop_operator_3.py
[2026-01-14T09:33:28.566+0000] {logging_mixin.py:188} INFO - [2026-01-14T09:33:28.566+0000] {dag.py:3096} INFO - Sync 1 DAGs
[2026-01-14T09:33:28.613+0000] {logging_mixin.py:188} INFO - [2026-01-14T09:33:28.612+0000] {dag.py:3954} INFO - Setting next_dagrun for example_branch_dop_operator_v3 to 2026-01-14 09:32:00+00:00, run_after=2026-01-14 09:33:00+00:00
[2026-01-14T09:33:28.645+0000] {processor.py:183} INFO - Processing /home/airflow/.local/lib/python3.12/site-packages/airflow/example_dags/example_branch_python_dop_operator_3.py took 0.150 seconds
[2026-01-14T09:33:59.255+0000] {processor.py:161} INFO - Started process (PID=10518) to work on /home/airflow/.local/lib/python3.12/site-packages/airflow/example_dags/example_branch_python_dop_operator_3.py
[2026-01-14T09:33:59.257+0000] {processor.py:830} INFO - Processing file /home/airflow/.local/lib/python3.12/site-packages/airflow/example_dags/example_branch_python_dop_operator_3.py for tasks to queue
[2026-01-14T09:33:59.259+0000] {logging_mixin.py:188} INFO - [2026-01-14T09:33:59.259+0000] {dagbag.py:545} INFO - Filling up the DagBag from /home/airflow/.local/lib/python3.12/site-packages/airflow/example_dags/example_branch_python_dop_operator_3.py
[2026-01-14T09:33:59.273+0000] {processor.py:840} INFO - DAG(s) 'example_branch_dop_operator_v3' retrieved from /home/airflow/.local/lib/python3.12/site-packages/airflow/example_dags/example_branch_python_dop_operator_3.py
[2026-01-14T09:33:59.308+0000] {logging_mixin.py:188} INFO - [2026-01-14T09:33:59.308+0000] {dag.py:3096} INFO - Sync 1 DAGs
[2026-01-14T09:33:59.352+0000] {logging_mixin.py:188} INFO - [2026-01-14T09:33:59.351+0000] {dag.py:3954} INFO - Setting next_dagrun for example_branch_dop_operator_v3 to 2026-01-14 09:32:00+00:00, run_after=2026-01-14 09:33:00+00:00
[2026-01-14T09:33:59.382+0000] {processor.py:183} INFO - Processing /home/airflow/.local/lib/python3.12/site-packages/airflow/example_dags/example_branch_python_dop_operator_3.py took 0.136 seconds
[2026-01-14T09:34:29.750+0000] {processor.py:161} INFO - Started process (PID=10779) to work on /home/airflow/.local/lib/python3.12/site-packages/airflow/example_dags/example_branch_python_dop_operator_3.py
[2026-01-14T09:34:29.752+0000] {processor.py:830} INFO - Processing file /home/airflow/.local/lib/python3.12/site-packages/airflow/example_dags/example_branch_python_dop_operator_3.py for tasks to queue
[2026-01-14T09:34:29.755+0000] {logging_mixin.py:188} INFO - [2026-01-14T09:34:29.754+0000] {dagbag.py:545} INFO - Filling up the DagBag from /home/airflow/.local/lib/python3.12/site-packages/airflow/example_dags/example_branch_python_dop_operator_3.py
[2026-01-14T09:34:29.770+0000] {processor.py:840} INFO - DAG(s) 'example_branch_dop_operator_v3' retrieved from /home/airflow/.local/lib/python3.12/site-packages/airflow/example_dags/example_branch_python_dop_operator_3.py
[2026-01-14T09:34:29.805+0000] {logging_mixin.py:188} INFO - [2026-01-14T09:34:29.804+0000] {dag.py:3096} INFO - Sync 1 DAGs
[2026-01-14T09:34:29.849+0000] {logging_mixin.py:188} INFO - [2026-01-14T09:34:29.849+0000] {dag.py:3954} INFO - Setting next_dagrun for example_branch_dop_operator_v3 to 2026-01-14 09:33:00+00:00, run_after=2026-01-14 09:34:00+00:00
[2026-01-14T09:34:29.884+0000] {processor.py:183} INFO - Processing /home/airflow/.local/lib/python3.12/site-packages/airflow/example_dags/example_branch_python_dop_operator_3.py took 0.141 seconds
[2026-01-14T09:35:00.345+0000] {processor.py:161} INFO - Started process (PID=11040) to work on /home/airflow/.local/lib/python3.12/site-packages/airflow/example_dags/example_branch_python_dop_operator_3.py
[2026-01-14T09:35:00.347+0000] {processor.py:830} INFO - Processing file /home/airflow/.local/lib/python3.12/site-packages/airflow/example_dags/example_branch_python_dop_operator_3.py for tasks to queue
[2026-01-14T09:35:00.349+0000] {logging_mixin.py:188} INFO - [2026-01-14T09:35:00.349+0000] {dagbag.py:545} INFO - Filling up the DagBag from /home/airflow/.local/lib/python3.12/site-packages/airflow/example_dags/example_branch_python_dop_operator_3.py
[2026-01-14T09:35:00.360+0000] {processor.py:840} INFO - DAG(s) 'example_branch_dop_operator_v3' retrieved from /home/airflow/.local/lib/python3.12/site-packages/airflow/example_dags/example_branch_python_dop_operator_3.py
[2026-01-14T09:35:00.391+0000] {logging_mixin.py:188} INFO - [2026-01-14T09:35:00.391+0000] {dag.py:3096} INFO - Sync 1 DAGs
[2026-01-14T09:35:00.429+0000] {logging_mixin.py:188} INFO - [2026-01-14T09:35:00.429+0000] {dag.py:3954} INFO - Setting next_dagrun for example_branch_dop_operator_v3 to 2026-01-14 09:34:00+00:00, run_after=2026-01-14 09:35:00+00:00
[2026-01-14T09:35:00.458+0000] {processor.py:183} INFO - Processing /home/airflow/.local/lib/python3.12/site-packages/airflow/example_dags/example_branch_python_dop_operator_3.py took 0.122 seconds
[2026-01-14T10:03:20.223+0000] {processor.py:161} INFO - Started process (PID=11301) to work on /home/airflow/.local/lib/python3.12/site-packages/airflow/example_dags/example_branch_python_dop_operator_3.py
[2026-01-14T10:03:20.224+0000] {processor.py:830} INFO - Processing file /home/airflow/.local/lib/python3.12/site-packages/airflow/example_dags/example_branch_python_dop_operator_3.py for tasks to queue
[2026-01-14T10:03:20.227+0000] {logging_mixin.py:188} INFO - [2026-01-14T10:03:20.226+0000] {dagbag.py:545} INFO - Filling up the DagBag from /home/airflow/.local/lib/python3.12/site-packages/airflow/example_dags/example_branch_python_dop_operator_3.py
[2026-01-14T10:03:20.241+0000] {processor.py:840} INFO - DAG(s) 'example_branch_dop_operator_v3' retrieved from /home/airflow/.local/lib/python3.12/site-packages/airflow/example_dags/example_branch_python_dop_operator_3.py
[2026-01-14T10:03:20.276+0000] {logging_mixin.py:188} INFO - [2026-01-14T10:03:20.275+0000] {dag.py:3096} INFO - Sync 1 DAGs
[2026-01-14T10:03:20.320+0000] {logging_mixin.py:188} INFO - [2026-01-14T10:03:20.320+0000] {dag.py:3954} INFO - Setting next_dagrun for example_branch_dop_operator_v3 to 2026-01-14 10:02:00+00:00, run_after=2026-01-14 10:03:00+00:00
[2026-01-14T10:03:20.352+0000] {processor.py:183} INFO - Processing /home/airflow/.local/lib/python3.12/site-packages/airflow/example_dags/example_branch_python_dop_operator_3.py took 0.140 seconds
[2026-01-14T10:03:50.735+0000] {processor.py:161} INFO - Started process (PID=11562) to work on /home/airflow/.local/lib/python3.12/site-packages/airflow/example_dags/example_branch_python_dop_operator_3.py
[2026-01-14T10:03:50.736+0000] {processor.py:830} INFO - Processing file /home/airflow/.local/lib/python3.12/site-packages/airflow/example_dags/example_branch_python_dop_operator_3.py for tasks to queue
[2026-01-14T10:03:50.739+0000] {logging_mixin.py:188} INFO - [2026-01-14T10:03:50.739+0000] {dagbag.py:545} INFO - Filling up the DagBag from /home/airflow/.local/lib/python3.12/site-packages/airflow/example_dags/example_branch_python_dop_operator_3.py
[2026-01-14T10:03:50.753+0000] {processor.py:840} INFO - DAG(s) 'example_branch_dop_operator_v3' retrieved from /home/airflow/.local/lib/python3.12/site-packages/airflow/example_dags/example_branch_python_dop_operator_3.py
[2026-01-14T10:03:50.789+0000] {logging_mixin.py:188} INFO - [2026-01-14T10:03:50.789+0000] {dag.py:3096} INFO - Sync 1 DAGs
[2026-01-14T10:03:50.827+0000] {logging_mixin.py:188} INFO - [2026-01-14T10:03:50.826+0000] {dag.py:3954} INFO - Setting next_dagrun for example_branch_dop_operator_v3 to 2026-01-14 10:02:00+00:00, run_after=2026-01-14 10:03:00+00:00
[2026-01-14T10:03:50.859+0000] {processor.py:183} INFO - Processing /home/airflow/.local/lib/python3.12/site-packages/airflow/example_dags/example_branch_python_dop_operator_3.py took 0.132 seconds
[2026-01-14T10:04:21.310+0000] {processor.py:161} INFO - Started process (PID=11823) to work on /home/airflow/.local/lib/python3.12/site-packages/airflow/example_dags/example_branch_python_dop_operator_3.py
[2026-01-14T10:04:21.311+0000] {processor.py:830} INFO - Processing file /home/airflow/.local/lib/python3.12/site-packages/airflow/example_dags/example_branch_python_dop_operator_3.py for tasks to queue
[2026-01-14T10:04:21.314+0000] {logging_mixin.py:188} INFO - [2026-01-14T10:04:21.313+0000] {dagbag.py:545} INFO - Filling up the DagBag from /home/airflow/.local/lib/python3.12/site-packages/airflow/example_dags/example_branch_python_dop_operator_3.py
[2026-01-14T10:04:21.324+0000] {processor.py:840} INFO - DAG(s) 'example_branch_dop_operator_v3' retrieved from /home/airflow/.local/lib/python3.12/site-packages/airflow/example_dags/example_branch_python_dop_operator_3.py
[2026-01-14T10:04:21.356+0000] {logging_mixin.py:188} INFO - [2026-01-14T10:04:21.356+0000] {dag.py:3096} INFO - Sync 1 DAGs
[2026-01-14T10:04:21.392+0000] {logging_mixin.py:188} INFO - [2026-01-14T10:04:21.391+0000] {dag.py:3954} INFO - Setting next_dagrun for example_branch_dop_operator_v3 to 2026-01-14 10:03:00+00:00, run_after=2026-01-14 10:04:00+00:00
[2026-01-14T10:04:21.419+0000] {processor.py:183} INFO - Processing /home/airflow/.local/lib/python3.12/site-packages/airflow/example_dags/example_branch_python_dop_operator_3.py took 0.116 seconds
[2026-01-14T10:04:51.759+0000] {processor.py:161} INFO - Started process (PID=12084) to work on /home/airflow/.local/lib/python3.12/site-packages/airflow/example_dags/example_branch_python_dop_operator_3.py
[2026-01-14T10:04:51.760+0000] {processor.py:830} INFO - Processing file /home/airflow/.local/lib/python3.12/site-packages/airflow/example_dags/example_branch_python_dop_operator_3.py for tasks to queue
[2026-01-14T10:04:51.764+0000] {logging_mixin.py:188} INFO - [2026-01-14T10:04:51.763+0000] {dagbag.py:545} INFO - Filling up the DagBag from /home/airflow/.local/lib/python3.12/site-packages/airflow/example_dags/example_branch_python_dop_operator_3.py
[2026-01-14T10:04:51.776+0000] {processor.py:840} INFO - DAG(s) 'example_branch_dop_operator_v3' retrieved from /home/airflow/.local/lib/python3.12/site-packages/airflow/example_dags/example_branch_python_dop_operator_3.py
[2026-01-14T10:04:51.809+0000] {logging_mixin.py:188} INFO - [2026-01-14T10:04:51.809+0000] {dag.py:3096} INFO - Sync 1 DAGs
[2026-01-14T10:04:51.848+0000] {logging_mixin.py:188} INFO - [2026-01-14T10:04:51.848+0000] {dag.py:3954} INFO - Setting next_dagrun for example_branch_dop_operator_v3 to 2026-01-14 10:03:00+00:00, run_after=2026-01-14 10:04:00+00:00
[2026-01-14T10:04:51.878+0000] {processor.py:183} INFO - Processing /home/airflow/.local/lib/python3.12/site-packages/airflow/example_dags/example_branch_python_dop_operator_3.py took 0.128 seconds
[2026-01-14T10:05:22.606+0000] {processor.py:161} INFO - Started process (PID=12347) to work on /home/airflow/.local/lib/python3.12/site-packages/airflow/example_dags/example_branch_python_dop_operator_3.py
[2026-01-14T10:05:22.608+0000] {processor.py:830} INFO - Processing file /home/airflow/.local/lib/python3.12/site-packages/airflow/example_dags/example_branch_python_dop_operator_3.py for tasks to queue
[2026-01-14T10:05:22.611+0000] {logging_mixin.py:188} INFO - [2026-01-14T10:05:22.610+0000] {dagbag.py:545} INFO - Filling up the DagBag from /home/airflow/.local/lib/python3.12/site-packages/airflow/example_dags/example_branch_python_dop_operator_3.py
[2026-01-14T10:05:22.625+0000] {processor.py:840} INFO - DAG(s) 'example_branch_dop_operator_v3' retrieved from /home/airflow/.local/lib/python3.12/site-packages/airflow/example_dags/example_branch_python_dop_operator_3.py
[2026-01-14T10:05:22.662+0000] {logging_mixin.py:188} INFO - [2026-01-14T10:05:22.662+0000] {dag.py:3096} INFO - Sync 1 DAGs
[2026-01-14T10:05:22.704+0000] {logging_mixin.py:188} INFO - [2026-01-14T10:05:22.703+0000] {dag.py:3954} INFO - Setting next_dagrun for example_branch_dop_operator_v3 to 2026-01-14 10:04:00+00:00, run_after=2026-01-14 10:05:00+00:00
[2026-01-14T10:05:22.738+0000] {processor.py:183} INFO - Processing /home/airflow/.local/lib/python3.12/site-packages/airflow/example_dags/example_branch_python_dop_operator_3.py took 0.142 seconds
[2026-01-14T10:05:53.214+0000] {processor.py:161} INFO - Started process (PID=12608) to work on /home/airflow/.local/lib/python3.12/site-packages/airflow/example_dags/example_branch_python_dop_operator_3.py
[2026-01-14T10:05:53.215+0000] {processor.py:830} INFO - Processing file /home/airflow/.local/lib/python3.12/site-packages/airflow/example_dags/example_branch_python_dop_operator_3.py for tasks to queue
[2026-01-14T10:05:53.218+0000] {logging_mixin.py:188} INFO - [2026-01-14T10:05:53.217+0000] {dagbag.py:545} INFO - Filling up the DagBag from /home/airflow/.local/lib/python3.12/site-packages/airflow/example_dags/example_branch_python_dop_operator_3.py
[2026-01-14T10:05:53.231+0000] {processor.py:840} INFO - DAG(s) 'example_branch_dop_operator_v3' retrieved from /home/airflow/.local/lib/python3.12/site-packages/airflow/example_dags/example_branch_python_dop_operator_3.py
[2026-01-14T10:05:53.266+0000] {logging_mixin.py:188} INFO - [2026-01-14T10:05:53.266+0000] {dag.py:3096} INFO - Sync 1 DAGs
[2026-01-14T10:05:53.315+0000] {logging_mixin.py:188} INFO - [2026-01-14T10:05:53.308+0000] {dag.py:3954} INFO - Setting next_dagrun for example_branch_dop_operator_v3 to 2026-01-14 10:04:00+00:00, run_after=2026-01-14 10:05:00+00:00
[2026-01-14T10:05:53.385+0000] {processor.py:183} INFO - Processing /home/airflow/.local/lib/python3.12/site-packages/airflow/example_dags/example_branch_python_dop_operator_3.py took 0.181 seconds
[2026-01-14T10:06:23.833+0000] {processor.py:161} INFO - Started process (PID=12869) to work on /home/airflow/.local/lib/python3.12/site-packages/airflow/example_dags/example_branch_python_dop_operator_3.py
[2026-01-14T10:06:23.835+0000] {processor.py:830} INFO - Processing file /home/airflow/.local/lib/python3.12/site-packages/airflow/example_dags/example_branch_python_dop_operator_3.py for tasks to queue
[2026-01-14T10:06:23.838+0000] {logging_mixin.py:188} INFO - [2026-01-14T10:06:23.837+0000] {dagbag.py:545} INFO - Filling up the DagBag from /home/airflow/.local/lib/python3.12/site-packages/airflow/example_dags/example_branch_python_dop_operator_3.py
[2026-01-14T10:06:23.851+0000] {processor.py:840} INFO - DAG(s) 'example_branch_dop_operator_v3' retrieved from /home/airflow/.local/lib/python3.12/site-packages/airflow/example_dags/example_branch_python_dop_operator_3.py
[2026-01-14T10:06:23.891+0000] {logging_mixin.py:188} INFO - [2026-01-14T10:06:23.890+0000] {dag.py:3096} INFO - Sync 1 DAGs
[2026-01-14T10:06:23.932+0000] {logging_mixin.py:188} INFO - [2026-01-14T10:06:23.932+0000] {dag.py:3954} INFO - Setting next_dagrun for example_branch_dop_operator_v3 to 2026-01-14 10:05:00+00:00, run_after=2026-01-14 10:06:00+00:00
[2026-01-14T10:06:23.966+0000] {processor.py:183} INFO - Processing /home/airflow/.local/lib/python3.12/site-packages/airflow/example_dags/example_branch_python_dop_operator_3.py took 0.142 seconds
[2026-01-14T10:06:54.529+0000] {processor.py:161} INFO - Started process (PID=13130) to work on /home/airflow/.local/lib/python3.12/site-packages/airflow/example_dags/example_branch_python_dop_operator_3.py
[2026-01-14T10:06:54.531+0000] {processor.py:830} INFO - Processing file /home/airflow/.local/lib/python3.12/site-packages/airflow/example_dags/example_branch_python_dop_operator_3.py for tasks to queue
[2026-01-14T10:06:54.534+0000] {logging_mixin.py:188} INFO - [2026-01-14T10:06:54.534+0000] {dagbag.py:545} INFO - Filling up the DagBag from /home/airflow/.local/lib/python3.12/site-packages/airflow/example_dags/example_branch_python_dop_operator_3.py
[2026-01-14T10:06:54.550+0000] {processor.py:840} INFO - DAG(s) 'example_branch_dop_operator_v3' retrieved from /home/airflow/.local/lib/python3.12/site-packages/airflow/example_dags/example_branch_python_dop_operator_3.py
[2026-01-14T10:06:54.589+0000] {logging_mixin.py:188} INFO - [2026-01-14T10:06:54.589+0000] {dag.py:3096} INFO - Sync 1 DAGs
[2026-01-14T10:06:54.635+0000] {logging_mixin.py:188} INFO - [2026-01-14T10:06:54.635+0000] {dag.py:3954} INFO - Setting next_dagrun for example_branch_dop_operator_v3 to 2026-01-14 10:05:00+00:00, run_after=2026-01-14 10:06:00+00:00
[2026-01-14T10:06:54.665+0000] {processor.py:183} INFO - Processing /home/airflow/.local/lib/python3.12/site-packages/airflow/example_dags/example_branch_python_dop_operator_3.py took 0.146 seconds
[2026-01-14T10:07:25.053+0000] {processor.py:161} INFO - Started process (PID=13391) to work on /home/airflow/.local/lib/python3.12/site-packages/airflow/example_dags/example_branch_python_dop_operator_3.py
[2026-01-14T10:07:25.055+0000] {processor.py:830} INFO - Processing file /home/airflow/.local/lib/python3.12/site-packages/airflow/example_dags/example_branch_python_dop_operator_3.py for tasks to queue
[2026-01-14T10:07:25.057+0000] {logging_mixin.py:188} INFO - [2026-01-14T10:07:25.057+0000] {dagbag.py:545} INFO - Filling up the DagBag from /home/airflow/.local/lib/python3.12/site-packages/airflow/example_dags/example_branch_python_dop_operator_3.py
[2026-01-14T10:07:25.071+0000] {processor.py:840} INFO - DAG(s) 'example_branch_dop_operator_v3' retrieved from /home/airflow/.local/lib/python3.12/site-packages/airflow/example_dags/example_branch_python_dop_operator_3.py
[2026-01-14T10:07:25.106+0000] {logging_mixin.py:188} INFO - [2026-01-14T10:07:25.105+0000] {dag.py:3096} INFO - Sync 1 DAGs
[2026-01-14T10:07:25.148+0000] {logging_mixin.py:188} INFO - [2026-01-14T10:07:25.148+0000] {dag.py:3954} INFO - Setting next_dagrun for example_branch_dop_operator_v3 to 2026-01-14 10:06:00+00:00, run_after=2026-01-14 10:07:00+00:00
[2026-01-14T10:07:25.183+0000] {processor.py:183} INFO - Processing /home/airflow/.local/lib/python3.12/site-packages/airflow/example_dags/example_branch_python_dop_operator_3.py took 0.139 seconds
[2026-01-14T10:07:55.388+0000] {processor.py:161} INFO - Started process (PID=13652) to work on /home/airflow/.local/lib/python3.12/site-packages/airflow/example_dags/example_branch_python_dop_operator_3.py
[2026-01-14T10:07:55.390+0000] {processor.py:830} INFO - Processing file /home/airflow/.local/lib/python3.12/site-packages/airflow/example_dags/example_branch_python_dop_operator_3.py for tasks to queue
[2026-01-14T10:07:55.393+0000] {logging_mixin.py:188} INFO - [2026-01-14T10:07:55.392+0000] {dagbag.py:545} INFO - Filling up the DagBag from /home/airflow/.local/lib/python3.12/site-packages/airflow/example_dags/example_branch_python_dop_operator_3.py
[2026-01-14T10:07:55.405+0000] {processor.py:840} INFO - DAG(s) 'example_branch_dop_operator_v3' retrieved from /home/airflow/.local/lib/python3.12/site-packages/airflow/example_dags/example_branch_python_dop_operator_3.py
[2026-01-14T10:07:55.440+0000] {logging_mixin.py:188} INFO - [2026-01-14T10:07:55.440+0000] {dag.py:3096} INFO - Sync 1 DAGs
[2026-01-14T10:07:55.485+0000] {logging_mixin.py:188} INFO - [2026-01-14T10:07:55.484+0000] {dag.py:3954} INFO - Setting next_dagrun for example_branch_dop_operator_v3 to 2026-01-14 10:06:00+00:00, run_after=2026-01-14 10:07:00+00:00
[2026-01-14T10:07:55.517+0000] {processor.py:183} INFO - Processing /home/airflow/.local/lib/python3.12/site-packages/airflow/example_dags/example_branch_python_dop_operator_3.py took 0.138 seconds
[2026-01-14T10:08:26.109+0000] {processor.py:161} INFO - Started process (PID=13911) to work on /home/airflow/.local/lib/python3.12/site-packages/airflow/example_dags/example_branch_python_dop_operator_3.py
[2026-01-14T10:08:26.111+0000] {processor.py:830} INFO - Processing file /home/airflow/.local/lib/python3.12/site-packages/airflow/example_dags/example_branch_python_dop_operator_3.py for tasks to queue
[2026-01-14T10:08:26.114+0000] {logging_mixin.py:188} INFO - [2026-01-14T10:08:26.113+0000] {dagbag.py:545} INFO - Filling up the DagBag from /home/airflow/.local/lib/python3.12/site-packages/airflow/example_dags/example_branch_python_dop_operator_3.py
[2026-01-14T10:08:26.131+0000] {processor.py:840} INFO - DAG(s) 'example_branch_dop_operator_v3' retrieved from /home/airflow/.local/lib/python3.12/site-packages/airflow/example_dags/example_branch_python_dop_operator_3.py
[2026-01-14T10:08:26.162+0000] {logging_mixin.py:188} INFO - [2026-01-14T10:08:26.162+0000] {dag.py:3096} INFO - Sync 1 DAGs
[2026-01-14T10:08:26.205+0000] {logging_mixin.py:188} INFO - [2026-01-14T10:08:26.204+0000] {dag.py:3954} INFO - Setting next_dagrun for example_branch_dop_operator_v3 to 2026-01-14 10:07:00+00:00, run_after=2026-01-14 10:08:00+00:00
[2026-01-14T10:08:26.235+0000] {processor.py:183} INFO - Processing /home/airflow/.local/lib/python3.12/site-packages/airflow/example_dags/example_branch_python_dop_operator_3.py took 0.136 seconds
[2026-01-14T10:08:56.837+0000] {processor.py:161} INFO - Started process (PID=14174) to work on /home/airflow/.local/lib/python3.12/site-packages/airflow/example_dags/example_branch_python_dop_operator_3.py
[2026-01-14T10:08:56.839+0000] {processor.py:830} INFO - Processing file /home/airflow/.local/lib/python3.12/site-packages/airflow/example_dags/example_branch_python_dop_operator_3.py for tasks to queue
[2026-01-14T10:08:56.841+0000] {logging_mixin.py:188} INFO - [2026-01-14T10:08:56.841+0000] {dagbag.py:545} INFO - Filling up the DagBag from /home/airflow/.local/lib/python3.12/site-packages/airflow/example_dags/example_branch_python_dop_operator_3.py
[2026-01-14T10:08:56.855+0000] {processor.py:840} INFO - DAG(s) 'example_branch_dop_operator_v3' retrieved from /home/airflow/.local/lib/python3.12/site-packages/airflow/example_dags/example_branch_python_dop_operator_3.py
[2026-01-14T10:08:56.892+0000] {logging_mixin.py:188} INFO - [2026-01-14T10:08:56.891+0000] {dag.py:3096} INFO - Sync 1 DAGs
[2026-01-14T10:08:56.930+0000] {logging_mixin.py:188} INFO - [2026-01-14T10:08:56.930+0000] {dag.py:3954} INFO - Setting next_dagrun for example_branch_dop_operator_v3 to 2026-01-14 10:07:00+00:00, run_after=2026-01-14 10:08:00+00:00
[2026-01-14T10:08:56.959+0000] {processor.py:183} INFO - Processing /home/airflow/.local/lib/python3.12/site-packages/airflow/example_dags/example_branch_python_dop_operator_3.py took 0.131 seconds
[2026-01-14T10:09:27.319+0000] {processor.py:161} INFO - Started process (PID=14435) to work on /home/airflow/.local/lib/python3.12/site-packages/airflow/example_dags/example_branch_python_dop_operator_3.py
[2026-01-14T10:09:27.322+0000] {processor.py:830} INFO - Processing file /home/airflow/.local/lib/python3.12/site-packages/airflow/example_dags/example_branch_python_dop_operator_3.py for tasks to queue
[2026-01-14T10:09:27.325+0000] {logging_mixin.py:188} INFO - [2026-01-14T10:09:27.325+0000] {dagbag.py:545} INFO - Filling up the DagBag from /home/airflow/.local/lib/python3.12/site-packages/airflow/example_dags/example_branch_python_dop_operator_3.py
[2026-01-14T10:09:27.341+0000] {processor.py:840} INFO - DAG(s) 'example_branch_dop_operator_v3' retrieved from /home/airflow/.local/lib/python3.12/site-packages/airflow/example_dags/example_branch_python_dop_operator_3.py
[2026-01-14T10:09:27.384+0000] {logging_mixin.py:188} INFO - [2026-01-14T10:09:27.384+0000] {dag.py:3096} INFO - Sync 1 DAGs
[2026-01-14T10:09:27.425+0000] {logging_mixin.py:188} INFO - [2026-01-14T10:09:27.425+0000] {dag.py:3954} INFO - Setting next_dagrun for example_branch_dop_operator_v3 to 2026-01-14 10:08:00+00:00, run_after=2026-01-14 10:09:00+00:00
[2026-01-14T10:09:27.459+0000] {processor.py:183} INFO - Processing /home/airflow/.local/lib/python3.12/site-packages/airflow/example_dags/example_branch_python_dop_operator_3.py took 0.151 seconds
[2026-01-14T10:09:57.705+0000] {processor.py:161} INFO - Started process (PID=14696) to work on /home/airflow/.local/lib/python3.12/site-packages/airflow/example_dags/example_branch_python_dop_operator_3.py
[2026-01-14T10:09:57.706+0000] {processor.py:830} INFO - Processing file /home/airflow/.local/lib/python3.12/site-packages/airflow/example_dags/example_branch_python_dop_operator_3.py for tasks to queue
[2026-01-14T10:09:57.710+0000] {logging_mixin.py:188} INFO - [2026-01-14T10:09:57.709+0000] {dagbag.py:545} INFO - Filling up the DagBag from /home/airflow/.local/lib/python3.12/site-packages/airflow/example_dags/example_branch_python_dop_operator_3.py
[2026-01-14T10:09:57.722+0000] {processor.py:840} INFO - DAG(s) 'example_branch_dop_operator_v3' retrieved from /home/airflow/.local/lib/python3.12/site-packages/airflow/example_dags/example_branch_python_dop_operator_3.py
[2026-01-14T10:09:57.758+0000] {logging_mixin.py:188} INFO - [2026-01-14T10:09:57.757+0000] {dag.py:3096} INFO - Sync 1 DAGs
[2026-01-14T10:09:57.796+0000] {logging_mixin.py:188} INFO - [2026-01-14T10:09:57.796+0000] {dag.py:3954} INFO - Setting next_dagrun for example_branch_dop_operator_v3 to 2026-01-14 10:08:00+00:00, run_after=2026-01-14 10:09:00+00:00
[2026-01-14T10:09:57.828+0000] {processor.py:183} INFO - Processing /home/airflow/.local/lib/python3.12/site-packages/airflow/example_dags/example_branch_python_dop_operator_3.py took 0.132 seconds
[2026-01-14T10:10:28.247+0000] {processor.py:161} INFO - Started process (PID=14957) to work on /home/airflow/.local/lib/python3.12/site-packages/airflow/example_dags/example_branch_python_dop_operator_3.py
[2026-01-14T10:10:28.249+0000] {processor.py:830} INFO - Processing file /home/airflow/.local/lib/python3.12/site-packages/airflow/example_dags/example_branch_python_dop_operator_3.py for tasks to queue
[2026-01-14T10:10:28.252+0000] {logging_mixin.py:188} INFO - [2026-01-14T10:10:28.251+0000] {dagbag.py:545} INFO - Filling up the DagBag from /home/airflow/.local/lib/python3.12/site-packages/airflow/example_dags/example_branch_python_dop_operator_3.py
[2026-01-14T10:10:28.264+0000] {processor.py:840} INFO - DAG(s) 'example_branch_dop_operator_v3' retrieved from /home/airflow/.local/lib/python3.12/site-packages/airflow/example_dags/example_branch_python_dop_operator_3.py
[2026-01-14T10:10:28.298+0000] {logging_mixin.py:188} INFO - [2026-01-14T10:10:28.297+0000] {dag.py:3096} INFO - Sync 1 DAGs
[2026-01-14T10:10:28.334+0000] {logging_mixin.py:188} INFO - [2026-01-14T10:10:28.333+0000] {dag.py:3954} INFO - Setting next_dagrun for example_branch_dop_operator_v3 to 2026-01-14 10:09:00+00:00, run_after=2026-01-14 10:10:00+00:00
[2026-01-14T10:10:28.371+0000] {processor.py:183} INFO - Processing /home/airflow/.local/lib/python3.12/site-packages/airflow/example_dags/example_branch_python_dop_operator_3.py took 0.132 seconds
[2026-01-14T10:30:01.435+0000] {processor.py:161} INFO - Started process (PID=15175) to work on /home/airflow/.local/lib/python3.12/site-packages/airflow/example_dags/example_branch_python_dop_operator_3.py
[2026-01-14T10:30:01.437+0000] {processor.py:830} INFO - Processing file /home/airflow/.local/lib/python3.12/site-packages/airflow/example_dags/example_branch_python_dop_operator_3.py for tasks to queue
[2026-01-14T10:30:01.438+0000] {logging_mixin.py:188} INFO - [2026-01-14T10:30:01.438+0000] {dagbag.py:545} INFO - Filling up the DagBag from /home/airflow/.local/lib/python3.12/site-packages/airflow/example_dags/example_branch_python_dop_operator_3.py
[2026-01-14T10:30:01.450+0000] {processor.py:840} INFO - DAG(s) 'example_branch_dop_operator_v3' retrieved from /home/airflow/.local/lib/python3.12/site-packages/airflow/example_dags/example_branch_python_dop_operator_3.py
[2026-01-14T10:30:01.482+0000] {logging_mixin.py:188} INFO - [2026-01-14T10:30:01.482+0000] {dag.py:3096} INFO - Sync 1 DAGs
[2026-01-14T10:30:01.518+0000] {logging_mixin.py:188} INFO - [2026-01-14T10:30:01.518+0000] {dag.py:3954} INFO - Setting next_dagrun for example_branch_dop_operator_v3 to 2026-01-14 10:29:00+00:00, run_after=2026-01-14 10:30:00+00:00
[2026-01-14T10:30:01.547+0000] {processor.py:183} INFO - Processing /home/airflow/.local/lib/python3.12/site-packages/airflow/example_dags/example_branch_python_dop_operator_3.py took 0.119 seconds
