[2026-01-14T07:54:53.255+0000] {processor.py:161} INFO - Started process (PID=313) to work on /home/airflow/.local/lib/python3.12/site-packages/airflow/example_dags/example_task_group_decorator.py
[2026-01-14T07:54:53.257+0000] {processor.py:830} INFO - Processing file /home/airflow/.local/lib/python3.12/site-packages/airflow/example_dags/example_task_group_decorator.py for tasks to queue
[2026-01-14T07:54:53.260+0000] {logging_mixin.py:188} INFO - [2026-01-14T07:54:53.260+0000] {dagbag.py:545} INFO - Filling up the DagBag from /home/airflow/.local/lib/python3.12/site-packages/airflow/example_dags/example_task_group_decorator.py
[2026-01-14T07:54:53.286+0000] {processor.py:840} INFO - DAG(s) 'example_task_group_decorator' retrieved from /home/airflow/.local/lib/python3.12/site-packages/airflow/example_dags/example_task_group_decorator.py
[2026-01-14T07:54:53.343+0000] {logging_mixin.py:188} INFO - [2026-01-14T07:54:53.342+0000] {dag.py:3096} INFO - Sync 1 DAGs
[2026-01-14T07:54:53.382+0000] {logging_mixin.py:188} INFO - [2026-01-14T07:54:53.382+0000] {dag.py:3954} INFO - Setting next_dagrun for example_task_group_decorator to 2026-01-13 00:00:00+00:00, run_after=2026-01-14 00:00:00+00:00
[2026-01-14T07:54:53.431+0000] {processor.py:183} INFO - Processing /home/airflow/.local/lib/python3.12/site-packages/airflow/example_dags/example_task_group_decorator.py took 0.184 seconds
[2026-01-14T07:55:23.570+0000] {processor.py:161} INFO - Started process (PID=613) to work on /home/airflow/.local/lib/python3.12/site-packages/airflow/example_dags/example_task_group_decorator.py
[2026-01-14T07:55:23.572+0000] {processor.py:830} INFO - Processing file /home/airflow/.local/lib/python3.12/site-packages/airflow/example_dags/example_task_group_decorator.py for tasks to queue
[2026-01-14T07:55:23.574+0000] {logging_mixin.py:188} INFO - [2026-01-14T07:55:23.574+0000] {dagbag.py:545} INFO - Filling up the DagBag from /home/airflow/.local/lib/python3.12/site-packages/airflow/example_dags/example_task_group_decorator.py
[2026-01-14T07:55:23.599+0000] {processor.py:840} INFO - DAG(s) 'example_task_group_decorator' retrieved from /home/airflow/.local/lib/python3.12/site-packages/airflow/example_dags/example_task_group_decorator.py
[2026-01-14T07:55:23.641+0000] {logging_mixin.py:188} INFO - [2026-01-14T07:55:23.640+0000] {dag.py:3096} INFO - Sync 1 DAGs
[2026-01-14T07:55:23.674+0000] {logging_mixin.py:188} INFO - [2026-01-14T07:55:23.674+0000] {dag.py:3954} INFO - Setting next_dagrun for example_task_group_decorator to 2026-01-13 00:00:00+00:00, run_after=2026-01-14 00:00:00+00:00
[2026-01-14T07:55:23.701+0000] {processor.py:183} INFO - Processing /home/airflow/.local/lib/python3.12/site-packages/airflow/example_dags/example_task_group_decorator.py took 0.140 seconds
[2026-01-14T07:55:54.446+0000] {processor.py:161} INFO - Started process (PID=884) to work on /home/airflow/.local/lib/python3.12/site-packages/airflow/example_dags/example_task_group_decorator.py
[2026-01-14T07:55:54.447+0000] {processor.py:830} INFO - Processing file /home/airflow/.local/lib/python3.12/site-packages/airflow/example_dags/example_task_group_decorator.py for tasks to queue
[2026-01-14T07:55:54.450+0000] {logging_mixin.py:188} INFO - [2026-01-14T07:55:54.449+0000] {dagbag.py:545} INFO - Filling up the DagBag from /home/airflow/.local/lib/python3.12/site-packages/airflow/example_dags/example_task_group_decorator.py
[2026-01-14T07:55:54.479+0000] {processor.py:840} INFO - DAG(s) 'example_task_group_decorator' retrieved from /home/airflow/.local/lib/python3.12/site-packages/airflow/example_dags/example_task_group_decorator.py
[2026-01-14T07:55:54.537+0000] {logging_mixin.py:188} INFO - [2026-01-14T07:55:54.537+0000] {dag.py:3096} INFO - Sync 1 DAGs
[2026-01-14T07:55:54.574+0000] {logging_mixin.py:188} INFO - [2026-01-14T07:55:54.574+0000] {dag.py:3954} INFO - Setting next_dagrun for example_task_group_decorator to 2026-01-13 00:00:00+00:00, run_after=2026-01-14 00:00:00+00:00
[2026-01-14T07:55:54.603+0000] {processor.py:183} INFO - Processing /home/airflow/.local/lib/python3.12/site-packages/airflow/example_dags/example_task_group_decorator.py took 0.166 seconds
[2026-01-14T07:56:25.515+0000] {processor.py:161} INFO - Started process (PID=1160) to work on /home/airflow/.local/lib/python3.12/site-packages/airflow/example_dags/example_task_group_decorator.py
[2026-01-14T07:56:25.517+0000] {processor.py:830} INFO - Processing file /home/airflow/.local/lib/python3.12/site-packages/airflow/example_dags/example_task_group_decorator.py for tasks to queue
[2026-01-14T07:56:25.520+0000] {logging_mixin.py:188} INFO - [2026-01-14T07:56:25.519+0000] {dagbag.py:545} INFO - Filling up the DagBag from /home/airflow/.local/lib/python3.12/site-packages/airflow/example_dags/example_task_group_decorator.py
[2026-01-14T07:56:25.541+0000] {processor.py:840} INFO - DAG(s) 'example_task_group_decorator' retrieved from /home/airflow/.local/lib/python3.12/site-packages/airflow/example_dags/example_task_group_decorator.py
[2026-01-14T07:56:25.587+0000] {logging_mixin.py:188} INFO - [2026-01-14T07:56:25.586+0000] {dag.py:3096} INFO - Sync 1 DAGs
[2026-01-14T07:56:25.621+0000] {logging_mixin.py:188} INFO - [2026-01-14T07:56:25.621+0000] {dag.py:3954} INFO - Setting next_dagrun for example_task_group_decorator to 2026-01-13 00:00:00+00:00, run_after=2026-01-14 00:00:00+00:00
[2026-01-14T07:56:25.654+0000] {processor.py:183} INFO - Processing /home/airflow/.local/lib/python3.12/site-packages/airflow/example_dags/example_task_group_decorator.py took 0.147 seconds
[2026-01-14T07:56:56.355+0000] {processor.py:161} INFO - Started process (PID=1427) to work on /home/airflow/.local/lib/python3.12/site-packages/airflow/example_dags/example_task_group_decorator.py
[2026-01-14T07:56:56.356+0000] {processor.py:830} INFO - Processing file /home/airflow/.local/lib/python3.12/site-packages/airflow/example_dags/example_task_group_decorator.py for tasks to queue
[2026-01-14T07:56:56.359+0000] {logging_mixin.py:188} INFO - [2026-01-14T07:56:56.359+0000] {dagbag.py:545} INFO - Filling up the DagBag from /home/airflow/.local/lib/python3.12/site-packages/airflow/example_dags/example_task_group_decorator.py
[2026-01-14T07:56:56.377+0000] {processor.py:840} INFO - DAG(s) 'example_task_group_decorator' retrieved from /home/airflow/.local/lib/python3.12/site-packages/airflow/example_dags/example_task_group_decorator.py
[2026-01-14T07:56:56.421+0000] {logging_mixin.py:188} INFO - [2026-01-14T07:56:56.421+0000] {dag.py:3096} INFO - Sync 1 DAGs
[2026-01-14T07:56:56.456+0000] {logging_mixin.py:188} INFO - [2026-01-14T07:56:56.455+0000] {dag.py:3954} INFO - Setting next_dagrun for example_task_group_decorator to 2026-01-13 00:00:00+00:00, run_after=2026-01-14 00:00:00+00:00
[2026-01-14T07:56:56.487+0000] {processor.py:183} INFO - Processing /home/airflow/.local/lib/python3.12/site-packages/airflow/example_dags/example_task_group_decorator.py took 0.140 seconds
[2026-01-14T07:57:27.090+0000] {processor.py:161} INFO - Started process (PID=1730) to work on /home/airflow/.local/lib/python3.12/site-packages/airflow/example_dags/example_task_group_decorator.py
[2026-01-14T07:57:27.091+0000] {processor.py:830} INFO - Processing file /home/airflow/.local/lib/python3.12/site-packages/airflow/example_dags/example_task_group_decorator.py for tasks to queue
[2026-01-14T07:57:27.094+0000] {logging_mixin.py:188} INFO - [2026-01-14T07:57:27.094+0000] {dagbag.py:545} INFO - Filling up the DagBag from /home/airflow/.local/lib/python3.12/site-packages/airflow/example_dags/example_task_group_decorator.py
[2026-01-14T07:57:27.119+0000] {processor.py:840} INFO - DAG(s) 'example_task_group_decorator' retrieved from /home/airflow/.local/lib/python3.12/site-packages/airflow/example_dags/example_task_group_decorator.py
[2026-01-14T07:57:27.167+0000] {logging_mixin.py:188} INFO - [2026-01-14T07:57:27.167+0000] {dag.py:3096} INFO - Sync 1 DAGs
[2026-01-14T07:57:27.207+0000] {logging_mixin.py:188} INFO - [2026-01-14T07:57:27.207+0000] {dag.py:3954} INFO - Setting next_dagrun for example_task_group_decorator to 2026-01-13 00:00:00+00:00, run_after=2026-01-14 00:00:00+00:00
[2026-01-14T07:57:27.245+0000] {processor.py:183} INFO - Processing /home/airflow/.local/lib/python3.12/site-packages/airflow/example_dags/example_task_group_decorator.py took 0.166 seconds
[2026-01-14T07:58:46.804+0000] {processor.py:161} INFO - Started process (PID=265) to work on /home/airflow/.local/lib/python3.12/site-packages/airflow/example_dags/example_task_group_decorator.py
[2026-01-14T07:58:46.805+0000] {processor.py:830} INFO - Processing file /home/airflow/.local/lib/python3.12/site-packages/airflow/example_dags/example_task_group_decorator.py for tasks to queue
[2026-01-14T07:58:46.808+0000] {logging_mixin.py:188} INFO - [2026-01-14T07:58:46.807+0000] {dagbag.py:545} INFO - Filling up the DagBag from /home/airflow/.local/lib/python3.12/site-packages/airflow/example_dags/example_task_group_decorator.py
[2026-01-14T07:58:46.848+0000] {processor.py:840} INFO - DAG(s) 'example_task_group_decorator' retrieved from /home/airflow/.local/lib/python3.12/site-packages/airflow/example_dags/example_task_group_decorator.py
[2026-01-14T07:58:46.889+0000] {logging_mixin.py:188} INFO - [2026-01-14T07:58:46.889+0000] {dag.py:3096} INFO - Sync 1 DAGs
[2026-01-14T07:58:46.924+0000] {logging_mixin.py:188} INFO - [2026-01-14T07:58:46.924+0000] {dag.py:3954} INFO - Setting next_dagrun for example_task_group_decorator to 2026-01-13 00:00:00+00:00, run_after=2026-01-14 00:00:00+00:00
[2026-01-14T07:58:46.951+0000] {processor.py:183} INFO - Processing /home/airflow/.local/lib/python3.12/site-packages/airflow/example_dags/example_task_group_decorator.py took 0.156 seconds
[2026-01-14T07:59:17.268+0000] {processor.py:161} INFO - Started process (PID=532) to work on /home/airflow/.local/lib/python3.12/site-packages/airflow/example_dags/example_task_group_decorator.py
[2026-01-14T07:59:17.269+0000] {processor.py:830} INFO - Processing file /home/airflow/.local/lib/python3.12/site-packages/airflow/example_dags/example_task_group_decorator.py for tasks to queue
[2026-01-14T07:59:17.272+0000] {logging_mixin.py:188} INFO - [2026-01-14T07:59:17.271+0000] {dagbag.py:545} INFO - Filling up the DagBag from /home/airflow/.local/lib/python3.12/site-packages/airflow/example_dags/example_task_group_decorator.py
[2026-01-14T07:59:17.292+0000] {processor.py:840} INFO - DAG(s) 'example_task_group_decorator' retrieved from /home/airflow/.local/lib/python3.12/site-packages/airflow/example_dags/example_task_group_decorator.py
[2026-01-14T07:59:17.338+0000] {logging_mixin.py:188} INFO - [2026-01-14T07:59:17.337+0000] {dag.py:3096} INFO - Sync 1 DAGs
[2026-01-14T07:59:17.375+0000] {logging_mixin.py:188} INFO - [2026-01-14T07:59:17.374+0000] {dag.py:3954} INFO - Setting next_dagrun for example_task_group_decorator to 2026-01-13 00:00:00+00:00, run_after=2026-01-14 00:00:00+00:00
[2026-01-14T07:59:17.404+0000] {processor.py:183} INFO - Processing /home/airflow/.local/lib/python3.12/site-packages/airflow/example_dags/example_task_group_decorator.py took 0.144 seconds
[2026-01-14T07:59:47.650+0000] {processor.py:161} INFO - Started process (PID=859) to work on /home/airflow/.local/lib/python3.12/site-packages/airflow/example_dags/example_task_group_decorator.py
[2026-01-14T07:59:47.651+0000] {processor.py:830} INFO - Processing file /home/airflow/.local/lib/python3.12/site-packages/airflow/example_dags/example_task_group_decorator.py for tasks to queue
[2026-01-14T07:59:47.653+0000] {logging_mixin.py:188} INFO - [2026-01-14T07:59:47.653+0000] {dagbag.py:545} INFO - Filling up the DagBag from /home/airflow/.local/lib/python3.12/site-packages/airflow/example_dags/example_task_group_decorator.py
[2026-01-14T07:59:47.679+0000] {processor.py:840} INFO - DAG(s) 'example_task_group_decorator' retrieved from /home/airflow/.local/lib/python3.12/site-packages/airflow/example_dags/example_task_group_decorator.py
[2026-01-14T07:59:47.728+0000] {logging_mixin.py:188} INFO - [2026-01-14T07:59:47.728+0000] {dag.py:3096} INFO - Sync 1 DAGs
[2026-01-14T07:59:47.761+0000] {logging_mixin.py:188} INFO - [2026-01-14T07:59:47.760+0000] {dag.py:3954} INFO - Setting next_dagrun for example_task_group_decorator to 2026-01-13 00:00:00+00:00, run_after=2026-01-14 00:00:00+00:00
[2026-01-14T07:59:47.788+0000] {processor.py:183} INFO - Processing /home/airflow/.local/lib/python3.12/site-packages/airflow/example_dags/example_task_group_decorator.py took 0.145 seconds
[2026-01-14T08:00:18.552+0000] {processor.py:161} INFO - Started process (PID=1123) to work on /home/airflow/.local/lib/python3.12/site-packages/airflow/example_dags/example_task_group_decorator.py
[2026-01-14T08:00:18.553+0000] {processor.py:830} INFO - Processing file /home/airflow/.local/lib/python3.12/site-packages/airflow/example_dags/example_task_group_decorator.py for tasks to queue
[2026-01-14T08:00:18.556+0000] {logging_mixin.py:188} INFO - [2026-01-14T08:00:18.556+0000] {dagbag.py:545} INFO - Filling up the DagBag from /home/airflow/.local/lib/python3.12/site-packages/airflow/example_dags/example_task_group_decorator.py
[2026-01-14T08:00:18.575+0000] {processor.py:840} INFO - DAG(s) 'example_task_group_decorator' retrieved from /home/airflow/.local/lib/python3.12/site-packages/airflow/example_dags/example_task_group_decorator.py
[2026-01-14T08:00:18.615+0000] {logging_mixin.py:188} INFO - [2026-01-14T08:00:18.615+0000] {dag.py:3096} INFO - Sync 1 DAGs
[2026-01-14T08:00:18.650+0000] {logging_mixin.py:188} INFO - [2026-01-14T08:00:18.649+0000] {dag.py:3954} INFO - Setting next_dagrun for example_task_group_decorator to 2026-01-13 00:00:00+00:00, run_after=2026-01-14 00:00:00+00:00
[2026-01-14T08:00:18.684+0000] {processor.py:183} INFO - Processing /home/airflow/.local/lib/python3.12/site-packages/airflow/example_dags/example_task_group_decorator.py took 0.139 seconds
[2026-01-14T08:00:48.847+0000] {processor.py:161} INFO - Started process (PID=1384) to work on /home/airflow/.local/lib/python3.12/site-packages/airflow/example_dags/example_task_group_decorator.py
[2026-01-14T08:00:48.848+0000] {processor.py:830} INFO - Processing file /home/airflow/.local/lib/python3.12/site-packages/airflow/example_dags/example_task_group_decorator.py for tasks to queue
[2026-01-14T08:00:48.852+0000] {logging_mixin.py:188} INFO - [2026-01-14T08:00:48.851+0000] {dagbag.py:545} INFO - Filling up the DagBag from /home/airflow/.local/lib/python3.12/site-packages/airflow/example_dags/example_task_group_decorator.py
[2026-01-14T08:00:48.872+0000] {processor.py:840} INFO - DAG(s) 'example_task_group_decorator' retrieved from /home/airflow/.local/lib/python3.12/site-packages/airflow/example_dags/example_task_group_decorator.py
[2026-01-14T08:00:48.916+0000] {logging_mixin.py:188} INFO - [2026-01-14T08:00:48.915+0000] {dag.py:3096} INFO - Sync 1 DAGs
[2026-01-14T08:00:48.956+0000] {logging_mixin.py:188} INFO - [2026-01-14T08:00:48.956+0000] {dag.py:3954} INFO - Setting next_dagrun for example_task_group_decorator to 2026-01-13 00:00:00+00:00, run_after=2026-01-14 00:00:00+00:00
[2026-01-14T08:00:48.985+0000] {processor.py:183} INFO - Processing /home/airflow/.local/lib/python3.12/site-packages/airflow/example_dags/example_task_group_decorator.py took 0.145 seconds
[2026-01-14T08:01:19.218+0000] {processor.py:161} INFO - Started process (PID=1648) to work on /home/airflow/.local/lib/python3.12/site-packages/airflow/example_dags/example_task_group_decorator.py
[2026-01-14T08:01:19.219+0000] {processor.py:830} INFO - Processing file /home/airflow/.local/lib/python3.12/site-packages/airflow/example_dags/example_task_group_decorator.py for tasks to queue
[2026-01-14T08:01:19.222+0000] {logging_mixin.py:188} INFO - [2026-01-14T08:01:19.221+0000] {dagbag.py:545} INFO - Filling up the DagBag from /home/airflow/.local/lib/python3.12/site-packages/airflow/example_dags/example_task_group_decorator.py
[2026-01-14T08:01:19.242+0000] {processor.py:840} INFO - DAG(s) 'example_task_group_decorator' retrieved from /home/airflow/.local/lib/python3.12/site-packages/airflow/example_dags/example_task_group_decorator.py
[2026-01-14T08:01:19.283+0000] {logging_mixin.py:188} INFO - [2026-01-14T08:01:19.282+0000] {dag.py:3096} INFO - Sync 1 DAGs
[2026-01-14T08:01:19.315+0000] {logging_mixin.py:188} INFO - [2026-01-14T08:01:19.314+0000] {dag.py:3954} INFO - Setting next_dagrun for example_task_group_decorator to 2026-01-13 00:00:00+00:00, run_after=2026-01-14 00:00:00+00:00
[2026-01-14T08:01:19.345+0000] {processor.py:183} INFO - Processing /home/airflow/.local/lib/python3.12/site-packages/airflow/example_dags/example_task_group_decorator.py took 0.134 seconds
[2026-01-14T08:01:49.698+0000] {processor.py:161} INFO - Started process (PID=1933) to work on /home/airflow/.local/lib/python3.12/site-packages/airflow/example_dags/example_task_group_decorator.py
[2026-01-14T08:01:49.699+0000] {processor.py:830} INFO - Processing file /home/airflow/.local/lib/python3.12/site-packages/airflow/example_dags/example_task_group_decorator.py for tasks to queue
[2026-01-14T08:01:49.702+0000] {logging_mixin.py:188} INFO - [2026-01-14T08:01:49.701+0000] {dagbag.py:545} INFO - Filling up the DagBag from /home/airflow/.local/lib/python3.12/site-packages/airflow/example_dags/example_task_group_decorator.py
[2026-01-14T08:01:49.721+0000] {processor.py:840} INFO - DAG(s) 'example_task_group_decorator' retrieved from /home/airflow/.local/lib/python3.12/site-packages/airflow/example_dags/example_task_group_decorator.py
[2026-01-14T08:01:49.762+0000] {logging_mixin.py:188} INFO - [2026-01-14T08:01:49.762+0000] {dag.py:3096} INFO - Sync 1 DAGs
[2026-01-14T08:01:49.793+0000] {logging_mixin.py:188} INFO - [2026-01-14T08:01:49.793+0000] {dag.py:3954} INFO - Setting next_dagrun for example_task_group_decorator to 2026-01-13 00:00:00+00:00, run_after=2026-01-14 00:00:00+00:00
[2026-01-14T08:01:49.823+0000] {processor.py:183} INFO - Processing /home/airflow/.local/lib/python3.12/site-packages/airflow/example_dags/example_task_group_decorator.py took 0.132 seconds
[2026-01-14T08:02:20.089+0000] {processor.py:161} INFO - Started process (PID=2197) to work on /home/airflow/.local/lib/python3.12/site-packages/airflow/example_dags/example_task_group_decorator.py
[2026-01-14T08:02:20.090+0000] {processor.py:830} INFO - Processing file /home/airflow/.local/lib/python3.12/site-packages/airflow/example_dags/example_task_group_decorator.py for tasks to queue
[2026-01-14T08:02:20.093+0000] {logging_mixin.py:188} INFO - [2026-01-14T08:02:20.092+0000] {dagbag.py:545} INFO - Filling up the DagBag from /home/airflow/.local/lib/python3.12/site-packages/airflow/example_dags/example_task_group_decorator.py
[2026-01-14T08:02:20.120+0000] {processor.py:840} INFO - DAG(s) 'example_task_group_decorator' retrieved from /home/airflow/.local/lib/python3.12/site-packages/airflow/example_dags/example_task_group_decorator.py
[2026-01-14T08:02:20.167+0000] {logging_mixin.py:188} INFO - [2026-01-14T08:02:20.167+0000] {dag.py:3096} INFO - Sync 1 DAGs
[2026-01-14T08:02:20.206+0000] {logging_mixin.py:188} INFO - [2026-01-14T08:02:20.205+0000] {dag.py:3954} INFO - Setting next_dagrun for example_task_group_decorator to 2026-01-13 00:00:00+00:00, run_after=2026-01-14 00:00:00+00:00
[2026-01-14T08:02:20.235+0000] {processor.py:183} INFO - Processing /home/airflow/.local/lib/python3.12/site-packages/airflow/example_dags/example_task_group_decorator.py took 0.155 seconds
[2026-01-14T08:02:50.377+0000] {processor.py:161} INFO - Started process (PID=2458) to work on /home/airflow/.local/lib/python3.12/site-packages/airflow/example_dags/example_task_group_decorator.py
[2026-01-14T08:02:50.379+0000] {processor.py:830} INFO - Processing file /home/airflow/.local/lib/python3.12/site-packages/airflow/example_dags/example_task_group_decorator.py for tasks to queue
[2026-01-14T08:02:50.381+0000] {logging_mixin.py:188} INFO - [2026-01-14T08:02:50.381+0000] {dagbag.py:545} INFO - Filling up the DagBag from /home/airflow/.local/lib/python3.12/site-packages/airflow/example_dags/example_task_group_decorator.py
[2026-01-14T08:02:50.402+0000] {processor.py:840} INFO - DAG(s) 'example_task_group_decorator' retrieved from /home/airflow/.local/lib/python3.12/site-packages/airflow/example_dags/example_task_group_decorator.py
[2026-01-14T08:02:50.442+0000] {logging_mixin.py:188} INFO - [2026-01-14T08:02:50.442+0000] {dag.py:3096} INFO - Sync 1 DAGs
[2026-01-14T08:02:50.475+0000] {logging_mixin.py:188} INFO - [2026-01-14T08:02:50.475+0000] {dag.py:3954} INFO - Setting next_dagrun for example_task_group_decorator to 2026-01-13 00:00:00+00:00, run_after=2026-01-14 00:00:00+00:00
[2026-01-14T08:02:50.501+0000] {processor.py:183} INFO - Processing /home/airflow/.local/lib/python3.12/site-packages/airflow/example_dags/example_task_group_decorator.py took 0.133 seconds
[2026-01-14T08:03:21.042+0000] {processor.py:161} INFO - Started process (PID=2722) to work on /home/airflow/.local/lib/python3.12/site-packages/airflow/example_dags/example_task_group_decorator.py
[2026-01-14T08:03:21.043+0000] {processor.py:830} INFO - Processing file /home/airflow/.local/lib/python3.12/site-packages/airflow/example_dags/example_task_group_decorator.py for tasks to queue
[2026-01-14T08:03:21.045+0000] {logging_mixin.py:188} INFO - [2026-01-14T08:03:21.045+0000] {dagbag.py:545} INFO - Filling up the DagBag from /home/airflow/.local/lib/python3.12/site-packages/airflow/example_dags/example_task_group_decorator.py
[2026-01-14T08:03:21.069+0000] {processor.py:840} INFO - DAG(s) 'example_task_group_decorator' retrieved from /home/airflow/.local/lib/python3.12/site-packages/airflow/example_dags/example_task_group_decorator.py
[2026-01-14T08:03:21.112+0000] {logging_mixin.py:188} INFO - [2026-01-14T08:03:21.111+0000] {dag.py:3096} INFO - Sync 1 DAGs
[2026-01-14T08:03:21.144+0000] {logging_mixin.py:188} INFO - [2026-01-14T08:03:21.144+0000] {dag.py:3954} INFO - Setting next_dagrun for example_task_group_decorator to 2026-01-13 00:00:00+00:00, run_after=2026-01-14 00:00:00+00:00
[2026-01-14T08:03:21.173+0000] {processor.py:183} INFO - Processing /home/airflow/.local/lib/python3.12/site-packages/airflow/example_dags/example_task_group_decorator.py took 0.139 seconds
[2026-01-14T08:03:51.338+0000] {processor.py:161} INFO - Started process (PID=3007) to work on /home/airflow/.local/lib/python3.12/site-packages/airflow/example_dags/example_task_group_decorator.py
[2026-01-14T08:03:51.340+0000] {processor.py:830} INFO - Processing file /home/airflow/.local/lib/python3.12/site-packages/airflow/example_dags/example_task_group_decorator.py for tasks to queue
[2026-01-14T08:03:51.342+0000] {logging_mixin.py:188} INFO - [2026-01-14T08:03:51.342+0000] {dagbag.py:545} INFO - Filling up the DagBag from /home/airflow/.local/lib/python3.12/site-packages/airflow/example_dags/example_task_group_decorator.py
[2026-01-14T08:03:51.365+0000] {processor.py:840} INFO - DAG(s) 'example_task_group_decorator' retrieved from /home/airflow/.local/lib/python3.12/site-packages/airflow/example_dags/example_task_group_decorator.py
[2026-01-14T08:03:51.414+0000] {logging_mixin.py:188} INFO - [2026-01-14T08:03:51.414+0000] {dag.py:3096} INFO - Sync 1 DAGs
[2026-01-14T08:03:51.448+0000] {logging_mixin.py:188} INFO - [2026-01-14T08:03:51.447+0000] {dag.py:3954} INFO - Setting next_dagrun for example_task_group_decorator to 2026-01-13 00:00:00+00:00, run_after=2026-01-14 00:00:00+00:00
[2026-01-14T08:03:51.475+0000] {processor.py:183} INFO - Processing /home/airflow/.local/lib/python3.12/site-packages/airflow/example_dags/example_task_group_decorator.py took 0.146 seconds
[2026-01-14T08:04:22.029+0000] {processor.py:161} INFO - Started process (PID=3271) to work on /home/airflow/.local/lib/python3.12/site-packages/airflow/example_dags/example_task_group_decorator.py
[2026-01-14T08:04:22.030+0000] {processor.py:830} INFO - Processing file /home/airflow/.local/lib/python3.12/site-packages/airflow/example_dags/example_task_group_decorator.py for tasks to queue
[2026-01-14T08:04:22.034+0000] {logging_mixin.py:188} INFO - [2026-01-14T08:04:22.033+0000] {dagbag.py:545} INFO - Filling up the DagBag from /home/airflow/.local/lib/python3.12/site-packages/airflow/example_dags/example_task_group_decorator.py
[2026-01-14T08:04:22.060+0000] {processor.py:840} INFO - DAG(s) 'example_task_group_decorator' retrieved from /home/airflow/.local/lib/python3.12/site-packages/airflow/example_dags/example_task_group_decorator.py
[2026-01-14T08:04:22.101+0000] {logging_mixin.py:188} INFO - [2026-01-14T08:04:22.101+0000] {dag.py:3096} INFO - Sync 1 DAGs
[2026-01-14T08:04:22.134+0000] {logging_mixin.py:188} INFO - [2026-01-14T08:04:22.134+0000] {dag.py:3954} INFO - Setting next_dagrun for example_task_group_decorator to 2026-01-13 00:00:00+00:00, run_after=2026-01-14 00:00:00+00:00
[2026-01-14T08:04:22.164+0000] {processor.py:183} INFO - Processing /home/airflow/.local/lib/python3.12/site-packages/airflow/example_dags/example_task_group_decorator.py took 0.145 seconds
[2026-01-14T08:04:52.790+0000] {processor.py:161} INFO - Started process (PID=3532) to work on /home/airflow/.local/lib/python3.12/site-packages/airflow/example_dags/example_task_group_decorator.py
[2026-01-14T08:04:52.792+0000] {processor.py:830} INFO - Processing file /home/airflow/.local/lib/python3.12/site-packages/airflow/example_dags/example_task_group_decorator.py for tasks to queue
[2026-01-14T08:04:52.793+0000] {logging_mixin.py:188} INFO - [2026-01-14T08:04:52.793+0000] {dagbag.py:545} INFO - Filling up the DagBag from /home/airflow/.local/lib/python3.12/site-packages/airflow/example_dags/example_task_group_decorator.py
[2026-01-14T08:04:52.808+0000] {processor.py:840} INFO - DAG(s) 'example_task_group_decorator' retrieved from /home/airflow/.local/lib/python3.12/site-packages/airflow/example_dags/example_task_group_decorator.py
[2026-01-14T08:04:52.841+0000] {logging_mixin.py:188} INFO - [2026-01-14T08:04:52.840+0000] {dag.py:3096} INFO - Sync 1 DAGs
[2026-01-14T08:04:52.864+0000] {logging_mixin.py:188} INFO - [2026-01-14T08:04:52.864+0000] {dag.py:3954} INFO - Setting next_dagrun for example_task_group_decorator to 2026-01-13 00:00:00+00:00, run_after=2026-01-14 00:00:00+00:00
[2026-01-14T08:04:52.891+0000] {processor.py:183} INFO - Processing /home/airflow/.local/lib/python3.12/site-packages/airflow/example_dags/example_task_group_decorator.py took 0.106 seconds
[2026-01-14T08:06:46.913+0000] {processor.py:161} INFO - Started process (PID=3790) to work on /home/airflow/.local/lib/python3.12/site-packages/airflow/example_dags/example_task_group_decorator.py
[2026-01-14T08:06:46.914+0000] {processor.py:830} INFO - Processing file /home/airflow/.local/lib/python3.12/site-packages/airflow/example_dags/example_task_group_decorator.py for tasks to queue
[2026-01-14T08:06:46.917+0000] {logging_mixin.py:188} INFO - [2026-01-14T08:06:46.916+0000] {dagbag.py:545} INFO - Filling up the DagBag from /home/airflow/.local/lib/python3.12/site-packages/airflow/example_dags/example_task_group_decorator.py
[2026-01-14T08:06:46.936+0000] {processor.py:840} INFO - DAG(s) 'example_task_group_decorator' retrieved from /home/airflow/.local/lib/python3.12/site-packages/airflow/example_dags/example_task_group_decorator.py
[2026-01-14T08:06:46.980+0000] {logging_mixin.py:188} INFO - [2026-01-14T08:06:46.980+0000] {dag.py:3096} INFO - Sync 1 DAGs
[2026-01-14T08:06:47.013+0000] {logging_mixin.py:188} INFO - [2026-01-14T08:06:47.013+0000] {dag.py:3954} INFO - Setting next_dagrun for example_task_group_decorator to 2026-01-13 00:00:00+00:00, run_after=2026-01-14 00:00:00+00:00
[2026-01-14T08:06:47.039+0000] {processor.py:183} INFO - Processing /home/airflow/.local/lib/python3.12/site-packages/airflow/example_dags/example_task_group_decorator.py took 0.133 seconds
[2026-01-14T08:07:17.850+0000] {processor.py:161} INFO - Started process (PID=4051) to work on /home/airflow/.local/lib/python3.12/site-packages/airflow/example_dags/example_task_group_decorator.py
[2026-01-14T08:07:17.851+0000] {processor.py:830} INFO - Processing file /home/airflow/.local/lib/python3.12/site-packages/airflow/example_dags/example_task_group_decorator.py for tasks to queue
[2026-01-14T08:07:17.853+0000] {logging_mixin.py:188} INFO - [2026-01-14T08:07:17.852+0000] {dagbag.py:545} INFO - Filling up the DagBag from /home/airflow/.local/lib/python3.12/site-packages/airflow/example_dags/example_task_group_decorator.py
[2026-01-14T08:07:17.872+0000] {processor.py:840} INFO - DAG(s) 'example_task_group_decorator' retrieved from /home/airflow/.local/lib/python3.12/site-packages/airflow/example_dags/example_task_group_decorator.py
[2026-01-14T08:07:17.904+0000] {logging_mixin.py:188} INFO - [2026-01-14T08:07:17.904+0000] {dag.py:3096} INFO - Sync 1 DAGs
[2026-01-14T08:07:17.930+0000] {logging_mixin.py:188} INFO - [2026-01-14T08:07:17.930+0000] {dag.py:3954} INFO - Setting next_dagrun for example_task_group_decorator to 2026-01-13 00:00:00+00:00, run_after=2026-01-14 00:00:00+00:00
[2026-01-14T08:07:17.952+0000] {processor.py:183} INFO - Processing /home/airflow/.local/lib/python3.12/site-packages/airflow/example_dags/example_task_group_decorator.py took 0.108 seconds
[2026-01-14T08:07:49.044+0000] {processor.py:161} INFO - Started process (PID=4312) to work on /home/airflow/.local/lib/python3.12/site-packages/airflow/example_dags/example_task_group_decorator.py
[2026-01-14T08:07:49.045+0000] {processor.py:830} INFO - Processing file /home/airflow/.local/lib/python3.12/site-packages/airflow/example_dags/example_task_group_decorator.py for tasks to queue
[2026-01-14T08:07:49.048+0000] {logging_mixin.py:188} INFO - [2026-01-14T08:07:49.047+0000] {dagbag.py:545} INFO - Filling up the DagBag from /home/airflow/.local/lib/python3.12/site-packages/airflow/example_dags/example_task_group_decorator.py
[2026-01-14T08:07:49.068+0000] {processor.py:840} INFO - DAG(s) 'example_task_group_decorator' retrieved from /home/airflow/.local/lib/python3.12/site-packages/airflow/example_dags/example_task_group_decorator.py
[2026-01-14T08:07:49.115+0000] {logging_mixin.py:188} INFO - [2026-01-14T08:07:49.115+0000] {dag.py:3096} INFO - Sync 1 DAGs
[2026-01-14T08:07:49.149+0000] {logging_mixin.py:188} INFO - [2026-01-14T08:07:49.149+0000] {dag.py:3954} INFO - Setting next_dagrun for example_task_group_decorator to 2026-01-13 00:00:00+00:00, run_after=2026-01-14 00:00:00+00:00
[2026-01-14T08:07:49.183+0000] {processor.py:183} INFO - Processing /home/airflow/.local/lib/python3.12/site-packages/airflow/example_dags/example_task_group_decorator.py took 0.148 seconds
[2026-01-14T08:08:19.786+0000] {processor.py:161} INFO - Started process (PID=4573) to work on /home/airflow/.local/lib/python3.12/site-packages/airflow/example_dags/example_task_group_decorator.py
[2026-01-14T08:08:19.787+0000] {processor.py:830} INFO - Processing file /home/airflow/.local/lib/python3.12/site-packages/airflow/example_dags/example_task_group_decorator.py for tasks to queue
[2026-01-14T08:08:19.789+0000] {logging_mixin.py:188} INFO - [2026-01-14T08:08:19.789+0000] {dagbag.py:545} INFO - Filling up the DagBag from /home/airflow/.local/lib/python3.12/site-packages/airflow/example_dags/example_task_group_decorator.py
[2026-01-14T08:08:19.810+0000] {processor.py:840} INFO - DAG(s) 'example_task_group_decorator' retrieved from /home/airflow/.local/lib/python3.12/site-packages/airflow/example_dags/example_task_group_decorator.py
[2026-01-14T08:08:19.850+0000] {logging_mixin.py:188} INFO - [2026-01-14T08:08:19.850+0000] {dag.py:3096} INFO - Sync 1 DAGs
[2026-01-14T08:08:19.879+0000] {logging_mixin.py:188} INFO - [2026-01-14T08:08:19.879+0000] {dag.py:3954} INFO - Setting next_dagrun for example_task_group_decorator to 2026-01-13 00:00:00+00:00, run_after=2026-01-14 00:00:00+00:00
[2026-01-14T08:08:19.904+0000] {processor.py:183} INFO - Processing /home/airflow/.local/lib/python3.12/site-packages/airflow/example_dags/example_task_group_decorator.py took 0.126 seconds
[2026-01-14T08:08:50.350+0000] {processor.py:161} INFO - Started process (PID=4834) to work on /home/airflow/.local/lib/python3.12/site-packages/airflow/example_dags/example_task_group_decorator.py
[2026-01-14T08:08:50.351+0000] {processor.py:830} INFO - Processing file /home/airflow/.local/lib/python3.12/site-packages/airflow/example_dags/example_task_group_decorator.py for tasks to queue
[2026-01-14T08:08:50.354+0000] {logging_mixin.py:188} INFO - [2026-01-14T08:08:50.353+0000] {dagbag.py:545} INFO - Filling up the DagBag from /home/airflow/.local/lib/python3.12/site-packages/airflow/example_dags/example_task_group_decorator.py
[2026-01-14T08:08:50.377+0000] {processor.py:840} INFO - DAG(s) 'example_task_group_decorator' retrieved from /home/airflow/.local/lib/python3.12/site-packages/airflow/example_dags/example_task_group_decorator.py
[2026-01-14T08:08:50.421+0000] {logging_mixin.py:188} INFO - [2026-01-14T08:08:50.420+0000] {dag.py:3096} INFO - Sync 1 DAGs
[2026-01-14T08:08:50.452+0000] {logging_mixin.py:188} INFO - [2026-01-14T08:08:50.451+0000] {dag.py:3954} INFO - Setting next_dagrun for example_task_group_decorator to 2026-01-13 00:00:00+00:00, run_after=2026-01-14 00:00:00+00:00
[2026-01-14T08:08:50.479+0000] {processor.py:183} INFO - Processing /home/airflow/.local/lib/python3.12/site-packages/airflow/example_dags/example_task_group_decorator.py took 0.137 seconds
[2026-01-14T08:09:20.608+0000] {processor.py:161} INFO - Started process (PID=5095) to work on /home/airflow/.local/lib/python3.12/site-packages/airflow/example_dags/example_task_group_decorator.py
[2026-01-14T08:09:20.610+0000] {processor.py:830} INFO - Processing file /home/airflow/.local/lib/python3.12/site-packages/airflow/example_dags/example_task_group_decorator.py for tasks to queue
[2026-01-14T08:09:20.612+0000] {logging_mixin.py:188} INFO - [2026-01-14T08:09:20.611+0000] {dagbag.py:545} INFO - Filling up the DagBag from /home/airflow/.local/lib/python3.12/site-packages/airflow/example_dags/example_task_group_decorator.py
[2026-01-14T08:09:20.629+0000] {processor.py:840} INFO - DAG(s) 'example_task_group_decorator' retrieved from /home/airflow/.local/lib/python3.12/site-packages/airflow/example_dags/example_task_group_decorator.py
[2026-01-14T08:09:20.662+0000] {logging_mixin.py:188} INFO - [2026-01-14T08:09:20.662+0000] {dag.py:3096} INFO - Sync 1 DAGs
[2026-01-14T08:09:20.690+0000] {logging_mixin.py:188} INFO - [2026-01-14T08:09:20.689+0000] {dag.py:3954} INFO - Setting next_dagrun for example_task_group_decorator to 2026-01-13 00:00:00+00:00, run_after=2026-01-14 00:00:00+00:00
[2026-01-14T08:09:20.713+0000] {processor.py:183} INFO - Processing /home/airflow/.local/lib/python3.12/site-packages/airflow/example_dags/example_task_group_decorator.py took 0.110 seconds
[2026-01-14T08:09:51.120+0000] {processor.py:161} INFO - Started process (PID=5358) to work on /home/airflow/.local/lib/python3.12/site-packages/airflow/example_dags/example_task_group_decorator.py
[2026-01-14T08:09:51.121+0000] {processor.py:830} INFO - Processing file /home/airflow/.local/lib/python3.12/site-packages/airflow/example_dags/example_task_group_decorator.py for tasks to queue
[2026-01-14T08:09:51.123+0000] {logging_mixin.py:188} INFO - [2026-01-14T08:09:51.123+0000] {dagbag.py:545} INFO - Filling up the DagBag from /home/airflow/.local/lib/python3.12/site-packages/airflow/example_dags/example_task_group_decorator.py
[2026-01-14T08:09:51.138+0000] {processor.py:840} INFO - DAG(s) 'example_task_group_decorator' retrieved from /home/airflow/.local/lib/python3.12/site-packages/airflow/example_dags/example_task_group_decorator.py
[2026-01-14T08:09:51.169+0000] {logging_mixin.py:188} INFO - [2026-01-14T08:09:51.169+0000] {dag.py:3096} INFO - Sync 1 DAGs
[2026-01-14T08:09:51.194+0000] {logging_mixin.py:188} INFO - [2026-01-14T08:09:51.193+0000] {dag.py:3954} INFO - Setting next_dagrun for example_task_group_decorator to 2026-01-13 00:00:00+00:00, run_after=2026-01-14 00:00:00+00:00
[2026-01-14T08:09:51.216+0000] {processor.py:183} INFO - Processing /home/airflow/.local/lib/python3.12/site-packages/airflow/example_dags/example_task_group_decorator.py took 0.103 seconds
[2026-01-14T08:10:21.563+0000] {processor.py:161} INFO - Started process (PID=5619) to work on /home/airflow/.local/lib/python3.12/site-packages/airflow/example_dags/example_task_group_decorator.py
[2026-01-14T08:10:21.565+0000] {processor.py:830} INFO - Processing file /home/airflow/.local/lib/python3.12/site-packages/airflow/example_dags/example_task_group_decorator.py for tasks to queue
[2026-01-14T08:10:21.568+0000] {logging_mixin.py:188} INFO - [2026-01-14T08:10:21.567+0000] {dagbag.py:545} INFO - Filling up the DagBag from /home/airflow/.local/lib/python3.12/site-packages/airflow/example_dags/example_task_group_decorator.py
[2026-01-14T08:10:21.586+0000] {processor.py:840} INFO - DAG(s) 'example_task_group_decorator' retrieved from /home/airflow/.local/lib/python3.12/site-packages/airflow/example_dags/example_task_group_decorator.py
[2026-01-14T08:10:21.618+0000] {logging_mixin.py:188} INFO - [2026-01-14T08:10:21.618+0000] {dag.py:3096} INFO - Sync 1 DAGs
[2026-01-14T08:10:21.642+0000] {logging_mixin.py:188} INFO - [2026-01-14T08:10:21.642+0000] {dag.py:3954} INFO - Setting next_dagrun for example_task_group_decorator to 2026-01-13 00:00:00+00:00, run_after=2026-01-14 00:00:00+00:00
[2026-01-14T08:10:21.666+0000] {processor.py:183} INFO - Processing /home/airflow/.local/lib/python3.12/site-packages/airflow/example_dags/example_task_group_decorator.py took 0.110 seconds
[2026-01-14T08:10:51.740+0000] {processor.py:161} INFO - Started process (PID=5880) to work on /home/airflow/.local/lib/python3.12/site-packages/airflow/example_dags/example_task_group_decorator.py
[2026-01-14T08:10:51.741+0000] {processor.py:830} INFO - Processing file /home/airflow/.local/lib/python3.12/site-packages/airflow/example_dags/example_task_group_decorator.py for tasks to queue
[2026-01-14T08:10:51.743+0000] {logging_mixin.py:188} INFO - [2026-01-14T08:10:51.743+0000] {dagbag.py:545} INFO - Filling up the DagBag from /home/airflow/.local/lib/python3.12/site-packages/airflow/example_dags/example_task_group_decorator.py
[2026-01-14T08:10:51.758+0000] {processor.py:840} INFO - DAG(s) 'example_task_group_decorator' retrieved from /home/airflow/.local/lib/python3.12/site-packages/airflow/example_dags/example_task_group_decorator.py
[2026-01-14T08:10:51.791+0000] {logging_mixin.py:188} INFO - [2026-01-14T08:10:51.790+0000] {dag.py:3096} INFO - Sync 1 DAGs
[2026-01-14T08:10:51.816+0000] {logging_mixin.py:188} INFO - [2026-01-14T08:10:51.816+0000] {dag.py:3954} INFO - Setting next_dagrun for example_task_group_decorator to 2026-01-13 00:00:00+00:00, run_after=2026-01-14 00:00:00+00:00
[2026-01-14T08:10:51.840+0000] {processor.py:183} INFO - Processing /home/airflow/.local/lib/python3.12/site-packages/airflow/example_dags/example_task_group_decorator.py took 0.107 seconds
[2026-01-14T08:11:22.077+0000] {processor.py:161} INFO - Started process (PID=6139) to work on /home/airflow/.local/lib/python3.12/site-packages/airflow/example_dags/example_task_group_decorator.py
[2026-01-14T08:11:22.078+0000] {processor.py:830} INFO - Processing file /home/airflow/.local/lib/python3.12/site-packages/airflow/example_dags/example_task_group_decorator.py for tasks to queue
[2026-01-14T08:11:22.080+0000] {logging_mixin.py:188} INFO - [2026-01-14T08:11:22.079+0000] {dagbag.py:545} INFO - Filling up the DagBag from /home/airflow/.local/lib/python3.12/site-packages/airflow/example_dags/example_task_group_decorator.py
[2026-01-14T08:11:22.097+0000] {processor.py:840} INFO - DAG(s) 'example_task_group_decorator' retrieved from /home/airflow/.local/lib/python3.12/site-packages/airflow/example_dags/example_task_group_decorator.py
[2026-01-14T08:11:22.129+0000] {logging_mixin.py:188} INFO - [2026-01-14T08:11:22.129+0000] {dag.py:3096} INFO - Sync 1 DAGs
[2026-01-14T08:11:22.156+0000] {logging_mixin.py:188} INFO - [2026-01-14T08:11:22.155+0000] {dag.py:3954} INFO - Setting next_dagrun for example_task_group_decorator to 2026-01-13 00:00:00+00:00, run_after=2026-01-14 00:00:00+00:00
[2026-01-14T08:11:22.178+0000] {processor.py:183} INFO - Processing /home/airflow/.local/lib/python3.12/site-packages/airflow/example_dags/example_task_group_decorator.py took 0.108 seconds
[2026-01-14T08:11:52.427+0000] {processor.py:161} INFO - Started process (PID=6400) to work on /home/airflow/.local/lib/python3.12/site-packages/airflow/example_dags/example_task_group_decorator.py
[2026-01-14T08:11:52.428+0000] {processor.py:830} INFO - Processing file /home/airflow/.local/lib/python3.12/site-packages/airflow/example_dags/example_task_group_decorator.py for tasks to queue
[2026-01-14T08:11:52.430+0000] {logging_mixin.py:188} INFO - [2026-01-14T08:11:52.430+0000] {dagbag.py:545} INFO - Filling up the DagBag from /home/airflow/.local/lib/python3.12/site-packages/airflow/example_dags/example_task_group_decorator.py
[2026-01-14T08:11:52.447+0000] {processor.py:840} INFO - DAG(s) 'example_task_group_decorator' retrieved from /home/airflow/.local/lib/python3.12/site-packages/airflow/example_dags/example_task_group_decorator.py
[2026-01-14T08:11:52.484+0000] {logging_mixin.py:188} INFO - [2026-01-14T08:11:52.483+0000] {dag.py:3096} INFO - Sync 1 DAGs
[2026-01-14T08:11:52.510+0000] {logging_mixin.py:188} INFO - [2026-01-14T08:11:52.509+0000] {dag.py:3954} INFO - Setting next_dagrun for example_task_group_decorator to 2026-01-13 00:00:00+00:00, run_after=2026-01-14 00:00:00+00:00
[2026-01-14T08:11:52.532+0000] {processor.py:183} INFO - Processing /home/airflow/.local/lib/python3.12/site-packages/airflow/example_dags/example_task_group_decorator.py took 0.110 seconds
[2026-01-14T08:12:23.117+0000] {processor.py:161} INFO - Started process (PID=6661) to work on /home/airflow/.local/lib/python3.12/site-packages/airflow/example_dags/example_task_group_decorator.py
[2026-01-14T08:12:23.118+0000] {processor.py:830} INFO - Processing file /home/airflow/.local/lib/python3.12/site-packages/airflow/example_dags/example_task_group_decorator.py for tasks to queue
[2026-01-14T08:12:23.120+0000] {logging_mixin.py:188} INFO - [2026-01-14T08:12:23.119+0000] {dagbag.py:545} INFO - Filling up the DagBag from /home/airflow/.local/lib/python3.12/site-packages/airflow/example_dags/example_task_group_decorator.py
[2026-01-14T08:12:23.135+0000] {processor.py:840} INFO - DAG(s) 'example_task_group_decorator' retrieved from /home/airflow/.local/lib/python3.12/site-packages/airflow/example_dags/example_task_group_decorator.py
[2026-01-14T08:12:23.171+0000] {logging_mixin.py:188} INFO - [2026-01-14T08:12:23.171+0000] {dag.py:3096} INFO - Sync 1 DAGs
[2026-01-14T08:12:23.198+0000] {logging_mixin.py:188} INFO - [2026-01-14T08:12:23.198+0000] {dag.py:3954} INFO - Setting next_dagrun for example_task_group_decorator to 2026-01-13 00:00:00+00:00, run_after=2026-01-14 00:00:00+00:00
[2026-01-14T08:12:23.223+0000] {processor.py:183} INFO - Processing /home/airflow/.local/lib/python3.12/site-packages/airflow/example_dags/example_task_group_decorator.py took 0.113 seconds
[2026-01-14T08:12:54.102+0000] {processor.py:161} INFO - Started process (PID=6922) to work on /home/airflow/.local/lib/python3.12/site-packages/airflow/example_dags/example_task_group_decorator.py
[2026-01-14T08:12:54.103+0000] {processor.py:830} INFO - Processing file /home/airflow/.local/lib/python3.12/site-packages/airflow/example_dags/example_task_group_decorator.py for tasks to queue
[2026-01-14T08:12:54.105+0000] {logging_mixin.py:188} INFO - [2026-01-14T08:12:54.105+0000] {dagbag.py:545} INFO - Filling up the DagBag from /home/airflow/.local/lib/python3.12/site-packages/airflow/example_dags/example_task_group_decorator.py
[2026-01-14T08:12:54.122+0000] {processor.py:840} INFO - DAG(s) 'example_task_group_decorator' retrieved from /home/airflow/.local/lib/python3.12/site-packages/airflow/example_dags/example_task_group_decorator.py
[2026-01-14T08:12:54.157+0000] {logging_mixin.py:188} INFO - [2026-01-14T08:12:54.156+0000] {dag.py:3096} INFO - Sync 1 DAGs
[2026-01-14T08:12:54.189+0000] {logging_mixin.py:188} INFO - [2026-01-14T08:12:54.189+0000] {dag.py:3954} INFO - Setting next_dagrun for example_task_group_decorator to 2026-01-13 00:00:00+00:00, run_after=2026-01-14 00:00:00+00:00
[2026-01-14T08:12:54.213+0000] {processor.py:183} INFO - Processing /home/airflow/.local/lib/python3.12/site-packages/airflow/example_dags/example_task_group_decorator.py took 0.116 seconds
[2026-01-14T08:13:24.519+0000] {processor.py:161} INFO - Started process (PID=7183) to work on /home/airflow/.local/lib/python3.12/site-packages/airflow/example_dags/example_task_group_decorator.py
[2026-01-14T08:13:24.520+0000] {processor.py:830} INFO - Processing file /home/airflow/.local/lib/python3.12/site-packages/airflow/example_dags/example_task_group_decorator.py for tasks to queue
[2026-01-14T08:13:24.523+0000] {logging_mixin.py:188} INFO - [2026-01-14T08:13:24.522+0000] {dagbag.py:545} INFO - Filling up the DagBag from /home/airflow/.local/lib/python3.12/site-packages/airflow/example_dags/example_task_group_decorator.py
[2026-01-14T08:13:24.539+0000] {processor.py:840} INFO - DAG(s) 'example_task_group_decorator' retrieved from /home/airflow/.local/lib/python3.12/site-packages/airflow/example_dags/example_task_group_decorator.py
[2026-01-14T08:13:24.574+0000] {logging_mixin.py:188} INFO - [2026-01-14T08:13:24.573+0000] {dag.py:3096} INFO - Sync 1 DAGs
[2026-01-14T08:13:24.601+0000] {logging_mixin.py:188} INFO - [2026-01-14T08:13:24.601+0000] {dag.py:3954} INFO - Setting next_dagrun for example_task_group_decorator to 2026-01-13 00:00:00+00:00, run_after=2026-01-14 00:00:00+00:00
[2026-01-14T08:13:24.625+0000] {processor.py:183} INFO - Processing /home/airflow/.local/lib/python3.12/site-packages/airflow/example_dags/example_task_group_decorator.py took 0.112 seconds
[2026-01-14T09:27:39.756+0000] {processor.py:161} INFO - Started process (PID=7442) to work on /home/airflow/.local/lib/python3.12/site-packages/airflow/example_dags/example_task_group_decorator.py
[2026-01-14T09:27:39.768+0000] {processor.py:830} INFO - Processing file /home/airflow/.local/lib/python3.12/site-packages/airflow/example_dags/example_task_group_decorator.py for tasks to queue
[2026-01-14T09:27:39.783+0000] {logging_mixin.py:188} INFO - [2026-01-14T09:27:39.782+0000] {dagbag.py:545} INFO - Filling up the DagBag from /home/airflow/.local/lib/python3.12/site-packages/airflow/example_dags/example_task_group_decorator.py
[2026-01-14T09:27:39.962+0000] {processor.py:840} INFO - DAG(s) 'example_task_group_decorator' retrieved from /home/airflow/.local/lib/python3.12/site-packages/airflow/example_dags/example_task_group_decorator.py
[2026-01-14T09:27:40.282+0000] {logging_mixin.py:188} INFO - [2026-01-14T09:27:40.281+0000] {dag.py:3096} INFO - Sync 1 DAGs
[2026-01-14T09:27:40.527+0000] {logging_mixin.py:188} INFO - [2026-01-14T09:27:40.526+0000] {dag.py:3954} INFO - Setting next_dagrun for example_task_group_decorator to 2026-01-13 00:00:00+00:00, run_after=2026-01-14 00:00:00+00:00
[2026-01-14T09:27:40.680+0000] {processor.py:183} INFO - Processing /home/airflow/.local/lib/python3.12/site-packages/airflow/example_dags/example_task_group_decorator.py took 0.950 seconds
[2026-01-14T09:28:10.810+0000] {processor.py:161} INFO - Started process (PID=7703) to work on /home/airflow/.local/lib/python3.12/site-packages/airflow/example_dags/example_task_group_decorator.py
[2026-01-14T09:28:10.811+0000] {processor.py:830} INFO - Processing file /home/airflow/.local/lib/python3.12/site-packages/airflow/example_dags/example_task_group_decorator.py for tasks to queue
[2026-01-14T09:28:10.813+0000] {logging_mixin.py:188} INFO - [2026-01-14T09:28:10.813+0000] {dagbag.py:545} INFO - Filling up the DagBag from /home/airflow/.local/lib/python3.12/site-packages/airflow/example_dags/example_task_group_decorator.py
[2026-01-14T09:28:10.832+0000] {processor.py:840} INFO - DAG(s) 'example_task_group_decorator' retrieved from /home/airflow/.local/lib/python3.12/site-packages/airflow/example_dags/example_task_group_decorator.py
[2026-01-14T09:28:10.864+0000] {logging_mixin.py:188} INFO - [2026-01-14T09:28:10.863+0000] {dag.py:3096} INFO - Sync 1 DAGs
[2026-01-14T09:28:10.889+0000] {logging_mixin.py:188} INFO - [2026-01-14T09:28:10.889+0000] {dag.py:3954} INFO - Setting next_dagrun for example_task_group_decorator to 2026-01-13 00:00:00+00:00, run_after=2026-01-14 00:00:00+00:00
[2026-01-14T09:28:10.910+0000] {processor.py:183} INFO - Processing /home/airflow/.local/lib/python3.12/site-packages/airflow/example_dags/example_task_group_decorator.py took 0.106 seconds
[2026-01-14T09:28:41.367+0000] {processor.py:161} INFO - Started process (PID=7964) to work on /home/airflow/.local/lib/python3.12/site-packages/airflow/example_dags/example_task_group_decorator.py
[2026-01-14T09:28:41.368+0000] {processor.py:830} INFO - Processing file /home/airflow/.local/lib/python3.12/site-packages/airflow/example_dags/example_task_group_decorator.py for tasks to queue
[2026-01-14T09:28:41.370+0000] {logging_mixin.py:188} INFO - [2026-01-14T09:28:41.370+0000] {dagbag.py:545} INFO - Filling up the DagBag from /home/airflow/.local/lib/python3.12/site-packages/airflow/example_dags/example_task_group_decorator.py
[2026-01-14T09:28:41.388+0000] {processor.py:840} INFO - DAG(s) 'example_task_group_decorator' retrieved from /home/airflow/.local/lib/python3.12/site-packages/airflow/example_dags/example_task_group_decorator.py
[2026-01-14T09:28:41.424+0000] {logging_mixin.py:188} INFO - [2026-01-14T09:28:41.424+0000] {dag.py:3096} INFO - Sync 1 DAGs
[2026-01-14T09:28:41.452+0000] {logging_mixin.py:188} INFO - [2026-01-14T09:28:41.452+0000] {dag.py:3954} INFO - Setting next_dagrun for example_task_group_decorator to 2026-01-13 00:00:00+00:00, run_after=2026-01-14 00:00:00+00:00
[2026-01-14T09:28:41.477+0000] {processor.py:183} INFO - Processing /home/airflow/.local/lib/python3.12/site-packages/airflow/example_dags/example_task_group_decorator.py took 0.117 seconds
[2026-01-14T09:29:11.775+0000] {processor.py:161} INFO - Started process (PID=8225) to work on /home/airflow/.local/lib/python3.12/site-packages/airflow/example_dags/example_task_group_decorator.py
[2026-01-14T09:29:11.776+0000] {processor.py:830} INFO - Processing file /home/airflow/.local/lib/python3.12/site-packages/airflow/example_dags/example_task_group_decorator.py for tasks to queue
[2026-01-14T09:29:11.778+0000] {logging_mixin.py:188} INFO - [2026-01-14T09:29:11.777+0000] {dagbag.py:545} INFO - Filling up the DagBag from /home/airflow/.local/lib/python3.12/site-packages/airflow/example_dags/example_task_group_decorator.py
[2026-01-14T09:29:11.794+0000] {processor.py:840} INFO - DAG(s) 'example_task_group_decorator' retrieved from /home/airflow/.local/lib/python3.12/site-packages/airflow/example_dags/example_task_group_decorator.py
[2026-01-14T09:29:11.825+0000] {logging_mixin.py:188} INFO - [2026-01-14T09:29:11.825+0000] {dag.py:3096} INFO - Sync 1 DAGs
[2026-01-14T09:29:11.851+0000] {logging_mixin.py:188} INFO - [2026-01-14T09:29:11.851+0000] {dag.py:3954} INFO - Setting next_dagrun for example_task_group_decorator to 2026-01-13 00:00:00+00:00, run_after=2026-01-14 00:00:00+00:00
[2026-01-14T09:29:11.877+0000] {processor.py:183} INFO - Processing /home/airflow/.local/lib/python3.12/site-packages/airflow/example_dags/example_task_group_decorator.py took 0.108 seconds
[2026-01-14T09:29:42.370+0000] {processor.py:161} INFO - Started process (PID=8486) to work on /home/airflow/.local/lib/python3.12/site-packages/airflow/example_dags/example_task_group_decorator.py
[2026-01-14T09:29:42.371+0000] {processor.py:830} INFO - Processing file /home/airflow/.local/lib/python3.12/site-packages/airflow/example_dags/example_task_group_decorator.py for tasks to queue
[2026-01-14T09:29:42.373+0000] {logging_mixin.py:188} INFO - [2026-01-14T09:29:42.373+0000] {dagbag.py:545} INFO - Filling up the DagBag from /home/airflow/.local/lib/python3.12/site-packages/airflow/example_dags/example_task_group_decorator.py
[2026-01-14T09:29:42.394+0000] {processor.py:840} INFO - DAG(s) 'example_task_group_decorator' retrieved from /home/airflow/.local/lib/python3.12/site-packages/airflow/example_dags/example_task_group_decorator.py
[2026-01-14T09:29:42.435+0000] {logging_mixin.py:188} INFO - [2026-01-14T09:29:42.434+0000] {dag.py:3096} INFO - Sync 1 DAGs
[2026-01-14T09:29:42.468+0000] {logging_mixin.py:188} INFO - [2026-01-14T09:29:42.468+0000] {dag.py:3954} INFO - Setting next_dagrun for example_task_group_decorator to 2026-01-13 00:00:00+00:00, run_after=2026-01-14 00:00:00+00:00
[2026-01-14T09:29:42.513+0000] {processor.py:183} INFO - Processing /home/airflow/.local/lib/python3.12/site-packages/airflow/example_dags/example_task_group_decorator.py took 0.151 seconds
[2026-01-14T09:30:12.749+0000] {processor.py:161} INFO - Started process (PID=8741) to work on /home/airflow/.local/lib/python3.12/site-packages/airflow/example_dags/example_task_group_decorator.py
[2026-01-14T09:30:12.751+0000] {processor.py:830} INFO - Processing file /home/airflow/.local/lib/python3.12/site-packages/airflow/example_dags/example_task_group_decorator.py for tasks to queue
[2026-01-14T09:30:12.754+0000] {logging_mixin.py:188} INFO - [2026-01-14T09:30:12.754+0000] {dagbag.py:545} INFO - Filling up the DagBag from /home/airflow/.local/lib/python3.12/site-packages/airflow/example_dags/example_task_group_decorator.py
[2026-01-14T09:30:12.776+0000] {processor.py:840} INFO - DAG(s) 'example_task_group_decorator' retrieved from /home/airflow/.local/lib/python3.12/site-packages/airflow/example_dags/example_task_group_decorator.py
[2026-01-14T09:30:12.827+0000] {logging_mixin.py:188} INFO - [2026-01-14T09:30:12.826+0000] {dag.py:3096} INFO - Sync 1 DAGs
[2026-01-14T09:30:12.868+0000] {logging_mixin.py:188} INFO - [2026-01-14T09:30:12.867+0000] {dag.py:3954} INFO - Setting next_dagrun for example_task_group_decorator to 2026-01-13 00:00:00+00:00, run_after=2026-01-14 00:00:00+00:00
[2026-01-14T09:30:13.196+0000] {processor.py:183} INFO - Processing /home/airflow/.local/lib/python3.12/site-packages/airflow/example_dags/example_task_group_decorator.py took 0.458 seconds
[2026-01-14T09:30:43.393+0000] {processor.py:161} INFO - Started process (PID=9002) to work on /home/airflow/.local/lib/python3.12/site-packages/airflow/example_dags/example_task_group_decorator.py
[2026-01-14T09:30:43.401+0000] {processor.py:830} INFO - Processing file /home/airflow/.local/lib/python3.12/site-packages/airflow/example_dags/example_task_group_decorator.py for tasks to queue
[2026-01-14T09:30:43.404+0000] {logging_mixin.py:188} INFO - [2026-01-14T09:30:43.404+0000] {dagbag.py:545} INFO - Filling up the DagBag from /home/airflow/.local/lib/python3.12/site-packages/airflow/example_dags/example_task_group_decorator.py
[2026-01-14T09:30:43.431+0000] {processor.py:840} INFO - DAG(s) 'example_task_group_decorator' retrieved from /home/airflow/.local/lib/python3.12/site-packages/airflow/example_dags/example_task_group_decorator.py
[2026-01-14T09:30:43.487+0000] {logging_mixin.py:188} INFO - [2026-01-14T09:30:43.486+0000] {dag.py:3096} INFO - Sync 1 DAGs
[2026-01-14T09:30:43.530+0000] {logging_mixin.py:188} INFO - [2026-01-14T09:30:43.529+0000] {dag.py:3954} INFO - Setting next_dagrun for example_task_group_decorator to 2026-01-13 00:00:00+00:00, run_after=2026-01-14 00:00:00+00:00
[2026-01-14T09:30:43.566+0000] {processor.py:183} INFO - Processing /home/airflow/.local/lib/python3.12/site-packages/airflow/example_dags/example_task_group_decorator.py took 0.180 seconds
[2026-01-14T09:31:25.944+0000] {processor.py:161} INFO - Started process (PID=9263) to work on /home/airflow/.local/lib/python3.12/site-packages/airflow/example_dags/example_task_group_decorator.py
[2026-01-14T09:31:25.945+0000] {processor.py:830} INFO - Processing file /home/airflow/.local/lib/python3.12/site-packages/airflow/example_dags/example_task_group_decorator.py for tasks to queue
[2026-01-14T09:31:25.948+0000] {logging_mixin.py:188} INFO - [2026-01-14T09:31:25.948+0000] {dagbag.py:545} INFO - Filling up the DagBag from /home/airflow/.local/lib/python3.12/site-packages/airflow/example_dags/example_task_group_decorator.py
[2026-01-14T09:31:25.971+0000] {processor.py:840} INFO - DAG(s) 'example_task_group_decorator' retrieved from /home/airflow/.local/lib/python3.12/site-packages/airflow/example_dags/example_task_group_decorator.py
[2026-01-14T09:31:26.013+0000] {logging_mixin.py:188} INFO - [2026-01-14T09:31:26.013+0000] {dag.py:3096} INFO - Sync 1 DAGs
[2026-01-14T09:31:26.046+0000] {logging_mixin.py:188} INFO - [2026-01-14T09:31:26.046+0000] {dag.py:3954} INFO - Setting next_dagrun for example_task_group_decorator to 2026-01-13 00:00:00+00:00, run_after=2026-01-14 00:00:00+00:00
[2026-01-14T09:31:26.072+0000] {processor.py:183} INFO - Processing /home/airflow/.local/lib/python3.12/site-packages/airflow/example_dags/example_task_group_decorator.py took 0.136 seconds
[2026-01-14T09:31:56.259+0000] {processor.py:161} INFO - Started process (PID=9524) to work on /home/airflow/.local/lib/python3.12/site-packages/airflow/example_dags/example_task_group_decorator.py
[2026-01-14T09:31:56.261+0000] {processor.py:830} INFO - Processing file /home/airflow/.local/lib/python3.12/site-packages/airflow/example_dags/example_task_group_decorator.py for tasks to queue
[2026-01-14T09:31:56.265+0000] {logging_mixin.py:188} INFO - [2026-01-14T09:31:56.264+0000] {dagbag.py:545} INFO - Filling up the DagBag from /home/airflow/.local/lib/python3.12/site-packages/airflow/example_dags/example_task_group_decorator.py
[2026-01-14T09:31:56.292+0000] {processor.py:840} INFO - DAG(s) 'example_task_group_decorator' retrieved from /home/airflow/.local/lib/python3.12/site-packages/airflow/example_dags/example_task_group_decorator.py
[2026-01-14T09:31:56.339+0000] {logging_mixin.py:188} INFO - [2026-01-14T09:31:56.339+0000] {dag.py:3096} INFO - Sync 1 DAGs
[2026-01-14T09:31:56.374+0000] {logging_mixin.py:188} INFO - [2026-01-14T09:31:56.373+0000] {dag.py:3954} INFO - Setting next_dagrun for example_task_group_decorator to 2026-01-13 00:00:00+00:00, run_after=2026-01-14 00:00:00+00:00
[2026-01-14T09:31:56.402+0000] {processor.py:183} INFO - Processing /home/airflow/.local/lib/python3.12/site-packages/airflow/example_dags/example_task_group_decorator.py took 0.153 seconds
[2026-01-14T09:32:27.350+0000] {processor.py:161} INFO - Started process (PID=9785) to work on /home/airflow/.local/lib/python3.12/site-packages/airflow/example_dags/example_task_group_decorator.py
[2026-01-14T09:32:27.351+0000] {processor.py:830} INFO - Processing file /home/airflow/.local/lib/python3.12/site-packages/airflow/example_dags/example_task_group_decorator.py for tasks to queue
[2026-01-14T09:32:27.353+0000] {logging_mixin.py:188} INFO - [2026-01-14T09:32:27.353+0000] {dagbag.py:545} INFO - Filling up the DagBag from /home/airflow/.local/lib/python3.12/site-packages/airflow/example_dags/example_task_group_decorator.py
[2026-01-14T09:32:27.372+0000] {processor.py:840} INFO - DAG(s) 'example_task_group_decorator' retrieved from /home/airflow/.local/lib/python3.12/site-packages/airflow/example_dags/example_task_group_decorator.py
[2026-01-14T09:32:27.417+0000] {logging_mixin.py:188} INFO - [2026-01-14T09:32:27.416+0000] {dag.py:3096} INFO - Sync 1 DAGs
[2026-01-14T09:32:27.448+0000] {logging_mixin.py:188} INFO - [2026-01-14T09:32:27.447+0000] {dag.py:3954} INFO - Setting next_dagrun for example_task_group_decorator to 2026-01-13 00:00:00+00:00, run_after=2026-01-14 00:00:00+00:00
[2026-01-14T09:32:27.476+0000] {processor.py:183} INFO - Processing /home/airflow/.local/lib/python3.12/site-packages/airflow/example_dags/example_task_group_decorator.py took 0.134 seconds
[2026-01-14T09:32:59.658+0000] {processor.py:161} INFO - Started process (PID=10046) to work on /home/airflow/.local/lib/python3.12/site-packages/airflow/example_dags/example_task_group_decorator.py
[2026-01-14T09:32:59.659+0000] {processor.py:830} INFO - Processing file /home/airflow/.local/lib/python3.12/site-packages/airflow/example_dags/example_task_group_decorator.py for tasks to queue
[2026-01-14T09:32:59.662+0000] {logging_mixin.py:188} INFO - [2026-01-14T09:32:59.661+0000] {dagbag.py:545} INFO - Filling up the DagBag from /home/airflow/.local/lib/python3.12/site-packages/airflow/example_dags/example_task_group_decorator.py
[2026-01-14T09:32:59.891+0000] {processor.py:840} INFO - DAG(s) 'example_task_group_decorator' retrieved from /home/airflow/.local/lib/python3.12/site-packages/airflow/example_dags/example_task_group_decorator.py
[2026-01-14T09:32:59.931+0000] {logging_mixin.py:188} INFO - [2026-01-14T09:32:59.931+0000] {dag.py:3096} INFO - Sync 1 DAGs
[2026-01-14T09:32:59.959+0000] {logging_mixin.py:188} INFO - [2026-01-14T09:32:59.959+0000] {dag.py:3954} INFO - Setting next_dagrun for example_task_group_decorator to 2026-01-13 00:00:00+00:00, run_after=2026-01-14 00:00:00+00:00
[2026-01-14T09:32:59.987+0000] {processor.py:183} INFO - Processing /home/airflow/.local/lib/python3.12/site-packages/airflow/example_dags/example_task_group_decorator.py took 0.337 seconds
[2026-01-14T09:33:30.954+0000] {processor.py:161} INFO - Started process (PID=10309) to work on /home/airflow/.local/lib/python3.12/site-packages/airflow/example_dags/example_task_group_decorator.py
[2026-01-14T09:33:30.956+0000] {processor.py:830} INFO - Processing file /home/airflow/.local/lib/python3.12/site-packages/airflow/example_dags/example_task_group_decorator.py for tasks to queue
[2026-01-14T09:33:30.959+0000] {logging_mixin.py:188} INFO - [2026-01-14T09:33:30.958+0000] {dagbag.py:545} INFO - Filling up the DagBag from /home/airflow/.local/lib/python3.12/site-packages/airflow/example_dags/example_task_group_decorator.py
[2026-01-14T09:33:30.981+0000] {processor.py:840} INFO - DAG(s) 'example_task_group_decorator' retrieved from /home/airflow/.local/lib/python3.12/site-packages/airflow/example_dags/example_task_group_decorator.py
[2026-01-14T09:33:31.024+0000] {logging_mixin.py:188} INFO - [2026-01-14T09:33:31.023+0000] {dag.py:3096} INFO - Sync 1 DAGs
[2026-01-14T09:33:31.059+0000] {logging_mixin.py:188} INFO - [2026-01-14T09:33:31.059+0000] {dag.py:3954} INFO - Setting next_dagrun for example_task_group_decorator to 2026-01-13 00:00:00+00:00, run_after=2026-01-14 00:00:00+00:00
[2026-01-14T09:33:31.090+0000] {processor.py:183} INFO - Processing /home/airflow/.local/lib/python3.12/site-packages/airflow/example_dags/example_task_group_decorator.py took 0.148 seconds
[2026-01-14T09:34:01.634+0000] {processor.py:161} INFO - Started process (PID=10570) to work on /home/airflow/.local/lib/python3.12/site-packages/airflow/example_dags/example_task_group_decorator.py
[2026-01-14T09:34:01.635+0000] {processor.py:830} INFO - Processing file /home/airflow/.local/lib/python3.12/site-packages/airflow/example_dags/example_task_group_decorator.py for tasks to queue
[2026-01-14T09:34:01.638+0000] {logging_mixin.py:188} INFO - [2026-01-14T09:34:01.638+0000] {dagbag.py:545} INFO - Filling up the DagBag from /home/airflow/.local/lib/python3.12/site-packages/airflow/example_dags/example_task_group_decorator.py
[2026-01-14T09:34:01.667+0000] {processor.py:840} INFO - DAG(s) 'example_task_group_decorator' retrieved from /home/airflow/.local/lib/python3.12/site-packages/airflow/example_dags/example_task_group_decorator.py
[2026-01-14T09:34:01.710+0000] {logging_mixin.py:188} INFO - [2026-01-14T09:34:01.710+0000] {dag.py:3096} INFO - Sync 1 DAGs
[2026-01-14T09:34:01.745+0000] {logging_mixin.py:188} INFO - [2026-01-14T09:34:01.744+0000] {dag.py:3954} INFO - Setting next_dagrun for example_task_group_decorator to 2026-01-13 00:00:00+00:00, run_after=2026-01-14 00:00:00+00:00
[2026-01-14T09:34:01.780+0000] {processor.py:183} INFO - Processing /home/airflow/.local/lib/python3.12/site-packages/airflow/example_dags/example_task_group_decorator.py took 0.156 seconds
[2026-01-14T09:34:32.106+0000] {processor.py:161} INFO - Started process (PID=10831) to work on /home/airflow/.local/lib/python3.12/site-packages/airflow/example_dags/example_task_group_decorator.py
[2026-01-14T09:34:32.108+0000] {processor.py:830} INFO - Processing file /home/airflow/.local/lib/python3.12/site-packages/airflow/example_dags/example_task_group_decorator.py for tasks to queue
[2026-01-14T09:34:32.111+0000] {logging_mixin.py:188} INFO - [2026-01-14T09:34:32.111+0000] {dagbag.py:545} INFO - Filling up the DagBag from /home/airflow/.local/lib/python3.12/site-packages/airflow/example_dags/example_task_group_decorator.py
[2026-01-14T09:34:32.138+0000] {processor.py:840} INFO - DAG(s) 'example_task_group_decorator' retrieved from /home/airflow/.local/lib/python3.12/site-packages/airflow/example_dags/example_task_group_decorator.py
[2026-01-14T09:34:32.195+0000] {logging_mixin.py:188} INFO - [2026-01-14T09:34:32.194+0000] {dag.py:3096} INFO - Sync 1 DAGs
[2026-01-14T09:34:32.239+0000] {logging_mixin.py:188} INFO - [2026-01-14T09:34:32.239+0000] {dag.py:3954} INFO - Setting next_dagrun for example_task_group_decorator to 2026-01-13 00:00:00+00:00, run_after=2026-01-14 00:00:00+00:00
[2026-01-14T09:34:32.278+0000] {processor.py:183} INFO - Processing /home/airflow/.local/lib/python3.12/site-packages/airflow/example_dags/example_task_group_decorator.py took 0.180 seconds
[2026-01-14T09:35:02.484+0000] {processor.py:161} INFO - Started process (PID=11092) to work on /home/airflow/.local/lib/python3.12/site-packages/airflow/example_dags/example_task_group_decorator.py
[2026-01-14T09:35:02.485+0000] {processor.py:830} INFO - Processing file /home/airflow/.local/lib/python3.12/site-packages/airflow/example_dags/example_task_group_decorator.py for tasks to queue
[2026-01-14T09:35:02.488+0000] {logging_mixin.py:188} INFO - [2026-01-14T09:35:02.488+0000] {dagbag.py:545} INFO - Filling up the DagBag from /home/airflow/.local/lib/python3.12/site-packages/airflow/example_dags/example_task_group_decorator.py
[2026-01-14T09:35:02.515+0000] {processor.py:840} INFO - DAG(s) 'example_task_group_decorator' retrieved from /home/airflow/.local/lib/python3.12/site-packages/airflow/example_dags/example_task_group_decorator.py
[2026-01-14T09:35:02.562+0000] {logging_mixin.py:188} INFO - [2026-01-14T09:35:02.561+0000] {dag.py:3096} INFO - Sync 1 DAGs
[2026-01-14T09:35:02.599+0000] {logging_mixin.py:188} INFO - [2026-01-14T09:35:02.598+0000] {dag.py:3954} INFO - Setting next_dagrun for example_task_group_decorator to 2026-01-13 00:00:00+00:00, run_after=2026-01-14 00:00:00+00:00
[2026-01-14T09:35:02.629+0000] {processor.py:183} INFO - Processing /home/airflow/.local/lib/python3.12/site-packages/airflow/example_dags/example_task_group_decorator.py took 0.156 seconds
[2026-01-14T10:03:21.371+0000] {processor.py:161} INFO - Started process (PID=11351) to work on /home/airflow/.local/lib/python3.12/site-packages/airflow/example_dags/example_task_group_decorator.py
[2026-01-14T10:03:21.372+0000] {processor.py:830} INFO - Processing file /home/airflow/.local/lib/python3.12/site-packages/airflow/example_dags/example_task_group_decorator.py for tasks to queue
[2026-01-14T10:03:21.375+0000] {logging_mixin.py:188} INFO - [2026-01-14T10:03:21.375+0000] {dagbag.py:545} INFO - Filling up the DagBag from /home/airflow/.local/lib/python3.12/site-packages/airflow/example_dags/example_task_group_decorator.py
[2026-01-14T10:03:21.398+0000] {processor.py:840} INFO - DAG(s) 'example_task_group_decorator' retrieved from /home/airflow/.local/lib/python3.12/site-packages/airflow/example_dags/example_task_group_decorator.py
[2026-01-14T10:03:21.448+0000] {logging_mixin.py:188} INFO - [2026-01-14T10:03:21.448+0000] {dag.py:3096} INFO - Sync 1 DAGs
[2026-01-14T10:03:21.489+0000] {logging_mixin.py:188} INFO - [2026-01-14T10:03:21.489+0000] {dag.py:3954} INFO - Setting next_dagrun for example_task_group_decorator to 2026-01-13 00:00:00+00:00, run_after=2026-01-14 00:00:00+00:00
[2026-01-14T10:03:21.524+0000] {processor.py:183} INFO - Processing /home/airflow/.local/lib/python3.12/site-packages/airflow/example_dags/example_task_group_decorator.py took 0.162 seconds
[2026-01-14T10:03:52.121+0000] {processor.py:161} INFO - Started process (PID=11612) to work on /home/airflow/.local/lib/python3.12/site-packages/airflow/example_dags/example_task_group_decorator.py
[2026-01-14T10:03:52.122+0000] {processor.py:830} INFO - Processing file /home/airflow/.local/lib/python3.12/site-packages/airflow/example_dags/example_task_group_decorator.py for tasks to queue
[2026-01-14T10:03:52.125+0000] {logging_mixin.py:188} INFO - [2026-01-14T10:03:52.125+0000] {dagbag.py:545} INFO - Filling up the DagBag from /home/airflow/.local/lib/python3.12/site-packages/airflow/example_dags/example_task_group_decorator.py
[2026-01-14T10:03:52.146+0000] {processor.py:840} INFO - DAG(s) 'example_task_group_decorator' retrieved from /home/airflow/.local/lib/python3.12/site-packages/airflow/example_dags/example_task_group_decorator.py
[2026-01-14T10:03:52.190+0000] {logging_mixin.py:188} INFO - [2026-01-14T10:03:52.190+0000] {dag.py:3096} INFO - Sync 1 DAGs
[2026-01-14T10:03:52.225+0000] {logging_mixin.py:188} INFO - [2026-01-14T10:03:52.225+0000] {dag.py:3954} INFO - Setting next_dagrun for example_task_group_decorator to 2026-01-13 00:00:00+00:00, run_after=2026-01-14 00:00:00+00:00
[2026-01-14T10:03:52.256+0000] {processor.py:183} INFO - Processing /home/airflow/.local/lib/python3.12/site-packages/airflow/example_dags/example_task_group_decorator.py took 0.142 seconds
[2026-01-14T10:04:22.569+0000] {processor.py:161} INFO - Started process (PID=11875) to work on /home/airflow/.local/lib/python3.12/site-packages/airflow/example_dags/example_task_group_decorator.py
[2026-01-14T10:04:22.570+0000] {processor.py:830} INFO - Processing file /home/airflow/.local/lib/python3.12/site-packages/airflow/example_dags/example_task_group_decorator.py for tasks to queue
[2026-01-14T10:04:22.575+0000] {logging_mixin.py:188} INFO - [2026-01-14T10:04:22.574+0000] {dagbag.py:545} INFO - Filling up the DagBag from /home/airflow/.local/lib/python3.12/site-packages/airflow/example_dags/example_task_group_decorator.py
[2026-01-14T10:04:22.598+0000] {processor.py:840} INFO - DAG(s) 'example_task_group_decorator' retrieved from /home/airflow/.local/lib/python3.12/site-packages/airflow/example_dags/example_task_group_decorator.py
[2026-01-14T10:04:22.639+0000] {logging_mixin.py:188} INFO - [2026-01-14T10:04:22.639+0000] {dag.py:3096} INFO - Sync 1 DAGs
[2026-01-14T10:04:22.670+0000] {logging_mixin.py:188} INFO - [2026-01-14T10:04:22.670+0000] {dag.py:3954} INFO - Setting next_dagrun for example_task_group_decorator to 2026-01-13 00:00:00+00:00, run_after=2026-01-14 00:00:00+00:00
[2026-01-14T10:04:22.707+0000] {processor.py:183} INFO - Processing /home/airflow/.local/lib/python3.12/site-packages/airflow/example_dags/example_task_group_decorator.py took 0.148 seconds
[2026-01-14T10:04:53.217+0000] {processor.py:161} INFO - Started process (PID=12134) to work on /home/airflow/.local/lib/python3.12/site-packages/airflow/example_dags/example_task_group_decorator.py
[2026-01-14T10:04:53.219+0000] {processor.py:830} INFO - Processing file /home/airflow/.local/lib/python3.12/site-packages/airflow/example_dags/example_task_group_decorator.py for tasks to queue
[2026-01-14T10:04:53.221+0000] {logging_mixin.py:188} INFO - [2026-01-14T10:04:53.221+0000] {dagbag.py:545} INFO - Filling up the DagBag from /home/airflow/.local/lib/python3.12/site-packages/airflow/example_dags/example_task_group_decorator.py
[2026-01-14T10:04:53.244+0000] {processor.py:840} INFO - DAG(s) 'example_task_group_decorator' retrieved from /home/airflow/.local/lib/python3.12/site-packages/airflow/example_dags/example_task_group_decorator.py
[2026-01-14T10:04:53.291+0000] {logging_mixin.py:188} INFO - [2026-01-14T10:04:53.291+0000] {dag.py:3096} INFO - Sync 1 DAGs
[2026-01-14T10:04:53.325+0000] {logging_mixin.py:188} INFO - [2026-01-14T10:04:53.325+0000] {dag.py:3954} INFO - Setting next_dagrun for example_task_group_decorator to 2026-01-13 00:00:00+00:00, run_after=2026-01-14 00:00:00+00:00
[2026-01-14T10:04:53.356+0000] {processor.py:183} INFO - Processing /home/airflow/.local/lib/python3.12/site-packages/airflow/example_dags/example_task_group_decorator.py took 0.147 seconds
[2026-01-14T10:05:23.805+0000] {processor.py:161} INFO - Started process (PID=12395) to work on /home/airflow/.local/lib/python3.12/site-packages/airflow/example_dags/example_task_group_decorator.py
[2026-01-14T10:05:23.806+0000] {processor.py:830} INFO - Processing file /home/airflow/.local/lib/python3.12/site-packages/airflow/example_dags/example_task_group_decorator.py for tasks to queue
[2026-01-14T10:05:23.810+0000] {logging_mixin.py:188} INFO - [2026-01-14T10:05:23.809+0000] {dagbag.py:545} INFO - Filling up the DagBag from /home/airflow/.local/lib/python3.12/site-packages/airflow/example_dags/example_task_group_decorator.py
[2026-01-14T10:05:23.833+0000] {processor.py:840} INFO - DAG(s) 'example_task_group_decorator' retrieved from /home/airflow/.local/lib/python3.12/site-packages/airflow/example_dags/example_task_group_decorator.py
[2026-01-14T10:05:23.875+0000] {logging_mixin.py:188} INFO - [2026-01-14T10:05:23.875+0000] {dag.py:3096} INFO - Sync 1 DAGs
[2026-01-14T10:05:23.907+0000] {logging_mixin.py:188} INFO - [2026-01-14T10:05:23.906+0000] {dag.py:3954} INFO - Setting next_dagrun for example_task_group_decorator to 2026-01-13 00:00:00+00:00, run_after=2026-01-14 00:00:00+00:00
[2026-01-14T10:05:23.936+0000] {processor.py:183} INFO - Processing /home/airflow/.local/lib/python3.12/site-packages/airflow/example_dags/example_task_group_decorator.py took 0.140 seconds
[2026-01-14T10:05:54.417+0000] {processor.py:161} INFO - Started process (PID=12656) to work on /home/airflow/.local/lib/python3.12/site-packages/airflow/example_dags/example_task_group_decorator.py
[2026-01-14T10:05:54.419+0000] {processor.py:830} INFO - Processing file /home/airflow/.local/lib/python3.12/site-packages/airflow/example_dags/example_task_group_decorator.py for tasks to queue
[2026-01-14T10:05:54.422+0000] {logging_mixin.py:188} INFO - [2026-01-14T10:05:54.421+0000] {dagbag.py:545} INFO - Filling up the DagBag from /home/airflow/.local/lib/python3.12/site-packages/airflow/example_dags/example_task_group_decorator.py
[2026-01-14T10:05:54.443+0000] {processor.py:840} INFO - DAG(s) 'example_task_group_decorator' retrieved from /home/airflow/.local/lib/python3.12/site-packages/airflow/example_dags/example_task_group_decorator.py
[2026-01-14T10:05:54.496+0000] {logging_mixin.py:188} INFO - [2026-01-14T10:05:54.495+0000] {dag.py:3096} INFO - Sync 1 DAGs
[2026-01-14T10:05:54.527+0000] {logging_mixin.py:188} INFO - [2026-01-14T10:05:54.527+0000] {dag.py:3954} INFO - Setting next_dagrun for example_task_group_decorator to 2026-01-13 00:00:00+00:00, run_after=2026-01-14 00:00:00+00:00
[2026-01-14T10:05:54.554+0000] {processor.py:183} INFO - Processing /home/airflow/.local/lib/python3.12/site-packages/airflow/example_dags/example_task_group_decorator.py took 0.146 seconds
[2026-01-14T10:06:25.070+0000] {processor.py:161} INFO - Started process (PID=12917) to work on /home/airflow/.local/lib/python3.12/site-packages/airflow/example_dags/example_task_group_decorator.py
[2026-01-14T10:06:25.071+0000] {processor.py:830} INFO - Processing file /home/airflow/.local/lib/python3.12/site-packages/airflow/example_dags/example_task_group_decorator.py for tasks to queue
[2026-01-14T10:06:25.074+0000] {logging_mixin.py:188} INFO - [2026-01-14T10:06:25.073+0000] {dagbag.py:545} INFO - Filling up the DagBag from /home/airflow/.local/lib/python3.12/site-packages/airflow/example_dags/example_task_group_decorator.py
[2026-01-14T10:06:25.095+0000] {processor.py:840} INFO - DAG(s) 'example_task_group_decorator' retrieved from /home/airflow/.local/lib/python3.12/site-packages/airflow/example_dags/example_task_group_decorator.py
[2026-01-14T10:06:25.153+0000] {logging_mixin.py:188} INFO - [2026-01-14T10:06:25.152+0000] {dag.py:3096} INFO - Sync 1 DAGs
[2026-01-14T10:06:25.199+0000] {logging_mixin.py:188} INFO - [2026-01-14T10:06:25.199+0000] {dag.py:3954} INFO - Setting next_dagrun for example_task_group_decorator to 2026-01-13 00:00:00+00:00, run_after=2026-01-14 00:00:00+00:00
[2026-01-14T10:06:25.241+0000] {processor.py:183} INFO - Processing /home/airflow/.local/lib/python3.12/site-packages/airflow/example_dags/example_task_group_decorator.py took 0.181 seconds
[2026-01-14T10:06:55.680+0000] {processor.py:161} INFO - Started process (PID=13178) to work on /home/airflow/.local/lib/python3.12/site-packages/airflow/example_dags/example_task_group_decorator.py
[2026-01-14T10:06:55.682+0000] {processor.py:830} INFO - Processing file /home/airflow/.local/lib/python3.12/site-packages/airflow/example_dags/example_task_group_decorator.py for tasks to queue
[2026-01-14T10:06:55.684+0000] {logging_mixin.py:188} INFO - [2026-01-14T10:06:55.684+0000] {dagbag.py:545} INFO - Filling up the DagBag from /home/airflow/.local/lib/python3.12/site-packages/airflow/example_dags/example_task_group_decorator.py
[2026-01-14T10:06:55.705+0000] {processor.py:840} INFO - DAG(s) 'example_task_group_decorator' retrieved from /home/airflow/.local/lib/python3.12/site-packages/airflow/example_dags/example_task_group_decorator.py
[2026-01-14T10:06:55.748+0000] {logging_mixin.py:188} INFO - [2026-01-14T10:06:55.748+0000] {dag.py:3096} INFO - Sync 1 DAGs
[2026-01-14T10:06:55.781+0000] {logging_mixin.py:188} INFO - [2026-01-14T10:06:55.780+0000] {dag.py:3954} INFO - Setting next_dagrun for example_task_group_decorator to 2026-01-13 00:00:00+00:00, run_after=2026-01-14 00:00:00+00:00
[2026-01-14T10:06:55.811+0000] {processor.py:183} INFO - Processing /home/airflow/.local/lib/python3.12/site-packages/airflow/example_dags/example_task_group_decorator.py took 0.140 seconds
[2026-01-14T10:07:26.269+0000] {processor.py:161} INFO - Started process (PID=13439) to work on /home/airflow/.local/lib/python3.12/site-packages/airflow/example_dags/example_task_group_decorator.py
[2026-01-14T10:07:26.271+0000] {processor.py:830} INFO - Processing file /home/airflow/.local/lib/python3.12/site-packages/airflow/example_dags/example_task_group_decorator.py for tasks to queue
[2026-01-14T10:07:26.281+0000] {logging_mixin.py:188} INFO - [2026-01-14T10:07:26.276+0000] {dagbag.py:545} INFO - Filling up the DagBag from /home/airflow/.local/lib/python3.12/site-packages/airflow/example_dags/example_task_group_decorator.py
[2026-01-14T10:07:26.307+0000] {processor.py:840} INFO - DAG(s) 'example_task_group_decorator' retrieved from /home/airflow/.local/lib/python3.12/site-packages/airflow/example_dags/example_task_group_decorator.py
[2026-01-14T10:07:26.352+0000] {logging_mixin.py:188} INFO - [2026-01-14T10:07:26.352+0000] {dag.py:3096} INFO - Sync 1 DAGs
[2026-01-14T10:07:26.385+0000] {logging_mixin.py:188} INFO - [2026-01-14T10:07:26.384+0000] {dag.py:3954} INFO - Setting next_dagrun for example_task_group_decorator to 2026-01-13 00:00:00+00:00, run_after=2026-01-14 00:00:00+00:00
[2026-01-14T10:07:26.417+0000] {processor.py:183} INFO - Processing /home/airflow/.local/lib/python3.12/site-packages/airflow/example_dags/example_task_group_decorator.py took 0.158 seconds
[2026-01-14T10:07:56.611+0000] {processor.py:161} INFO - Started process (PID=13700) to work on /home/airflow/.local/lib/python3.12/site-packages/airflow/example_dags/example_task_group_decorator.py
[2026-01-14T10:07:56.612+0000] {processor.py:830} INFO - Processing file /home/airflow/.local/lib/python3.12/site-packages/airflow/example_dags/example_task_group_decorator.py for tasks to queue
[2026-01-14T10:07:56.615+0000] {logging_mixin.py:188} INFO - [2026-01-14T10:07:56.614+0000] {dagbag.py:545} INFO - Filling up the DagBag from /home/airflow/.local/lib/python3.12/site-packages/airflow/example_dags/example_task_group_decorator.py
[2026-01-14T10:07:56.639+0000] {processor.py:840} INFO - DAG(s) 'example_task_group_decorator' retrieved from /home/airflow/.local/lib/python3.12/site-packages/airflow/example_dags/example_task_group_decorator.py
[2026-01-14T10:07:56.686+0000] {logging_mixin.py:188} INFO - [2026-01-14T10:07:56.686+0000] {dag.py:3096} INFO - Sync 1 DAGs
[2026-01-14T10:07:56.718+0000] {logging_mixin.py:188} INFO - [2026-01-14T10:07:56.717+0000] {dag.py:3954} INFO - Setting next_dagrun for example_task_group_decorator to 2026-01-13 00:00:00+00:00, run_after=2026-01-14 00:00:00+00:00
[2026-01-14T10:07:56.751+0000] {processor.py:183} INFO - Processing /home/airflow/.local/lib/python3.12/site-packages/airflow/example_dags/example_task_group_decorator.py took 0.150 seconds
[2026-01-14T10:08:27.394+0000] {processor.py:161} INFO - Started process (PID=13961) to work on /home/airflow/.local/lib/python3.12/site-packages/airflow/example_dags/example_task_group_decorator.py
[2026-01-14T10:08:27.396+0000] {processor.py:830} INFO - Processing file /home/airflow/.local/lib/python3.12/site-packages/airflow/example_dags/example_task_group_decorator.py for tasks to queue
[2026-01-14T10:08:27.399+0000] {logging_mixin.py:188} INFO - [2026-01-14T10:08:27.398+0000] {dagbag.py:545} INFO - Filling up the DagBag from /home/airflow/.local/lib/python3.12/site-packages/airflow/example_dags/example_task_group_decorator.py
[2026-01-14T10:08:27.419+0000] {processor.py:840} INFO - DAG(s) 'example_task_group_decorator' retrieved from /home/airflow/.local/lib/python3.12/site-packages/airflow/example_dags/example_task_group_decorator.py
[2026-01-14T10:08:27.459+0000] {logging_mixin.py:188} INFO - [2026-01-14T10:08:27.459+0000] {dag.py:3096} INFO - Sync 1 DAGs
[2026-01-14T10:08:27.492+0000] {logging_mixin.py:188} INFO - [2026-01-14T10:08:27.492+0000] {dag.py:3954} INFO - Setting next_dagrun for example_task_group_decorator to 2026-01-13 00:00:00+00:00, run_after=2026-01-14 00:00:00+00:00
[2026-01-14T10:08:27.520+0000] {processor.py:183} INFO - Processing /home/airflow/.local/lib/python3.12/site-packages/airflow/example_dags/example_task_group_decorator.py took 0.135 seconds
[2026-01-14T10:08:57.840+0000] {processor.py:161} INFO - Started process (PID=14222) to work on /home/airflow/.local/lib/python3.12/site-packages/airflow/example_dags/example_task_group_decorator.py
[2026-01-14T10:08:57.841+0000] {processor.py:830} INFO - Processing file /home/airflow/.local/lib/python3.12/site-packages/airflow/example_dags/example_task_group_decorator.py for tasks to queue
[2026-01-14T10:08:57.844+0000] {logging_mixin.py:188} INFO - [2026-01-14T10:08:57.844+0000] {dagbag.py:545} INFO - Filling up the DagBag from /home/airflow/.local/lib/python3.12/site-packages/airflow/example_dags/example_task_group_decorator.py
[2026-01-14T10:08:57.869+0000] {processor.py:840} INFO - DAG(s) 'example_task_group_decorator' retrieved from /home/airflow/.local/lib/python3.12/site-packages/airflow/example_dags/example_task_group_decorator.py
[2026-01-14T10:08:57.915+0000] {logging_mixin.py:188} INFO - [2026-01-14T10:08:57.915+0000] {dag.py:3096} INFO - Sync 1 DAGs
[2026-01-14T10:08:57.950+0000] {logging_mixin.py:188} INFO - [2026-01-14T10:08:57.949+0000] {dag.py:3954} INFO - Setting next_dagrun for example_task_group_decorator to 2026-01-13 00:00:00+00:00, run_after=2026-01-14 00:00:00+00:00
[2026-01-14T10:08:57.980+0000] {processor.py:183} INFO - Processing /home/airflow/.local/lib/python3.12/site-packages/airflow/example_dags/example_task_group_decorator.py took 0.148 seconds
[2026-01-14T10:09:28.325+0000] {processor.py:161} INFO - Started process (PID=14483) to work on /home/airflow/.local/lib/python3.12/site-packages/airflow/example_dags/example_task_group_decorator.py
[2026-01-14T10:09:28.326+0000] {processor.py:830} INFO - Processing file /home/airflow/.local/lib/python3.12/site-packages/airflow/example_dags/example_task_group_decorator.py for tasks to queue
[2026-01-14T10:09:28.329+0000] {logging_mixin.py:188} INFO - [2026-01-14T10:09:28.329+0000] {dagbag.py:545} INFO - Filling up the DagBag from /home/airflow/.local/lib/python3.12/site-packages/airflow/example_dags/example_task_group_decorator.py
[2026-01-14T10:09:28.355+0000] {processor.py:840} INFO - DAG(s) 'example_task_group_decorator' retrieved from /home/airflow/.local/lib/python3.12/site-packages/airflow/example_dags/example_task_group_decorator.py
[2026-01-14T10:09:28.404+0000] {logging_mixin.py:188} INFO - [2026-01-14T10:09:28.403+0000] {dag.py:3096} INFO - Sync 1 DAGs
[2026-01-14T10:09:28.443+0000] {logging_mixin.py:188} INFO - [2026-01-14T10:09:28.442+0000] {dag.py:3954} INFO - Setting next_dagrun for example_task_group_decorator to 2026-01-13 00:00:00+00:00, run_after=2026-01-14 00:00:00+00:00
[2026-01-14T10:09:28.475+0000] {processor.py:183} INFO - Processing /home/airflow/.local/lib/python3.12/site-packages/airflow/example_dags/example_task_group_decorator.py took 0.159 seconds
[2026-01-14T10:09:58.870+0000] {processor.py:161} INFO - Started process (PID=14744) to work on /home/airflow/.local/lib/python3.12/site-packages/airflow/example_dags/example_task_group_decorator.py
[2026-01-14T10:09:58.871+0000] {processor.py:830} INFO - Processing file /home/airflow/.local/lib/python3.12/site-packages/airflow/example_dags/example_task_group_decorator.py for tasks to queue
[2026-01-14T10:09:58.873+0000] {logging_mixin.py:188} INFO - [2026-01-14T10:09:58.873+0000] {dagbag.py:545} INFO - Filling up the DagBag from /home/airflow/.local/lib/python3.12/site-packages/airflow/example_dags/example_task_group_decorator.py
[2026-01-14T10:09:58.899+0000] {processor.py:840} INFO - DAG(s) 'example_task_group_decorator' retrieved from /home/airflow/.local/lib/python3.12/site-packages/airflow/example_dags/example_task_group_decorator.py
[2026-01-14T10:09:58.941+0000] {logging_mixin.py:188} INFO - [2026-01-14T10:09:58.941+0000] {dag.py:3096} INFO - Sync 1 DAGs
[2026-01-14T10:09:58.980+0000] {logging_mixin.py:188} INFO - [2026-01-14T10:09:58.980+0000] {dag.py:3954} INFO - Setting next_dagrun for example_task_group_decorator to 2026-01-13 00:00:00+00:00, run_after=2026-01-14 00:00:00+00:00
[2026-01-14T10:09:59.013+0000] {processor.py:183} INFO - Processing /home/airflow/.local/lib/python3.12/site-packages/airflow/example_dags/example_task_group_decorator.py took 0.151 seconds
[2026-01-14T10:10:29.189+0000] {processor.py:161} INFO - Started process (PID=15005) to work on /home/airflow/.local/lib/python3.12/site-packages/airflow/example_dags/example_task_group_decorator.py
[2026-01-14T10:10:29.190+0000] {processor.py:830} INFO - Processing file /home/airflow/.local/lib/python3.12/site-packages/airflow/example_dags/example_task_group_decorator.py for tasks to queue
[2026-01-14T10:10:29.193+0000] {logging_mixin.py:188} INFO - [2026-01-14T10:10:29.192+0000] {dagbag.py:545} INFO - Filling up the DagBag from /home/airflow/.local/lib/python3.12/site-packages/airflow/example_dags/example_task_group_decorator.py
[2026-01-14T10:10:29.210+0000] {processor.py:840} INFO - DAG(s) 'example_task_group_decorator' retrieved from /home/airflow/.local/lib/python3.12/site-packages/airflow/example_dags/example_task_group_decorator.py
[2026-01-14T10:10:29.246+0000] {logging_mixin.py:188} INFO - [2026-01-14T10:10:29.245+0000] {dag.py:3096} INFO - Sync 1 DAGs
[2026-01-14T10:10:29.341+0000] {logging_mixin.py:188} INFO - [2026-01-14T10:10:29.340+0000] {dag.py:3954} INFO - Setting next_dagrun for example_task_group_decorator to 2026-01-13 00:00:00+00:00, run_after=2026-01-14 00:00:00+00:00
[2026-01-14T10:10:29.528+0000] {processor.py:183} INFO - Processing /home/airflow/.local/lib/python3.12/site-packages/airflow/example_dags/example_task_group_decorator.py took 0.346 seconds
[2026-01-14T10:30:02.309+0000] {processor.py:161} INFO - Started process (PID=15225) to work on /home/airflow/.local/lib/python3.12/site-packages/airflow/example_dags/example_task_group_decorator.py
[2026-01-14T10:30:02.310+0000] {processor.py:830} INFO - Processing file /home/airflow/.local/lib/python3.12/site-packages/airflow/example_dags/example_task_group_decorator.py for tasks to queue
[2026-01-14T10:30:02.312+0000] {logging_mixin.py:188} INFO - [2026-01-14T10:30:02.312+0000] {dagbag.py:545} INFO - Filling up the DagBag from /home/airflow/.local/lib/python3.12/site-packages/airflow/example_dags/example_task_group_decorator.py
[2026-01-14T10:30:02.335+0000] {processor.py:840} INFO - DAG(s) 'example_task_group_decorator' retrieved from /home/airflow/.local/lib/python3.12/site-packages/airflow/example_dags/example_task_group_decorator.py
[2026-01-14T10:30:02.377+0000] {logging_mixin.py:188} INFO - [2026-01-14T10:30:02.376+0000] {dag.py:3096} INFO - Sync 1 DAGs
[2026-01-14T10:30:02.408+0000] {logging_mixin.py:188} INFO - [2026-01-14T10:30:02.407+0000] {dag.py:3954} INFO - Setting next_dagrun for example_task_group_decorator to 2026-01-13 00:00:00+00:00, run_after=2026-01-14 00:00:00+00:00
[2026-01-14T10:30:02.436+0000] {processor.py:183} INFO - Processing /home/airflow/.local/lib/python3.12/site-packages/airflow/example_dags/example_task_group_decorator.py took 0.135 seconds
