[2026-01-14T07:54:49.174+0000] {processor.py:161} INFO - Started process (PID=235) to work on /home/airflow/.local/lib/python3.12/site-packages/airflow/example_dags/example_latest_only_with_trigger.py
[2026-01-14T07:54:49.179+0000] {processor.py:830} INFO - Processing file /home/airflow/.local/lib/python3.12/site-packages/airflow/example_dags/example_latest_only_with_trigger.py for tasks to queue
[2026-01-14T07:54:49.187+0000] {logging_mixin.py:188} INFO - [2026-01-14T07:54:49.186+0000] {dagbag.py:545} INFO - Filling up the DagBag from /home/airflow/.local/lib/python3.12/site-packages/airflow/example_dags/example_latest_only_with_trigger.py
[2026-01-14T07:54:49.208+0000] {processor.py:840} INFO - DAG(s) 'latest_only_with_trigger' retrieved from /home/airflow/.local/lib/python3.12/site-packages/airflow/example_dags/example_latest_only_with_trigger.py
[2026-01-14T07:54:49.304+0000] {logging_mixin.py:188} INFO - [2026-01-14T07:54:49.304+0000] {dag.py:3096} INFO - Sync 1 DAGs
[2026-01-14T07:54:49.384+0000] {logging_mixin.py:188} INFO - [2026-01-14T07:54:49.383+0000] {dag.py:3954} INFO - Setting next_dagrun for latest_only_with_trigger to 2026-01-14 00:00:00+00:00, run_after=2026-01-14 04:00:00+00:00
[2026-01-14T07:54:49.449+0000] {processor.py:183} INFO - Processing /home/airflow/.local/lib/python3.12/site-packages/airflow/example_dags/example_latest_only_with_trigger.py took 0.293 seconds
[2026-01-14T07:55:20.424+0000] {processor.py:161} INFO - Started process (PID=552) to work on /home/airflow/.local/lib/python3.12/site-packages/airflow/example_dags/example_latest_only_with_trigger.py
[2026-01-14T07:55:20.426+0000] {processor.py:830} INFO - Processing file /home/airflow/.local/lib/python3.12/site-packages/airflow/example_dags/example_latest_only_with_trigger.py for tasks to queue
[2026-01-14T07:55:20.428+0000] {logging_mixin.py:188} INFO - [2026-01-14T07:55:20.428+0000] {dagbag.py:545} INFO - Filling up the DagBag from /home/airflow/.local/lib/python3.12/site-packages/airflow/example_dags/example_latest_only_with_trigger.py
[2026-01-14T07:55:20.436+0000] {processor.py:840} INFO - DAG(s) 'latest_only_with_trigger' retrieved from /home/airflow/.local/lib/python3.12/site-packages/airflow/example_dags/example_latest_only_with_trigger.py
[2026-01-14T07:55:20.474+0000] {logging_mixin.py:188} INFO - [2026-01-14T07:55:20.474+0000] {dag.py:3096} INFO - Sync 1 DAGs
[2026-01-14T07:55:20.512+0000] {logging_mixin.py:188} INFO - [2026-01-14T07:55:20.512+0000] {dag.py:3954} INFO - Setting next_dagrun for latest_only_with_trigger to 2026-01-14 00:00:00+00:00, run_after=2026-01-14 04:00:00+00:00
[2026-01-14T07:55:20.543+0000] {processor.py:183} INFO - Processing /home/airflow/.local/lib/python3.12/site-packages/airflow/example_dags/example_latest_only_with_trigger.py took 0.129 seconds
[2026-01-14T07:55:50.801+0000] {processor.py:161} INFO - Started process (PID=814) to work on /home/airflow/.local/lib/python3.12/site-packages/airflow/example_dags/example_latest_only_with_trigger.py
[2026-01-14T07:55:50.803+0000] {processor.py:830} INFO - Processing file /home/airflow/.local/lib/python3.12/site-packages/airflow/example_dags/example_latest_only_with_trigger.py for tasks to queue
[2026-01-14T07:55:50.807+0000] {logging_mixin.py:188} INFO - [2026-01-14T07:55:50.806+0000] {dagbag.py:545} INFO - Filling up the DagBag from /home/airflow/.local/lib/python3.12/site-packages/airflow/example_dags/example_latest_only_with_trigger.py
[2026-01-14T07:55:50.815+0000] {processor.py:840} INFO - DAG(s) 'latest_only_with_trigger' retrieved from /home/airflow/.local/lib/python3.12/site-packages/airflow/example_dags/example_latest_only_with_trigger.py
[2026-01-14T07:55:50.854+0000] {logging_mixin.py:188} INFO - [2026-01-14T07:55:50.853+0000] {dag.py:3096} INFO - Sync 1 DAGs
[2026-01-14T07:55:50.898+0000] {logging_mixin.py:188} INFO - [2026-01-14T07:55:50.897+0000] {dag.py:3954} INFO - Setting next_dagrun for latest_only_with_trigger to 2026-01-14 00:00:00+00:00, run_after=2026-01-14 04:00:00+00:00
[2026-01-14T07:55:50.932+0000] {processor.py:183} INFO - Processing /home/airflow/.local/lib/python3.12/site-packages/airflow/example_dags/example_latest_only_with_trigger.py took 0.140 seconds
[2026-01-14T07:56:21.453+0000] {processor.py:161} INFO - Started process (PID=1100) to work on /home/airflow/.local/lib/python3.12/site-packages/airflow/example_dags/example_latest_only_with_trigger.py
[2026-01-14T07:56:21.455+0000] {processor.py:830} INFO - Processing file /home/airflow/.local/lib/python3.12/site-packages/airflow/example_dags/example_latest_only_with_trigger.py for tasks to queue
[2026-01-14T07:56:21.457+0000] {logging_mixin.py:188} INFO - [2026-01-14T07:56:21.457+0000] {dagbag.py:545} INFO - Filling up the DagBag from /home/airflow/.local/lib/python3.12/site-packages/airflow/example_dags/example_latest_only_with_trigger.py
[2026-01-14T07:56:21.465+0000] {processor.py:840} INFO - DAG(s) 'latest_only_with_trigger' retrieved from /home/airflow/.local/lib/python3.12/site-packages/airflow/example_dags/example_latest_only_with_trigger.py
[2026-01-14T07:56:21.503+0000] {logging_mixin.py:188} INFO - [2026-01-14T07:56:21.503+0000] {dag.py:3096} INFO - Sync 1 DAGs
[2026-01-14T07:56:21.540+0000] {logging_mixin.py:188} INFO - [2026-01-14T07:56:21.539+0000] {dag.py:3954} INFO - Setting next_dagrun for latest_only_with_trigger to 2026-01-14 00:00:00+00:00, run_after=2026-01-14 04:00:00+00:00
[2026-01-14T07:56:21.570+0000] {processor.py:183} INFO - Processing /home/airflow/.local/lib/python3.12/site-packages/airflow/example_dags/example_latest_only_with_trigger.py took 0.125 seconds
[2026-01-14T07:56:52.173+0000] {processor.py:161} INFO - Started process (PID=1361) to work on /home/airflow/.local/lib/python3.12/site-packages/airflow/example_dags/example_latest_only_with_trigger.py
[2026-01-14T07:56:52.175+0000] {processor.py:830} INFO - Processing file /home/airflow/.local/lib/python3.12/site-packages/airflow/example_dags/example_latest_only_with_trigger.py for tasks to queue
[2026-01-14T07:56:52.177+0000] {logging_mixin.py:188} INFO - [2026-01-14T07:56:52.177+0000] {dagbag.py:545} INFO - Filling up the DagBag from /home/airflow/.local/lib/python3.12/site-packages/airflow/example_dags/example_latest_only_with_trigger.py
[2026-01-14T07:56:52.188+0000] {processor.py:840} INFO - DAG(s) 'latest_only_with_trigger' retrieved from /home/airflow/.local/lib/python3.12/site-packages/airflow/example_dags/example_latest_only_with_trigger.py
[2026-01-14T07:56:52.230+0000] {logging_mixin.py:188} INFO - [2026-01-14T07:56:52.229+0000] {dag.py:3096} INFO - Sync 1 DAGs
[2026-01-14T07:56:52.270+0000] {logging_mixin.py:188} INFO - [2026-01-14T07:56:52.270+0000] {dag.py:3954} INFO - Setting next_dagrun for latest_only_with_trigger to 2026-01-14 00:00:00+00:00, run_after=2026-01-14 04:00:00+00:00
[2026-01-14T07:56:52.303+0000] {processor.py:183} INFO - Processing /home/airflow/.local/lib/python3.12/site-packages/airflow/example_dags/example_latest_only_with_trigger.py took 0.139 seconds
[2026-01-14T07:57:23.111+0000] {processor.py:161} INFO - Started process (PID=1670) to work on /home/airflow/.local/lib/python3.12/site-packages/airflow/example_dags/example_latest_only_with_trigger.py
[2026-01-14T07:57:23.112+0000] {processor.py:830} INFO - Processing file /home/airflow/.local/lib/python3.12/site-packages/airflow/example_dags/example_latest_only_with_trigger.py for tasks to queue
[2026-01-14T07:57:23.115+0000] {logging_mixin.py:188} INFO - [2026-01-14T07:57:23.114+0000] {dagbag.py:545} INFO - Filling up the DagBag from /home/airflow/.local/lib/python3.12/site-packages/airflow/example_dags/example_latest_only_with_trigger.py
[2026-01-14T07:57:23.124+0000] {processor.py:840} INFO - DAG(s) 'latest_only_with_trigger' retrieved from /home/airflow/.local/lib/python3.12/site-packages/airflow/example_dags/example_latest_only_with_trigger.py
[2026-01-14T07:57:23.158+0000] {logging_mixin.py:188} INFO - [2026-01-14T07:57:23.158+0000] {dag.py:3096} INFO - Sync 1 DAGs
[2026-01-14T07:57:23.190+0000] {logging_mixin.py:188} INFO - [2026-01-14T07:57:23.189+0000] {dag.py:3954} INFO - Setting next_dagrun for latest_only_with_trigger to 2026-01-14 00:00:00+00:00, run_after=2026-01-14 04:00:00+00:00
[2026-01-14T07:57:23.218+0000] {processor.py:183} INFO - Processing /home/airflow/.local/lib/python3.12/site-packages/airflow/example_dags/example_latest_only_with_trigger.py took 0.116 seconds
[2026-01-14T07:58:45.546+0000] {processor.py:161} INFO - Started process (PID=205) to work on /home/airflow/.local/lib/python3.12/site-packages/airflow/example_dags/example_latest_only_with_trigger.py
[2026-01-14T07:58:45.547+0000] {processor.py:830} INFO - Processing file /home/airflow/.local/lib/python3.12/site-packages/airflow/example_dags/example_latest_only_with_trigger.py for tasks to queue
[2026-01-14T07:58:45.549+0000] {logging_mixin.py:188} INFO - [2026-01-14T07:58:45.549+0000] {dagbag.py:545} INFO - Filling up the DagBag from /home/airflow/.local/lib/python3.12/site-packages/airflow/example_dags/example_latest_only_with_trigger.py
[2026-01-14T07:58:45.556+0000] {processor.py:840} INFO - DAG(s) 'latest_only_with_trigger' retrieved from /home/airflow/.local/lib/python3.12/site-packages/airflow/example_dags/example_latest_only_with_trigger.py
[2026-01-14T07:58:45.596+0000] {logging_mixin.py:188} INFO - [2026-01-14T07:58:45.595+0000] {dag.py:3096} INFO - Sync 1 DAGs
[2026-01-14T07:58:45.626+0000] {logging_mixin.py:188} INFO - [2026-01-14T07:58:45.626+0000] {dag.py:3954} INFO - Setting next_dagrun for latest_only_with_trigger to 2026-01-14 00:00:00+00:00, run_after=2026-01-14 04:00:00+00:00
[2026-01-14T07:58:45.654+0000] {processor.py:183} INFO - Processing /home/airflow/.local/lib/python3.12/site-packages/airflow/example_dags/example_latest_only_with_trigger.py took 0.114 seconds
[2026-01-14T07:59:15.926+0000] {processor.py:161} INFO - Started process (PID=469) to work on /home/airflow/.local/lib/python3.12/site-packages/airflow/example_dags/example_latest_only_with_trigger.py
[2026-01-14T07:59:15.928+0000] {processor.py:830} INFO - Processing file /home/airflow/.local/lib/python3.12/site-packages/airflow/example_dags/example_latest_only_with_trigger.py for tasks to queue
[2026-01-14T07:59:15.931+0000] {logging_mixin.py:188} INFO - [2026-01-14T07:59:15.931+0000] {dagbag.py:545} INFO - Filling up the DagBag from /home/airflow/.local/lib/python3.12/site-packages/airflow/example_dags/example_latest_only_with_trigger.py
[2026-01-14T07:59:15.941+0000] {processor.py:840} INFO - DAG(s) 'latest_only_with_trigger' retrieved from /home/airflow/.local/lib/python3.12/site-packages/airflow/example_dags/example_latest_only_with_trigger.py
[2026-01-14T07:59:15.983+0000] {logging_mixin.py:188} INFO - [2026-01-14T07:59:15.982+0000] {dag.py:3096} INFO - Sync 1 DAGs
[2026-01-14T07:59:16.020+0000] {logging_mixin.py:188} INFO - [2026-01-14T07:59:16.020+0000] {dag.py:3954} INFO - Setting next_dagrun for latest_only_with_trigger to 2026-01-14 00:00:00+00:00, run_after=2026-01-14 04:00:00+00:00
[2026-01-14T07:59:16.053+0000] {processor.py:183} INFO - Processing /home/airflow/.local/lib/python3.12/site-packages/airflow/example_dags/example_latest_only_with_trigger.py took 0.135 seconds
[2026-01-14T07:59:46.217+0000] {processor.py:161} INFO - Started process (PID=792) to work on /home/airflow/.local/lib/python3.12/site-packages/airflow/example_dags/example_latest_only_with_trigger.py
[2026-01-14T07:59:46.218+0000] {processor.py:830} INFO - Processing file /home/airflow/.local/lib/python3.12/site-packages/airflow/example_dags/example_latest_only_with_trigger.py for tasks to queue
[2026-01-14T07:59:46.221+0000] {logging_mixin.py:188} INFO - [2026-01-14T07:59:46.220+0000] {dagbag.py:545} INFO - Filling up the DagBag from /home/airflow/.local/lib/python3.12/site-packages/airflow/example_dags/example_latest_only_with_trigger.py
[2026-01-14T07:59:46.229+0000] {processor.py:840} INFO - DAG(s) 'latest_only_with_trigger' retrieved from /home/airflow/.local/lib/python3.12/site-packages/airflow/example_dags/example_latest_only_with_trigger.py
[2026-01-14T07:59:46.262+0000] {logging_mixin.py:188} INFO - [2026-01-14T07:59:46.261+0000] {dag.py:3096} INFO - Sync 1 DAGs
[2026-01-14T07:59:46.294+0000] {logging_mixin.py:188} INFO - [2026-01-14T07:59:46.294+0000] {dag.py:3954} INFO - Setting next_dagrun for latest_only_with_trigger to 2026-01-14 00:00:00+00:00, run_after=2026-01-14 04:00:00+00:00
[2026-01-14T07:59:46.325+0000] {processor.py:183} INFO - Processing /home/airflow/.local/lib/python3.12/site-packages/airflow/example_dags/example_latest_only_with_trigger.py took 0.116 seconds
[2026-01-14T08:00:17.179+0000] {processor.py:161} INFO - Started process (PID=1065) to work on /home/airflow/.local/lib/python3.12/site-packages/airflow/example_dags/example_latest_only_with_trigger.py
[2026-01-14T08:00:17.180+0000] {processor.py:830} INFO - Processing file /home/airflow/.local/lib/python3.12/site-packages/airflow/example_dags/example_latest_only_with_trigger.py for tasks to queue
[2026-01-14T08:00:17.183+0000] {logging_mixin.py:188} INFO - [2026-01-14T08:00:17.182+0000] {dagbag.py:545} INFO - Filling up the DagBag from /home/airflow/.local/lib/python3.12/site-packages/airflow/example_dags/example_latest_only_with_trigger.py
[2026-01-14T08:00:17.192+0000] {processor.py:840} INFO - DAG(s) 'latest_only_with_trigger' retrieved from /home/airflow/.local/lib/python3.12/site-packages/airflow/example_dags/example_latest_only_with_trigger.py
[2026-01-14T08:00:17.232+0000] {logging_mixin.py:188} INFO - [2026-01-14T08:00:17.232+0000] {dag.py:3096} INFO - Sync 1 DAGs
[2026-01-14T08:00:17.271+0000] {logging_mixin.py:188} INFO - [2026-01-14T08:00:17.270+0000] {dag.py:3954} INFO - Setting next_dagrun for latest_only_with_trigger to 2026-01-14 04:00:00+00:00, run_after=2026-01-14 08:00:00+00:00
[2026-01-14T08:00:17.302+0000] {processor.py:183} INFO - Processing /home/airflow/.local/lib/python3.12/site-packages/airflow/example_dags/example_latest_only_with_trigger.py took 0.132 seconds
[2026-01-14T08:00:47.687+0000] {processor.py:161} INFO - Started process (PID=1326) to work on /home/airflow/.local/lib/python3.12/site-packages/airflow/example_dags/example_latest_only_with_trigger.py
[2026-01-14T08:00:47.689+0000] {processor.py:830} INFO - Processing file /home/airflow/.local/lib/python3.12/site-packages/airflow/example_dags/example_latest_only_with_trigger.py for tasks to queue
[2026-01-14T08:00:47.692+0000] {logging_mixin.py:188} INFO - [2026-01-14T08:00:47.692+0000] {dagbag.py:545} INFO - Filling up the DagBag from /home/airflow/.local/lib/python3.12/site-packages/airflow/example_dags/example_latest_only_with_trigger.py
[2026-01-14T08:00:47.700+0000] {processor.py:840} INFO - DAG(s) 'latest_only_with_trigger' retrieved from /home/airflow/.local/lib/python3.12/site-packages/airflow/example_dags/example_latest_only_with_trigger.py
[2026-01-14T08:00:47.738+0000] {logging_mixin.py:188} INFO - [2026-01-14T08:00:47.738+0000] {dag.py:3096} INFO - Sync 1 DAGs
[2026-01-14T08:00:47.786+0000] {logging_mixin.py:188} INFO - [2026-01-14T08:00:47.785+0000] {dag.py:3954} INFO - Setting next_dagrun for latest_only_with_trigger to 2026-01-14 04:00:00+00:00, run_after=2026-01-14 08:00:00+00:00
[2026-01-14T08:00:47.816+0000] {processor.py:183} INFO - Processing /home/airflow/.local/lib/python3.12/site-packages/airflow/example_dags/example_latest_only_with_trigger.py took 0.139 seconds
[2026-01-14T08:01:18.117+0000] {processor.py:161} INFO - Started process (PID=1590) to work on /home/airflow/.local/lib/python3.12/site-packages/airflow/example_dags/example_latest_only_with_trigger.py
[2026-01-14T08:01:18.119+0000] {processor.py:830} INFO - Processing file /home/airflow/.local/lib/python3.12/site-packages/airflow/example_dags/example_latest_only_with_trigger.py for tasks to queue
[2026-01-14T08:01:18.122+0000] {logging_mixin.py:188} INFO - [2026-01-14T08:01:18.121+0000] {dagbag.py:545} INFO - Filling up the DagBag from /home/airflow/.local/lib/python3.12/site-packages/airflow/example_dags/example_latest_only_with_trigger.py
[2026-01-14T08:01:18.129+0000] {processor.py:840} INFO - DAG(s) 'latest_only_with_trigger' retrieved from /home/airflow/.local/lib/python3.12/site-packages/airflow/example_dags/example_latest_only_with_trigger.py
[2026-01-14T08:01:18.166+0000] {logging_mixin.py:188} INFO - [2026-01-14T08:01:18.166+0000] {dag.py:3096} INFO - Sync 1 DAGs
[2026-01-14T08:01:18.199+0000] {logging_mixin.py:188} INFO - [2026-01-14T08:01:18.198+0000] {dag.py:3954} INFO - Setting next_dagrun for latest_only_with_trigger to 2026-01-14 04:00:00+00:00, run_after=2026-01-14 08:00:00+00:00
[2026-01-14T08:01:18.229+0000] {processor.py:183} INFO - Processing /home/airflow/.local/lib/python3.12/site-packages/airflow/example_dags/example_latest_only_with_trigger.py took 0.121 seconds
[2026-01-14T08:01:48.571+0000] {processor.py:161} INFO - Started process (PID=1875) to work on /home/airflow/.local/lib/python3.12/site-packages/airflow/example_dags/example_latest_only_with_trigger.py
[2026-01-14T08:01:48.572+0000] {processor.py:830} INFO - Processing file /home/airflow/.local/lib/python3.12/site-packages/airflow/example_dags/example_latest_only_with_trigger.py for tasks to queue
[2026-01-14T08:01:48.576+0000] {logging_mixin.py:188} INFO - [2026-01-14T08:01:48.575+0000] {dagbag.py:545} INFO - Filling up the DagBag from /home/airflow/.local/lib/python3.12/site-packages/airflow/example_dags/example_latest_only_with_trigger.py
[2026-01-14T08:01:48.583+0000] {processor.py:840} INFO - DAG(s) 'latest_only_with_trigger' retrieved from /home/airflow/.local/lib/python3.12/site-packages/airflow/example_dags/example_latest_only_with_trigger.py
[2026-01-14T08:01:48.620+0000] {logging_mixin.py:188} INFO - [2026-01-14T08:01:48.619+0000] {dag.py:3096} INFO - Sync 1 DAGs
[2026-01-14T08:01:48.653+0000] {logging_mixin.py:188} INFO - [2026-01-14T08:01:48.653+0000] {dag.py:3954} INFO - Setting next_dagrun for latest_only_with_trigger to 2026-01-14 04:00:00+00:00, run_after=2026-01-14 08:00:00+00:00
[2026-01-14T08:01:48.685+0000] {processor.py:183} INFO - Processing /home/airflow/.local/lib/python3.12/site-packages/airflow/example_dags/example_latest_only_with_trigger.py took 0.123 seconds
[2026-01-14T08:02:18.995+0000] {processor.py:161} INFO - Started process (PID=2139) to work on /home/airflow/.local/lib/python3.12/site-packages/airflow/example_dags/example_latest_only_with_trigger.py
[2026-01-14T08:02:18.997+0000] {processor.py:830} INFO - Processing file /home/airflow/.local/lib/python3.12/site-packages/airflow/example_dags/example_latest_only_with_trigger.py for tasks to queue
[2026-01-14T08:02:18.999+0000] {logging_mixin.py:188} INFO - [2026-01-14T08:02:18.999+0000] {dagbag.py:545} INFO - Filling up the DagBag from /home/airflow/.local/lib/python3.12/site-packages/airflow/example_dags/example_latest_only_with_trigger.py
[2026-01-14T08:02:19.008+0000] {processor.py:840} INFO - DAG(s) 'latest_only_with_trigger' retrieved from /home/airflow/.local/lib/python3.12/site-packages/airflow/example_dags/example_latest_only_with_trigger.py
[2026-01-14T08:02:19.044+0000] {logging_mixin.py:188} INFO - [2026-01-14T08:02:19.043+0000] {dag.py:3096} INFO - Sync 1 DAGs
[2026-01-14T08:02:19.077+0000] {logging_mixin.py:188} INFO - [2026-01-14T08:02:19.077+0000] {dag.py:3954} INFO - Setting next_dagrun for latest_only_with_trigger to 2026-01-14 04:00:00+00:00, run_after=2026-01-14 08:00:00+00:00
[2026-01-14T08:02:19.108+0000] {processor.py:183} INFO - Processing /home/airflow/.local/lib/python3.12/site-packages/airflow/example_dags/example_latest_only_with_trigger.py took 0.122 seconds
[2026-01-14T08:02:49.212+0000] {processor.py:161} INFO - Started process (PID=2398) to work on /home/airflow/.local/lib/python3.12/site-packages/airflow/example_dags/example_latest_only_with_trigger.py
[2026-01-14T08:02:49.213+0000] {processor.py:830} INFO - Processing file /home/airflow/.local/lib/python3.12/site-packages/airflow/example_dags/example_latest_only_with_trigger.py for tasks to queue
[2026-01-14T08:02:49.216+0000] {logging_mixin.py:188} INFO - [2026-01-14T08:02:49.215+0000] {dagbag.py:545} INFO - Filling up the DagBag from /home/airflow/.local/lib/python3.12/site-packages/airflow/example_dags/example_latest_only_with_trigger.py
[2026-01-14T08:02:49.224+0000] {processor.py:840} INFO - DAG(s) 'latest_only_with_trigger' retrieved from /home/airflow/.local/lib/python3.12/site-packages/airflow/example_dags/example_latest_only_with_trigger.py
[2026-01-14T08:02:49.261+0000] {logging_mixin.py:188} INFO - [2026-01-14T08:02:49.260+0000] {dag.py:3096} INFO - Sync 1 DAGs
[2026-01-14T08:02:49.303+0000] {logging_mixin.py:188} INFO - [2026-01-14T08:02:49.303+0000] {dag.py:3954} INFO - Setting next_dagrun for latest_only_with_trigger to 2026-01-14 04:00:00+00:00, run_after=2026-01-14 08:00:00+00:00
[2026-01-14T08:02:49.335+0000] {processor.py:183} INFO - Processing /home/airflow/.local/lib/python3.12/site-packages/airflow/example_dags/example_latest_only_with_trigger.py took 0.131 seconds
[2026-01-14T08:03:19.715+0000] {processor.py:161} INFO - Started process (PID=2662) to work on /home/airflow/.local/lib/python3.12/site-packages/airflow/example_dags/example_latest_only_with_trigger.py
[2026-01-14T08:03:19.717+0000] {processor.py:830} INFO - Processing file /home/airflow/.local/lib/python3.12/site-packages/airflow/example_dags/example_latest_only_with_trigger.py for tasks to queue
[2026-01-14T08:03:19.719+0000] {logging_mixin.py:188} INFO - [2026-01-14T08:03:19.719+0000] {dagbag.py:545} INFO - Filling up the DagBag from /home/airflow/.local/lib/python3.12/site-packages/airflow/example_dags/example_latest_only_with_trigger.py
[2026-01-14T08:03:19.727+0000] {processor.py:840} INFO - DAG(s) 'latest_only_with_trigger' retrieved from /home/airflow/.local/lib/python3.12/site-packages/airflow/example_dags/example_latest_only_with_trigger.py
[2026-01-14T08:03:19.764+0000] {logging_mixin.py:188} INFO - [2026-01-14T08:03:19.764+0000] {dag.py:3096} INFO - Sync 1 DAGs
[2026-01-14T08:03:19.799+0000] {logging_mixin.py:188} INFO - [2026-01-14T08:03:19.799+0000] {dag.py:3954} INFO - Setting next_dagrun for latest_only_with_trigger to 2026-01-14 04:00:00+00:00, run_after=2026-01-14 08:00:00+00:00
[2026-01-14T08:03:19.829+0000] {processor.py:183} INFO - Processing /home/airflow/.local/lib/python3.12/site-packages/airflow/example_dags/example_latest_only_with_trigger.py took 0.121 seconds
[2026-01-14T08:03:49.935+0000] {processor.py:161} INFO - Started process (PID=2947) to work on /home/airflow/.local/lib/python3.12/site-packages/airflow/example_dags/example_latest_only_with_trigger.py
[2026-01-14T08:03:49.937+0000] {processor.py:830} INFO - Processing file /home/airflow/.local/lib/python3.12/site-packages/airflow/example_dags/example_latest_only_with_trigger.py for tasks to queue
[2026-01-14T08:03:49.939+0000] {logging_mixin.py:188} INFO - [2026-01-14T08:03:49.939+0000] {dagbag.py:545} INFO - Filling up the DagBag from /home/airflow/.local/lib/python3.12/site-packages/airflow/example_dags/example_latest_only_with_trigger.py
[2026-01-14T08:03:49.947+0000] {processor.py:840} INFO - DAG(s) 'latest_only_with_trigger' retrieved from /home/airflow/.local/lib/python3.12/site-packages/airflow/example_dags/example_latest_only_with_trigger.py
[2026-01-14T08:03:49.988+0000] {logging_mixin.py:188} INFO - [2026-01-14T08:03:49.987+0000] {dag.py:3096} INFO - Sync 1 DAGs
[2026-01-14T08:03:50.021+0000] {logging_mixin.py:188} INFO - [2026-01-14T08:03:50.021+0000] {dag.py:3954} INFO - Setting next_dagrun for latest_only_with_trigger to 2026-01-14 04:00:00+00:00, run_after=2026-01-14 08:00:00+00:00
[2026-01-14T08:03:50.054+0000] {processor.py:183} INFO - Processing /home/airflow/.local/lib/python3.12/site-packages/airflow/example_dags/example_latest_only_with_trigger.py took 0.127 seconds
[2026-01-14T08:04:20.683+0000] {processor.py:161} INFO - Started process (PID=3213) to work on /home/airflow/.local/lib/python3.12/site-packages/airflow/example_dags/example_latest_only_with_trigger.py
[2026-01-14T08:04:20.685+0000] {processor.py:830} INFO - Processing file /home/airflow/.local/lib/python3.12/site-packages/airflow/example_dags/example_latest_only_with_trigger.py for tasks to queue
[2026-01-14T08:04:20.687+0000] {logging_mixin.py:188} INFO - [2026-01-14T08:04:20.687+0000] {dagbag.py:545} INFO - Filling up the DagBag from /home/airflow/.local/lib/python3.12/site-packages/airflow/example_dags/example_latest_only_with_trigger.py
[2026-01-14T08:04:20.696+0000] {processor.py:840} INFO - DAG(s) 'latest_only_with_trigger' retrieved from /home/airflow/.local/lib/python3.12/site-packages/airflow/example_dags/example_latest_only_with_trigger.py
[2026-01-14T08:04:20.733+0000] {logging_mixin.py:188} INFO - [2026-01-14T08:04:20.733+0000] {dag.py:3096} INFO - Sync 1 DAGs
[2026-01-14T08:04:20.766+0000] {logging_mixin.py:188} INFO - [2026-01-14T08:04:20.766+0000] {dag.py:3954} INFO - Setting next_dagrun for latest_only_with_trigger to 2026-01-14 04:00:00+00:00, run_after=2026-01-14 08:00:00+00:00
[2026-01-14T08:04:20.799+0000] {processor.py:183} INFO - Processing /home/airflow/.local/lib/python3.12/site-packages/airflow/example_dags/example_latest_only_with_trigger.py took 0.124 seconds
[2026-01-14T08:04:50.878+0000] {processor.py:161} INFO - Started process (PID=3474) to work on /home/airflow/.local/lib/python3.12/site-packages/airflow/example_dags/example_latest_only_with_trigger.py
[2026-01-14T08:04:50.879+0000] {processor.py:830} INFO - Processing file /home/airflow/.local/lib/python3.12/site-packages/airflow/example_dags/example_latest_only_with_trigger.py for tasks to queue
[2026-01-14T08:04:50.881+0000] {logging_mixin.py:188} INFO - [2026-01-14T08:04:50.881+0000] {dagbag.py:545} INFO - Filling up the DagBag from /home/airflow/.local/lib/python3.12/site-packages/airflow/example_dags/example_latest_only_with_trigger.py
[2026-01-14T08:04:50.890+0000] {processor.py:840} INFO - DAG(s) 'latest_only_with_trigger' retrieved from /home/airflow/.local/lib/python3.12/site-packages/airflow/example_dags/example_latest_only_with_trigger.py
[2026-01-14T08:04:50.921+0000] {logging_mixin.py:188} INFO - [2026-01-14T08:04:50.920+0000] {dag.py:3096} INFO - Sync 1 DAGs
[2026-01-14T08:04:50.944+0000] {logging_mixin.py:188} INFO - [2026-01-14T08:04:50.944+0000] {dag.py:3954} INFO - Setting next_dagrun for latest_only_with_trigger to 2026-01-14 04:00:00+00:00, run_after=2026-01-14 08:00:00+00:00
[2026-01-14T08:04:50.966+0000] {processor.py:183} INFO - Processing /home/airflow/.local/lib/python3.12/site-packages/airflow/example_dags/example_latest_only_with_trigger.py took 0.094 seconds
[2026-01-14T08:06:45.807+0000] {processor.py:161} INFO - Started process (PID=3728) to work on /home/airflow/.local/lib/python3.12/site-packages/airflow/example_dags/example_latest_only_with_trigger.py
[2026-01-14T08:06:45.808+0000] {processor.py:830} INFO - Processing file /home/airflow/.local/lib/python3.12/site-packages/airflow/example_dags/example_latest_only_with_trigger.py for tasks to queue
[2026-01-14T08:06:45.811+0000] {logging_mixin.py:188} INFO - [2026-01-14T08:06:45.811+0000] {dagbag.py:545} INFO - Filling up the DagBag from /home/airflow/.local/lib/python3.12/site-packages/airflow/example_dags/example_latest_only_with_trigger.py
[2026-01-14T08:06:45.821+0000] {processor.py:840} INFO - DAG(s) 'latest_only_with_trigger' retrieved from /home/airflow/.local/lib/python3.12/site-packages/airflow/example_dags/example_latest_only_with_trigger.py
[2026-01-14T08:06:45.870+0000] {logging_mixin.py:188} INFO - [2026-01-14T08:06:45.869+0000] {dag.py:3096} INFO - Sync 1 DAGs
[2026-01-14T08:06:45.912+0000] {logging_mixin.py:188} INFO - [2026-01-14T08:06:45.912+0000] {dag.py:3954} INFO - Setting next_dagrun for latest_only_with_trigger to 2026-01-14 04:00:00+00:00, run_after=2026-01-14 08:00:00+00:00
[2026-01-14T08:06:45.947+0000] {processor.py:183} INFO - Processing /home/airflow/.local/lib/python3.12/site-packages/airflow/example_dags/example_latest_only_with_trigger.py took 0.151 seconds
[2026-01-14T08:07:16.925+0000] {processor.py:161} INFO - Started process (PID=3991) to work on /home/airflow/.local/lib/python3.12/site-packages/airflow/example_dags/example_latest_only_with_trigger.py
[2026-01-14T08:07:16.926+0000] {processor.py:830} INFO - Processing file /home/airflow/.local/lib/python3.12/site-packages/airflow/example_dags/example_latest_only_with_trigger.py for tasks to queue
[2026-01-14T08:07:16.928+0000] {logging_mixin.py:188} INFO - [2026-01-14T08:07:16.928+0000] {dagbag.py:545} INFO - Filling up the DagBag from /home/airflow/.local/lib/python3.12/site-packages/airflow/example_dags/example_latest_only_with_trigger.py
[2026-01-14T08:07:16.935+0000] {processor.py:840} INFO - DAG(s) 'latest_only_with_trigger' retrieved from /home/airflow/.local/lib/python3.12/site-packages/airflow/example_dags/example_latest_only_with_trigger.py
[2026-01-14T08:07:16.961+0000] {logging_mixin.py:188} INFO - [2026-01-14T08:07:16.961+0000] {dag.py:3096} INFO - Sync 1 DAGs
[2026-01-14T08:07:16.987+0000] {logging_mixin.py:188} INFO - [2026-01-14T08:07:16.986+0000] {dag.py:3954} INFO - Setting next_dagrun for latest_only_with_trigger to 2026-01-14 04:00:00+00:00, run_after=2026-01-14 08:00:00+00:00
[2026-01-14T08:07:17.008+0000] {processor.py:183} INFO - Processing /home/airflow/.local/lib/python3.12/site-packages/airflow/example_dags/example_latest_only_with_trigger.py took 0.091 seconds
[2026-01-14T08:07:47.767+0000] {processor.py:161} INFO - Started process (PID=4252) to work on /home/airflow/.local/lib/python3.12/site-packages/airflow/example_dags/example_latest_only_with_trigger.py
[2026-01-14T08:07:47.768+0000] {processor.py:830} INFO - Processing file /home/airflow/.local/lib/python3.12/site-packages/airflow/example_dags/example_latest_only_with_trigger.py for tasks to queue
[2026-01-14T08:07:47.771+0000] {logging_mixin.py:188} INFO - [2026-01-14T08:07:47.770+0000] {dagbag.py:545} INFO - Filling up the DagBag from /home/airflow/.local/lib/python3.12/site-packages/airflow/example_dags/example_latest_only_with_trigger.py
[2026-01-14T08:07:47.778+0000] {processor.py:840} INFO - DAG(s) 'latest_only_with_trigger' retrieved from /home/airflow/.local/lib/python3.12/site-packages/airflow/example_dags/example_latest_only_with_trigger.py
[2026-01-14T08:07:47.816+0000] {logging_mixin.py:188} INFO - [2026-01-14T08:07:47.815+0000] {dag.py:3096} INFO - Sync 1 DAGs
[2026-01-14T08:07:47.852+0000] {logging_mixin.py:188} INFO - [2026-01-14T08:07:47.852+0000] {dag.py:3954} INFO - Setting next_dagrun for latest_only_with_trigger to 2026-01-14 04:00:00+00:00, run_after=2026-01-14 08:00:00+00:00
[2026-01-14T08:07:47.879+0000] {processor.py:183} INFO - Processing /home/airflow/.local/lib/python3.12/site-packages/airflow/example_dags/example_latest_only_with_trigger.py took 0.120 seconds
[2026-01-14T08:08:18.594+0000] {processor.py:161} INFO - Started process (PID=4513) to work on /home/airflow/.local/lib/python3.12/site-packages/airflow/example_dags/example_latest_only_with_trigger.py
[2026-01-14T08:08:18.595+0000] {processor.py:830} INFO - Processing file /home/airflow/.local/lib/python3.12/site-packages/airflow/example_dags/example_latest_only_with_trigger.py for tasks to queue
[2026-01-14T08:08:18.598+0000] {logging_mixin.py:188} INFO - [2026-01-14T08:08:18.597+0000] {dagbag.py:545} INFO - Filling up the DagBag from /home/airflow/.local/lib/python3.12/site-packages/airflow/example_dags/example_latest_only_with_trigger.py
[2026-01-14T08:08:18.607+0000] {processor.py:840} INFO - DAG(s) 'latest_only_with_trigger' retrieved from /home/airflow/.local/lib/python3.12/site-packages/airflow/example_dags/example_latest_only_with_trigger.py
[2026-01-14T08:08:18.641+0000] {logging_mixin.py:188} INFO - [2026-01-14T08:08:18.641+0000] {dag.py:3096} INFO - Sync 1 DAGs
[2026-01-14T08:08:18.676+0000] {logging_mixin.py:188} INFO - [2026-01-14T08:08:18.676+0000] {dag.py:3954} INFO - Setting next_dagrun for latest_only_with_trigger to 2026-01-14 04:00:00+00:00, run_after=2026-01-14 08:00:00+00:00
[2026-01-14T08:08:18.706+0000] {processor.py:183} INFO - Processing /home/airflow/.local/lib/python3.12/site-packages/airflow/example_dags/example_latest_only_with_trigger.py took 0.123 seconds
[2026-01-14T08:08:49.067+0000] {processor.py:161} INFO - Started process (PID=4774) to work on /home/airflow/.local/lib/python3.12/site-packages/airflow/example_dags/example_latest_only_with_trigger.py
[2026-01-14T08:08:49.069+0000] {processor.py:830} INFO - Processing file /home/airflow/.local/lib/python3.12/site-packages/airflow/example_dags/example_latest_only_with_trigger.py for tasks to queue
[2026-01-14T08:08:49.072+0000] {logging_mixin.py:188} INFO - [2026-01-14T08:08:49.072+0000] {dagbag.py:545} INFO - Filling up the DagBag from /home/airflow/.local/lib/python3.12/site-packages/airflow/example_dags/example_latest_only_with_trigger.py
[2026-01-14T08:08:49.082+0000] {processor.py:840} INFO - DAG(s) 'latest_only_with_trigger' retrieved from /home/airflow/.local/lib/python3.12/site-packages/airflow/example_dags/example_latest_only_with_trigger.py
[2026-01-14T08:08:49.122+0000] {logging_mixin.py:188} INFO - [2026-01-14T08:08:49.121+0000] {dag.py:3096} INFO - Sync 1 DAGs
[2026-01-14T08:08:49.162+0000] {logging_mixin.py:188} INFO - [2026-01-14T08:08:49.162+0000] {dag.py:3954} INFO - Setting next_dagrun for latest_only_with_trigger to 2026-01-14 04:00:00+00:00, run_after=2026-01-14 08:00:00+00:00
[2026-01-14T08:08:49.193+0000] {processor.py:183} INFO - Processing /home/airflow/.local/lib/python3.12/site-packages/airflow/example_dags/example_latest_only_with_trigger.py took 0.135 seconds
[2026-01-14T08:09:19.489+0000] {processor.py:161} INFO - Started process (PID=5035) to work on /home/airflow/.local/lib/python3.12/site-packages/airflow/example_dags/example_latest_only_with_trigger.py
[2026-01-14T08:09:19.490+0000] {processor.py:830} INFO - Processing file /home/airflow/.local/lib/python3.12/site-packages/airflow/example_dags/example_latest_only_with_trigger.py for tasks to queue
[2026-01-14T08:09:19.493+0000] {logging_mixin.py:188} INFO - [2026-01-14T08:09:19.492+0000] {dagbag.py:545} INFO - Filling up the DagBag from /home/airflow/.local/lib/python3.12/site-packages/airflow/example_dags/example_latest_only_with_trigger.py
[2026-01-14T08:09:19.499+0000] {processor.py:840} INFO - DAG(s) 'latest_only_with_trigger' retrieved from /home/airflow/.local/lib/python3.12/site-packages/airflow/example_dags/example_latest_only_with_trigger.py
[2026-01-14T08:09:19.529+0000] {logging_mixin.py:188} INFO - [2026-01-14T08:09:19.528+0000] {dag.py:3096} INFO - Sync 1 DAGs
[2026-01-14T08:09:19.554+0000] {logging_mixin.py:188} INFO - [2026-01-14T08:09:19.554+0000] {dag.py:3954} INFO - Setting next_dagrun for latest_only_with_trigger to 2026-01-14 04:00:00+00:00, run_after=2026-01-14 08:00:00+00:00
[2026-01-14T08:09:19.579+0000] {processor.py:183} INFO - Processing /home/airflow/.local/lib/python3.12/site-packages/airflow/example_dags/example_latest_only_with_trigger.py took 0.096 seconds
[2026-01-14T08:09:50.036+0000] {processor.py:161} INFO - Started process (PID=5296) to work on /home/airflow/.local/lib/python3.12/site-packages/airflow/example_dags/example_latest_only_with_trigger.py
[2026-01-14T08:09:50.037+0000] {processor.py:830} INFO - Processing file /home/airflow/.local/lib/python3.12/site-packages/airflow/example_dags/example_latest_only_with_trigger.py for tasks to queue
[2026-01-14T08:09:50.039+0000] {logging_mixin.py:188} INFO - [2026-01-14T08:09:50.038+0000] {dagbag.py:545} INFO - Filling up the DagBag from /home/airflow/.local/lib/python3.12/site-packages/airflow/example_dags/example_latest_only_with_trigger.py
[2026-01-14T08:09:50.045+0000] {processor.py:840} INFO - DAG(s) 'latest_only_with_trigger' retrieved from /home/airflow/.local/lib/python3.12/site-packages/airflow/example_dags/example_latest_only_with_trigger.py
[2026-01-14T08:09:50.077+0000] {logging_mixin.py:188} INFO - [2026-01-14T08:09:50.077+0000] {dag.py:3096} INFO - Sync 1 DAGs
[2026-01-14T08:09:50.103+0000] {logging_mixin.py:188} INFO - [2026-01-14T08:09:50.103+0000] {dag.py:3954} INFO - Setting next_dagrun for latest_only_with_trigger to 2026-01-14 04:00:00+00:00, run_after=2026-01-14 08:00:00+00:00
[2026-01-14T08:09:50.125+0000] {processor.py:183} INFO - Processing /home/airflow/.local/lib/python3.12/site-packages/airflow/example_dags/example_latest_only_with_trigger.py took 0.096 seconds
[2026-01-14T08:10:20.306+0000] {processor.py:161} INFO - Started process (PID=5557) to work on /home/airflow/.local/lib/python3.12/site-packages/airflow/example_dags/example_latest_only_with_trigger.py
[2026-01-14T08:10:20.307+0000] {processor.py:830} INFO - Processing file /home/airflow/.local/lib/python3.12/site-packages/airflow/example_dags/example_latest_only_with_trigger.py for tasks to queue
[2026-01-14T08:10:20.309+0000] {logging_mixin.py:188} INFO - [2026-01-14T08:10:20.309+0000] {dagbag.py:545} INFO - Filling up the DagBag from /home/airflow/.local/lib/python3.12/site-packages/airflow/example_dags/example_latest_only_with_trigger.py
[2026-01-14T08:10:20.316+0000] {processor.py:840} INFO - DAG(s) 'latest_only_with_trigger' retrieved from /home/airflow/.local/lib/python3.12/site-packages/airflow/example_dags/example_latest_only_with_trigger.py
[2026-01-14T08:10:20.343+0000] {logging_mixin.py:188} INFO - [2026-01-14T08:10:20.343+0000] {dag.py:3096} INFO - Sync 1 DAGs
[2026-01-14T08:10:20.368+0000] {logging_mixin.py:188} INFO - [2026-01-14T08:10:20.368+0000] {dag.py:3954} INFO - Setting next_dagrun for latest_only_with_trigger to 2026-01-14 04:00:00+00:00, run_after=2026-01-14 08:00:00+00:00
[2026-01-14T08:10:20.392+0000] {processor.py:183} INFO - Processing /home/airflow/.local/lib/python3.12/site-packages/airflow/example_dags/example_latest_only_with_trigger.py took 0.093 seconds
[2026-01-14T08:10:50.567+0000] {processor.py:161} INFO - Started process (PID=5818) to work on /home/airflow/.local/lib/python3.12/site-packages/airflow/example_dags/example_latest_only_with_trigger.py
[2026-01-14T08:10:50.568+0000] {processor.py:830} INFO - Processing file /home/airflow/.local/lib/python3.12/site-packages/airflow/example_dags/example_latest_only_with_trigger.py for tasks to queue
[2026-01-14T08:10:50.570+0000] {logging_mixin.py:188} INFO - [2026-01-14T08:10:50.570+0000] {dagbag.py:545} INFO - Filling up the DagBag from /home/airflow/.local/lib/python3.12/site-packages/airflow/example_dags/example_latest_only_with_trigger.py
[2026-01-14T08:10:50.576+0000] {processor.py:840} INFO - DAG(s) 'latest_only_with_trigger' retrieved from /home/airflow/.local/lib/python3.12/site-packages/airflow/example_dags/example_latest_only_with_trigger.py
[2026-01-14T08:10:50.604+0000] {logging_mixin.py:188} INFO - [2026-01-14T08:10:50.604+0000] {dag.py:3096} INFO - Sync 1 DAGs
[2026-01-14T08:10:50.632+0000] {logging_mixin.py:188} INFO - [2026-01-14T08:10:50.631+0000] {dag.py:3954} INFO - Setting next_dagrun for latest_only_with_trigger to 2026-01-14 04:00:00+00:00, run_after=2026-01-14 08:00:00+00:00
[2026-01-14T08:10:50.656+0000] {processor.py:183} INFO - Processing /home/airflow/.local/lib/python3.12/site-packages/airflow/example_dags/example_latest_only_with_trigger.py took 0.095 seconds
[2026-01-14T08:11:21.100+0000] {processor.py:161} INFO - Started process (PID=6079) to work on /home/airflow/.local/lib/python3.12/site-packages/airflow/example_dags/example_latest_only_with_trigger.py
[2026-01-14T08:11:21.101+0000] {processor.py:830} INFO - Processing file /home/airflow/.local/lib/python3.12/site-packages/airflow/example_dags/example_latest_only_with_trigger.py for tasks to queue
[2026-01-14T08:11:21.104+0000] {logging_mixin.py:188} INFO - [2026-01-14T08:11:21.103+0000] {dagbag.py:545} INFO - Filling up the DagBag from /home/airflow/.local/lib/python3.12/site-packages/airflow/example_dags/example_latest_only_with_trigger.py
[2026-01-14T08:11:21.110+0000] {processor.py:840} INFO - DAG(s) 'latest_only_with_trigger' retrieved from /home/airflow/.local/lib/python3.12/site-packages/airflow/example_dags/example_latest_only_with_trigger.py
[2026-01-14T08:11:21.141+0000] {logging_mixin.py:188} INFO - [2026-01-14T08:11:21.141+0000] {dag.py:3096} INFO - Sync 1 DAGs
[2026-01-14T08:11:21.168+0000] {logging_mixin.py:188} INFO - [2026-01-14T08:11:21.167+0000] {dag.py:3954} INFO - Setting next_dagrun for latest_only_with_trigger to 2026-01-14 04:00:00+00:00, run_after=2026-01-14 08:00:00+00:00
[2026-01-14T08:11:21.191+0000] {processor.py:183} INFO - Processing /home/airflow/.local/lib/python3.12/site-packages/airflow/example_dags/example_latest_only_with_trigger.py took 0.098 seconds
[2026-01-14T08:11:51.355+0000] {processor.py:161} INFO - Started process (PID=6340) to work on /home/airflow/.local/lib/python3.12/site-packages/airflow/example_dags/example_latest_only_with_trigger.py
[2026-01-14T08:11:51.356+0000] {processor.py:830} INFO - Processing file /home/airflow/.local/lib/python3.12/site-packages/airflow/example_dags/example_latest_only_with_trigger.py for tasks to queue
[2026-01-14T08:11:51.357+0000] {logging_mixin.py:188} INFO - [2026-01-14T08:11:51.357+0000] {dagbag.py:545} INFO - Filling up the DagBag from /home/airflow/.local/lib/python3.12/site-packages/airflow/example_dags/example_latest_only_with_trigger.py
[2026-01-14T08:11:51.364+0000] {processor.py:840} INFO - DAG(s) 'latest_only_with_trigger' retrieved from /home/airflow/.local/lib/python3.12/site-packages/airflow/example_dags/example_latest_only_with_trigger.py
[2026-01-14T08:11:51.390+0000] {logging_mixin.py:188} INFO - [2026-01-14T08:11:51.390+0000] {dag.py:3096} INFO - Sync 1 DAGs
[2026-01-14T08:11:51.414+0000] {logging_mixin.py:188} INFO - [2026-01-14T08:11:51.414+0000] {dag.py:3954} INFO - Setting next_dagrun for latest_only_with_trigger to 2026-01-14 04:00:00+00:00, run_after=2026-01-14 08:00:00+00:00
[2026-01-14T08:11:51.436+0000] {processor.py:183} INFO - Processing /home/airflow/.local/lib/python3.12/site-packages/airflow/example_dags/example_latest_only_with_trigger.py took 0.088 seconds
[2026-01-14T08:12:22.125+0000] {processor.py:161} INFO - Started process (PID=6601) to work on /home/airflow/.local/lib/python3.12/site-packages/airflow/example_dags/example_latest_only_with_trigger.py
[2026-01-14T08:12:22.126+0000] {processor.py:830} INFO - Processing file /home/airflow/.local/lib/python3.12/site-packages/airflow/example_dags/example_latest_only_with_trigger.py for tasks to queue
[2026-01-14T08:12:22.129+0000] {logging_mixin.py:188} INFO - [2026-01-14T08:12:22.129+0000] {dagbag.py:545} INFO - Filling up the DagBag from /home/airflow/.local/lib/python3.12/site-packages/airflow/example_dags/example_latest_only_with_trigger.py
[2026-01-14T08:12:22.137+0000] {processor.py:840} INFO - DAG(s) 'latest_only_with_trigger' retrieved from /home/airflow/.local/lib/python3.12/site-packages/airflow/example_dags/example_latest_only_with_trigger.py
[2026-01-14T08:12:22.172+0000] {logging_mixin.py:188} INFO - [2026-01-14T08:12:22.171+0000] {dag.py:3096} INFO - Sync 1 DAGs
[2026-01-14T08:12:22.207+0000] {logging_mixin.py:188} INFO - [2026-01-14T08:12:22.207+0000] {dag.py:3954} INFO - Setting next_dagrun for latest_only_with_trigger to 2026-01-14 04:00:00+00:00, run_after=2026-01-14 08:00:00+00:00
[2026-01-14T08:12:22.231+0000] {processor.py:183} INFO - Processing /home/airflow/.local/lib/python3.12/site-packages/airflow/example_dags/example_latest_only_with_trigger.py took 0.112 seconds
[2026-01-14T08:12:53.084+0000] {processor.py:161} INFO - Started process (PID=6862) to work on /home/airflow/.local/lib/python3.12/site-packages/airflow/example_dags/example_latest_only_with_trigger.py
[2026-01-14T08:12:53.085+0000] {processor.py:830} INFO - Processing file /home/airflow/.local/lib/python3.12/site-packages/airflow/example_dags/example_latest_only_with_trigger.py for tasks to queue
[2026-01-14T08:12:53.087+0000] {logging_mixin.py:188} INFO - [2026-01-14T08:12:53.087+0000] {dagbag.py:545} INFO - Filling up the DagBag from /home/airflow/.local/lib/python3.12/site-packages/airflow/example_dags/example_latest_only_with_trigger.py
[2026-01-14T08:12:53.095+0000] {processor.py:840} INFO - DAG(s) 'latest_only_with_trigger' retrieved from /home/airflow/.local/lib/python3.12/site-packages/airflow/example_dags/example_latest_only_with_trigger.py
[2026-01-14T08:12:53.121+0000] {logging_mixin.py:188} INFO - [2026-01-14T08:12:53.121+0000] {dag.py:3096} INFO - Sync 1 DAGs
[2026-01-14T08:12:53.145+0000] {logging_mixin.py:188} INFO - [2026-01-14T08:12:53.145+0000] {dag.py:3954} INFO - Setting next_dagrun for latest_only_with_trigger to 2026-01-14 04:00:00+00:00, run_after=2026-01-14 08:00:00+00:00
[2026-01-14T08:12:53.167+0000] {processor.py:183} INFO - Processing /home/airflow/.local/lib/python3.12/site-packages/airflow/example_dags/example_latest_only_with_trigger.py took 0.088 seconds
[2026-01-14T08:13:23.537+0000] {processor.py:161} INFO - Started process (PID=7123) to work on /home/airflow/.local/lib/python3.12/site-packages/airflow/example_dags/example_latest_only_with_trigger.py
[2026-01-14T08:13:23.538+0000] {processor.py:830} INFO - Processing file /home/airflow/.local/lib/python3.12/site-packages/airflow/example_dags/example_latest_only_with_trigger.py for tasks to queue
[2026-01-14T08:13:23.540+0000] {logging_mixin.py:188} INFO - [2026-01-14T08:13:23.540+0000] {dagbag.py:545} INFO - Filling up the DagBag from /home/airflow/.local/lib/python3.12/site-packages/airflow/example_dags/example_latest_only_with_trigger.py
[2026-01-14T08:13:23.547+0000] {processor.py:840} INFO - DAG(s) 'latest_only_with_trigger' retrieved from /home/airflow/.local/lib/python3.12/site-packages/airflow/example_dags/example_latest_only_with_trigger.py
[2026-01-14T08:13:23.579+0000] {logging_mixin.py:188} INFO - [2026-01-14T08:13:23.579+0000] {dag.py:3096} INFO - Sync 1 DAGs
[2026-01-14T08:13:23.607+0000] {logging_mixin.py:188} INFO - [2026-01-14T08:13:23.607+0000] {dag.py:3954} INFO - Setting next_dagrun for latest_only_with_trigger to 2026-01-14 04:00:00+00:00, run_after=2026-01-14 08:00:00+00:00
[2026-01-14T08:13:23.629+0000] {processor.py:183} INFO - Processing /home/airflow/.local/lib/python3.12/site-packages/airflow/example_dags/example_latest_only_with_trigger.py took 0.100 seconds
[2026-01-14T09:27:37.492+0000] {processor.py:161} INFO - Started process (PID=7382) to work on /home/airflow/.local/lib/python3.12/site-packages/airflow/example_dags/example_latest_only_with_trigger.py
[2026-01-14T09:27:37.494+0000] {processor.py:830} INFO - Processing file /home/airflow/.local/lib/python3.12/site-packages/airflow/example_dags/example_latest_only_with_trigger.py for tasks to queue
[2026-01-14T09:27:37.499+0000] {logging_mixin.py:188} INFO - [2026-01-14T09:27:37.498+0000] {dagbag.py:545} INFO - Filling up the DagBag from /home/airflow/.local/lib/python3.12/site-packages/airflow/example_dags/example_latest_only_with_trigger.py
[2026-01-14T09:27:37.526+0000] {processor.py:840} INFO - DAG(s) 'latest_only_with_trigger' retrieved from /home/airflow/.local/lib/python3.12/site-packages/airflow/example_dags/example_latest_only_with_trigger.py
[2026-01-14T09:27:37.622+0000] {logging_mixin.py:188} INFO - [2026-01-14T09:27:37.621+0000] {dag.py:3096} INFO - Sync 1 DAGs
[2026-01-14T09:27:37.731+0000] {logging_mixin.py:188} INFO - [2026-01-14T09:27:37.730+0000] {dag.py:3954} INFO - Setting next_dagrun for latest_only_with_trigger to 2026-01-14 04:00:00+00:00, run_after=2026-01-14 08:00:00+00:00
[2026-01-14T09:27:37.812+0000] {processor.py:183} INFO - Processing /home/airflow/.local/lib/python3.12/site-packages/airflow/example_dags/example_latest_only_with_trigger.py took 0.346 seconds
[2026-01-14T09:28:08.107+0000] {processor.py:161} INFO - Started process (PID=7645) to work on /home/airflow/.local/lib/python3.12/site-packages/airflow/example_dags/example_latest_only_with_trigger.py
[2026-01-14T09:28:08.108+0000] {processor.py:830} INFO - Processing file /home/airflow/.local/lib/python3.12/site-packages/airflow/example_dags/example_latest_only_with_trigger.py for tasks to queue
[2026-01-14T09:28:08.110+0000] {logging_mixin.py:188} INFO - [2026-01-14T09:28:08.110+0000] {dagbag.py:545} INFO - Filling up the DagBag from /home/airflow/.local/lib/python3.12/site-packages/airflow/example_dags/example_latest_only_with_trigger.py
[2026-01-14T09:28:08.116+0000] {processor.py:840} INFO - DAG(s) 'latest_only_with_trigger' retrieved from /home/airflow/.local/lib/python3.12/site-packages/airflow/example_dags/example_latest_only_with_trigger.py
[2026-01-14T09:28:08.145+0000] {logging_mixin.py:188} INFO - [2026-01-14T09:28:08.145+0000] {dag.py:3096} INFO - Sync 1 DAGs
[2026-01-14T09:28:08.176+0000] {logging_mixin.py:188} INFO - [2026-01-14T09:28:08.175+0000] {dag.py:3954} INFO - Setting next_dagrun for latest_only_with_trigger to 2026-01-14 04:00:00+00:00, run_after=2026-01-14 08:00:00+00:00
[2026-01-14T09:28:08.201+0000] {processor.py:183} INFO - Processing /home/airflow/.local/lib/python3.12/site-packages/airflow/example_dags/example_latest_only_with_trigger.py took 0.100 seconds
[2026-01-14T09:28:38.808+0000] {processor.py:161} INFO - Started process (PID=7900) to work on /home/airflow/.local/lib/python3.12/site-packages/airflow/example_dags/example_latest_only_with_trigger.py
[2026-01-14T09:28:38.809+0000] {processor.py:830} INFO - Processing file /home/airflow/.local/lib/python3.12/site-packages/airflow/example_dags/example_latest_only_with_trigger.py for tasks to queue
[2026-01-14T09:28:38.811+0000] {logging_mixin.py:188} INFO - [2026-01-14T09:28:38.810+0000] {dagbag.py:545} INFO - Filling up the DagBag from /home/airflow/.local/lib/python3.12/site-packages/airflow/example_dags/example_latest_only_with_trigger.py
[2026-01-14T09:28:38.817+0000] {processor.py:840} INFO - DAG(s) 'latest_only_with_trigger' retrieved from /home/airflow/.local/lib/python3.12/site-packages/airflow/example_dags/example_latest_only_with_trigger.py
[2026-01-14T09:28:38.843+0000] {logging_mixin.py:188} INFO - [2026-01-14T09:28:38.843+0000] {dag.py:3096} INFO - Sync 1 DAGs
[2026-01-14T09:28:38.872+0000] {logging_mixin.py:188} INFO - [2026-01-14T09:28:38.872+0000] {dag.py:3954} INFO - Setting next_dagrun for latest_only_with_trigger to 2026-01-14 04:00:00+00:00, run_after=2026-01-14 08:00:00+00:00
[2026-01-14T09:28:38.895+0000] {processor.py:183} INFO - Processing /home/airflow/.local/lib/python3.12/site-packages/airflow/example_dags/example_latest_only_with_trigger.py took 0.093 seconds
[2026-01-14T09:29:09.398+0000] {processor.py:161} INFO - Started process (PID=8161) to work on /home/airflow/.local/lib/python3.12/site-packages/airflow/example_dags/example_latest_only_with_trigger.py
[2026-01-14T09:29:09.399+0000] {processor.py:830} INFO - Processing file /home/airflow/.local/lib/python3.12/site-packages/airflow/example_dags/example_latest_only_with_trigger.py for tasks to queue
[2026-01-14T09:29:09.401+0000] {logging_mixin.py:188} INFO - [2026-01-14T09:29:09.401+0000] {dagbag.py:545} INFO - Filling up the DagBag from /home/airflow/.local/lib/python3.12/site-packages/airflow/example_dags/example_latest_only_with_trigger.py
[2026-01-14T09:29:09.407+0000] {processor.py:840} INFO - DAG(s) 'latest_only_with_trigger' retrieved from /home/airflow/.local/lib/python3.12/site-packages/airflow/example_dags/example_latest_only_with_trigger.py
[2026-01-14T09:29:09.433+0000] {logging_mixin.py:188} INFO - [2026-01-14T09:29:09.432+0000] {dag.py:3096} INFO - Sync 1 DAGs
[2026-01-14T09:29:09.458+0000] {logging_mixin.py:188} INFO - [2026-01-14T09:29:09.457+0000] {dag.py:3954} INFO - Setting next_dagrun for latest_only_with_trigger to 2026-01-14 04:00:00+00:00, run_after=2026-01-14 08:00:00+00:00
[2026-01-14T09:29:09.479+0000] {processor.py:183} INFO - Processing /home/airflow/.local/lib/python3.12/site-packages/airflow/example_dags/example_latest_only_with_trigger.py took 0.088 seconds
[2026-01-14T09:29:39.902+0000] {processor.py:161} INFO - Started process (PID=8422) to work on /home/airflow/.local/lib/python3.12/site-packages/airflow/example_dags/example_latest_only_with_trigger.py
[2026-01-14T09:29:39.904+0000] {processor.py:830} INFO - Processing file /home/airflow/.local/lib/python3.12/site-packages/airflow/example_dags/example_latest_only_with_trigger.py for tasks to queue
[2026-01-14T09:29:39.906+0000] {logging_mixin.py:188} INFO - [2026-01-14T09:29:39.906+0000] {dagbag.py:545} INFO - Filling up the DagBag from /home/airflow/.local/lib/python3.12/site-packages/airflow/example_dags/example_latest_only_with_trigger.py
[2026-01-14T09:29:39.913+0000] {processor.py:840} INFO - DAG(s) 'latest_only_with_trigger' retrieved from /home/airflow/.local/lib/python3.12/site-packages/airflow/example_dags/example_latest_only_with_trigger.py
[2026-01-14T09:29:39.939+0000] {logging_mixin.py:188} INFO - [2026-01-14T09:29:39.939+0000] {dag.py:3096} INFO - Sync 1 DAGs
[2026-01-14T09:29:39.965+0000] {logging_mixin.py:188} INFO - [2026-01-14T09:29:39.965+0000] {dag.py:3954} INFO - Setting next_dagrun for latest_only_with_trigger to 2026-01-14 04:00:00+00:00, run_after=2026-01-14 08:00:00+00:00
[2026-01-14T09:29:39.997+0000] {processor.py:183} INFO - Processing /home/airflow/.local/lib/python3.12/site-packages/airflow/example_dags/example_latest_only_with_trigger.py took 0.101 seconds
[2026-01-14T09:30:10.485+0000] {processor.py:161} INFO - Started process (PID=8683) to work on /home/airflow/.local/lib/python3.12/site-packages/airflow/example_dags/example_latest_only_with_trigger.py
[2026-01-14T09:30:10.487+0000] {processor.py:830} INFO - Processing file /home/airflow/.local/lib/python3.12/site-packages/airflow/example_dags/example_latest_only_with_trigger.py for tasks to queue
[2026-01-14T09:30:10.490+0000] {logging_mixin.py:188} INFO - [2026-01-14T09:30:10.489+0000] {dagbag.py:545} INFO - Filling up the DagBag from /home/airflow/.local/lib/python3.12/site-packages/airflow/example_dags/example_latest_only_with_trigger.py
[2026-01-14T09:30:10.498+0000] {processor.py:840} INFO - DAG(s) 'latest_only_with_trigger' retrieved from /home/airflow/.local/lib/python3.12/site-packages/airflow/example_dags/example_latest_only_with_trigger.py
[2026-01-14T09:30:10.537+0000] {logging_mixin.py:188} INFO - [2026-01-14T09:30:10.536+0000] {dag.py:3096} INFO - Sync 1 DAGs
[2026-01-14T09:30:10.571+0000] {logging_mixin.py:188} INFO - [2026-01-14T09:30:10.570+0000] {dag.py:3954} INFO - Setting next_dagrun for latest_only_with_trigger to 2026-01-14 04:00:00+00:00, run_after=2026-01-14 08:00:00+00:00
[2026-01-14T09:30:10.600+0000] {processor.py:183} INFO - Processing /home/airflow/.local/lib/python3.12/site-packages/airflow/example_dags/example_latest_only_with_trigger.py took 0.125 seconds
[2026-01-14T09:30:41.269+0000] {processor.py:161} INFO - Started process (PID=8944) to work on /home/airflow/.local/lib/python3.12/site-packages/airflow/example_dags/example_latest_only_with_trigger.py
[2026-01-14T09:30:41.271+0000] {processor.py:830} INFO - Processing file /home/airflow/.local/lib/python3.12/site-packages/airflow/example_dags/example_latest_only_with_trigger.py for tasks to queue
[2026-01-14T09:30:41.274+0000] {logging_mixin.py:188} INFO - [2026-01-14T09:30:41.273+0000] {dagbag.py:545} INFO - Filling up the DagBag from /home/airflow/.local/lib/python3.12/site-packages/airflow/example_dags/example_latest_only_with_trigger.py
[2026-01-14T09:30:41.283+0000] {processor.py:840} INFO - DAG(s) 'latest_only_with_trigger' retrieved from /home/airflow/.local/lib/python3.12/site-packages/airflow/example_dags/example_latest_only_with_trigger.py
[2026-01-14T09:30:41.323+0000] {logging_mixin.py:188} INFO - [2026-01-14T09:30:41.322+0000] {dag.py:3096} INFO - Sync 1 DAGs
[2026-01-14T09:30:41.386+0000] {logging_mixin.py:188} INFO - [2026-01-14T09:30:41.385+0000] {dag.py:3954} INFO - Setting next_dagrun for latest_only_with_trigger to 2026-01-14 04:00:00+00:00, run_after=2026-01-14 08:00:00+00:00
[2026-01-14T09:30:41.425+0000] {processor.py:183} INFO - Processing /home/airflow/.local/lib/python3.12/site-packages/airflow/example_dags/example_latest_only_with_trigger.py took 0.164 seconds
[2026-01-14T09:31:24.395+0000] {processor.py:161} INFO - Started process (PID=9205) to work on /home/airflow/.local/lib/python3.12/site-packages/airflow/example_dags/example_latest_only_with_trigger.py
[2026-01-14T09:31:24.397+0000] {processor.py:830} INFO - Processing file /home/airflow/.local/lib/python3.12/site-packages/airflow/example_dags/example_latest_only_with_trigger.py for tasks to queue
[2026-01-14T09:31:24.400+0000] {logging_mixin.py:188} INFO - [2026-01-14T09:31:24.399+0000] {dagbag.py:545} INFO - Filling up the DagBag from /home/airflow/.local/lib/python3.12/site-packages/airflow/example_dags/example_latest_only_with_trigger.py
[2026-01-14T09:31:24.408+0000] {processor.py:840} INFO - DAG(s) 'latest_only_with_trigger' retrieved from /home/airflow/.local/lib/python3.12/site-packages/airflow/example_dags/example_latest_only_with_trigger.py
[2026-01-14T09:31:24.443+0000] {logging_mixin.py:188} INFO - [2026-01-14T09:31:24.443+0000] {dag.py:3096} INFO - Sync 1 DAGs
[2026-01-14T09:31:24.475+0000] {logging_mixin.py:188} INFO - [2026-01-14T09:31:24.474+0000] {dag.py:3954} INFO - Setting next_dagrun for latest_only_with_trigger to 2026-01-14 04:00:00+00:00, run_after=2026-01-14 08:00:00+00:00
[2026-01-14T09:31:24.505+0000] {processor.py:183} INFO - Processing /home/airflow/.local/lib/python3.12/site-packages/airflow/example_dags/example_latest_only_with_trigger.py took 0.117 seconds
[2026-01-14T09:31:55.055+0000] {processor.py:161} INFO - Started process (PID=9466) to work on /home/airflow/.local/lib/python3.12/site-packages/airflow/example_dags/example_latest_only_with_trigger.py
[2026-01-14T09:31:55.057+0000] {processor.py:830} INFO - Processing file /home/airflow/.local/lib/python3.12/site-packages/airflow/example_dags/example_latest_only_with_trigger.py for tasks to queue
[2026-01-14T09:31:55.059+0000] {logging_mixin.py:188} INFO - [2026-01-14T09:31:55.059+0000] {dagbag.py:545} INFO - Filling up the DagBag from /home/airflow/.local/lib/python3.12/site-packages/airflow/example_dags/example_latest_only_with_trigger.py
[2026-01-14T09:31:55.068+0000] {processor.py:840} INFO - DAG(s) 'latest_only_with_trigger' retrieved from /home/airflow/.local/lib/python3.12/site-packages/airflow/example_dags/example_latest_only_with_trigger.py
[2026-01-14T09:31:55.103+0000] {logging_mixin.py:188} INFO - [2026-01-14T09:31:55.103+0000] {dag.py:3096} INFO - Sync 1 DAGs
[2026-01-14T09:31:55.134+0000] {logging_mixin.py:188} INFO - [2026-01-14T09:31:55.134+0000] {dag.py:3954} INFO - Setting next_dagrun for latest_only_with_trigger to 2026-01-14 04:00:00+00:00, run_after=2026-01-14 08:00:00+00:00
[2026-01-14T09:31:55.162+0000] {processor.py:183} INFO - Processing /home/airflow/.local/lib/python3.12/site-packages/airflow/example_dags/example_latest_only_with_trigger.py took 0.116 seconds
[2026-01-14T09:32:26.019+0000] {processor.py:161} INFO - Started process (PID=9725) to work on /home/airflow/.local/lib/python3.12/site-packages/airflow/example_dags/example_latest_only_with_trigger.py
[2026-01-14T09:32:26.020+0000] {processor.py:830} INFO - Processing file /home/airflow/.local/lib/python3.12/site-packages/airflow/example_dags/example_latest_only_with_trigger.py for tasks to queue
[2026-01-14T09:32:26.024+0000] {logging_mixin.py:188} INFO - [2026-01-14T09:32:26.023+0000] {dagbag.py:545} INFO - Filling up the DagBag from /home/airflow/.local/lib/python3.12/site-packages/airflow/example_dags/example_latest_only_with_trigger.py
[2026-01-14T09:32:26.032+0000] {processor.py:840} INFO - DAG(s) 'latest_only_with_trigger' retrieved from /home/airflow/.local/lib/python3.12/site-packages/airflow/example_dags/example_latest_only_with_trigger.py
[2026-01-14T09:32:26.070+0000] {logging_mixin.py:188} INFO - [2026-01-14T09:32:26.069+0000] {dag.py:3096} INFO - Sync 1 DAGs
[2026-01-14T09:32:26.106+0000] {logging_mixin.py:188} INFO - [2026-01-14T09:32:26.105+0000] {dag.py:3954} INFO - Setting next_dagrun for latest_only_with_trigger to 2026-01-14 04:00:00+00:00, run_after=2026-01-14 08:00:00+00:00
[2026-01-14T09:32:26.134+0000] {processor.py:183} INFO - Processing /home/airflow/.local/lib/python3.12/site-packages/airflow/example_dags/example_latest_only_with_trigger.py took 0.123 seconds
[2026-01-14T09:32:57.307+0000] {processor.py:161} INFO - Started process (PID=9988) to work on /home/airflow/.local/lib/python3.12/site-packages/airflow/example_dags/example_latest_only_with_trigger.py
[2026-01-14T09:32:57.309+0000] {processor.py:830} INFO - Processing file /home/airflow/.local/lib/python3.12/site-packages/airflow/example_dags/example_latest_only_with_trigger.py for tasks to queue
[2026-01-14T09:32:57.311+0000] {logging_mixin.py:188} INFO - [2026-01-14T09:32:57.311+0000] {dagbag.py:545} INFO - Filling up the DagBag from /home/airflow/.local/lib/python3.12/site-packages/airflow/example_dags/example_latest_only_with_trigger.py
[2026-01-14T09:32:57.320+0000] {processor.py:840} INFO - DAG(s) 'latest_only_with_trigger' retrieved from /home/airflow/.local/lib/python3.12/site-packages/airflow/example_dags/example_latest_only_with_trigger.py
[2026-01-14T09:32:57.523+0000] {logging_mixin.py:188} INFO - [2026-01-14T09:32:57.522+0000] {dag.py:3096} INFO - Sync 1 DAGs
[2026-01-14T09:32:57.550+0000] {logging_mixin.py:188} INFO - [2026-01-14T09:32:57.550+0000] {dag.py:3954} INFO - Setting next_dagrun for latest_only_with_trigger to 2026-01-14 04:00:00+00:00, run_after=2026-01-14 08:00:00+00:00
[2026-01-14T09:32:57.578+0000] {processor.py:183} INFO - Processing /home/airflow/.local/lib/python3.12/site-packages/airflow/example_dags/example_latest_only_with_trigger.py took 0.280 seconds
[2026-01-14T09:33:28.303+0000] {processor.py:161} INFO - Started process (PID=10249) to work on /home/airflow/.local/lib/python3.12/site-packages/airflow/example_dags/example_latest_only_with_trigger.py
[2026-01-14T09:33:28.305+0000] {processor.py:830} INFO - Processing file /home/airflow/.local/lib/python3.12/site-packages/airflow/example_dags/example_latest_only_with_trigger.py for tasks to queue
[2026-01-14T09:33:28.308+0000] {logging_mixin.py:188} INFO - [2026-01-14T09:33:28.307+0000] {dagbag.py:545} INFO - Filling up the DagBag from /home/airflow/.local/lib/python3.12/site-packages/airflow/example_dags/example_latest_only_with_trigger.py
[2026-01-14T09:33:28.316+0000] {processor.py:840} INFO - DAG(s) 'latest_only_with_trigger' retrieved from /home/airflow/.local/lib/python3.12/site-packages/airflow/example_dags/example_latest_only_with_trigger.py
[2026-01-14T09:33:28.355+0000] {logging_mixin.py:188} INFO - [2026-01-14T09:33:28.354+0000] {dag.py:3096} INFO - Sync 1 DAGs
[2026-01-14T09:33:28.391+0000] {logging_mixin.py:188} INFO - [2026-01-14T09:33:28.390+0000] {dag.py:3954} INFO - Setting next_dagrun for latest_only_with_trigger to 2026-01-14 04:00:00+00:00, run_after=2026-01-14 08:00:00+00:00
[2026-01-14T09:33:28.424+0000] {processor.py:183} INFO - Processing /home/airflow/.local/lib/python3.12/site-packages/airflow/example_dags/example_latest_only_with_trigger.py took 0.130 seconds
[2026-01-14T09:33:59.050+0000] {processor.py:161} INFO - Started process (PID=10510) to work on /home/airflow/.local/lib/python3.12/site-packages/airflow/example_dags/example_latest_only_with_trigger.py
[2026-01-14T09:33:59.052+0000] {processor.py:830} INFO - Processing file /home/airflow/.local/lib/python3.12/site-packages/airflow/example_dags/example_latest_only_with_trigger.py for tasks to queue
[2026-01-14T09:33:59.055+0000] {logging_mixin.py:188} INFO - [2026-01-14T09:33:59.055+0000] {dagbag.py:545} INFO - Filling up the DagBag from /home/airflow/.local/lib/python3.12/site-packages/airflow/example_dags/example_latest_only_with_trigger.py
[2026-01-14T09:33:59.065+0000] {processor.py:840} INFO - DAG(s) 'latest_only_with_trigger' retrieved from /home/airflow/.local/lib/python3.12/site-packages/airflow/example_dags/example_latest_only_with_trigger.py
[2026-01-14T09:33:59.105+0000] {logging_mixin.py:188} INFO - [2026-01-14T09:33:59.104+0000] {dag.py:3096} INFO - Sync 1 DAGs
[2026-01-14T09:33:59.143+0000] {logging_mixin.py:188} INFO - [2026-01-14T09:33:59.143+0000] {dag.py:3954} INFO - Setting next_dagrun for latest_only_with_trigger to 2026-01-14 04:00:00+00:00, run_after=2026-01-14 08:00:00+00:00
[2026-01-14T09:33:59.175+0000] {processor.py:183} INFO - Processing /home/airflow/.local/lib/python3.12/site-packages/airflow/example_dags/example_latest_only_with_trigger.py took 0.135 seconds
[2026-01-14T09:34:29.552+0000] {processor.py:161} INFO - Started process (PID=10771) to work on /home/airflow/.local/lib/python3.12/site-packages/airflow/example_dags/example_latest_only_with_trigger.py
[2026-01-14T09:34:29.554+0000] {processor.py:830} INFO - Processing file /home/airflow/.local/lib/python3.12/site-packages/airflow/example_dags/example_latest_only_with_trigger.py for tasks to queue
[2026-01-14T09:34:29.558+0000] {logging_mixin.py:188} INFO - [2026-01-14T09:34:29.557+0000] {dagbag.py:545} INFO - Filling up the DagBag from /home/airflow/.local/lib/python3.12/site-packages/airflow/example_dags/example_latest_only_with_trigger.py
[2026-01-14T09:34:29.567+0000] {processor.py:840} INFO - DAG(s) 'latest_only_with_trigger' retrieved from /home/airflow/.local/lib/python3.12/site-packages/airflow/example_dags/example_latest_only_with_trigger.py
[2026-01-14T09:34:29.605+0000] {logging_mixin.py:188} INFO - [2026-01-14T09:34:29.604+0000] {dag.py:3096} INFO - Sync 1 DAGs
[2026-01-14T09:34:29.643+0000] {logging_mixin.py:188} INFO - [2026-01-14T09:34:29.643+0000] {dag.py:3954} INFO - Setting next_dagrun for latest_only_with_trigger to 2026-01-14 04:00:00+00:00, run_after=2026-01-14 08:00:00+00:00
[2026-01-14T09:34:29.672+0000] {processor.py:183} INFO - Processing /home/airflow/.local/lib/python3.12/site-packages/airflow/example_dags/example_latest_only_with_trigger.py took 0.129 seconds
[2026-01-14T09:35:00.168+0000] {processor.py:161} INFO - Started process (PID=11032) to work on /home/airflow/.local/lib/python3.12/site-packages/airflow/example_dags/example_latest_only_with_trigger.py
[2026-01-14T09:35:00.170+0000] {processor.py:830} INFO - Processing file /home/airflow/.local/lib/python3.12/site-packages/airflow/example_dags/example_latest_only_with_trigger.py for tasks to queue
[2026-01-14T09:35:00.172+0000] {logging_mixin.py:188} INFO - [2026-01-14T09:35:00.172+0000] {dagbag.py:545} INFO - Filling up the DagBag from /home/airflow/.local/lib/python3.12/site-packages/airflow/example_dags/example_latest_only_with_trigger.py
[2026-01-14T09:35:00.179+0000] {processor.py:840} INFO - DAG(s) 'latest_only_with_trigger' retrieved from /home/airflow/.local/lib/python3.12/site-packages/airflow/example_dags/example_latest_only_with_trigger.py
[2026-01-14T09:35:00.214+0000] {logging_mixin.py:188} INFO - [2026-01-14T09:35:00.213+0000] {dag.py:3096} INFO - Sync 1 DAGs
[2026-01-14T09:35:00.248+0000] {logging_mixin.py:188} INFO - [2026-01-14T09:35:00.248+0000] {dag.py:3954} INFO - Setting next_dagrun for latest_only_with_trigger to 2026-01-14 04:00:00+00:00, run_after=2026-01-14 08:00:00+00:00
[2026-01-14T09:35:00.275+0000] {processor.py:183} INFO - Processing /home/airflow/.local/lib/python3.12/site-packages/airflow/example_dags/example_latest_only_with_trigger.py took 0.116 seconds
[2026-01-14T10:03:20.027+0000] {processor.py:161} INFO - Started process (PID=11293) to work on /home/airflow/.local/lib/python3.12/site-packages/airflow/example_dags/example_latest_only_with_trigger.py
[2026-01-14T10:03:20.029+0000] {processor.py:830} INFO - Processing file /home/airflow/.local/lib/python3.12/site-packages/airflow/example_dags/example_latest_only_with_trigger.py for tasks to queue
[2026-01-14T10:03:20.031+0000] {logging_mixin.py:188} INFO - [2026-01-14T10:03:20.031+0000] {dagbag.py:545} INFO - Filling up the DagBag from /home/airflow/.local/lib/python3.12/site-packages/airflow/example_dags/example_latest_only_with_trigger.py
[2026-01-14T10:03:20.040+0000] {processor.py:840} INFO - DAG(s) 'latest_only_with_trigger' retrieved from /home/airflow/.local/lib/python3.12/site-packages/airflow/example_dags/example_latest_only_with_trigger.py
[2026-01-14T10:03:20.078+0000] {logging_mixin.py:188} INFO - [2026-01-14T10:03:20.078+0000] {dag.py:3096} INFO - Sync 1 DAGs
[2026-01-14T10:03:20.116+0000] {logging_mixin.py:188} INFO - [2026-01-14T10:03:20.115+0000] {dag.py:3954} INFO - Setting next_dagrun for latest_only_with_trigger to 2026-01-14 04:00:00+00:00, run_after=2026-01-14 08:00:00+00:00
[2026-01-14T10:03:20.155+0000] {processor.py:183} INFO - Processing /home/airflow/.local/lib/python3.12/site-packages/airflow/example_dags/example_latest_only_with_trigger.py took 0.137 seconds
[2026-01-14T10:03:50.550+0000] {processor.py:161} INFO - Started process (PID=11552) to work on /home/airflow/.local/lib/python3.12/site-packages/airflow/example_dags/example_latest_only_with_trigger.py
[2026-01-14T10:03:50.552+0000] {processor.py:830} INFO - Processing file /home/airflow/.local/lib/python3.12/site-packages/airflow/example_dags/example_latest_only_with_trigger.py for tasks to queue
[2026-01-14T10:03:50.558+0000] {logging_mixin.py:188} INFO - [2026-01-14T10:03:50.557+0000] {dagbag.py:545} INFO - Filling up the DagBag from /home/airflow/.local/lib/python3.12/site-packages/airflow/example_dags/example_latest_only_with_trigger.py
[2026-01-14T10:03:50.568+0000] {processor.py:840} INFO - DAG(s) 'latest_only_with_trigger' retrieved from /home/airflow/.local/lib/python3.12/site-packages/airflow/example_dags/example_latest_only_with_trigger.py
[2026-01-14T10:03:50.607+0000] {logging_mixin.py:188} INFO - [2026-01-14T10:03:50.607+0000] {dag.py:3096} INFO - Sync 1 DAGs
[2026-01-14T10:03:50.640+0000] {logging_mixin.py:188} INFO - [2026-01-14T10:03:50.640+0000] {dag.py:3954} INFO - Setting next_dagrun for latest_only_with_trigger to 2026-01-14 04:00:00+00:00, run_after=2026-01-14 08:00:00+00:00
[2026-01-14T10:03:50.671+0000] {processor.py:183} INFO - Processing /home/airflow/.local/lib/python3.12/site-packages/airflow/example_dags/example_latest_only_with_trigger.py took 0.130 seconds
[2026-01-14T10:04:21.135+0000] {processor.py:161} INFO - Started process (PID=11815) to work on /home/airflow/.local/lib/python3.12/site-packages/airflow/example_dags/example_latest_only_with_trigger.py
[2026-01-14T10:04:21.137+0000] {processor.py:830} INFO - Processing file /home/airflow/.local/lib/python3.12/site-packages/airflow/example_dags/example_latest_only_with_trigger.py for tasks to queue
[2026-01-14T10:04:21.139+0000] {logging_mixin.py:188} INFO - [2026-01-14T10:04:21.139+0000] {dagbag.py:545} INFO - Filling up the DagBag from /home/airflow/.local/lib/python3.12/site-packages/airflow/example_dags/example_latest_only_with_trigger.py
[2026-01-14T10:04:21.147+0000] {processor.py:840} INFO - DAG(s) 'latest_only_with_trigger' retrieved from /home/airflow/.local/lib/python3.12/site-packages/airflow/example_dags/example_latest_only_with_trigger.py
[2026-01-14T10:04:21.180+0000] {logging_mixin.py:188} INFO - [2026-01-14T10:04:21.179+0000] {dag.py:3096} INFO - Sync 1 DAGs
[2026-01-14T10:04:21.211+0000] {logging_mixin.py:188} INFO - [2026-01-14T10:04:21.211+0000] {dag.py:3954} INFO - Setting next_dagrun for latest_only_with_trigger to 2026-01-14 04:00:00+00:00, run_after=2026-01-14 08:00:00+00:00
[2026-01-14T10:04:21.243+0000] {processor.py:183} INFO - Processing /home/airflow/.local/lib/python3.12/site-packages/airflow/example_dags/example_latest_only_with_trigger.py took 0.115 seconds
[2026-01-14T10:04:51.566+0000] {processor.py:161} INFO - Started process (PID=12074) to work on /home/airflow/.local/lib/python3.12/site-packages/airflow/example_dags/example_latest_only_with_trigger.py
[2026-01-14T10:04:51.568+0000] {processor.py:830} INFO - Processing file /home/airflow/.local/lib/python3.12/site-packages/airflow/example_dags/example_latest_only_with_trigger.py for tasks to queue
[2026-01-14T10:04:51.570+0000] {logging_mixin.py:188} INFO - [2026-01-14T10:04:51.570+0000] {dagbag.py:545} INFO - Filling up the DagBag from /home/airflow/.local/lib/python3.12/site-packages/airflow/example_dags/example_latest_only_with_trigger.py
[2026-01-14T10:04:51.578+0000] {processor.py:840} INFO - DAG(s) 'latest_only_with_trigger' retrieved from /home/airflow/.local/lib/python3.12/site-packages/airflow/example_dags/example_latest_only_with_trigger.py
[2026-01-14T10:04:51.614+0000] {logging_mixin.py:188} INFO - [2026-01-14T10:04:51.614+0000] {dag.py:3096} INFO - Sync 1 DAGs
[2026-01-14T10:04:51.650+0000] {logging_mixin.py:188} INFO - [2026-01-14T10:04:51.649+0000] {dag.py:3954} INFO - Setting next_dagrun for latest_only_with_trigger to 2026-01-14 04:00:00+00:00, run_after=2026-01-14 08:00:00+00:00
[2026-01-14T10:04:51.677+0000] {processor.py:183} INFO - Processing /home/airflow/.local/lib/python3.12/site-packages/airflow/example_dags/example_latest_only_with_trigger.py took 0.120 seconds
[2026-01-14T10:05:22.196+0000] {processor.py:161} INFO - Started process (PID=12335) to work on /home/airflow/.local/lib/python3.12/site-packages/airflow/example_dags/example_latest_only_with_trigger.py
[2026-01-14T10:05:22.198+0000] {processor.py:830} INFO - Processing file /home/airflow/.local/lib/python3.12/site-packages/airflow/example_dags/example_latest_only_with_trigger.py for tasks to queue
[2026-01-14T10:05:22.201+0000] {logging_mixin.py:188} INFO - [2026-01-14T10:05:22.200+0000] {dagbag.py:545} INFO - Filling up the DagBag from /home/airflow/.local/lib/python3.12/site-packages/airflow/example_dags/example_latest_only_with_trigger.py
[2026-01-14T10:05:22.209+0000] {processor.py:840} INFO - DAG(s) 'latest_only_with_trigger' retrieved from /home/airflow/.local/lib/python3.12/site-packages/airflow/example_dags/example_latest_only_with_trigger.py
[2026-01-14T10:05:22.248+0000] {logging_mixin.py:188} INFO - [2026-01-14T10:05:22.248+0000] {dag.py:3096} INFO - Sync 1 DAGs
[2026-01-14T10:05:22.286+0000] {logging_mixin.py:188} INFO - [2026-01-14T10:05:22.285+0000] {dag.py:3954} INFO - Setting next_dagrun for latest_only_with_trigger to 2026-01-14 04:00:00+00:00, run_after=2026-01-14 08:00:00+00:00
[2026-01-14T10:05:22.318+0000] {processor.py:183} INFO - Processing /home/airflow/.local/lib/python3.12/site-packages/airflow/example_dags/example_latest_only_with_trigger.py took 0.131 seconds
[2026-01-14T10:05:53.023+0000] {processor.py:161} INFO - Started process (PID=12598) to work on /home/airflow/.local/lib/python3.12/site-packages/airflow/example_dags/example_latest_only_with_trigger.py
[2026-01-14T10:05:53.024+0000] {processor.py:830} INFO - Processing file /home/airflow/.local/lib/python3.12/site-packages/airflow/example_dags/example_latest_only_with_trigger.py for tasks to queue
[2026-01-14T10:05:53.027+0000] {logging_mixin.py:188} INFO - [2026-01-14T10:05:53.027+0000] {dagbag.py:545} INFO - Filling up the DagBag from /home/airflow/.local/lib/python3.12/site-packages/airflow/example_dags/example_latest_only_with_trigger.py
[2026-01-14T10:05:53.037+0000] {processor.py:840} INFO - DAG(s) 'latest_only_with_trigger' retrieved from /home/airflow/.local/lib/python3.12/site-packages/airflow/example_dags/example_latest_only_with_trigger.py
[2026-01-14T10:05:53.072+0000] {logging_mixin.py:188} INFO - [2026-01-14T10:05:53.072+0000] {dag.py:3096} INFO - Sync 1 DAGs
[2026-01-14T10:05:53.108+0000] {logging_mixin.py:188} INFO - [2026-01-14T10:05:53.108+0000] {dag.py:3954} INFO - Setting next_dagrun for latest_only_with_trigger to 2026-01-14 04:00:00+00:00, run_after=2026-01-14 08:00:00+00:00
[2026-01-14T10:05:53.138+0000] {processor.py:183} INFO - Processing /home/airflow/.local/lib/python3.12/site-packages/airflow/example_dags/example_latest_only_with_trigger.py took 0.124 seconds
[2026-01-14T10:06:23.636+0000] {processor.py:161} INFO - Started process (PID=12859) to work on /home/airflow/.local/lib/python3.12/site-packages/airflow/example_dags/example_latest_only_with_trigger.py
[2026-01-14T10:06:23.638+0000] {processor.py:830} INFO - Processing file /home/airflow/.local/lib/python3.12/site-packages/airflow/example_dags/example_latest_only_with_trigger.py for tasks to queue
[2026-01-14T10:06:23.641+0000] {logging_mixin.py:188} INFO - [2026-01-14T10:06:23.640+0000] {dagbag.py:545} INFO - Filling up the DagBag from /home/airflow/.local/lib/python3.12/site-packages/airflow/example_dags/example_latest_only_with_trigger.py
[2026-01-14T10:06:23.648+0000] {processor.py:840} INFO - DAG(s) 'latest_only_with_trigger' retrieved from /home/airflow/.local/lib/python3.12/site-packages/airflow/example_dags/example_latest_only_with_trigger.py
[2026-01-14T10:06:23.688+0000] {logging_mixin.py:188} INFO - [2026-01-14T10:06:23.687+0000] {dag.py:3096} INFO - Sync 1 DAGs
[2026-01-14T10:06:23.721+0000] {logging_mixin.py:188} INFO - [2026-01-14T10:06:23.721+0000] {dag.py:3954} INFO - Setting next_dagrun for latest_only_with_trigger to 2026-01-14 04:00:00+00:00, run_after=2026-01-14 08:00:00+00:00
[2026-01-14T10:06:23.751+0000] {processor.py:183} INFO - Processing /home/airflow/.local/lib/python3.12/site-packages/airflow/example_dags/example_latest_only_with_trigger.py took 0.124 seconds
[2026-01-14T10:06:54.291+0000] {processor.py:161} INFO - Started process (PID=13120) to work on /home/airflow/.local/lib/python3.12/site-packages/airflow/example_dags/example_latest_only_with_trigger.py
[2026-01-14T10:06:54.292+0000] {processor.py:830} INFO - Processing file /home/airflow/.local/lib/python3.12/site-packages/airflow/example_dags/example_latest_only_with_trigger.py for tasks to queue
[2026-01-14T10:06:54.296+0000] {logging_mixin.py:188} INFO - [2026-01-14T10:06:54.296+0000] {dagbag.py:545} INFO - Filling up the DagBag from /home/airflow/.local/lib/python3.12/site-packages/airflow/example_dags/example_latest_only_with_trigger.py
[2026-01-14T10:06:54.306+0000] {processor.py:840} INFO - DAG(s) 'latest_only_with_trigger' retrieved from /home/airflow/.local/lib/python3.12/site-packages/airflow/example_dags/example_latest_only_with_trigger.py
[2026-01-14T10:06:54.349+0000] {logging_mixin.py:188} INFO - [2026-01-14T10:06:54.349+0000] {dag.py:3096} INFO - Sync 1 DAGs
[2026-01-14T10:06:54.392+0000] {logging_mixin.py:188} INFO - [2026-01-14T10:06:54.391+0000] {dag.py:3954} INFO - Setting next_dagrun for latest_only_with_trigger to 2026-01-14 04:00:00+00:00, run_after=2026-01-14 08:00:00+00:00
[2026-01-14T10:06:54.440+0000] {processor.py:183} INFO - Processing /home/airflow/.local/lib/python3.12/site-packages/airflow/example_dags/example_latest_only_with_trigger.py took 0.160 seconds
[2026-01-14T10:07:24.854+0000] {processor.py:161} INFO - Started process (PID=13381) to work on /home/airflow/.local/lib/python3.12/site-packages/airflow/example_dags/example_latest_only_with_trigger.py
[2026-01-14T10:07:24.856+0000] {processor.py:830} INFO - Processing file /home/airflow/.local/lib/python3.12/site-packages/airflow/example_dags/example_latest_only_with_trigger.py for tasks to queue
[2026-01-14T10:07:24.859+0000] {logging_mixin.py:188} INFO - [2026-01-14T10:07:24.859+0000] {dagbag.py:545} INFO - Filling up the DagBag from /home/airflow/.local/lib/python3.12/site-packages/airflow/example_dags/example_latest_only_with_trigger.py
[2026-01-14T10:07:24.867+0000] {processor.py:840} INFO - DAG(s) 'latest_only_with_trigger' retrieved from /home/airflow/.local/lib/python3.12/site-packages/airflow/example_dags/example_latest_only_with_trigger.py
[2026-01-14T10:07:24.904+0000] {logging_mixin.py:188} INFO - [2026-01-14T10:07:24.904+0000] {dag.py:3096} INFO - Sync 1 DAGs
[2026-01-14T10:07:24.938+0000] {logging_mixin.py:188} INFO - [2026-01-14T10:07:24.938+0000] {dag.py:3954} INFO - Setting next_dagrun for latest_only_with_trigger to 2026-01-14 04:00:00+00:00, run_after=2026-01-14 08:00:00+00:00
[2026-01-14T10:07:24.972+0000] {processor.py:183} INFO - Processing /home/airflow/.local/lib/python3.12/site-packages/airflow/example_dags/example_latest_only_with_trigger.py took 0.127 seconds
[2026-01-14T10:07:55.163+0000] {processor.py:161} INFO - Started process (PID=13642) to work on /home/airflow/.local/lib/python3.12/site-packages/airflow/example_dags/example_latest_only_with_trigger.py
[2026-01-14T10:07:55.165+0000] {processor.py:830} INFO - Processing file /home/airflow/.local/lib/python3.12/site-packages/airflow/example_dags/example_latest_only_with_trigger.py for tasks to queue
[2026-01-14T10:07:55.169+0000] {logging_mixin.py:188} INFO - [2026-01-14T10:07:55.168+0000] {dagbag.py:545} INFO - Filling up the DagBag from /home/airflow/.local/lib/python3.12/site-packages/airflow/example_dags/example_latest_only_with_trigger.py
[2026-01-14T10:07:55.180+0000] {processor.py:840} INFO - DAG(s) 'latest_only_with_trigger' retrieved from /home/airflow/.local/lib/python3.12/site-packages/airflow/example_dags/example_latest_only_with_trigger.py
[2026-01-14T10:07:55.225+0000] {logging_mixin.py:188} INFO - [2026-01-14T10:07:55.224+0000] {dag.py:3096} INFO - Sync 1 DAGs
[2026-01-14T10:07:55.268+0000] {logging_mixin.py:188} INFO - [2026-01-14T10:07:55.268+0000] {dag.py:3954} INFO - Setting next_dagrun for latest_only_with_trigger to 2026-01-14 04:00:00+00:00, run_after=2026-01-14 08:00:00+00:00
[2026-01-14T10:07:55.305+0000] {processor.py:183} INFO - Processing /home/airflow/.local/lib/python3.12/site-packages/airflow/example_dags/example_latest_only_with_trigger.py took 0.153 seconds
[2026-01-14T10:08:25.922+0000] {processor.py:161} INFO - Started process (PID=13901) to work on /home/airflow/.local/lib/python3.12/site-packages/airflow/example_dags/example_latest_only_with_trigger.py
[2026-01-14T10:08:25.924+0000] {processor.py:830} INFO - Processing file /home/airflow/.local/lib/python3.12/site-packages/airflow/example_dags/example_latest_only_with_trigger.py for tasks to queue
[2026-01-14T10:08:25.926+0000] {logging_mixin.py:188} INFO - [2026-01-14T10:08:25.926+0000] {dagbag.py:545} INFO - Filling up the DagBag from /home/airflow/.local/lib/python3.12/site-packages/airflow/example_dags/example_latest_only_with_trigger.py
[2026-01-14T10:08:25.935+0000] {processor.py:840} INFO - DAG(s) 'latest_only_with_trigger' retrieved from /home/airflow/.local/lib/python3.12/site-packages/airflow/example_dags/example_latest_only_with_trigger.py
[2026-01-14T10:08:25.972+0000] {logging_mixin.py:188} INFO - [2026-01-14T10:08:25.972+0000] {dag.py:3096} INFO - Sync 1 DAGs
[2026-01-14T10:08:26.009+0000] {logging_mixin.py:188} INFO - [2026-01-14T10:08:26.008+0000] {dag.py:3954} INFO - Setting next_dagrun for latest_only_with_trigger to 2026-01-14 04:00:00+00:00, run_after=2026-01-14 08:00:00+00:00
[2026-01-14T10:08:26.037+0000] {processor.py:183} INFO - Processing /home/airflow/.local/lib/python3.12/site-packages/airflow/example_dags/example_latest_only_with_trigger.py took 0.124 seconds
[2026-01-14T10:08:56.635+0000] {processor.py:161} INFO - Started process (PID=14164) to work on /home/airflow/.local/lib/python3.12/site-packages/airflow/example_dags/example_latest_only_with_trigger.py
[2026-01-14T10:08:56.637+0000] {processor.py:830} INFO - Processing file /home/airflow/.local/lib/python3.12/site-packages/airflow/example_dags/example_latest_only_with_trigger.py for tasks to queue
[2026-01-14T10:08:56.640+0000] {logging_mixin.py:188} INFO - [2026-01-14T10:08:56.640+0000] {dagbag.py:545} INFO - Filling up the DagBag from /home/airflow/.local/lib/python3.12/site-packages/airflow/example_dags/example_latest_only_with_trigger.py
[2026-01-14T10:08:56.649+0000] {processor.py:840} INFO - DAG(s) 'latest_only_with_trigger' retrieved from /home/airflow/.local/lib/python3.12/site-packages/airflow/example_dags/example_latest_only_with_trigger.py
[2026-01-14T10:08:56.687+0000] {logging_mixin.py:188} INFO - [2026-01-14T10:08:56.687+0000] {dag.py:3096} INFO - Sync 1 DAGs
[2026-01-14T10:08:56.722+0000] {logging_mixin.py:188} INFO - [2026-01-14T10:08:56.722+0000] {dag.py:3954} INFO - Setting next_dagrun for latest_only_with_trigger to 2026-01-14 04:00:00+00:00, run_after=2026-01-14 08:00:00+00:00
[2026-01-14T10:08:56.756+0000] {processor.py:183} INFO - Processing /home/airflow/.local/lib/python3.12/site-packages/airflow/example_dags/example_latest_only_with_trigger.py took 0.131 seconds
[2026-01-14T10:09:27.114+0000] {processor.py:161} INFO - Started process (PID=14425) to work on /home/airflow/.local/lib/python3.12/site-packages/airflow/example_dags/example_latest_only_with_trigger.py
[2026-01-14T10:09:27.116+0000] {processor.py:830} INFO - Processing file /home/airflow/.local/lib/python3.12/site-packages/airflow/example_dags/example_latest_only_with_trigger.py for tasks to queue
[2026-01-14T10:09:27.119+0000] {logging_mixin.py:188} INFO - [2026-01-14T10:09:27.119+0000] {dagbag.py:545} INFO - Filling up the DagBag from /home/airflow/.local/lib/python3.12/site-packages/airflow/example_dags/example_latest_only_with_trigger.py
[2026-01-14T10:09:27.128+0000] {processor.py:840} INFO - DAG(s) 'latest_only_with_trigger' retrieved from /home/airflow/.local/lib/python3.12/site-packages/airflow/example_dags/example_latest_only_with_trigger.py
[2026-01-14T10:09:27.167+0000] {logging_mixin.py:188} INFO - [2026-01-14T10:09:27.166+0000] {dag.py:3096} INFO - Sync 1 DAGs
[2026-01-14T10:09:27.202+0000] {logging_mixin.py:188} INFO - [2026-01-14T10:09:27.201+0000] {dag.py:3954} INFO - Setting next_dagrun for latest_only_with_trigger to 2026-01-14 04:00:00+00:00, run_after=2026-01-14 08:00:00+00:00
[2026-01-14T10:09:27.233+0000] {processor.py:183} INFO - Processing /home/airflow/.local/lib/python3.12/site-packages/airflow/example_dags/example_latest_only_with_trigger.py took 0.128 seconds
[2026-01-14T10:09:57.499+0000] {processor.py:161} INFO - Started process (PID=14686) to work on /home/airflow/.local/lib/python3.12/site-packages/airflow/example_dags/example_latest_only_with_trigger.py
[2026-01-14T10:09:57.502+0000] {processor.py:830} INFO - Processing file /home/airflow/.local/lib/python3.12/site-packages/airflow/example_dags/example_latest_only_with_trigger.py for tasks to queue
[2026-01-14T10:09:57.504+0000] {logging_mixin.py:188} INFO - [2026-01-14T10:09:57.504+0000] {dagbag.py:545} INFO - Filling up the DagBag from /home/airflow/.local/lib/python3.12/site-packages/airflow/example_dags/example_latest_only_with_trigger.py
[2026-01-14T10:09:57.513+0000] {processor.py:840} INFO - DAG(s) 'latest_only_with_trigger' retrieved from /home/airflow/.local/lib/python3.12/site-packages/airflow/example_dags/example_latest_only_with_trigger.py
[2026-01-14T10:09:57.550+0000] {logging_mixin.py:188} INFO - [2026-01-14T10:09:57.550+0000] {dag.py:3096} INFO - Sync 1 DAGs
[2026-01-14T10:09:57.585+0000] {logging_mixin.py:188} INFO - [2026-01-14T10:09:57.585+0000] {dag.py:3954} INFO - Setting next_dagrun for latest_only_with_trigger to 2026-01-14 04:00:00+00:00, run_after=2026-01-14 08:00:00+00:00
[2026-01-14T10:09:57.617+0000] {processor.py:183} INFO - Processing /home/airflow/.local/lib/python3.12/site-packages/airflow/example_dags/example_latest_only_with_trigger.py took 0.127 seconds
[2026-01-14T10:10:27.973+0000] {processor.py:161} INFO - Started process (PID=14947) to work on /home/airflow/.local/lib/python3.12/site-packages/airflow/example_dags/example_latest_only_with_trigger.py
[2026-01-14T10:10:27.975+0000] {processor.py:830} INFO - Processing file /home/airflow/.local/lib/python3.12/site-packages/airflow/example_dags/example_latest_only_with_trigger.py for tasks to queue
[2026-01-14T10:10:27.978+0000] {logging_mixin.py:188} INFO - [2026-01-14T10:10:27.978+0000] {dagbag.py:545} INFO - Filling up the DagBag from /home/airflow/.local/lib/python3.12/site-packages/airflow/example_dags/example_latest_only_with_trigger.py
[2026-01-14T10:10:27.986+0000] {processor.py:840} INFO - DAG(s) 'latest_only_with_trigger' retrieved from /home/airflow/.local/lib/python3.12/site-packages/airflow/example_dags/example_latest_only_with_trigger.py
[2026-01-14T10:10:28.023+0000] {logging_mixin.py:188} INFO - [2026-01-14T10:10:28.023+0000] {dag.py:3096} INFO - Sync 1 DAGs
[2026-01-14T10:10:28.078+0000] {logging_mixin.py:188} INFO - [2026-01-14T10:10:28.077+0000] {dag.py:3954} INFO - Setting next_dagrun for latest_only_with_trigger to 2026-01-14 04:00:00+00:00, run_after=2026-01-14 08:00:00+00:00
[2026-01-14T10:10:28.183+0000] {processor.py:183} INFO - Processing /home/airflow/.local/lib/python3.12/site-packages/airflow/example_dags/example_latest_only_with_trigger.py took 0.219 seconds
[2026-01-14T10:30:01.256+0000] {processor.py:161} INFO - Started process (PID=15167) to work on /home/airflow/.local/lib/python3.12/site-packages/airflow/example_dags/example_latest_only_with_trigger.py
[2026-01-14T10:30:01.258+0000] {processor.py:830} INFO - Processing file /home/airflow/.local/lib/python3.12/site-packages/airflow/example_dags/example_latest_only_with_trigger.py for tasks to queue
[2026-01-14T10:30:01.260+0000] {logging_mixin.py:188} INFO - [2026-01-14T10:30:01.259+0000] {dagbag.py:545} INFO - Filling up the DagBag from /home/airflow/.local/lib/python3.12/site-packages/airflow/example_dags/example_latest_only_with_trigger.py
[2026-01-14T10:30:01.269+0000] {processor.py:840} INFO - DAG(s) 'latest_only_with_trigger' retrieved from /home/airflow/.local/lib/python3.12/site-packages/airflow/example_dags/example_latest_only_with_trigger.py
[2026-01-14T10:30:01.304+0000] {logging_mixin.py:188} INFO - [2026-01-14T10:30:01.304+0000] {dag.py:3096} INFO - Sync 1 DAGs
[2026-01-14T10:30:01.340+0000] {logging_mixin.py:188} INFO - [2026-01-14T10:30:01.340+0000] {dag.py:3954} INFO - Setting next_dagrun for latest_only_with_trigger to 2026-01-14 04:00:00+00:00, run_after=2026-01-14 08:00:00+00:00
[2026-01-14T10:30:01.369+0000] {processor.py:183} INFO - Processing /home/airflow/.local/lib/python3.12/site-packages/airflow/example_dags/example_latest_only_with_trigger.py took 0.122 seconds
