[2026-01-14T07:54:56.612+0000] {processor.py:161} INFO - Started process (PID=448) to work on /home/airflow/.local/lib/python3.12/site-packages/airflow/example_dags/example_python_decorator.py
[2026-01-14T07:54:56.614+0000] {processor.py:830} INFO - Processing file /home/airflow/.local/lib/python3.12/site-packages/airflow/example_dags/example_python_decorator.py for tasks to queue
[2026-01-14T07:54:56.617+0000] {logging_mixin.py:188} INFO - [2026-01-14T07:54:56.616+0000] {dagbag.py:545} INFO - Filling up the DagBag from /home/airflow/.local/lib/python3.12/site-packages/airflow/example_dags/example_python_decorator.py
[2026-01-14T07:54:56.638+0000] {processor.py:840} INFO - DAG(s) 'example_python_decorator' retrieved from /home/airflow/.local/lib/python3.12/site-packages/airflow/example_dags/example_python_decorator.py
[2026-01-14T07:54:56.794+0000] {logging_mixin.py:188} INFO - [2026-01-14T07:54:56.793+0000] {dag.py:3096} INFO - Sync 1 DAGs
[2026-01-14T07:54:56.814+0000] {logging_mixin.py:188} INFO - [2026-01-14T07:54:56.814+0000] {dag.py:3954} INFO - Setting next_dagrun for example_python_decorator to None, run_after=None
[2026-01-14T07:54:56.844+0000] {processor.py:183} INFO - Processing /home/airflow/.local/lib/python3.12/site-packages/airflow/example_dags/example_python_decorator.py took 0.239 seconds
[2026-01-14T07:55:27.497+0000] {processor.py:161} INFO - Started process (PID=750) to work on /home/airflow/.local/lib/python3.12/site-packages/airflow/example_dags/example_python_decorator.py
[2026-01-14T07:55:27.498+0000] {processor.py:830} INFO - Processing file /home/airflow/.local/lib/python3.12/site-packages/airflow/example_dags/example_python_decorator.py for tasks to queue
[2026-01-14T07:55:27.501+0000] {logging_mixin.py:188} INFO - [2026-01-14T07:55:27.501+0000] {dagbag.py:545} INFO - Filling up the DagBag from /home/airflow/.local/lib/python3.12/site-packages/airflow/example_dags/example_python_decorator.py
[2026-01-14T07:55:27.520+0000] {processor.py:840} INFO - DAG(s) 'example_python_decorator' retrieved from /home/airflow/.local/lib/python3.12/site-packages/airflow/example_dags/example_python_decorator.py
[2026-01-14T07:55:27.564+0000] {logging_mixin.py:188} INFO - [2026-01-14T07:55:27.564+0000] {dag.py:3096} INFO - Sync 1 DAGs
[2026-01-14T07:55:27.584+0000] {logging_mixin.py:188} INFO - [2026-01-14T07:55:27.584+0000] {dag.py:3954} INFO - Setting next_dagrun for example_python_decorator to None, run_after=None
[2026-01-14T07:55:27.622+0000] {processor.py:183} INFO - Processing /home/airflow/.local/lib/python3.12/site-packages/airflow/example_dags/example_python_decorator.py took 0.134 seconds
[2026-01-14T07:55:58.344+0000] {processor.py:161} INFO - Started process (PID=1029) to work on /home/airflow/.local/lib/python3.12/site-packages/airflow/example_dags/example_python_decorator.py
[2026-01-14T07:55:58.345+0000] {processor.py:830} INFO - Processing file /home/airflow/.local/lib/python3.12/site-packages/airflow/example_dags/example_python_decorator.py for tasks to queue
[2026-01-14T07:55:58.348+0000] {logging_mixin.py:188} INFO - [2026-01-14T07:55:58.347+0000] {dagbag.py:545} INFO - Filling up the DagBag from /home/airflow/.local/lib/python3.12/site-packages/airflow/example_dags/example_python_decorator.py
[2026-01-14T07:55:58.368+0000] {processor.py:840} INFO - DAG(s) 'example_python_decorator' retrieved from /home/airflow/.local/lib/python3.12/site-packages/airflow/example_dags/example_python_decorator.py
[2026-01-14T07:55:58.404+0000] {logging_mixin.py:188} INFO - [2026-01-14T07:55:58.404+0000] {dag.py:3096} INFO - Sync 1 DAGs
[2026-01-14T07:55:58.423+0000] {logging_mixin.py:188} INFO - [2026-01-14T07:55:58.423+0000] {dag.py:3954} INFO - Setting next_dagrun for example_python_decorator to None, run_after=None
[2026-01-14T07:55:58.453+0000] {processor.py:183} INFO - Processing /home/airflow/.local/lib/python3.12/site-packages/airflow/example_dags/example_python_decorator.py took 0.119 seconds
[2026-01-14T07:56:29.066+0000] {processor.py:161} INFO - Started process (PID=1295) to work on /home/airflow/.local/lib/python3.12/site-packages/airflow/example_dags/example_python_decorator.py
[2026-01-14T07:56:29.068+0000] {processor.py:830} INFO - Processing file /home/airflow/.local/lib/python3.12/site-packages/airflow/example_dags/example_python_decorator.py for tasks to queue
[2026-01-14T07:56:29.071+0000] {logging_mixin.py:188} INFO - [2026-01-14T07:56:29.071+0000] {dagbag.py:545} INFO - Filling up the DagBag from /home/airflow/.local/lib/python3.12/site-packages/airflow/example_dags/example_python_decorator.py
[2026-01-14T07:56:29.091+0000] {processor.py:840} INFO - DAG(s) 'example_python_decorator' retrieved from /home/airflow/.local/lib/python3.12/site-packages/airflow/example_dags/example_python_decorator.py
[2026-01-14T07:56:29.130+0000] {logging_mixin.py:188} INFO - [2026-01-14T07:56:29.129+0000] {dag.py:3096} INFO - Sync 1 DAGs
[2026-01-14T07:56:29.149+0000] {logging_mixin.py:188} INFO - [2026-01-14T07:56:29.149+0000] {dag.py:3954} INFO - Setting next_dagrun for example_python_decorator to None, run_after=None
[2026-01-14T07:56:29.179+0000] {processor.py:183} INFO - Processing /home/airflow/.local/lib/python3.12/site-packages/airflow/example_dags/example_python_decorator.py took 0.120 seconds
[2026-01-14T07:56:59.961+0000] {processor.py:161} INFO - Started process (PID=1562) to work on /home/airflow/.local/lib/python3.12/site-packages/airflow/example_dags/example_python_decorator.py
[2026-01-14T07:56:59.963+0000] {processor.py:830} INFO - Processing file /home/airflow/.local/lib/python3.12/site-packages/airflow/example_dags/example_python_decorator.py for tasks to queue
[2026-01-14T07:56:59.965+0000] {logging_mixin.py:188} INFO - [2026-01-14T07:56:59.965+0000] {dagbag.py:545} INFO - Filling up the DagBag from /home/airflow/.local/lib/python3.12/site-packages/airflow/example_dags/example_python_decorator.py
[2026-01-14T07:56:59.988+0000] {processor.py:840} INFO - DAG(s) 'example_python_decorator' retrieved from /home/airflow/.local/lib/python3.12/site-packages/airflow/example_dags/example_python_decorator.py
[2026-01-14T07:57:00.029+0000] {logging_mixin.py:188} INFO - [2026-01-14T07:57:00.029+0000] {dag.py:3096} INFO - Sync 1 DAGs
[2026-01-14T07:57:00.052+0000] {logging_mixin.py:188} INFO - [2026-01-14T07:57:00.052+0000] {dag.py:3954} INFO - Setting next_dagrun for example_python_decorator to None, run_after=None
[2026-01-14T07:57:00.084+0000] {processor.py:183} INFO - Processing /home/airflow/.local/lib/python3.12/site-packages/airflow/example_dags/example_python_decorator.py took 0.131 seconds
[2026-01-14T07:57:30.916+0000] {processor.py:161} INFO - Started process (PID=1865) to work on /home/airflow/.local/lib/python3.12/site-packages/airflow/example_dags/example_python_decorator.py
[2026-01-14T07:57:30.918+0000] {processor.py:830} INFO - Processing file /home/airflow/.local/lib/python3.12/site-packages/airflow/example_dags/example_python_decorator.py for tasks to queue
[2026-01-14T07:57:30.921+0000] {logging_mixin.py:188} INFO - [2026-01-14T07:57:30.920+0000] {dagbag.py:545} INFO - Filling up the DagBag from /home/airflow/.local/lib/python3.12/site-packages/airflow/example_dags/example_python_decorator.py
[2026-01-14T07:57:30.940+0000] {processor.py:840} INFO - DAG(s) 'example_python_decorator' retrieved from /home/airflow/.local/lib/python3.12/site-packages/airflow/example_dags/example_python_decorator.py
[2026-01-14T07:57:30.977+0000] {logging_mixin.py:188} INFO - [2026-01-14T07:57:30.977+0000] {dag.py:3096} INFO - Sync 1 DAGs
[2026-01-14T07:57:30.997+0000] {logging_mixin.py:188} INFO - [2026-01-14T07:57:30.997+0000] {dag.py:3954} INFO - Setting next_dagrun for example_python_decorator to None, run_after=None
[2026-01-14T07:57:31.029+0000] {processor.py:183} INFO - Processing /home/airflow/.local/lib/python3.12/site-packages/airflow/example_dags/example_python_decorator.py took 0.120 seconds
[2026-01-14T07:58:49.535+0000] {processor.py:161} INFO - Started process (PID=400) to work on /home/airflow/.local/lib/python3.12/site-packages/airflow/example_dags/example_python_decorator.py
[2026-01-14T07:58:49.536+0000] {processor.py:830} INFO - Processing file /home/airflow/.local/lib/python3.12/site-packages/airflow/example_dags/example_python_decorator.py for tasks to queue
[2026-01-14T07:58:49.538+0000] {logging_mixin.py:188} INFO - [2026-01-14T07:58:49.538+0000] {dagbag.py:545} INFO - Filling up the DagBag from /home/airflow/.local/lib/python3.12/site-packages/airflow/example_dags/example_python_decorator.py
[2026-01-14T07:58:49.554+0000] {processor.py:840} INFO - DAG(s) 'example_python_decorator' retrieved from /home/airflow/.local/lib/python3.12/site-packages/airflow/example_dags/example_python_decorator.py
[2026-01-14T07:58:49.710+0000] {logging_mixin.py:188} INFO - [2026-01-14T07:58:49.709+0000] {dag.py:3096} INFO - Sync 1 DAGs
[2026-01-14T07:58:49.721+0000] {logging_mixin.py:188} INFO - [2026-01-14T07:58:49.721+0000] {dag.py:3954} INFO - Setting next_dagrun for example_python_decorator to None, run_after=None
[2026-01-14T07:58:49.747+0000] {processor.py:183} INFO - Processing /home/airflow/.local/lib/python3.12/site-packages/airflow/example_dags/example_python_decorator.py took 0.220 seconds
[2026-01-14T07:59:20.685+0000] {processor.py:161} INFO - Started process (PID=692) to work on /home/airflow/.local/lib/python3.12/site-packages/airflow/example_dags/example_python_decorator.py
[2026-01-14T07:59:20.689+0000] {processor.py:830} INFO - Processing file /home/airflow/.local/lib/python3.12/site-packages/airflow/example_dags/example_python_decorator.py for tasks to queue
[2026-01-14T07:59:20.692+0000] {logging_mixin.py:188} INFO - [2026-01-14T07:59:20.692+0000] {dagbag.py:545} INFO - Filling up the DagBag from /home/airflow/.local/lib/python3.12/site-packages/airflow/example_dags/example_python_decorator.py
[2026-01-14T07:59:20.725+0000] {processor.py:840} INFO - DAG(s) 'example_python_decorator' retrieved from /home/airflow/.local/lib/python3.12/site-packages/airflow/example_dags/example_python_decorator.py
[2026-01-14T07:59:20.780+0000] {logging_mixin.py:188} INFO - [2026-01-14T07:59:20.779+0000] {dag.py:3096} INFO - Sync 1 DAGs
[2026-01-14T07:59:20.812+0000] {logging_mixin.py:188} INFO - [2026-01-14T07:59:20.811+0000] {dag.py:3954} INFO - Setting next_dagrun for example_python_decorator to None, run_after=None
[2026-01-14T07:59:20.868+0000] {processor.py:183} INFO - Processing /home/airflow/.local/lib/python3.12/site-packages/airflow/example_dags/example_python_decorator.py took 0.194 seconds
[2026-01-14T07:59:51.950+0000] {processor.py:161} INFO - Started process (PID=996) to work on /home/airflow/.local/lib/python3.12/site-packages/airflow/example_dags/example_python_decorator.py
[2026-01-14T07:59:51.951+0000] {processor.py:830} INFO - Processing file /home/airflow/.local/lib/python3.12/site-packages/airflow/example_dags/example_python_decorator.py for tasks to queue
[2026-01-14T07:59:51.955+0000] {logging_mixin.py:188} INFO - [2026-01-14T07:59:51.954+0000] {dagbag.py:545} INFO - Filling up the DagBag from /home/airflow/.local/lib/python3.12/site-packages/airflow/example_dags/example_python_decorator.py
[2026-01-14T07:59:51.977+0000] {processor.py:840} INFO - DAG(s) 'example_python_decorator' retrieved from /home/airflow/.local/lib/python3.12/site-packages/airflow/example_dags/example_python_decorator.py
[2026-01-14T07:59:52.018+0000] {logging_mixin.py:188} INFO - [2026-01-14T07:59:52.017+0000] {dag.py:3096} INFO - Sync 1 DAGs
[2026-01-14T07:59:52.043+0000] {logging_mixin.py:188} INFO - [2026-01-14T07:59:52.043+0000] {dag.py:3954} INFO - Setting next_dagrun for example_python_decorator to None, run_after=None
[2026-01-14T07:59:52.074+0000] {processor.py:183} INFO - Processing /home/airflow/.local/lib/python3.12/site-packages/airflow/example_dags/example_python_decorator.py took 0.133 seconds
[2026-01-14T08:00:22.465+0000] {processor.py:161} INFO - Started process (PID=1260) to work on /home/airflow/.local/lib/python3.12/site-packages/airflow/example_dags/example_python_decorator.py
[2026-01-14T08:00:22.467+0000] {processor.py:830} INFO - Processing file /home/airflow/.local/lib/python3.12/site-packages/airflow/example_dags/example_python_decorator.py for tasks to queue
[2026-01-14T08:00:22.471+0000] {logging_mixin.py:188} INFO - [2026-01-14T08:00:22.471+0000] {dagbag.py:545} INFO - Filling up the DagBag from /home/airflow/.local/lib/python3.12/site-packages/airflow/example_dags/example_python_decorator.py
[2026-01-14T08:00:22.500+0000] {processor.py:840} INFO - DAG(s) 'example_python_decorator' retrieved from /home/airflow/.local/lib/python3.12/site-packages/airflow/example_dags/example_python_decorator.py
[2026-01-14T08:00:22.546+0000] {logging_mixin.py:188} INFO - [2026-01-14T08:00:22.545+0000] {dag.py:3096} INFO - Sync 1 DAGs
[2026-01-14T08:00:22.570+0000] {logging_mixin.py:188} INFO - [2026-01-14T08:00:22.570+0000] {dag.py:3954} INFO - Setting next_dagrun for example_python_decorator to None, run_after=None
[2026-01-14T08:00:22.609+0000] {processor.py:183} INFO - Processing /home/airflow/.local/lib/python3.12/site-packages/airflow/example_dags/example_python_decorator.py took 0.157 seconds
[2026-01-14T08:00:52.694+0000] {processor.py:161} INFO - Started process (PID=1519) to work on /home/airflow/.local/lib/python3.12/site-packages/airflow/example_dags/example_python_decorator.py
[2026-01-14T08:00:52.696+0000] {processor.py:830} INFO - Processing file /home/airflow/.local/lib/python3.12/site-packages/airflow/example_dags/example_python_decorator.py for tasks to queue
[2026-01-14T08:00:52.700+0000] {logging_mixin.py:188} INFO - [2026-01-14T08:00:52.699+0000] {dagbag.py:545} INFO - Filling up the DagBag from /home/airflow/.local/lib/python3.12/site-packages/airflow/example_dags/example_python_decorator.py
[2026-01-14T08:00:52.724+0000] {processor.py:840} INFO - DAG(s) 'example_python_decorator' retrieved from /home/airflow/.local/lib/python3.12/site-packages/airflow/example_dags/example_python_decorator.py
[2026-01-14T08:00:52.779+0000] {logging_mixin.py:188} INFO - [2026-01-14T08:00:52.779+0000] {dag.py:3096} INFO - Sync 1 DAGs
[2026-01-14T08:00:52.810+0000] {logging_mixin.py:188} INFO - [2026-01-14T08:00:52.810+0000] {dag.py:3954} INFO - Setting next_dagrun for example_python_decorator to None, run_after=None
[2026-01-14T08:00:52.844+0000] {processor.py:183} INFO - Processing /home/airflow/.local/lib/python3.12/site-packages/airflow/example_dags/example_python_decorator.py took 0.160 seconds
[2026-01-14T08:01:22.948+0000] {processor.py:161} INFO - Started process (PID=1783) to work on /home/airflow/.local/lib/python3.12/site-packages/airflow/example_dags/example_python_decorator.py
[2026-01-14T08:01:22.950+0000] {processor.py:830} INFO - Processing file /home/airflow/.local/lib/python3.12/site-packages/airflow/example_dags/example_python_decorator.py for tasks to queue
[2026-01-14T08:01:22.953+0000] {logging_mixin.py:188} INFO - [2026-01-14T08:01:22.952+0000] {dagbag.py:545} INFO - Filling up the DagBag from /home/airflow/.local/lib/python3.12/site-packages/airflow/example_dags/example_python_decorator.py
[2026-01-14T08:01:22.974+0000] {processor.py:840} INFO - DAG(s) 'example_python_decorator' retrieved from /home/airflow/.local/lib/python3.12/site-packages/airflow/example_dags/example_python_decorator.py
[2026-01-14T08:01:23.014+0000] {logging_mixin.py:188} INFO - [2026-01-14T08:01:23.014+0000] {dag.py:3096} INFO - Sync 1 DAGs
[2026-01-14T08:01:23.034+0000] {logging_mixin.py:188} INFO - [2026-01-14T08:01:23.034+0000] {dag.py:3954} INFO - Setting next_dagrun for example_python_decorator to None, run_after=None
[2026-01-14T08:01:23.064+0000] {processor.py:183} INFO - Processing /home/airflow/.local/lib/python3.12/site-packages/airflow/example_dags/example_python_decorator.py took 0.127 seconds
[2026-01-14T08:01:53.154+0000] {processor.py:161} INFO - Started process (PID=2065) to work on /home/airflow/.local/lib/python3.12/site-packages/airflow/example_dags/example_python_decorator.py
[2026-01-14T08:01:53.156+0000] {processor.py:830} INFO - Processing file /home/airflow/.local/lib/python3.12/site-packages/airflow/example_dags/example_python_decorator.py for tasks to queue
[2026-01-14T08:01:53.159+0000] {logging_mixin.py:188} INFO - [2026-01-14T08:01:53.158+0000] {dagbag.py:545} INFO - Filling up the DagBag from /home/airflow/.local/lib/python3.12/site-packages/airflow/example_dags/example_python_decorator.py
[2026-01-14T08:01:53.178+0000] {processor.py:840} INFO - DAG(s) 'example_python_decorator' retrieved from /home/airflow/.local/lib/python3.12/site-packages/airflow/example_dags/example_python_decorator.py
[2026-01-14T08:01:53.217+0000] {logging_mixin.py:188} INFO - [2026-01-14T08:01:53.217+0000] {dag.py:3096} INFO - Sync 1 DAGs
[2026-01-14T08:01:53.236+0000] {logging_mixin.py:188} INFO - [2026-01-14T08:01:53.236+0000] {dag.py:3954} INFO - Setting next_dagrun for example_python_decorator to None, run_after=None
[2026-01-14T08:01:53.272+0000] {processor.py:183} INFO - Processing /home/airflow/.local/lib/python3.12/site-packages/airflow/example_dags/example_python_decorator.py took 0.127 seconds
[2026-01-14T08:02:23.410+0000] {processor.py:161} INFO - Started process (PID=2329) to work on /home/airflow/.local/lib/python3.12/site-packages/airflow/example_dags/example_python_decorator.py
[2026-01-14T08:02:23.412+0000] {processor.py:830} INFO - Processing file /home/airflow/.local/lib/python3.12/site-packages/airflow/example_dags/example_python_decorator.py for tasks to queue
[2026-01-14T08:02:23.415+0000] {logging_mixin.py:188} INFO - [2026-01-14T08:02:23.414+0000] {dagbag.py:545} INFO - Filling up the DagBag from /home/airflow/.local/lib/python3.12/site-packages/airflow/example_dags/example_python_decorator.py
[2026-01-14T08:02:23.435+0000] {processor.py:840} INFO - DAG(s) 'example_python_decorator' retrieved from /home/airflow/.local/lib/python3.12/site-packages/airflow/example_dags/example_python_decorator.py
[2026-01-14T08:02:23.477+0000] {logging_mixin.py:188} INFO - [2026-01-14T08:02:23.476+0000] {dag.py:3096} INFO - Sync 1 DAGs
[2026-01-14T08:02:23.500+0000] {logging_mixin.py:188} INFO - [2026-01-14T08:02:23.500+0000] {dag.py:3954} INFO - Setting next_dagrun for example_python_decorator to None, run_after=None
[2026-01-14T08:02:23.537+0000] {processor.py:183} INFO - Processing /home/airflow/.local/lib/python3.12/site-packages/airflow/example_dags/example_python_decorator.py took 0.136 seconds
[2026-01-14T08:02:53.937+0000] {processor.py:161} INFO - Started process (PID=2590) to work on /home/airflow/.local/lib/python3.12/site-packages/airflow/example_dags/example_python_decorator.py
[2026-01-14T08:02:53.939+0000] {processor.py:830} INFO - Processing file /home/airflow/.local/lib/python3.12/site-packages/airflow/example_dags/example_python_decorator.py for tasks to queue
[2026-01-14T08:02:53.941+0000] {logging_mixin.py:188} INFO - [2026-01-14T08:02:53.941+0000] {dagbag.py:545} INFO - Filling up the DagBag from /home/airflow/.local/lib/python3.12/site-packages/airflow/example_dags/example_python_decorator.py
[2026-01-14T08:02:53.961+0000] {processor.py:840} INFO - DAG(s) 'example_python_decorator' retrieved from /home/airflow/.local/lib/python3.12/site-packages/airflow/example_dags/example_python_decorator.py
[2026-01-14T08:02:54.001+0000] {logging_mixin.py:188} INFO - [2026-01-14T08:02:54.001+0000] {dag.py:3096} INFO - Sync 1 DAGs
[2026-01-14T08:02:54.024+0000] {logging_mixin.py:188} INFO - [2026-01-14T08:02:54.024+0000] {dag.py:3954} INFO - Setting next_dagrun for example_python_decorator to None, run_after=None
[2026-01-14T08:02:54.054+0000] {processor.py:183} INFO - Processing /home/airflow/.local/lib/python3.12/site-packages/airflow/example_dags/example_python_decorator.py took 0.125 seconds
[2026-01-14T08:03:24.332+0000] {processor.py:161} INFO - Started process (PID=2854) to work on /home/airflow/.local/lib/python3.12/site-packages/airflow/example_dags/example_python_decorator.py
[2026-01-14T08:03:24.334+0000] {processor.py:830} INFO - Processing file /home/airflow/.local/lib/python3.12/site-packages/airflow/example_dags/example_python_decorator.py for tasks to queue
[2026-01-14T08:03:24.337+0000] {logging_mixin.py:188} INFO - [2026-01-14T08:03:24.336+0000] {dagbag.py:545} INFO - Filling up the DagBag from /home/airflow/.local/lib/python3.12/site-packages/airflow/example_dags/example_python_decorator.py
[2026-01-14T08:03:24.357+0000] {processor.py:840} INFO - DAG(s) 'example_python_decorator' retrieved from /home/airflow/.local/lib/python3.12/site-packages/airflow/example_dags/example_python_decorator.py
[2026-01-14T08:03:24.398+0000] {logging_mixin.py:188} INFO - [2026-01-14T08:03:24.397+0000] {dag.py:3096} INFO - Sync 1 DAGs
[2026-01-14T08:03:24.422+0000] {logging_mixin.py:188} INFO - [2026-01-14T08:03:24.421+0000] {dag.py:3954} INFO - Setting next_dagrun for example_python_decorator to None, run_after=None
[2026-01-14T08:03:24.455+0000] {processor.py:183} INFO - Processing /home/airflow/.local/lib/python3.12/site-packages/airflow/example_dags/example_python_decorator.py took 0.131 seconds
[2026-01-14T08:03:54.932+0000] {processor.py:161} INFO - Started process (PID=3139) to work on /home/airflow/.local/lib/python3.12/site-packages/airflow/example_dags/example_python_decorator.py
[2026-01-14T08:03:54.933+0000] {processor.py:830} INFO - Processing file /home/airflow/.local/lib/python3.12/site-packages/airflow/example_dags/example_python_decorator.py for tasks to queue
[2026-01-14T08:03:54.936+0000] {logging_mixin.py:188} INFO - [2026-01-14T08:03:54.936+0000] {dagbag.py:545} INFO - Filling up the DagBag from /home/airflow/.local/lib/python3.12/site-packages/airflow/example_dags/example_python_decorator.py
[2026-01-14T08:03:54.956+0000] {processor.py:840} INFO - DAG(s) 'example_python_decorator' retrieved from /home/airflow/.local/lib/python3.12/site-packages/airflow/example_dags/example_python_decorator.py
[2026-01-14T08:03:54.996+0000] {logging_mixin.py:188} INFO - [2026-01-14T08:03:54.996+0000] {dag.py:3096} INFO - Sync 1 DAGs
[2026-01-14T08:03:55.021+0000] {logging_mixin.py:188} INFO - [2026-01-14T08:03:55.020+0000] {dag.py:3954} INFO - Setting next_dagrun for example_python_decorator to None, run_after=None
[2026-01-14T08:03:55.052+0000] {processor.py:183} INFO - Processing /home/airflow/.local/lib/python3.12/site-packages/airflow/example_dags/example_python_decorator.py took 0.130 seconds
[2026-01-14T08:04:25.333+0000] {processor.py:161} INFO - Started process (PID=3406) to work on /home/airflow/.local/lib/python3.12/site-packages/airflow/example_dags/example_python_decorator.py
[2026-01-14T08:04:25.335+0000] {processor.py:830} INFO - Processing file /home/airflow/.local/lib/python3.12/site-packages/airflow/example_dags/example_python_decorator.py for tasks to queue
[2026-01-14T08:04:25.338+0000] {logging_mixin.py:188} INFO - [2026-01-14T08:04:25.338+0000] {dagbag.py:545} INFO - Filling up the DagBag from /home/airflow/.local/lib/python3.12/site-packages/airflow/example_dags/example_python_decorator.py
[2026-01-14T08:04:25.362+0000] {processor.py:840} INFO - DAG(s) 'example_python_decorator' retrieved from /home/airflow/.local/lib/python3.12/site-packages/airflow/example_dags/example_python_decorator.py
[2026-01-14T08:04:25.410+0000] {logging_mixin.py:188} INFO - [2026-01-14T08:04:25.410+0000] {dag.py:3096} INFO - Sync 1 DAGs
[2026-01-14T08:04:25.431+0000] {logging_mixin.py:188} INFO - [2026-01-14T08:04:25.430+0000] {dag.py:3954} INFO - Setting next_dagrun for example_python_decorator to None, run_after=None
[2026-01-14T08:04:25.462+0000] {processor.py:183} INFO - Processing /home/airflow/.local/lib/python3.12/site-packages/airflow/example_dags/example_python_decorator.py took 0.138 seconds
[2026-01-14T08:04:55.748+0000] {processor.py:161} INFO - Started process (PID=3664) to work on /home/airflow/.local/lib/python3.12/site-packages/airflow/example_dags/example_python_decorator.py
[2026-01-14T08:04:55.749+0000] {processor.py:830} INFO - Processing file /home/airflow/.local/lib/python3.12/site-packages/airflow/example_dags/example_python_decorator.py for tasks to queue
[2026-01-14T08:04:55.752+0000] {logging_mixin.py:188} INFO - [2026-01-14T08:04:55.751+0000] {dagbag.py:545} INFO - Filling up the DagBag from /home/airflow/.local/lib/python3.12/site-packages/airflow/example_dags/example_python_decorator.py
[2026-01-14T08:04:55.769+0000] {processor.py:840} INFO - DAG(s) 'example_python_decorator' retrieved from /home/airflow/.local/lib/python3.12/site-packages/airflow/example_dags/example_python_decorator.py
[2026-01-14T08:04:55.797+0000] {logging_mixin.py:188} INFO - [2026-01-14T08:04:55.797+0000] {dag.py:3096} INFO - Sync 1 DAGs
[2026-01-14T08:04:55.814+0000] {logging_mixin.py:188} INFO - [2026-01-14T08:04:55.814+0000] {dag.py:3954} INFO - Setting next_dagrun for example_python_decorator to None, run_after=None
[2026-01-14T08:04:55.838+0000] {processor.py:183} INFO - Processing /home/airflow/.local/lib/python3.12/site-packages/airflow/example_dags/example_python_decorator.py took 0.097 seconds
[2026-01-14T08:06:50.115+0000] {processor.py:161} INFO - Started process (PID=3925) to work on /home/airflow/.local/lib/python3.12/site-packages/airflow/example_dags/example_python_decorator.py
[2026-01-14T08:06:50.116+0000] {processor.py:830} INFO - Processing file /home/airflow/.local/lib/python3.12/site-packages/airflow/example_dags/example_python_decorator.py for tasks to queue
[2026-01-14T08:06:50.119+0000] {logging_mixin.py:188} INFO - [2026-01-14T08:06:50.119+0000] {dagbag.py:545} INFO - Filling up the DagBag from /home/airflow/.local/lib/python3.12/site-packages/airflow/example_dags/example_python_decorator.py
[2026-01-14T08:06:50.138+0000] {processor.py:840} INFO - DAG(s) 'example_python_decorator' retrieved from /home/airflow/.local/lib/python3.12/site-packages/airflow/example_dags/example_python_decorator.py
[2026-01-14T08:06:50.174+0000] {logging_mixin.py:188} INFO - [2026-01-14T08:06:50.174+0000] {dag.py:3096} INFO - Sync 1 DAGs
[2026-01-14T08:06:50.194+0000] {logging_mixin.py:188} INFO - [2026-01-14T08:06:50.193+0000] {dag.py:3954} INFO - Setting next_dagrun for example_python_decorator to None, run_after=None
[2026-01-14T08:06:50.226+0000] {processor.py:183} INFO - Processing /home/airflow/.local/lib/python3.12/site-packages/airflow/example_dags/example_python_decorator.py took 0.118 seconds
[2026-01-14T08:07:20.941+0000] {processor.py:161} INFO - Started process (PID=4186) to work on /home/airflow/.local/lib/python3.12/site-packages/airflow/example_dags/example_python_decorator.py
[2026-01-14T08:07:20.942+0000] {processor.py:830} INFO - Processing file /home/airflow/.local/lib/python3.12/site-packages/airflow/example_dags/example_python_decorator.py for tasks to queue
[2026-01-14T08:07:20.945+0000] {logging_mixin.py:188} INFO - [2026-01-14T08:07:20.944+0000] {dagbag.py:545} INFO - Filling up the DagBag from /home/airflow/.local/lib/python3.12/site-packages/airflow/example_dags/example_python_decorator.py
[2026-01-14T08:07:20.958+0000] {processor.py:840} INFO - DAG(s) 'example_python_decorator' retrieved from /home/airflow/.local/lib/python3.12/site-packages/airflow/example_dags/example_python_decorator.py
[2026-01-14T08:07:20.989+0000] {logging_mixin.py:188} INFO - [2026-01-14T08:07:20.989+0000] {dag.py:3096} INFO - Sync 1 DAGs
[2026-01-14T08:07:21.007+0000] {logging_mixin.py:188} INFO - [2026-01-14T08:07:21.006+0000] {dag.py:3954} INFO - Setting next_dagrun for example_python_decorator to None, run_after=None
[2026-01-14T08:07:21.032+0000] {processor.py:183} INFO - Processing /home/airflow/.local/lib/python3.12/site-packages/airflow/example_dags/example_python_decorator.py took 0.099 seconds
[2026-01-14T08:07:51.675+0000] {processor.py:161} INFO - Started process (PID=4449) to work on /home/airflow/.local/lib/python3.12/site-packages/airflow/example_dags/example_python_decorator.py
[2026-01-14T08:07:51.677+0000] {processor.py:830} INFO - Processing file /home/airflow/.local/lib/python3.12/site-packages/airflow/example_dags/example_python_decorator.py for tasks to queue
[2026-01-14T08:07:51.680+0000] {logging_mixin.py:188} INFO - [2026-01-14T08:07:51.679+0000] {dagbag.py:545} INFO - Filling up the DagBag from /home/airflow/.local/lib/python3.12/site-packages/airflow/example_dags/example_python_decorator.py
[2026-01-14T08:07:51.697+0000] {processor.py:840} INFO - DAG(s) 'example_python_decorator' retrieved from /home/airflow/.local/lib/python3.12/site-packages/airflow/example_dags/example_python_decorator.py
[2026-01-14T08:07:51.735+0000] {logging_mixin.py:188} INFO - [2026-01-14T08:07:51.735+0000] {dag.py:3096} INFO - Sync 1 DAGs
[2026-01-14T08:07:51.758+0000] {logging_mixin.py:188} INFO - [2026-01-14T08:07:51.757+0000] {dag.py:3954} INFO - Setting next_dagrun for example_python_decorator to None, run_after=None
[2026-01-14T08:07:51.790+0000] {processor.py:183} INFO - Processing /home/airflow/.local/lib/python3.12/site-packages/airflow/example_dags/example_python_decorator.py took 0.122 seconds
[2026-01-14T08:08:21.834+0000] {processor.py:161} INFO - Started process (PID=4708) to work on /home/airflow/.local/lib/python3.12/site-packages/airflow/example_dags/example_python_decorator.py
[2026-01-14T08:08:21.835+0000] {processor.py:830} INFO - Processing file /home/airflow/.local/lib/python3.12/site-packages/airflow/example_dags/example_python_decorator.py for tasks to queue
[2026-01-14T08:08:21.838+0000] {logging_mixin.py:188} INFO - [2026-01-14T08:08:21.837+0000] {dagbag.py:545} INFO - Filling up the DagBag from /home/airflow/.local/lib/python3.12/site-packages/airflow/example_dags/example_python_decorator.py
[2026-01-14T08:08:21.852+0000] {processor.py:840} INFO - DAG(s) 'example_python_decorator' retrieved from /home/airflow/.local/lib/python3.12/site-packages/airflow/example_dags/example_python_decorator.py
[2026-01-14T08:08:21.880+0000] {logging_mixin.py:188} INFO - [2026-01-14T08:08:21.880+0000] {dag.py:3096} INFO - Sync 1 DAGs
[2026-01-14T08:08:21.898+0000] {logging_mixin.py:188} INFO - [2026-01-14T08:08:21.898+0000] {dag.py:3954} INFO - Setting next_dagrun for example_python_decorator to None, run_after=None
[2026-01-14T08:08:21.920+0000] {processor.py:183} INFO - Processing /home/airflow/.local/lib/python3.12/site-packages/airflow/example_dags/example_python_decorator.py took 0.092 seconds
[2026-01-14T08:08:52.938+0000] {processor.py:161} INFO - Started process (PID=4971) to work on /home/airflow/.local/lib/python3.12/site-packages/airflow/example_dags/example_python_decorator.py
[2026-01-14T08:08:52.940+0000] {processor.py:830} INFO - Processing file /home/airflow/.local/lib/python3.12/site-packages/airflow/example_dags/example_python_decorator.py for tasks to queue
[2026-01-14T08:08:52.942+0000] {logging_mixin.py:188} INFO - [2026-01-14T08:08:52.942+0000] {dagbag.py:545} INFO - Filling up the DagBag from /home/airflow/.local/lib/python3.12/site-packages/airflow/example_dags/example_python_decorator.py
[2026-01-14T08:08:52.962+0000] {processor.py:840} INFO - DAG(s) 'example_python_decorator' retrieved from /home/airflow/.local/lib/python3.12/site-packages/airflow/example_dags/example_python_decorator.py
[2026-01-14T08:08:53.003+0000] {logging_mixin.py:188} INFO - [2026-01-14T08:08:53.002+0000] {dag.py:3096} INFO - Sync 1 DAGs
[2026-01-14T08:08:53.024+0000] {logging_mixin.py:188} INFO - [2026-01-14T08:08:53.024+0000] {dag.py:3954} INFO - Setting next_dagrun for example_python_decorator to None, run_after=None
[2026-01-14T08:08:53.053+0000] {processor.py:183} INFO - Processing /home/airflow/.local/lib/python3.12/site-packages/airflow/example_dags/example_python_decorator.py took 0.123 seconds
[2026-01-14T08:09:23.217+0000] {processor.py:161} INFO - Started process (PID=5235) to work on /home/airflow/.local/lib/python3.12/site-packages/airflow/example_dags/example_python_decorator.py
[2026-01-14T08:09:23.218+0000] {processor.py:830} INFO - Processing file /home/airflow/.local/lib/python3.12/site-packages/airflow/example_dags/example_python_decorator.py for tasks to queue
[2026-01-14T08:09:23.219+0000] {logging_mixin.py:188} INFO - [2026-01-14T08:09:23.219+0000] {dagbag.py:545} INFO - Filling up the DagBag from /home/airflow/.local/lib/python3.12/site-packages/airflow/example_dags/example_python_decorator.py
[2026-01-14T08:09:23.235+0000] {processor.py:840} INFO - DAG(s) 'example_python_decorator' retrieved from /home/airflow/.local/lib/python3.12/site-packages/airflow/example_dags/example_python_decorator.py
[2026-01-14T08:09:23.265+0000] {logging_mixin.py:188} INFO - [2026-01-14T08:09:23.264+0000] {dag.py:3096} INFO - Sync 1 DAGs
[2026-01-14T08:09:23.282+0000] {logging_mixin.py:188} INFO - [2026-01-14T08:09:23.281+0000] {dag.py:3954} INFO - Setting next_dagrun for example_python_decorator to None, run_after=None
[2026-01-14T08:09:23.305+0000] {processor.py:183} INFO - Processing /home/airflow/.local/lib/python3.12/site-packages/airflow/example_dags/example_python_decorator.py took 0.095 seconds
[2026-01-14T08:09:53.355+0000] {processor.py:161} INFO - Started process (PID=5496) to work on /home/airflow/.local/lib/python3.12/site-packages/airflow/example_dags/example_python_decorator.py
[2026-01-14T08:09:53.356+0000] {processor.py:830} INFO - Processing file /home/airflow/.local/lib/python3.12/site-packages/airflow/example_dags/example_python_decorator.py for tasks to queue
[2026-01-14T08:09:53.358+0000] {logging_mixin.py:188} INFO - [2026-01-14T08:09:53.358+0000] {dagbag.py:545} INFO - Filling up the DagBag from /home/airflow/.local/lib/python3.12/site-packages/airflow/example_dags/example_python_decorator.py
[2026-01-14T08:09:53.377+0000] {processor.py:840} INFO - DAG(s) 'example_python_decorator' retrieved from /home/airflow/.local/lib/python3.12/site-packages/airflow/example_dags/example_python_decorator.py
[2026-01-14T08:09:53.408+0000] {logging_mixin.py:188} INFO - [2026-01-14T08:09:53.407+0000] {dag.py:3096} INFO - Sync 1 DAGs
[2026-01-14T08:09:53.423+0000] {logging_mixin.py:188} INFO - [2026-01-14T08:09:53.423+0000] {dag.py:3954} INFO - Setting next_dagrun for example_python_decorator to None, run_after=None
[2026-01-14T08:09:53.448+0000] {processor.py:183} INFO - Processing /home/airflow/.local/lib/python3.12/site-packages/airflow/example_dags/example_python_decorator.py took 0.100 seconds
[2026-01-14T08:10:23.515+0000] {processor.py:161} INFO - Started process (PID=5754) to work on /home/airflow/.local/lib/python3.12/site-packages/airflow/example_dags/example_python_decorator.py
[2026-01-14T08:10:23.516+0000] {processor.py:830} INFO - Processing file /home/airflow/.local/lib/python3.12/site-packages/airflow/example_dags/example_python_decorator.py for tasks to queue
[2026-01-14T08:10:23.518+0000] {logging_mixin.py:188} INFO - [2026-01-14T08:10:23.518+0000] {dagbag.py:545} INFO - Filling up the DagBag from /home/airflow/.local/lib/python3.12/site-packages/airflow/example_dags/example_python_decorator.py
[2026-01-14T08:10:23.533+0000] {processor.py:840} INFO - DAG(s) 'example_python_decorator' retrieved from /home/airflow/.local/lib/python3.12/site-packages/airflow/example_dags/example_python_decorator.py
[2026-01-14T08:10:23.558+0000] {logging_mixin.py:188} INFO - [2026-01-14T08:10:23.558+0000] {dag.py:3096} INFO - Sync 1 DAGs
[2026-01-14T08:10:23.572+0000] {logging_mixin.py:188} INFO - [2026-01-14T08:10:23.572+0000] {dag.py:3954} INFO - Setting next_dagrun for example_python_decorator to None, run_after=None
[2026-01-14T08:10:23.594+0000] {processor.py:183} INFO - Processing /home/airflow/.local/lib/python3.12/site-packages/airflow/example_dags/example_python_decorator.py took 0.085 seconds
[2026-01-14T08:10:53.757+0000] {processor.py:161} INFO - Started process (PID=6015) to work on /home/airflow/.local/lib/python3.12/site-packages/airflow/example_dags/example_python_decorator.py
[2026-01-14T08:10:53.758+0000] {processor.py:830} INFO - Processing file /home/airflow/.local/lib/python3.12/site-packages/airflow/example_dags/example_python_decorator.py for tasks to queue
[2026-01-14T08:10:53.760+0000] {logging_mixin.py:188} INFO - [2026-01-14T08:10:53.760+0000] {dagbag.py:545} INFO - Filling up the DagBag from /home/airflow/.local/lib/python3.12/site-packages/airflow/example_dags/example_python_decorator.py
[2026-01-14T08:10:53.774+0000] {processor.py:840} INFO - DAG(s) 'example_python_decorator' retrieved from /home/airflow/.local/lib/python3.12/site-packages/airflow/example_dags/example_python_decorator.py
[2026-01-14T08:10:53.808+0000] {logging_mixin.py:188} INFO - [2026-01-14T08:10:53.807+0000] {dag.py:3096} INFO - Sync 1 DAGs
[2026-01-14T08:10:53.824+0000] {logging_mixin.py:188} INFO - [2026-01-14T08:10:53.824+0000] {dag.py:3954} INFO - Setting next_dagrun for example_python_decorator to None, run_after=None
[2026-01-14T08:10:53.848+0000] {processor.py:183} INFO - Processing /home/airflow/.local/lib/python3.12/site-packages/airflow/example_dags/example_python_decorator.py took 0.097 seconds
[2026-01-14T08:11:23.949+0000] {processor.py:161} INFO - Started process (PID=6274) to work on /home/airflow/.local/lib/python3.12/site-packages/airflow/example_dags/example_python_decorator.py
[2026-01-14T08:11:23.950+0000] {processor.py:830} INFO - Processing file /home/airflow/.local/lib/python3.12/site-packages/airflow/example_dags/example_python_decorator.py for tasks to queue
[2026-01-14T08:11:23.952+0000] {logging_mixin.py:188} INFO - [2026-01-14T08:11:23.951+0000] {dagbag.py:545} INFO - Filling up the DagBag from /home/airflow/.local/lib/python3.12/site-packages/airflow/example_dags/example_python_decorator.py
[2026-01-14T08:11:23.966+0000] {processor.py:840} INFO - DAG(s) 'example_python_decorator' retrieved from /home/airflow/.local/lib/python3.12/site-packages/airflow/example_dags/example_python_decorator.py
[2026-01-14T08:11:23.994+0000] {logging_mixin.py:188} INFO - [2026-01-14T08:11:23.994+0000] {dag.py:3096} INFO - Sync 1 DAGs
[2026-01-14T08:11:24.009+0000] {logging_mixin.py:188} INFO - [2026-01-14T08:11:24.008+0000] {dag.py:3954} INFO - Setting next_dagrun for example_python_decorator to None, run_after=None
[2026-01-14T08:11:24.031+0000] {processor.py:183} INFO - Processing /home/airflow/.local/lib/python3.12/site-packages/airflow/example_dags/example_python_decorator.py took 0.088 seconds
[2026-01-14T08:11:54.331+0000] {processor.py:161} INFO - Started process (PID=6530) to work on /home/airflow/.local/lib/python3.12/site-packages/airflow/example_dags/example_python_decorator.py
[2026-01-14T08:11:54.333+0000] {processor.py:830} INFO - Processing file /home/airflow/.local/lib/python3.12/site-packages/airflow/example_dags/example_python_decorator.py for tasks to queue
[2026-01-14T08:11:54.334+0000] {logging_mixin.py:188} INFO - [2026-01-14T08:11:54.334+0000] {dagbag.py:545} INFO - Filling up the DagBag from /home/airflow/.local/lib/python3.12/site-packages/airflow/example_dags/example_python_decorator.py
[2026-01-14T08:11:54.348+0000] {processor.py:840} INFO - DAG(s) 'example_python_decorator' retrieved from /home/airflow/.local/lib/python3.12/site-packages/airflow/example_dags/example_python_decorator.py
[2026-01-14T08:11:54.378+0000] {logging_mixin.py:188} INFO - [2026-01-14T08:11:54.377+0000] {dag.py:3096} INFO - Sync 1 DAGs
[2026-01-14T08:11:54.394+0000] {logging_mixin.py:188} INFO - [2026-01-14T08:11:54.394+0000] {dag.py:3954} INFO - Setting next_dagrun for example_python_decorator to None, run_after=None
[2026-01-14T08:11:54.416+0000] {processor.py:183} INFO - Processing /home/airflow/.local/lib/python3.12/site-packages/airflow/example_dags/example_python_decorator.py took 0.091 seconds
[2026-01-14T08:12:25.193+0000] {processor.py:161} INFO - Started process (PID=6793) to work on /home/airflow/.local/lib/python3.12/site-packages/airflow/example_dags/example_python_decorator.py
[2026-01-14T08:12:25.194+0000] {processor.py:830} INFO - Processing file /home/airflow/.local/lib/python3.12/site-packages/airflow/example_dags/example_python_decorator.py for tasks to queue
[2026-01-14T08:12:25.196+0000] {logging_mixin.py:188} INFO - [2026-01-14T08:12:25.196+0000] {dagbag.py:545} INFO - Filling up the DagBag from /home/airflow/.local/lib/python3.12/site-packages/airflow/example_dags/example_python_decorator.py
[2026-01-14T08:12:25.213+0000] {processor.py:840} INFO - DAG(s) 'example_python_decorator' retrieved from /home/airflow/.local/lib/python3.12/site-packages/airflow/example_dags/example_python_decorator.py
[2026-01-14T08:12:25.244+0000] {logging_mixin.py:188} INFO - [2026-01-14T08:12:25.244+0000] {dag.py:3096} INFO - Sync 1 DAGs
[2026-01-14T08:12:25.261+0000] {logging_mixin.py:188} INFO - [2026-01-14T08:12:25.260+0000] {dag.py:3954} INFO - Setting next_dagrun for example_python_decorator to None, run_after=None
[2026-01-14T08:12:25.284+0000] {processor.py:183} INFO - Processing /home/airflow/.local/lib/python3.12/site-packages/airflow/example_dags/example_python_decorator.py took 0.099 seconds
[2026-01-14T08:12:56.123+0000] {processor.py:161} INFO - Started process (PID=7052) to work on /home/airflow/.local/lib/python3.12/site-packages/airflow/example_dags/example_python_decorator.py
[2026-01-14T08:12:56.124+0000] {processor.py:830} INFO - Processing file /home/airflow/.local/lib/python3.12/site-packages/airflow/example_dags/example_python_decorator.py for tasks to queue
[2026-01-14T08:12:56.127+0000] {logging_mixin.py:188} INFO - [2026-01-14T08:12:56.126+0000] {dagbag.py:545} INFO - Filling up the DagBag from /home/airflow/.local/lib/python3.12/site-packages/airflow/example_dags/example_python_decorator.py
[2026-01-14T08:12:56.140+0000] {processor.py:840} INFO - DAG(s) 'example_python_decorator' retrieved from /home/airflow/.local/lib/python3.12/site-packages/airflow/example_dags/example_python_decorator.py
[2026-01-14T08:12:56.166+0000] {logging_mixin.py:188} INFO - [2026-01-14T08:12:56.166+0000] {dag.py:3096} INFO - Sync 1 DAGs
[2026-01-14T08:12:56.180+0000] {logging_mixin.py:188} INFO - [2026-01-14T08:12:56.180+0000] {dag.py:3954} INFO - Setting next_dagrun for example_python_decorator to None, run_after=None
[2026-01-14T08:12:56.200+0000] {processor.py:183} INFO - Processing /home/airflow/.local/lib/python3.12/site-packages/airflow/example_dags/example_python_decorator.py took 0.081 seconds
[2026-01-14T08:13:26.379+0000] {processor.py:161} INFO - Started process (PID=7313) to work on /home/airflow/.local/lib/python3.12/site-packages/airflow/example_dags/example_python_decorator.py
[2026-01-14T08:13:26.381+0000] {processor.py:830} INFO - Processing file /home/airflow/.local/lib/python3.12/site-packages/airflow/example_dags/example_python_decorator.py for tasks to queue
[2026-01-14T08:13:26.383+0000] {logging_mixin.py:188} INFO - [2026-01-14T08:13:26.382+0000] {dagbag.py:545} INFO - Filling up the DagBag from /home/airflow/.local/lib/python3.12/site-packages/airflow/example_dags/example_python_decorator.py
[2026-01-14T08:13:26.400+0000] {processor.py:840} INFO - DAG(s) 'example_python_decorator' retrieved from /home/airflow/.local/lib/python3.12/site-packages/airflow/example_dags/example_python_decorator.py
[2026-01-14T08:13:26.429+0000] {logging_mixin.py:188} INFO - [2026-01-14T08:13:26.428+0000] {dag.py:3096} INFO - Sync 1 DAGs
[2026-01-14T08:13:26.446+0000] {logging_mixin.py:188} INFO - [2026-01-14T08:13:26.445+0000] {dag.py:3954} INFO - Setting next_dagrun for example_python_decorator to None, run_after=None
[2026-01-14T08:13:26.469+0000] {processor.py:183} INFO - Processing /home/airflow/.local/lib/python3.12/site-packages/airflow/example_dags/example_python_decorator.py took 0.096 seconds
[2026-01-14T09:27:46.400+0000] {processor.py:161} INFO - Started process (PID=7577) to work on /home/airflow/.local/lib/python3.12/site-packages/airflow/example_dags/example_python_decorator.py
[2026-01-14T09:27:46.401+0000] {processor.py:830} INFO - Processing file /home/airflow/.local/lib/python3.12/site-packages/airflow/example_dags/example_python_decorator.py for tasks to queue
[2026-01-14T09:27:46.404+0000] {logging_mixin.py:188} INFO - [2026-01-14T09:27:46.403+0000] {dagbag.py:545} INFO - Filling up the DagBag from /home/airflow/.local/lib/python3.12/site-packages/airflow/example_dags/example_python_decorator.py
[2026-01-14T09:27:46.422+0000] {processor.py:840} INFO - DAG(s) 'example_python_decorator' retrieved from /home/airflow/.local/lib/python3.12/site-packages/airflow/example_dags/example_python_decorator.py
[2026-01-14T09:27:46.458+0000] {logging_mixin.py:188} INFO - [2026-01-14T09:27:46.458+0000] {dag.py:3096} INFO - Sync 1 DAGs
[2026-01-14T09:27:46.479+0000] {logging_mixin.py:188} INFO - [2026-01-14T09:27:46.479+0000] {dag.py:3954} INFO - Setting next_dagrun for example_python_decorator to None, run_after=None
[2026-01-14T09:27:46.506+0000] {processor.py:183} INFO - Processing /home/airflow/.local/lib/python3.12/site-packages/airflow/example_dags/example_python_decorator.py took 0.116 seconds
[2026-01-14T09:28:16.750+0000] {processor.py:161} INFO - Started process (PID=7838) to work on /home/airflow/.local/lib/python3.12/site-packages/airflow/example_dags/example_python_decorator.py
[2026-01-14T09:28:16.751+0000] {processor.py:830} INFO - Processing file /home/airflow/.local/lib/python3.12/site-packages/airflow/example_dags/example_python_decorator.py for tasks to queue
[2026-01-14T09:28:16.753+0000] {logging_mixin.py:188} INFO - [2026-01-14T09:28:16.752+0000] {dagbag.py:545} INFO - Filling up the DagBag from /home/airflow/.local/lib/python3.12/site-packages/airflow/example_dags/example_python_decorator.py
[2026-01-14T09:28:16.769+0000] {processor.py:840} INFO - DAG(s) 'example_python_decorator' retrieved from /home/airflow/.local/lib/python3.12/site-packages/airflow/example_dags/example_python_decorator.py
[2026-01-14T09:28:16.797+0000] {logging_mixin.py:188} INFO - [2026-01-14T09:28:16.797+0000] {dag.py:3096} INFO - Sync 1 DAGs
[2026-01-14T09:28:16.812+0000] {logging_mixin.py:188} INFO - [2026-01-14T09:28:16.812+0000] {dag.py:3954} INFO - Setting next_dagrun for example_python_decorator to None, run_after=None
[2026-01-14T09:28:16.840+0000] {processor.py:183} INFO - Processing /home/airflow/.local/lib/python3.12/site-packages/airflow/example_dags/example_python_decorator.py took 0.096 seconds
[2026-01-14T09:28:47.354+0000] {processor.py:161} INFO - Started process (PID=8096) to work on /home/airflow/.local/lib/python3.12/site-packages/airflow/example_dags/example_python_decorator.py
[2026-01-14T09:28:47.355+0000] {processor.py:830} INFO - Processing file /home/airflow/.local/lib/python3.12/site-packages/airflow/example_dags/example_python_decorator.py for tasks to queue
[2026-01-14T09:28:47.357+0000] {logging_mixin.py:188} INFO - [2026-01-14T09:28:47.357+0000] {dagbag.py:545} INFO - Filling up the DagBag from /home/airflow/.local/lib/python3.12/site-packages/airflow/example_dags/example_python_decorator.py
[2026-01-14T09:28:47.373+0000] {processor.py:840} INFO - DAG(s) 'example_python_decorator' retrieved from /home/airflow/.local/lib/python3.12/site-packages/airflow/example_dags/example_python_decorator.py
[2026-01-14T09:28:47.405+0000] {logging_mixin.py:188} INFO - [2026-01-14T09:28:47.405+0000] {dag.py:3096} INFO - Sync 1 DAGs
[2026-01-14T09:28:47.419+0000] {logging_mixin.py:188} INFO - [2026-01-14T09:28:47.419+0000] {dag.py:3954} INFO - Setting next_dagrun for example_python_decorator to None, run_after=None
[2026-01-14T09:28:47.443+0000] {processor.py:183} INFO - Processing /home/airflow/.local/lib/python3.12/site-packages/airflow/example_dags/example_python_decorator.py took 0.095 seconds
[2026-01-14T09:29:17.845+0000] {processor.py:161} INFO - Started process (PID=8355) to work on /home/airflow/.local/lib/python3.12/site-packages/airflow/example_dags/example_python_decorator.py
[2026-01-14T09:29:17.847+0000] {processor.py:830} INFO - Processing file /home/airflow/.local/lib/python3.12/site-packages/airflow/example_dags/example_python_decorator.py for tasks to queue
[2026-01-14T09:29:17.849+0000] {logging_mixin.py:188} INFO - [2026-01-14T09:29:17.848+0000] {dagbag.py:545} INFO - Filling up the DagBag from /home/airflow/.local/lib/python3.12/site-packages/airflow/example_dags/example_python_decorator.py
[2026-01-14T09:29:17.864+0000] {processor.py:840} INFO - DAG(s) 'example_python_decorator' retrieved from /home/airflow/.local/lib/python3.12/site-packages/airflow/example_dags/example_python_decorator.py
[2026-01-14T09:29:17.895+0000] {logging_mixin.py:188} INFO - [2026-01-14T09:29:17.895+0000] {dag.py:3096} INFO - Sync 1 DAGs
[2026-01-14T09:29:17.911+0000] {logging_mixin.py:188} INFO - [2026-01-14T09:29:17.910+0000] {dag.py:3954} INFO - Setting next_dagrun for example_python_decorator to None, run_after=None
[2026-01-14T09:29:17.934+0000] {processor.py:183} INFO - Processing /home/airflow/.local/lib/python3.12/site-packages/airflow/example_dags/example_python_decorator.py took 0.095 seconds
[2026-01-14T09:29:48.418+0000] {processor.py:161} INFO - Started process (PID=8618) to work on /home/airflow/.local/lib/python3.12/site-packages/airflow/example_dags/example_python_decorator.py
[2026-01-14T09:29:48.420+0000] {processor.py:830} INFO - Processing file /home/airflow/.local/lib/python3.12/site-packages/airflow/example_dags/example_python_decorator.py for tasks to queue
[2026-01-14T09:29:48.422+0000] {logging_mixin.py:188} INFO - [2026-01-14T09:29:48.421+0000] {dagbag.py:545} INFO - Filling up the DagBag from /home/airflow/.local/lib/python3.12/site-packages/airflow/example_dags/example_python_decorator.py
[2026-01-14T09:29:48.435+0000] {processor.py:840} INFO - DAG(s) 'example_python_decorator' retrieved from /home/airflow/.local/lib/python3.12/site-packages/airflow/example_dags/example_python_decorator.py
[2026-01-14T09:29:48.464+0000] {logging_mixin.py:188} INFO - [2026-01-14T09:29:48.464+0000] {dag.py:3096} INFO - Sync 1 DAGs
[2026-01-14T09:29:48.479+0000] {logging_mixin.py:188} INFO - [2026-01-14T09:29:48.478+0000] {dag.py:3954} INFO - Setting next_dagrun for example_python_decorator to None, run_after=None
[2026-01-14T09:29:48.501+0000] {processor.py:183} INFO - Processing /home/airflow/.local/lib/python3.12/site-packages/airflow/example_dags/example_python_decorator.py took 0.089 seconds
[2026-01-14T09:30:19.490+0000] {processor.py:161} INFO - Started process (PID=8879) to work on /home/airflow/.local/lib/python3.12/site-packages/airflow/example_dags/example_python_decorator.py
[2026-01-14T09:30:19.491+0000] {processor.py:830} INFO - Processing file /home/airflow/.local/lib/python3.12/site-packages/airflow/example_dags/example_python_decorator.py for tasks to queue
[2026-01-14T09:30:19.494+0000] {logging_mixin.py:188} INFO - [2026-01-14T09:30:19.493+0000] {dagbag.py:545} INFO - Filling up the DagBag from /home/airflow/.local/lib/python3.12/site-packages/airflow/example_dags/example_python_decorator.py
[2026-01-14T09:30:19.513+0000] {processor.py:840} INFO - DAG(s) 'example_python_decorator' retrieved from /home/airflow/.local/lib/python3.12/site-packages/airflow/example_dags/example_python_decorator.py
[2026-01-14T09:30:19.549+0000] {logging_mixin.py:188} INFO - [2026-01-14T09:30:19.549+0000] {dag.py:3096} INFO - Sync 1 DAGs
[2026-01-14T09:30:19.569+0000] {logging_mixin.py:188} INFO - [2026-01-14T09:30:19.569+0000] {dag.py:3954} INFO - Setting next_dagrun for example_python_decorator to None, run_after=None
[2026-01-14T09:30:19.599+0000] {processor.py:183} INFO - Processing /home/airflow/.local/lib/python3.12/site-packages/airflow/example_dags/example_python_decorator.py took 0.117 seconds
[2026-01-14T09:30:50.075+0000] {processor.py:161} INFO - Started process (PID=9140) to work on /home/airflow/.local/lib/python3.12/site-packages/airflow/example_dags/example_python_decorator.py
[2026-01-14T09:30:50.076+0000] {processor.py:830} INFO - Processing file /home/airflow/.local/lib/python3.12/site-packages/airflow/example_dags/example_python_decorator.py for tasks to queue
[2026-01-14T09:30:50.079+0000] {logging_mixin.py:188} INFO - [2026-01-14T09:30:50.078+0000] {dagbag.py:545} INFO - Filling up the DagBag from /home/airflow/.local/lib/python3.12/site-packages/airflow/example_dags/example_python_decorator.py
[2026-01-14T09:30:50.096+0000] {processor.py:840} INFO - DAG(s) 'example_python_decorator' retrieved from /home/airflow/.local/lib/python3.12/site-packages/airflow/example_dags/example_python_decorator.py
[2026-01-14T09:30:50.128+0000] {logging_mixin.py:188} INFO - [2026-01-14T09:30:50.127+0000] {dag.py:3096} INFO - Sync 1 DAGs
[2026-01-14T09:30:50.145+0000] {logging_mixin.py:188} INFO - [2026-01-14T09:30:50.145+0000] {dag.py:3954} INFO - Setting next_dagrun for example_python_decorator to None, run_after=None
[2026-01-14T09:30:50.168+0000] {processor.py:183} INFO - Processing /home/airflow/.local/lib/python3.12/site-packages/airflow/example_dags/example_python_decorator.py took 0.101 seconds
[2026-01-14T09:31:30.021+0000] {processor.py:161} INFO - Started process (PID=9398) to work on /home/airflow/.local/lib/python3.12/site-packages/airflow/example_dags/example_python_decorator.py
[2026-01-14T09:31:30.022+0000] {processor.py:830} INFO - Processing file /home/airflow/.local/lib/python3.12/site-packages/airflow/example_dags/example_python_decorator.py for tasks to queue
[2026-01-14T09:31:30.025+0000] {logging_mixin.py:188} INFO - [2026-01-14T09:31:30.024+0000] {dagbag.py:545} INFO - Filling up the DagBag from /home/airflow/.local/lib/python3.12/site-packages/airflow/example_dags/example_python_decorator.py
[2026-01-14T09:31:30.044+0000] {processor.py:840} INFO - DAG(s) 'example_python_decorator' retrieved from /home/airflow/.local/lib/python3.12/site-packages/airflow/example_dags/example_python_decorator.py
[2026-01-14T09:31:30.081+0000] {logging_mixin.py:188} INFO - [2026-01-14T09:31:30.081+0000] {dag.py:3096} INFO - Sync 1 DAGs
[2026-01-14T09:31:30.276+0000] {logging_mixin.py:188} INFO - [2026-01-14T09:31:30.276+0000] {dag.py:3954} INFO - Setting next_dagrun for example_python_decorator to None, run_after=None
[2026-01-14T09:31:30.300+0000] {processor.py:183} INFO - Processing /home/airflow/.local/lib/python3.12/site-packages/airflow/example_dags/example_python_decorator.py took 0.288 seconds
[2026-01-14T09:32:01.727+0000] {processor.py:161} INFO - Started process (PID=9659) to work on /home/airflow/.local/lib/python3.12/site-packages/airflow/example_dags/example_python_decorator.py
[2026-01-14T09:32:01.728+0000] {processor.py:830} INFO - Processing file /home/airflow/.local/lib/python3.12/site-packages/airflow/example_dags/example_python_decorator.py for tasks to queue
[2026-01-14T09:32:01.731+0000] {logging_mixin.py:188} INFO - [2026-01-14T09:32:01.730+0000] {dagbag.py:545} INFO - Filling up the DagBag from /home/airflow/.local/lib/python3.12/site-packages/airflow/example_dags/example_python_decorator.py
[2026-01-14T09:32:01.750+0000] {processor.py:840} INFO - DAG(s) 'example_python_decorator' retrieved from /home/airflow/.local/lib/python3.12/site-packages/airflow/example_dags/example_python_decorator.py
[2026-01-14T09:32:01.789+0000] {logging_mixin.py:188} INFO - [2026-01-14T09:32:01.788+0000] {dag.py:3096} INFO - Sync 1 DAGs
[2026-01-14T09:32:01.817+0000] {logging_mixin.py:188} INFO - [2026-01-14T09:32:01.816+0000] {dag.py:3954} INFO - Setting next_dagrun for example_python_decorator to None, run_after=None
[2026-01-14T09:32:02.018+0000] {processor.py:183} INFO - Processing /home/airflow/.local/lib/python3.12/site-packages/airflow/example_dags/example_python_decorator.py took 0.300 seconds
[2026-01-14T09:32:32.266+0000] {processor.py:161} INFO - Started process (PID=9930) to work on /home/airflow/.local/lib/python3.12/site-packages/airflow/example_dags/example_python_decorator.py
[2026-01-14T09:32:32.268+0000] {processor.py:830} INFO - Processing file /home/airflow/.local/lib/python3.12/site-packages/airflow/example_dags/example_python_decorator.py for tasks to queue
[2026-01-14T09:32:32.270+0000] {logging_mixin.py:188} INFO - [2026-01-14T09:32:32.270+0000] {dagbag.py:545} INFO - Filling up the DagBag from /home/airflow/.local/lib/python3.12/site-packages/airflow/example_dags/example_python_decorator.py
[2026-01-14T09:32:32.290+0000] {processor.py:840} INFO - DAG(s) 'example_python_decorator' retrieved from /home/airflow/.local/lib/python3.12/site-packages/airflow/example_dags/example_python_decorator.py
[2026-01-14T09:32:32.333+0000] {logging_mixin.py:188} INFO - [2026-01-14T09:32:32.332+0000] {dag.py:3096} INFO - Sync 1 DAGs
[2026-01-14T09:32:32.357+0000] {logging_mixin.py:188} INFO - [2026-01-14T09:32:32.356+0000] {dag.py:3954} INFO - Setting next_dagrun for example_python_decorator to None, run_after=None
[2026-01-14T09:32:32.615+0000] {processor.py:183} INFO - Processing /home/airflow/.local/lib/python3.12/site-packages/airflow/example_dags/example_python_decorator.py took 0.358 seconds
[2026-01-14T09:33:03.440+0000] {processor.py:161} INFO - Started process (PID=10191) to work on /home/airflow/.local/lib/python3.12/site-packages/airflow/example_dags/example_python_decorator.py
[2026-01-14T09:33:03.441+0000] {processor.py:830} INFO - Processing file /home/airflow/.local/lib/python3.12/site-packages/airflow/example_dags/example_python_decorator.py for tasks to queue
[2026-01-14T09:33:03.444+0000] {logging_mixin.py:188} INFO - [2026-01-14T09:33:03.444+0000] {dagbag.py:545} INFO - Filling up the DagBag from /home/airflow/.local/lib/python3.12/site-packages/airflow/example_dags/example_python_decorator.py
[2026-01-14T09:33:03.463+0000] {processor.py:840} INFO - DAG(s) 'example_python_decorator' retrieved from /home/airflow/.local/lib/python3.12/site-packages/airflow/example_dags/example_python_decorator.py
[2026-01-14T09:33:03.510+0000] {logging_mixin.py:188} INFO - [2026-01-14T09:33:03.509+0000] {dag.py:3096} INFO - Sync 1 DAGs
[2026-01-14T09:33:03.530+0000] {logging_mixin.py:188} INFO - [2026-01-14T09:33:03.530+0000] {dag.py:3954} INFO - Setting next_dagrun for example_python_decorator to None, run_after=None
[2026-01-14T09:33:03.566+0000] {processor.py:183} INFO - Processing /home/airflow/.local/lib/python3.12/site-packages/airflow/example_dags/example_python_decorator.py took 0.134 seconds
[2026-01-14T09:33:34.451+0000] {processor.py:161} INFO - Started process (PID=10452) to work on /home/airflow/.local/lib/python3.12/site-packages/airflow/example_dags/example_python_decorator.py
[2026-01-14T09:33:34.452+0000] {processor.py:830} INFO - Processing file /home/airflow/.local/lib/python3.12/site-packages/airflow/example_dags/example_python_decorator.py for tasks to queue
[2026-01-14T09:33:34.454+0000] {logging_mixin.py:188} INFO - [2026-01-14T09:33:34.454+0000] {dagbag.py:545} INFO - Filling up the DagBag from /home/airflow/.local/lib/python3.12/site-packages/airflow/example_dags/example_python_decorator.py
[2026-01-14T09:33:34.478+0000] {processor.py:840} INFO - DAG(s) 'example_python_decorator' retrieved from /home/airflow/.local/lib/python3.12/site-packages/airflow/example_dags/example_python_decorator.py
[2026-01-14T09:33:34.518+0000] {logging_mixin.py:188} INFO - [2026-01-14T09:33:34.518+0000] {dag.py:3096} INFO - Sync 1 DAGs
[2026-01-14T09:33:34.541+0000] {logging_mixin.py:188} INFO - [2026-01-14T09:33:34.540+0000] {dag.py:3954} INFO - Setting next_dagrun for example_python_decorator to None, run_after=None
[2026-01-14T09:33:34.572+0000] {processor.py:183} INFO - Processing /home/airflow/.local/lib/python3.12/site-packages/airflow/example_dags/example_python_decorator.py took 0.130 seconds
[2026-01-14T09:34:05.261+0000] {processor.py:161} INFO - Started process (PID=10713) to work on /home/airflow/.local/lib/python3.12/site-packages/airflow/example_dags/example_python_decorator.py
[2026-01-14T09:34:05.262+0000] {processor.py:830} INFO - Processing file /home/airflow/.local/lib/python3.12/site-packages/airflow/example_dags/example_python_decorator.py for tasks to queue
[2026-01-14T09:34:05.265+0000] {logging_mixin.py:188} INFO - [2026-01-14T09:34:05.264+0000] {dagbag.py:545} INFO - Filling up the DagBag from /home/airflow/.local/lib/python3.12/site-packages/airflow/example_dags/example_python_decorator.py
[2026-01-14T09:34:05.286+0000] {processor.py:840} INFO - DAG(s) 'example_python_decorator' retrieved from /home/airflow/.local/lib/python3.12/site-packages/airflow/example_dags/example_python_decorator.py
[2026-01-14T09:34:05.326+0000] {logging_mixin.py:188} INFO - [2026-01-14T09:34:05.326+0000] {dag.py:3096} INFO - Sync 1 DAGs
[2026-01-14T09:34:05.347+0000] {logging_mixin.py:188} INFO - [2026-01-14T09:34:05.347+0000] {dag.py:3954} INFO - Setting next_dagrun for example_python_decorator to None, run_after=None
[2026-01-14T09:34:05.379+0000] {processor.py:183} INFO - Processing /home/airflow/.local/lib/python3.12/site-packages/airflow/example_dags/example_python_decorator.py took 0.126 seconds
[2026-01-14T09:34:35.786+0000] {processor.py:161} INFO - Started process (PID=10974) to work on /home/airflow/.local/lib/python3.12/site-packages/airflow/example_dags/example_python_decorator.py
[2026-01-14T09:34:35.787+0000] {processor.py:830} INFO - Processing file /home/airflow/.local/lib/python3.12/site-packages/airflow/example_dags/example_python_decorator.py for tasks to queue
[2026-01-14T09:34:35.790+0000] {logging_mixin.py:188} INFO - [2026-01-14T09:34:35.790+0000] {dagbag.py:545} INFO - Filling up the DagBag from /home/airflow/.local/lib/python3.12/site-packages/airflow/example_dags/example_python_decorator.py
[2026-01-14T09:34:35.814+0000] {processor.py:840} INFO - DAG(s) 'example_python_decorator' retrieved from /home/airflow/.local/lib/python3.12/site-packages/airflow/example_dags/example_python_decorator.py
[2026-01-14T09:34:35.849+0000] {logging_mixin.py:188} INFO - [2026-01-14T09:34:35.848+0000] {dag.py:3096} INFO - Sync 1 DAGs
[2026-01-14T09:34:35.868+0000] {logging_mixin.py:188} INFO - [2026-01-14T09:34:35.868+0000] {dag.py:3954} INFO - Setting next_dagrun for example_python_decorator to None, run_after=None
[2026-01-14T09:34:35.897+0000] {processor.py:183} INFO - Processing /home/airflow/.local/lib/python3.12/site-packages/airflow/example_dags/example_python_decorator.py took 0.121 seconds
[2026-01-14T09:35:06.177+0000] {processor.py:161} INFO - Started process (PID=11227) to work on /home/airflow/.local/lib/python3.12/site-packages/airflow/example_dags/example_python_decorator.py
[2026-01-14T09:35:06.179+0000] {processor.py:830} INFO - Processing file /home/airflow/.local/lib/python3.12/site-packages/airflow/example_dags/example_python_decorator.py for tasks to queue
[2026-01-14T09:35:06.181+0000] {logging_mixin.py:188} INFO - [2026-01-14T09:35:06.181+0000] {dagbag.py:545} INFO - Filling up the DagBag from /home/airflow/.local/lib/python3.12/site-packages/airflow/example_dags/example_python_decorator.py
[2026-01-14T09:35:06.198+0000] {processor.py:840} INFO - DAG(s) 'example_python_decorator' retrieved from /home/airflow/.local/lib/python3.12/site-packages/airflow/example_dags/example_python_decorator.py
[2026-01-14T09:35:06.234+0000] {logging_mixin.py:188} INFO - [2026-01-14T09:35:06.233+0000] {dag.py:3096} INFO - Sync 1 DAGs
[2026-01-14T09:35:06.255+0000] {logging_mixin.py:188} INFO - [2026-01-14T09:35:06.254+0000] {dag.py:3954} INFO - Setting next_dagrun for example_python_decorator to None, run_after=None
[2026-01-14T09:35:06.289+0000] {processor.py:183} INFO - Processing /home/airflow/.local/lib/python3.12/site-packages/airflow/example_dags/example_python_decorator.py took 0.118 seconds
[2026-01-14T10:03:24.128+0000] {processor.py:161} INFO - Started process (PID=11486) to work on /home/airflow/.local/lib/python3.12/site-packages/airflow/example_dags/example_python_decorator.py
[2026-01-14T10:03:24.130+0000] {processor.py:830} INFO - Processing file /home/airflow/.local/lib/python3.12/site-packages/airflow/example_dags/example_python_decorator.py for tasks to queue
[2026-01-14T10:03:24.133+0000] {logging_mixin.py:188} INFO - [2026-01-14T10:03:24.132+0000] {dagbag.py:545} INFO - Filling up the DagBag from /home/airflow/.local/lib/python3.12/site-packages/airflow/example_dags/example_python_decorator.py
[2026-01-14T10:03:24.151+0000] {processor.py:840} INFO - DAG(s) 'example_python_decorator' retrieved from /home/airflow/.local/lib/python3.12/site-packages/airflow/example_dags/example_python_decorator.py
[2026-01-14T10:03:24.190+0000] {logging_mixin.py:188} INFO - [2026-01-14T10:03:24.190+0000] {dag.py:3096} INFO - Sync 1 DAGs
[2026-01-14T10:03:24.212+0000] {logging_mixin.py:188} INFO - [2026-01-14T10:03:24.212+0000] {dag.py:3954} INFO - Setting next_dagrun for example_python_decorator to None, run_after=None
[2026-01-14T10:03:24.241+0000] {processor.py:183} INFO - Processing /home/airflow/.local/lib/python3.12/site-packages/airflow/example_dags/example_python_decorator.py took 0.123 seconds
[2026-01-14T10:03:54.664+0000] {processor.py:161} INFO - Started process (PID=11747) to work on /home/airflow/.local/lib/python3.12/site-packages/airflow/example_dags/example_python_decorator.py
[2026-01-14T10:03:54.665+0000] {processor.py:830} INFO - Processing file /home/airflow/.local/lib/python3.12/site-packages/airflow/example_dags/example_python_decorator.py for tasks to queue
[2026-01-14T10:03:54.667+0000] {logging_mixin.py:188} INFO - [2026-01-14T10:03:54.667+0000] {dagbag.py:545} INFO - Filling up the DagBag from /home/airflow/.local/lib/python3.12/site-packages/airflow/example_dags/example_python_decorator.py
[2026-01-14T10:03:54.686+0000] {processor.py:840} INFO - DAG(s) 'example_python_decorator' retrieved from /home/airflow/.local/lib/python3.12/site-packages/airflow/example_dags/example_python_decorator.py
[2026-01-14T10:03:54.722+0000] {logging_mixin.py:188} INFO - [2026-01-14T10:03:54.721+0000] {dag.py:3096} INFO - Sync 1 DAGs
[2026-01-14T10:03:54.740+0000] {logging_mixin.py:188} INFO - [2026-01-14T10:03:54.740+0000] {dag.py:3954} INFO - Setting next_dagrun for example_python_decorator to None, run_after=None
[2026-01-14T10:03:54.768+0000] {processor.py:183} INFO - Processing /home/airflow/.local/lib/python3.12/site-packages/airflow/example_dags/example_python_decorator.py took 0.112 seconds
[2026-01-14T10:04:24.914+0000] {processor.py:161} INFO - Started process (PID=12003) to work on /home/airflow/.local/lib/python3.12/site-packages/airflow/example_dags/example_python_decorator.py
[2026-01-14T10:04:24.915+0000] {processor.py:830} INFO - Processing file /home/airflow/.local/lib/python3.12/site-packages/airflow/example_dags/example_python_decorator.py for tasks to queue
[2026-01-14T10:04:24.917+0000] {logging_mixin.py:188} INFO - [2026-01-14T10:04:24.917+0000] {dagbag.py:545} INFO - Filling up the DagBag from /home/airflow/.local/lib/python3.12/site-packages/airflow/example_dags/example_python_decorator.py
[2026-01-14T10:04:24.934+0000] {processor.py:840} INFO - DAG(s) 'example_python_decorator' retrieved from /home/airflow/.local/lib/python3.12/site-packages/airflow/example_dags/example_python_decorator.py
[2026-01-14T10:04:24.973+0000] {logging_mixin.py:188} INFO - [2026-01-14T10:04:24.973+0000] {dag.py:3096} INFO - Sync 1 DAGs
[2026-01-14T10:04:24.996+0000] {logging_mixin.py:188} INFO - [2026-01-14T10:04:24.996+0000] {dag.py:3954} INFO - Setting next_dagrun for example_python_decorator to None, run_after=None
[2026-01-14T10:04:25.025+0000] {processor.py:183} INFO - Processing /home/airflow/.local/lib/python3.12/site-packages/airflow/example_dags/example_python_decorator.py took 0.120 seconds
[2026-01-14T10:04:55.718+0000] {processor.py:161} INFO - Started process (PID=12269) to work on /home/airflow/.local/lib/python3.12/site-packages/airflow/example_dags/example_python_decorator.py
[2026-01-14T10:04:55.720+0000] {processor.py:830} INFO - Processing file /home/airflow/.local/lib/python3.12/site-packages/airflow/example_dags/example_python_decorator.py for tasks to queue
[2026-01-14T10:04:55.723+0000] {logging_mixin.py:188} INFO - [2026-01-14T10:04:55.722+0000] {dagbag.py:545} INFO - Filling up the DagBag from /home/airflow/.local/lib/python3.12/site-packages/airflow/example_dags/example_python_decorator.py
[2026-01-14T10:04:55.742+0000] {processor.py:840} INFO - DAG(s) 'example_python_decorator' retrieved from /home/airflow/.local/lib/python3.12/site-packages/airflow/example_dags/example_python_decorator.py
[2026-01-14T10:04:55.784+0000] {logging_mixin.py:188} INFO - [2026-01-14T10:04:55.783+0000] {dag.py:3096} INFO - Sync 1 DAGs
[2026-01-14T10:04:55.802+0000] {logging_mixin.py:188} INFO - [2026-01-14T10:04:55.802+0000] {dag.py:3954} INFO - Setting next_dagrun for example_python_decorator to None, run_after=None
[2026-01-14T10:04:55.833+0000] {processor.py:183} INFO - Processing /home/airflow/.local/lib/python3.12/site-packages/airflow/example_dags/example_python_decorator.py took 0.122 seconds
[2026-01-14T10:05:26.582+0000] {processor.py:161} INFO - Started process (PID=12532) to work on /home/airflow/.local/lib/python3.12/site-packages/airflow/example_dags/example_python_decorator.py
[2026-01-14T10:05:26.584+0000] {processor.py:830} INFO - Processing file /home/airflow/.local/lib/python3.12/site-packages/airflow/example_dags/example_python_decorator.py for tasks to queue
[2026-01-14T10:05:26.587+0000] {logging_mixin.py:188} INFO - [2026-01-14T10:05:26.587+0000] {dagbag.py:545} INFO - Filling up the DagBag from /home/airflow/.local/lib/python3.12/site-packages/airflow/example_dags/example_python_decorator.py
[2026-01-14T10:05:26.606+0000] {processor.py:840} INFO - DAG(s) 'example_python_decorator' retrieved from /home/airflow/.local/lib/python3.12/site-packages/airflow/example_dags/example_python_decorator.py
[2026-01-14T10:05:26.642+0000] {logging_mixin.py:188} INFO - [2026-01-14T10:05:26.642+0000] {dag.py:3096} INFO - Sync 1 DAGs
[2026-01-14T10:05:26.663+0000] {logging_mixin.py:188} INFO - [2026-01-14T10:05:26.662+0000] {dag.py:3954} INFO - Setting next_dagrun for example_python_decorator to None, run_after=None
[2026-01-14T10:05:26.693+0000] {processor.py:183} INFO - Processing /home/airflow/.local/lib/python3.12/site-packages/airflow/example_dags/example_python_decorator.py took 0.120 seconds
[2026-01-14T10:05:57.171+0000] {processor.py:161} INFO - Started process (PID=12791) to work on /home/airflow/.local/lib/python3.12/site-packages/airflow/example_dags/example_python_decorator.py
[2026-01-14T10:05:57.173+0000] {processor.py:830} INFO - Processing file /home/airflow/.local/lib/python3.12/site-packages/airflow/example_dags/example_python_decorator.py for tasks to queue
[2026-01-14T10:05:57.176+0000] {logging_mixin.py:188} INFO - [2026-01-14T10:05:57.175+0000] {dagbag.py:545} INFO - Filling up the DagBag from /home/airflow/.local/lib/python3.12/site-packages/airflow/example_dags/example_python_decorator.py
[2026-01-14T10:05:57.200+0000] {processor.py:840} INFO - DAG(s) 'example_python_decorator' retrieved from /home/airflow/.local/lib/python3.12/site-packages/airflow/example_dags/example_python_decorator.py
[2026-01-14T10:05:57.237+0000] {logging_mixin.py:188} INFO - [2026-01-14T10:05:57.236+0000] {dag.py:3096} INFO - Sync 1 DAGs
[2026-01-14T10:05:57.256+0000] {logging_mixin.py:188} INFO - [2026-01-14T10:05:57.255+0000] {dag.py:3954} INFO - Setting next_dagrun for example_python_decorator to None, run_after=None
[2026-01-14T10:05:57.289+0000] {processor.py:183} INFO - Processing /home/airflow/.local/lib/python3.12/site-packages/airflow/example_dags/example_python_decorator.py took 0.127 seconds
[2026-01-14T10:06:27.599+0000] {processor.py:161} INFO - Started process (PID=13052) to work on /home/airflow/.local/lib/python3.12/site-packages/airflow/example_dags/example_python_decorator.py
[2026-01-14T10:06:27.601+0000] {processor.py:830} INFO - Processing file /home/airflow/.local/lib/python3.12/site-packages/airflow/example_dags/example_python_decorator.py for tasks to queue
[2026-01-14T10:06:27.604+0000] {logging_mixin.py:188} INFO - [2026-01-14T10:06:27.603+0000] {dagbag.py:545} INFO - Filling up the DagBag from /home/airflow/.local/lib/python3.12/site-packages/airflow/example_dags/example_python_decorator.py
[2026-01-14T10:06:27.621+0000] {processor.py:840} INFO - DAG(s) 'example_python_decorator' retrieved from /home/airflow/.local/lib/python3.12/site-packages/airflow/example_dags/example_python_decorator.py
[2026-01-14T10:06:27.658+0000] {logging_mixin.py:188} INFO - [2026-01-14T10:06:27.658+0000] {dag.py:3096} INFO - Sync 1 DAGs
[2026-01-14T10:06:27.677+0000] {logging_mixin.py:188} INFO - [2026-01-14T10:06:27.677+0000] {dag.py:3954} INFO - Setting next_dagrun for example_python_decorator to None, run_after=None
[2026-01-14T10:06:27.709+0000] {processor.py:183} INFO - Processing /home/airflow/.local/lib/python3.12/site-packages/airflow/example_dags/example_python_decorator.py took 0.119 seconds
[2026-01-14T10:06:58.175+0000] {processor.py:161} INFO - Started process (PID=13308) to work on /home/airflow/.local/lib/python3.12/site-packages/airflow/example_dags/example_python_decorator.py
[2026-01-14T10:06:58.177+0000] {processor.py:830} INFO - Processing file /home/airflow/.local/lib/python3.12/site-packages/airflow/example_dags/example_python_decorator.py for tasks to queue
[2026-01-14T10:06:58.180+0000] {logging_mixin.py:188} INFO - [2026-01-14T10:06:58.179+0000] {dagbag.py:545} INFO - Filling up the DagBag from /home/airflow/.local/lib/python3.12/site-packages/airflow/example_dags/example_python_decorator.py
[2026-01-14T10:06:58.198+0000] {processor.py:840} INFO - DAG(s) 'example_python_decorator' retrieved from /home/airflow/.local/lib/python3.12/site-packages/airflow/example_dags/example_python_decorator.py
[2026-01-14T10:06:58.237+0000] {logging_mixin.py:188} INFO - [2026-01-14T10:06:58.236+0000] {dag.py:3096} INFO - Sync 1 DAGs
[2026-01-14T10:06:58.256+0000] {logging_mixin.py:188} INFO - [2026-01-14T10:06:58.256+0000] {dag.py:3954} INFO - Setting next_dagrun for example_python_decorator to None, run_after=None
[2026-01-14T10:06:58.287+0000] {processor.py:183} INFO - Processing /home/airflow/.local/lib/python3.12/site-packages/airflow/example_dags/example_python_decorator.py took 0.120 seconds
[2026-01-14T10:07:28.693+0000] {processor.py:161} INFO - Started process (PID=13569) to work on /home/airflow/.local/lib/python3.12/site-packages/airflow/example_dags/example_python_decorator.py
[2026-01-14T10:07:28.694+0000] {processor.py:830} INFO - Processing file /home/airflow/.local/lib/python3.12/site-packages/airflow/example_dags/example_python_decorator.py for tasks to queue
[2026-01-14T10:07:28.696+0000] {logging_mixin.py:188} INFO - [2026-01-14T10:07:28.696+0000] {dagbag.py:545} INFO - Filling up the DagBag from /home/airflow/.local/lib/python3.12/site-packages/airflow/example_dags/example_python_decorator.py
[2026-01-14T10:07:28.717+0000] {processor.py:840} INFO - DAG(s) 'example_python_decorator' retrieved from /home/airflow/.local/lib/python3.12/site-packages/airflow/example_dags/example_python_decorator.py
[2026-01-14T10:07:28.763+0000] {logging_mixin.py:188} INFO - [2026-01-14T10:07:28.762+0000] {dag.py:3096} INFO - Sync 1 DAGs
[2026-01-14T10:07:28.785+0000] {logging_mixin.py:188} INFO - [2026-01-14T10:07:28.784+0000] {dag.py:3954} INFO - Setting next_dagrun for example_python_decorator to None, run_after=None
[2026-01-14T10:07:28.819+0000] {processor.py:183} INFO - Processing /home/airflow/.local/lib/python3.12/site-packages/airflow/example_dags/example_python_decorator.py took 0.134 seconds
[2026-01-14T10:07:59.148+0000] {processor.py:161} INFO - Started process (PID=13837) to work on /home/airflow/.local/lib/python3.12/site-packages/airflow/example_dags/example_python_decorator.py
[2026-01-14T10:07:59.150+0000] {processor.py:830} INFO - Processing file /home/airflow/.local/lib/python3.12/site-packages/airflow/example_dags/example_python_decorator.py for tasks to queue
[2026-01-14T10:07:59.152+0000] {logging_mixin.py:188} INFO - [2026-01-14T10:07:59.151+0000] {dagbag.py:545} INFO - Filling up the DagBag from /home/airflow/.local/lib/python3.12/site-packages/airflow/example_dags/example_python_decorator.py
[2026-01-14T10:07:59.169+0000] {processor.py:840} INFO - DAG(s) 'example_python_decorator' retrieved from /home/airflow/.local/lib/python3.12/site-packages/airflow/example_dags/example_python_decorator.py
[2026-01-14T10:07:59.206+0000] {logging_mixin.py:188} INFO - [2026-01-14T10:07:59.206+0000] {dag.py:3096} INFO - Sync 1 DAGs
[2026-01-14T10:07:59.229+0000] {logging_mixin.py:188} INFO - [2026-01-14T10:07:59.229+0000] {dag.py:3954} INFO - Setting next_dagrun for example_python_decorator to None, run_after=None
[2026-01-14T10:07:59.261+0000] {processor.py:183} INFO - Processing /home/airflow/.local/lib/python3.12/site-packages/airflow/example_dags/example_python_decorator.py took 0.120 seconds
[2026-01-14T10:08:29.777+0000] {processor.py:161} INFO - Started process (PID=14091) to work on /home/airflow/.local/lib/python3.12/site-packages/airflow/example_dags/example_python_decorator.py
[2026-01-14T10:08:29.779+0000] {processor.py:830} INFO - Processing file /home/airflow/.local/lib/python3.12/site-packages/airflow/example_dags/example_python_decorator.py for tasks to queue
[2026-01-14T10:08:29.781+0000] {logging_mixin.py:188} INFO - [2026-01-14T10:08:29.781+0000] {dagbag.py:545} INFO - Filling up the DagBag from /home/airflow/.local/lib/python3.12/site-packages/airflow/example_dags/example_python_decorator.py
[2026-01-14T10:08:29.800+0000] {processor.py:840} INFO - DAG(s) 'example_python_decorator' retrieved from /home/airflow/.local/lib/python3.12/site-packages/airflow/example_dags/example_python_decorator.py
[2026-01-14T10:08:29.838+0000] {logging_mixin.py:188} INFO - [2026-01-14T10:08:29.837+0000] {dag.py:3096} INFO - Sync 1 DAGs
[2026-01-14T10:08:29.858+0000] {logging_mixin.py:188} INFO - [2026-01-14T10:08:29.857+0000] {dag.py:3954} INFO - Setting next_dagrun for example_python_decorator to None, run_after=None
[2026-01-14T10:08:29.885+0000] {processor.py:183} INFO - Processing /home/airflow/.local/lib/python3.12/site-packages/airflow/example_dags/example_python_decorator.py took 0.115 seconds
[2026-01-14T10:09:00.275+0000] {processor.py:161} INFO - Started process (PID=14352) to work on /home/airflow/.local/lib/python3.12/site-packages/airflow/example_dags/example_python_decorator.py
[2026-01-14T10:09:00.276+0000] {processor.py:830} INFO - Processing file /home/airflow/.local/lib/python3.12/site-packages/airflow/example_dags/example_python_decorator.py for tasks to queue
[2026-01-14T10:09:00.278+0000] {logging_mixin.py:188} INFO - [2026-01-14T10:09:00.278+0000] {dagbag.py:545} INFO - Filling up the DagBag from /home/airflow/.local/lib/python3.12/site-packages/airflow/example_dags/example_python_decorator.py
[2026-01-14T10:09:00.297+0000] {processor.py:840} INFO - DAG(s) 'example_python_decorator' retrieved from /home/airflow/.local/lib/python3.12/site-packages/airflow/example_dags/example_python_decorator.py
[2026-01-14T10:09:00.337+0000] {logging_mixin.py:188} INFO - [2026-01-14T10:09:00.336+0000] {dag.py:3096} INFO - Sync 1 DAGs
[2026-01-14T10:09:00.359+0000] {logging_mixin.py:188} INFO - [2026-01-14T10:09:00.359+0000] {dag.py:3954} INFO - Setting next_dagrun for example_python_decorator to None, run_after=None
[2026-01-14T10:09:00.390+0000] {processor.py:183} INFO - Processing /home/airflow/.local/lib/python3.12/site-packages/airflow/example_dags/example_python_decorator.py took 0.125 seconds
[2026-01-14T10:09:30.633+0000] {processor.py:161} INFO - Started process (PID=14613) to work on /home/airflow/.local/lib/python3.12/site-packages/airflow/example_dags/example_python_decorator.py
[2026-01-14T10:09:30.634+0000] {processor.py:830} INFO - Processing file /home/airflow/.local/lib/python3.12/site-packages/airflow/example_dags/example_python_decorator.py for tasks to queue
[2026-01-14T10:09:30.637+0000] {logging_mixin.py:188} INFO - [2026-01-14T10:09:30.636+0000] {dagbag.py:545} INFO - Filling up the DagBag from /home/airflow/.local/lib/python3.12/site-packages/airflow/example_dags/example_python_decorator.py
[2026-01-14T10:09:30.655+0000] {processor.py:840} INFO - DAG(s) 'example_python_decorator' retrieved from /home/airflow/.local/lib/python3.12/site-packages/airflow/example_dags/example_python_decorator.py
[2026-01-14T10:09:30.690+0000] {logging_mixin.py:188} INFO - [2026-01-14T10:09:30.690+0000] {dag.py:3096} INFO - Sync 1 DAGs
[2026-01-14T10:09:30.712+0000] {logging_mixin.py:188} INFO - [2026-01-14T10:09:30.712+0000] {dag.py:3954} INFO - Setting next_dagrun for example_python_decorator to None, run_after=None
[2026-01-14T10:09:30.740+0000] {processor.py:183} INFO - Processing /home/airflow/.local/lib/python3.12/site-packages/airflow/example_dags/example_python_decorator.py took 0.115 seconds
[2026-01-14T10:10:01.259+0000] {processor.py:161} INFO - Started process (PID=14874) to work on /home/airflow/.local/lib/python3.12/site-packages/airflow/example_dags/example_python_decorator.py
[2026-01-14T10:10:01.260+0000] {processor.py:830} INFO - Processing file /home/airflow/.local/lib/python3.12/site-packages/airflow/example_dags/example_python_decorator.py for tasks to queue
[2026-01-14T10:10:01.264+0000] {logging_mixin.py:188} INFO - [2026-01-14T10:10:01.263+0000] {dagbag.py:545} INFO - Filling up the DagBag from /home/airflow/.local/lib/python3.12/site-packages/airflow/example_dags/example_python_decorator.py
[2026-01-14T10:10:01.286+0000] {processor.py:840} INFO - DAG(s) 'example_python_decorator' retrieved from /home/airflow/.local/lib/python3.12/site-packages/airflow/example_dags/example_python_decorator.py
[2026-01-14T10:10:01.327+0000] {logging_mixin.py:188} INFO - [2026-01-14T10:10:01.326+0000] {dag.py:3096} INFO - Sync 1 DAGs
[2026-01-14T10:10:01.354+0000] {logging_mixin.py:188} INFO - [2026-01-14T10:10:01.353+0000] {dag.py:3954} INFO - Setting next_dagrun for example_python_decorator to None, run_after=None
[2026-01-14T10:10:01.390+0000] {processor.py:183} INFO - Processing /home/airflow/.local/lib/python3.12/site-packages/airflow/example_dags/example_python_decorator.py took 0.139 seconds
[2026-01-14T10:30:03.784+0000] {processor.py:161} INFO - Started process (PID=15310) to work on /home/airflow/.local/lib/python3.12/site-packages/airflow/example_dags/example_python_decorator.py
[2026-01-14T10:30:03.785+0000] {processor.py:830} INFO - Processing file /home/airflow/.local/lib/python3.12/site-packages/airflow/example_dags/example_python_decorator.py for tasks to queue
[2026-01-14T10:30:03.786+0000] {logging_mixin.py:188} INFO - [2026-01-14T10:30:03.785+0000] {dagbag.py:545} INFO - Filling up the DagBag from /home/airflow/.local/lib/python3.12/site-packages/airflow/example_dags/example_python_decorator.py
[2026-01-14T10:30:03.804+0000] {processor.py:840} INFO - DAG(s) 'example_python_decorator' retrieved from /home/airflow/.local/lib/python3.12/site-packages/airflow/example_dags/example_python_decorator.py
[2026-01-14T10:30:03.846+0000] {logging_mixin.py:188} INFO - [2026-01-14T10:30:03.845+0000] {dag.py:3096} INFO - Sync 1 DAGs
[2026-01-14T10:30:03.860+0000] {logging_mixin.py:188} INFO - [2026-01-14T10:30:03.860+0000] {dag.py:3954} INFO - Setting next_dagrun for example_python_decorator to None, run_after=None
[2026-01-14T10:30:03.883+0000] {processor.py:183} INFO - Processing /home/airflow/.local/lib/python3.12/site-packages/airflow/example_dags/example_python_decorator.py took 0.108 seconds
