[2026-01-14T07:54:55.501+0000] {processor.py:161} INFO - Started process (PID=388) to work on /home/airflow/.local/lib/python3.12/site-packages/airflow/example_dags/example_sensor_decorator.py
[2026-01-14T07:54:55.502+0000] {processor.py:830} INFO - Processing file /home/airflow/.local/lib/python3.12/site-packages/airflow/example_dags/example_sensor_decorator.py for tasks to queue
[2026-01-14T07:54:55.503+0000] {logging_mixin.py:188} INFO - [2026-01-14T07:54:55.503+0000] {dagbag.py:545} INFO - Filling up the DagBag from /home/airflow/.local/lib/python3.12/site-packages/airflow/example_dags/example_sensor_decorator.py
[2026-01-14T07:54:55.513+0000] {processor.py:840} INFO - DAG(s) 'example_sensor_decorator' retrieved from /home/airflow/.local/lib/python3.12/site-packages/airflow/example_dags/example_sensor_decorator.py
[2026-01-14T07:54:55.542+0000] {logging_mixin.py:188} INFO - [2026-01-14T07:54:55.542+0000] {dag.py:3096} INFO - Sync 1 DAGs
[2026-01-14T07:54:55.563+0000] {logging_mixin.py:188} INFO - [2026-01-14T07:54:55.563+0000] {dag.py:3954} INFO - Setting next_dagrun for example_sensor_decorator to None, run_after=None
[2026-01-14T07:54:55.592+0000] {processor.py:183} INFO - Processing /home/airflow/.local/lib/python3.12/site-packages/airflow/example_dags/example_sensor_decorator.py took 0.098 seconds
[2026-01-14T07:55:26.263+0000] {processor.py:161} INFO - Started process (PID=688) to work on /home/airflow/.local/lib/python3.12/site-packages/airflow/example_dags/example_sensor_decorator.py
[2026-01-14T07:55:26.264+0000] {processor.py:830} INFO - Processing file /home/airflow/.local/lib/python3.12/site-packages/airflow/example_dags/example_sensor_decorator.py for tasks to queue
[2026-01-14T07:55:26.267+0000] {logging_mixin.py:188} INFO - [2026-01-14T07:55:26.267+0000] {dagbag.py:545} INFO - Filling up the DagBag from /home/airflow/.local/lib/python3.12/site-packages/airflow/example_dags/example_sensor_decorator.py
[2026-01-14T07:55:26.277+0000] {processor.py:840} INFO - DAG(s) 'example_sensor_decorator' retrieved from /home/airflow/.local/lib/python3.12/site-packages/airflow/example_dags/example_sensor_decorator.py
[2026-01-14T07:55:26.315+0000] {logging_mixin.py:188} INFO - [2026-01-14T07:55:26.314+0000] {dag.py:3096} INFO - Sync 1 DAGs
[2026-01-14T07:55:26.337+0000] {logging_mixin.py:188} INFO - [2026-01-14T07:55:26.336+0000] {dag.py:3954} INFO - Setting next_dagrun for example_sensor_decorator to None, run_after=None
[2026-01-14T07:55:26.373+0000] {processor.py:183} INFO - Processing /home/airflow/.local/lib/python3.12/site-packages/airflow/example_dags/example_sensor_decorator.py took 0.118 seconds
[2026-01-14T07:55:57.110+0000] {processor.py:161} INFO - Started process (PID=964) to work on /home/airflow/.local/lib/python3.12/site-packages/airflow/example_dags/example_sensor_decorator.py
[2026-01-14T07:55:57.112+0000] {processor.py:830} INFO - Processing file /home/airflow/.local/lib/python3.12/site-packages/airflow/example_dags/example_sensor_decorator.py for tasks to queue
[2026-01-14T07:55:57.114+0000] {logging_mixin.py:188} INFO - [2026-01-14T07:55:57.114+0000] {dagbag.py:545} INFO - Filling up the DagBag from /home/airflow/.local/lib/python3.12/site-packages/airflow/example_dags/example_sensor_decorator.py
[2026-01-14T07:55:57.122+0000] {processor.py:840} INFO - DAG(s) 'example_sensor_decorator' retrieved from /home/airflow/.local/lib/python3.12/site-packages/airflow/example_dags/example_sensor_decorator.py
[2026-01-14T07:55:57.151+0000] {logging_mixin.py:188} INFO - [2026-01-14T07:55:57.151+0000] {dag.py:3096} INFO - Sync 1 DAGs
[2026-01-14T07:55:57.175+0000] {logging_mixin.py:188} INFO - [2026-01-14T07:55:57.174+0000] {dag.py:3954} INFO - Setting next_dagrun for example_sensor_decorator to None, run_after=None
[2026-01-14T07:55:57.206+0000] {processor.py:183} INFO - Processing /home/airflow/.local/lib/python3.12/site-packages/airflow/example_dags/example_sensor_decorator.py took 0.104 seconds
[2026-01-14T07:56:27.996+0000] {processor.py:161} INFO - Started process (PID=1235) to work on /home/airflow/.local/lib/python3.12/site-packages/airflow/example_dags/example_sensor_decorator.py
[2026-01-14T07:56:27.998+0000] {processor.py:830} INFO - Processing file /home/airflow/.local/lib/python3.12/site-packages/airflow/example_dags/example_sensor_decorator.py for tasks to queue
[2026-01-14T07:56:28.000+0000] {logging_mixin.py:188} INFO - [2026-01-14T07:56:28.000+0000] {dagbag.py:545} INFO - Filling up the DagBag from /home/airflow/.local/lib/python3.12/site-packages/airflow/example_dags/example_sensor_decorator.py
[2026-01-14T07:56:28.009+0000] {processor.py:840} INFO - DAG(s) 'example_sensor_decorator' retrieved from /home/airflow/.local/lib/python3.12/site-packages/airflow/example_dags/example_sensor_decorator.py
[2026-01-14T07:56:28.045+0000] {logging_mixin.py:188} INFO - [2026-01-14T07:56:28.044+0000] {dag.py:3096} INFO - Sync 1 DAGs
[2026-01-14T07:56:28.066+0000] {logging_mixin.py:188} INFO - [2026-01-14T07:56:28.066+0000] {dag.py:3954} INFO - Setting next_dagrun for example_sensor_decorator to None, run_after=None
[2026-01-14T07:56:28.100+0000] {processor.py:183} INFO - Processing /home/airflow/.local/lib/python3.12/site-packages/airflow/example_dags/example_sensor_decorator.py took 0.112 seconds
[2026-01-14T07:56:58.866+0000] {processor.py:161} INFO - Started process (PID=1502) to work on /home/airflow/.local/lib/python3.12/site-packages/airflow/example_dags/example_sensor_decorator.py
[2026-01-14T07:56:58.868+0000] {processor.py:830} INFO - Processing file /home/airflow/.local/lib/python3.12/site-packages/airflow/example_dags/example_sensor_decorator.py for tasks to queue
[2026-01-14T07:56:58.871+0000] {logging_mixin.py:188} INFO - [2026-01-14T07:56:58.870+0000] {dagbag.py:545} INFO - Filling up the DagBag from /home/airflow/.local/lib/python3.12/site-packages/airflow/example_dags/example_sensor_decorator.py
[2026-01-14T07:56:58.879+0000] {processor.py:840} INFO - DAG(s) 'example_sensor_decorator' retrieved from /home/airflow/.local/lib/python3.12/site-packages/airflow/example_dags/example_sensor_decorator.py
[2026-01-14T07:56:58.911+0000] {logging_mixin.py:188} INFO - [2026-01-14T07:56:58.911+0000] {dag.py:3096} INFO - Sync 1 DAGs
[2026-01-14T07:56:58.932+0000] {logging_mixin.py:188} INFO - [2026-01-14T07:56:58.932+0000] {dag.py:3954} INFO - Setting next_dagrun for example_sensor_decorator to None, run_after=None
[2026-01-14T07:56:58.961+0000] {processor.py:183} INFO - Processing /home/airflow/.local/lib/python3.12/site-packages/airflow/example_dags/example_sensor_decorator.py took 0.102 seconds
[2026-01-14T07:57:29.690+0000] {processor.py:161} INFO - Started process (PID=1805) to work on /home/airflow/.local/lib/python3.12/site-packages/airflow/example_dags/example_sensor_decorator.py
[2026-01-14T07:57:29.691+0000] {processor.py:830} INFO - Processing file /home/airflow/.local/lib/python3.12/site-packages/airflow/example_dags/example_sensor_decorator.py for tasks to queue
[2026-01-14T07:57:29.694+0000] {logging_mixin.py:188} INFO - [2026-01-14T07:57:29.693+0000] {dagbag.py:545} INFO - Filling up the DagBag from /home/airflow/.local/lib/python3.12/site-packages/airflow/example_dags/example_sensor_decorator.py
[2026-01-14T07:57:29.702+0000] {processor.py:840} INFO - DAG(s) 'example_sensor_decorator' retrieved from /home/airflow/.local/lib/python3.12/site-packages/airflow/example_dags/example_sensor_decorator.py
[2026-01-14T07:57:29.735+0000] {logging_mixin.py:188} INFO - [2026-01-14T07:57:29.735+0000] {dag.py:3096} INFO - Sync 1 DAGs
[2026-01-14T07:57:29.754+0000] {logging_mixin.py:188} INFO - [2026-01-14T07:57:29.754+0000] {dag.py:3954} INFO - Setting next_dagrun for example_sensor_decorator to None, run_after=None
[2026-01-14T07:57:29.783+0000] {processor.py:183} INFO - Processing /home/airflow/.local/lib/python3.12/site-packages/airflow/example_dags/example_sensor_decorator.py took 0.100 seconds
[2026-01-14T07:58:48.519+0000] {processor.py:161} INFO - Started process (PID=340) to work on /home/airflow/.local/lib/python3.12/site-packages/airflow/example_dags/example_sensor_decorator.py
[2026-01-14T07:58:48.520+0000] {processor.py:830} INFO - Processing file /home/airflow/.local/lib/python3.12/site-packages/airflow/example_dags/example_sensor_decorator.py for tasks to queue
[2026-01-14T07:58:48.523+0000] {logging_mixin.py:188} INFO - [2026-01-14T07:58:48.522+0000] {dagbag.py:545} INFO - Filling up the DagBag from /home/airflow/.local/lib/python3.12/site-packages/airflow/example_dags/example_sensor_decorator.py
[2026-01-14T07:58:48.533+0000] {processor.py:840} INFO - DAG(s) 'example_sensor_decorator' retrieved from /home/airflow/.local/lib/python3.12/site-packages/airflow/example_dags/example_sensor_decorator.py
[2026-01-14T07:58:48.561+0000] {logging_mixin.py:188} INFO - [2026-01-14T07:58:48.561+0000] {dag.py:3096} INFO - Sync 1 DAGs
[2026-01-14T07:58:48.577+0000] {logging_mixin.py:188} INFO - [2026-01-14T07:58:48.577+0000] {dag.py:3954} INFO - Setting next_dagrun for example_sensor_decorator to None, run_after=None
[2026-01-14T07:58:48.600+0000] {processor.py:183} INFO - Processing /home/airflow/.local/lib/python3.12/site-packages/airflow/example_dags/example_sensor_decorator.py took 0.089 seconds
[2026-01-14T07:59:18.974+0000] {processor.py:161} INFO - Started process (PID=609) to work on /home/airflow/.local/lib/python3.12/site-packages/airflow/example_dags/example_sensor_decorator.py
[2026-01-14T07:59:18.976+0000] {processor.py:830} INFO - Processing file /home/airflow/.local/lib/python3.12/site-packages/airflow/example_dags/example_sensor_decorator.py for tasks to queue
[2026-01-14T07:59:18.982+0000] {logging_mixin.py:188} INFO - [2026-01-14T07:59:18.981+0000] {dagbag.py:545} INFO - Filling up the DagBag from /home/airflow/.local/lib/python3.12/site-packages/airflow/example_dags/example_sensor_decorator.py
[2026-01-14T07:59:18.995+0000] {processor.py:840} INFO - DAG(s) 'example_sensor_decorator' retrieved from /home/airflow/.local/lib/python3.12/site-packages/airflow/example_dags/example_sensor_decorator.py
[2026-01-14T07:59:19.039+0000] {logging_mixin.py:188} INFO - [2026-01-14T07:59:19.039+0000] {dag.py:3096} INFO - Sync 1 DAGs
[2026-01-14T07:59:19.062+0000] {logging_mixin.py:188} INFO - [2026-01-14T07:59:19.062+0000] {dag.py:3954} INFO - Setting next_dagrun for example_sensor_decorator to None, run_after=None
[2026-01-14T07:59:19.094+0000] {processor.py:183} INFO - Processing /home/airflow/.local/lib/python3.12/site-packages/airflow/example_dags/example_sensor_decorator.py took 0.131 seconds
[2026-01-14T07:59:49.184+0000] {processor.py:161} INFO - Started process (PID=934) to work on /home/airflow/.local/lib/python3.12/site-packages/airflow/example_dags/example_sensor_decorator.py
[2026-01-14T07:59:49.186+0000] {processor.py:830} INFO - Processing file /home/airflow/.local/lib/python3.12/site-packages/airflow/example_dags/example_sensor_decorator.py for tasks to queue
[2026-01-14T07:59:49.188+0000] {logging_mixin.py:188} INFO - [2026-01-14T07:59:49.188+0000] {dagbag.py:545} INFO - Filling up the DagBag from /home/airflow/.local/lib/python3.12/site-packages/airflow/example_dags/example_sensor_decorator.py
[2026-01-14T07:59:49.195+0000] {processor.py:840} INFO - DAG(s) 'example_sensor_decorator' retrieved from /home/airflow/.local/lib/python3.12/site-packages/airflow/example_dags/example_sensor_decorator.py
[2026-01-14T07:59:49.227+0000] {logging_mixin.py:188} INFO - [2026-01-14T07:59:49.227+0000] {dag.py:3096} INFO - Sync 1 DAGs
[2026-01-14T07:59:49.246+0000] {logging_mixin.py:188} INFO - [2026-01-14T07:59:49.246+0000] {dag.py:3954} INFO - Setting next_dagrun for example_sensor_decorator to None, run_after=None
[2026-01-14T07:59:49.273+0000] {processor.py:183} INFO - Processing /home/airflow/.local/lib/python3.12/site-packages/airflow/example_dags/example_sensor_decorator.py took 0.096 seconds
[2026-01-14T08:00:19.973+0000] {processor.py:161} INFO - Started process (PID=1198) to work on /home/airflow/.local/lib/python3.12/site-packages/airflow/example_dags/example_sensor_decorator.py
[2026-01-14T08:00:19.975+0000] {processor.py:830} INFO - Processing file /home/airflow/.local/lib/python3.12/site-packages/airflow/example_dags/example_sensor_decorator.py for tasks to queue
[2026-01-14T08:00:19.978+0000] {logging_mixin.py:188} INFO - [2026-01-14T08:00:19.977+0000] {dagbag.py:545} INFO - Filling up the DagBag from /home/airflow/.local/lib/python3.12/site-packages/airflow/example_dags/example_sensor_decorator.py
[2026-01-14T08:00:19.986+0000] {processor.py:840} INFO - DAG(s) 'example_sensor_decorator' retrieved from /home/airflow/.local/lib/python3.12/site-packages/airflow/example_dags/example_sensor_decorator.py
[2026-01-14T08:00:20.018+0000] {logging_mixin.py:188} INFO - [2026-01-14T08:00:20.018+0000] {dag.py:3096} INFO - Sync 1 DAGs
[2026-01-14T08:00:20.038+0000] {logging_mixin.py:188} INFO - [2026-01-14T08:00:20.038+0000] {dag.py:3954} INFO - Setting next_dagrun for example_sensor_decorator to None, run_after=None
[2026-01-14T08:00:20.066+0000] {processor.py:183} INFO - Processing /home/airflow/.local/lib/python3.12/site-packages/airflow/example_dags/example_sensor_decorator.py took 0.100 seconds
[2026-01-14T08:00:50.500+0000] {processor.py:161} INFO - Started process (PID=1461) to work on /home/airflow/.local/lib/python3.12/site-packages/airflow/example_dags/example_sensor_decorator.py
[2026-01-14T08:00:50.501+0000] {processor.py:830} INFO - Processing file /home/airflow/.local/lib/python3.12/site-packages/airflow/example_dags/example_sensor_decorator.py for tasks to queue
[2026-01-14T08:00:50.504+0000] {logging_mixin.py:188} INFO - [2026-01-14T08:00:50.503+0000] {dagbag.py:545} INFO - Filling up the DagBag from /home/airflow/.local/lib/python3.12/site-packages/airflow/example_dags/example_sensor_decorator.py
[2026-01-14T08:00:50.512+0000] {processor.py:840} INFO - DAG(s) 'example_sensor_decorator' retrieved from /home/airflow/.local/lib/python3.12/site-packages/airflow/example_dags/example_sensor_decorator.py
[2026-01-14T08:00:50.542+0000] {logging_mixin.py:188} INFO - [2026-01-14T08:00:50.542+0000] {dag.py:3096} INFO - Sync 1 DAGs
[2026-01-14T08:00:50.560+0000] {logging_mixin.py:188} INFO - [2026-01-14T08:00:50.560+0000] {dag.py:3954} INFO - Setting next_dagrun for example_sensor_decorator to None, run_after=None
[2026-01-14T08:00:50.591+0000] {processor.py:183} INFO - Processing /home/airflow/.local/lib/python3.12/site-packages/airflow/example_dags/example_sensor_decorator.py took 0.099 seconds
[2026-01-14T08:01:20.748+0000] {processor.py:161} INFO - Started process (PID=1723) to work on /home/airflow/.local/lib/python3.12/site-packages/airflow/example_dags/example_sensor_decorator.py
[2026-01-14T08:01:20.749+0000] {processor.py:830} INFO - Processing file /home/airflow/.local/lib/python3.12/site-packages/airflow/example_dags/example_sensor_decorator.py for tasks to queue
[2026-01-14T08:01:20.752+0000] {logging_mixin.py:188} INFO - [2026-01-14T08:01:20.752+0000] {dagbag.py:545} INFO - Filling up the DagBag from /home/airflow/.local/lib/python3.12/site-packages/airflow/example_dags/example_sensor_decorator.py
[2026-01-14T08:01:20.761+0000] {processor.py:840} INFO - DAG(s) 'example_sensor_decorator' retrieved from /home/airflow/.local/lib/python3.12/site-packages/airflow/example_dags/example_sensor_decorator.py
[2026-01-14T08:01:20.794+0000] {logging_mixin.py:188} INFO - [2026-01-14T08:01:20.794+0000] {dag.py:3096} INFO - Sync 1 DAGs
[2026-01-14T08:01:20.816+0000] {logging_mixin.py:188} INFO - [2026-01-14T08:01:20.816+0000] {dag.py:3954} INFO - Setting next_dagrun for example_sensor_decorator to None, run_after=None
[2026-01-14T08:01:20.843+0000] {processor.py:183} INFO - Processing /home/airflow/.local/lib/python3.12/site-packages/airflow/example_dags/example_sensor_decorator.py took 0.103 seconds
[2026-01-14T08:01:51.091+0000] {processor.py:161} INFO - Started process (PID=2008) to work on /home/airflow/.local/lib/python3.12/site-packages/airflow/example_dags/example_sensor_decorator.py
[2026-01-14T08:01:51.092+0000] {processor.py:830} INFO - Processing file /home/airflow/.local/lib/python3.12/site-packages/airflow/example_dags/example_sensor_decorator.py for tasks to queue
[2026-01-14T08:01:51.095+0000] {logging_mixin.py:188} INFO - [2026-01-14T08:01:51.094+0000] {dagbag.py:545} INFO - Filling up the DagBag from /home/airflow/.local/lib/python3.12/site-packages/airflow/example_dags/example_sensor_decorator.py
[2026-01-14T08:01:51.104+0000] {processor.py:840} INFO - DAG(s) 'example_sensor_decorator' retrieved from /home/airflow/.local/lib/python3.12/site-packages/airflow/example_dags/example_sensor_decorator.py
[2026-01-14T08:01:51.139+0000] {logging_mixin.py:188} INFO - [2026-01-14T08:01:51.139+0000] {dag.py:3096} INFO - Sync 1 DAGs
[2026-01-14T08:01:51.163+0000] {logging_mixin.py:188} INFO - [2026-01-14T08:01:51.163+0000] {dag.py:3954} INFO - Setting next_dagrun for example_sensor_decorator to None, run_after=None
[2026-01-14T08:01:51.193+0000] {processor.py:183} INFO - Processing /home/airflow/.local/lib/python3.12/site-packages/airflow/example_dags/example_sensor_decorator.py took 0.111 seconds
[2026-01-14T08:02:21.505+0000] {processor.py:161} INFO - Started process (PID=2272) to work on /home/airflow/.local/lib/python3.12/site-packages/airflow/example_dags/example_sensor_decorator.py
[2026-01-14T08:02:21.506+0000] {processor.py:830} INFO - Processing file /home/airflow/.local/lib/python3.12/site-packages/airflow/example_dags/example_sensor_decorator.py for tasks to queue
[2026-01-14T08:02:21.509+0000] {logging_mixin.py:188} INFO - [2026-01-14T08:02:21.509+0000] {dagbag.py:545} INFO - Filling up the DagBag from /home/airflow/.local/lib/python3.12/site-packages/airflow/example_dags/example_sensor_decorator.py
[2026-01-14T08:02:21.518+0000] {processor.py:840} INFO - DAG(s) 'example_sensor_decorator' retrieved from /home/airflow/.local/lib/python3.12/site-packages/airflow/example_dags/example_sensor_decorator.py
[2026-01-14T08:02:21.550+0000] {logging_mixin.py:188} INFO - [2026-01-14T08:02:21.549+0000] {dag.py:3096} INFO - Sync 1 DAGs
[2026-01-14T08:02:21.568+0000] {logging_mixin.py:188} INFO - [2026-01-14T08:02:21.568+0000] {dag.py:3954} INFO - Setting next_dagrun for example_sensor_decorator to None, run_after=None
[2026-01-14T08:02:21.595+0000] {processor.py:183} INFO - Processing /home/airflow/.local/lib/python3.12/site-packages/airflow/example_dags/example_sensor_decorator.py took 0.097 seconds
[2026-01-14T08:02:52.062+0000] {processor.py:161} INFO - Started process (PID=2533) to work on /home/airflow/.local/lib/python3.12/site-packages/airflow/example_dags/example_sensor_decorator.py
[2026-01-14T08:02:52.063+0000] {processor.py:830} INFO - Processing file /home/airflow/.local/lib/python3.12/site-packages/airflow/example_dags/example_sensor_decorator.py for tasks to queue
[2026-01-14T08:02:52.066+0000] {logging_mixin.py:188} INFO - [2026-01-14T08:02:52.065+0000] {dagbag.py:545} INFO - Filling up the DagBag from /home/airflow/.local/lib/python3.12/site-packages/airflow/example_dags/example_sensor_decorator.py
[2026-01-14T08:02:52.074+0000] {processor.py:840} INFO - DAG(s) 'example_sensor_decorator' retrieved from /home/airflow/.local/lib/python3.12/site-packages/airflow/example_dags/example_sensor_decorator.py
[2026-01-14T08:02:52.106+0000] {logging_mixin.py:188} INFO - [2026-01-14T08:02:52.106+0000] {dag.py:3096} INFO - Sync 1 DAGs
[2026-01-14T08:02:52.125+0000] {logging_mixin.py:188} INFO - [2026-01-14T08:02:52.125+0000] {dag.py:3954} INFO - Setting next_dagrun for example_sensor_decorator to None, run_after=None
[2026-01-14T08:02:52.152+0000] {processor.py:183} INFO - Processing /home/airflow/.local/lib/python3.12/site-packages/airflow/example_dags/example_sensor_decorator.py took 0.098 seconds
[2026-01-14T08:03:22.456+0000] {processor.py:161} INFO - Started process (PID=2797) to work on /home/airflow/.local/lib/python3.12/site-packages/airflow/example_dags/example_sensor_decorator.py
[2026-01-14T08:03:22.457+0000] {processor.py:830} INFO - Processing file /home/airflow/.local/lib/python3.12/site-packages/airflow/example_dags/example_sensor_decorator.py for tasks to queue
[2026-01-14T08:03:22.460+0000] {logging_mixin.py:188} INFO - [2026-01-14T08:03:22.459+0000] {dagbag.py:545} INFO - Filling up the DagBag from /home/airflow/.local/lib/python3.12/site-packages/airflow/example_dags/example_sensor_decorator.py
[2026-01-14T08:03:22.468+0000] {processor.py:840} INFO - DAG(s) 'example_sensor_decorator' retrieved from /home/airflow/.local/lib/python3.12/site-packages/airflow/example_dags/example_sensor_decorator.py
[2026-01-14T08:03:22.501+0000] {logging_mixin.py:188} INFO - [2026-01-14T08:03:22.501+0000] {dag.py:3096} INFO - Sync 1 DAGs
[2026-01-14T08:03:22.521+0000] {logging_mixin.py:188} INFO - [2026-01-14T08:03:22.521+0000] {dag.py:3954} INFO - Setting next_dagrun for example_sensor_decorator to None, run_after=None
[2026-01-14T08:03:22.552+0000] {processor.py:183} INFO - Processing /home/airflow/.local/lib/python3.12/site-packages/airflow/example_dags/example_sensor_decorator.py took 0.104 seconds
[2026-01-14T08:03:53.070+0000] {processor.py:161} INFO - Started process (PID=3082) to work on /home/airflow/.local/lib/python3.12/site-packages/airflow/example_dags/example_sensor_decorator.py
[2026-01-14T08:03:53.072+0000] {processor.py:830} INFO - Processing file /home/airflow/.local/lib/python3.12/site-packages/airflow/example_dags/example_sensor_decorator.py for tasks to queue
[2026-01-14T08:03:53.075+0000] {logging_mixin.py:188} INFO - [2026-01-14T08:03:53.074+0000] {dagbag.py:545} INFO - Filling up the DagBag from /home/airflow/.local/lib/python3.12/site-packages/airflow/example_dags/example_sensor_decorator.py
[2026-01-14T08:03:53.085+0000] {processor.py:840} INFO - DAG(s) 'example_sensor_decorator' retrieved from /home/airflow/.local/lib/python3.12/site-packages/airflow/example_dags/example_sensor_decorator.py
[2026-01-14T08:03:53.115+0000] {logging_mixin.py:188} INFO - [2026-01-14T08:03:53.115+0000] {dag.py:3096} INFO - Sync 1 DAGs
[2026-01-14T08:03:53.132+0000] {logging_mixin.py:188} INFO - [2026-01-14T08:03:53.132+0000] {dag.py:3954} INFO - Setting next_dagrun for example_sensor_decorator to None, run_after=None
[2026-01-14T08:03:53.159+0000] {processor.py:183} INFO - Processing /home/airflow/.local/lib/python3.12/site-packages/airflow/example_dags/example_sensor_decorator.py took 0.097 seconds
[2026-01-14T08:04:23.368+0000] {processor.py:161} INFO - Started process (PID=3346) to work on /home/airflow/.local/lib/python3.12/site-packages/airflow/example_dags/example_sensor_decorator.py
[2026-01-14T08:04:23.370+0000] {processor.py:830} INFO - Processing file /home/airflow/.local/lib/python3.12/site-packages/airflow/example_dags/example_sensor_decorator.py for tasks to queue
[2026-01-14T08:04:23.372+0000] {logging_mixin.py:188} INFO - [2026-01-14T08:04:23.372+0000] {dagbag.py:545} INFO - Filling up the DagBag from /home/airflow/.local/lib/python3.12/site-packages/airflow/example_dags/example_sensor_decorator.py
[2026-01-14T08:04:23.380+0000] {processor.py:840} INFO - DAG(s) 'example_sensor_decorator' retrieved from /home/airflow/.local/lib/python3.12/site-packages/airflow/example_dags/example_sensor_decorator.py
[2026-01-14T08:04:23.412+0000] {logging_mixin.py:188} INFO - [2026-01-14T08:04:23.411+0000] {dag.py:3096} INFO - Sync 1 DAGs
[2026-01-14T08:04:23.435+0000] {logging_mixin.py:188} INFO - [2026-01-14T08:04:23.435+0000] {dag.py:3954} INFO - Setting next_dagrun for example_sensor_decorator to None, run_after=None
[2026-01-14T08:04:23.463+0000] {processor.py:183} INFO - Processing /home/airflow/.local/lib/python3.12/site-packages/airflow/example_dags/example_sensor_decorator.py took 0.102 seconds
[2026-01-14T08:04:54.034+0000] {processor.py:161} INFO - Started process (PID=3607) to work on /home/airflow/.local/lib/python3.12/site-packages/airflow/example_dags/example_sensor_decorator.py
[2026-01-14T08:04:54.035+0000] {processor.py:830} INFO - Processing file /home/airflow/.local/lib/python3.12/site-packages/airflow/example_dags/example_sensor_decorator.py for tasks to queue
[2026-01-14T08:04:54.037+0000] {logging_mixin.py:188} INFO - [2026-01-14T08:04:54.037+0000] {dagbag.py:545} INFO - Filling up the DagBag from /home/airflow/.local/lib/python3.12/site-packages/airflow/example_dags/example_sensor_decorator.py
[2026-01-14T08:04:54.044+0000] {processor.py:840} INFO - DAG(s) 'example_sensor_decorator' retrieved from /home/airflow/.local/lib/python3.12/site-packages/airflow/example_dags/example_sensor_decorator.py
[2026-01-14T08:04:54.070+0000] {logging_mixin.py:188} INFO - [2026-01-14T08:04:54.069+0000] {dag.py:3096} INFO - Sync 1 DAGs
[2026-01-14T08:04:54.085+0000] {logging_mixin.py:188} INFO - [2026-01-14T08:04:54.085+0000] {dag.py:3954} INFO - Setting next_dagrun for example_sensor_decorator to None, run_after=None
[2026-01-14T08:04:54.108+0000] {processor.py:183} INFO - Processing /home/airflow/.local/lib/python3.12/site-packages/airflow/example_dags/example_sensor_decorator.py took 0.080 seconds
[2026-01-14T08:06:48.843+0000] {processor.py:161} INFO - Started process (PID=3867) to work on /home/airflow/.local/lib/python3.12/site-packages/airflow/example_dags/example_sensor_decorator.py
[2026-01-14T08:06:48.844+0000] {processor.py:830} INFO - Processing file /home/airflow/.local/lib/python3.12/site-packages/airflow/example_dags/example_sensor_decorator.py for tasks to queue
[2026-01-14T08:06:48.847+0000] {logging_mixin.py:188} INFO - [2026-01-14T08:06:48.847+0000] {dagbag.py:545} INFO - Filling up the DagBag from /home/airflow/.local/lib/python3.12/site-packages/airflow/example_dags/example_sensor_decorator.py
[2026-01-14T08:06:48.857+0000] {processor.py:840} INFO - DAG(s) 'example_sensor_decorator' retrieved from /home/airflow/.local/lib/python3.12/site-packages/airflow/example_dags/example_sensor_decorator.py
[2026-01-14T08:06:48.895+0000] {logging_mixin.py:188} INFO - [2026-01-14T08:06:48.895+0000] {dag.py:3096} INFO - Sync 1 DAGs
[2026-01-14T08:06:48.919+0000] {logging_mixin.py:188} INFO - [2026-01-14T08:06:48.919+0000] {dag.py:3954} INFO - Setting next_dagrun for example_sensor_decorator to None, run_after=None
[2026-01-14T08:06:48.952+0000] {processor.py:183} INFO - Processing /home/airflow/.local/lib/python3.12/site-packages/airflow/example_dags/example_sensor_decorator.py took 0.118 seconds
[2026-01-14T08:07:19.017+0000] {processor.py:161} INFO - Started process (PID=4126) to work on /home/airflow/.local/lib/python3.12/site-packages/airflow/example_dags/example_sensor_decorator.py
[2026-01-14T08:07:19.018+0000] {processor.py:830} INFO - Processing file /home/airflow/.local/lib/python3.12/site-packages/airflow/example_dags/example_sensor_decorator.py for tasks to queue
[2026-01-14T08:07:19.020+0000] {logging_mixin.py:188} INFO - [2026-01-14T08:07:19.020+0000] {dagbag.py:545} INFO - Filling up the DagBag from /home/airflow/.local/lib/python3.12/site-packages/airflow/example_dags/example_sensor_decorator.py
[2026-01-14T08:07:19.027+0000] {processor.py:840} INFO - DAG(s) 'example_sensor_decorator' retrieved from /home/airflow/.local/lib/python3.12/site-packages/airflow/example_dags/example_sensor_decorator.py
[2026-01-14T08:07:19.051+0000] {logging_mixin.py:188} INFO - [2026-01-14T08:07:19.050+0000] {dag.py:3096} INFO - Sync 1 DAGs
[2026-01-14T08:07:19.066+0000] {logging_mixin.py:188} INFO - [2026-01-14T08:07:19.066+0000] {dag.py:3954} INFO - Setting next_dagrun for example_sensor_decorator to None, run_after=None
[2026-01-14T08:07:19.089+0000] {processor.py:183} INFO - Processing /home/airflow/.local/lib/python3.12/site-packages/airflow/example_dags/example_sensor_decorator.py took 0.079 seconds
[2026-01-14T08:07:50.493+0000] {processor.py:161} INFO - Started process (PID=4387) to work on /home/airflow/.local/lib/python3.12/site-packages/airflow/example_dags/example_sensor_decorator.py
[2026-01-14T08:07:50.494+0000] {processor.py:830} INFO - Processing file /home/airflow/.local/lib/python3.12/site-packages/airflow/example_dags/example_sensor_decorator.py for tasks to queue
[2026-01-14T08:07:50.497+0000] {logging_mixin.py:188} INFO - [2026-01-14T08:07:50.496+0000] {dagbag.py:545} INFO - Filling up the DagBag from /home/airflow/.local/lib/python3.12/site-packages/airflow/example_dags/example_sensor_decorator.py
[2026-01-14T08:07:50.506+0000] {processor.py:840} INFO - DAG(s) 'example_sensor_decorator' retrieved from /home/airflow/.local/lib/python3.12/site-packages/airflow/example_dags/example_sensor_decorator.py
[2026-01-14T08:07:50.541+0000] {logging_mixin.py:188} INFO - [2026-01-14T08:07:50.541+0000] {dag.py:3096} INFO - Sync 1 DAGs
[2026-01-14T08:07:50.564+0000] {logging_mixin.py:188} INFO - [2026-01-14T08:07:50.564+0000] {dag.py:3954} INFO - Setting next_dagrun for example_sensor_decorator to None, run_after=None
[2026-01-14T08:07:50.599+0000] {processor.py:183} INFO - Processing /home/airflow/.local/lib/python3.12/site-packages/airflow/example_dags/example_sensor_decorator.py took 0.113 seconds
[2026-01-14T08:08:20.944+0000] {processor.py:161} INFO - Started process (PID=4648) to work on /home/airflow/.local/lib/python3.12/site-packages/airflow/example_dags/example_sensor_decorator.py
[2026-01-14T08:08:20.945+0000] {processor.py:830} INFO - Processing file /home/airflow/.local/lib/python3.12/site-packages/airflow/example_dags/example_sensor_decorator.py for tasks to queue
[2026-01-14T08:08:20.947+0000] {logging_mixin.py:188} INFO - [2026-01-14T08:08:20.946+0000] {dagbag.py:545} INFO - Filling up the DagBag from /home/airflow/.local/lib/python3.12/site-packages/airflow/example_dags/example_sensor_decorator.py
[2026-01-14T08:08:20.955+0000] {processor.py:840} INFO - DAG(s) 'example_sensor_decorator' retrieved from /home/airflow/.local/lib/python3.12/site-packages/airflow/example_dags/example_sensor_decorator.py
[2026-01-14T08:08:20.982+0000] {logging_mixin.py:188} INFO - [2026-01-14T08:08:20.982+0000] {dag.py:3096} INFO - Sync 1 DAGs
[2026-01-14T08:08:20.996+0000] {logging_mixin.py:188} INFO - [2026-01-14T08:08:20.996+0000] {dag.py:3954} INFO - Setting next_dagrun for example_sensor_decorator to None, run_after=None
[2026-01-14T08:08:21.019+0000] {processor.py:183} INFO - Processing /home/airflow/.local/lib/python3.12/site-packages/airflow/example_dags/example_sensor_decorator.py took 0.081 seconds
[2026-01-14T08:08:51.778+0000] {processor.py:161} INFO - Started process (PID=4909) to work on /home/airflow/.local/lib/python3.12/site-packages/airflow/example_dags/example_sensor_decorator.py
[2026-01-14T08:08:51.779+0000] {processor.py:830} INFO - Processing file /home/airflow/.local/lib/python3.12/site-packages/airflow/example_dags/example_sensor_decorator.py for tasks to queue
[2026-01-14T08:08:51.782+0000] {logging_mixin.py:188} INFO - [2026-01-14T08:08:51.782+0000] {dagbag.py:545} INFO - Filling up the DagBag from /home/airflow/.local/lib/python3.12/site-packages/airflow/example_dags/example_sensor_decorator.py
[2026-01-14T08:08:51.791+0000] {processor.py:840} INFO - DAG(s) 'example_sensor_decorator' retrieved from /home/airflow/.local/lib/python3.12/site-packages/airflow/example_dags/example_sensor_decorator.py
[2026-01-14T08:08:51.823+0000] {logging_mixin.py:188} INFO - [2026-01-14T08:08:51.823+0000] {dag.py:3096} INFO - Sync 1 DAGs
[2026-01-14T08:08:51.843+0000] {logging_mixin.py:188} INFO - [2026-01-14T08:08:51.842+0000] {dag.py:3954} INFO - Setting next_dagrun for example_sensor_decorator to None, run_after=None
[2026-01-14T08:08:51.871+0000] {processor.py:183} INFO - Processing /home/airflow/.local/lib/python3.12/site-packages/airflow/example_dags/example_sensor_decorator.py took 0.102 seconds
[2026-01-14T08:09:21.993+0000] {processor.py:161} INFO - Started process (PID=5172) to work on /home/airflow/.local/lib/python3.12/site-packages/airflow/example_dags/example_sensor_decorator.py
[2026-01-14T08:09:21.994+0000] {processor.py:830} INFO - Processing file /home/airflow/.local/lib/python3.12/site-packages/airflow/example_dags/example_sensor_decorator.py for tasks to queue
[2026-01-14T08:09:21.996+0000] {logging_mixin.py:188} INFO - [2026-01-14T08:09:21.996+0000] {dagbag.py:545} INFO - Filling up the DagBag from /home/airflow/.local/lib/python3.12/site-packages/airflow/example_dags/example_sensor_decorator.py
[2026-01-14T08:09:22.003+0000] {processor.py:840} INFO - DAG(s) 'example_sensor_decorator' retrieved from /home/airflow/.local/lib/python3.12/site-packages/airflow/example_dags/example_sensor_decorator.py
[2026-01-14T08:09:22.028+0000] {logging_mixin.py:188} INFO - [2026-01-14T08:09:22.028+0000] {dag.py:3096} INFO - Sync 1 DAGs
[2026-01-14T08:09:22.043+0000] {logging_mixin.py:188} INFO - [2026-01-14T08:09:22.043+0000] {dag.py:3954} INFO - Setting next_dagrun for example_sensor_decorator to None, run_after=None
[2026-01-14T08:09:22.064+0000] {processor.py:183} INFO - Processing /home/airflow/.local/lib/python3.12/site-packages/airflow/example_dags/example_sensor_decorator.py took 0.077 seconds
[2026-01-14T08:09:52.290+0000] {processor.py:161} INFO - Started process (PID=5431) to work on /home/airflow/.local/lib/python3.12/site-packages/airflow/example_dags/example_sensor_decorator.py
[2026-01-14T08:09:52.291+0000] {processor.py:830} INFO - Processing file /home/airflow/.local/lib/python3.12/site-packages/airflow/example_dags/example_sensor_decorator.py for tasks to queue
[2026-01-14T08:09:52.293+0000] {logging_mixin.py:188} INFO - [2026-01-14T08:09:52.292+0000] {dagbag.py:545} INFO - Filling up the DagBag from /home/airflow/.local/lib/python3.12/site-packages/airflow/example_dags/example_sensor_decorator.py
[2026-01-14T08:09:52.299+0000] {processor.py:840} INFO - DAG(s) 'example_sensor_decorator' retrieved from /home/airflow/.local/lib/python3.12/site-packages/airflow/example_dags/example_sensor_decorator.py
[2026-01-14T08:09:52.327+0000] {logging_mixin.py:188} INFO - [2026-01-14T08:09:52.327+0000] {dag.py:3096} INFO - Sync 1 DAGs
[2026-01-14T08:09:52.345+0000] {logging_mixin.py:188} INFO - [2026-01-14T08:09:52.345+0000] {dag.py:3954} INFO - Setting next_dagrun for example_sensor_decorator to None, run_after=None
[2026-01-14T08:09:52.370+0000] {processor.py:183} INFO - Processing /home/airflow/.local/lib/python3.12/site-packages/airflow/example_dags/example_sensor_decorator.py took 0.087 seconds
[2026-01-14T08:10:22.630+0000] {processor.py:161} INFO - Started process (PID=5692) to work on /home/airflow/.local/lib/python3.12/site-packages/airflow/example_dags/example_sensor_decorator.py
[2026-01-14T08:10:22.631+0000] {processor.py:830} INFO - Processing file /home/airflow/.local/lib/python3.12/site-packages/airflow/example_dags/example_sensor_decorator.py for tasks to queue
[2026-01-14T08:10:22.633+0000] {logging_mixin.py:188} INFO - [2026-01-14T08:10:22.633+0000] {dagbag.py:545} INFO - Filling up the DagBag from /home/airflow/.local/lib/python3.12/site-packages/airflow/example_dags/example_sensor_decorator.py
[2026-01-14T08:10:22.639+0000] {processor.py:840} INFO - DAG(s) 'example_sensor_decorator' retrieved from /home/airflow/.local/lib/python3.12/site-packages/airflow/example_dags/example_sensor_decorator.py
[2026-01-14T08:10:22.664+0000] {logging_mixin.py:188} INFO - [2026-01-14T08:10:22.663+0000] {dag.py:3096} INFO - Sync 1 DAGs
[2026-01-14T08:10:22.679+0000] {logging_mixin.py:188} INFO - [2026-01-14T08:10:22.678+0000] {dag.py:3954} INFO - Setting next_dagrun for example_sensor_decorator to None, run_after=None
[2026-01-14T08:10:22.700+0000] {processor.py:183} INFO - Processing /home/airflow/.local/lib/python3.12/site-packages/airflow/example_dags/example_sensor_decorator.py took 0.077 seconds
[2026-01-14T08:10:52.886+0000] {processor.py:161} INFO - Started process (PID=5953) to work on /home/airflow/.local/lib/python3.12/site-packages/airflow/example_dags/example_sensor_decorator.py
[2026-01-14T08:10:52.888+0000] {processor.py:830} INFO - Processing file /home/airflow/.local/lib/python3.12/site-packages/airflow/example_dags/example_sensor_decorator.py for tasks to queue
[2026-01-14T08:10:52.890+0000] {logging_mixin.py:188} INFO - [2026-01-14T08:10:52.889+0000] {dagbag.py:545} INFO - Filling up the DagBag from /home/airflow/.local/lib/python3.12/site-packages/airflow/example_dags/example_sensor_decorator.py
[2026-01-14T08:10:52.896+0000] {processor.py:840} INFO - DAG(s) 'example_sensor_decorator' retrieved from /home/airflow/.local/lib/python3.12/site-packages/airflow/example_dags/example_sensor_decorator.py
[2026-01-14T08:10:52.921+0000] {logging_mixin.py:188} INFO - [2026-01-14T08:10:52.921+0000] {dag.py:3096} INFO - Sync 1 DAGs
[2026-01-14T08:10:52.939+0000] {logging_mixin.py:188} INFO - [2026-01-14T08:10:52.939+0000] {dag.py:3954} INFO - Setting next_dagrun for example_sensor_decorator to None, run_after=None
[2026-01-14T08:10:52.964+0000] {processor.py:183} INFO - Processing /home/airflow/.local/lib/python3.12/site-packages/airflow/example_dags/example_sensor_decorator.py took 0.083 seconds
[2026-01-14T08:11:23.253+0000] {processor.py:161} INFO - Started process (PID=6214) to work on /home/airflow/.local/lib/python3.12/site-packages/airflow/example_dags/example_sensor_decorator.py
[2026-01-14T08:11:23.254+0000] {processor.py:830} INFO - Processing file /home/airflow/.local/lib/python3.12/site-packages/airflow/example_dags/example_sensor_decorator.py for tasks to queue
[2026-01-14T08:11:23.256+0000] {logging_mixin.py:188} INFO - [2026-01-14T08:11:23.256+0000] {dagbag.py:545} INFO - Filling up the DagBag from /home/airflow/.local/lib/python3.12/site-packages/airflow/example_dags/example_sensor_decorator.py
[2026-01-14T08:11:23.264+0000] {processor.py:840} INFO - DAG(s) 'example_sensor_decorator' retrieved from /home/airflow/.local/lib/python3.12/site-packages/airflow/example_dags/example_sensor_decorator.py
[2026-01-14T08:11:23.293+0000] {logging_mixin.py:188} INFO - [2026-01-14T08:11:23.293+0000] {dag.py:3096} INFO - Sync 1 DAGs
[2026-01-14T08:11:23.308+0000] {logging_mixin.py:188} INFO - [2026-01-14T08:11:23.307+0000] {dag.py:3954} INFO - Setting next_dagrun for example_sensor_decorator to None, run_after=None
[2026-01-14T08:11:23.328+0000] {processor.py:183} INFO - Processing /home/airflow/.local/lib/python3.12/site-packages/airflow/example_dags/example_sensor_decorator.py took 0.082 seconds
[2026-01-14T08:11:53.652+0000] {processor.py:161} INFO - Started process (PID=6475) to work on /home/airflow/.local/lib/python3.12/site-packages/airflow/example_dags/example_sensor_decorator.py
[2026-01-14T08:11:53.653+0000] {processor.py:830} INFO - Processing file /home/airflow/.local/lib/python3.12/site-packages/airflow/example_dags/example_sensor_decorator.py for tasks to queue
[2026-01-14T08:11:53.655+0000] {logging_mixin.py:188} INFO - [2026-01-14T08:11:53.655+0000] {dagbag.py:545} INFO - Filling up the DagBag from /home/airflow/.local/lib/python3.12/site-packages/airflow/example_dags/example_sensor_decorator.py
[2026-01-14T08:11:53.662+0000] {processor.py:840} INFO - DAG(s) 'example_sensor_decorator' retrieved from /home/airflow/.local/lib/python3.12/site-packages/airflow/example_dags/example_sensor_decorator.py
[2026-01-14T08:11:53.688+0000] {logging_mixin.py:188} INFO - [2026-01-14T08:11:53.687+0000] {dag.py:3096} INFO - Sync 1 DAGs
[2026-01-14T08:11:53.704+0000] {logging_mixin.py:188} INFO - [2026-01-14T08:11:53.704+0000] {dag.py:3954} INFO - Setting next_dagrun for example_sensor_decorator to None, run_after=None
[2026-01-14T08:11:53.727+0000] {processor.py:183} INFO - Processing /home/airflow/.local/lib/python3.12/site-packages/airflow/example_dags/example_sensor_decorator.py took 0.081 seconds
[2026-01-14T08:12:24.376+0000] {processor.py:161} INFO - Started process (PID=6738) to work on /home/airflow/.local/lib/python3.12/site-packages/airflow/example_dags/example_sensor_decorator.py
[2026-01-14T08:12:24.377+0000] {processor.py:830} INFO - Processing file /home/airflow/.local/lib/python3.12/site-packages/airflow/example_dags/example_sensor_decorator.py for tasks to queue
[2026-01-14T08:12:24.379+0000] {logging_mixin.py:188} INFO - [2026-01-14T08:12:24.379+0000] {dagbag.py:545} INFO - Filling up the DagBag from /home/airflow/.local/lib/python3.12/site-packages/airflow/example_dags/example_sensor_decorator.py
[2026-01-14T08:12:24.385+0000] {processor.py:840} INFO - DAG(s) 'example_sensor_decorator' retrieved from /home/airflow/.local/lib/python3.12/site-packages/airflow/example_dags/example_sensor_decorator.py
[2026-01-14T08:12:24.411+0000] {logging_mixin.py:188} INFO - [2026-01-14T08:12:24.411+0000] {dag.py:3096} INFO - Sync 1 DAGs
[2026-01-14T08:12:24.426+0000] {logging_mixin.py:188} INFO - [2026-01-14T08:12:24.425+0000] {dag.py:3954} INFO - Setting next_dagrun for example_sensor_decorator to None, run_after=None
[2026-01-14T08:12:24.447+0000] {processor.py:183} INFO - Processing /home/airflow/.local/lib/python3.12/site-packages/airflow/example_dags/example_sensor_decorator.py took 0.078 seconds
[2026-01-14T08:12:55.352+0000] {processor.py:161} INFO - Started process (PID=6999) to work on /home/airflow/.local/lib/python3.12/site-packages/airflow/example_dags/example_sensor_decorator.py
[2026-01-14T08:12:55.353+0000] {processor.py:830} INFO - Processing file /home/airflow/.local/lib/python3.12/site-packages/airflow/example_dags/example_sensor_decorator.py for tasks to queue
[2026-01-14T08:12:55.356+0000] {logging_mixin.py:188} INFO - [2026-01-14T08:12:55.356+0000] {dagbag.py:545} INFO - Filling up the DagBag from /home/airflow/.local/lib/python3.12/site-packages/airflow/example_dags/example_sensor_decorator.py
[2026-01-14T08:12:55.364+0000] {processor.py:840} INFO - DAG(s) 'example_sensor_decorator' retrieved from /home/airflow/.local/lib/python3.12/site-packages/airflow/example_dags/example_sensor_decorator.py
[2026-01-14T08:12:55.389+0000] {logging_mixin.py:188} INFO - [2026-01-14T08:12:55.389+0000] {dag.py:3096} INFO - Sync 1 DAGs
[2026-01-14T08:12:55.403+0000] {logging_mixin.py:188} INFO - [2026-01-14T08:12:55.402+0000] {dag.py:3954} INFO - Setting next_dagrun for example_sensor_decorator to None, run_after=None
[2026-01-14T08:12:55.425+0000] {processor.py:183} INFO - Processing /home/airflow/.local/lib/python3.12/site-packages/airflow/example_dags/example_sensor_decorator.py took 0.080 seconds
[2026-01-14T08:13:25.692+0000] {processor.py:161} INFO - Started process (PID=7258) to work on /home/airflow/.local/lib/python3.12/site-packages/airflow/example_dags/example_sensor_decorator.py
[2026-01-14T08:13:25.693+0000] {processor.py:830} INFO - Processing file /home/airflow/.local/lib/python3.12/site-packages/airflow/example_dags/example_sensor_decorator.py for tasks to queue
[2026-01-14T08:13:25.696+0000] {logging_mixin.py:188} INFO - [2026-01-14T08:13:25.695+0000] {dagbag.py:545} INFO - Filling up the DagBag from /home/airflow/.local/lib/python3.12/site-packages/airflow/example_dags/example_sensor_decorator.py
[2026-01-14T08:13:25.703+0000] {processor.py:840} INFO - DAG(s) 'example_sensor_decorator' retrieved from /home/airflow/.local/lib/python3.12/site-packages/airflow/example_dags/example_sensor_decorator.py
[2026-01-14T08:13:25.734+0000] {logging_mixin.py:188} INFO - [2026-01-14T08:13:25.733+0000] {dag.py:3096} INFO - Sync 1 DAGs
[2026-01-14T08:13:25.747+0000] {logging_mixin.py:188} INFO - [2026-01-14T08:13:25.747+0000] {dag.py:3954} INFO - Setting next_dagrun for example_sensor_decorator to None, run_after=None
[2026-01-14T08:13:25.769+0000] {processor.py:183} INFO - Processing /home/airflow/.local/lib/python3.12/site-packages/airflow/example_dags/example_sensor_decorator.py took 0.086 seconds
[2026-01-14T09:27:45.027+0000] {processor.py:161} INFO - Started process (PID=7519) to work on /home/airflow/.local/lib/python3.12/site-packages/airflow/example_dags/example_sensor_decorator.py
[2026-01-14T09:27:45.029+0000] {processor.py:830} INFO - Processing file /home/airflow/.local/lib/python3.12/site-packages/airflow/example_dags/example_sensor_decorator.py for tasks to queue
[2026-01-14T09:27:45.031+0000] {logging_mixin.py:188} INFO - [2026-01-14T09:27:45.031+0000] {dagbag.py:545} INFO - Filling up the DagBag from /home/airflow/.local/lib/python3.12/site-packages/airflow/example_dags/example_sensor_decorator.py
[2026-01-14T09:27:45.040+0000] {processor.py:840} INFO - DAG(s) 'example_sensor_decorator' retrieved from /home/airflow/.local/lib/python3.12/site-packages/airflow/example_dags/example_sensor_decorator.py
[2026-01-14T09:27:45.074+0000] {logging_mixin.py:188} INFO - [2026-01-14T09:27:45.074+0000] {dag.py:3096} INFO - Sync 1 DAGs
[2026-01-14T09:27:45.093+0000] {logging_mixin.py:188} INFO - [2026-01-14T09:27:45.093+0000] {dag.py:3954} INFO - Setting next_dagrun for example_sensor_decorator to None, run_after=None
[2026-01-14T09:27:45.124+0000] {processor.py:183} INFO - Processing /home/airflow/.local/lib/python3.12/site-packages/airflow/example_dags/example_sensor_decorator.py took 0.106 seconds
[2026-01-14T09:28:15.854+0000] {processor.py:161} INFO - Started process (PID=7780) to work on /home/airflow/.local/lib/python3.12/site-packages/airflow/example_dags/example_sensor_decorator.py
[2026-01-14T09:28:15.855+0000] {processor.py:830} INFO - Processing file /home/airflow/.local/lib/python3.12/site-packages/airflow/example_dags/example_sensor_decorator.py for tasks to queue
[2026-01-14T09:28:15.857+0000] {logging_mixin.py:188} INFO - [2026-01-14T09:28:15.857+0000] {dagbag.py:545} INFO - Filling up the DagBag from /home/airflow/.local/lib/python3.12/site-packages/airflow/example_dags/example_sensor_decorator.py
[2026-01-14T09:28:15.865+0000] {processor.py:840} INFO - DAG(s) 'example_sensor_decorator' retrieved from /home/airflow/.local/lib/python3.12/site-packages/airflow/example_dags/example_sensor_decorator.py
[2026-01-14T09:28:15.888+0000] {logging_mixin.py:188} INFO - [2026-01-14T09:28:15.888+0000] {dag.py:3096} INFO - Sync 1 DAGs
[2026-01-14T09:28:15.902+0000] {logging_mixin.py:188} INFO - [2026-01-14T09:28:15.901+0000] {dag.py:3954} INFO - Setting next_dagrun for example_sensor_decorator to None, run_after=None
[2026-01-14T09:28:15.925+0000] {processor.py:183} INFO - Processing /home/airflow/.local/lib/python3.12/site-packages/airflow/example_dags/example_sensor_decorator.py took 0.078 seconds
[2026-01-14T09:28:46.563+0000] {processor.py:161} INFO - Started process (PID=8041) to work on /home/airflow/.local/lib/python3.12/site-packages/airflow/example_dags/example_sensor_decorator.py
[2026-01-14T09:28:46.565+0000] {processor.py:830} INFO - Processing file /home/airflow/.local/lib/python3.12/site-packages/airflow/example_dags/example_sensor_decorator.py for tasks to queue
[2026-01-14T09:28:46.567+0000] {logging_mixin.py:188} INFO - [2026-01-14T09:28:46.566+0000] {dagbag.py:545} INFO - Filling up the DagBag from /home/airflow/.local/lib/python3.12/site-packages/airflow/example_dags/example_sensor_decorator.py
[2026-01-14T09:28:46.575+0000] {processor.py:840} INFO - DAG(s) 'example_sensor_decorator' retrieved from /home/airflow/.local/lib/python3.12/site-packages/airflow/example_dags/example_sensor_decorator.py
[2026-01-14T09:28:46.600+0000] {logging_mixin.py:188} INFO - [2026-01-14T09:28:46.599+0000] {dag.py:3096} INFO - Sync 1 DAGs
[2026-01-14T09:28:46.618+0000] {logging_mixin.py:188} INFO - [2026-01-14T09:28:46.617+0000] {dag.py:3954} INFO - Setting next_dagrun for example_sensor_decorator to None, run_after=None
[2026-01-14T09:28:46.644+0000] {processor.py:183} INFO - Processing /home/airflow/.local/lib/python3.12/site-packages/airflow/example_dags/example_sensor_decorator.py took 0.088 seconds
[2026-01-14T09:29:16.877+0000] {processor.py:161} INFO - Started process (PID=8302) to work on /home/airflow/.local/lib/python3.12/site-packages/airflow/example_dags/example_sensor_decorator.py
[2026-01-14T09:29:16.878+0000] {processor.py:830} INFO - Processing file /home/airflow/.local/lib/python3.12/site-packages/airflow/example_dags/example_sensor_decorator.py for tasks to queue
[2026-01-14T09:29:16.880+0000] {logging_mixin.py:188} INFO - [2026-01-14T09:29:16.880+0000] {dagbag.py:545} INFO - Filling up the DagBag from /home/airflow/.local/lib/python3.12/site-packages/airflow/example_dags/example_sensor_decorator.py
[2026-01-14T09:29:16.887+0000] {processor.py:840} INFO - DAG(s) 'example_sensor_decorator' retrieved from /home/airflow/.local/lib/python3.12/site-packages/airflow/example_dags/example_sensor_decorator.py
[2026-01-14T09:29:16.910+0000] {logging_mixin.py:188} INFO - [2026-01-14T09:29:16.910+0000] {dag.py:3096} INFO - Sync 1 DAGs
[2026-01-14T09:29:16.925+0000] {logging_mixin.py:188} INFO - [2026-01-14T09:29:16.924+0000] {dag.py:3954} INFO - Setting next_dagrun for example_sensor_decorator to None, run_after=None
[2026-01-14T09:29:16.947+0000] {processor.py:183} INFO - Processing /home/airflow/.local/lib/python3.12/site-packages/airflow/example_dags/example_sensor_decorator.py took 0.076 seconds
[2026-01-14T09:29:47.524+0000] {processor.py:161} INFO - Started process (PID=8561) to work on /home/airflow/.local/lib/python3.12/site-packages/airflow/example_dags/example_sensor_decorator.py
[2026-01-14T09:29:47.526+0000] {processor.py:830} INFO - Processing file /home/airflow/.local/lib/python3.12/site-packages/airflow/example_dags/example_sensor_decorator.py for tasks to queue
[2026-01-14T09:29:47.528+0000] {logging_mixin.py:188} INFO - [2026-01-14T09:29:47.527+0000] {dagbag.py:545} INFO - Filling up the DagBag from /home/airflow/.local/lib/python3.12/site-packages/airflow/example_dags/example_sensor_decorator.py
[2026-01-14T09:29:47.534+0000] {processor.py:840} INFO - DAG(s) 'example_sensor_decorator' retrieved from /home/airflow/.local/lib/python3.12/site-packages/airflow/example_dags/example_sensor_decorator.py
[2026-01-14T09:29:47.558+0000] {logging_mixin.py:188} INFO - [2026-01-14T09:29:47.557+0000] {dag.py:3096} INFO - Sync 1 DAGs
[2026-01-14T09:29:47.573+0000] {logging_mixin.py:188} INFO - [2026-01-14T09:29:47.573+0000] {dag.py:3954} INFO - Setting next_dagrun for example_sensor_decorator to None, run_after=None
[2026-01-14T09:29:47.595+0000] {processor.py:183} INFO - Processing /home/airflow/.local/lib/python3.12/site-packages/airflow/example_dags/example_sensor_decorator.py took 0.077 seconds
[2026-01-14T09:30:18.396+0000] {processor.py:161} INFO - Started process (PID=8824) to work on /home/airflow/.local/lib/python3.12/site-packages/airflow/example_dags/example_sensor_decorator.py
[2026-01-14T09:30:18.398+0000] {processor.py:830} INFO - Processing file /home/airflow/.local/lib/python3.12/site-packages/airflow/example_dags/example_sensor_decorator.py for tasks to queue
[2026-01-14T09:30:18.401+0000] {logging_mixin.py:188} INFO - [2026-01-14T09:30:18.401+0000] {dagbag.py:545} INFO - Filling up the DagBag from /home/airflow/.local/lib/python3.12/site-packages/airflow/example_dags/example_sensor_decorator.py
[2026-01-14T09:30:18.410+0000] {processor.py:840} INFO - DAG(s) 'example_sensor_decorator' retrieved from /home/airflow/.local/lib/python3.12/site-packages/airflow/example_dags/example_sensor_decorator.py
[2026-01-14T09:30:18.445+0000] {logging_mixin.py:188} INFO - [2026-01-14T09:30:18.444+0000] {dag.py:3096} INFO - Sync 1 DAGs
[2026-01-14T09:30:18.465+0000] {logging_mixin.py:188} INFO - [2026-01-14T09:30:18.465+0000] {dag.py:3954} INFO - Setting next_dagrun for example_sensor_decorator to None, run_after=None
[2026-01-14T09:30:18.502+0000] {processor.py:183} INFO - Processing /home/airflow/.local/lib/python3.12/site-packages/airflow/example_dags/example_sensor_decorator.py took 0.115 seconds
[2026-01-14T09:30:49.130+0000] {processor.py:161} INFO - Started process (PID=9085) to work on /home/airflow/.local/lib/python3.12/site-packages/airflow/example_dags/example_sensor_decorator.py
[2026-01-14T09:30:49.132+0000] {processor.py:830} INFO - Processing file /home/airflow/.local/lib/python3.12/site-packages/airflow/example_dags/example_sensor_decorator.py for tasks to queue
[2026-01-14T09:30:49.134+0000] {logging_mixin.py:188} INFO - [2026-01-14T09:30:49.134+0000] {dagbag.py:545} INFO - Filling up the DagBag from /home/airflow/.local/lib/python3.12/site-packages/airflow/example_dags/example_sensor_decorator.py
[2026-01-14T09:30:49.142+0000] {processor.py:840} INFO - DAG(s) 'example_sensor_decorator' retrieved from /home/airflow/.local/lib/python3.12/site-packages/airflow/example_dags/example_sensor_decorator.py
[2026-01-14T09:30:49.174+0000] {logging_mixin.py:188} INFO - [2026-01-14T09:30:49.173+0000] {dag.py:3096} INFO - Sync 1 DAGs
[2026-01-14T09:30:49.195+0000] {logging_mixin.py:188} INFO - [2026-01-14T09:30:49.194+0000] {dag.py:3954} INFO - Setting next_dagrun for example_sensor_decorator to None, run_after=None
[2026-01-14T09:30:49.231+0000] {processor.py:183} INFO - Processing /home/airflow/.local/lib/python3.12/site-packages/airflow/example_dags/example_sensor_decorator.py took 0.108 seconds
[2026-01-14T09:31:27.926+0000] {processor.py:161} INFO - Started process (PID=9338) to work on /home/airflow/.local/lib/python3.12/site-packages/airflow/example_dags/example_sensor_decorator.py
[2026-01-14T09:31:27.928+0000] {processor.py:830} INFO - Processing file /home/airflow/.local/lib/python3.12/site-packages/airflow/example_dags/example_sensor_decorator.py for tasks to queue
[2026-01-14T09:31:27.930+0000] {logging_mixin.py:188} INFO - [2026-01-14T09:31:27.930+0000] {dagbag.py:545} INFO - Filling up the DagBag from /home/airflow/.local/lib/python3.12/site-packages/airflow/example_dags/example_sensor_decorator.py
[2026-01-14T09:31:27.939+0000] {processor.py:840} INFO - DAG(s) 'example_sensor_decorator' retrieved from /home/airflow/.local/lib/python3.12/site-packages/airflow/example_dags/example_sensor_decorator.py
[2026-01-14T09:31:27.979+0000] {logging_mixin.py:188} INFO - [2026-01-14T09:31:27.979+0000] {dag.py:3096} INFO - Sync 1 DAGs
[2026-01-14T09:31:28.002+0000] {logging_mixin.py:188} INFO - [2026-01-14T09:31:28.002+0000] {dag.py:3954} INFO - Setting next_dagrun for example_sensor_decorator to None, run_after=None
[2026-01-14T09:31:28.036+0000] {processor.py:183} INFO - Processing /home/airflow/.local/lib/python3.12/site-packages/airflow/example_dags/example_sensor_decorator.py took 0.119 seconds
[2026-01-14T09:31:58.393+0000] {processor.py:161} INFO - Started process (PID=9601) to work on /home/airflow/.local/lib/python3.12/site-packages/airflow/example_dags/example_sensor_decorator.py
[2026-01-14T09:31:58.396+0000] {processor.py:830} INFO - Processing file /home/airflow/.local/lib/python3.12/site-packages/airflow/example_dags/example_sensor_decorator.py for tasks to queue
[2026-01-14T09:31:58.400+0000] {logging_mixin.py:188} INFO - [2026-01-14T09:31:58.399+0000] {dagbag.py:545} INFO - Filling up the DagBag from /home/airflow/.local/lib/python3.12/site-packages/airflow/example_dags/example_sensor_decorator.py
[2026-01-14T09:31:58.408+0000] {processor.py:840} INFO - DAG(s) 'example_sensor_decorator' retrieved from /home/airflow/.local/lib/python3.12/site-packages/airflow/example_dags/example_sensor_decorator.py
[2026-01-14T09:31:58.443+0000] {logging_mixin.py:188} INFO - [2026-01-14T09:31:58.443+0000] {dag.py:3096} INFO - Sync 1 DAGs
[2026-01-14T09:31:58.470+0000] {logging_mixin.py:188} INFO - [2026-01-14T09:31:58.468+0000] {dag.py:3954} INFO - Setting next_dagrun for example_sensor_decorator to None, run_after=None
[2026-01-14T09:31:58.504+0000] {processor.py:183} INFO - Processing /home/airflow/.local/lib/python3.12/site-packages/airflow/example_dags/example_sensor_decorator.py took 0.119 seconds
[2026-01-14T09:32:28.806+0000] {processor.py:161} INFO - Started process (PID=9860) to work on /home/airflow/.local/lib/python3.12/site-packages/airflow/example_dags/example_sensor_decorator.py
[2026-01-14T09:32:28.807+0000] {processor.py:830} INFO - Processing file /home/airflow/.local/lib/python3.12/site-packages/airflow/example_dags/example_sensor_decorator.py for tasks to queue
[2026-01-14T09:32:28.810+0000] {logging_mixin.py:188} INFO - [2026-01-14T09:32:28.809+0000] {dagbag.py:545} INFO - Filling up the DagBag from /home/airflow/.local/lib/python3.12/site-packages/airflow/example_dags/example_sensor_decorator.py
[2026-01-14T09:32:28.818+0000] {processor.py:840} INFO - DAG(s) 'example_sensor_decorator' retrieved from /home/airflow/.local/lib/python3.12/site-packages/airflow/example_dags/example_sensor_decorator.py
[2026-01-14T09:32:28.849+0000] {logging_mixin.py:188} INFO - [2026-01-14T09:32:28.849+0000] {dag.py:3096} INFO - Sync 1 DAGs
[2026-01-14T09:32:28.867+0000] {logging_mixin.py:188} INFO - [2026-01-14T09:32:28.867+0000] {dag.py:3954} INFO - Setting next_dagrun for example_sensor_decorator to None, run_after=None
[2026-01-14T09:32:28.897+0000] {processor.py:183} INFO - Processing /home/airflow/.local/lib/python3.12/site-packages/airflow/example_dags/example_sensor_decorator.py took 0.099 seconds
[2026-01-14T09:33:01.420+0000] {processor.py:161} INFO - Started process (PID=10121) to work on /home/airflow/.local/lib/python3.12/site-packages/airflow/example_dags/example_sensor_decorator.py
[2026-01-14T09:33:01.421+0000] {processor.py:830} INFO - Processing file /home/airflow/.local/lib/python3.12/site-packages/airflow/example_dags/example_sensor_decorator.py for tasks to queue
[2026-01-14T09:33:01.425+0000] {logging_mixin.py:188} INFO - [2026-01-14T09:33:01.424+0000] {dagbag.py:545} INFO - Filling up the DagBag from /home/airflow/.local/lib/python3.12/site-packages/airflow/example_dags/example_sensor_decorator.py
[2026-01-14T09:33:01.434+0000] {processor.py:840} INFO - DAG(s) 'example_sensor_decorator' retrieved from /home/airflow/.local/lib/python3.12/site-packages/airflow/example_dags/example_sensor_decorator.py
[2026-01-14T09:33:01.467+0000] {logging_mixin.py:188} INFO - [2026-01-14T09:33:01.467+0000] {dag.py:3096} INFO - Sync 1 DAGs
[2026-01-14T09:33:01.490+0000] {logging_mixin.py:188} INFO - [2026-01-14T09:33:01.489+0000] {dag.py:3954} INFO - Setting next_dagrun for example_sensor_decorator to None, run_after=None
[2026-01-14T09:33:01.519+0000] {processor.py:183} INFO - Processing /home/airflow/.local/lib/python3.12/site-packages/airflow/example_dags/example_sensor_decorator.py took 0.107 seconds
[2026-01-14T09:33:32.444+0000] {processor.py:161} INFO - Started process (PID=10382) to work on /home/airflow/.local/lib/python3.12/site-packages/airflow/example_dags/example_sensor_decorator.py
[2026-01-14T09:33:32.445+0000] {processor.py:830} INFO - Processing file /home/airflow/.local/lib/python3.12/site-packages/airflow/example_dags/example_sensor_decorator.py for tasks to queue
[2026-01-14T09:33:32.448+0000] {logging_mixin.py:188} INFO - [2026-01-14T09:33:32.448+0000] {dagbag.py:545} INFO - Filling up the DagBag from /home/airflow/.local/lib/python3.12/site-packages/airflow/example_dags/example_sensor_decorator.py
[2026-01-14T09:33:32.456+0000] {processor.py:840} INFO - DAG(s) 'example_sensor_decorator' retrieved from /home/airflow/.local/lib/python3.12/site-packages/airflow/example_dags/example_sensor_decorator.py
[2026-01-14T09:33:32.504+0000] {logging_mixin.py:188} INFO - [2026-01-14T09:33:32.504+0000] {dag.py:3096} INFO - Sync 1 DAGs
[2026-01-14T09:33:32.526+0000] {logging_mixin.py:188} INFO - [2026-01-14T09:33:32.525+0000] {dag.py:3954} INFO - Setting next_dagrun for example_sensor_decorator to None, run_after=None
[2026-01-14T09:33:32.552+0000] {processor.py:183} INFO - Processing /home/airflow/.local/lib/python3.12/site-packages/airflow/example_dags/example_sensor_decorator.py took 0.116 seconds
[2026-01-14T09:34:03.042+0000] {processor.py:161} INFO - Started process (PID=10645) to work on /home/airflow/.local/lib/python3.12/site-packages/airflow/example_dags/example_sensor_decorator.py
[2026-01-14T09:34:03.043+0000] {processor.py:830} INFO - Processing file /home/airflow/.local/lib/python3.12/site-packages/airflow/example_dags/example_sensor_decorator.py for tasks to queue
[2026-01-14T09:34:03.046+0000] {logging_mixin.py:188} INFO - [2026-01-14T09:34:03.046+0000] {dagbag.py:545} INFO - Filling up the DagBag from /home/airflow/.local/lib/python3.12/site-packages/airflow/example_dags/example_sensor_decorator.py
[2026-01-14T09:34:03.055+0000] {processor.py:840} INFO - DAG(s) 'example_sensor_decorator' retrieved from /home/airflow/.local/lib/python3.12/site-packages/airflow/example_dags/example_sensor_decorator.py
[2026-01-14T09:34:03.087+0000] {logging_mixin.py:188} INFO - [2026-01-14T09:34:03.086+0000] {dag.py:3096} INFO - Sync 1 DAGs
[2026-01-14T09:34:03.105+0000] {logging_mixin.py:188} INFO - [2026-01-14T09:34:03.105+0000] {dag.py:3954} INFO - Setting next_dagrun for example_sensor_decorator to None, run_after=None
[2026-01-14T09:34:03.133+0000] {processor.py:183} INFO - Processing /home/airflow/.local/lib/python3.12/site-packages/airflow/example_dags/example_sensor_decorator.py took 0.099 seconds
[2026-01-14T09:34:33.767+0000] {processor.py:161} INFO - Started process (PID=10904) to work on /home/airflow/.local/lib/python3.12/site-packages/airflow/example_dags/example_sensor_decorator.py
[2026-01-14T09:34:33.768+0000] {processor.py:830} INFO - Processing file /home/airflow/.local/lib/python3.12/site-packages/airflow/example_dags/example_sensor_decorator.py for tasks to queue
[2026-01-14T09:34:33.771+0000] {logging_mixin.py:188} INFO - [2026-01-14T09:34:33.771+0000] {dagbag.py:545} INFO - Filling up the DagBag from /home/airflow/.local/lib/python3.12/site-packages/airflow/example_dags/example_sensor_decorator.py
[2026-01-14T09:34:33.779+0000] {processor.py:840} INFO - DAG(s) 'example_sensor_decorator' retrieved from /home/airflow/.local/lib/python3.12/site-packages/airflow/example_dags/example_sensor_decorator.py
[2026-01-14T09:34:33.812+0000] {logging_mixin.py:188} INFO - [2026-01-14T09:34:33.811+0000] {dag.py:3096} INFO - Sync 1 DAGs
[2026-01-14T09:34:33.832+0000] {logging_mixin.py:188} INFO - [2026-01-14T09:34:33.832+0000] {dag.py:3954} INFO - Setting next_dagrun for example_sensor_decorator to None, run_after=None
[2026-01-14T09:34:33.863+0000] {processor.py:183} INFO - Processing /home/airflow/.local/lib/python3.12/site-packages/airflow/example_dags/example_sensor_decorator.py took 0.103 seconds
[2026-01-14T09:35:04.255+0000] {processor.py:161} INFO - Started process (PID=11165) to work on /home/airflow/.local/lib/python3.12/site-packages/airflow/example_dags/example_sensor_decorator.py
[2026-01-14T09:35:04.266+0000] {processor.py:830} INFO - Processing file /home/airflow/.local/lib/python3.12/site-packages/airflow/example_dags/example_sensor_decorator.py for tasks to queue
[2026-01-14T09:35:04.276+0000] {logging_mixin.py:188} INFO - [2026-01-14T09:35:04.275+0000] {dagbag.py:545} INFO - Filling up the DagBag from /home/airflow/.local/lib/python3.12/site-packages/airflow/example_dags/example_sensor_decorator.py
[2026-01-14T09:35:04.326+0000] {processor.py:840} INFO - DAG(s) 'example_sensor_decorator' retrieved from /home/airflow/.local/lib/python3.12/site-packages/airflow/example_dags/example_sensor_decorator.py
[2026-01-14T09:35:04.408+0000] {logging_mixin.py:188} INFO - [2026-01-14T09:35:04.407+0000] {dag.py:3096} INFO - Sync 1 DAGs
[2026-01-14T09:35:04.513+0000] {logging_mixin.py:188} INFO - [2026-01-14T09:35:04.501+0000] {dag.py:3954} INFO - Setting next_dagrun for example_sensor_decorator to None, run_after=None
[2026-01-14T09:35:04.665+0000] {processor.py:183} INFO - Processing /home/airflow/.local/lib/python3.12/site-packages/airflow/example_dags/example_sensor_decorator.py took 0.441 seconds
[2026-01-14T10:03:22.939+0000] {processor.py:161} INFO - Started process (PID=11428) to work on /home/airflow/.local/lib/python3.12/site-packages/airflow/example_dags/example_sensor_decorator.py
[2026-01-14T10:03:22.941+0000] {processor.py:830} INFO - Processing file /home/airflow/.local/lib/python3.12/site-packages/airflow/example_dags/example_sensor_decorator.py for tasks to queue
[2026-01-14T10:03:22.943+0000] {logging_mixin.py:188} INFO - [2026-01-14T10:03:22.943+0000] {dagbag.py:545} INFO - Filling up the DagBag from /home/airflow/.local/lib/python3.12/site-packages/airflow/example_dags/example_sensor_decorator.py
[2026-01-14T10:03:22.952+0000] {processor.py:840} INFO - DAG(s) 'example_sensor_decorator' retrieved from /home/airflow/.local/lib/python3.12/site-packages/airflow/example_dags/example_sensor_decorator.py
[2026-01-14T10:03:22.985+0000] {logging_mixin.py:188} INFO - [2026-01-14T10:03:22.985+0000] {dag.py:3096} INFO - Sync 1 DAGs
[2026-01-14T10:03:23.006+0000] {logging_mixin.py:188} INFO - [2026-01-14T10:03:23.006+0000] {dag.py:3954} INFO - Setting next_dagrun for example_sensor_decorator to None, run_after=None
[2026-01-14T10:03:23.038+0000] {processor.py:183} INFO - Processing /home/airflow/.local/lib/python3.12/site-packages/airflow/example_dags/example_sensor_decorator.py took 0.107 seconds
[2026-01-14T10:03:53.511+0000] {processor.py:161} INFO - Started process (PID=11689) to work on /home/airflow/.local/lib/python3.12/site-packages/airflow/example_dags/example_sensor_decorator.py
[2026-01-14T10:03:53.512+0000] {processor.py:830} INFO - Processing file /home/airflow/.local/lib/python3.12/site-packages/airflow/example_dags/example_sensor_decorator.py for tasks to queue
[2026-01-14T10:03:53.515+0000] {logging_mixin.py:188} INFO - [2026-01-14T10:03:53.515+0000] {dagbag.py:545} INFO - Filling up the DagBag from /home/airflow/.local/lib/python3.12/site-packages/airflow/example_dags/example_sensor_decorator.py
[2026-01-14T10:03:53.524+0000] {processor.py:840} INFO - DAG(s) 'example_sensor_decorator' retrieved from /home/airflow/.local/lib/python3.12/site-packages/airflow/example_dags/example_sensor_decorator.py
[2026-01-14T10:03:53.555+0000] {logging_mixin.py:188} INFO - [2026-01-14T10:03:53.555+0000] {dag.py:3096} INFO - Sync 1 DAGs
[2026-01-14T10:03:53.575+0000] {logging_mixin.py:188} INFO - [2026-01-14T10:03:53.574+0000] {dag.py:3954} INFO - Setting next_dagrun for example_sensor_decorator to None, run_after=None
[2026-01-14T10:03:53.603+0000] {processor.py:183} INFO - Processing /home/airflow/.local/lib/python3.12/site-packages/airflow/example_dags/example_sensor_decorator.py took 0.102 seconds
[2026-01-14T10:04:24.030+0000] {processor.py:161} INFO - Started process (PID=11948) to work on /home/airflow/.local/lib/python3.12/site-packages/airflow/example_dags/example_sensor_decorator.py
[2026-01-14T10:04:24.031+0000] {processor.py:830} INFO - Processing file /home/airflow/.local/lib/python3.12/site-packages/airflow/example_dags/example_sensor_decorator.py for tasks to queue
[2026-01-14T10:04:24.034+0000] {logging_mixin.py:188} INFO - [2026-01-14T10:04:24.034+0000] {dagbag.py:545} INFO - Filling up the DagBag from /home/airflow/.local/lib/python3.12/site-packages/airflow/example_dags/example_sensor_decorator.py
[2026-01-14T10:04:24.042+0000] {processor.py:840} INFO - DAG(s) 'example_sensor_decorator' retrieved from /home/airflow/.local/lib/python3.12/site-packages/airflow/example_dags/example_sensor_decorator.py
[2026-01-14T10:04:24.074+0000] {logging_mixin.py:188} INFO - [2026-01-14T10:04:24.074+0000] {dag.py:3096} INFO - Sync 1 DAGs
[2026-01-14T10:04:24.094+0000] {logging_mixin.py:188} INFO - [2026-01-14T10:04:24.093+0000] {dag.py:3954} INFO - Setting next_dagrun for example_sensor_decorator to None, run_after=None
[2026-01-14T10:04:24.124+0000] {processor.py:183} INFO - Processing /home/airflow/.local/lib/python3.12/site-packages/airflow/example_dags/example_sensor_decorator.py took 0.101 seconds
[2026-01-14T10:04:54.743+0000] {processor.py:161} INFO - Started process (PID=12209) to work on /home/airflow/.local/lib/python3.12/site-packages/airflow/example_dags/example_sensor_decorator.py
[2026-01-14T10:04:54.745+0000] {processor.py:830} INFO - Processing file /home/airflow/.local/lib/python3.12/site-packages/airflow/example_dags/example_sensor_decorator.py for tasks to queue
[2026-01-14T10:04:54.747+0000] {logging_mixin.py:188} INFO - [2026-01-14T10:04:54.747+0000] {dagbag.py:545} INFO - Filling up the DagBag from /home/airflow/.local/lib/python3.12/site-packages/airflow/example_dags/example_sensor_decorator.py
[2026-01-14T10:04:54.755+0000] {processor.py:840} INFO - DAG(s) 'example_sensor_decorator' retrieved from /home/airflow/.local/lib/python3.12/site-packages/airflow/example_dags/example_sensor_decorator.py
[2026-01-14T10:04:54.788+0000] {logging_mixin.py:188} INFO - [2026-01-14T10:04:54.788+0000] {dag.py:3096} INFO - Sync 1 DAGs
[2026-01-14T10:04:54.810+0000] {logging_mixin.py:188} INFO - [2026-01-14T10:04:54.810+0000] {dag.py:3954} INFO - Setting next_dagrun for example_sensor_decorator to None, run_after=None
[2026-01-14T10:04:54.840+0000] {processor.py:183} INFO - Processing /home/airflow/.local/lib/python3.12/site-packages/airflow/example_dags/example_sensor_decorator.py took 0.105 seconds
[2026-01-14T10:05:25.456+0000] {processor.py:161} INFO - Started process (PID=12470) to work on /home/airflow/.local/lib/python3.12/site-packages/airflow/example_dags/example_sensor_decorator.py
[2026-01-14T10:05:25.458+0000] {processor.py:830} INFO - Processing file /home/airflow/.local/lib/python3.12/site-packages/airflow/example_dags/example_sensor_decorator.py for tasks to queue
[2026-01-14T10:05:25.461+0000] {logging_mixin.py:188} INFO - [2026-01-14T10:05:25.460+0000] {dagbag.py:545} INFO - Filling up the DagBag from /home/airflow/.local/lib/python3.12/site-packages/airflow/example_dags/example_sensor_decorator.py
[2026-01-14T10:05:25.468+0000] {processor.py:840} INFO - DAG(s) 'example_sensor_decorator' retrieved from /home/airflow/.local/lib/python3.12/site-packages/airflow/example_dags/example_sensor_decorator.py
[2026-01-14T10:05:25.498+0000] {logging_mixin.py:188} INFO - [2026-01-14T10:05:25.498+0000] {dag.py:3096} INFO - Sync 1 DAGs
[2026-01-14T10:05:25.518+0000] {logging_mixin.py:188} INFO - [2026-01-14T10:05:25.518+0000] {dag.py:3954} INFO - Setting next_dagrun for example_sensor_decorator to None, run_after=None
[2026-01-14T10:05:25.549+0000] {processor.py:183} INFO - Processing /home/airflow/.local/lib/python3.12/site-packages/airflow/example_dags/example_sensor_decorator.py took 0.100 seconds
[2026-01-14T10:05:56.042+0000] {processor.py:161} INFO - Started process (PID=12731) to work on /home/airflow/.local/lib/python3.12/site-packages/airflow/example_dags/example_sensor_decorator.py
[2026-01-14T10:05:56.043+0000] {processor.py:830} INFO - Processing file /home/airflow/.local/lib/python3.12/site-packages/airflow/example_dags/example_sensor_decorator.py for tasks to queue
[2026-01-14T10:05:56.045+0000] {logging_mixin.py:188} INFO - [2026-01-14T10:05:56.045+0000] {dagbag.py:545} INFO - Filling up the DagBag from /home/airflow/.local/lib/python3.12/site-packages/airflow/example_dags/example_sensor_decorator.py
[2026-01-14T10:05:56.053+0000] {processor.py:840} INFO - DAG(s) 'example_sensor_decorator' retrieved from /home/airflow/.local/lib/python3.12/site-packages/airflow/example_dags/example_sensor_decorator.py
[2026-01-14T10:05:56.086+0000] {logging_mixin.py:188} INFO - [2026-01-14T10:05:56.085+0000] {dag.py:3096} INFO - Sync 1 DAGs
[2026-01-14T10:05:56.104+0000] {logging_mixin.py:188} INFO - [2026-01-14T10:05:56.104+0000] {dag.py:3954} INFO - Setting next_dagrun for example_sensor_decorator to None, run_after=None
[2026-01-14T10:05:56.133+0000] {processor.py:183} INFO - Processing /home/airflow/.local/lib/python3.12/site-packages/airflow/example_dags/example_sensor_decorator.py took 0.099 seconds
[2026-01-14T10:06:26.564+0000] {processor.py:161} INFO - Started process (PID=12992) to work on /home/airflow/.local/lib/python3.12/site-packages/airflow/example_dags/example_sensor_decorator.py
[2026-01-14T10:06:26.565+0000] {processor.py:830} INFO - Processing file /home/airflow/.local/lib/python3.12/site-packages/airflow/example_dags/example_sensor_decorator.py for tasks to queue
[2026-01-14T10:06:26.568+0000] {logging_mixin.py:188} INFO - [2026-01-14T10:06:26.568+0000] {dagbag.py:545} INFO - Filling up the DagBag from /home/airflow/.local/lib/python3.12/site-packages/airflow/example_dags/example_sensor_decorator.py
[2026-01-14T10:06:26.578+0000] {processor.py:840} INFO - DAG(s) 'example_sensor_decorator' retrieved from /home/airflow/.local/lib/python3.12/site-packages/airflow/example_dags/example_sensor_decorator.py
[2026-01-14T10:06:26.612+0000] {logging_mixin.py:188} INFO - [2026-01-14T10:06:26.611+0000] {dag.py:3096} INFO - Sync 1 DAGs
[2026-01-14T10:06:26.632+0000] {logging_mixin.py:188} INFO - [2026-01-14T10:06:26.632+0000] {dag.py:3954} INFO - Setting next_dagrun for example_sensor_decorator to None, run_after=None
[2026-01-14T10:06:26.664+0000] {processor.py:183} INFO - Processing /home/airflow/.local/lib/python3.12/site-packages/airflow/example_dags/example_sensor_decorator.py took 0.111 seconds
[2026-01-14T10:06:57.257+0000] {processor.py:161} INFO - Started process (PID=13253) to work on /home/airflow/.local/lib/python3.12/site-packages/airflow/example_dags/example_sensor_decorator.py
[2026-01-14T10:06:57.258+0000] {processor.py:830} INFO - Processing file /home/airflow/.local/lib/python3.12/site-packages/airflow/example_dags/example_sensor_decorator.py for tasks to queue
[2026-01-14T10:06:57.261+0000] {logging_mixin.py:188} INFO - [2026-01-14T10:06:57.261+0000] {dagbag.py:545} INFO - Filling up the DagBag from /home/airflow/.local/lib/python3.12/site-packages/airflow/example_dags/example_sensor_decorator.py
[2026-01-14T10:06:57.271+0000] {processor.py:840} INFO - DAG(s) 'example_sensor_decorator' retrieved from /home/airflow/.local/lib/python3.12/site-packages/airflow/example_dags/example_sensor_decorator.py
[2026-01-14T10:06:57.302+0000] {logging_mixin.py:188} INFO - [2026-01-14T10:06:57.302+0000] {dag.py:3096} INFO - Sync 1 DAGs
[2026-01-14T10:06:57.321+0000] {logging_mixin.py:188} INFO - [2026-01-14T10:06:57.321+0000] {dag.py:3954} INFO - Setting next_dagrun for example_sensor_decorator to None, run_after=None
[2026-01-14T10:06:57.355+0000] {processor.py:183} INFO - Processing /home/airflow/.local/lib/python3.12/site-packages/airflow/example_dags/example_sensor_decorator.py took 0.110 seconds
[2026-01-14T10:07:27.799+0000] {processor.py:161} INFO - Started process (PID=13514) to work on /home/airflow/.local/lib/python3.12/site-packages/airflow/example_dags/example_sensor_decorator.py
[2026-01-14T10:07:27.801+0000] {processor.py:830} INFO - Processing file /home/airflow/.local/lib/python3.12/site-packages/airflow/example_dags/example_sensor_decorator.py for tasks to queue
[2026-01-14T10:07:27.804+0000] {logging_mixin.py:188} INFO - [2026-01-14T10:07:27.803+0000] {dagbag.py:545} INFO - Filling up the DagBag from /home/airflow/.local/lib/python3.12/site-packages/airflow/example_dags/example_sensor_decorator.py
[2026-01-14T10:07:27.817+0000] {processor.py:840} INFO - DAG(s) 'example_sensor_decorator' retrieved from /home/airflow/.local/lib/python3.12/site-packages/airflow/example_dags/example_sensor_decorator.py
[2026-01-14T10:07:27.851+0000] {logging_mixin.py:188} INFO - [2026-01-14T10:07:27.850+0000] {dag.py:3096} INFO - Sync 1 DAGs
[2026-01-14T10:07:27.877+0000] {logging_mixin.py:188} INFO - [2026-01-14T10:07:27.877+0000] {dag.py:3954} INFO - Setting next_dagrun for example_sensor_decorator to None, run_after=None
[2026-01-14T10:07:27.907+0000] {processor.py:183} INFO - Processing /home/airflow/.local/lib/python3.12/site-packages/airflow/example_dags/example_sensor_decorator.py took 0.116 seconds
[2026-01-14T10:07:58.131+0000] {processor.py:161} INFO - Started process (PID=13775) to work on /home/airflow/.local/lib/python3.12/site-packages/airflow/example_dags/example_sensor_decorator.py
[2026-01-14T10:07:58.133+0000] {processor.py:830} INFO - Processing file /home/airflow/.local/lib/python3.12/site-packages/airflow/example_dags/example_sensor_decorator.py for tasks to queue
[2026-01-14T10:07:58.135+0000] {logging_mixin.py:188} INFO - [2026-01-14T10:07:58.135+0000] {dagbag.py:545} INFO - Filling up the DagBag from /home/airflow/.local/lib/python3.12/site-packages/airflow/example_dags/example_sensor_decorator.py
[2026-01-14T10:07:58.144+0000] {processor.py:840} INFO - DAG(s) 'example_sensor_decorator' retrieved from /home/airflow/.local/lib/python3.12/site-packages/airflow/example_dags/example_sensor_decorator.py
[2026-01-14T10:07:58.175+0000] {logging_mixin.py:188} INFO - [2026-01-14T10:07:58.175+0000] {dag.py:3096} INFO - Sync 1 DAGs
[2026-01-14T10:07:58.195+0000] {logging_mixin.py:188} INFO - [2026-01-14T10:07:58.195+0000] {dag.py:3954} INFO - Setting next_dagrun for example_sensor_decorator to None, run_after=None
[2026-01-14T10:07:58.226+0000] {processor.py:183} INFO - Processing /home/airflow/.local/lib/python3.12/site-packages/airflow/example_dags/example_sensor_decorator.py took 0.102 seconds
[2026-01-14T10:08:28.920+0000] {processor.py:161} INFO - Started process (PID=14036) to work on /home/airflow/.local/lib/python3.12/site-packages/airflow/example_dags/example_sensor_decorator.py
[2026-01-14T10:08:28.921+0000] {processor.py:830} INFO - Processing file /home/airflow/.local/lib/python3.12/site-packages/airflow/example_dags/example_sensor_decorator.py for tasks to queue
[2026-01-14T10:08:28.923+0000] {logging_mixin.py:188} INFO - [2026-01-14T10:08:28.923+0000] {dagbag.py:545} INFO - Filling up the DagBag from /home/airflow/.local/lib/python3.12/site-packages/airflow/example_dags/example_sensor_decorator.py
[2026-01-14T10:08:28.932+0000] {processor.py:840} INFO - DAG(s) 'example_sensor_decorator' retrieved from /home/airflow/.local/lib/python3.12/site-packages/airflow/example_dags/example_sensor_decorator.py
[2026-01-14T10:08:28.966+0000] {logging_mixin.py:188} INFO - [2026-01-14T10:08:28.966+0000] {dag.py:3096} INFO - Sync 1 DAGs
[2026-01-14T10:08:28.987+0000] {logging_mixin.py:188} INFO - [2026-01-14T10:08:28.986+0000] {dag.py:3954} INFO - Setting next_dagrun for example_sensor_decorator to None, run_after=None
[2026-01-14T10:08:29.014+0000] {processor.py:183} INFO - Processing /home/airflow/.local/lib/python3.12/site-packages/airflow/example_dags/example_sensor_decorator.py took 0.102 seconds
[2026-01-14T10:08:59.405+0000] {processor.py:161} INFO - Started process (PID=14297) to work on /home/airflow/.local/lib/python3.12/site-packages/airflow/example_dags/example_sensor_decorator.py
[2026-01-14T10:08:59.406+0000] {processor.py:830} INFO - Processing file /home/airflow/.local/lib/python3.12/site-packages/airflow/example_dags/example_sensor_decorator.py for tasks to queue
[2026-01-14T10:08:59.409+0000] {logging_mixin.py:188} INFO - [2026-01-14T10:08:59.408+0000] {dagbag.py:545} INFO - Filling up the DagBag from /home/airflow/.local/lib/python3.12/site-packages/airflow/example_dags/example_sensor_decorator.py
[2026-01-14T10:08:59.418+0000] {processor.py:840} INFO - DAG(s) 'example_sensor_decorator' retrieved from /home/airflow/.local/lib/python3.12/site-packages/airflow/example_dags/example_sensor_decorator.py
[2026-01-14T10:08:59.451+0000] {logging_mixin.py:188} INFO - [2026-01-14T10:08:59.451+0000] {dag.py:3096} INFO - Sync 1 DAGs
[2026-01-14T10:08:59.471+0000] {logging_mixin.py:188} INFO - [2026-01-14T10:08:59.470+0000] {dag.py:3954} INFO - Setting next_dagrun for example_sensor_decorator to None, run_after=None
[2026-01-14T10:08:59.500+0000] {processor.py:183} INFO - Processing /home/airflow/.local/lib/python3.12/site-packages/airflow/example_dags/example_sensor_decorator.py took 0.103 seconds
[2026-01-14T10:09:29.776+0000] {processor.py:161} INFO - Started process (PID=14558) to work on /home/airflow/.local/lib/python3.12/site-packages/airflow/example_dags/example_sensor_decorator.py
[2026-01-14T10:09:29.778+0000] {processor.py:830} INFO - Processing file /home/airflow/.local/lib/python3.12/site-packages/airflow/example_dags/example_sensor_decorator.py for tasks to queue
[2026-01-14T10:09:29.780+0000] {logging_mixin.py:188} INFO - [2026-01-14T10:09:29.779+0000] {dagbag.py:545} INFO - Filling up the DagBag from /home/airflow/.local/lib/python3.12/site-packages/airflow/example_dags/example_sensor_decorator.py
[2026-01-14T10:09:29.789+0000] {processor.py:840} INFO - DAG(s) 'example_sensor_decorator' retrieved from /home/airflow/.local/lib/python3.12/site-packages/airflow/example_dags/example_sensor_decorator.py
[2026-01-14T10:09:29.822+0000] {logging_mixin.py:188} INFO - [2026-01-14T10:09:29.822+0000] {dag.py:3096} INFO - Sync 1 DAGs
[2026-01-14T10:09:29.844+0000] {logging_mixin.py:188} INFO - [2026-01-14T10:09:29.844+0000] {dag.py:3954} INFO - Setting next_dagrun for example_sensor_decorator to None, run_after=None
[2026-01-14T10:09:29.871+0000] {processor.py:183} INFO - Processing /home/airflow/.local/lib/python3.12/site-packages/airflow/example_dags/example_sensor_decorator.py took 0.103 seconds
[2026-01-14T10:10:00.311+0000] {processor.py:161} INFO - Started process (PID=14819) to work on /home/airflow/.local/lib/python3.12/site-packages/airflow/example_dags/example_sensor_decorator.py
[2026-01-14T10:10:00.312+0000] {processor.py:830} INFO - Processing file /home/airflow/.local/lib/python3.12/site-packages/airflow/example_dags/example_sensor_decorator.py for tasks to queue
[2026-01-14T10:10:00.315+0000] {logging_mixin.py:188} INFO - [2026-01-14T10:10:00.315+0000] {dagbag.py:545} INFO - Filling up the DagBag from /home/airflow/.local/lib/python3.12/site-packages/airflow/example_dags/example_sensor_decorator.py
[2026-01-14T10:10:00.323+0000] {processor.py:840} INFO - DAG(s) 'example_sensor_decorator' retrieved from /home/airflow/.local/lib/python3.12/site-packages/airflow/example_dags/example_sensor_decorator.py
[2026-01-14T10:10:00.354+0000] {logging_mixin.py:188} INFO - [2026-01-14T10:10:00.354+0000] {dag.py:3096} INFO - Sync 1 DAGs
[2026-01-14T10:10:00.374+0000] {logging_mixin.py:188} INFO - [2026-01-14T10:10:00.374+0000] {dag.py:3954} INFO - Setting next_dagrun for example_sensor_decorator to None, run_after=None
[2026-01-14T10:10:00.403+0000] {processor.py:183} INFO - Processing /home/airflow/.local/lib/python3.12/site-packages/airflow/example_dags/example_sensor_decorator.py took 0.100 seconds
[2026-01-14T10:10:32.729+0000] {processor.py:161} INFO - Started process (PID=15080) to work on /home/airflow/.local/lib/python3.12/site-packages/airflow/example_dags/example_sensor_decorator.py
[2026-01-14T10:10:32.742+0000] {processor.py:830} INFO - Processing file /home/airflow/.local/lib/python3.12/site-packages/airflow/example_dags/example_sensor_decorator.py for tasks to queue
[2026-01-14T10:10:32.754+0000] {logging_mixin.py:188} INFO - [2026-01-14T10:10:32.750+0000] {dagbag.py:545} INFO - Filling up the DagBag from /home/airflow/.local/lib/python3.12/site-packages/airflow/example_dags/example_sensor_decorator.py
[2026-01-14T10:10:32.798+0000] {processor.py:840} INFO - DAG(s) 'example_sensor_decorator' retrieved from /home/airflow/.local/lib/python3.12/site-packages/airflow/example_dags/example_sensor_decorator.py
[2026-01-14T10:10:32.924+0000] {logging_mixin.py:188} INFO - [2026-01-14T10:10:32.923+0000] {dag.py:3096} INFO - Sync 1 DAGs
[2026-01-14T10:10:33.038+0000] {logging_mixin.py:188} INFO - [2026-01-14T10:10:33.037+0000] {dag.py:3954} INFO - Setting next_dagrun for example_sensor_decorator to None, run_after=None
[2026-01-14T10:29:56.596+0000] {processor.py:183} INFO - Processing /home/airflow/.local/lib/python3.12/site-packages/airflow/example_dags/example_sensor_decorator.py took 0.483 seconds
