[2026-01-14T07:54:55.329+0000] {processor.py:161} INFO - Started process (PID=378) to work on /home/airflow/.local/lib/python3.12/site-packages/airflow/example_dags/example_local_kubernetes_executor.py
[2026-01-14T07:54:55.330+0000] {processor.py:830} INFO - Processing file /home/airflow/.local/lib/python3.12/site-packages/airflow/example_dags/example_local_kubernetes_executor.py for tasks to queue
[2026-01-14T07:54:55.333+0000] {logging_mixin.py:188} INFO - [2026-01-14T07:54:55.333+0000] {dagbag.py:545} INFO - Filling up the DagBag from /home/airflow/.local/lib/python3.12/site-packages/airflow/example_dags/example_local_kubernetes_executor.py
[2026-01-14T07:54:55.347+0000] {processor.py:840} INFO - DAG(s) 'example_local_kubernetes_executor' retrieved from /home/airflow/.local/lib/python3.12/site-packages/airflow/example_dags/example_local_kubernetes_executor.py
[2026-01-14T07:54:55.398+0000] {logging_mixin.py:188} INFO - [2026-01-14T07:54:55.398+0000] {dag.py:3096} INFO - Sync 1 DAGs
[2026-01-14T07:54:55.420+0000] {logging_mixin.py:188} INFO - [2026-01-14T07:54:55.419+0000] {dag.py:3954} INFO - Setting next_dagrun for example_local_kubernetes_executor to None, run_after=None
[2026-01-14T07:54:55.453+0000] {processor.py:183} INFO - Processing /home/airflow/.local/lib/python3.12/site-packages/airflow/example_dags/example_local_kubernetes_executor.py took 0.131 seconds
[2026-01-14T07:55:26.076+0000] {processor.py:161} INFO - Started process (PID=678) to work on /home/airflow/.local/lib/python3.12/site-packages/airflow/example_dags/example_local_kubernetes_executor.py
[2026-01-14T07:55:26.078+0000] {processor.py:830} INFO - Processing file /home/airflow/.local/lib/python3.12/site-packages/airflow/example_dags/example_local_kubernetes_executor.py for tasks to queue
[2026-01-14T07:55:26.081+0000] {logging_mixin.py:188} INFO - [2026-01-14T07:55:26.080+0000] {dagbag.py:545} INFO - Filling up the DagBag from /home/airflow/.local/lib/python3.12/site-packages/airflow/example_dags/example_local_kubernetes_executor.py
[2026-01-14T07:55:26.091+0000] {processor.py:840} INFO - DAG(s) 'example_local_kubernetes_executor' retrieved from /home/airflow/.local/lib/python3.12/site-packages/airflow/example_dags/example_local_kubernetes_executor.py
[2026-01-14T07:55:26.149+0000] {logging_mixin.py:188} INFO - [2026-01-14T07:55:26.149+0000] {dag.py:3096} INFO - Sync 1 DAGs
[2026-01-14T07:55:26.169+0000] {logging_mixin.py:188} INFO - [2026-01-14T07:55:26.169+0000] {dag.py:3954} INFO - Setting next_dagrun for example_local_kubernetes_executor to None, run_after=None
[2026-01-14T07:55:26.202+0000] {processor.py:183} INFO - Processing /home/airflow/.local/lib/python3.12/site-packages/airflow/example_dags/example_local_kubernetes_executor.py took 0.136 seconds
[2026-01-14T07:55:56.946+0000] {processor.py:161} INFO - Started process (PID=954) to work on /home/airflow/.local/lib/python3.12/site-packages/airflow/example_dags/example_local_kubernetes_executor.py
[2026-01-14T07:55:56.947+0000] {processor.py:830} INFO - Processing file /home/airflow/.local/lib/python3.12/site-packages/airflow/example_dags/example_local_kubernetes_executor.py for tasks to queue
[2026-01-14T07:55:56.950+0000] {logging_mixin.py:188} INFO - [2026-01-14T07:55:56.949+0000] {dagbag.py:545} INFO - Filling up the DagBag from /home/airflow/.local/lib/python3.12/site-packages/airflow/example_dags/example_local_kubernetes_executor.py
[2026-01-14T07:55:56.959+0000] {processor.py:840} INFO - DAG(s) 'example_local_kubernetes_executor' retrieved from /home/airflow/.local/lib/python3.12/site-packages/airflow/example_dags/example_local_kubernetes_executor.py
[2026-01-14T07:55:57.011+0000] {logging_mixin.py:188} INFO - [2026-01-14T07:55:57.010+0000] {dag.py:3096} INFO - Sync 1 DAGs
[2026-01-14T07:55:57.028+0000] {logging_mixin.py:188} INFO - [2026-01-14T07:55:57.028+0000] {dag.py:3954} INFO - Setting next_dagrun for example_local_kubernetes_executor to None, run_after=None
[2026-01-14T07:55:57.057+0000] {processor.py:183} INFO - Processing /home/airflow/.local/lib/python3.12/site-packages/airflow/example_dags/example_local_kubernetes_executor.py took 0.118 seconds
[2026-01-14T07:56:27.813+0000] {processor.py:161} INFO - Started process (PID=1225) to work on /home/airflow/.local/lib/python3.12/site-packages/airflow/example_dags/example_local_kubernetes_executor.py
[2026-01-14T07:56:27.814+0000] {processor.py:830} INFO - Processing file /home/airflow/.local/lib/python3.12/site-packages/airflow/example_dags/example_local_kubernetes_executor.py for tasks to queue
[2026-01-14T07:56:27.817+0000] {logging_mixin.py:188} INFO - [2026-01-14T07:56:27.816+0000] {dagbag.py:545} INFO - Filling up the DagBag from /home/airflow/.local/lib/python3.12/site-packages/airflow/example_dags/example_local_kubernetes_executor.py
[2026-01-14T07:56:27.826+0000] {processor.py:840} INFO - DAG(s) 'example_local_kubernetes_executor' retrieved from /home/airflow/.local/lib/python3.12/site-packages/airflow/example_dags/example_local_kubernetes_executor.py
[2026-01-14T07:56:27.881+0000] {logging_mixin.py:188} INFO - [2026-01-14T07:56:27.881+0000] {dag.py:3096} INFO - Sync 1 DAGs
[2026-01-14T07:56:27.906+0000] {logging_mixin.py:188} INFO - [2026-01-14T07:56:27.906+0000] {dag.py:3954} INFO - Setting next_dagrun for example_local_kubernetes_executor to None, run_after=None
[2026-01-14T07:56:27.938+0000] {processor.py:183} INFO - Processing /home/airflow/.local/lib/python3.12/site-packages/airflow/example_dags/example_local_kubernetes_executor.py took 0.132 seconds
[2026-01-14T07:56:58.692+0000] {processor.py:161} INFO - Started process (PID=1492) to work on /home/airflow/.local/lib/python3.12/site-packages/airflow/example_dags/example_local_kubernetes_executor.py
[2026-01-14T07:56:58.693+0000] {processor.py:830} INFO - Processing file /home/airflow/.local/lib/python3.12/site-packages/airflow/example_dags/example_local_kubernetes_executor.py for tasks to queue
[2026-01-14T07:56:58.696+0000] {logging_mixin.py:188} INFO - [2026-01-14T07:56:58.695+0000] {dagbag.py:545} INFO - Filling up the DagBag from /home/airflow/.local/lib/python3.12/site-packages/airflow/example_dags/example_local_kubernetes_executor.py
[2026-01-14T07:56:58.706+0000] {processor.py:840} INFO - DAG(s) 'example_local_kubernetes_executor' retrieved from /home/airflow/.local/lib/python3.12/site-packages/airflow/example_dags/example_local_kubernetes_executor.py
[2026-01-14T07:56:58.761+0000] {logging_mixin.py:188} INFO - [2026-01-14T07:56:58.760+0000] {dag.py:3096} INFO - Sync 1 DAGs
[2026-01-14T07:56:58.783+0000] {logging_mixin.py:188} INFO - [2026-01-14T07:56:58.783+0000] {dag.py:3954} INFO - Setting next_dagrun for example_local_kubernetes_executor to None, run_after=None
[2026-01-14T07:56:58.813+0000] {processor.py:183} INFO - Processing /home/airflow/.local/lib/python3.12/site-packages/airflow/example_dags/example_local_kubernetes_executor.py took 0.130 seconds
[2026-01-14T07:57:29.522+0000] {processor.py:161} INFO - Started process (PID=1795) to work on /home/airflow/.local/lib/python3.12/site-packages/airflow/example_dags/example_local_kubernetes_executor.py
[2026-01-14T07:57:29.524+0000] {processor.py:830} INFO - Processing file /home/airflow/.local/lib/python3.12/site-packages/airflow/example_dags/example_local_kubernetes_executor.py for tasks to queue
[2026-01-14T07:57:29.527+0000] {logging_mixin.py:188} INFO - [2026-01-14T07:57:29.526+0000] {dagbag.py:545} INFO - Filling up the DagBag from /home/airflow/.local/lib/python3.12/site-packages/airflow/example_dags/example_local_kubernetes_executor.py
[2026-01-14T07:57:29.537+0000] {processor.py:840} INFO - DAG(s) 'example_local_kubernetes_executor' retrieved from /home/airflow/.local/lib/python3.12/site-packages/airflow/example_dags/example_local_kubernetes_executor.py
[2026-01-14T07:57:29.590+0000] {logging_mixin.py:188} INFO - [2026-01-14T07:57:29.590+0000] {dag.py:3096} INFO - Sync 1 DAGs
[2026-01-14T07:57:29.611+0000] {logging_mixin.py:188} INFO - [2026-01-14T07:57:29.611+0000] {dag.py:3954} INFO - Setting next_dagrun for example_local_kubernetes_executor to None, run_after=None
[2026-01-14T07:57:29.637+0000] {processor.py:183} INFO - Processing /home/airflow/.local/lib/python3.12/site-packages/airflow/example_dags/example_local_kubernetes_executor.py took 0.124 seconds
[2026-01-14T07:58:48.375+0000] {processor.py:161} INFO - Started process (PID=330) to work on /home/airflow/.local/lib/python3.12/site-packages/airflow/example_dags/example_local_kubernetes_executor.py
[2026-01-14T07:58:48.376+0000] {processor.py:830} INFO - Processing file /home/airflow/.local/lib/python3.12/site-packages/airflow/example_dags/example_local_kubernetes_executor.py for tasks to queue
[2026-01-14T07:58:48.378+0000] {logging_mixin.py:188} INFO - [2026-01-14T07:58:48.378+0000] {dagbag.py:545} INFO - Filling up the DagBag from /home/airflow/.local/lib/python3.12/site-packages/airflow/example_dags/example_local_kubernetes_executor.py
[2026-01-14T07:58:48.388+0000] {processor.py:840} INFO - DAG(s) 'example_local_kubernetes_executor' retrieved from /home/airflow/.local/lib/python3.12/site-packages/airflow/example_dags/example_local_kubernetes_executor.py
[2026-01-14T07:58:48.434+0000] {logging_mixin.py:188} INFO - [2026-01-14T07:58:48.434+0000] {dag.py:3096} INFO - Sync 1 DAGs
[2026-01-14T07:58:48.449+0000] {logging_mixin.py:188} INFO - [2026-01-14T07:58:48.449+0000] {dag.py:3954} INFO - Setting next_dagrun for example_local_kubernetes_executor to None, run_after=None
[2026-01-14T07:58:48.475+0000] {processor.py:183} INFO - Processing /home/airflow/.local/lib/python3.12/site-packages/airflow/example_dags/example_local_kubernetes_executor.py took 0.105 seconds
[2026-01-14T07:59:18.774+0000] {processor.py:161} INFO - Started process (PID=599) to work on /home/airflow/.local/lib/python3.12/site-packages/airflow/example_dags/example_local_kubernetes_executor.py
[2026-01-14T07:59:18.776+0000] {processor.py:830} INFO - Processing file /home/airflow/.local/lib/python3.12/site-packages/airflow/example_dags/example_local_kubernetes_executor.py for tasks to queue
[2026-01-14T07:59:18.779+0000] {logging_mixin.py:188} INFO - [2026-01-14T07:59:18.778+0000] {dagbag.py:545} INFO - Filling up the DagBag from /home/airflow/.local/lib/python3.12/site-packages/airflow/example_dags/example_local_kubernetes_executor.py
[2026-01-14T07:59:18.792+0000] {processor.py:840} INFO - DAG(s) 'example_local_kubernetes_executor' retrieved from /home/airflow/.local/lib/python3.12/site-packages/airflow/example_dags/example_local_kubernetes_executor.py
[2026-01-14T07:59:18.863+0000] {logging_mixin.py:188} INFO - [2026-01-14T07:59:18.863+0000] {dag.py:3096} INFO - Sync 1 DAGs
[2026-01-14T07:59:18.886+0000] {logging_mixin.py:188} INFO - [2026-01-14T07:59:18.886+0000] {dag.py:3954} INFO - Setting next_dagrun for example_local_kubernetes_executor to None, run_after=None
[2026-01-14T07:59:18.915+0000] {processor.py:183} INFO - Processing /home/airflow/.local/lib/python3.12/site-packages/airflow/example_dags/example_local_kubernetes_executor.py took 0.150 seconds
[2026-01-14T07:59:49.008+0000] {processor.py:161} INFO - Started process (PID=924) to work on /home/airflow/.local/lib/python3.12/site-packages/airflow/example_dags/example_local_kubernetes_executor.py
[2026-01-14T07:59:49.009+0000] {processor.py:830} INFO - Processing file /home/airflow/.local/lib/python3.12/site-packages/airflow/example_dags/example_local_kubernetes_executor.py for tasks to queue
[2026-01-14T07:59:49.012+0000] {logging_mixin.py:188} INFO - [2026-01-14T07:59:49.011+0000] {dagbag.py:545} INFO - Filling up the DagBag from /home/airflow/.local/lib/python3.12/site-packages/airflow/example_dags/example_local_kubernetes_executor.py
[2026-01-14T07:59:49.021+0000] {processor.py:840} INFO - DAG(s) 'example_local_kubernetes_executor' retrieved from /home/airflow/.local/lib/python3.12/site-packages/airflow/example_dags/example_local_kubernetes_executor.py
[2026-01-14T07:59:49.077+0000] {logging_mixin.py:188} INFO - [2026-01-14T07:59:49.077+0000] {dag.py:3096} INFO - Sync 1 DAGs
[2026-01-14T07:59:49.097+0000] {logging_mixin.py:188} INFO - [2026-01-14T07:59:49.097+0000] {dag.py:3954} INFO - Setting next_dagrun for example_local_kubernetes_executor to None, run_after=None
[2026-01-14T07:59:49.128+0000] {processor.py:183} INFO - Processing /home/airflow/.local/lib/python3.12/site-packages/airflow/example_dags/example_local_kubernetes_executor.py took 0.128 seconds
[2026-01-14T08:00:19.796+0000] {processor.py:161} INFO - Started process (PID=1188) to work on /home/airflow/.local/lib/python3.12/site-packages/airflow/example_dags/example_local_kubernetes_executor.py
[2026-01-14T08:00:19.798+0000] {processor.py:830} INFO - Processing file /home/airflow/.local/lib/python3.12/site-packages/airflow/example_dags/example_local_kubernetes_executor.py for tasks to queue
[2026-01-14T08:00:19.800+0000] {logging_mixin.py:188} INFO - [2026-01-14T08:00:19.800+0000] {dagbag.py:545} INFO - Filling up the DagBag from /home/airflow/.local/lib/python3.12/site-packages/airflow/example_dags/example_local_kubernetes_executor.py
[2026-01-14T08:00:19.811+0000] {processor.py:840} INFO - DAG(s) 'example_local_kubernetes_executor' retrieved from /home/airflow/.local/lib/python3.12/site-packages/airflow/example_dags/example_local_kubernetes_executor.py
[2026-01-14T08:00:19.870+0000] {logging_mixin.py:188} INFO - [2026-01-14T08:00:19.870+0000] {dag.py:3096} INFO - Sync 1 DAGs
[2026-01-14T08:00:19.892+0000] {logging_mixin.py:188} INFO - [2026-01-14T08:00:19.892+0000] {dag.py:3954} INFO - Setting next_dagrun for example_local_kubernetes_executor to None, run_after=None
[2026-01-14T08:00:19.922+0000] {processor.py:183} INFO - Processing /home/airflow/.local/lib/python3.12/site-packages/airflow/example_dags/example_local_kubernetes_executor.py took 0.133 seconds
[2026-01-14T08:00:50.309+0000] {processor.py:161} INFO - Started process (PID=1451) to work on /home/airflow/.local/lib/python3.12/site-packages/airflow/example_dags/example_local_kubernetes_executor.py
[2026-01-14T08:00:50.311+0000] {processor.py:830} INFO - Processing file /home/airflow/.local/lib/python3.12/site-packages/airflow/example_dags/example_local_kubernetes_executor.py for tasks to queue
[2026-01-14T08:00:50.313+0000] {logging_mixin.py:188} INFO - [2026-01-14T08:00:50.313+0000] {dagbag.py:545} INFO - Filling up the DagBag from /home/airflow/.local/lib/python3.12/site-packages/airflow/example_dags/example_local_kubernetes_executor.py
[2026-01-14T08:00:50.324+0000] {processor.py:840} INFO - DAG(s) 'example_local_kubernetes_executor' retrieved from /home/airflow/.local/lib/python3.12/site-packages/airflow/example_dags/example_local_kubernetes_executor.py
[2026-01-14T08:00:50.379+0000] {logging_mixin.py:188} INFO - [2026-01-14T08:00:50.379+0000] {dag.py:3096} INFO - Sync 1 DAGs
[2026-01-14T08:00:50.404+0000] {logging_mixin.py:188} INFO - [2026-01-14T08:00:50.403+0000] {dag.py:3954} INFO - Setting next_dagrun for example_local_kubernetes_executor to None, run_after=None
[2026-01-14T08:00:50.435+0000] {processor.py:183} INFO - Processing /home/airflow/.local/lib/python3.12/site-packages/airflow/example_dags/example_local_kubernetes_executor.py took 0.133 seconds
[2026-01-14T08:01:20.652+0000] {processor.py:161} INFO - Started process (PID=1718) to work on /home/airflow/.local/lib/python3.12/site-packages/airflow/example_dags/example_local_kubernetes_executor.py
[2026-01-14T08:01:20.654+0000] {processor.py:830} INFO - Processing file /home/airflow/.local/lib/python3.12/site-packages/airflow/example_dags/example_local_kubernetes_executor.py for tasks to queue
[2026-01-14T08:01:20.656+0000] {logging_mixin.py:188} INFO - [2026-01-14T08:01:20.656+0000] {dagbag.py:545} INFO - Filling up the DagBag from /home/airflow/.local/lib/python3.12/site-packages/airflow/example_dags/example_local_kubernetes_executor.py
[2026-01-14T08:01:20.666+0000] {processor.py:840} INFO - DAG(s) 'example_local_kubernetes_executor' retrieved from /home/airflow/.local/lib/python3.12/site-packages/airflow/example_dags/example_local_kubernetes_executor.py
[2026-01-14T08:01:20.719+0000] {logging_mixin.py:188} INFO - [2026-01-14T08:01:20.719+0000] {dag.py:3096} INFO - Sync 1 DAGs
[2026-01-14T08:01:20.740+0000] {logging_mixin.py:188} INFO - [2026-01-14T08:01:20.739+0000] {dag.py:3954} INFO - Setting next_dagrun for example_local_kubernetes_executor to None, run_after=None
[2026-01-14T08:01:20.767+0000] {processor.py:183} INFO - Processing /home/airflow/.local/lib/python3.12/site-packages/airflow/example_dags/example_local_kubernetes_executor.py took 0.122 seconds
[2026-01-14T08:01:50.981+0000] {processor.py:161} INFO - Started process (PID=2003) to work on /home/airflow/.local/lib/python3.12/site-packages/airflow/example_dags/example_local_kubernetes_executor.py
[2026-01-14T08:01:50.983+0000] {processor.py:830} INFO - Processing file /home/airflow/.local/lib/python3.12/site-packages/airflow/example_dags/example_local_kubernetes_executor.py for tasks to queue
[2026-01-14T08:01:50.985+0000] {logging_mixin.py:188} INFO - [2026-01-14T08:01:50.985+0000] {dagbag.py:545} INFO - Filling up the DagBag from /home/airflow/.local/lib/python3.12/site-packages/airflow/example_dags/example_local_kubernetes_executor.py
[2026-01-14T08:01:50.994+0000] {processor.py:840} INFO - DAG(s) 'example_local_kubernetes_executor' retrieved from /home/airflow/.local/lib/python3.12/site-packages/airflow/example_dags/example_local_kubernetes_executor.py
[2026-01-14T08:01:51.052+0000] {logging_mixin.py:188} INFO - [2026-01-14T08:01:51.051+0000] {dag.py:3096} INFO - Sync 1 DAGs
[2026-01-14T08:01:51.072+0000] {logging_mixin.py:188} INFO - [2026-01-14T08:01:51.072+0000] {dag.py:3954} INFO - Setting next_dagrun for example_local_kubernetes_executor to None, run_after=None
[2026-01-14T08:01:51.101+0000] {processor.py:183} INFO - Processing /home/airflow/.local/lib/python3.12/site-packages/airflow/example_dags/example_local_kubernetes_executor.py took 0.127 seconds
[2026-01-14T08:02:21.335+0000] {processor.py:161} INFO - Started process (PID=2262) to work on /home/airflow/.local/lib/python3.12/site-packages/airflow/example_dags/example_local_kubernetes_executor.py
[2026-01-14T08:02:21.337+0000] {processor.py:830} INFO - Processing file /home/airflow/.local/lib/python3.12/site-packages/airflow/example_dags/example_local_kubernetes_executor.py for tasks to queue
[2026-01-14T08:02:21.339+0000] {logging_mixin.py:188} INFO - [2026-01-14T08:02:21.339+0000] {dagbag.py:545} INFO - Filling up the DagBag from /home/airflow/.local/lib/python3.12/site-packages/airflow/example_dags/example_local_kubernetes_executor.py
[2026-01-14T08:02:21.349+0000] {processor.py:840} INFO - DAG(s) 'example_local_kubernetes_executor' retrieved from /home/airflow/.local/lib/python3.12/site-packages/airflow/example_dags/example_local_kubernetes_executor.py
[2026-01-14T08:02:21.402+0000] {logging_mixin.py:188} INFO - [2026-01-14T08:02:21.402+0000] {dag.py:3096} INFO - Sync 1 DAGs
[2026-01-14T08:02:21.424+0000] {logging_mixin.py:188} INFO - [2026-01-14T08:02:21.423+0000] {dag.py:3954} INFO - Setting next_dagrun for example_local_kubernetes_executor to None, run_after=None
[2026-01-14T08:02:21.451+0000] {processor.py:183} INFO - Processing /home/airflow/.local/lib/python3.12/site-packages/airflow/example_dags/example_local_kubernetes_executor.py took 0.124 seconds
[2026-01-14T08:02:51.889+0000] {processor.py:161} INFO - Started process (PID=2523) to work on /home/airflow/.local/lib/python3.12/site-packages/airflow/example_dags/example_local_kubernetes_executor.py
[2026-01-14T08:02:51.890+0000] {processor.py:830} INFO - Processing file /home/airflow/.local/lib/python3.12/site-packages/airflow/example_dags/example_local_kubernetes_executor.py for tasks to queue
[2026-01-14T08:02:51.893+0000] {logging_mixin.py:188} INFO - [2026-01-14T08:02:51.892+0000] {dagbag.py:545} INFO - Filling up the DagBag from /home/airflow/.local/lib/python3.12/site-packages/airflow/example_dags/example_local_kubernetes_executor.py
[2026-01-14T08:02:51.904+0000] {processor.py:840} INFO - DAG(s) 'example_local_kubernetes_executor' retrieved from /home/airflow/.local/lib/python3.12/site-packages/airflow/example_dags/example_local_kubernetes_executor.py
[2026-01-14T08:02:51.959+0000] {logging_mixin.py:188} INFO - [2026-01-14T08:02:51.959+0000] {dag.py:3096} INFO - Sync 1 DAGs
[2026-01-14T08:02:51.981+0000] {logging_mixin.py:188} INFO - [2026-01-14T08:02:51.981+0000] {dag.py:3954} INFO - Setting next_dagrun for example_local_kubernetes_executor to None, run_after=None
[2026-01-14T08:02:52.010+0000] {processor.py:183} INFO - Processing /home/airflow/.local/lib/python3.12/site-packages/airflow/example_dags/example_local_kubernetes_executor.py took 0.129 seconds
[2026-01-14T08:03:22.273+0000] {processor.py:161} INFO - Started process (PID=2787) to work on /home/airflow/.local/lib/python3.12/site-packages/airflow/example_dags/example_local_kubernetes_executor.py
[2026-01-14T08:03:22.274+0000] {processor.py:830} INFO - Processing file /home/airflow/.local/lib/python3.12/site-packages/airflow/example_dags/example_local_kubernetes_executor.py for tasks to queue
[2026-01-14T08:03:22.277+0000] {logging_mixin.py:188} INFO - [2026-01-14T08:03:22.276+0000] {dagbag.py:545} INFO - Filling up the DagBag from /home/airflow/.local/lib/python3.12/site-packages/airflow/example_dags/example_local_kubernetes_executor.py
[2026-01-14T08:03:22.287+0000] {processor.py:840} INFO - DAG(s) 'example_local_kubernetes_executor' retrieved from /home/airflow/.local/lib/python3.12/site-packages/airflow/example_dags/example_local_kubernetes_executor.py
[2026-01-14T08:03:22.347+0000] {logging_mixin.py:188} INFO - [2026-01-14T08:03:22.347+0000] {dag.py:3096} INFO - Sync 1 DAGs
[2026-01-14T08:03:22.368+0000] {logging_mixin.py:188} INFO - [2026-01-14T08:03:22.367+0000] {dag.py:3954} INFO - Setting next_dagrun for example_local_kubernetes_executor to None, run_after=None
[2026-01-14T08:03:22.400+0000] {processor.py:183} INFO - Processing /home/airflow/.local/lib/python3.12/site-packages/airflow/example_dags/example_local_kubernetes_executor.py took 0.135 seconds
[2026-01-14T08:03:52.889+0000] {processor.py:161} INFO - Started process (PID=3072) to work on /home/airflow/.local/lib/python3.12/site-packages/airflow/example_dags/example_local_kubernetes_executor.py
[2026-01-14T08:03:52.891+0000] {processor.py:830} INFO - Processing file /home/airflow/.local/lib/python3.12/site-packages/airflow/example_dags/example_local_kubernetes_executor.py for tasks to queue
[2026-01-14T08:03:52.893+0000] {logging_mixin.py:188} INFO - [2026-01-14T08:03:52.893+0000] {dagbag.py:545} INFO - Filling up the DagBag from /home/airflow/.local/lib/python3.12/site-packages/airflow/example_dags/example_local_kubernetes_executor.py
[2026-01-14T08:03:52.903+0000] {processor.py:840} INFO - DAG(s) 'example_local_kubernetes_executor' retrieved from /home/airflow/.local/lib/python3.12/site-packages/airflow/example_dags/example_local_kubernetes_executor.py
[2026-01-14T08:03:52.962+0000] {logging_mixin.py:188} INFO - [2026-01-14T08:03:52.961+0000] {dag.py:3096} INFO - Sync 1 DAGs
[2026-01-14T08:03:52.982+0000] {logging_mixin.py:188} INFO - [2026-01-14T08:03:52.981+0000] {dag.py:3954} INFO - Setting next_dagrun for example_local_kubernetes_executor to None, run_after=None
[2026-01-14T08:03:53.018+0000] {processor.py:183} INFO - Processing /home/airflow/.local/lib/python3.12/site-packages/airflow/example_dags/example_local_kubernetes_executor.py took 0.136 seconds
[2026-01-14T08:04:23.183+0000] {processor.py:161} INFO - Started process (PID=3336) to work on /home/airflow/.local/lib/python3.12/site-packages/airflow/example_dags/example_local_kubernetes_executor.py
[2026-01-14T08:04:23.185+0000] {processor.py:830} INFO - Processing file /home/airflow/.local/lib/python3.12/site-packages/airflow/example_dags/example_local_kubernetes_executor.py for tasks to queue
[2026-01-14T08:04:23.187+0000] {logging_mixin.py:188} INFO - [2026-01-14T08:04:23.187+0000] {dagbag.py:545} INFO - Filling up the DagBag from /home/airflow/.local/lib/python3.12/site-packages/airflow/example_dags/example_local_kubernetes_executor.py
[2026-01-14T08:04:23.197+0000] {processor.py:840} INFO - DAG(s) 'example_local_kubernetes_executor' retrieved from /home/airflow/.local/lib/python3.12/site-packages/airflow/example_dags/example_local_kubernetes_executor.py
[2026-01-14T08:04:23.259+0000] {logging_mixin.py:188} INFO - [2026-01-14T08:04:23.257+0000] {dag.py:3096} INFO - Sync 1 DAGs
[2026-01-14T08:04:23.285+0000] {logging_mixin.py:188} INFO - [2026-01-14T08:04:23.284+0000] {dag.py:3954} INFO - Setting next_dagrun for example_local_kubernetes_executor to None, run_after=None
[2026-01-14T08:04:23.311+0000] {processor.py:183} INFO - Processing /home/airflow/.local/lib/python3.12/site-packages/airflow/example_dags/example_local_kubernetes_executor.py took 0.135 seconds
[2026-01-14T08:04:53.893+0000] {processor.py:161} INFO - Started process (PID=3597) to work on /home/airflow/.local/lib/python3.12/site-packages/airflow/example_dags/example_local_kubernetes_executor.py
[2026-01-14T08:04:53.894+0000] {processor.py:830} INFO - Processing file /home/airflow/.local/lib/python3.12/site-packages/airflow/example_dags/example_local_kubernetes_executor.py for tasks to queue
[2026-01-14T08:04:53.896+0000] {logging_mixin.py:188} INFO - [2026-01-14T08:04:53.895+0000] {dagbag.py:545} INFO - Filling up the DagBag from /home/airflow/.local/lib/python3.12/site-packages/airflow/example_dags/example_local_kubernetes_executor.py
[2026-01-14T08:04:53.903+0000] {processor.py:840} INFO - DAG(s) 'example_local_kubernetes_executor' retrieved from /home/airflow/.local/lib/python3.12/site-packages/airflow/example_dags/example_local_kubernetes_executor.py
[2026-01-14T08:04:53.947+0000] {logging_mixin.py:188} INFO - [2026-01-14T08:04:53.946+0000] {dag.py:3096} INFO - Sync 1 DAGs
[2026-01-14T08:04:53.964+0000] {logging_mixin.py:188} INFO - [2026-01-14T08:04:53.964+0000] {dag.py:3954} INFO - Setting next_dagrun for example_local_kubernetes_executor to None, run_after=None
[2026-01-14T08:04:53.989+0000] {processor.py:183} INFO - Processing /home/airflow/.local/lib/python3.12/site-packages/airflow/example_dags/example_local_kubernetes_executor.py took 0.104 seconds
[2026-01-14T08:06:48.426+0000] {processor.py:161} INFO - Started process (PID=3855) to work on /home/airflow/.local/lib/python3.12/site-packages/airflow/example_dags/example_local_kubernetes_executor.py
[2026-01-14T08:06:48.428+0000] {processor.py:830} INFO - Processing file /home/airflow/.local/lib/python3.12/site-packages/airflow/example_dags/example_local_kubernetes_executor.py for tasks to queue
[2026-01-14T08:06:48.432+0000] {logging_mixin.py:188} INFO - [2026-01-14T08:06:48.431+0000] {dagbag.py:545} INFO - Filling up the DagBag from /home/airflow/.local/lib/python3.12/site-packages/airflow/example_dags/example_local_kubernetes_executor.py
[2026-01-14T08:06:48.448+0000] {processor.py:840} INFO - DAG(s) 'example_local_kubernetes_executor' retrieved from /home/airflow/.local/lib/python3.12/site-packages/airflow/example_dags/example_local_kubernetes_executor.py
[2026-01-14T08:06:48.512+0000] {logging_mixin.py:188} INFO - [2026-01-14T08:06:48.511+0000] {dag.py:3096} INFO - Sync 1 DAGs
[2026-01-14T08:06:48.534+0000] {logging_mixin.py:188} INFO - [2026-01-14T08:06:48.533+0000] {dag.py:3954} INFO - Setting next_dagrun for example_local_kubernetes_executor to None, run_after=None
[2026-01-14T08:06:48.571+0000] {processor.py:183} INFO - Processing /home/airflow/.local/lib/python3.12/site-packages/airflow/example_dags/example_local_kubernetes_executor.py took 0.160 seconds
[2026-01-14T08:07:18.879+0000] {processor.py:161} INFO - Started process (PID=4116) to work on /home/airflow/.local/lib/python3.12/site-packages/airflow/example_dags/example_local_kubernetes_executor.py
[2026-01-14T08:07:18.880+0000] {processor.py:830} INFO - Processing file /home/airflow/.local/lib/python3.12/site-packages/airflow/example_dags/example_local_kubernetes_executor.py for tasks to queue
[2026-01-14T08:07:18.882+0000] {logging_mixin.py:188} INFO - [2026-01-14T08:07:18.881+0000] {dagbag.py:545} INFO - Filling up the DagBag from /home/airflow/.local/lib/python3.12/site-packages/airflow/example_dags/example_local_kubernetes_executor.py
[2026-01-14T08:07:18.890+0000] {processor.py:840} INFO - DAG(s) 'example_local_kubernetes_executor' retrieved from /home/airflow/.local/lib/python3.12/site-packages/airflow/example_dags/example_local_kubernetes_executor.py
[2026-01-14T08:07:18.934+0000] {logging_mixin.py:188} INFO - [2026-01-14T08:07:18.933+0000] {dag.py:3096} INFO - Sync 1 DAGs
[2026-01-14T08:07:18.949+0000] {logging_mixin.py:188} INFO - [2026-01-14T08:07:18.949+0000] {dag.py:3954} INFO - Setting next_dagrun for example_local_kubernetes_executor to None, run_after=None
[2026-01-14T08:07:18.971+0000] {processor.py:183} INFO - Processing /home/airflow/.local/lib/python3.12/site-packages/airflow/example_dags/example_local_kubernetes_executor.py took 0.098 seconds
[2026-01-14T08:07:50.308+0000] {processor.py:161} INFO - Started process (PID=4377) to work on /home/airflow/.local/lib/python3.12/site-packages/airflow/example_dags/example_local_kubernetes_executor.py
[2026-01-14T08:07:50.310+0000] {processor.py:830} INFO - Processing file /home/airflow/.local/lib/python3.12/site-packages/airflow/example_dags/example_local_kubernetes_executor.py for tasks to queue
[2026-01-14T08:07:50.312+0000] {logging_mixin.py:188} INFO - [2026-01-14T08:07:50.312+0000] {dagbag.py:545} INFO - Filling up the DagBag from /home/airflow/.local/lib/python3.12/site-packages/airflow/example_dags/example_local_kubernetes_executor.py
[2026-01-14T08:07:50.324+0000] {processor.py:840} INFO - DAG(s) 'example_local_kubernetes_executor' retrieved from /home/airflow/.local/lib/python3.12/site-packages/airflow/example_dags/example_local_kubernetes_executor.py
[2026-01-14T08:07:50.387+0000] {logging_mixin.py:188} INFO - [2026-01-14T08:07:50.386+0000] {dag.py:3096} INFO - Sync 1 DAGs
[2026-01-14T08:07:50.411+0000] {logging_mixin.py:188} INFO - [2026-01-14T08:07:50.411+0000] {dag.py:3954} INFO - Setting next_dagrun for example_local_kubernetes_executor to None, run_after=None
[2026-01-14T08:07:50.442+0000] {processor.py:183} INFO - Processing /home/airflow/.local/lib/python3.12/site-packages/airflow/example_dags/example_local_kubernetes_executor.py took 0.145 seconds
[2026-01-14T08:08:20.805+0000] {processor.py:161} INFO - Started process (PID=4640) to work on /home/airflow/.local/lib/python3.12/site-packages/airflow/example_dags/example_local_kubernetes_executor.py
[2026-01-14T08:08:20.806+0000] {processor.py:830} INFO - Processing file /home/airflow/.local/lib/python3.12/site-packages/airflow/example_dags/example_local_kubernetes_executor.py for tasks to queue
[2026-01-14T08:08:20.808+0000] {logging_mixin.py:188} INFO - [2026-01-14T08:08:20.807+0000] {dagbag.py:545} INFO - Filling up the DagBag from /home/airflow/.local/lib/python3.12/site-packages/airflow/example_dags/example_local_kubernetes_executor.py
[2026-01-14T08:08:20.815+0000] {processor.py:840} INFO - DAG(s) 'example_local_kubernetes_executor' retrieved from /home/airflow/.local/lib/python3.12/site-packages/airflow/example_dags/example_local_kubernetes_executor.py
[2026-01-14T08:08:20.857+0000] {logging_mixin.py:188} INFO - [2026-01-14T08:08:20.857+0000] {dag.py:3096} INFO - Sync 1 DAGs
[2026-01-14T08:08:20.872+0000] {logging_mixin.py:188} INFO - [2026-01-14T08:08:20.871+0000] {dag.py:3954} INFO - Setting next_dagrun for example_local_kubernetes_executor to None, run_after=None
[2026-01-14T08:08:20.893+0000] {processor.py:183} INFO - Processing /home/airflow/.local/lib/python3.12/site-packages/airflow/example_dags/example_local_kubernetes_executor.py took 0.095 seconds
[2026-01-14T08:08:51.606+0000] {processor.py:161} INFO - Started process (PID=4899) to work on /home/airflow/.local/lib/python3.12/site-packages/airflow/example_dags/example_local_kubernetes_executor.py
[2026-01-14T08:08:51.607+0000] {processor.py:830} INFO - Processing file /home/airflow/.local/lib/python3.12/site-packages/airflow/example_dags/example_local_kubernetes_executor.py for tasks to queue
[2026-01-14T08:08:51.610+0000] {logging_mixin.py:188} INFO - [2026-01-14T08:08:51.609+0000] {dagbag.py:545} INFO - Filling up the DagBag from /home/airflow/.local/lib/python3.12/site-packages/airflow/example_dags/example_local_kubernetes_executor.py
[2026-01-14T08:08:51.620+0000] {processor.py:840} INFO - DAG(s) 'example_local_kubernetes_executor' retrieved from /home/airflow/.local/lib/python3.12/site-packages/airflow/example_dags/example_local_kubernetes_executor.py
[2026-01-14T08:08:51.674+0000] {logging_mixin.py:188} INFO - [2026-01-14T08:08:51.674+0000] {dag.py:3096} INFO - Sync 1 DAGs
[2026-01-14T08:08:51.693+0000] {logging_mixin.py:188} INFO - [2026-01-14T08:08:51.693+0000] {dag.py:3954} INFO - Setting next_dagrun for example_local_kubernetes_executor to None, run_after=None
[2026-01-14T08:08:51.722+0000] {processor.py:183} INFO - Processing /home/airflow/.local/lib/python3.12/site-packages/airflow/example_dags/example_local_kubernetes_executor.py took 0.126 seconds
[2026-01-14T08:09:21.854+0000] {processor.py:161} INFO - Started process (PID=5162) to work on /home/airflow/.local/lib/python3.12/site-packages/airflow/example_dags/example_local_kubernetes_executor.py
[2026-01-14T08:09:21.856+0000] {processor.py:830} INFO - Processing file /home/airflow/.local/lib/python3.12/site-packages/airflow/example_dags/example_local_kubernetes_executor.py for tasks to queue
[2026-01-14T08:09:21.858+0000] {logging_mixin.py:188} INFO - [2026-01-14T08:09:21.857+0000] {dagbag.py:545} INFO - Filling up the DagBag from /home/airflow/.local/lib/python3.12/site-packages/airflow/example_dags/example_local_kubernetes_executor.py
[2026-01-14T08:09:21.865+0000] {processor.py:840} INFO - DAG(s) 'example_local_kubernetes_executor' retrieved from /home/airflow/.local/lib/python3.12/site-packages/airflow/example_dags/example_local_kubernetes_executor.py
[2026-01-14T08:09:21.907+0000] {logging_mixin.py:188} INFO - [2026-01-14T08:09:21.906+0000] {dag.py:3096} INFO - Sync 1 DAGs
[2026-01-14T08:09:21.922+0000] {logging_mixin.py:188} INFO - [2026-01-14T08:09:21.921+0000] {dag.py:3954} INFO - Setting next_dagrun for example_local_kubernetes_executor to None, run_after=None
[2026-01-14T08:09:21.943+0000] {processor.py:183} INFO - Processing /home/airflow/.local/lib/python3.12/site-packages/airflow/example_dags/example_local_kubernetes_executor.py took 0.094 seconds
[2026-01-14T08:09:52.155+0000] {processor.py:161} INFO - Started process (PID=5421) to work on /home/airflow/.local/lib/python3.12/site-packages/airflow/example_dags/example_local_kubernetes_executor.py
[2026-01-14T08:09:52.156+0000] {processor.py:830} INFO - Processing file /home/airflow/.local/lib/python3.12/site-packages/airflow/example_dags/example_local_kubernetes_executor.py for tasks to queue
[2026-01-14T08:09:52.158+0000] {logging_mixin.py:188} INFO - [2026-01-14T08:09:52.158+0000] {dagbag.py:545} INFO - Filling up the DagBag from /home/airflow/.local/lib/python3.12/site-packages/airflow/example_dags/example_local_kubernetes_executor.py
[2026-01-14T08:09:52.165+0000] {processor.py:840} INFO - DAG(s) 'example_local_kubernetes_executor' retrieved from /home/airflow/.local/lib/python3.12/site-packages/airflow/example_dags/example_local_kubernetes_executor.py
[2026-01-14T08:09:52.209+0000] {logging_mixin.py:188} INFO - [2026-01-14T08:09:52.208+0000] {dag.py:3096} INFO - Sync 1 DAGs
[2026-01-14T08:09:52.224+0000] {logging_mixin.py:188} INFO - [2026-01-14T08:09:52.224+0000] {dag.py:3954} INFO - Setting next_dagrun for example_local_kubernetes_executor to None, run_after=None
[2026-01-14T08:09:52.247+0000] {processor.py:183} INFO - Processing /home/airflow/.local/lib/python3.12/site-packages/airflow/example_dags/example_local_kubernetes_executor.py took 0.099 seconds
[2026-01-14T08:10:22.500+0000] {processor.py:161} INFO - Started process (PID=5682) to work on /home/airflow/.local/lib/python3.12/site-packages/airflow/example_dags/example_local_kubernetes_executor.py
[2026-01-14T08:10:22.501+0000] {processor.py:830} INFO - Processing file /home/airflow/.local/lib/python3.12/site-packages/airflow/example_dags/example_local_kubernetes_executor.py for tasks to queue
[2026-01-14T08:10:22.503+0000] {logging_mixin.py:188} INFO - [2026-01-14T08:10:22.503+0000] {dagbag.py:545} INFO - Filling up the DagBag from /home/airflow/.local/lib/python3.12/site-packages/airflow/example_dags/example_local_kubernetes_executor.py
[2026-01-14T08:10:22.511+0000] {processor.py:840} INFO - DAG(s) 'example_local_kubernetes_executor' retrieved from /home/airflow/.local/lib/python3.12/site-packages/airflow/example_dags/example_local_kubernetes_executor.py
[2026-01-14T08:10:22.551+0000] {logging_mixin.py:188} INFO - [2026-01-14T08:10:22.550+0000] {dag.py:3096} INFO - Sync 1 DAGs
[2026-01-14T08:10:22.565+0000] {logging_mixin.py:188} INFO - [2026-01-14T08:10:22.565+0000] {dag.py:3954} INFO - Setting next_dagrun for example_local_kubernetes_executor to None, run_after=None
[2026-01-14T08:10:22.587+0000] {processor.py:183} INFO - Processing /home/airflow/.local/lib/python3.12/site-packages/airflow/example_dags/example_local_kubernetes_executor.py took 0.092 seconds
[2026-01-14T08:10:52.745+0000] {processor.py:161} INFO - Started process (PID=5943) to work on /home/airflow/.local/lib/python3.12/site-packages/airflow/example_dags/example_local_kubernetes_executor.py
[2026-01-14T08:10:52.747+0000] {processor.py:830} INFO - Processing file /home/airflow/.local/lib/python3.12/site-packages/airflow/example_dags/example_local_kubernetes_executor.py for tasks to queue
[2026-01-14T08:10:52.749+0000] {logging_mixin.py:188} INFO - [2026-01-14T08:10:52.748+0000] {dagbag.py:545} INFO - Filling up the DagBag from /home/airflow/.local/lib/python3.12/site-packages/airflow/example_dags/example_local_kubernetes_executor.py
[2026-01-14T08:10:52.756+0000] {processor.py:840} INFO - DAG(s) 'example_local_kubernetes_executor' retrieved from /home/airflow/.local/lib/python3.12/site-packages/airflow/example_dags/example_local_kubernetes_executor.py
[2026-01-14T08:10:52.799+0000] {logging_mixin.py:188} INFO - [2026-01-14T08:10:52.798+0000] {dag.py:3096} INFO - Sync 1 DAGs
[2026-01-14T08:10:52.815+0000] {logging_mixin.py:188} INFO - [2026-01-14T08:10:52.815+0000] {dag.py:3954} INFO - Setting next_dagrun for example_local_kubernetes_executor to None, run_after=None
[2026-01-14T08:10:52.841+0000] {processor.py:183} INFO - Processing /home/airflow/.local/lib/python3.12/site-packages/airflow/example_dags/example_local_kubernetes_executor.py took 0.101 seconds
[2026-01-14T08:11:23.113+0000] {processor.py:161} INFO - Started process (PID=6204) to work on /home/airflow/.local/lib/python3.12/site-packages/airflow/example_dags/example_local_kubernetes_executor.py
[2026-01-14T08:11:23.114+0000] {processor.py:830} INFO - Processing file /home/airflow/.local/lib/python3.12/site-packages/airflow/example_dags/example_local_kubernetes_executor.py for tasks to queue
[2026-01-14T08:11:23.116+0000] {logging_mixin.py:188} INFO - [2026-01-14T08:11:23.116+0000] {dagbag.py:545} INFO - Filling up the DagBag from /home/airflow/.local/lib/python3.12/site-packages/airflow/example_dags/example_local_kubernetes_executor.py
[2026-01-14T08:11:23.124+0000] {processor.py:840} INFO - DAG(s) 'example_local_kubernetes_executor' retrieved from /home/airflow/.local/lib/python3.12/site-packages/airflow/example_dags/example_local_kubernetes_executor.py
[2026-01-14T08:11:23.168+0000] {logging_mixin.py:188} INFO - [2026-01-14T08:11:23.167+0000] {dag.py:3096} INFO - Sync 1 DAGs
[2026-01-14T08:11:23.182+0000] {logging_mixin.py:188} INFO - [2026-01-14T08:11:23.182+0000] {dag.py:3954} INFO - Setting next_dagrun for example_local_kubernetes_executor to None, run_after=None
[2026-01-14T08:11:23.208+0000] {processor.py:183} INFO - Processing /home/airflow/.local/lib/python3.12/site-packages/airflow/example_dags/example_local_kubernetes_executor.py took 0.102 seconds
[2026-01-14T08:11:53.514+0000] {processor.py:161} INFO - Started process (PID=6465) to work on /home/airflow/.local/lib/python3.12/site-packages/airflow/example_dags/example_local_kubernetes_executor.py
[2026-01-14T08:11:53.515+0000] {processor.py:830} INFO - Processing file /home/airflow/.local/lib/python3.12/site-packages/airflow/example_dags/example_local_kubernetes_executor.py for tasks to queue
[2026-01-14T08:11:53.517+0000] {logging_mixin.py:188} INFO - [2026-01-14T08:11:53.517+0000] {dagbag.py:545} INFO - Filling up the DagBag from /home/airflow/.local/lib/python3.12/site-packages/airflow/example_dags/example_local_kubernetes_executor.py
[2026-01-14T08:11:53.524+0000] {processor.py:840} INFO - DAG(s) 'example_local_kubernetes_executor' retrieved from /home/airflow/.local/lib/python3.12/site-packages/airflow/example_dags/example_local_kubernetes_executor.py
[2026-01-14T08:11:53.570+0000] {logging_mixin.py:188} INFO - [2026-01-14T08:11:53.569+0000] {dag.py:3096} INFO - Sync 1 DAGs
[2026-01-14T08:11:53.589+0000] {logging_mixin.py:188} INFO - [2026-01-14T08:11:53.588+0000] {dag.py:3954} INFO - Setting next_dagrun for example_local_kubernetes_executor to None, run_after=None
[2026-01-14T08:11:53.611+0000] {processor.py:183} INFO - Processing /home/airflow/.local/lib/python3.12/site-packages/airflow/example_dags/example_local_kubernetes_executor.py took 0.103 seconds
[2026-01-14T08:12:24.106+0000] {processor.py:161} INFO - Started process (PID=6726) to work on /home/airflow/.local/lib/python3.12/site-packages/airflow/example_dags/example_local_kubernetes_executor.py
[2026-01-14T08:12:24.107+0000] {processor.py:830} INFO - Processing file /home/airflow/.local/lib/python3.12/site-packages/airflow/example_dags/example_local_kubernetes_executor.py for tasks to queue
[2026-01-14T08:12:24.109+0000] {logging_mixin.py:188} INFO - [2026-01-14T08:12:24.108+0000] {dagbag.py:545} INFO - Filling up the DagBag from /home/airflow/.local/lib/python3.12/site-packages/airflow/example_dags/example_local_kubernetes_executor.py
[2026-01-14T08:12:24.117+0000] {processor.py:840} INFO - DAG(s) 'example_local_kubernetes_executor' retrieved from /home/airflow/.local/lib/python3.12/site-packages/airflow/example_dags/example_local_kubernetes_executor.py
[2026-01-14T08:12:24.159+0000] {logging_mixin.py:188} INFO - [2026-01-14T08:12:24.159+0000] {dag.py:3096} INFO - Sync 1 DAGs
[2026-01-14T08:12:24.175+0000] {logging_mixin.py:188} INFO - [2026-01-14T08:12:24.175+0000] {dag.py:3954} INFO - Setting next_dagrun for example_local_kubernetes_executor to None, run_after=None
[2026-01-14T08:12:24.198+0000] {processor.py:183} INFO - Processing /home/airflow/.local/lib/python3.12/site-packages/airflow/example_dags/example_local_kubernetes_executor.py took 0.098 seconds
[2026-01-14T08:12:55.093+0000] {processor.py:161} INFO - Started process (PID=6987) to work on /home/airflow/.local/lib/python3.12/site-packages/airflow/example_dags/example_local_kubernetes_executor.py
[2026-01-14T08:12:55.094+0000] {processor.py:830} INFO - Processing file /home/airflow/.local/lib/python3.12/site-packages/airflow/example_dags/example_local_kubernetes_executor.py for tasks to queue
[2026-01-14T08:12:55.096+0000] {logging_mixin.py:188} INFO - [2026-01-14T08:12:55.096+0000] {dagbag.py:545} INFO - Filling up the DagBag from /home/airflow/.local/lib/python3.12/site-packages/airflow/example_dags/example_local_kubernetes_executor.py
[2026-01-14T08:12:55.102+0000] {processor.py:840} INFO - DAG(s) 'example_local_kubernetes_executor' retrieved from /home/airflow/.local/lib/python3.12/site-packages/airflow/example_dags/example_local_kubernetes_executor.py
[2026-01-14T08:12:55.142+0000] {logging_mixin.py:188} INFO - [2026-01-14T08:12:55.142+0000] {dag.py:3096} INFO - Sync 1 DAGs
[2026-01-14T08:12:55.156+0000] {logging_mixin.py:188} INFO - [2026-01-14T08:12:55.156+0000] {dag.py:3954} INFO - Setting next_dagrun for example_local_kubernetes_executor to None, run_after=None
[2026-01-14T08:12:55.178+0000] {processor.py:183} INFO - Processing /home/airflow/.local/lib/python3.12/site-packages/airflow/example_dags/example_local_kubernetes_executor.py took 0.090 seconds
[2026-01-14T08:13:25.539+0000] {processor.py:161} INFO - Started process (PID=7248) to work on /home/airflow/.local/lib/python3.12/site-packages/airflow/example_dags/example_local_kubernetes_executor.py
[2026-01-14T08:13:25.540+0000] {processor.py:830} INFO - Processing file /home/airflow/.local/lib/python3.12/site-packages/airflow/example_dags/example_local_kubernetes_executor.py for tasks to queue
[2026-01-14T08:13:25.542+0000] {logging_mixin.py:188} INFO - [2026-01-14T08:13:25.542+0000] {dagbag.py:545} INFO - Filling up the DagBag from /home/airflow/.local/lib/python3.12/site-packages/airflow/example_dags/example_local_kubernetes_executor.py
[2026-01-14T08:13:25.551+0000] {processor.py:840} INFO - DAG(s) 'example_local_kubernetes_executor' retrieved from /home/airflow/.local/lib/python3.12/site-packages/airflow/example_dags/example_local_kubernetes_executor.py
[2026-01-14T08:13:25.596+0000] {logging_mixin.py:188} INFO - [2026-01-14T08:13:25.595+0000] {dag.py:3096} INFO - Sync 1 DAGs
[2026-01-14T08:13:25.615+0000] {logging_mixin.py:188} INFO - [2026-01-14T08:13:25.615+0000] {dag.py:3954} INFO - Setting next_dagrun for example_local_kubernetes_executor to None, run_after=None
[2026-01-14T08:13:25.643+0000] {processor.py:183} INFO - Processing /home/airflow/.local/lib/python3.12/site-packages/airflow/example_dags/example_local_kubernetes_executor.py took 0.110 seconds
[2026-01-14T09:27:44.605+0000] {processor.py:161} INFO - Started process (PID=7507) to work on /home/airflow/.local/lib/python3.12/site-packages/airflow/example_dags/example_local_kubernetes_executor.py
[2026-01-14T09:27:44.607+0000] {processor.py:830} INFO - Processing file /home/airflow/.local/lib/python3.12/site-packages/airflow/example_dags/example_local_kubernetes_executor.py for tasks to queue
[2026-01-14T09:27:44.611+0000] {logging_mixin.py:188} INFO - [2026-01-14T09:27:44.611+0000] {dagbag.py:545} INFO - Filling up the DagBag from /home/airflow/.local/lib/python3.12/site-packages/airflow/example_dags/example_local_kubernetes_executor.py
[2026-01-14T09:27:44.626+0000] {processor.py:840} INFO - DAG(s) 'example_local_kubernetes_executor' retrieved from /home/airflow/.local/lib/python3.12/site-packages/airflow/example_dags/example_local_kubernetes_executor.py
[2026-01-14T09:27:44.720+0000] {logging_mixin.py:188} INFO - [2026-01-14T09:27:44.719+0000] {dag.py:3096} INFO - Sync 1 DAGs
[2026-01-14T09:27:44.743+0000] {logging_mixin.py:188} INFO - [2026-01-14T09:27:44.743+0000] {dag.py:3954} INFO - Setting next_dagrun for example_local_kubernetes_executor to None, run_after=None
[2026-01-14T09:27:44.770+0000] {processor.py:183} INFO - Processing /home/airflow/.local/lib/python3.12/site-packages/airflow/example_dags/example_local_kubernetes_executor.py took 0.178 seconds
[2026-01-14T09:28:15.585+0000] {processor.py:161} INFO - Started process (PID=7768) to work on /home/airflow/.local/lib/python3.12/site-packages/airflow/example_dags/example_local_kubernetes_executor.py
[2026-01-14T09:28:15.586+0000] {processor.py:830} INFO - Processing file /home/airflow/.local/lib/python3.12/site-packages/airflow/example_dags/example_local_kubernetes_executor.py for tasks to queue
[2026-01-14T09:28:15.588+0000] {logging_mixin.py:188} INFO - [2026-01-14T09:28:15.588+0000] {dagbag.py:545} INFO - Filling up the DagBag from /home/airflow/.local/lib/python3.12/site-packages/airflow/example_dags/example_local_kubernetes_executor.py
[2026-01-14T09:28:15.595+0000] {processor.py:840} INFO - DAG(s) 'example_local_kubernetes_executor' retrieved from /home/airflow/.local/lib/python3.12/site-packages/airflow/example_dags/example_local_kubernetes_executor.py
[2026-01-14T09:28:15.636+0000] {logging_mixin.py:188} INFO - [2026-01-14T09:28:15.636+0000] {dag.py:3096} INFO - Sync 1 DAGs
[2026-01-14T09:28:15.654+0000] {logging_mixin.py:188} INFO - [2026-01-14T09:28:15.654+0000] {dag.py:3954} INFO - Setting next_dagrun for example_local_kubernetes_executor to None, run_after=None
[2026-01-14T09:28:15.677+0000] {processor.py:183} INFO - Processing /home/airflow/.local/lib/python3.12/site-packages/airflow/example_dags/example_local_kubernetes_executor.py took 0.098 seconds
[2026-01-14T09:28:46.275+0000] {processor.py:161} INFO - Started process (PID=8029) to work on /home/airflow/.local/lib/python3.12/site-packages/airflow/example_dags/example_local_kubernetes_executor.py
[2026-01-14T09:28:46.276+0000] {processor.py:830} INFO - Processing file /home/airflow/.local/lib/python3.12/site-packages/airflow/example_dags/example_local_kubernetes_executor.py for tasks to queue
[2026-01-14T09:28:46.278+0000] {logging_mixin.py:188} INFO - [2026-01-14T09:28:46.278+0000] {dagbag.py:545} INFO - Filling up the DagBag from /home/airflow/.local/lib/python3.12/site-packages/airflow/example_dags/example_local_kubernetes_executor.py
[2026-01-14T09:28:46.287+0000] {processor.py:840} INFO - DAG(s) 'example_local_kubernetes_executor' retrieved from /home/airflow/.local/lib/python3.12/site-packages/airflow/example_dags/example_local_kubernetes_executor.py
[2026-01-14T09:28:46.335+0000] {logging_mixin.py:188} INFO - [2026-01-14T09:28:46.335+0000] {dag.py:3096} INFO - Sync 1 DAGs
[2026-01-14T09:28:46.350+0000] {logging_mixin.py:188} INFO - [2026-01-14T09:28:46.350+0000] {dag.py:3954} INFO - Setting next_dagrun for example_local_kubernetes_executor to None, run_after=None
[2026-01-14T09:28:46.372+0000] {processor.py:183} INFO - Processing /home/airflow/.local/lib/python3.12/site-packages/airflow/example_dags/example_local_kubernetes_executor.py took 0.106 seconds
[2026-01-14T09:29:16.608+0000] {processor.py:161} INFO - Started process (PID=8290) to work on /home/airflow/.local/lib/python3.12/site-packages/airflow/example_dags/example_local_kubernetes_executor.py
[2026-01-14T09:29:16.609+0000] {processor.py:830} INFO - Processing file /home/airflow/.local/lib/python3.12/site-packages/airflow/example_dags/example_local_kubernetes_executor.py for tasks to queue
[2026-01-14T09:29:16.611+0000] {logging_mixin.py:188} INFO - [2026-01-14T09:29:16.610+0000] {dagbag.py:545} INFO - Filling up the DagBag from /home/airflow/.local/lib/python3.12/site-packages/airflow/example_dags/example_local_kubernetes_executor.py
[2026-01-14T09:29:16.618+0000] {processor.py:840} INFO - DAG(s) 'example_local_kubernetes_executor' retrieved from /home/airflow/.local/lib/python3.12/site-packages/airflow/example_dags/example_local_kubernetes_executor.py
[2026-01-14T09:29:16.658+0000] {logging_mixin.py:188} INFO - [2026-01-14T09:29:16.658+0000] {dag.py:3096} INFO - Sync 1 DAGs
[2026-01-14T09:29:16.672+0000] {logging_mixin.py:188} INFO - [2026-01-14T09:29:16.672+0000] {dag.py:3954} INFO - Setting next_dagrun for example_local_kubernetes_executor to None, run_after=None
[2026-01-14T09:29:16.694+0000] {processor.py:183} INFO - Processing /home/airflow/.local/lib/python3.12/site-packages/airflow/example_dags/example_local_kubernetes_executor.py took 0.092 seconds
[2026-01-14T09:29:47.370+0000] {processor.py:161} INFO - Started process (PID=8551) to work on /home/airflow/.local/lib/python3.12/site-packages/airflow/example_dags/example_local_kubernetes_executor.py
[2026-01-14T09:29:47.372+0000] {processor.py:830} INFO - Processing file /home/airflow/.local/lib/python3.12/site-packages/airflow/example_dags/example_local_kubernetes_executor.py for tasks to queue
[2026-01-14T09:29:47.374+0000] {logging_mixin.py:188} INFO - [2026-01-14T09:29:47.373+0000] {dagbag.py:545} INFO - Filling up the DagBag from /home/airflow/.local/lib/python3.12/site-packages/airflow/example_dags/example_local_kubernetes_executor.py
[2026-01-14T09:29:47.384+0000] {processor.py:840} INFO - DAG(s) 'example_local_kubernetes_executor' retrieved from /home/airflow/.local/lib/python3.12/site-packages/airflow/example_dags/example_local_kubernetes_executor.py
[2026-01-14T09:29:47.429+0000] {logging_mixin.py:188} INFO - [2026-01-14T09:29:47.429+0000] {dag.py:3096} INFO - Sync 1 DAGs
[2026-01-14T09:29:47.444+0000] {logging_mixin.py:188} INFO - [2026-01-14T09:29:47.444+0000] {dag.py:3954} INFO - Setting next_dagrun for example_local_kubernetes_executor to None, run_after=None
[2026-01-14T09:29:47.468+0000] {processor.py:183} INFO - Processing /home/airflow/.local/lib/python3.12/site-packages/airflow/example_dags/example_local_kubernetes_executor.py took 0.104 seconds
[2026-01-14T09:30:18.005+0000] {processor.py:161} INFO - Started process (PID=8812) to work on /home/airflow/.local/lib/python3.12/site-packages/airflow/example_dags/example_local_kubernetes_executor.py
[2026-01-14T09:30:18.007+0000] {processor.py:830} INFO - Processing file /home/airflow/.local/lib/python3.12/site-packages/airflow/example_dags/example_local_kubernetes_executor.py for tasks to queue
[2026-01-14T09:30:18.010+0000] {logging_mixin.py:188} INFO - [2026-01-14T09:30:18.010+0000] {dagbag.py:545} INFO - Filling up the DagBag from /home/airflow/.local/lib/python3.12/site-packages/airflow/example_dags/example_local_kubernetes_executor.py
[2026-01-14T09:30:18.023+0000] {processor.py:840} INFO - DAG(s) 'example_local_kubernetes_executor' retrieved from /home/airflow/.local/lib/python3.12/site-packages/airflow/example_dags/example_local_kubernetes_executor.py
[2026-01-14T09:30:18.081+0000] {logging_mixin.py:188} INFO - [2026-01-14T09:30:18.080+0000] {dag.py:3096} INFO - Sync 1 DAGs
[2026-01-14T09:30:18.101+0000] {logging_mixin.py:188} INFO - [2026-01-14T09:30:18.100+0000] {dag.py:3954} INFO - Setting next_dagrun for example_local_kubernetes_executor to None, run_after=None
[2026-01-14T09:30:18.130+0000] {processor.py:183} INFO - Processing /home/airflow/.local/lib/python3.12/site-packages/airflow/example_dags/example_local_kubernetes_executor.py took 0.135 seconds
[2026-01-14T09:30:48.779+0000] {processor.py:161} INFO - Started process (PID=9073) to work on /home/airflow/.local/lib/python3.12/site-packages/airflow/example_dags/example_local_kubernetes_executor.py
[2026-01-14T09:30:48.780+0000] {processor.py:830} INFO - Processing file /home/airflow/.local/lib/python3.12/site-packages/airflow/example_dags/example_local_kubernetes_executor.py for tasks to queue
[2026-01-14T09:30:48.782+0000] {logging_mixin.py:188} INFO - [2026-01-14T09:30:48.782+0000] {dagbag.py:545} INFO - Filling up the DagBag from /home/airflow/.local/lib/python3.12/site-packages/airflow/example_dags/example_local_kubernetes_executor.py
[2026-01-14T09:30:48.791+0000] {processor.py:840} INFO - DAG(s) 'example_local_kubernetes_executor' retrieved from /home/airflow/.local/lib/python3.12/site-packages/airflow/example_dags/example_local_kubernetes_executor.py
[2026-01-14T09:30:48.846+0000] {logging_mixin.py:188} INFO - [2026-01-14T09:30:48.846+0000] {dag.py:3096} INFO - Sync 1 DAGs
[2026-01-14T09:30:49.043+0000] {logging_mixin.py:188} INFO - [2026-01-14T09:30:49.043+0000] {dag.py:3954} INFO - Setting next_dagrun for example_local_kubernetes_executor to None, run_after=None
[2026-01-14T09:30:49.069+0000] {processor.py:183} INFO - Processing /home/airflow/.local/lib/python3.12/site-packages/airflow/example_dags/example_local_kubernetes_executor.py took 0.298 seconds
[2026-01-14T09:31:27.558+0000] {processor.py:161} INFO - Started process (PID=9328) to work on /home/airflow/.local/lib/python3.12/site-packages/airflow/example_dags/example_local_kubernetes_executor.py
[2026-01-14T09:31:27.560+0000] {processor.py:830} INFO - Processing file /home/airflow/.local/lib/python3.12/site-packages/airflow/example_dags/example_local_kubernetes_executor.py for tasks to queue
[2026-01-14T09:31:27.562+0000] {logging_mixin.py:188} INFO - [2026-01-14T09:31:27.562+0000] {dagbag.py:545} INFO - Filling up the DagBag from /home/airflow/.local/lib/python3.12/site-packages/airflow/example_dags/example_local_kubernetes_executor.py
[2026-01-14T09:31:27.573+0000] {processor.py:840} INFO - DAG(s) 'example_local_kubernetes_executor' retrieved from /home/airflow/.local/lib/python3.12/site-packages/airflow/example_dags/example_local_kubernetes_executor.py
[2026-01-14T09:31:27.629+0000] {logging_mixin.py:188} INFO - [2026-01-14T09:31:27.629+0000] {dag.py:3096} INFO - Sync 1 DAGs
[2026-01-14T09:31:27.650+0000] {logging_mixin.py:188} INFO - [2026-01-14T09:31:27.649+0000] {dag.py:3954} INFO - Setting next_dagrun for example_local_kubernetes_executor to None, run_after=None
[2026-01-14T09:31:27.862+0000] {processor.py:183} INFO - Processing /home/airflow/.local/lib/python3.12/site-packages/airflow/example_dags/example_local_kubernetes_executor.py took 0.312 seconds
[2026-01-14T09:31:58.019+0000] {processor.py:161} INFO - Started process (PID=9589) to work on /home/airflow/.local/lib/python3.12/site-packages/airflow/example_dags/example_local_kubernetes_executor.py
[2026-01-14T09:31:58.020+0000] {processor.py:830} INFO - Processing file /home/airflow/.local/lib/python3.12/site-packages/airflow/example_dags/example_local_kubernetes_executor.py for tasks to queue
[2026-01-14T09:31:58.023+0000] {logging_mixin.py:188} INFO - [2026-01-14T09:31:58.022+0000] {dagbag.py:545} INFO - Filling up the DagBag from /home/airflow/.local/lib/python3.12/site-packages/airflow/example_dags/example_local_kubernetes_executor.py
[2026-01-14T09:31:58.032+0000] {processor.py:840} INFO - DAG(s) 'example_local_kubernetes_executor' retrieved from /home/airflow/.local/lib/python3.12/site-packages/airflow/example_dags/example_local_kubernetes_executor.py
[2026-01-14T09:31:58.088+0000] {logging_mixin.py:188} INFO - [2026-01-14T09:31:58.087+0000] {dag.py:3096} INFO - Sync 1 DAGs
[2026-01-14T09:31:58.106+0000] {logging_mixin.py:188} INFO - [2026-01-14T09:31:58.106+0000] {dag.py:3954} INFO - Setting next_dagrun for example_local_kubernetes_executor to None, run_after=None
[2026-01-14T09:31:58.137+0000] {processor.py:183} INFO - Processing /home/airflow/.local/lib/python3.12/site-packages/airflow/example_dags/example_local_kubernetes_executor.py took 0.126 seconds
[2026-01-14T09:32:28.636+0000] {processor.py:161} INFO - Started process (PID=9850) to work on /home/airflow/.local/lib/python3.12/site-packages/airflow/example_dags/example_local_kubernetes_executor.py
[2026-01-14T09:32:28.637+0000] {processor.py:830} INFO - Processing file /home/airflow/.local/lib/python3.12/site-packages/airflow/example_dags/example_local_kubernetes_executor.py for tasks to queue
[2026-01-14T09:32:28.640+0000] {logging_mixin.py:188} INFO - [2026-01-14T09:32:28.639+0000] {dagbag.py:545} INFO - Filling up the DagBag from /home/airflow/.local/lib/python3.12/site-packages/airflow/example_dags/example_local_kubernetes_executor.py
[2026-01-14T09:32:28.648+0000] {processor.py:840} INFO - DAG(s) 'example_local_kubernetes_executor' retrieved from /home/airflow/.local/lib/python3.12/site-packages/airflow/example_dags/example_local_kubernetes_executor.py
[2026-01-14T09:32:28.701+0000] {logging_mixin.py:188} INFO - [2026-01-14T09:32:28.701+0000] {dag.py:3096} INFO - Sync 1 DAGs
[2026-01-14T09:32:28.720+0000] {logging_mixin.py:188} INFO - [2026-01-14T09:32:28.719+0000] {dag.py:3954} INFO - Setting next_dagrun for example_local_kubernetes_executor to None, run_after=None
[2026-01-14T09:32:28.750+0000] {processor.py:183} INFO - Processing /home/airflow/.local/lib/python3.12/site-packages/airflow/example_dags/example_local_kubernetes_executor.py took 0.122 seconds
[2026-01-14T09:33:01.238+0000] {processor.py:161} INFO - Started process (PID=10111) to work on /home/airflow/.local/lib/python3.12/site-packages/airflow/example_dags/example_local_kubernetes_executor.py
[2026-01-14T09:33:01.239+0000] {processor.py:830} INFO - Processing file /home/airflow/.local/lib/python3.12/site-packages/airflow/example_dags/example_local_kubernetes_executor.py for tasks to queue
[2026-01-14T09:33:01.242+0000] {logging_mixin.py:188} INFO - [2026-01-14T09:33:01.242+0000] {dagbag.py:545} INFO - Filling up the DagBag from /home/airflow/.local/lib/python3.12/site-packages/airflow/example_dags/example_local_kubernetes_executor.py
[2026-01-14T09:33:01.252+0000] {processor.py:840} INFO - DAG(s) 'example_local_kubernetes_executor' retrieved from /home/airflow/.local/lib/python3.12/site-packages/airflow/example_dags/example_local_kubernetes_executor.py
[2026-01-14T09:33:01.308+0000] {logging_mixin.py:188} INFO - [2026-01-14T09:33:01.307+0000] {dag.py:3096} INFO - Sync 1 DAGs
[2026-01-14T09:33:01.330+0000] {logging_mixin.py:188} INFO - [2026-01-14T09:33:01.329+0000] {dag.py:3954} INFO - Setting next_dagrun for example_local_kubernetes_executor to None, run_after=None
[2026-01-14T09:33:01.364+0000] {processor.py:183} INFO - Processing /home/airflow/.local/lib/python3.12/site-packages/airflow/example_dags/example_local_kubernetes_executor.py took 0.136 seconds
[2026-01-14T09:33:32.263+0000] {processor.py:161} INFO - Started process (PID=10372) to work on /home/airflow/.local/lib/python3.12/site-packages/airflow/example_dags/example_local_kubernetes_executor.py
[2026-01-14T09:33:32.265+0000] {processor.py:830} INFO - Processing file /home/airflow/.local/lib/python3.12/site-packages/airflow/example_dags/example_local_kubernetes_executor.py for tasks to queue
[2026-01-14T09:33:32.268+0000] {logging_mixin.py:188} INFO - [2026-01-14T09:33:32.267+0000] {dagbag.py:545} INFO - Filling up the DagBag from /home/airflow/.local/lib/python3.12/site-packages/airflow/example_dags/example_local_kubernetes_executor.py
[2026-01-14T09:33:32.278+0000] {processor.py:840} INFO - DAG(s) 'example_local_kubernetes_executor' retrieved from /home/airflow/.local/lib/python3.12/site-packages/airflow/example_dags/example_local_kubernetes_executor.py
[2026-01-14T09:33:32.337+0000] {logging_mixin.py:188} INFO - [2026-01-14T09:33:32.336+0000] {dag.py:3096} INFO - Sync 1 DAGs
[2026-01-14T09:33:32.358+0000] {logging_mixin.py:188} INFO - [2026-01-14T09:33:32.357+0000] {dag.py:3954} INFO - Setting next_dagrun for example_local_kubernetes_executor to None, run_after=None
[2026-01-14T09:33:32.388+0000] {processor.py:183} INFO - Processing /home/airflow/.local/lib/python3.12/site-packages/airflow/example_dags/example_local_kubernetes_executor.py took 0.133 seconds
[2026-01-14T09:34:02.871+0000] {processor.py:161} INFO - Started process (PID=10633) to work on /home/airflow/.local/lib/python3.12/site-packages/airflow/example_dags/example_local_kubernetes_executor.py
[2026-01-14T09:34:02.872+0000] {processor.py:830} INFO - Processing file /home/airflow/.local/lib/python3.12/site-packages/airflow/example_dags/example_local_kubernetes_executor.py for tasks to queue
[2026-01-14T09:34:02.875+0000] {logging_mixin.py:188} INFO - [2026-01-14T09:34:02.875+0000] {dagbag.py:545} INFO - Filling up the DagBag from /home/airflow/.local/lib/python3.12/site-packages/airflow/example_dags/example_local_kubernetes_executor.py
[2026-01-14T09:34:02.886+0000] {processor.py:840} INFO - DAG(s) 'example_local_kubernetes_executor' retrieved from /home/airflow/.local/lib/python3.12/site-packages/airflow/example_dags/example_local_kubernetes_executor.py
[2026-01-14T09:34:02.937+0000] {logging_mixin.py:188} INFO - [2026-01-14T09:34:02.937+0000] {dag.py:3096} INFO - Sync 1 DAGs
[2026-01-14T09:34:02.955+0000] {logging_mixin.py:188} INFO - [2026-01-14T09:34:02.955+0000] {dag.py:3954} INFO - Setting next_dagrun for example_local_kubernetes_executor to None, run_after=None
[2026-01-14T09:34:02.985+0000] {processor.py:183} INFO - Processing /home/airflow/.local/lib/python3.12/site-packages/airflow/example_dags/example_local_kubernetes_executor.py took 0.123 seconds
[2026-01-14T09:34:33.598+0000] {processor.py:161} INFO - Started process (PID=10894) to work on /home/airflow/.local/lib/python3.12/site-packages/airflow/example_dags/example_local_kubernetes_executor.py
[2026-01-14T09:34:33.600+0000] {processor.py:830} INFO - Processing file /home/airflow/.local/lib/python3.12/site-packages/airflow/example_dags/example_local_kubernetes_executor.py for tasks to queue
[2026-01-14T09:34:33.602+0000] {logging_mixin.py:188} INFO - [2026-01-14T09:34:33.602+0000] {dagbag.py:545} INFO - Filling up the DagBag from /home/airflow/.local/lib/python3.12/site-packages/airflow/example_dags/example_local_kubernetes_executor.py
[2026-01-14T09:34:33.612+0000] {processor.py:840} INFO - DAG(s) 'example_local_kubernetes_executor' retrieved from /home/airflow/.local/lib/python3.12/site-packages/airflow/example_dags/example_local_kubernetes_executor.py
[2026-01-14T09:34:33.663+0000] {logging_mixin.py:188} INFO - [2026-01-14T09:34:33.663+0000] {dag.py:3096} INFO - Sync 1 DAGs
[2026-01-14T09:34:33.683+0000] {logging_mixin.py:188} INFO - [2026-01-14T09:34:33.682+0000] {dag.py:3954} INFO - Setting next_dagrun for example_local_kubernetes_executor to None, run_after=None
[2026-01-14T09:34:33.712+0000] {processor.py:183} INFO - Processing /home/airflow/.local/lib/python3.12/site-packages/airflow/example_dags/example_local_kubernetes_executor.py took 0.121 seconds
[2026-01-14T09:35:03.917+0000] {processor.py:161} INFO - Started process (PID=11155) to work on /home/airflow/.local/lib/python3.12/site-packages/airflow/example_dags/example_local_kubernetes_executor.py
[2026-01-14T09:35:03.919+0000] {processor.py:830} INFO - Processing file /home/airflow/.local/lib/python3.12/site-packages/airflow/example_dags/example_local_kubernetes_executor.py for tasks to queue
[2026-01-14T09:35:03.922+0000] {logging_mixin.py:188} INFO - [2026-01-14T09:35:03.922+0000] {dagbag.py:545} INFO - Filling up the DagBag from /home/airflow/.local/lib/python3.12/site-packages/airflow/example_dags/example_local_kubernetes_executor.py
[2026-01-14T09:35:03.933+0000] {processor.py:840} INFO - DAG(s) 'example_local_kubernetes_executor' retrieved from /home/airflow/.local/lib/python3.12/site-packages/airflow/example_dags/example_local_kubernetes_executor.py
[2026-01-14T09:35:03.986+0000] {logging_mixin.py:188} INFO - [2026-01-14T09:35:03.985+0000] {dag.py:3096} INFO - Sync 1 DAGs
[2026-01-14T09:35:04.004+0000] {logging_mixin.py:188} INFO - [2026-01-14T09:35:04.004+0000] {dag.py:3954} INFO - Setting next_dagrun for example_local_kubernetes_executor to None, run_after=None
[2026-01-14T09:35:04.033+0000] {processor.py:183} INFO - Processing /home/airflow/.local/lib/python3.12/site-packages/airflow/example_dags/example_local_kubernetes_executor.py took 0.128 seconds
[2026-01-14T10:03:22.747+0000] {processor.py:161} INFO - Started process (PID=11418) to work on /home/airflow/.local/lib/python3.12/site-packages/airflow/example_dags/example_local_kubernetes_executor.py
[2026-01-14T10:03:22.748+0000] {processor.py:830} INFO - Processing file /home/airflow/.local/lib/python3.12/site-packages/airflow/example_dags/example_local_kubernetes_executor.py for tasks to queue
[2026-01-14T10:03:22.750+0000] {logging_mixin.py:188} INFO - [2026-01-14T10:03:22.750+0000] {dagbag.py:545} INFO - Filling up the DagBag from /home/airflow/.local/lib/python3.12/site-packages/airflow/example_dags/example_local_kubernetes_executor.py
[2026-01-14T10:03:22.760+0000] {processor.py:840} INFO - DAG(s) 'example_local_kubernetes_executor' retrieved from /home/airflow/.local/lib/python3.12/site-packages/airflow/example_dags/example_local_kubernetes_executor.py
[2026-01-14T10:03:22.816+0000] {logging_mixin.py:188} INFO - [2026-01-14T10:03:22.815+0000] {dag.py:3096} INFO - Sync 1 DAGs
[2026-01-14T10:03:22.839+0000] {logging_mixin.py:188} INFO - [2026-01-14T10:03:22.838+0000] {dag.py:3954} INFO - Setting next_dagrun for example_local_kubernetes_executor to None, run_after=None
[2026-01-14T10:03:22.867+0000] {processor.py:183} INFO - Processing /home/airflow/.local/lib/python3.12/site-packages/airflow/example_dags/example_local_kubernetes_executor.py took 0.130 seconds
[2026-01-14T10:03:53.340+0000] {processor.py:161} INFO - Started process (PID=11679) to work on /home/airflow/.local/lib/python3.12/site-packages/airflow/example_dags/example_local_kubernetes_executor.py
[2026-01-14T10:03:53.341+0000] {processor.py:830} INFO - Processing file /home/airflow/.local/lib/python3.12/site-packages/airflow/example_dags/example_local_kubernetes_executor.py for tasks to queue
[2026-01-14T10:03:53.344+0000] {logging_mixin.py:188} INFO - [2026-01-14T10:03:53.344+0000] {dagbag.py:545} INFO - Filling up the DagBag from /home/airflow/.local/lib/python3.12/site-packages/airflow/example_dags/example_local_kubernetes_executor.py
[2026-01-14T10:03:53.356+0000] {processor.py:840} INFO - DAG(s) 'example_local_kubernetes_executor' retrieved from /home/airflow/.local/lib/python3.12/site-packages/airflow/example_dags/example_local_kubernetes_executor.py
[2026-01-14T10:03:53.410+0000] {logging_mixin.py:188} INFO - [2026-01-14T10:03:53.410+0000] {dag.py:3096} INFO - Sync 1 DAGs
[2026-01-14T10:03:53.428+0000] {logging_mixin.py:188} INFO - [2026-01-14T10:03:53.427+0000] {dag.py:3954} INFO - Setting next_dagrun for example_local_kubernetes_executor to None, run_after=None
[2026-01-14T10:03:53.457+0000] {processor.py:183} INFO - Processing /home/airflow/.local/lib/python3.12/site-packages/airflow/example_dags/example_local_kubernetes_executor.py took 0.127 seconds
[2026-01-14T10:04:23.839+0000] {processor.py:161} INFO - Started process (PID=11938) to work on /home/airflow/.local/lib/python3.12/site-packages/airflow/example_dags/example_local_kubernetes_executor.py
[2026-01-14T10:04:23.841+0000] {processor.py:830} INFO - Processing file /home/airflow/.local/lib/python3.12/site-packages/airflow/example_dags/example_local_kubernetes_executor.py for tasks to queue
[2026-01-14T10:04:23.844+0000] {logging_mixin.py:188} INFO - [2026-01-14T10:04:23.844+0000] {dagbag.py:545} INFO - Filling up the DagBag from /home/airflow/.local/lib/python3.12/site-packages/airflow/example_dags/example_local_kubernetes_executor.py
[2026-01-14T10:04:23.856+0000] {processor.py:840} INFO - DAG(s) 'example_local_kubernetes_executor' retrieved from /home/airflow/.local/lib/python3.12/site-packages/airflow/example_dags/example_local_kubernetes_executor.py
[2026-01-14T10:04:23.919+0000] {logging_mixin.py:188} INFO - [2026-01-14T10:04:23.918+0000] {dag.py:3096} INFO - Sync 1 DAGs
[2026-01-14T10:04:23.940+0000] {logging_mixin.py:188} INFO - [2026-01-14T10:04:23.939+0000] {dag.py:3954} INFO - Setting next_dagrun for example_local_kubernetes_executor to None, run_after=None
[2026-01-14T10:04:23.974+0000] {processor.py:183} INFO - Processing /home/airflow/.local/lib/python3.12/site-packages/airflow/example_dags/example_local_kubernetes_executor.py took 0.143 seconds
[2026-01-14T10:04:54.571+0000] {processor.py:161} INFO - Started process (PID=12199) to work on /home/airflow/.local/lib/python3.12/site-packages/airflow/example_dags/example_local_kubernetes_executor.py
[2026-01-14T10:04:54.573+0000] {processor.py:830} INFO - Processing file /home/airflow/.local/lib/python3.12/site-packages/airflow/example_dags/example_local_kubernetes_executor.py for tasks to queue
[2026-01-14T10:04:54.575+0000] {logging_mixin.py:188} INFO - [2026-01-14T10:04:54.575+0000] {dagbag.py:545} INFO - Filling up the DagBag from /home/airflow/.local/lib/python3.12/site-packages/airflow/example_dags/example_local_kubernetes_executor.py
[2026-01-14T10:04:54.585+0000] {processor.py:840} INFO - DAG(s) 'example_local_kubernetes_executor' retrieved from /home/airflow/.local/lib/python3.12/site-packages/airflow/example_dags/example_local_kubernetes_executor.py
[2026-01-14T10:04:54.639+0000] {logging_mixin.py:188} INFO - [2026-01-14T10:04:54.639+0000] {dag.py:3096} INFO - Sync 1 DAGs
[2026-01-14T10:04:54.662+0000] {logging_mixin.py:188} INFO - [2026-01-14T10:04:54.662+0000] {dag.py:3954} INFO - Setting next_dagrun for example_local_kubernetes_executor to None, run_after=None
[2026-01-14T10:04:54.690+0000] {processor.py:183} INFO - Processing /home/airflow/.local/lib/python3.12/site-packages/airflow/example_dags/example_local_kubernetes_executor.py took 0.127 seconds
[2026-01-14T10:05:25.279+0000] {processor.py:161} INFO - Started process (PID=12460) to work on /home/airflow/.local/lib/python3.12/site-packages/airflow/example_dags/example_local_kubernetes_executor.py
[2026-01-14T10:05:25.280+0000] {processor.py:830} INFO - Processing file /home/airflow/.local/lib/python3.12/site-packages/airflow/example_dags/example_local_kubernetes_executor.py for tasks to queue
[2026-01-14T10:05:25.282+0000] {logging_mixin.py:188} INFO - [2026-01-14T10:05:25.282+0000] {dagbag.py:545} INFO - Filling up the DagBag from /home/airflow/.local/lib/python3.12/site-packages/airflow/example_dags/example_local_kubernetes_executor.py
[2026-01-14T10:05:25.292+0000] {processor.py:840} INFO - DAG(s) 'example_local_kubernetes_executor' retrieved from /home/airflow/.local/lib/python3.12/site-packages/airflow/example_dags/example_local_kubernetes_executor.py
[2026-01-14T10:05:25.349+0000] {logging_mixin.py:188} INFO - [2026-01-14T10:05:25.349+0000] {dag.py:3096} INFO - Sync 1 DAGs
[2026-01-14T10:05:25.373+0000] {logging_mixin.py:188} INFO - [2026-01-14T10:05:25.373+0000] {dag.py:3954} INFO - Setting next_dagrun for example_local_kubernetes_executor to None, run_after=None
[2026-01-14T10:05:25.404+0000] {processor.py:183} INFO - Processing /home/airflow/.local/lib/python3.12/site-packages/airflow/example_dags/example_local_kubernetes_executor.py took 0.134 seconds
[2026-01-14T10:05:55.869+0000] {processor.py:161} INFO - Started process (PID=12721) to work on /home/airflow/.local/lib/python3.12/site-packages/airflow/example_dags/example_local_kubernetes_executor.py
[2026-01-14T10:05:55.870+0000] {processor.py:830} INFO - Processing file /home/airflow/.local/lib/python3.12/site-packages/airflow/example_dags/example_local_kubernetes_executor.py for tasks to queue
[2026-01-14T10:05:55.873+0000] {logging_mixin.py:188} INFO - [2026-01-14T10:05:55.872+0000] {dagbag.py:545} INFO - Filling up the DagBag from /home/airflow/.local/lib/python3.12/site-packages/airflow/example_dags/example_local_kubernetes_executor.py
[2026-01-14T10:05:55.883+0000] {processor.py:840} INFO - DAG(s) 'example_local_kubernetes_executor' retrieved from /home/airflow/.local/lib/python3.12/site-packages/airflow/example_dags/example_local_kubernetes_executor.py
[2026-01-14T10:05:55.940+0000] {logging_mixin.py:188} INFO - [2026-01-14T10:05:55.939+0000] {dag.py:3096} INFO - Sync 1 DAGs
[2026-01-14T10:05:55.963+0000] {logging_mixin.py:188} INFO - [2026-01-14T10:05:55.963+0000] {dag.py:3954} INFO - Setting next_dagrun for example_local_kubernetes_executor to None, run_after=None
[2026-01-14T10:05:55.989+0000] {processor.py:183} INFO - Processing /home/airflow/.local/lib/python3.12/site-packages/airflow/example_dags/example_local_kubernetes_executor.py took 0.128 seconds
[2026-01-14T10:06:26.383+0000] {processor.py:161} INFO - Started process (PID=12982) to work on /home/airflow/.local/lib/python3.12/site-packages/airflow/example_dags/example_local_kubernetes_executor.py
[2026-01-14T10:06:26.385+0000] {processor.py:830} INFO - Processing file /home/airflow/.local/lib/python3.12/site-packages/airflow/example_dags/example_local_kubernetes_executor.py for tasks to queue
[2026-01-14T10:06:26.388+0000] {logging_mixin.py:188} INFO - [2026-01-14T10:06:26.387+0000] {dagbag.py:545} INFO - Filling up the DagBag from /home/airflow/.local/lib/python3.12/site-packages/airflow/example_dags/example_local_kubernetes_executor.py
[2026-01-14T10:06:26.399+0000] {processor.py:840} INFO - DAG(s) 'example_local_kubernetes_executor' retrieved from /home/airflow/.local/lib/python3.12/site-packages/airflow/example_dags/example_local_kubernetes_executor.py
[2026-01-14T10:06:26.454+0000] {logging_mixin.py:188} INFO - [2026-01-14T10:06:26.453+0000] {dag.py:3096} INFO - Sync 1 DAGs
[2026-01-14T10:06:26.474+0000] {logging_mixin.py:188} INFO - [2026-01-14T10:06:26.474+0000] {dag.py:3954} INFO - Setting next_dagrun for example_local_kubernetes_executor to None, run_after=None
[2026-01-14T10:06:26.507+0000] {processor.py:183} INFO - Processing /home/airflow/.local/lib/python3.12/site-packages/airflow/example_dags/example_local_kubernetes_executor.py took 0.132 seconds
[2026-01-14T10:06:57.070+0000] {processor.py:161} INFO - Started process (PID=13243) to work on /home/airflow/.local/lib/python3.12/site-packages/airflow/example_dags/example_local_kubernetes_executor.py
[2026-01-14T10:06:57.072+0000] {processor.py:830} INFO - Processing file /home/airflow/.local/lib/python3.12/site-packages/airflow/example_dags/example_local_kubernetes_executor.py for tasks to queue
[2026-01-14T10:06:57.074+0000] {logging_mixin.py:188} INFO - [2026-01-14T10:06:57.074+0000] {dagbag.py:545} INFO - Filling up the DagBag from /home/airflow/.local/lib/python3.12/site-packages/airflow/example_dags/example_local_kubernetes_executor.py
[2026-01-14T10:06:57.085+0000] {processor.py:840} INFO - DAG(s) 'example_local_kubernetes_executor' retrieved from /home/airflow/.local/lib/python3.12/site-packages/airflow/example_dags/example_local_kubernetes_executor.py
[2026-01-14T10:06:57.141+0000] {logging_mixin.py:188} INFO - [2026-01-14T10:06:57.140+0000] {dag.py:3096} INFO - Sync 1 DAGs
[2026-01-14T10:06:57.161+0000] {logging_mixin.py:188} INFO - [2026-01-14T10:06:57.160+0000] {dag.py:3954} INFO - Setting next_dagrun for example_local_kubernetes_executor to None, run_after=None
[2026-01-14T10:06:57.192+0000] {processor.py:183} INFO - Processing /home/airflow/.local/lib/python3.12/site-packages/airflow/example_dags/example_local_kubernetes_executor.py took 0.130 seconds
[2026-01-14T10:07:27.629+0000] {processor.py:161} INFO - Started process (PID=13504) to work on /home/airflow/.local/lib/python3.12/site-packages/airflow/example_dags/example_local_kubernetes_executor.py
[2026-01-14T10:07:27.631+0000] {processor.py:830} INFO - Processing file /home/airflow/.local/lib/python3.12/site-packages/airflow/example_dags/example_local_kubernetes_executor.py for tasks to queue
[2026-01-14T10:07:27.633+0000] {logging_mixin.py:188} INFO - [2026-01-14T10:07:27.633+0000] {dagbag.py:545} INFO - Filling up the DagBag from /home/airflow/.local/lib/python3.12/site-packages/airflow/example_dags/example_local_kubernetes_executor.py
[2026-01-14T10:07:27.643+0000] {processor.py:840} INFO - DAG(s) 'example_local_kubernetes_executor' retrieved from /home/airflow/.local/lib/python3.12/site-packages/airflow/example_dags/example_local_kubernetes_executor.py
[2026-01-14T10:07:27.698+0000] {logging_mixin.py:188} INFO - [2026-01-14T10:07:27.698+0000] {dag.py:3096} INFO - Sync 1 DAGs
[2026-01-14T10:07:27.716+0000] {logging_mixin.py:188} INFO - [2026-01-14T10:07:27.716+0000] {dag.py:3954} INFO - Setting next_dagrun for example_local_kubernetes_executor to None, run_after=None
[2026-01-14T10:07:27.743+0000] {processor.py:183} INFO - Processing /home/airflow/.local/lib/python3.12/site-packages/airflow/example_dags/example_local_kubernetes_executor.py took 0.121 seconds
[2026-01-14T10:07:57.961+0000] {processor.py:161} INFO - Started process (PID=13765) to work on /home/airflow/.local/lib/python3.12/site-packages/airflow/example_dags/example_local_kubernetes_executor.py
[2026-01-14T10:07:57.962+0000] {processor.py:830} INFO - Processing file /home/airflow/.local/lib/python3.12/site-packages/airflow/example_dags/example_local_kubernetes_executor.py for tasks to queue
[2026-01-14T10:07:57.965+0000] {logging_mixin.py:188} INFO - [2026-01-14T10:07:57.964+0000] {dagbag.py:545} INFO - Filling up the DagBag from /home/airflow/.local/lib/python3.12/site-packages/airflow/example_dags/example_local_kubernetes_executor.py
[2026-01-14T10:07:57.974+0000] {processor.py:840} INFO - DAG(s) 'example_local_kubernetes_executor' retrieved from /home/airflow/.local/lib/python3.12/site-packages/airflow/example_dags/example_local_kubernetes_executor.py
[2026-01-14T10:07:58.029+0000] {logging_mixin.py:188} INFO - [2026-01-14T10:07:58.028+0000] {dag.py:3096} INFO - Sync 1 DAGs
[2026-01-14T10:07:58.049+0000] {logging_mixin.py:188} INFO - [2026-01-14T10:07:58.048+0000] {dag.py:3954} INFO - Setting next_dagrun for example_local_kubernetes_executor to None, run_after=None
[2026-01-14T10:07:58.077+0000] {processor.py:183} INFO - Processing /home/airflow/.local/lib/python3.12/site-packages/airflow/example_dags/example_local_kubernetes_executor.py took 0.124 seconds
[2026-01-14T10:08:28.748+0000] {processor.py:161} INFO - Started process (PID=14026) to work on /home/airflow/.local/lib/python3.12/site-packages/airflow/example_dags/example_local_kubernetes_executor.py
[2026-01-14T10:08:28.749+0000] {processor.py:830} INFO - Processing file /home/airflow/.local/lib/python3.12/site-packages/airflow/example_dags/example_local_kubernetes_executor.py for tasks to queue
[2026-01-14T10:08:28.752+0000] {logging_mixin.py:188} INFO - [2026-01-14T10:08:28.751+0000] {dagbag.py:545} INFO - Filling up the DagBag from /home/airflow/.local/lib/python3.12/site-packages/airflow/example_dags/example_local_kubernetes_executor.py
[2026-01-14T10:08:28.762+0000] {processor.py:840} INFO - DAG(s) 'example_local_kubernetes_executor' retrieved from /home/airflow/.local/lib/python3.12/site-packages/airflow/example_dags/example_local_kubernetes_executor.py
[2026-01-14T10:08:28.820+0000] {logging_mixin.py:188} INFO - [2026-01-14T10:08:28.819+0000] {dag.py:3096} INFO - Sync 1 DAGs
[2026-01-14T10:08:28.838+0000] {logging_mixin.py:188} INFO - [2026-01-14T10:08:28.838+0000] {dag.py:3954} INFO - Setting next_dagrun for example_local_kubernetes_executor to None, run_after=None
[2026-01-14T10:08:28.866+0000] {processor.py:183} INFO - Processing /home/airflow/.local/lib/python3.12/site-packages/airflow/example_dags/example_local_kubernetes_executor.py took 0.128 seconds
[2026-01-14T10:08:59.230+0000] {processor.py:161} INFO - Started process (PID=14287) to work on /home/airflow/.local/lib/python3.12/site-packages/airflow/example_dags/example_local_kubernetes_executor.py
[2026-01-14T10:08:59.232+0000] {processor.py:830} INFO - Processing file /home/airflow/.local/lib/python3.12/site-packages/airflow/example_dags/example_local_kubernetes_executor.py for tasks to queue
[2026-01-14T10:08:59.234+0000] {logging_mixin.py:188} INFO - [2026-01-14T10:08:59.234+0000] {dagbag.py:545} INFO - Filling up the DagBag from /home/airflow/.local/lib/python3.12/site-packages/airflow/example_dags/example_local_kubernetes_executor.py
[2026-01-14T10:08:59.244+0000] {processor.py:840} INFO - DAG(s) 'example_local_kubernetes_executor' retrieved from /home/airflow/.local/lib/python3.12/site-packages/airflow/example_dags/example_local_kubernetes_executor.py
[2026-01-14T10:08:59.300+0000] {logging_mixin.py:188} INFO - [2026-01-14T10:08:59.300+0000] {dag.py:3096} INFO - Sync 1 DAGs
[2026-01-14T10:08:59.319+0000] {logging_mixin.py:188} INFO - [2026-01-14T10:08:59.319+0000] {dag.py:3954} INFO - Setting next_dagrun for example_local_kubernetes_executor to None, run_after=None
[2026-01-14T10:08:59.350+0000] {processor.py:183} INFO - Processing /home/airflow/.local/lib/python3.12/site-packages/airflow/example_dags/example_local_kubernetes_executor.py took 0.127 seconds
[2026-01-14T10:09:29.608+0000] {processor.py:161} INFO - Started process (PID=14548) to work on /home/airflow/.local/lib/python3.12/site-packages/airflow/example_dags/example_local_kubernetes_executor.py
[2026-01-14T10:09:29.609+0000] {processor.py:830} INFO - Processing file /home/airflow/.local/lib/python3.12/site-packages/airflow/example_dags/example_local_kubernetes_executor.py for tasks to queue
[2026-01-14T10:09:29.612+0000] {logging_mixin.py:188} INFO - [2026-01-14T10:09:29.612+0000] {dagbag.py:545} INFO - Filling up the DagBag from /home/airflow/.local/lib/python3.12/site-packages/airflow/example_dags/example_local_kubernetes_executor.py
[2026-01-14T10:09:29.623+0000] {processor.py:840} INFO - DAG(s) 'example_local_kubernetes_executor' retrieved from /home/airflow/.local/lib/python3.12/site-packages/airflow/example_dags/example_local_kubernetes_executor.py
[2026-01-14T10:09:29.675+0000] {logging_mixin.py:188} INFO - [2026-01-14T10:09:29.675+0000] {dag.py:3096} INFO - Sync 1 DAGs
[2026-01-14T10:09:29.695+0000] {logging_mixin.py:188} INFO - [2026-01-14T10:09:29.695+0000] {dag.py:3954} INFO - Setting next_dagrun for example_local_kubernetes_executor to None, run_after=None
[2026-01-14T10:09:29.719+0000] {processor.py:183} INFO - Processing /home/airflow/.local/lib/python3.12/site-packages/airflow/example_dags/example_local_kubernetes_executor.py took 0.119 seconds
[2026-01-14T10:10:00.139+0000] {processor.py:161} INFO - Started process (PID=14809) to work on /home/airflow/.local/lib/python3.12/site-packages/airflow/example_dags/example_local_kubernetes_executor.py
[2026-01-14T10:10:00.140+0000] {processor.py:830} INFO - Processing file /home/airflow/.local/lib/python3.12/site-packages/airflow/example_dags/example_local_kubernetes_executor.py for tasks to queue
[2026-01-14T10:10:00.143+0000] {logging_mixin.py:188} INFO - [2026-01-14T10:10:00.142+0000] {dagbag.py:545} INFO - Filling up the DagBag from /home/airflow/.local/lib/python3.12/site-packages/airflow/example_dags/example_local_kubernetes_executor.py
[2026-01-14T10:10:00.153+0000] {processor.py:840} INFO - DAG(s) 'example_local_kubernetes_executor' retrieved from /home/airflow/.local/lib/python3.12/site-packages/airflow/example_dags/example_local_kubernetes_executor.py
[2026-01-14T10:10:00.207+0000] {logging_mixin.py:188} INFO - [2026-01-14T10:10:00.206+0000] {dag.py:3096} INFO - Sync 1 DAGs
[2026-01-14T10:10:00.225+0000] {logging_mixin.py:188} INFO - [2026-01-14T10:10:00.224+0000] {dag.py:3954} INFO - Setting next_dagrun for example_local_kubernetes_executor to None, run_after=None
[2026-01-14T10:10:00.254+0000] {processor.py:183} INFO - Processing /home/airflow/.local/lib/python3.12/site-packages/airflow/example_dags/example_local_kubernetes_executor.py took 0.123 seconds
[2026-01-14T10:10:32.136+0000] {processor.py:161} INFO - Started process (PID=15070) to work on /home/airflow/.local/lib/python3.12/site-packages/airflow/example_dags/example_local_kubernetes_executor.py
[2026-01-14T10:10:32.143+0000] {processor.py:830} INFO - Processing file /home/airflow/.local/lib/python3.12/site-packages/airflow/example_dags/example_local_kubernetes_executor.py for tasks to queue
[2026-01-14T10:10:32.155+0000] {logging_mixin.py:188} INFO - [2026-01-14T10:10:32.154+0000] {dagbag.py:545} INFO - Filling up the DagBag from /home/airflow/.local/lib/python3.12/site-packages/airflow/example_dags/example_local_kubernetes_executor.py
[2026-01-14T10:10:32.188+0000] {processor.py:840} INFO - DAG(s) 'example_local_kubernetes_executor' retrieved from /home/airflow/.local/lib/python3.12/site-packages/airflow/example_dags/example_local_kubernetes_executor.py
[2026-01-14T10:10:32.361+0000] {logging_mixin.py:188} INFO - [2026-01-14T10:10:32.359+0000] {dag.py:3096} INFO - Sync 1 DAGs
[2026-01-14T10:10:32.462+0000] {logging_mixin.py:188} INFO - [2026-01-14T10:10:32.461+0000] {dag.py:3954} INFO - Setting next_dagrun for example_local_kubernetes_executor to None, run_after=None
[2026-01-14T10:10:32.543+0000] {processor.py:183} INFO - Processing /home/airflow/.local/lib/python3.12/site-packages/airflow/example_dags/example_local_kubernetes_executor.py took 0.419 seconds
[2026-01-14T10:30:03.469+0000] {processor.py:161} INFO - Started process (PID=15290) to work on /home/airflow/.local/lib/python3.12/site-packages/airflow/example_dags/example_local_kubernetes_executor.py
[2026-01-14T10:30:03.470+0000] {processor.py:830} INFO - Processing file /home/airflow/.local/lib/python3.12/site-packages/airflow/example_dags/example_local_kubernetes_executor.py for tasks to queue
[2026-01-14T10:30:03.471+0000] {logging_mixin.py:188} INFO - [2026-01-14T10:30:03.471+0000] {dagbag.py:545} INFO - Filling up the DagBag from /home/airflow/.local/lib/python3.12/site-packages/airflow/example_dags/example_local_kubernetes_executor.py
[2026-01-14T10:30:03.479+0000] {processor.py:840} INFO - DAG(s) 'example_local_kubernetes_executor' retrieved from /home/airflow/.local/lib/python3.12/site-packages/airflow/example_dags/example_local_kubernetes_executor.py
[2026-01-14T10:30:03.523+0000] {logging_mixin.py:188} INFO - [2026-01-14T10:30:03.522+0000] {dag.py:3096} INFO - Sync 1 DAGs
[2026-01-14T10:30:03.537+0000] {logging_mixin.py:188} INFO - [2026-01-14T10:30:03.537+0000] {dag.py:3954} INFO - Setting next_dagrun for example_local_kubernetes_executor to None, run_after=None
[2026-01-14T10:30:03.560+0000] {processor.py:183} INFO - Processing /home/airflow/.local/lib/python3.12/site-packages/airflow/example_dags/example_local_kubernetes_executor.py took 0.097 seconds
