[2026-01-14T07:54:56.543+0000] {processor.py:161} INFO - Started process (PID=443) to work on /home/airflow/.local/lib/python3.12/site-packages/airflow/example_dags/example_display_name.py
[2026-01-14T07:54:56.544+0000] {processor.py:830} INFO - Processing file /home/airflow/.local/lib/python3.12/site-packages/airflow/example_dags/example_display_name.py for tasks to queue
[2026-01-14T07:54:56.547+0000] {logging_mixin.py:188} INFO - [2026-01-14T07:54:56.547+0000] {dagbag.py:545} INFO - Filling up the DagBag from /home/airflow/.local/lib/python3.12/site-packages/airflow/example_dags/example_display_name.py
[2026-01-14T07:54:56.554+0000] {processor.py:840} INFO - DAG(s) 'example_display_name' retrieved from /home/airflow/.local/lib/python3.12/site-packages/airflow/example_dags/example_display_name.py
[2026-01-14T07:54:56.585+0000] {logging_mixin.py:188} INFO - [2026-01-14T07:54:56.585+0000] {dag.py:3096} INFO - Sync 1 DAGs
[2026-01-14T07:54:56.603+0000] {logging_mixin.py:188} INFO - [2026-01-14T07:54:56.603+0000] {dag.py:3954} INFO - Setting next_dagrun for example_display_name to None, run_after=None
[2026-01-14T07:54:56.635+0000] {processor.py:183} INFO - Processing /home/airflow/.local/lib/python3.12/site-packages/airflow/example_dags/example_display_name.py took 0.099 seconds
[2026-01-14T07:55:27.328+0000] {processor.py:161} INFO - Started process (PID=743) to work on /home/airflow/.local/lib/python3.12/site-packages/airflow/example_dags/example_display_name.py
[2026-01-14T07:55:27.330+0000] {processor.py:830} INFO - Processing file /home/airflow/.local/lib/python3.12/site-packages/airflow/example_dags/example_display_name.py for tasks to queue
[2026-01-14T07:55:27.332+0000] {logging_mixin.py:188} INFO - [2026-01-14T07:55:27.332+0000] {dagbag.py:545} INFO - Filling up the DagBag from /home/airflow/.local/lib/python3.12/site-packages/airflow/example_dags/example_display_name.py
[2026-01-14T07:55:27.341+0000] {processor.py:840} INFO - DAG(s) 'example_display_name' retrieved from /home/airflow/.local/lib/python3.12/site-packages/airflow/example_dags/example_display_name.py
[2026-01-14T07:55:27.372+0000] {logging_mixin.py:188} INFO - [2026-01-14T07:55:27.372+0000] {dag.py:3096} INFO - Sync 1 DAGs
[2026-01-14T07:55:27.392+0000] {logging_mixin.py:188} INFO - [2026-01-14T07:55:27.391+0000] {dag.py:3954} INFO - Setting next_dagrun for example_display_name to None, run_after=None
[2026-01-14T07:55:27.424+0000] {processor.py:183} INFO - Processing /home/airflow/.local/lib/python3.12/site-packages/airflow/example_dags/example_display_name.py took 0.103 seconds
[2026-01-14T07:55:58.235+0000] {processor.py:161} INFO - Started process (PID=1024) to work on /home/airflow/.local/lib/python3.12/site-packages/airflow/example_dags/example_display_name.py
[2026-01-14T07:55:58.237+0000] {processor.py:830} INFO - Processing file /home/airflow/.local/lib/python3.12/site-packages/airflow/example_dags/example_display_name.py for tasks to queue
[2026-01-14T07:55:58.239+0000] {logging_mixin.py:188} INFO - [2026-01-14T07:55:58.238+0000] {dagbag.py:545} INFO - Filling up the DagBag from /home/airflow/.local/lib/python3.12/site-packages/airflow/example_dags/example_display_name.py
[2026-01-14T07:55:58.246+0000] {processor.py:840} INFO - DAG(s) 'example_display_name' retrieved from /home/airflow/.local/lib/python3.12/site-packages/airflow/example_dags/example_display_name.py
[2026-01-14T07:55:58.277+0000] {logging_mixin.py:188} INFO - [2026-01-14T07:55:58.276+0000] {dag.py:3096} INFO - Sync 1 DAGs
[2026-01-14T07:55:58.298+0000] {logging_mixin.py:188} INFO - [2026-01-14T07:55:58.297+0000] {dag.py:3954} INFO - Setting next_dagrun for example_display_name to None, run_after=None
[2026-01-14T07:55:58.331+0000] {processor.py:183} INFO - Processing /home/airflow/.local/lib/python3.12/site-packages/airflow/example_dags/example_display_name.py took 0.103 seconds
[2026-01-14T07:56:28.912+0000] {processor.py:161} INFO - Started process (PID=1290) to work on /home/airflow/.local/lib/python3.12/site-packages/airflow/example_dags/example_display_name.py
[2026-01-14T07:56:28.913+0000] {processor.py:830} INFO - Processing file /home/airflow/.local/lib/python3.12/site-packages/airflow/example_dags/example_display_name.py for tasks to queue
[2026-01-14T07:56:28.916+0000] {logging_mixin.py:188} INFO - [2026-01-14T07:56:28.916+0000] {dagbag.py:545} INFO - Filling up the DagBag from /home/airflow/.local/lib/python3.12/site-packages/airflow/example_dags/example_display_name.py
[2026-01-14T07:56:28.924+0000] {processor.py:840} INFO - DAG(s) 'example_display_name' retrieved from /home/airflow/.local/lib/python3.12/site-packages/airflow/example_dags/example_display_name.py
[2026-01-14T07:56:28.958+0000] {logging_mixin.py:188} INFO - [2026-01-14T07:56:28.958+0000] {dag.py:3096} INFO - Sync 1 DAGs
[2026-01-14T07:56:28.980+0000] {logging_mixin.py:188} INFO - [2026-01-14T07:56:28.980+0000] {dag.py:3954} INFO - Setting next_dagrun for example_display_name to None, run_after=None
[2026-01-14T07:56:29.012+0000] {processor.py:183} INFO - Processing /home/airflow/.local/lib/python3.12/site-packages/airflow/example_dags/example_display_name.py took 0.108 seconds
[2026-01-14T07:56:59.810+0000] {processor.py:161} INFO - Started process (PID=1557) to work on /home/airflow/.local/lib/python3.12/site-packages/airflow/example_dags/example_display_name.py
[2026-01-14T07:56:59.811+0000] {processor.py:830} INFO - Processing file /home/airflow/.local/lib/python3.12/site-packages/airflow/example_dags/example_display_name.py for tasks to queue
[2026-01-14T07:56:59.813+0000] {logging_mixin.py:188} INFO - [2026-01-14T07:56:59.813+0000] {dagbag.py:545} INFO - Filling up the DagBag from /home/airflow/.local/lib/python3.12/site-packages/airflow/example_dags/example_display_name.py
[2026-01-14T07:56:59.821+0000] {processor.py:840} INFO - DAG(s) 'example_display_name' retrieved from /home/airflow/.local/lib/python3.12/site-packages/airflow/example_dags/example_display_name.py
[2026-01-14T07:56:59.854+0000] {logging_mixin.py:188} INFO - [2026-01-14T07:56:59.853+0000] {dag.py:3096} INFO - Sync 1 DAGs
[2026-01-14T07:56:59.874+0000] {logging_mixin.py:188} INFO - [2026-01-14T07:56:59.873+0000] {dag.py:3954} INFO - Setting next_dagrun for example_display_name to None, run_after=None
[2026-01-14T07:56:59.906+0000] {processor.py:183} INFO - Processing /home/airflow/.local/lib/python3.12/site-packages/airflow/example_dags/example_display_name.py took 0.104 seconds
[2026-01-14T07:57:30.765+0000] {processor.py:161} INFO - Started process (PID=1860) to work on /home/airflow/.local/lib/python3.12/site-packages/airflow/example_dags/example_display_name.py
[2026-01-14T07:57:30.766+0000] {processor.py:830} INFO - Processing file /home/airflow/.local/lib/python3.12/site-packages/airflow/example_dags/example_display_name.py for tasks to queue
[2026-01-14T07:57:30.769+0000] {logging_mixin.py:188} INFO - [2026-01-14T07:57:30.768+0000] {dagbag.py:545} INFO - Filling up the DagBag from /home/airflow/.local/lib/python3.12/site-packages/airflow/example_dags/example_display_name.py
[2026-01-14T07:57:30.777+0000] {processor.py:840} INFO - DAG(s) 'example_display_name' retrieved from /home/airflow/.local/lib/python3.12/site-packages/airflow/example_dags/example_display_name.py
[2026-01-14T07:57:30.813+0000] {logging_mixin.py:188} INFO - [2026-01-14T07:57:30.812+0000] {dag.py:3096} INFO - Sync 1 DAGs
[2026-01-14T07:57:30.833+0000] {logging_mixin.py:188} INFO - [2026-01-14T07:57:30.833+0000] {dag.py:3954} INFO - Setting next_dagrun for example_display_name to None, run_after=None
[2026-01-14T07:57:30.863+0000] {processor.py:183} INFO - Processing /home/airflow/.local/lib/python3.12/site-packages/airflow/example_dags/example_display_name.py took 0.105 seconds
[2026-01-14T07:58:49.417+0000] {processor.py:161} INFO - Started process (PID=395) to work on /home/airflow/.local/lib/python3.12/site-packages/airflow/example_dags/example_display_name.py
[2026-01-14T07:58:49.418+0000] {processor.py:830} INFO - Processing file /home/airflow/.local/lib/python3.12/site-packages/airflow/example_dags/example_display_name.py for tasks to queue
[2026-01-14T07:58:49.420+0000] {logging_mixin.py:188} INFO - [2026-01-14T07:58:49.419+0000] {dagbag.py:545} INFO - Filling up the DagBag from /home/airflow/.local/lib/python3.12/site-packages/airflow/example_dags/example_display_name.py
[2026-01-14T07:58:49.428+0000] {processor.py:840} INFO - DAG(s) 'example_display_name' retrieved from /home/airflow/.local/lib/python3.12/site-packages/airflow/example_dags/example_display_name.py
[2026-01-14T07:58:49.453+0000] {logging_mixin.py:188} INFO - [2026-01-14T07:58:49.452+0000] {dag.py:3096} INFO - Sync 1 DAGs
[2026-01-14T07:58:49.470+0000] {logging_mixin.py:188} INFO - [2026-01-14T07:58:49.470+0000] {dag.py:3954} INFO - Setting next_dagrun for example_display_name to None, run_after=None
[2026-01-14T07:58:49.492+0000] {processor.py:183} INFO - Processing /home/airflow/.local/lib/python3.12/site-packages/airflow/example_dags/example_display_name.py took 0.082 seconds
[2026-01-14T07:59:20.465+0000] {processor.py:161} INFO - Started process (PID=684) to work on /home/airflow/.local/lib/python3.12/site-packages/airflow/example_dags/example_display_name.py
[2026-01-14T07:59:20.467+0000] {processor.py:830} INFO - Processing file /home/airflow/.local/lib/python3.12/site-packages/airflow/example_dags/example_display_name.py for tasks to queue
[2026-01-14T07:59:20.472+0000] {logging_mixin.py:188} INFO - [2026-01-14T07:59:20.471+0000] {dagbag.py:545} INFO - Filling up the DagBag from /home/airflow/.local/lib/python3.12/site-packages/airflow/example_dags/example_display_name.py
[2026-01-14T07:59:20.484+0000] {processor.py:840} INFO - DAG(s) 'example_display_name' retrieved from /home/airflow/.local/lib/python3.12/site-packages/airflow/example_dags/example_display_name.py
[2026-01-14T07:59:20.534+0000] {logging_mixin.py:188} INFO - [2026-01-14T07:59:20.533+0000] {dag.py:3096} INFO - Sync 1 DAGs
[2026-01-14T07:59:20.570+0000] {logging_mixin.py:188} INFO - [2026-01-14T07:59:20.570+0000] {dag.py:3954} INFO - Setting next_dagrun for example_display_name to None, run_after=None
[2026-01-14T07:59:20.611+0000] {processor.py:183} INFO - Processing /home/airflow/.local/lib/python3.12/site-packages/airflow/example_dags/example_display_name.py took 0.163 seconds
[2026-01-14T07:59:51.510+0000] {processor.py:161} INFO - Started process (PID=989) to work on /home/airflow/.local/lib/python3.12/site-packages/airflow/example_dags/example_display_name.py
[2026-01-14T07:59:51.511+0000] {processor.py:830} INFO - Processing file /home/airflow/.local/lib/python3.12/site-packages/airflow/example_dags/example_display_name.py for tasks to queue
[2026-01-14T07:59:51.514+0000] {logging_mixin.py:188} INFO - [2026-01-14T07:59:51.514+0000] {dagbag.py:545} INFO - Filling up the DagBag from /home/airflow/.local/lib/python3.12/site-packages/airflow/example_dags/example_display_name.py
[2026-01-14T07:59:51.522+0000] {processor.py:840} INFO - DAG(s) 'example_display_name' retrieved from /home/airflow/.local/lib/python3.12/site-packages/airflow/example_dags/example_display_name.py
[2026-01-14T07:59:51.557+0000] {logging_mixin.py:188} INFO - [2026-01-14T07:59:51.557+0000] {dag.py:3096} INFO - Sync 1 DAGs
[2026-01-14T07:59:51.576+0000] {logging_mixin.py:188} INFO - [2026-01-14T07:59:51.576+0000] {dag.py:3954} INFO - Setting next_dagrun for example_display_name to None, run_after=None
[2026-01-14T07:59:51.605+0000] {processor.py:183} INFO - Processing /home/airflow/.local/lib/python3.12/site-packages/airflow/example_dags/example_display_name.py took 0.105 seconds
[2026-01-14T08:00:21.809+0000] {processor.py:161} INFO - Started process (PID=1250) to work on /home/airflow/.local/lib/python3.12/site-packages/airflow/example_dags/example_display_name.py
[2026-01-14T08:00:21.810+0000] {processor.py:830} INFO - Processing file /home/airflow/.local/lib/python3.12/site-packages/airflow/example_dags/example_display_name.py for tasks to queue
[2026-01-14T08:00:21.813+0000] {logging_mixin.py:188} INFO - [2026-01-14T08:00:21.813+0000] {dagbag.py:545} INFO - Filling up the DagBag from /home/airflow/.local/lib/python3.12/site-packages/airflow/example_dags/example_display_name.py
[2026-01-14T08:00:21.822+0000] {processor.py:840} INFO - DAG(s) 'example_display_name' retrieved from /home/airflow/.local/lib/python3.12/site-packages/airflow/example_dags/example_display_name.py
[2026-01-14T08:00:21.861+0000] {logging_mixin.py:188} INFO - [2026-01-14T08:00:21.860+0000] {dag.py:3096} INFO - Sync 1 DAGs
[2026-01-14T08:00:21.885+0000] {logging_mixin.py:188} INFO - [2026-01-14T08:00:21.885+0000] {dag.py:3954} INFO - Setting next_dagrun for example_display_name to None, run_after=None
[2026-01-14T08:00:21.915+0000] {processor.py:183} INFO - Processing /home/airflow/.local/lib/python3.12/site-packages/airflow/example_dags/example_display_name.py took 0.115 seconds
[2026-01-14T08:00:52.537+0000] {processor.py:161} INFO - Started process (PID=1514) to work on /home/airflow/.local/lib/python3.12/site-packages/airflow/example_dags/example_display_name.py
[2026-01-14T08:00:52.539+0000] {processor.py:830} INFO - Processing file /home/airflow/.local/lib/python3.12/site-packages/airflow/example_dags/example_display_name.py for tasks to queue
[2026-01-14T08:00:52.542+0000] {logging_mixin.py:188} INFO - [2026-01-14T08:00:52.542+0000] {dagbag.py:545} INFO - Filling up the DagBag from /home/airflow/.local/lib/python3.12/site-packages/airflow/example_dags/example_display_name.py
[2026-01-14T08:00:52.550+0000] {processor.py:840} INFO - DAG(s) 'example_display_name' retrieved from /home/airflow/.local/lib/python3.12/site-packages/airflow/example_dags/example_display_name.py
[2026-01-14T08:00:52.579+0000] {logging_mixin.py:188} INFO - [2026-01-14T08:00:52.579+0000] {dag.py:3096} INFO - Sync 1 DAGs
[2026-01-14T08:00:52.600+0000] {logging_mixin.py:188} INFO - [2026-01-14T08:00:52.600+0000] {dag.py:3954} INFO - Setting next_dagrun for example_display_name to None, run_after=None
[2026-01-14T08:00:52.633+0000] {processor.py:183} INFO - Processing /home/airflow/.local/lib/python3.12/site-packages/airflow/example_dags/example_display_name.py took 0.103 seconds
[2026-01-14T08:01:22.772+0000] {processor.py:161} INFO - Started process (PID=1775) to work on /home/airflow/.local/lib/python3.12/site-packages/airflow/example_dags/example_display_name.py
[2026-01-14T08:01:22.773+0000] {processor.py:830} INFO - Processing file /home/airflow/.local/lib/python3.12/site-packages/airflow/example_dags/example_display_name.py for tasks to queue
[2026-01-14T08:01:22.776+0000] {logging_mixin.py:188} INFO - [2026-01-14T08:01:22.775+0000] {dagbag.py:545} INFO - Filling up the DagBag from /home/airflow/.local/lib/python3.12/site-packages/airflow/example_dags/example_display_name.py
[2026-01-14T08:01:22.784+0000] {processor.py:840} INFO - DAG(s) 'example_display_name' retrieved from /home/airflow/.local/lib/python3.12/site-packages/airflow/example_dags/example_display_name.py
[2026-01-14T08:01:22.822+0000] {logging_mixin.py:188} INFO - [2026-01-14T08:01:22.822+0000] {dag.py:3096} INFO - Sync 1 DAGs
[2026-01-14T08:01:22.841+0000] {logging_mixin.py:188} INFO - [2026-01-14T08:01:22.841+0000] {dag.py:3954} INFO - Setting next_dagrun for example_display_name to None, run_after=None
[2026-01-14T08:01:22.872+0000] {processor.py:183} INFO - Processing /home/airflow/.local/lib/python3.12/site-packages/airflow/example_dags/example_display_name.py took 0.109 seconds
[2026-01-14T08:01:52.985+0000] {processor.py:161} INFO - Started process (PID=2060) to work on /home/airflow/.local/lib/python3.12/site-packages/airflow/example_dags/example_display_name.py
[2026-01-14T08:01:52.987+0000] {processor.py:830} INFO - Processing file /home/airflow/.local/lib/python3.12/site-packages/airflow/example_dags/example_display_name.py for tasks to queue
[2026-01-14T08:01:52.990+0000] {logging_mixin.py:188} INFO - [2026-01-14T08:01:52.990+0000] {dagbag.py:545} INFO - Filling up the DagBag from /home/airflow/.local/lib/python3.12/site-packages/airflow/example_dags/example_display_name.py
[2026-01-14T08:01:52.998+0000] {processor.py:840} INFO - DAG(s) 'example_display_name' retrieved from /home/airflow/.local/lib/python3.12/site-packages/airflow/example_dags/example_display_name.py
[2026-01-14T08:01:53.032+0000] {logging_mixin.py:188} INFO - [2026-01-14T08:01:53.031+0000] {dag.py:3096} INFO - Sync 1 DAGs
[2026-01-14T08:01:53.053+0000] {logging_mixin.py:188} INFO - [2026-01-14T08:01:53.052+0000] {dag.py:3954} INFO - Setting next_dagrun for example_display_name to None, run_after=None
[2026-01-14T08:01:53.083+0000] {processor.py:183} INFO - Processing /home/airflow/.local/lib/python3.12/site-packages/airflow/example_dags/example_display_name.py took 0.106 seconds
[2026-01-14T08:02:23.217+0000] {processor.py:161} INFO - Started process (PID=2322) to work on /home/airflow/.local/lib/python3.12/site-packages/airflow/example_dags/example_display_name.py
[2026-01-14T08:02:23.218+0000] {processor.py:830} INFO - Processing file /home/airflow/.local/lib/python3.12/site-packages/airflow/example_dags/example_display_name.py for tasks to queue
[2026-01-14T08:02:23.221+0000] {logging_mixin.py:188} INFO - [2026-01-14T08:02:23.221+0000] {dagbag.py:545} INFO - Filling up the DagBag from /home/airflow/.local/lib/python3.12/site-packages/airflow/example_dags/example_display_name.py
[2026-01-14T08:02:23.230+0000] {processor.py:840} INFO - DAG(s) 'example_display_name' retrieved from /home/airflow/.local/lib/python3.12/site-packages/airflow/example_dags/example_display_name.py
[2026-01-14T08:02:23.273+0000] {logging_mixin.py:188} INFO - [2026-01-14T08:02:23.272+0000] {dag.py:3096} INFO - Sync 1 DAGs
[2026-01-14T08:02:23.296+0000] {logging_mixin.py:188} INFO - [2026-01-14T08:02:23.296+0000] {dag.py:3954} INFO - Setting next_dagrun for example_display_name to None, run_after=None
[2026-01-14T08:02:23.330+0000] {processor.py:183} INFO - Processing /home/airflow/.local/lib/python3.12/site-packages/airflow/example_dags/example_display_name.py took 0.123 seconds
[2026-01-14T08:02:53.769+0000] {processor.py:161} INFO - Started process (PID=2583) to work on /home/airflow/.local/lib/python3.12/site-packages/airflow/example_dags/example_display_name.py
[2026-01-14T08:02:53.770+0000] {processor.py:830} INFO - Processing file /home/airflow/.local/lib/python3.12/site-packages/airflow/example_dags/example_display_name.py for tasks to queue
[2026-01-14T08:02:53.773+0000] {logging_mixin.py:188} INFO - [2026-01-14T08:02:53.772+0000] {dagbag.py:545} INFO - Filling up the DagBag from /home/airflow/.local/lib/python3.12/site-packages/airflow/example_dags/example_display_name.py
[2026-01-14T08:02:53.781+0000] {processor.py:840} INFO - DAG(s) 'example_display_name' retrieved from /home/airflow/.local/lib/python3.12/site-packages/airflow/example_dags/example_display_name.py
[2026-01-14T08:02:53.816+0000] {logging_mixin.py:188} INFO - [2026-01-14T08:02:53.816+0000] {dag.py:3096} INFO - Sync 1 DAGs
[2026-01-14T08:02:53.836+0000] {logging_mixin.py:188} INFO - [2026-01-14T08:02:53.836+0000] {dag.py:3954} INFO - Setting next_dagrun for example_display_name to None, run_after=None
[2026-01-14T08:02:53.868+0000] {processor.py:183} INFO - Processing /home/airflow/.local/lib/python3.12/site-packages/airflow/example_dags/example_display_name.py took 0.107 seconds
[2026-01-14T08:03:24.164+0000] {processor.py:161} INFO - Started process (PID=2847) to work on /home/airflow/.local/lib/python3.12/site-packages/airflow/example_dags/example_display_name.py
[2026-01-14T08:03:24.166+0000] {processor.py:830} INFO - Processing file /home/airflow/.local/lib/python3.12/site-packages/airflow/example_dags/example_display_name.py for tasks to queue
[2026-01-14T08:03:24.168+0000] {logging_mixin.py:188} INFO - [2026-01-14T08:03:24.168+0000] {dagbag.py:545} INFO - Filling up the DagBag from /home/airflow/.local/lib/python3.12/site-packages/airflow/example_dags/example_display_name.py
[2026-01-14T08:03:24.176+0000] {processor.py:840} INFO - DAG(s) 'example_display_name' retrieved from /home/airflow/.local/lib/python3.12/site-packages/airflow/example_dags/example_display_name.py
[2026-01-14T08:03:24.211+0000] {logging_mixin.py:188} INFO - [2026-01-14T08:03:24.210+0000] {dag.py:3096} INFO - Sync 1 DAGs
[2026-01-14T08:03:24.231+0000] {logging_mixin.py:188} INFO - [2026-01-14T08:03:24.231+0000] {dag.py:3954} INFO - Setting next_dagrun for example_display_name to None, run_after=None
[2026-01-14T08:03:24.262+0000] {processor.py:183} INFO - Processing /home/airflow/.local/lib/python3.12/site-packages/airflow/example_dags/example_display_name.py took 0.106 seconds
[2026-01-14T08:03:54.767+0000] {processor.py:161} INFO - Started process (PID=3132) to work on /home/airflow/.local/lib/python3.12/site-packages/airflow/example_dags/example_display_name.py
[2026-01-14T08:03:54.768+0000] {processor.py:830} INFO - Processing file /home/airflow/.local/lib/python3.12/site-packages/airflow/example_dags/example_display_name.py for tasks to queue
[2026-01-14T08:03:54.771+0000] {logging_mixin.py:188} INFO - [2026-01-14T08:03:54.771+0000] {dagbag.py:545} INFO - Filling up the DagBag from /home/airflow/.local/lib/python3.12/site-packages/airflow/example_dags/example_display_name.py
[2026-01-14T08:03:54.780+0000] {processor.py:840} INFO - DAG(s) 'example_display_name' retrieved from /home/airflow/.local/lib/python3.12/site-packages/airflow/example_dags/example_display_name.py
[2026-01-14T08:03:54.815+0000] {logging_mixin.py:188} INFO - [2026-01-14T08:03:54.814+0000] {dag.py:3096} INFO - Sync 1 DAGs
[2026-01-14T08:03:54.834+0000] {logging_mixin.py:188} INFO - [2026-01-14T08:03:54.834+0000] {dag.py:3954} INFO - Setting next_dagrun for example_display_name to None, run_after=None
[2026-01-14T08:03:54.862+0000] {processor.py:183} INFO - Processing /home/airflow/.local/lib/python3.12/site-packages/airflow/example_dags/example_display_name.py took 0.104 seconds
[2026-01-14T08:04:25.131+0000] {processor.py:161} INFO - Started process (PID=3396) to work on /home/airflow/.local/lib/python3.12/site-packages/airflow/example_dags/example_display_name.py
[2026-01-14T08:04:25.133+0000] {processor.py:830} INFO - Processing file /home/airflow/.local/lib/python3.12/site-packages/airflow/example_dags/example_display_name.py for tasks to queue
[2026-01-14T08:04:25.136+0000] {logging_mixin.py:188} INFO - [2026-01-14T08:04:25.135+0000] {dagbag.py:545} INFO - Filling up the DagBag from /home/airflow/.local/lib/python3.12/site-packages/airflow/example_dags/example_display_name.py
[2026-01-14T08:04:25.144+0000] {processor.py:840} INFO - DAG(s) 'example_display_name' retrieved from /home/airflow/.local/lib/python3.12/site-packages/airflow/example_dags/example_display_name.py
[2026-01-14T08:04:25.179+0000] {logging_mixin.py:188} INFO - [2026-01-14T08:04:25.178+0000] {dag.py:3096} INFO - Sync 1 DAGs
[2026-01-14T08:04:25.202+0000] {logging_mixin.py:188} INFO - [2026-01-14T08:04:25.201+0000] {dag.py:3954} INFO - Setting next_dagrun for example_display_name to None, run_after=None
[2026-01-14T08:04:25.230+0000] {processor.py:183} INFO - Processing /home/airflow/.local/lib/python3.12/site-packages/airflow/example_dags/example_display_name.py took 0.109 seconds
[2026-01-14T08:04:55.633+0000] {processor.py:161} INFO - Started process (PID=3657) to work on /home/airflow/.local/lib/python3.12/site-packages/airflow/example_dags/example_display_name.py
[2026-01-14T08:04:55.634+0000] {processor.py:830} INFO - Processing file /home/airflow/.local/lib/python3.12/site-packages/airflow/example_dags/example_display_name.py for tasks to queue
[2026-01-14T08:04:55.636+0000] {logging_mixin.py:188} INFO - [2026-01-14T08:04:55.636+0000] {dagbag.py:545} INFO - Filling up the DagBag from /home/airflow/.local/lib/python3.12/site-packages/airflow/example_dags/example_display_name.py
[2026-01-14T08:04:55.641+0000] {processor.py:840} INFO - DAG(s) 'example_display_name' retrieved from /home/airflow/.local/lib/python3.12/site-packages/airflow/example_dags/example_display_name.py
[2026-01-14T08:04:55.668+0000] {logging_mixin.py:188} INFO - [2026-01-14T08:04:55.667+0000] {dag.py:3096} INFO - Sync 1 DAGs
[2026-01-14T08:04:55.684+0000] {logging_mixin.py:188} INFO - [2026-01-14T08:04:55.684+0000] {dag.py:3954} INFO - Setting next_dagrun for example_display_name to None, run_after=None
[2026-01-14T08:04:55.706+0000] {processor.py:183} INFO - Processing /home/airflow/.local/lib/python3.12/site-packages/airflow/example_dags/example_display_name.py took 0.080 seconds
[2026-01-14T08:06:50.103+0000] {processor.py:161} INFO - Started process (PID=3922) to work on /home/airflow/.local/lib/python3.12/site-packages/airflow/example_dags/example_display_name.py
[2026-01-14T08:06:50.105+0000] {processor.py:830} INFO - Processing file /home/airflow/.local/lib/python3.12/site-packages/airflow/example_dags/example_display_name.py for tasks to queue
[2026-01-14T08:06:50.107+0000] {logging_mixin.py:188} INFO - [2026-01-14T08:06:50.107+0000] {dagbag.py:545} INFO - Filling up the DagBag from /home/airflow/.local/lib/python3.12/site-packages/airflow/example_dags/example_display_name.py
[2026-01-14T08:06:50.114+0000] {processor.py:840} INFO - DAG(s) 'example_display_name' retrieved from /home/airflow/.local/lib/python3.12/site-packages/airflow/example_dags/example_display_name.py
[2026-01-14T08:06:50.147+0000] {logging_mixin.py:188} INFO - [2026-01-14T08:06:50.146+0000] {dag.py:3096} INFO - Sync 1 DAGs
[2026-01-14T08:06:50.167+0000] {logging_mixin.py:188} INFO - [2026-01-14T08:06:50.166+0000] {dag.py:3954} INFO - Setting next_dagrun for example_display_name to None, run_after=None
[2026-01-14T08:06:50.198+0000] {processor.py:183} INFO - Processing /home/airflow/.local/lib/python3.12/site-packages/airflow/example_dags/example_display_name.py took 0.103 seconds
[2026-01-14T08:07:20.823+0000] {processor.py:161} INFO - Started process (PID=4181) to work on /home/airflow/.local/lib/python3.12/site-packages/airflow/example_dags/example_display_name.py
[2026-01-14T08:07:20.824+0000] {processor.py:830} INFO - Processing file /home/airflow/.local/lib/python3.12/site-packages/airflow/example_dags/example_display_name.py for tasks to queue
[2026-01-14T08:07:20.826+0000] {logging_mixin.py:188} INFO - [2026-01-14T08:07:20.826+0000] {dagbag.py:545} INFO - Filling up the DagBag from /home/airflow/.local/lib/python3.12/site-packages/airflow/example_dags/example_display_name.py
[2026-01-14T08:07:20.832+0000] {processor.py:840} INFO - DAG(s) 'example_display_name' retrieved from /home/airflow/.local/lib/python3.12/site-packages/airflow/example_dags/example_display_name.py
[2026-01-14T08:07:20.856+0000] {logging_mixin.py:188} INFO - [2026-01-14T08:07:20.856+0000] {dag.py:3096} INFO - Sync 1 DAGs
[2026-01-14T08:07:20.874+0000] {logging_mixin.py:188} INFO - [2026-01-14T08:07:20.874+0000] {dag.py:3954} INFO - Setting next_dagrun for example_display_name to None, run_after=None
[2026-01-14T08:07:20.897+0000] {processor.py:183} INFO - Processing /home/airflow/.local/lib/python3.12/site-packages/airflow/example_dags/example_display_name.py took 0.081 seconds
[2026-01-14T08:07:51.512+0000] {processor.py:161} INFO - Started process (PID=4442) to work on /home/airflow/.local/lib/python3.12/site-packages/airflow/example_dags/example_display_name.py
[2026-01-14T08:07:51.513+0000] {processor.py:830} INFO - Processing file /home/airflow/.local/lib/python3.12/site-packages/airflow/example_dags/example_display_name.py for tasks to queue
[2026-01-14T08:07:51.516+0000] {logging_mixin.py:188} INFO - [2026-01-14T08:07:51.515+0000] {dagbag.py:545} INFO - Filling up the DagBag from /home/airflow/.local/lib/python3.12/site-packages/airflow/example_dags/example_display_name.py
[2026-01-14T08:07:51.524+0000] {processor.py:840} INFO - DAG(s) 'example_display_name' retrieved from /home/airflow/.local/lib/python3.12/site-packages/airflow/example_dags/example_display_name.py
[2026-01-14T08:07:51.555+0000] {logging_mixin.py:188} INFO - [2026-01-14T08:07:51.554+0000] {dag.py:3096} INFO - Sync 1 DAGs
[2026-01-14T08:07:51.573+0000] {logging_mixin.py:188} INFO - [2026-01-14T08:07:51.573+0000] {dag.py:3954} INFO - Setting next_dagrun for example_display_name to None, run_after=None
[2026-01-14T08:07:51.602+0000] {processor.py:183} INFO - Processing /home/airflow/.local/lib/python3.12/site-packages/airflow/example_dags/example_display_name.py took 0.097 seconds
[2026-01-14T08:08:21.717+0000] {processor.py:161} INFO - Started process (PID=4703) to work on /home/airflow/.local/lib/python3.12/site-packages/airflow/example_dags/example_display_name.py
[2026-01-14T08:08:21.718+0000] {processor.py:830} INFO - Processing file /home/airflow/.local/lib/python3.12/site-packages/airflow/example_dags/example_display_name.py for tasks to queue
[2026-01-14T08:08:21.720+0000] {logging_mixin.py:188} INFO - [2026-01-14T08:08:21.719+0000] {dagbag.py:545} INFO - Filling up the DagBag from /home/airflow/.local/lib/python3.12/site-packages/airflow/example_dags/example_display_name.py
[2026-01-14T08:08:21.725+0000] {processor.py:840} INFO - DAG(s) 'example_display_name' retrieved from /home/airflow/.local/lib/python3.12/site-packages/airflow/example_dags/example_display_name.py
[2026-01-14T08:08:21.751+0000] {logging_mixin.py:188} INFO - [2026-01-14T08:08:21.750+0000] {dag.py:3096} INFO - Sync 1 DAGs
[2026-01-14T08:08:21.767+0000] {logging_mixin.py:188} INFO - [2026-01-14T08:08:21.767+0000] {dag.py:3954} INFO - Setting next_dagrun for example_display_name to None, run_after=None
[2026-01-14T08:08:21.791+0000] {processor.py:183} INFO - Processing /home/airflow/.local/lib/python3.12/site-packages/airflow/example_dags/example_display_name.py took 0.080 seconds
[2026-01-14T08:08:52.776+0000] {processor.py:161} INFO - Started process (PID=4966) to work on /home/airflow/.local/lib/python3.12/site-packages/airflow/example_dags/example_display_name.py
[2026-01-14T08:08:52.778+0000] {processor.py:830} INFO - Processing file /home/airflow/.local/lib/python3.12/site-packages/airflow/example_dags/example_display_name.py for tasks to queue
[2026-01-14T08:08:52.782+0000] {logging_mixin.py:188} INFO - [2026-01-14T08:08:52.781+0000] {dagbag.py:545} INFO - Filling up the DagBag from /home/airflow/.local/lib/python3.12/site-packages/airflow/example_dags/example_display_name.py
[2026-01-14T08:08:52.791+0000] {processor.py:840} INFO - DAG(s) 'example_display_name' retrieved from /home/airflow/.local/lib/python3.12/site-packages/airflow/example_dags/example_display_name.py
[2026-01-14T08:08:52.823+0000] {logging_mixin.py:188} INFO - [2026-01-14T08:08:52.823+0000] {dag.py:3096} INFO - Sync 1 DAGs
[2026-01-14T08:08:52.843+0000] {logging_mixin.py:188} INFO - [2026-01-14T08:08:52.842+0000] {dag.py:3954} INFO - Setting next_dagrun for example_display_name to None, run_after=None
[2026-01-14T08:08:52.874+0000] {processor.py:183} INFO - Processing /home/airflow/.local/lib/python3.12/site-packages/airflow/example_dags/example_display_name.py took 0.108 seconds
[2026-01-14T08:09:23.037+0000] {processor.py:161} INFO - Started process (PID=5225) to work on /home/airflow/.local/lib/python3.12/site-packages/airflow/example_dags/example_display_name.py
[2026-01-14T08:09:23.038+0000] {processor.py:830} INFO - Processing file /home/airflow/.local/lib/python3.12/site-packages/airflow/example_dags/example_display_name.py for tasks to queue
[2026-01-14T08:09:23.041+0000] {logging_mixin.py:188} INFO - [2026-01-14T08:09:23.040+0000] {dagbag.py:545} INFO - Filling up the DagBag from /home/airflow/.local/lib/python3.12/site-packages/airflow/example_dags/example_display_name.py
[2026-01-14T08:09:23.046+0000] {processor.py:840} INFO - DAG(s) 'example_display_name' retrieved from /home/airflow/.local/lib/python3.12/site-packages/airflow/example_dags/example_display_name.py
[2026-01-14T08:09:23.069+0000] {logging_mixin.py:188} INFO - [2026-01-14T08:09:23.069+0000] {dag.py:3096} INFO - Sync 1 DAGs
[2026-01-14T08:09:23.087+0000] {logging_mixin.py:188} INFO - [2026-01-14T08:09:23.087+0000] {dag.py:3954} INFO - Setting next_dagrun for example_display_name to None, run_after=None
[2026-01-14T08:09:23.111+0000] {processor.py:183} INFO - Processing /home/airflow/.local/lib/python3.12/site-packages/airflow/example_dags/example_display_name.py took 0.082 seconds
[2026-01-14T08:09:53.234+0000] {processor.py:161} INFO - Started process (PID=5483) to work on /home/airflow/.local/lib/python3.12/site-packages/airflow/example_dags/example_display_name.py
[2026-01-14T08:09:53.235+0000] {processor.py:830} INFO - Processing file /home/airflow/.local/lib/python3.12/site-packages/airflow/example_dags/example_display_name.py for tasks to queue
[2026-01-14T08:09:53.237+0000] {logging_mixin.py:188} INFO - [2026-01-14T08:09:53.237+0000] {dagbag.py:545} INFO - Filling up the DagBag from /home/airflow/.local/lib/python3.12/site-packages/airflow/example_dags/example_display_name.py
[2026-01-14T08:09:53.242+0000] {processor.py:840} INFO - DAG(s) 'example_display_name' retrieved from /home/airflow/.local/lib/python3.12/site-packages/airflow/example_dags/example_display_name.py
[2026-01-14T08:09:53.268+0000] {logging_mixin.py:188} INFO - [2026-01-14T08:09:53.267+0000] {dag.py:3096} INFO - Sync 1 DAGs
[2026-01-14T08:09:53.283+0000] {logging_mixin.py:188} INFO - [2026-01-14T08:09:53.283+0000] {dag.py:3954} INFO - Setting next_dagrun for example_display_name to None, run_after=None
[2026-01-14T08:09:53.310+0000] {processor.py:183} INFO - Processing /home/airflow/.local/lib/python3.12/site-packages/airflow/example_dags/example_display_name.py took 0.082 seconds
[2026-01-14T08:10:23.399+0000] {processor.py:161} INFO - Started process (PID=5744) to work on /home/airflow/.local/lib/python3.12/site-packages/airflow/example_dags/example_display_name.py
[2026-01-14T08:10:23.400+0000] {processor.py:830} INFO - Processing file /home/airflow/.local/lib/python3.12/site-packages/airflow/example_dags/example_display_name.py for tasks to queue
[2026-01-14T08:10:23.402+0000] {logging_mixin.py:188} INFO - [2026-01-14T08:10:23.401+0000] {dagbag.py:545} INFO - Filling up the DagBag from /home/airflow/.local/lib/python3.12/site-packages/airflow/example_dags/example_display_name.py
[2026-01-14T08:10:23.407+0000] {processor.py:840} INFO - DAG(s) 'example_display_name' retrieved from /home/airflow/.local/lib/python3.12/site-packages/airflow/example_dags/example_display_name.py
[2026-01-14T08:10:23.433+0000] {logging_mixin.py:188} INFO - [2026-01-14T08:10:23.433+0000] {dag.py:3096} INFO - Sync 1 DAGs
[2026-01-14T08:10:23.448+0000] {logging_mixin.py:188} INFO - [2026-01-14T08:10:23.448+0000] {dag.py:3954} INFO - Setting next_dagrun for example_display_name to None, run_after=None
[2026-01-14T08:10:23.468+0000] {processor.py:183} INFO - Processing /home/airflow/.local/lib/python3.12/site-packages/airflow/example_dags/example_display_name.py took 0.077 seconds
[2026-01-14T08:10:53.628+0000] {processor.py:161} INFO - Started process (PID=6010) to work on /home/airflow/.local/lib/python3.12/site-packages/airflow/example_dags/example_display_name.py
[2026-01-14T08:10:53.629+0000] {processor.py:830} INFO - Processing file /home/airflow/.local/lib/python3.12/site-packages/airflow/example_dags/example_display_name.py for tasks to queue
[2026-01-14T08:10:53.632+0000] {logging_mixin.py:188} INFO - [2026-01-14T08:10:53.631+0000] {dagbag.py:545} INFO - Filling up the DagBag from /home/airflow/.local/lib/python3.12/site-packages/airflow/example_dags/example_display_name.py
[2026-01-14T08:10:53.637+0000] {processor.py:840} INFO - DAG(s) 'example_display_name' retrieved from /home/airflow/.local/lib/python3.12/site-packages/airflow/example_dags/example_display_name.py
[2026-01-14T08:10:53.663+0000] {logging_mixin.py:188} INFO - [2026-01-14T08:10:53.663+0000] {dag.py:3096} INFO - Sync 1 DAGs
[2026-01-14T08:10:53.680+0000] {logging_mixin.py:188} INFO - [2026-01-14T08:10:53.679+0000] {dag.py:3954} INFO - Setting next_dagrun for example_display_name to None, run_after=None
[2026-01-14T08:10:53.705+0000] {processor.py:183} INFO - Processing /home/airflow/.local/lib/python3.12/site-packages/airflow/example_dags/example_display_name.py took 0.083 seconds
[2026-01-14T08:11:23.921+0000] {processor.py:161} INFO - Started process (PID=6269) to work on /home/airflow/.local/lib/python3.12/site-packages/airflow/example_dags/example_display_name.py
[2026-01-14T08:11:23.922+0000] {processor.py:830} INFO - Processing file /home/airflow/.local/lib/python3.12/site-packages/airflow/example_dags/example_display_name.py for tasks to queue
[2026-01-14T08:11:23.924+0000] {logging_mixin.py:188} INFO - [2026-01-14T08:11:23.924+0000] {dagbag.py:545} INFO - Filling up the DagBag from /home/airflow/.local/lib/python3.12/site-packages/airflow/example_dags/example_display_name.py
[2026-01-14T08:11:23.930+0000] {processor.py:840} INFO - DAG(s) 'example_display_name' retrieved from /home/airflow/.local/lib/python3.12/site-packages/airflow/example_dags/example_display_name.py
[2026-01-14T08:11:23.953+0000] {logging_mixin.py:188} INFO - [2026-01-14T08:11:23.953+0000] {dag.py:3096} INFO - Sync 1 DAGs
[2026-01-14T08:11:23.968+0000] {logging_mixin.py:188} INFO - [2026-01-14T08:11:23.968+0000] {dag.py:3954} INFO - Setting next_dagrun for example_display_name to None, run_after=None
[2026-01-14T08:11:23.989+0000] {processor.py:183} INFO - Processing /home/airflow/.local/lib/python3.12/site-packages/airflow/example_dags/example_display_name.py took 0.074 seconds
[2026-01-14T08:11:54.286+0000] {processor.py:161} INFO - Started process (PID=6525) to work on /home/airflow/.local/lib/python3.12/site-packages/airflow/example_dags/example_display_name.py
[2026-01-14T08:11:54.287+0000] {processor.py:830} INFO - Processing file /home/airflow/.local/lib/python3.12/site-packages/airflow/example_dags/example_display_name.py for tasks to queue
[2026-01-14T08:11:54.289+0000] {logging_mixin.py:188} INFO - [2026-01-14T08:11:54.289+0000] {dagbag.py:545} INFO - Filling up the DagBag from /home/airflow/.local/lib/python3.12/site-packages/airflow/example_dags/example_display_name.py
[2026-01-14T08:11:54.295+0000] {processor.py:840} INFO - DAG(s) 'example_display_name' retrieved from /home/airflow/.local/lib/python3.12/site-packages/airflow/example_dags/example_display_name.py
[2026-01-14T08:11:54.322+0000] {logging_mixin.py:188} INFO - [2026-01-14T08:11:54.321+0000] {dag.py:3096} INFO - Sync 1 DAGs
[2026-01-14T08:11:54.336+0000] {logging_mixin.py:188} INFO - [2026-01-14T08:11:54.335+0000] {dag.py:3954} INFO - Setting next_dagrun for example_display_name to None, run_after=None
[2026-01-14T08:11:54.358+0000] {processor.py:183} INFO - Processing /home/airflow/.local/lib/python3.12/site-packages/airflow/example_dags/example_display_name.py took 0.079 seconds
[2026-01-14T08:12:25.067+0000] {processor.py:161} INFO - Started process (PID=6788) to work on /home/airflow/.local/lib/python3.12/site-packages/airflow/example_dags/example_display_name.py
[2026-01-14T08:12:25.068+0000] {processor.py:830} INFO - Processing file /home/airflow/.local/lib/python3.12/site-packages/airflow/example_dags/example_display_name.py for tasks to queue
[2026-01-14T08:12:25.070+0000] {logging_mixin.py:188} INFO - [2026-01-14T08:12:25.070+0000] {dagbag.py:545} INFO - Filling up the DagBag from /home/airflow/.local/lib/python3.12/site-packages/airflow/example_dags/example_display_name.py
[2026-01-14T08:12:25.076+0000] {processor.py:840} INFO - DAG(s) 'example_display_name' retrieved from /home/airflow/.local/lib/python3.12/site-packages/airflow/example_dags/example_display_name.py
[2026-01-14T08:12:25.101+0000] {logging_mixin.py:188} INFO - [2026-01-14T08:12:25.101+0000] {dag.py:3096} INFO - Sync 1 DAGs
[2026-01-14T08:12:25.118+0000] {logging_mixin.py:188} INFO - [2026-01-14T08:12:25.117+0000] {dag.py:3954} INFO - Setting next_dagrun for example_display_name to None, run_after=None
[2026-01-14T08:12:25.141+0000] {processor.py:183} INFO - Processing /home/airflow/.local/lib/python3.12/site-packages/airflow/example_dags/example_display_name.py took 0.081 seconds
[2026-01-14T08:12:56.123+0000] {processor.py:161} INFO - Started process (PID=7049) to work on /home/airflow/.local/lib/python3.12/site-packages/airflow/example_dags/example_display_name.py
[2026-01-14T08:12:56.124+0000] {processor.py:830} INFO - Processing file /home/airflow/.local/lib/python3.12/site-packages/airflow/example_dags/example_display_name.py for tasks to queue
[2026-01-14T08:12:56.127+0000] {logging_mixin.py:188} INFO - [2026-01-14T08:12:56.126+0000] {dagbag.py:545} INFO - Filling up the DagBag from /home/airflow/.local/lib/python3.12/site-packages/airflow/example_dags/example_display_name.py
[2026-01-14T08:12:56.132+0000] {processor.py:840} INFO - DAG(s) 'example_display_name' retrieved from /home/airflow/.local/lib/python3.12/site-packages/airflow/example_dags/example_display_name.py
[2026-01-14T08:12:56.155+0000] {logging_mixin.py:188} INFO - [2026-01-14T08:12:56.155+0000] {dag.py:3096} INFO - Sync 1 DAGs
[2026-01-14T08:12:56.169+0000] {logging_mixin.py:188} INFO - [2026-01-14T08:12:56.168+0000] {dag.py:3954} INFO - Setting next_dagrun for example_display_name to None, run_after=None
[2026-01-14T08:12:56.191+0000] {processor.py:183} INFO - Processing /home/airflow/.local/lib/python3.12/site-packages/airflow/example_dags/example_display_name.py took 0.074 seconds
[2026-01-14T08:13:26.337+0000] {processor.py:161} INFO - Started process (PID=7308) to work on /home/airflow/.local/lib/python3.12/site-packages/airflow/example_dags/example_display_name.py
[2026-01-14T08:13:26.339+0000] {processor.py:830} INFO - Processing file /home/airflow/.local/lib/python3.12/site-packages/airflow/example_dags/example_display_name.py for tasks to queue
[2026-01-14T08:13:26.341+0000] {logging_mixin.py:188} INFO - [2026-01-14T08:13:26.341+0000] {dagbag.py:545} INFO - Filling up the DagBag from /home/airflow/.local/lib/python3.12/site-packages/airflow/example_dags/example_display_name.py
[2026-01-14T08:13:26.348+0000] {processor.py:840} INFO - DAG(s) 'example_display_name' retrieved from /home/airflow/.local/lib/python3.12/site-packages/airflow/example_dags/example_display_name.py
[2026-01-14T08:13:26.374+0000] {logging_mixin.py:188} INFO - [2026-01-14T08:13:26.373+0000] {dag.py:3096} INFO - Sync 1 DAGs
[2026-01-14T08:13:26.388+0000] {logging_mixin.py:188} INFO - [2026-01-14T08:13:26.388+0000] {dag.py:3954} INFO - Setting next_dagrun for example_display_name to None, run_after=None
[2026-01-14T08:13:26.412+0000] {processor.py:183} INFO - Processing /home/airflow/.local/lib/python3.12/site-packages/airflow/example_dags/example_display_name.py took 0.081 seconds
[2026-01-14T09:27:46.263+0000] {processor.py:161} INFO - Started process (PID=7572) to work on /home/airflow/.local/lib/python3.12/site-packages/airflow/example_dags/example_display_name.py
[2026-01-14T09:27:46.264+0000] {processor.py:830} INFO - Processing file /home/airflow/.local/lib/python3.12/site-packages/airflow/example_dags/example_display_name.py for tasks to queue
[2026-01-14T09:27:46.267+0000] {logging_mixin.py:188} INFO - [2026-01-14T09:27:46.266+0000] {dagbag.py:545} INFO - Filling up the DagBag from /home/airflow/.local/lib/python3.12/site-packages/airflow/example_dags/example_display_name.py
[2026-01-14T09:27:46.276+0000] {processor.py:840} INFO - DAG(s) 'example_display_name' retrieved from /home/airflow/.local/lib/python3.12/site-packages/airflow/example_dags/example_display_name.py
[2026-01-14T09:27:46.308+0000] {logging_mixin.py:188} INFO - [2026-01-14T09:27:46.308+0000] {dag.py:3096} INFO - Sync 1 DAGs
[2026-01-14T09:27:46.326+0000] {logging_mixin.py:188} INFO - [2026-01-14T09:27:46.325+0000] {dag.py:3954} INFO - Setting next_dagrun for example_display_name to None, run_after=None
[2026-01-14T09:27:46.349+0000] {processor.py:183} INFO - Processing /home/airflow/.local/lib/python3.12/site-packages/airflow/example_dags/example_display_name.py took 0.095 seconds
[2026-01-14T09:28:16.628+0000] {processor.py:161} INFO - Started process (PID=7830) to work on /home/airflow/.local/lib/python3.12/site-packages/airflow/example_dags/example_display_name.py
[2026-01-14T09:28:16.630+0000] {processor.py:830} INFO - Processing file /home/airflow/.local/lib/python3.12/site-packages/airflow/example_dags/example_display_name.py for tasks to queue
[2026-01-14T09:28:16.632+0000] {logging_mixin.py:188} INFO - [2026-01-14T09:28:16.632+0000] {dagbag.py:545} INFO - Filling up the DagBag from /home/airflow/.local/lib/python3.12/site-packages/airflow/example_dags/example_display_name.py
[2026-01-14T09:28:16.637+0000] {processor.py:840} INFO - DAG(s) 'example_display_name' retrieved from /home/airflow/.local/lib/python3.12/site-packages/airflow/example_dags/example_display_name.py
[2026-01-14T09:28:16.662+0000] {logging_mixin.py:188} INFO - [2026-01-14T09:28:16.661+0000] {dag.py:3096} INFO - Sync 1 DAGs
[2026-01-14T09:28:16.676+0000] {logging_mixin.py:188} INFO - [2026-01-14T09:28:16.675+0000] {dag.py:3954} INFO - Setting next_dagrun for example_display_name to None, run_after=None
[2026-01-14T09:28:16.697+0000] {processor.py:183} INFO - Processing /home/airflow/.local/lib/python3.12/site-packages/airflow/example_dags/example_display_name.py took 0.074 seconds
[2026-01-14T09:28:47.233+0000] {processor.py:161} INFO - Started process (PID=8089) to work on /home/airflow/.local/lib/python3.12/site-packages/airflow/example_dags/example_display_name.py
[2026-01-14T09:28:47.235+0000] {processor.py:830} INFO - Processing file /home/airflow/.local/lib/python3.12/site-packages/airflow/example_dags/example_display_name.py for tasks to queue
[2026-01-14T09:28:47.237+0000] {logging_mixin.py:188} INFO - [2026-01-14T09:28:47.237+0000] {dagbag.py:545} INFO - Filling up the DagBag from /home/airflow/.local/lib/python3.12/site-packages/airflow/example_dags/example_display_name.py
[2026-01-14T09:28:47.242+0000] {processor.py:840} INFO - DAG(s) 'example_display_name' retrieved from /home/airflow/.local/lib/python3.12/site-packages/airflow/example_dags/example_display_name.py
[2026-01-14T09:28:47.267+0000] {logging_mixin.py:188} INFO - [2026-01-14T09:28:47.266+0000] {dag.py:3096} INFO - Sync 1 DAGs
[2026-01-14T09:28:47.281+0000] {logging_mixin.py:188} INFO - [2026-01-14T09:28:47.281+0000] {dag.py:3954} INFO - Setting next_dagrun for example_display_name to None, run_after=None
[2026-01-14T09:28:47.305+0000] {processor.py:183} INFO - Processing /home/airflow/.local/lib/python3.12/site-packages/airflow/example_dags/example_display_name.py took 0.077 seconds
[2026-01-14T09:29:17.844+0000] {processor.py:161} INFO - Started process (PID=8352) to work on /home/airflow/.local/lib/python3.12/site-packages/airflow/example_dags/example_display_name.py
[2026-01-14T09:29:17.846+0000] {processor.py:830} INFO - Processing file /home/airflow/.local/lib/python3.12/site-packages/airflow/example_dags/example_display_name.py for tasks to queue
[2026-01-14T09:29:17.849+0000] {logging_mixin.py:188} INFO - [2026-01-14T09:29:17.848+0000] {dagbag.py:545} INFO - Filling up the DagBag from /home/airflow/.local/lib/python3.12/site-packages/airflow/example_dags/example_display_name.py
[2026-01-14T09:29:17.856+0000] {processor.py:840} INFO - DAG(s) 'example_display_name' retrieved from /home/airflow/.local/lib/python3.12/site-packages/airflow/example_dags/example_display_name.py
[2026-01-14T09:29:17.885+0000] {logging_mixin.py:188} INFO - [2026-01-14T09:29:17.884+0000] {dag.py:3096} INFO - Sync 1 DAGs
[2026-01-14T09:29:17.899+0000] {logging_mixin.py:188} INFO - [2026-01-14T09:29:17.899+0000] {dag.py:3954} INFO - Setting next_dagrun for example_display_name to None, run_after=None
[2026-01-14T09:29:17.923+0000] {processor.py:183} INFO - Processing /home/airflow/.local/lib/python3.12/site-packages/airflow/example_dags/example_display_name.py took 0.085 seconds
[2026-01-14T09:29:48.296+0000] {processor.py:161} INFO - Started process (PID=8611) to work on /home/airflow/.local/lib/python3.12/site-packages/airflow/example_dags/example_display_name.py
[2026-01-14T09:29:48.298+0000] {processor.py:830} INFO - Processing file /home/airflow/.local/lib/python3.12/site-packages/airflow/example_dags/example_display_name.py for tasks to queue
[2026-01-14T09:29:48.300+0000] {logging_mixin.py:188} INFO - [2026-01-14T09:29:48.299+0000] {dagbag.py:545} INFO - Filling up the DagBag from /home/airflow/.local/lib/python3.12/site-packages/airflow/example_dags/example_display_name.py
[2026-01-14T09:29:48.305+0000] {processor.py:840} INFO - DAG(s) 'example_display_name' retrieved from /home/airflow/.local/lib/python3.12/site-packages/airflow/example_dags/example_display_name.py
[2026-01-14T09:29:48.330+0000] {logging_mixin.py:188} INFO - [2026-01-14T09:29:48.329+0000] {dag.py:3096} INFO - Sync 1 DAGs
[2026-01-14T09:29:48.344+0000] {logging_mixin.py:188} INFO - [2026-01-14T09:29:48.344+0000] {dag.py:3954} INFO - Setting next_dagrun for example_display_name to None, run_after=None
[2026-01-14T09:29:48.366+0000] {processor.py:183} INFO - Processing /home/airflow/.local/lib/python3.12/site-packages/airflow/example_dags/example_display_name.py took 0.075 seconds
[2026-01-14T09:30:19.337+0000] {processor.py:161} INFO - Started process (PID=8872) to work on /home/airflow/.local/lib/python3.12/site-packages/airflow/example_dags/example_display_name.py
[2026-01-14T09:30:19.338+0000] {processor.py:830} INFO - Processing file /home/airflow/.local/lib/python3.12/site-packages/airflow/example_dags/example_display_name.py for tasks to queue
[2026-01-14T09:30:19.341+0000] {logging_mixin.py:188} INFO - [2026-01-14T09:30:19.340+0000] {dagbag.py:545} INFO - Filling up the DagBag from /home/airflow/.local/lib/python3.12/site-packages/airflow/example_dags/example_display_name.py
[2026-01-14T09:30:19.349+0000] {processor.py:840} INFO - DAG(s) 'example_display_name' retrieved from /home/airflow/.local/lib/python3.12/site-packages/airflow/example_dags/example_display_name.py
[2026-01-14T09:30:19.382+0000] {logging_mixin.py:188} INFO - [2026-01-14T09:30:19.381+0000] {dag.py:3096} INFO - Sync 1 DAGs
[2026-01-14T09:30:19.404+0000] {logging_mixin.py:188} INFO - [2026-01-14T09:30:19.404+0000] {dag.py:3954} INFO - Setting next_dagrun for example_display_name to None, run_after=None
[2026-01-14T09:30:19.432+0000] {processor.py:183} INFO - Processing /home/airflow/.local/lib/python3.12/site-packages/airflow/example_dags/example_display_name.py took 0.102 seconds
[2026-01-14T09:30:49.959+0000] {processor.py:161} INFO - Started process (PID=9133) to work on /home/airflow/.local/lib/python3.12/site-packages/airflow/example_dags/example_display_name.py
[2026-01-14T09:30:49.960+0000] {processor.py:830} INFO - Processing file /home/airflow/.local/lib/python3.12/site-packages/airflow/example_dags/example_display_name.py for tasks to queue
[2026-01-14T09:30:49.962+0000] {logging_mixin.py:188} INFO - [2026-01-14T09:30:49.962+0000] {dagbag.py:545} INFO - Filling up the DagBag from /home/airflow/.local/lib/python3.12/site-packages/airflow/example_dags/example_display_name.py
[2026-01-14T09:30:49.969+0000] {processor.py:840} INFO - DAG(s) 'example_display_name' retrieved from /home/airflow/.local/lib/python3.12/site-packages/airflow/example_dags/example_display_name.py
[2026-01-14T09:30:49.998+0000] {logging_mixin.py:188} INFO - [2026-01-14T09:30:49.997+0000] {dag.py:3096} INFO - Sync 1 DAGs
[2026-01-14T09:30:50.014+0000] {logging_mixin.py:188} INFO - [2026-01-14T09:30:50.014+0000] {dag.py:3954} INFO - Setting next_dagrun for example_display_name to None, run_after=None
[2026-01-14T09:30:50.040+0000] {processor.py:183} INFO - Processing /home/airflow/.local/lib/python3.12/site-packages/airflow/example_dags/example_display_name.py took 0.088 seconds
[2026-01-14T09:31:29.953+0000] {processor.py:161} INFO - Started process (PID=9393) to work on /home/airflow/.local/lib/python3.12/site-packages/airflow/example_dags/example_display_name.py
[2026-01-14T09:31:29.954+0000] {processor.py:830} INFO - Processing file /home/airflow/.local/lib/python3.12/site-packages/airflow/example_dags/example_display_name.py for tasks to queue
[2026-01-14T09:31:29.957+0000] {logging_mixin.py:188} INFO - [2026-01-14T09:31:29.956+0000] {dagbag.py:545} INFO - Filling up the DagBag from /home/airflow/.local/lib/python3.12/site-packages/airflow/example_dags/example_display_name.py
[2026-01-14T09:31:29.964+0000] {processor.py:840} INFO - DAG(s) 'example_display_name' retrieved from /home/airflow/.local/lib/python3.12/site-packages/airflow/example_dags/example_display_name.py
[2026-01-14T09:31:29.999+0000] {logging_mixin.py:188} INFO - [2026-01-14T09:31:29.998+0000] {dag.py:3096} INFO - Sync 1 DAGs
[2026-01-14T09:31:30.020+0000] {logging_mixin.py:188} INFO - [2026-01-14T09:31:30.019+0000] {dag.py:3954} INFO - Setting next_dagrun for example_display_name to None, run_after=None
[2026-01-14T09:31:30.213+0000] {processor.py:183} INFO - Processing /home/airflow/.local/lib/python3.12/site-packages/airflow/example_dags/example_display_name.py took 0.269 seconds
[2026-01-14T09:32:01.579+0000] {processor.py:161} INFO - Started process (PID=9654) to work on /home/airflow/.local/lib/python3.12/site-packages/airflow/example_dags/example_display_name.py
[2026-01-14T09:32:01.581+0000] {processor.py:830} INFO - Processing file /home/airflow/.local/lib/python3.12/site-packages/airflow/example_dags/example_display_name.py for tasks to queue
[2026-01-14T09:32:01.583+0000] {logging_mixin.py:188} INFO - [2026-01-14T09:32:01.583+0000] {dagbag.py:545} INFO - Filling up the DagBag from /home/airflow/.local/lib/python3.12/site-packages/airflow/example_dags/example_display_name.py
[2026-01-14T09:32:01.591+0000] {processor.py:840} INFO - DAG(s) 'example_display_name' retrieved from /home/airflow/.local/lib/python3.12/site-packages/airflow/example_dags/example_display_name.py
[2026-01-14T09:32:01.624+0000] {logging_mixin.py:188} INFO - [2026-01-14T09:32:01.624+0000] {dag.py:3096} INFO - Sync 1 DAGs
[2026-01-14T09:32:01.643+0000] {logging_mixin.py:188} INFO - [2026-01-14T09:32:01.642+0000] {dag.py:3954} INFO - Setting next_dagrun for example_display_name to None, run_after=None
[2026-01-14T09:32:01.672+0000] {processor.py:183} INFO - Processing /home/airflow/.local/lib/python3.12/site-packages/airflow/example_dags/example_display_name.py took 0.102 seconds
[2026-01-14T09:32:31.905+0000] {processor.py:161} INFO - Started process (PID=9915) to work on /home/airflow/.local/lib/python3.12/site-packages/airflow/example_dags/example_display_name.py
[2026-01-14T09:32:31.906+0000] {processor.py:830} INFO - Processing file /home/airflow/.local/lib/python3.12/site-packages/airflow/example_dags/example_display_name.py for tasks to queue
[2026-01-14T09:32:31.909+0000] {logging_mixin.py:188} INFO - [2026-01-14T09:32:31.908+0000] {dagbag.py:545} INFO - Filling up the DagBag from /home/airflow/.local/lib/python3.12/site-packages/airflow/example_dags/example_display_name.py
[2026-01-14T09:32:31.917+0000] {processor.py:840} INFO - DAG(s) 'example_display_name' retrieved from /home/airflow/.local/lib/python3.12/site-packages/airflow/example_dags/example_display_name.py
[2026-01-14T09:32:31.954+0000] {logging_mixin.py:188} INFO - [2026-01-14T09:32:31.953+0000] {dag.py:3096} INFO - Sync 1 DAGs
[2026-01-14T09:32:31.973+0000] {logging_mixin.py:188} INFO - [2026-01-14T09:32:31.973+0000] {dag.py:3954} INFO - Setting next_dagrun for example_display_name to None, run_after=None
[2026-01-14T09:32:32.004+0000] {processor.py:183} INFO - Processing /home/airflow/.local/lib/python3.12/site-packages/airflow/example_dags/example_display_name.py took 0.107 seconds
[2026-01-14T09:33:02.257+0000] {processor.py:161} INFO - Started process (PID=10171) to work on /home/airflow/.local/lib/python3.12/site-packages/airflow/example_dags/example_display_name.py
[2026-01-14T09:33:02.259+0000] {processor.py:830} INFO - Processing file /home/airflow/.local/lib/python3.12/site-packages/airflow/example_dags/example_display_name.py for tasks to queue
[2026-01-14T09:33:02.261+0000] {logging_mixin.py:188} INFO - [2026-01-14T09:33:02.261+0000] {dagbag.py:545} INFO - Filling up the DagBag from /home/airflow/.local/lib/python3.12/site-packages/airflow/example_dags/example_display_name.py
[2026-01-14T09:33:02.269+0000] {processor.py:840} INFO - DAG(s) 'example_display_name' retrieved from /home/airflow/.local/lib/python3.12/site-packages/airflow/example_dags/example_display_name.py
[2026-01-14T09:33:02.303+0000] {logging_mixin.py:188} INFO - [2026-01-14T09:33:02.302+0000] {dag.py:3096} INFO - Sync 1 DAGs
[2026-01-14T09:33:02.321+0000] {logging_mixin.py:188} INFO - [2026-01-14T09:33:02.321+0000] {dag.py:3954} INFO - Setting next_dagrun for example_display_name to None, run_after=None
[2026-01-14T09:33:02.350+0000] {processor.py:183} INFO - Processing /home/airflow/.local/lib/python3.12/site-packages/airflow/example_dags/example_display_name.py took 0.101 seconds
[2026-01-14T09:33:33.269+0000] {processor.py:161} INFO - Started process (PID=10432) to work on /home/airflow/.local/lib/python3.12/site-packages/airflow/example_dags/example_display_name.py
[2026-01-14T09:33:33.270+0000] {processor.py:830} INFO - Processing file /home/airflow/.local/lib/python3.12/site-packages/airflow/example_dags/example_display_name.py for tasks to queue
[2026-01-14T09:33:33.272+0000] {logging_mixin.py:188} INFO - [2026-01-14T09:33:33.272+0000] {dagbag.py:545} INFO - Filling up the DagBag from /home/airflow/.local/lib/python3.12/site-packages/airflow/example_dags/example_display_name.py
[2026-01-14T09:33:33.280+0000] {processor.py:840} INFO - DAG(s) 'example_display_name' retrieved from /home/airflow/.local/lib/python3.12/site-packages/airflow/example_dags/example_display_name.py
[2026-01-14T09:33:33.313+0000] {logging_mixin.py:188} INFO - [2026-01-14T09:33:33.312+0000] {dag.py:3096} INFO - Sync 1 DAGs
[2026-01-14T09:33:33.331+0000] {logging_mixin.py:188} INFO - [2026-01-14T09:33:33.331+0000] {dag.py:3954} INFO - Setting next_dagrun for example_display_name to None, run_after=None
[2026-01-14T09:33:33.361+0000] {processor.py:183} INFO - Processing /home/airflow/.local/lib/python3.12/site-packages/airflow/example_dags/example_display_name.py took 0.101 seconds
[2026-01-14T09:34:04.075+0000] {processor.py:161} INFO - Started process (PID=10695) to work on /home/airflow/.local/lib/python3.12/site-packages/airflow/example_dags/example_display_name.py
[2026-01-14T09:34:04.076+0000] {processor.py:830} INFO - Processing file /home/airflow/.local/lib/python3.12/site-packages/airflow/example_dags/example_display_name.py for tasks to queue
[2026-01-14T09:34:04.079+0000] {logging_mixin.py:188} INFO - [2026-01-14T09:34:04.079+0000] {dagbag.py:545} INFO - Filling up the DagBag from /home/airflow/.local/lib/python3.12/site-packages/airflow/example_dags/example_display_name.py
[2026-01-14T09:34:04.089+0000] {processor.py:840} INFO - DAG(s) 'example_display_name' retrieved from /home/airflow/.local/lib/python3.12/site-packages/airflow/example_dags/example_display_name.py
[2026-01-14T09:34:04.126+0000] {logging_mixin.py:188} INFO - [2026-01-14T09:34:04.125+0000] {dag.py:3096} INFO - Sync 1 DAGs
[2026-01-14T09:34:04.149+0000] {logging_mixin.py:188} INFO - [2026-01-14T09:34:04.149+0000] {dag.py:3954} INFO - Setting next_dagrun for example_display_name to None, run_after=None
[2026-01-14T09:34:04.178+0000] {processor.py:183} INFO - Processing /home/airflow/.local/lib/python3.12/site-packages/airflow/example_dags/example_display_name.py took 0.113 seconds
[2026-01-14T09:34:34.587+0000] {processor.py:161} INFO - Started process (PID=10954) to work on /home/airflow/.local/lib/python3.12/site-packages/airflow/example_dags/example_display_name.py
[2026-01-14T09:34:34.588+0000] {processor.py:830} INFO - Processing file /home/airflow/.local/lib/python3.12/site-packages/airflow/example_dags/example_display_name.py for tasks to queue
[2026-01-14T09:34:34.591+0000] {logging_mixin.py:188} INFO - [2026-01-14T09:34:34.590+0000] {dagbag.py:545} INFO - Filling up the DagBag from /home/airflow/.local/lib/python3.12/site-packages/airflow/example_dags/example_display_name.py
[2026-01-14T09:34:34.597+0000] {processor.py:840} INFO - DAG(s) 'example_display_name' retrieved from /home/airflow/.local/lib/python3.12/site-packages/airflow/example_dags/example_display_name.py
[2026-01-14T09:34:34.631+0000] {logging_mixin.py:188} INFO - [2026-01-14T09:34:34.631+0000] {dag.py:3096} INFO - Sync 1 DAGs
[2026-01-14T09:34:34.654+0000] {logging_mixin.py:188} INFO - [2026-01-14T09:34:34.654+0000] {dag.py:3954} INFO - Setting next_dagrun for example_display_name to None, run_after=None
[2026-01-14T09:34:34.682+0000] {processor.py:183} INFO - Processing /home/airflow/.local/lib/python3.12/site-packages/airflow/example_dags/example_display_name.py took 0.103 seconds
[2026-01-14T09:35:05.999+0000] {processor.py:161} INFO - Started process (PID=11215) to work on /home/airflow/.local/lib/python3.12/site-packages/airflow/example_dags/example_display_name.py
[2026-01-14T09:35:06.002+0000] {processor.py:830} INFO - Processing file /home/airflow/.local/lib/python3.12/site-packages/airflow/example_dags/example_display_name.py for tasks to queue
[2026-01-14T09:35:06.008+0000] {logging_mixin.py:188} INFO - [2026-01-14T09:35:06.007+0000] {dagbag.py:545} INFO - Filling up the DagBag from /home/airflow/.local/lib/python3.12/site-packages/airflow/example_dags/example_display_name.py
[2026-01-14T09:35:06.026+0000] {processor.py:840} INFO - DAG(s) 'example_display_name' retrieved from /home/airflow/.local/lib/python3.12/site-packages/airflow/example_dags/example_display_name.py
[2026-01-14T09:35:06.067+0000] {logging_mixin.py:188} INFO - [2026-01-14T09:35:06.067+0000] {dag.py:3096} INFO - Sync 1 DAGs
[2026-01-14T09:35:06.089+0000] {logging_mixin.py:188} INFO - [2026-01-14T09:35:06.088+0000] {dag.py:3954} INFO - Setting next_dagrun for example_display_name to None, run_after=None
[2026-01-14T09:35:06.119+0000] {processor.py:183} INFO - Processing /home/airflow/.local/lib/python3.12/site-packages/airflow/example_dags/example_display_name.py took 0.137 seconds
[2026-01-14T10:03:23.962+0000] {processor.py:161} INFO - Started process (PID=11481) to work on /home/airflow/.local/lib/python3.12/site-packages/airflow/example_dags/example_display_name.py
[2026-01-14T10:03:23.963+0000] {processor.py:830} INFO - Processing file /home/airflow/.local/lib/python3.12/site-packages/airflow/example_dags/example_display_name.py for tasks to queue
[2026-01-14T10:03:23.966+0000] {logging_mixin.py:188} INFO - [2026-01-14T10:03:23.965+0000] {dagbag.py:545} INFO - Filling up the DagBag from /home/airflow/.local/lib/python3.12/site-packages/airflow/example_dags/example_display_name.py
[2026-01-14T10:03:23.976+0000] {processor.py:840} INFO - DAG(s) 'example_display_name' retrieved from /home/airflow/.local/lib/python3.12/site-packages/airflow/example_dags/example_display_name.py
[2026-01-14T10:03:24.013+0000] {logging_mixin.py:188} INFO - [2026-01-14T10:03:24.012+0000] {dag.py:3096} INFO - Sync 1 DAGs
[2026-01-14T10:03:24.035+0000] {logging_mixin.py:188} INFO - [2026-01-14T10:03:24.035+0000] {dag.py:3954} INFO - Setting next_dagrun for example_display_name to None, run_after=None
[2026-01-14T10:03:24.070+0000] {processor.py:183} INFO - Processing /home/airflow/.local/lib/python3.12/site-packages/airflow/example_dags/example_display_name.py took 0.117 seconds
[2026-01-14T10:03:54.515+0000] {processor.py:161} INFO - Started process (PID=11742) to work on /home/airflow/.local/lib/python3.12/site-packages/airflow/example_dags/example_display_name.py
[2026-01-14T10:03:54.516+0000] {processor.py:830} INFO - Processing file /home/airflow/.local/lib/python3.12/site-packages/airflow/example_dags/example_display_name.py for tasks to queue
[2026-01-14T10:03:54.519+0000] {logging_mixin.py:188} INFO - [2026-01-14T10:03:54.519+0000] {dagbag.py:545} INFO - Filling up the DagBag from /home/airflow/.local/lib/python3.12/site-packages/airflow/example_dags/example_display_name.py
[2026-01-14T10:03:54.526+0000] {processor.py:840} INFO - DAG(s) 'example_display_name' retrieved from /home/airflow/.local/lib/python3.12/site-packages/airflow/example_dags/example_display_name.py
[2026-01-14T10:03:54.558+0000] {logging_mixin.py:188} INFO - [2026-01-14T10:03:54.558+0000] {dag.py:3096} INFO - Sync 1 DAGs
[2026-01-14T10:03:54.576+0000] {logging_mixin.py:188} INFO - [2026-01-14T10:03:54.576+0000] {dag.py:3954} INFO - Setting next_dagrun for example_display_name to None, run_after=None
[2026-01-14T10:03:54.605+0000] {processor.py:183} INFO - Processing /home/airflow/.local/lib/python3.12/site-packages/airflow/example_dags/example_display_name.py took 0.097 seconds
[2026-01-14T10:04:24.857+0000] {processor.py:161} INFO - Started process (PID=11998) to work on /home/airflow/.local/lib/python3.12/site-packages/airflow/example_dags/example_display_name.py
[2026-01-14T10:04:24.858+0000] {processor.py:830} INFO - Processing file /home/airflow/.local/lib/python3.12/site-packages/airflow/example_dags/example_display_name.py for tasks to queue
[2026-01-14T10:04:24.861+0000] {logging_mixin.py:188} INFO - [2026-01-14T10:04:24.861+0000] {dagbag.py:545} INFO - Filling up the DagBag from /home/airflow/.local/lib/python3.12/site-packages/airflow/example_dags/example_display_name.py
[2026-01-14T10:04:24.869+0000] {processor.py:840} INFO - DAG(s) 'example_display_name' retrieved from /home/airflow/.local/lib/python3.12/site-packages/airflow/example_dags/example_display_name.py
[2026-01-14T10:04:24.903+0000] {logging_mixin.py:188} INFO - [2026-01-14T10:04:24.903+0000] {dag.py:3096} INFO - Sync 1 DAGs
[2026-01-14T10:04:24.922+0000] {logging_mixin.py:188} INFO - [2026-01-14T10:04:24.922+0000] {dag.py:3954} INFO - Setting next_dagrun for example_display_name to None, run_after=None
[2026-01-14T10:04:24.949+0000] {processor.py:183} INFO - Processing /home/airflow/.local/lib/python3.12/site-packages/airflow/example_dags/example_display_name.py took 0.102 seconds
[2026-01-14T10:04:55.571+0000] {processor.py:161} INFO - Started process (PID=12259) to work on /home/airflow/.local/lib/python3.12/site-packages/airflow/example_dags/example_display_name.py
[2026-01-14T10:04:55.572+0000] {processor.py:830} INFO - Processing file /home/airflow/.local/lib/python3.12/site-packages/airflow/example_dags/example_display_name.py for tasks to queue
[2026-01-14T10:04:55.575+0000] {logging_mixin.py:188} INFO - [2026-01-14T10:04:55.574+0000] {dagbag.py:545} INFO - Filling up the DagBag from /home/airflow/.local/lib/python3.12/site-packages/airflow/example_dags/example_display_name.py
[2026-01-14T10:04:55.582+0000] {processor.py:840} INFO - DAG(s) 'example_display_name' retrieved from /home/airflow/.local/lib/python3.12/site-packages/airflow/example_dags/example_display_name.py
[2026-01-14T10:04:55.617+0000] {logging_mixin.py:188} INFO - [2026-01-14T10:04:55.616+0000] {dag.py:3096} INFO - Sync 1 DAGs
[2026-01-14T10:04:55.638+0000] {logging_mixin.py:188} INFO - [2026-01-14T10:04:55.637+0000] {dag.py:3954} INFO - Setting next_dagrun for example_display_name to None, run_after=None
[2026-01-14T10:04:55.667+0000] {processor.py:183} INFO - Processing /home/airflow/.local/lib/python3.12/site-packages/airflow/example_dags/example_display_name.py took 0.104 seconds
[2026-01-14T10:05:26.438+0000] {processor.py:161} INFO - Started process (PID=12525) to work on /home/airflow/.local/lib/python3.12/site-packages/airflow/example_dags/example_display_name.py
[2026-01-14T10:05:26.439+0000] {processor.py:830} INFO - Processing file /home/airflow/.local/lib/python3.12/site-packages/airflow/example_dags/example_display_name.py for tasks to queue
[2026-01-14T10:05:26.441+0000] {logging_mixin.py:188} INFO - [2026-01-14T10:05:26.441+0000] {dagbag.py:545} INFO - Filling up the DagBag from /home/airflow/.local/lib/python3.12/site-packages/airflow/example_dags/example_display_name.py
[2026-01-14T10:05:26.449+0000] {processor.py:840} INFO - DAG(s) 'example_display_name' retrieved from /home/airflow/.local/lib/python3.12/site-packages/airflow/example_dags/example_display_name.py
[2026-01-14T10:05:26.481+0000] {logging_mixin.py:188} INFO - [2026-01-14T10:05:26.481+0000] {dag.py:3096} INFO - Sync 1 DAGs
[2026-01-14T10:05:26.500+0000] {logging_mixin.py:188} INFO - [2026-01-14T10:05:26.500+0000] {dag.py:3954} INFO - Setting next_dagrun for example_display_name to None, run_after=None
[2026-01-14T10:05:26.529+0000] {processor.py:183} INFO - Processing /home/airflow/.local/lib/python3.12/site-packages/airflow/example_dags/example_display_name.py took 0.098 seconds
[2026-01-14T10:05:57.026+0000] {processor.py:161} INFO - Started process (PID=12786) to work on /home/airflow/.local/lib/python3.12/site-packages/airflow/example_dags/example_display_name.py
[2026-01-14T10:05:57.027+0000] {processor.py:830} INFO - Processing file /home/airflow/.local/lib/python3.12/site-packages/airflow/example_dags/example_display_name.py for tasks to queue
[2026-01-14T10:05:57.029+0000] {logging_mixin.py:188} INFO - [2026-01-14T10:05:57.029+0000] {dagbag.py:545} INFO - Filling up the DagBag from /home/airflow/.local/lib/python3.12/site-packages/airflow/example_dags/example_display_name.py
[2026-01-14T10:05:57.036+0000] {processor.py:840} INFO - DAG(s) 'example_display_name' retrieved from /home/airflow/.local/lib/python3.12/site-packages/airflow/example_dags/example_display_name.py
[2026-01-14T10:05:57.066+0000] {logging_mixin.py:188} INFO - [2026-01-14T10:05:57.066+0000] {dag.py:3096} INFO - Sync 1 DAGs
[2026-01-14T10:05:57.084+0000] {logging_mixin.py:188} INFO - [2026-01-14T10:05:57.083+0000] {dag.py:3954} INFO - Setting next_dagrun for example_display_name to None, run_after=None
[2026-01-14T10:05:57.114+0000] {processor.py:183} INFO - Processing /home/airflow/.local/lib/python3.12/site-packages/airflow/example_dags/example_display_name.py took 0.096 seconds
[2026-01-14T10:06:27.443+0000] {processor.py:161} INFO - Started process (PID=13047) to work on /home/airflow/.local/lib/python3.12/site-packages/airflow/example_dags/example_display_name.py
[2026-01-14T10:06:27.444+0000] {processor.py:830} INFO - Processing file /home/airflow/.local/lib/python3.12/site-packages/airflow/example_dags/example_display_name.py for tasks to queue
[2026-01-14T10:06:27.447+0000] {logging_mixin.py:188} INFO - [2026-01-14T10:06:27.447+0000] {dagbag.py:545} INFO - Filling up the DagBag from /home/airflow/.local/lib/python3.12/site-packages/airflow/example_dags/example_display_name.py
[2026-01-14T10:06:27.455+0000] {processor.py:840} INFO - DAG(s) 'example_display_name' retrieved from /home/airflow/.local/lib/python3.12/site-packages/airflow/example_dags/example_display_name.py
[2026-01-14T10:06:27.490+0000] {logging_mixin.py:188} INFO - [2026-01-14T10:06:27.490+0000] {dag.py:3096} INFO - Sync 1 DAGs
[2026-01-14T10:06:27.512+0000] {logging_mixin.py:188} INFO - [2026-01-14T10:06:27.512+0000] {dag.py:3954} INFO - Setting next_dagrun for example_display_name to None, run_after=None
[2026-01-14T10:06:27.543+0000] {processor.py:183} INFO - Processing /home/airflow/.local/lib/python3.12/site-packages/airflow/example_dags/example_display_name.py took 0.108 seconds
[2026-01-14T10:06:58.121+0000] {processor.py:161} INFO - Started process (PID=13303) to work on /home/airflow/.local/lib/python3.12/site-packages/airflow/example_dags/example_display_name.py
[2026-01-14T10:06:58.122+0000] {processor.py:830} INFO - Processing file /home/airflow/.local/lib/python3.12/site-packages/airflow/example_dags/example_display_name.py for tasks to queue
[2026-01-14T10:06:58.125+0000] {logging_mixin.py:188} INFO - [2026-01-14T10:06:58.124+0000] {dagbag.py:545} INFO - Filling up the DagBag from /home/airflow/.local/lib/python3.12/site-packages/airflow/example_dags/example_display_name.py
[2026-01-14T10:06:58.133+0000] {processor.py:840} INFO - DAG(s) 'example_display_name' retrieved from /home/airflow/.local/lib/python3.12/site-packages/airflow/example_dags/example_display_name.py
[2026-01-14T10:06:58.166+0000] {logging_mixin.py:188} INFO - [2026-01-14T10:06:58.166+0000] {dag.py:3096} INFO - Sync 1 DAGs
[2026-01-14T10:06:58.185+0000] {logging_mixin.py:188} INFO - [2026-01-14T10:06:58.185+0000] {dag.py:3954} INFO - Setting next_dagrun for example_display_name to None, run_after=None
[2026-01-14T10:06:58.218+0000] {processor.py:183} INFO - Processing /home/airflow/.local/lib/python3.12/site-packages/airflow/example_dags/example_display_name.py took 0.106 seconds
[2026-01-14T10:07:28.620+0000] {processor.py:161} INFO - Started process (PID=13564) to work on /home/airflow/.local/lib/python3.12/site-packages/airflow/example_dags/example_display_name.py
[2026-01-14T10:07:28.621+0000] {processor.py:830} INFO - Processing file /home/airflow/.local/lib/python3.12/site-packages/airflow/example_dags/example_display_name.py for tasks to queue
[2026-01-14T10:07:28.624+0000] {logging_mixin.py:188} INFO - [2026-01-14T10:07:28.623+0000] {dagbag.py:545} INFO - Filling up the DagBag from /home/airflow/.local/lib/python3.12/site-packages/airflow/example_dags/example_display_name.py
[2026-01-14T10:07:28.631+0000] {processor.py:840} INFO - DAG(s) 'example_display_name' retrieved from /home/airflow/.local/lib/python3.12/site-packages/airflow/example_dags/example_display_name.py
[2026-01-14T10:07:28.665+0000] {logging_mixin.py:188} INFO - [2026-01-14T10:07:28.664+0000] {dag.py:3096} INFO - Sync 1 DAGs
[2026-01-14T10:07:28.686+0000] {logging_mixin.py:188} INFO - [2026-01-14T10:07:28.686+0000] {dag.py:3954} INFO - Setting next_dagrun for example_display_name to None, run_after=None
[2026-01-14T10:07:28.714+0000] {processor.py:183} INFO - Processing /home/airflow/.local/lib/python3.12/site-packages/airflow/example_dags/example_display_name.py took 0.102 seconds
[2026-01-14T10:07:58.950+0000] {processor.py:161} INFO - Started process (PID=13825) to work on /home/airflow/.local/lib/python3.12/site-packages/airflow/example_dags/example_display_name.py
[2026-01-14T10:07:58.951+0000] {processor.py:830} INFO - Processing file /home/airflow/.local/lib/python3.12/site-packages/airflow/example_dags/example_display_name.py for tasks to queue
[2026-01-14T10:07:58.954+0000] {logging_mixin.py:188} INFO - [2026-01-14T10:07:58.954+0000] {dagbag.py:545} INFO - Filling up the DagBag from /home/airflow/.local/lib/python3.12/site-packages/airflow/example_dags/example_display_name.py
[2026-01-14T10:07:58.961+0000] {processor.py:840} INFO - DAG(s) 'example_display_name' retrieved from /home/airflow/.local/lib/python3.12/site-packages/airflow/example_dags/example_display_name.py
[2026-01-14T10:07:58.992+0000] {logging_mixin.py:188} INFO - [2026-01-14T10:07:58.992+0000] {dag.py:3096} INFO - Sync 1 DAGs
[2026-01-14T10:07:59.012+0000] {logging_mixin.py:188} INFO - [2026-01-14T10:07:59.011+0000] {dag.py:3954} INFO - Setting next_dagrun for example_display_name to None, run_after=None
[2026-01-14T10:07:59.042+0000] {processor.py:183} INFO - Processing /home/airflow/.local/lib/python3.12/site-packages/airflow/example_dags/example_display_name.py took 0.100 seconds
[2026-01-14T10:08:29.722+0000] {processor.py:161} INFO - Started process (PID=14086) to work on /home/airflow/.local/lib/python3.12/site-packages/airflow/example_dags/example_display_name.py
[2026-01-14T10:08:29.724+0000] {processor.py:830} INFO - Processing file /home/airflow/.local/lib/python3.12/site-packages/airflow/example_dags/example_display_name.py for tasks to queue
[2026-01-14T10:08:29.726+0000] {logging_mixin.py:188} INFO - [2026-01-14T10:08:29.726+0000] {dagbag.py:545} INFO - Filling up the DagBag from /home/airflow/.local/lib/python3.12/site-packages/airflow/example_dags/example_display_name.py
[2026-01-14T10:08:29.733+0000] {processor.py:840} INFO - DAG(s) 'example_display_name' retrieved from /home/airflow/.local/lib/python3.12/site-packages/airflow/example_dags/example_display_name.py
[2026-01-14T10:08:29.766+0000] {logging_mixin.py:188} INFO - [2026-01-14T10:08:29.765+0000] {dag.py:3096} INFO - Sync 1 DAGs
[2026-01-14T10:08:29.784+0000] {logging_mixin.py:188} INFO - [2026-01-14T10:08:29.783+0000] {dag.py:3954} INFO - Setting next_dagrun for example_display_name to None, run_after=None
[2026-01-14T10:08:29.812+0000] {processor.py:183} INFO - Processing /home/airflow/.local/lib/python3.12/site-packages/airflow/example_dags/example_display_name.py took 0.098 seconds
[2026-01-14T10:09:00.222+0000] {processor.py:161} INFO - Started process (PID=14347) to work on /home/airflow/.local/lib/python3.12/site-packages/airflow/example_dags/example_display_name.py
[2026-01-14T10:09:00.223+0000] {processor.py:830} INFO - Processing file /home/airflow/.local/lib/python3.12/site-packages/airflow/example_dags/example_display_name.py for tasks to queue
[2026-01-14T10:09:00.226+0000] {logging_mixin.py:188} INFO - [2026-01-14T10:09:00.226+0000] {dagbag.py:545} INFO - Filling up the DagBag from /home/airflow/.local/lib/python3.12/site-packages/airflow/example_dags/example_display_name.py
[2026-01-14T10:09:00.234+0000] {processor.py:840} INFO - DAG(s) 'example_display_name' retrieved from /home/airflow/.local/lib/python3.12/site-packages/airflow/example_dags/example_display_name.py
[2026-01-14T10:09:00.264+0000] {logging_mixin.py:188} INFO - [2026-01-14T10:09:00.264+0000] {dag.py:3096} INFO - Sync 1 DAGs
[2026-01-14T10:09:00.284+0000] {logging_mixin.py:188} INFO - [2026-01-14T10:09:00.283+0000] {dag.py:3954} INFO - Setting next_dagrun for example_display_name to None, run_after=None
[2026-01-14T10:09:00.314+0000] {processor.py:183} INFO - Processing /home/airflow/.local/lib/python3.12/site-packages/airflow/example_dags/example_display_name.py took 0.101 seconds
[2026-01-14T10:09:30.580+0000] {processor.py:161} INFO - Started process (PID=14608) to work on /home/airflow/.local/lib/python3.12/site-packages/airflow/example_dags/example_display_name.py
[2026-01-14T10:09:30.581+0000] {processor.py:830} INFO - Processing file /home/airflow/.local/lib/python3.12/site-packages/airflow/example_dags/example_display_name.py for tasks to queue
[2026-01-14T10:09:30.584+0000] {logging_mixin.py:188} INFO - [2026-01-14T10:09:30.583+0000] {dagbag.py:545} INFO - Filling up the DagBag from /home/airflow/.local/lib/python3.12/site-packages/airflow/example_dags/example_display_name.py
[2026-01-14T10:09:30.592+0000] {processor.py:840} INFO - DAG(s) 'example_display_name' retrieved from /home/airflow/.local/lib/python3.12/site-packages/airflow/example_dags/example_display_name.py
[2026-01-14T10:09:30.625+0000] {logging_mixin.py:188} INFO - [2026-01-14T10:09:30.625+0000] {dag.py:3096} INFO - Sync 1 DAGs
[2026-01-14T10:09:30.644+0000] {logging_mixin.py:188} INFO - [2026-01-14T10:09:30.644+0000] {dag.py:3954} INFO - Setting next_dagrun for example_display_name to None, run_after=None
[2026-01-14T10:09:30.671+0000] {processor.py:183} INFO - Processing /home/airflow/.local/lib/python3.12/site-packages/airflow/example_dags/example_display_name.py took 0.099 seconds
[2026-01-14T10:10:01.174+0000] {processor.py:161} INFO - Started process (PID=14869) to work on /home/airflow/.local/lib/python3.12/site-packages/airflow/example_dags/example_display_name.py
[2026-01-14T10:10:01.176+0000] {processor.py:830} INFO - Processing file /home/airflow/.local/lib/python3.12/site-packages/airflow/example_dags/example_display_name.py for tasks to queue
[2026-01-14T10:10:01.178+0000] {logging_mixin.py:188} INFO - [2026-01-14T10:10:01.178+0000] {dagbag.py:545} INFO - Filling up the DagBag from /home/airflow/.local/lib/python3.12/site-packages/airflow/example_dags/example_display_name.py
[2026-01-14T10:10:01.187+0000] {processor.py:840} INFO - DAG(s) 'example_display_name' retrieved from /home/airflow/.local/lib/python3.12/site-packages/airflow/example_dags/example_display_name.py
[2026-01-14T10:10:01.225+0000] {logging_mixin.py:188} INFO - [2026-01-14T10:10:01.224+0000] {dag.py:3096} INFO - Sync 1 DAGs
[2026-01-14T10:10:01.247+0000] {logging_mixin.py:188} INFO - [2026-01-14T10:10:01.246+0000] {dag.py:3954} INFO - Setting next_dagrun for example_display_name to None, run_after=None
[2026-01-14T10:10:01.278+0000] {processor.py:183} INFO - Processing /home/airflow/.local/lib/python3.12/site-packages/airflow/example_dags/example_display_name.py took 0.112 seconds
[2026-01-14T10:30:03.661+0000] {processor.py:161} INFO - Started process (PID=15305) to work on /home/airflow/.local/lib/python3.12/site-packages/airflow/example_dags/example_display_name.py
[2026-01-14T10:30:03.662+0000] {processor.py:830} INFO - Processing file /home/airflow/.local/lib/python3.12/site-packages/airflow/example_dags/example_display_name.py for tasks to queue
[2026-01-14T10:30:03.664+0000] {logging_mixin.py:188} INFO - [2026-01-14T10:30:03.663+0000] {dagbag.py:545} INFO - Filling up the DagBag from /home/airflow/.local/lib/python3.12/site-packages/airflow/example_dags/example_display_name.py
[2026-01-14T10:30:03.669+0000] {processor.py:840} INFO - DAG(s) 'example_display_name' retrieved from /home/airflow/.local/lib/python3.12/site-packages/airflow/example_dags/example_display_name.py
[2026-01-14T10:30:03.693+0000] {logging_mixin.py:188} INFO - [2026-01-14T10:30:03.693+0000] {dag.py:3096} INFO - Sync 1 DAGs
[2026-01-14T10:30:03.708+0000] {logging_mixin.py:188} INFO - [2026-01-14T10:30:03.708+0000] {dag.py:3954} INFO - Setting next_dagrun for example_display_name to None, run_after=None
[2026-01-14T10:30:03.731+0000] {processor.py:183} INFO - Processing /home/airflow/.local/lib/python3.12/site-packages/airflow/example_dags/example_display_name.py took 0.077 seconds
