[2026-01-14T07:54:56.111+0000] {processor.py:161} INFO - Started process (PID=428) to work on /home/airflow/.local/lib/python3.12/site-packages/airflow/example_dags/example_latest_only.py
[2026-01-14T07:54:56.112+0000] {processor.py:830} INFO - Processing file /home/airflow/.local/lib/python3.12/site-packages/airflow/example_dags/example_latest_only.py for tasks to queue
[2026-01-14T07:54:56.114+0000] {logging_mixin.py:188} INFO - [2026-01-14T07:54:56.114+0000] {dagbag.py:545} INFO - Filling up the DagBag from /home/airflow/.local/lib/python3.12/site-packages/airflow/example_dags/example_latest_only.py
[2026-01-14T07:54:56.121+0000] {processor.py:840} INFO - DAG(s) 'latest_only' retrieved from /home/airflow/.local/lib/python3.12/site-packages/airflow/example_dags/example_latest_only.py
[2026-01-14T07:54:56.149+0000] {logging_mixin.py:188} INFO - [2026-01-14T07:54:56.149+0000] {dag.py:3096} INFO - Sync 1 DAGs
[2026-01-14T07:54:56.178+0000] {logging_mixin.py:188} INFO - [2026-01-14T07:54:56.177+0000] {dag.py:3954} INFO - Setting next_dagrun for latest_only to 2026-01-14 00:00:00+00:00, run_after=2026-01-14 04:00:00+00:00
[2026-01-14T07:54:56.207+0000] {processor.py:183} INFO - Processing /home/airflow/.local/lib/python3.12/site-packages/airflow/example_dags/example_latest_only.py took 0.103 seconds
[2026-01-14T07:55:26.983+0000] {processor.py:161} INFO - Started process (PID=728) to work on /home/airflow/.local/lib/python3.12/site-packages/airflow/example_dags/example_latest_only.py
[2026-01-14T07:55:26.985+0000] {processor.py:830} INFO - Processing file /home/airflow/.local/lib/python3.12/site-packages/airflow/example_dags/example_latest_only.py for tasks to queue
[2026-01-14T07:55:26.988+0000] {logging_mixin.py:188} INFO - [2026-01-14T07:55:26.987+0000] {dagbag.py:545} INFO - Filling up the DagBag from /home/airflow/.local/lib/python3.12/site-packages/airflow/example_dags/example_latest_only.py
[2026-01-14T07:55:26.996+0000] {processor.py:840} INFO - DAG(s) 'latest_only' retrieved from /home/airflow/.local/lib/python3.12/site-packages/airflow/example_dags/example_latest_only.py
[2026-01-14T07:55:27.030+0000] {logging_mixin.py:188} INFO - [2026-01-14T07:55:27.030+0000] {dag.py:3096} INFO - Sync 1 DAGs
[2026-01-14T07:55:27.068+0000] {logging_mixin.py:188} INFO - [2026-01-14T07:55:27.068+0000] {dag.py:3954} INFO - Setting next_dagrun for latest_only to 2026-01-14 00:00:00+00:00, run_after=2026-01-14 04:00:00+00:00
[2026-01-14T07:55:27.102+0000] {processor.py:183} INFO - Processing /home/airflow/.local/lib/python3.12/site-packages/airflow/example_dags/example_latest_only.py took 0.128 seconds
[2026-01-14T07:55:57.931+0000] {processor.py:161} INFO - Started process (PID=1011) to work on /home/airflow/.local/lib/python3.12/site-packages/airflow/example_dags/example_latest_only.py
[2026-01-14T07:55:57.933+0000] {processor.py:830} INFO - Processing file /home/airflow/.local/lib/python3.12/site-packages/airflow/example_dags/example_latest_only.py for tasks to queue
[2026-01-14T07:55:57.935+0000] {logging_mixin.py:188} INFO - [2026-01-14T07:55:57.935+0000] {dagbag.py:545} INFO - Filling up the DagBag from /home/airflow/.local/lib/python3.12/site-packages/airflow/example_dags/example_latest_only.py
[2026-01-14T07:55:57.941+0000] {processor.py:840} INFO - DAG(s) 'latest_only' retrieved from /home/airflow/.local/lib/python3.12/site-packages/airflow/example_dags/example_latest_only.py
[2026-01-14T07:55:57.971+0000] {logging_mixin.py:188} INFO - [2026-01-14T07:55:57.971+0000] {dag.py:3096} INFO - Sync 1 DAGs
[2026-01-14T07:55:58.001+0000] {logging_mixin.py:188} INFO - [2026-01-14T07:55:58.000+0000] {dag.py:3954} INFO - Setting next_dagrun for latest_only to 2026-01-14 00:00:00+00:00, run_after=2026-01-14 04:00:00+00:00
[2026-01-14T07:55:58.028+0000] {processor.py:183} INFO - Processing /home/airflow/.local/lib/python3.12/site-packages/airflow/example_dags/example_latest_only.py took 0.104 seconds
[2026-01-14T07:56:28.665+0000] {processor.py:161} INFO - Started process (PID=1275) to work on /home/airflow/.local/lib/python3.12/site-packages/airflow/example_dags/example_latest_only.py
[2026-01-14T07:56:28.667+0000] {processor.py:830} INFO - Processing file /home/airflow/.local/lib/python3.12/site-packages/airflow/example_dags/example_latest_only.py for tasks to queue
[2026-01-14T07:56:28.670+0000] {logging_mixin.py:188} INFO - [2026-01-14T07:56:28.669+0000] {dagbag.py:545} INFO - Filling up the DagBag from /home/airflow/.local/lib/python3.12/site-packages/airflow/example_dags/example_latest_only.py
[2026-01-14T07:56:28.677+0000] {processor.py:840} INFO - DAG(s) 'latest_only' retrieved from /home/airflow/.local/lib/python3.12/site-packages/airflow/example_dags/example_latest_only.py
[2026-01-14T07:56:28.710+0000] {logging_mixin.py:188} INFO - [2026-01-14T07:56:28.710+0000] {dag.py:3096} INFO - Sync 1 DAGs
[2026-01-14T07:56:28.744+0000] {logging_mixin.py:188} INFO - [2026-01-14T07:56:28.744+0000] {dag.py:3954} INFO - Setting next_dagrun for latest_only to 2026-01-14 00:00:00+00:00, run_after=2026-01-14 04:00:00+00:00
[2026-01-14T07:56:28.774+0000] {processor.py:183} INFO - Processing /home/airflow/.local/lib/python3.12/site-packages/airflow/example_dags/example_latest_only.py took 0.118 seconds
[2026-01-14T07:56:59.583+0000] {processor.py:161} INFO - Started process (PID=1542) to work on /home/airflow/.local/lib/python3.12/site-packages/airflow/example_dags/example_latest_only.py
[2026-01-14T07:56:59.584+0000] {processor.py:830} INFO - Processing file /home/airflow/.local/lib/python3.12/site-packages/airflow/example_dags/example_latest_only.py for tasks to queue
[2026-01-14T07:56:59.587+0000] {logging_mixin.py:188} INFO - [2026-01-14T07:56:59.586+0000] {dagbag.py:545} INFO - Filling up the DagBag from /home/airflow/.local/lib/python3.12/site-packages/airflow/example_dags/example_latest_only.py
[2026-01-14T07:56:59.593+0000] {processor.py:840} INFO - DAG(s) 'latest_only' retrieved from /home/airflow/.local/lib/python3.12/site-packages/airflow/example_dags/example_latest_only.py
[2026-01-14T07:56:59.630+0000] {logging_mixin.py:188} INFO - [2026-01-14T07:56:59.629+0000] {dag.py:3096} INFO - Sync 1 DAGs
[2026-01-14T07:56:59.665+0000] {logging_mixin.py:188} INFO - [2026-01-14T07:56:59.665+0000] {dag.py:3954} INFO - Setting next_dagrun for latest_only to 2026-01-14 00:00:00+00:00, run_after=2026-01-14 04:00:00+00:00
[2026-01-14T07:56:59.697+0000] {processor.py:183} INFO - Processing /home/airflow/.local/lib/python3.12/site-packages/airflow/example_dags/example_latest_only.py took 0.122 seconds
[2026-01-14T07:57:30.420+0000] {processor.py:161} INFO - Started process (PID=1847) to work on /home/airflow/.local/lib/python3.12/site-packages/airflow/example_dags/example_latest_only.py
[2026-01-14T07:57:30.422+0000] {processor.py:830} INFO - Processing file /home/airflow/.local/lib/python3.12/site-packages/airflow/example_dags/example_latest_only.py for tasks to queue
[2026-01-14T07:57:30.424+0000] {logging_mixin.py:188} INFO - [2026-01-14T07:57:30.424+0000] {dagbag.py:545} INFO - Filling up the DagBag from /home/airflow/.local/lib/python3.12/site-packages/airflow/example_dags/example_latest_only.py
[2026-01-14T07:57:30.432+0000] {processor.py:840} INFO - DAG(s) 'latest_only' retrieved from /home/airflow/.local/lib/python3.12/site-packages/airflow/example_dags/example_latest_only.py
[2026-01-14T07:57:30.465+0000] {logging_mixin.py:188} INFO - [2026-01-14T07:57:30.465+0000] {dag.py:3096} INFO - Sync 1 DAGs
[2026-01-14T07:57:30.500+0000] {logging_mixin.py:188} INFO - [2026-01-14T07:57:30.500+0000] {dag.py:3954} INFO - Setting next_dagrun for latest_only to 2026-01-14 00:00:00+00:00, run_after=2026-01-14 04:00:00+00:00
[2026-01-14T07:57:30.533+0000] {processor.py:183} INFO - Processing /home/airflow/.local/lib/python3.12/site-packages/airflow/example_dags/example_latest_only.py took 0.121 seconds
[2026-01-14T07:58:49.053+0000] {processor.py:161} INFO - Started process (PID=380) to work on /home/airflow/.local/lib/python3.12/site-packages/airflow/example_dags/example_latest_only.py
[2026-01-14T07:58:49.054+0000] {processor.py:830} INFO - Processing file /home/airflow/.local/lib/python3.12/site-packages/airflow/example_dags/example_latest_only.py for tasks to queue
[2026-01-14T07:58:49.057+0000] {logging_mixin.py:188} INFO - [2026-01-14T07:58:49.056+0000] {dagbag.py:545} INFO - Filling up the DagBag from /home/airflow/.local/lib/python3.12/site-packages/airflow/example_dags/example_latest_only.py
[2026-01-14T07:58:49.063+0000] {processor.py:840} INFO - DAG(s) 'latest_only' retrieved from /home/airflow/.local/lib/python3.12/site-packages/airflow/example_dags/example_latest_only.py
[2026-01-14T07:58:49.088+0000] {logging_mixin.py:188} INFO - [2026-01-14T07:58:49.088+0000] {dag.py:3096} INFO - Sync 1 DAGs
[2026-01-14T07:58:49.116+0000] {logging_mixin.py:188} INFO - [2026-01-14T07:58:49.116+0000] {dag.py:3954} INFO - Setting next_dagrun for latest_only to 2026-01-14 00:00:00+00:00, run_after=2026-01-14 04:00:00+00:00
[2026-01-14T07:58:49.138+0000] {processor.py:183} INFO - Processing /home/airflow/.local/lib/python3.12/site-packages/airflow/example_dags/example_latest_only.py took 0.091 seconds
[2026-01-14T07:59:19.967+0000] {processor.py:161} INFO - Started process (PID=661) to work on /home/airflow/.local/lib/python3.12/site-packages/airflow/example_dags/example_latest_only.py
[2026-01-14T07:59:19.968+0000] {processor.py:830} INFO - Processing file /home/airflow/.local/lib/python3.12/site-packages/airflow/example_dags/example_latest_only.py for tasks to queue
[2026-01-14T07:59:19.971+0000] {logging_mixin.py:188} INFO - [2026-01-14T07:59:19.971+0000] {dagbag.py:545} INFO - Filling up the DagBag from /home/airflow/.local/lib/python3.12/site-packages/airflow/example_dags/example_latest_only.py
[2026-01-14T07:59:19.982+0000] {processor.py:840} INFO - DAG(s) 'latest_only' retrieved from /home/airflow/.local/lib/python3.12/site-packages/airflow/example_dags/example_latest_only.py
[2026-01-14T07:59:20.033+0000] {logging_mixin.py:188} INFO - [2026-01-14T07:59:20.032+0000] {dag.py:3096} INFO - Sync 1 DAGs
[2026-01-14T07:59:20.086+0000] {logging_mixin.py:188} INFO - [2026-01-14T07:59:20.086+0000] {dag.py:3954} INFO - Setting next_dagrun for latest_only to 2026-01-14 00:00:00+00:00, run_after=2026-01-14 04:00:00+00:00
[2026-01-14T07:59:20.129+0000] {processor.py:183} INFO - Processing /home/airflow/.local/lib/python3.12/site-packages/airflow/example_dags/example_latest_only.py took 0.173 seconds
[2026-01-14T07:59:50.313+0000] {processor.py:161} INFO - Started process (PID=976) to work on /home/airflow/.local/lib/python3.12/site-packages/airflow/example_dags/example_latest_only.py
[2026-01-14T07:59:50.315+0000] {processor.py:830} INFO - Processing file /home/airflow/.local/lib/python3.12/site-packages/airflow/example_dags/example_latest_only.py for tasks to queue
[2026-01-14T07:59:50.317+0000] {logging_mixin.py:188} INFO - [2026-01-14T07:59:50.317+0000] {dagbag.py:545} INFO - Filling up the DagBag from /home/airflow/.local/lib/python3.12/site-packages/airflow/example_dags/example_latest_only.py
[2026-01-14T07:59:50.324+0000] {processor.py:840} INFO - DAG(s) 'latest_only' retrieved from /home/airflow/.local/lib/python3.12/site-packages/airflow/example_dags/example_latest_only.py
[2026-01-14T07:59:50.357+0000] {logging_mixin.py:188} INFO - [2026-01-14T07:59:50.356+0000] {dag.py:3096} INFO - Sync 1 DAGs
[2026-01-14T07:59:50.388+0000] {logging_mixin.py:188} INFO - [2026-01-14T07:59:50.387+0000] {dag.py:3954} INFO - Setting next_dagrun for latest_only to 2026-01-14 00:00:00+00:00, run_after=2026-01-14 04:00:00+00:00
[2026-01-14T07:59:50.419+0000] {processor.py:183} INFO - Processing /home/airflow/.local/lib/python3.12/site-packages/airflow/example_dags/example_latest_only.py took 0.113 seconds
[2026-01-14T08:00:20.617+0000] {processor.py:161} INFO - Started process (PID=1238) to work on /home/airflow/.local/lib/python3.12/site-packages/airflow/example_dags/example_latest_only.py
[2026-01-14T08:00:20.619+0000] {processor.py:830} INFO - Processing file /home/airflow/.local/lib/python3.12/site-packages/airflow/example_dags/example_latest_only.py for tasks to queue
[2026-01-14T08:00:20.622+0000] {logging_mixin.py:188} INFO - [2026-01-14T08:00:20.621+0000] {dagbag.py:545} INFO - Filling up the DagBag from /home/airflow/.local/lib/python3.12/site-packages/airflow/example_dags/example_latest_only.py
[2026-01-14T08:00:20.629+0000] {processor.py:840} INFO - DAG(s) 'latest_only' retrieved from /home/airflow/.local/lib/python3.12/site-packages/airflow/example_dags/example_latest_only.py
[2026-01-14T08:00:20.664+0000] {logging_mixin.py:188} INFO - [2026-01-14T08:00:20.663+0000] {dag.py:3096} INFO - Sync 1 DAGs
[2026-01-14T08:00:20.697+0000] {logging_mixin.py:188} INFO - [2026-01-14T08:00:20.696+0000] {dag.py:3954} INFO - Setting next_dagrun for latest_only to 2026-01-14 04:00:00+00:00, run_after=2026-01-14 08:00:00+00:00
[2026-01-14T08:00:20.728+0000] {processor.py:183} INFO - Processing /home/airflow/.local/lib/python3.12/site-packages/airflow/example_dags/example_latest_only.py took 0.119 seconds
[2026-01-14T08:00:51.349+0000] {processor.py:161} INFO - Started process (PID=1501) to work on /home/airflow/.local/lib/python3.12/site-packages/airflow/example_dags/example_latest_only.py
[2026-01-14T08:00:51.350+0000] {processor.py:830} INFO - Processing file /home/airflow/.local/lib/python3.12/site-packages/airflow/example_dags/example_latest_only.py for tasks to queue
[2026-01-14T08:00:51.353+0000] {logging_mixin.py:188} INFO - [2026-01-14T08:00:51.352+0000] {dagbag.py:545} INFO - Filling up the DagBag from /home/airflow/.local/lib/python3.12/site-packages/airflow/example_dags/example_latest_only.py
[2026-01-14T08:00:51.360+0000] {processor.py:840} INFO - DAG(s) 'latest_only' retrieved from /home/airflow/.local/lib/python3.12/site-packages/airflow/example_dags/example_latest_only.py
[2026-01-14T08:00:51.392+0000] {logging_mixin.py:188} INFO - [2026-01-14T08:00:51.391+0000] {dag.py:3096} INFO - Sync 1 DAGs
[2026-01-14T08:00:51.426+0000] {logging_mixin.py:188} INFO - [2026-01-14T08:00:51.425+0000] {dag.py:3954} INFO - Setting next_dagrun for latest_only to 2026-01-14 04:00:00+00:00, run_after=2026-01-14 08:00:00+00:00
[2026-01-14T08:00:51.457+0000] {processor.py:183} INFO - Processing /home/airflow/.local/lib/python3.12/site-packages/airflow/example_dags/example_latest_only.py took 0.116 seconds
[2026-01-14T08:01:21.583+0000] {processor.py:161} INFO - Started process (PID=1765) to work on /home/airflow/.local/lib/python3.12/site-packages/airflow/example_dags/example_latest_only.py
[2026-01-14T08:01:21.585+0000] {processor.py:830} INFO - Processing file /home/airflow/.local/lib/python3.12/site-packages/airflow/example_dags/example_latest_only.py for tasks to queue
[2026-01-14T08:01:21.588+0000] {logging_mixin.py:188} INFO - [2026-01-14T08:01:21.587+0000] {dagbag.py:545} INFO - Filling up the DagBag from /home/airflow/.local/lib/python3.12/site-packages/airflow/example_dags/example_latest_only.py
[2026-01-14T08:01:21.594+0000] {processor.py:840} INFO - DAG(s) 'latest_only' retrieved from /home/airflow/.local/lib/python3.12/site-packages/airflow/example_dags/example_latest_only.py
[2026-01-14T08:01:21.625+0000] {logging_mixin.py:188} INFO - [2026-01-14T08:01:21.625+0000] {dag.py:3096} INFO - Sync 1 DAGs
[2026-01-14T08:01:21.655+0000] {logging_mixin.py:188} INFO - [2026-01-14T08:01:21.654+0000] {dag.py:3954} INFO - Setting next_dagrun for latest_only to 2026-01-14 04:00:00+00:00, run_after=2026-01-14 08:00:00+00:00
[2026-01-14T08:01:21.687+0000] {processor.py:183} INFO - Processing /home/airflow/.local/lib/python3.12/site-packages/airflow/example_dags/example_latest_only.py took 0.112 seconds
[2026-01-14T08:01:51.739+0000] {processor.py:161} INFO - Started process (PID=2048) to work on /home/airflow/.local/lib/python3.12/site-packages/airflow/example_dags/example_latest_only.py
[2026-01-14T08:01:51.740+0000] {processor.py:830} INFO - Processing file /home/airflow/.local/lib/python3.12/site-packages/airflow/example_dags/example_latest_only.py for tasks to queue
[2026-01-14T08:01:51.743+0000] {logging_mixin.py:188} INFO - [2026-01-14T08:01:51.742+0000] {dagbag.py:545} INFO - Filling up the DagBag from /home/airflow/.local/lib/python3.12/site-packages/airflow/example_dags/example_latest_only.py
[2026-01-14T08:01:51.750+0000] {processor.py:840} INFO - DAG(s) 'latest_only' retrieved from /home/airflow/.local/lib/python3.12/site-packages/airflow/example_dags/example_latest_only.py
[2026-01-14T08:01:51.782+0000] {logging_mixin.py:188} INFO - [2026-01-14T08:01:51.782+0000] {dag.py:3096} INFO - Sync 1 DAGs
[2026-01-14T08:01:51.811+0000] {logging_mixin.py:188} INFO - [2026-01-14T08:01:51.811+0000] {dag.py:3954} INFO - Setting next_dagrun for latest_only to 2026-01-14 04:00:00+00:00, run_after=2026-01-14 08:00:00+00:00
[2026-01-14T08:01:51.841+0000] {processor.py:183} INFO - Processing /home/airflow/.local/lib/python3.12/site-packages/airflow/example_dags/example_latest_only.py took 0.110 seconds
[2026-01-14T08:02:22.143+0000] {processor.py:161} INFO - Started process (PID=2312) to work on /home/airflow/.local/lib/python3.12/site-packages/airflow/example_dags/example_latest_only.py
[2026-01-14T08:02:22.144+0000] {processor.py:830} INFO - Processing file /home/airflow/.local/lib/python3.12/site-packages/airflow/example_dags/example_latest_only.py for tasks to queue
[2026-01-14T08:02:22.147+0000] {logging_mixin.py:188} INFO - [2026-01-14T08:02:22.146+0000] {dagbag.py:545} INFO - Filling up the DagBag from /home/airflow/.local/lib/python3.12/site-packages/airflow/example_dags/example_latest_only.py
[2026-01-14T08:02:22.155+0000] {processor.py:840} INFO - DAG(s) 'latest_only' retrieved from /home/airflow/.local/lib/python3.12/site-packages/airflow/example_dags/example_latest_only.py
[2026-01-14T08:02:22.187+0000] {logging_mixin.py:188} INFO - [2026-01-14T08:02:22.186+0000] {dag.py:3096} INFO - Sync 1 DAGs
[2026-01-14T08:02:22.221+0000] {logging_mixin.py:188} INFO - [2026-01-14T08:02:22.221+0000] {dag.py:3954} INFO - Setting next_dagrun for latest_only to 2026-01-14 04:00:00+00:00, run_after=2026-01-14 08:00:00+00:00
[2026-01-14T08:02:22.250+0000] {processor.py:183} INFO - Processing /home/airflow/.local/lib/python3.12/site-packages/airflow/example_dags/example_latest_only.py took 0.116 seconds
[2026-01-14T08:02:52.711+0000] {processor.py:161} INFO - Started process (PID=2573) to work on /home/airflow/.local/lib/python3.12/site-packages/airflow/example_dags/example_latest_only.py
[2026-01-14T08:02:52.713+0000] {processor.py:830} INFO - Processing file /home/airflow/.local/lib/python3.12/site-packages/airflow/example_dags/example_latest_only.py for tasks to queue
[2026-01-14T08:02:52.716+0000] {logging_mixin.py:188} INFO - [2026-01-14T08:02:52.715+0000] {dagbag.py:545} INFO - Filling up the DagBag from /home/airflow/.local/lib/python3.12/site-packages/airflow/example_dags/example_latest_only.py
[2026-01-14T08:02:52.723+0000] {processor.py:840} INFO - DAG(s) 'latest_only' retrieved from /home/airflow/.local/lib/python3.12/site-packages/airflow/example_dags/example_latest_only.py
[2026-01-14T08:02:52.754+0000] {logging_mixin.py:188} INFO - [2026-01-14T08:02:52.754+0000] {dag.py:3096} INFO - Sync 1 DAGs
[2026-01-14T08:02:52.784+0000] {logging_mixin.py:188} INFO - [2026-01-14T08:02:52.784+0000] {dag.py:3954} INFO - Setting next_dagrun for latest_only to 2026-01-14 04:00:00+00:00, run_after=2026-01-14 08:00:00+00:00
[2026-01-14T08:02:52.814+0000] {processor.py:183} INFO - Processing /home/airflow/.local/lib/python3.12/site-packages/airflow/example_dags/example_latest_only.py took 0.110 seconds
[2026-01-14T08:03:23.100+0000] {processor.py:161} INFO - Started process (PID=2837) to work on /home/airflow/.local/lib/python3.12/site-packages/airflow/example_dags/example_latest_only.py
[2026-01-14T08:03:23.102+0000] {processor.py:830} INFO - Processing file /home/airflow/.local/lib/python3.12/site-packages/airflow/example_dags/example_latest_only.py for tasks to queue
[2026-01-14T08:03:23.104+0000] {logging_mixin.py:188} INFO - [2026-01-14T08:03:23.103+0000] {dagbag.py:545} INFO - Filling up the DagBag from /home/airflow/.local/lib/python3.12/site-packages/airflow/example_dags/example_latest_only.py
[2026-01-14T08:03:23.111+0000] {processor.py:840} INFO - DAG(s) 'latest_only' retrieved from /home/airflow/.local/lib/python3.12/site-packages/airflow/example_dags/example_latest_only.py
[2026-01-14T08:03:23.143+0000] {logging_mixin.py:188} INFO - [2026-01-14T08:03:23.142+0000] {dag.py:3096} INFO - Sync 1 DAGs
[2026-01-14T08:03:23.174+0000] {logging_mixin.py:188} INFO - [2026-01-14T08:03:23.173+0000] {dag.py:3954} INFO - Setting next_dagrun for latest_only to 2026-01-14 04:00:00+00:00, run_after=2026-01-14 08:00:00+00:00
[2026-01-14T08:03:23.204+0000] {processor.py:183} INFO - Processing /home/airflow/.local/lib/python3.12/site-packages/airflow/example_dags/example_latest_only.py took 0.111 seconds
[2026-01-14T08:03:53.706+0000] {processor.py:161} INFO - Started process (PID=3122) to work on /home/airflow/.local/lib/python3.12/site-packages/airflow/example_dags/example_latest_only.py
[2026-01-14T08:03:53.707+0000] {processor.py:830} INFO - Processing file /home/airflow/.local/lib/python3.12/site-packages/airflow/example_dags/example_latest_only.py for tasks to queue
[2026-01-14T08:03:53.710+0000] {logging_mixin.py:188} INFO - [2026-01-14T08:03:53.710+0000] {dagbag.py:545} INFO - Filling up the DagBag from /home/airflow/.local/lib/python3.12/site-packages/airflow/example_dags/example_latest_only.py
[2026-01-14T08:03:53.718+0000] {processor.py:840} INFO - DAG(s) 'latest_only' retrieved from /home/airflow/.local/lib/python3.12/site-packages/airflow/example_dags/example_latest_only.py
[2026-01-14T08:03:53.748+0000] {logging_mixin.py:188} INFO - [2026-01-14T08:03:53.748+0000] {dag.py:3096} INFO - Sync 1 DAGs
[2026-01-14T08:03:53.779+0000] {logging_mixin.py:188} INFO - [2026-01-14T08:03:53.779+0000] {dag.py:3954} INFO - Setting next_dagrun for latest_only to 2026-01-14 04:00:00+00:00, run_after=2026-01-14 08:00:00+00:00
[2026-01-14T08:03:53.809+0000] {processor.py:183} INFO - Processing /home/airflow/.local/lib/python3.12/site-packages/airflow/example_dags/example_latest_only.py took 0.112 seconds
[2026-01-14T08:04:24.020+0000] {processor.py:161} INFO - Started process (PID=3386) to work on /home/airflow/.local/lib/python3.12/site-packages/airflow/example_dags/example_latest_only.py
[2026-01-14T08:04:24.022+0000] {processor.py:830} INFO - Processing file /home/airflow/.local/lib/python3.12/site-packages/airflow/example_dags/example_latest_only.py for tasks to queue
[2026-01-14T08:04:24.024+0000] {logging_mixin.py:188} INFO - [2026-01-14T08:04:24.024+0000] {dagbag.py:545} INFO - Filling up the DagBag from /home/airflow/.local/lib/python3.12/site-packages/airflow/example_dags/example_latest_only.py
[2026-01-14T08:04:24.032+0000] {processor.py:840} INFO - DAG(s) 'latest_only' retrieved from /home/airflow/.local/lib/python3.12/site-packages/airflow/example_dags/example_latest_only.py
[2026-01-14T08:04:24.067+0000] {logging_mixin.py:188} INFO - [2026-01-14T08:04:24.067+0000] {dag.py:3096} INFO - Sync 1 DAGs
[2026-01-14T08:04:24.099+0000] {logging_mixin.py:188} INFO - [2026-01-14T08:04:24.098+0000] {dag.py:3954} INFO - Setting next_dagrun for latest_only to 2026-01-14 04:00:00+00:00, run_after=2026-01-14 08:00:00+00:00
[2026-01-14T08:04:24.126+0000] {processor.py:183} INFO - Processing /home/airflow/.local/lib/python3.12/site-packages/airflow/example_dags/example_latest_only.py took 0.113 seconds
[2026-01-14T08:04:54.567+0000] {processor.py:161} INFO - Started process (PID=3647) to work on /home/airflow/.local/lib/python3.12/site-packages/airflow/example_dags/example_latest_only.py
[2026-01-14T08:04:54.568+0000] {processor.py:830} INFO - Processing file /home/airflow/.local/lib/python3.12/site-packages/airflow/example_dags/example_latest_only.py for tasks to queue
[2026-01-14T08:04:54.570+0000] {logging_mixin.py:188} INFO - [2026-01-14T08:04:54.570+0000] {dagbag.py:545} INFO - Filling up the DagBag from /home/airflow/.local/lib/python3.12/site-packages/airflow/example_dags/example_latest_only.py
[2026-01-14T08:04:54.577+0000] {processor.py:840} INFO - DAG(s) 'latest_only' retrieved from /home/airflow/.local/lib/python3.12/site-packages/airflow/example_dags/example_latest_only.py
[2026-01-14T08:04:54.606+0000] {logging_mixin.py:188} INFO - [2026-01-14T08:04:54.605+0000] {dag.py:3096} INFO - Sync 1 DAGs
[2026-01-14T08:04:54.632+0000] {logging_mixin.py:188} INFO - [2026-01-14T08:04:54.632+0000] {dag.py:3954} INFO - Setting next_dagrun for latest_only to 2026-01-14 04:00:00+00:00, run_after=2026-01-14 08:00:00+00:00
[2026-01-14T08:04:54.654+0000] {processor.py:183} INFO - Processing /home/airflow/.local/lib/python3.12/site-packages/airflow/example_dags/example_latest_only.py took 0.094 seconds
[2026-01-14T08:06:49.778+0000] {processor.py:161} INFO - Started process (PID=3907) to work on /home/airflow/.local/lib/python3.12/site-packages/airflow/example_dags/example_latest_only.py
[2026-01-14T08:06:49.780+0000] {processor.py:830} INFO - Processing file /home/airflow/.local/lib/python3.12/site-packages/airflow/example_dags/example_latest_only.py for tasks to queue
[2026-01-14T08:06:49.782+0000] {logging_mixin.py:188} INFO - [2026-01-14T08:06:49.782+0000] {dagbag.py:545} INFO - Filling up the DagBag from /home/airflow/.local/lib/python3.12/site-packages/airflow/example_dags/example_latest_only.py
[2026-01-14T08:06:49.789+0000] {processor.py:840} INFO - DAG(s) 'latest_only' retrieved from /home/airflow/.local/lib/python3.12/site-packages/airflow/example_dags/example_latest_only.py
[2026-01-14T08:06:49.825+0000] {logging_mixin.py:188} INFO - [2026-01-14T08:06:49.824+0000] {dag.py:3096} INFO - Sync 1 DAGs
[2026-01-14T08:06:49.858+0000] {logging_mixin.py:188} INFO - [2026-01-14T08:06:49.858+0000] {dag.py:3954} INFO - Setting next_dagrun for latest_only to 2026-01-14 04:00:00+00:00, run_after=2026-01-14 08:00:00+00:00
[2026-01-14T08:06:49.890+0000] {processor.py:183} INFO - Processing /home/airflow/.local/lib/python3.12/site-packages/airflow/example_dags/example_latest_only.py took 0.119 seconds
[2026-01-14T08:07:20.563+0000] {processor.py:161} INFO - Started process (PID=4166) to work on /home/airflow/.local/lib/python3.12/site-packages/airflow/example_dags/example_latest_only.py
[2026-01-14T08:07:20.565+0000] {processor.py:830} INFO - Processing file /home/airflow/.local/lib/python3.12/site-packages/airflow/example_dags/example_latest_only.py for tasks to queue
[2026-01-14T08:07:20.567+0000] {logging_mixin.py:188} INFO - [2026-01-14T08:07:20.566+0000] {dagbag.py:545} INFO - Filling up the DagBag from /home/airflow/.local/lib/python3.12/site-packages/airflow/example_dags/example_latest_only.py
[2026-01-14T08:07:20.572+0000] {processor.py:840} INFO - DAG(s) 'latest_only' retrieved from /home/airflow/.local/lib/python3.12/site-packages/airflow/example_dags/example_latest_only.py
[2026-01-14T08:07:20.599+0000] {logging_mixin.py:188} INFO - [2026-01-14T08:07:20.598+0000] {dag.py:3096} INFO - Sync 1 DAGs
[2026-01-14T08:07:20.623+0000] {logging_mixin.py:188} INFO - [2026-01-14T08:07:20.623+0000] {dag.py:3954} INFO - Setting next_dagrun for latest_only to 2026-01-14 04:00:00+00:00, run_after=2026-01-14 08:00:00+00:00
[2026-01-14T08:07:20.648+0000] {processor.py:183} INFO - Processing /home/airflow/.local/lib/python3.12/site-packages/airflow/example_dags/example_latest_only.py took 0.091 seconds
[2026-01-14T08:07:51.171+0000] {processor.py:161} INFO - Started process (PID=4427) to work on /home/airflow/.local/lib/python3.12/site-packages/airflow/example_dags/example_latest_only.py
[2026-01-14T08:07:51.173+0000] {processor.py:830} INFO - Processing file /home/airflow/.local/lib/python3.12/site-packages/airflow/example_dags/example_latest_only.py for tasks to queue
[2026-01-14T08:07:51.176+0000] {logging_mixin.py:188} INFO - [2026-01-14T08:07:51.175+0000] {dagbag.py:545} INFO - Filling up the DagBag from /home/airflow/.local/lib/python3.12/site-packages/airflow/example_dags/example_latest_only.py
[2026-01-14T08:07:51.183+0000] {processor.py:840} INFO - DAG(s) 'latest_only' retrieved from /home/airflow/.local/lib/python3.12/site-packages/airflow/example_dags/example_latest_only.py
[2026-01-14T08:07:51.216+0000] {logging_mixin.py:188} INFO - [2026-01-14T08:07:51.216+0000] {dag.py:3096} INFO - Sync 1 DAGs
[2026-01-14T08:07:51.250+0000] {logging_mixin.py:188} INFO - [2026-01-14T08:07:51.250+0000] {dag.py:3954} INFO - Setting next_dagrun for latest_only to 2026-01-14 04:00:00+00:00, run_after=2026-01-14 08:00:00+00:00
[2026-01-14T08:07:51.280+0000] {processor.py:183} INFO - Processing /home/airflow/.local/lib/python3.12/site-packages/airflow/example_dags/example_latest_only.py took 0.117 seconds
[2026-01-14T08:08:21.501+0000] {processor.py:161} INFO - Started process (PID=4688) to work on /home/airflow/.local/lib/python3.12/site-packages/airflow/example_dags/example_latest_only.py
[2026-01-14T08:08:21.502+0000] {processor.py:830} INFO - Processing file /home/airflow/.local/lib/python3.12/site-packages/airflow/example_dags/example_latest_only.py for tasks to queue
[2026-01-14T08:08:21.504+0000] {logging_mixin.py:188} INFO - [2026-01-14T08:08:21.503+0000] {dagbag.py:545} INFO - Filling up the DagBag from /home/airflow/.local/lib/python3.12/site-packages/airflow/example_dags/example_latest_only.py
[2026-01-14T08:08:21.510+0000] {processor.py:840} INFO - DAG(s) 'latest_only' retrieved from /home/airflow/.local/lib/python3.12/site-packages/airflow/example_dags/example_latest_only.py
[2026-01-14T08:08:21.535+0000] {logging_mixin.py:188} INFO - [2026-01-14T08:08:21.535+0000] {dag.py:3096} INFO - Sync 1 DAGs
[2026-01-14T08:08:21.563+0000] {logging_mixin.py:188} INFO - [2026-01-14T08:08:21.563+0000] {dag.py:3954} INFO - Setting next_dagrun for latest_only to 2026-01-14 04:00:00+00:00, run_after=2026-01-14 08:00:00+00:00
[2026-01-14T08:08:21.586+0000] {processor.py:183} INFO - Processing /home/airflow/.local/lib/python3.12/site-packages/airflow/example_dags/example_latest_only.py took 0.091 seconds
[2026-01-14T08:08:52.442+0000] {processor.py:161} INFO - Started process (PID=4949) to work on /home/airflow/.local/lib/python3.12/site-packages/airflow/example_dags/example_latest_only.py
[2026-01-14T08:08:52.443+0000] {processor.py:830} INFO - Processing file /home/airflow/.local/lib/python3.12/site-packages/airflow/example_dags/example_latest_only.py for tasks to queue
[2026-01-14T08:08:52.446+0000] {logging_mixin.py:188} INFO - [2026-01-14T08:08:52.445+0000] {dagbag.py:545} INFO - Filling up the DagBag from /home/airflow/.local/lib/python3.12/site-packages/airflow/example_dags/example_latest_only.py
[2026-01-14T08:08:52.454+0000] {processor.py:840} INFO - DAG(s) 'latest_only' retrieved from /home/airflow/.local/lib/python3.12/site-packages/airflow/example_dags/example_latest_only.py
[2026-01-14T08:08:52.485+0000] {logging_mixin.py:188} INFO - [2026-01-14T08:08:52.485+0000] {dag.py:3096} INFO - Sync 1 DAGs
[2026-01-14T08:08:52.516+0000] {logging_mixin.py:188} INFO - [2026-01-14T08:08:52.516+0000] {dag.py:3954} INFO - Setting next_dagrun for latest_only to 2026-01-14 04:00:00+00:00, run_after=2026-01-14 08:00:00+00:00
[2026-01-14T08:08:52.544+0000] {processor.py:183} INFO - Processing /home/airflow/.local/lib/python3.12/site-packages/airflow/example_dags/example_latest_only.py took 0.110 seconds
[2026-01-14T08:09:22.784+0000] {processor.py:161} INFO - Started process (PID=5212) to work on /home/airflow/.local/lib/python3.12/site-packages/airflow/example_dags/example_latest_only.py
[2026-01-14T08:09:22.785+0000] {processor.py:830} INFO - Processing file /home/airflow/.local/lib/python3.12/site-packages/airflow/example_dags/example_latest_only.py for tasks to queue
[2026-01-14T08:09:22.787+0000] {logging_mixin.py:188} INFO - [2026-01-14T08:09:22.787+0000] {dagbag.py:545} INFO - Filling up the DagBag from /home/airflow/.local/lib/python3.12/site-packages/airflow/example_dags/example_latest_only.py
[2026-01-14T08:09:22.793+0000] {processor.py:840} INFO - DAG(s) 'latest_only' retrieved from /home/airflow/.local/lib/python3.12/site-packages/airflow/example_dags/example_latest_only.py
[2026-01-14T08:09:22.815+0000] {logging_mixin.py:188} INFO - [2026-01-14T08:09:22.815+0000] {dag.py:3096} INFO - Sync 1 DAGs
[2026-01-14T08:09:22.840+0000] {logging_mixin.py:188} INFO - [2026-01-14T08:09:22.840+0000] {dag.py:3954} INFO - Setting next_dagrun for latest_only to 2026-01-14 04:00:00+00:00, run_after=2026-01-14 08:00:00+00:00
[2026-01-14T08:09:22.861+0000] {processor.py:183} INFO - Processing /home/airflow/.local/lib/python3.12/site-packages/airflow/example_dags/example_latest_only.py took 0.083 seconds
[2026-01-14T08:09:52.950+0000] {processor.py:161} INFO - Started process (PID=5473) to work on /home/airflow/.local/lib/python3.12/site-packages/airflow/example_dags/example_latest_only.py
[2026-01-14T08:09:52.951+0000] {processor.py:830} INFO - Processing file /home/airflow/.local/lib/python3.12/site-packages/airflow/example_dags/example_latest_only.py for tasks to queue
[2026-01-14T08:09:52.953+0000] {logging_mixin.py:188} INFO - [2026-01-14T08:09:52.953+0000] {dagbag.py:545} INFO - Filling up the DagBag from /home/airflow/.local/lib/python3.12/site-packages/airflow/example_dags/example_latest_only.py
[2026-01-14T08:09:52.959+0000] {processor.py:840} INFO - DAG(s) 'latest_only' retrieved from /home/airflow/.local/lib/python3.12/site-packages/airflow/example_dags/example_latest_only.py
[2026-01-14T08:09:52.984+0000] {logging_mixin.py:188} INFO - [2026-01-14T08:09:52.983+0000] {dag.py:3096} INFO - Sync 1 DAGs
[2026-01-14T08:09:53.011+0000] {logging_mixin.py:188} INFO - [2026-01-14T08:09:53.011+0000] {dag.py:3954} INFO - Setting next_dagrun for latest_only to 2026-01-14 04:00:00+00:00, run_after=2026-01-14 08:00:00+00:00
[2026-01-14T08:09:53.034+0000] {processor.py:183} INFO - Processing /home/airflow/.local/lib/python3.12/site-packages/airflow/example_dags/example_latest_only.py took 0.090 seconds
[2026-01-14T08:10:23.137+0000] {processor.py:161} INFO - Started process (PID=5732) to work on /home/airflow/.local/lib/python3.12/site-packages/airflow/example_dags/example_latest_only.py
[2026-01-14T08:10:23.138+0000] {processor.py:830} INFO - Processing file /home/airflow/.local/lib/python3.12/site-packages/airflow/example_dags/example_latest_only.py for tasks to queue
[2026-01-14T08:10:23.140+0000] {logging_mixin.py:188} INFO - [2026-01-14T08:10:23.140+0000] {dagbag.py:545} INFO - Filling up the DagBag from /home/airflow/.local/lib/python3.12/site-packages/airflow/example_dags/example_latest_only.py
[2026-01-14T08:10:23.146+0000] {processor.py:840} INFO - DAG(s) 'latest_only' retrieved from /home/airflow/.local/lib/python3.12/site-packages/airflow/example_dags/example_latest_only.py
[2026-01-14T08:10:23.169+0000] {logging_mixin.py:188} INFO - [2026-01-14T08:10:23.169+0000] {dag.py:3096} INFO - Sync 1 DAGs
[2026-01-14T08:10:23.194+0000] {logging_mixin.py:188} INFO - [2026-01-14T08:10:23.193+0000] {dag.py:3954} INFO - Setting next_dagrun for latest_only to 2026-01-14 04:00:00+00:00, run_after=2026-01-14 08:00:00+00:00
[2026-01-14T08:10:23.214+0000] {processor.py:183} INFO - Processing /home/airflow/.local/lib/python3.12/site-packages/airflow/example_dags/example_latest_only.py took 0.084 seconds
[2026-01-14T08:10:53.423+0000] {processor.py:161} INFO - Started process (PID=5993) to work on /home/airflow/.local/lib/python3.12/site-packages/airflow/example_dags/example_latest_only.py
[2026-01-14T08:10:53.424+0000] {processor.py:830} INFO - Processing file /home/airflow/.local/lib/python3.12/site-packages/airflow/example_dags/example_latest_only.py for tasks to queue
[2026-01-14T08:10:53.426+0000] {logging_mixin.py:188} INFO - [2026-01-14T08:10:53.425+0000] {dagbag.py:545} INFO - Filling up the DagBag from /home/airflow/.local/lib/python3.12/site-packages/airflow/example_dags/example_latest_only.py
[2026-01-14T08:10:53.431+0000] {processor.py:840} INFO - DAG(s) 'latest_only' retrieved from /home/airflow/.local/lib/python3.12/site-packages/airflow/example_dags/example_latest_only.py
[2026-01-14T08:10:53.455+0000] {logging_mixin.py:188} INFO - [2026-01-14T08:10:53.455+0000] {dag.py:3096} INFO - Sync 1 DAGs
[2026-01-14T08:10:53.486+0000] {logging_mixin.py:188} INFO - [2026-01-14T08:10:53.486+0000] {dag.py:3954} INFO - Setting next_dagrun for latest_only to 2026-01-14 04:00:00+00:00, run_after=2026-01-14 08:00:00+00:00
[2026-01-14T08:10:53.509+0000] {processor.py:183} INFO - Processing /home/airflow/.local/lib/python3.12/site-packages/airflow/example_dags/example_latest_only.py took 0.094 seconds
[2026-01-14T08:11:23.763+0000] {processor.py:161} INFO - Started process (PID=6254) to work on /home/airflow/.local/lib/python3.12/site-packages/airflow/example_dags/example_latest_only.py
[2026-01-14T08:11:23.764+0000] {processor.py:830} INFO - Processing file /home/airflow/.local/lib/python3.12/site-packages/airflow/example_dags/example_latest_only.py for tasks to queue
[2026-01-14T08:11:23.766+0000] {logging_mixin.py:188} INFO - [2026-01-14T08:11:23.766+0000] {dagbag.py:545} INFO - Filling up the DagBag from /home/airflow/.local/lib/python3.12/site-packages/airflow/example_dags/example_latest_only.py
[2026-01-14T08:11:23.772+0000] {processor.py:840} INFO - DAG(s) 'latest_only' retrieved from /home/airflow/.local/lib/python3.12/site-packages/airflow/example_dags/example_latest_only.py
[2026-01-14T08:11:23.795+0000] {logging_mixin.py:188} INFO - [2026-01-14T08:11:23.795+0000] {dag.py:3096} INFO - Sync 1 DAGs
[2026-01-14T08:11:23.820+0000] {logging_mixin.py:188} INFO - [2026-01-14T08:11:23.820+0000] {dag.py:3954} INFO - Setting next_dagrun for latest_only to 2026-01-14 04:00:00+00:00, run_after=2026-01-14 08:00:00+00:00
[2026-01-14T08:11:23.840+0000] {processor.py:183} INFO - Processing /home/airflow/.local/lib/python3.12/site-packages/airflow/example_dags/example_latest_only.py took 0.083 seconds
[2026-01-14T08:11:54.157+0000] {processor.py:161} INFO - Started process (PID=6515) to work on /home/airflow/.local/lib/python3.12/site-packages/airflow/example_dags/example_latest_only.py
[2026-01-14T08:11:54.158+0000] {processor.py:830} INFO - Processing file /home/airflow/.local/lib/python3.12/site-packages/airflow/example_dags/example_latest_only.py for tasks to queue
[2026-01-14T08:11:54.160+0000] {logging_mixin.py:188} INFO - [2026-01-14T08:11:54.160+0000] {dagbag.py:545} INFO - Filling up the DagBag from /home/airflow/.local/lib/python3.12/site-packages/airflow/example_dags/example_latest_only.py
[2026-01-14T08:11:54.167+0000] {processor.py:840} INFO - DAG(s) 'latest_only' retrieved from /home/airflow/.local/lib/python3.12/site-packages/airflow/example_dags/example_latest_only.py
[2026-01-14T08:11:54.194+0000] {logging_mixin.py:188} INFO - [2026-01-14T08:11:54.193+0000] {dag.py:3096} INFO - Sync 1 DAGs
[2026-01-14T08:11:54.220+0000] {logging_mixin.py:188} INFO - [2026-01-14T08:11:54.220+0000] {dag.py:3954} INFO - Setting next_dagrun for latest_only to 2026-01-14 04:00:00+00:00, run_after=2026-01-14 08:00:00+00:00
[2026-01-14T08:11:54.243+0000] {processor.py:183} INFO - Processing /home/airflow/.local/lib/python3.12/site-packages/airflow/example_dags/example_latest_only.py took 0.092 seconds
[2026-01-14T08:12:24.930+0000] {processor.py:161} INFO - Started process (PID=6778) to work on /home/airflow/.local/lib/python3.12/site-packages/airflow/example_dags/example_latest_only.py
[2026-01-14T08:12:24.932+0000] {processor.py:830} INFO - Processing file /home/airflow/.local/lib/python3.12/site-packages/airflow/example_dags/example_latest_only.py for tasks to queue
[2026-01-14T08:12:24.934+0000] {logging_mixin.py:188} INFO - [2026-01-14T08:12:24.934+0000] {dagbag.py:545} INFO - Filling up the DagBag from /home/airflow/.local/lib/python3.12/site-packages/airflow/example_dags/example_latest_only.py
[2026-01-14T08:12:24.939+0000] {processor.py:840} INFO - DAG(s) 'latest_only' retrieved from /home/airflow/.local/lib/python3.12/site-packages/airflow/example_dags/example_latest_only.py
[2026-01-14T08:12:24.964+0000] {logging_mixin.py:188} INFO - [2026-01-14T08:12:24.963+0000] {dag.py:3096} INFO - Sync 1 DAGs
[2026-01-14T08:12:24.989+0000] {logging_mixin.py:188} INFO - [2026-01-14T08:12:24.988+0000] {dag.py:3954} INFO - Setting next_dagrun for latest_only to 2026-01-14 04:00:00+00:00, run_after=2026-01-14 08:00:00+00:00
[2026-01-14T08:12:25.014+0000] {processor.py:183} INFO - Processing /home/airflow/.local/lib/python3.12/site-packages/airflow/example_dags/example_latest_only.py took 0.089 seconds
[2026-01-14T08:12:55.856+0000] {processor.py:161} INFO - Started process (PID=7037) to work on /home/airflow/.local/lib/python3.12/site-packages/airflow/example_dags/example_latest_only.py
[2026-01-14T08:12:55.858+0000] {processor.py:830} INFO - Processing file /home/airflow/.local/lib/python3.12/site-packages/airflow/example_dags/example_latest_only.py for tasks to queue
[2026-01-14T08:12:55.860+0000] {logging_mixin.py:188} INFO - [2026-01-14T08:12:55.860+0000] {dagbag.py:545} INFO - Filling up the DagBag from /home/airflow/.local/lib/python3.12/site-packages/airflow/example_dags/example_latest_only.py
[2026-01-14T08:12:55.866+0000] {processor.py:840} INFO - DAG(s) 'latest_only' retrieved from /home/airflow/.local/lib/python3.12/site-packages/airflow/example_dags/example_latest_only.py
[2026-01-14T08:12:55.898+0000] {logging_mixin.py:188} INFO - [2026-01-14T08:12:55.897+0000] {dag.py:3096} INFO - Sync 1 DAGs
[2026-01-14T08:12:55.922+0000] {logging_mixin.py:188} INFO - [2026-01-14T08:12:55.922+0000] {dag.py:3954} INFO - Setting next_dagrun for latest_only to 2026-01-14 04:00:00+00:00, run_after=2026-01-14 08:00:00+00:00
[2026-01-14T08:12:55.942+0000] {processor.py:183} INFO - Processing /home/airflow/.local/lib/python3.12/site-packages/airflow/example_dags/example_latest_only.py took 0.093 seconds
[2026-01-14T08:13:26.204+0000] {processor.py:161} INFO - Started process (PID=7298) to work on /home/airflow/.local/lib/python3.12/site-packages/airflow/example_dags/example_latest_only.py
[2026-01-14T08:13:26.205+0000] {processor.py:830} INFO - Processing file /home/airflow/.local/lib/python3.12/site-packages/airflow/example_dags/example_latest_only.py for tasks to queue
[2026-01-14T08:13:26.207+0000] {logging_mixin.py:188} INFO - [2026-01-14T08:13:26.207+0000] {dagbag.py:545} INFO - Filling up the DagBag from /home/airflow/.local/lib/python3.12/site-packages/airflow/example_dags/example_latest_only.py
[2026-01-14T08:13:26.213+0000] {processor.py:840} INFO - DAG(s) 'latest_only' retrieved from /home/airflow/.local/lib/python3.12/site-packages/airflow/example_dags/example_latest_only.py
[2026-01-14T08:13:26.241+0000] {logging_mixin.py:188} INFO - [2026-01-14T08:13:26.241+0000] {dag.py:3096} INFO - Sync 1 DAGs
[2026-01-14T08:13:26.270+0000] {logging_mixin.py:188} INFO - [2026-01-14T08:13:26.270+0000] {dag.py:3954} INFO - Setting next_dagrun for latest_only to 2026-01-14 04:00:00+00:00, run_after=2026-01-14 08:00:00+00:00
[2026-01-14T08:13:26.293+0000] {processor.py:183} INFO - Processing /home/airflow/.local/lib/python3.12/site-packages/airflow/example_dags/example_latest_only.py took 0.095 seconds
[2026-01-14T09:27:45.922+0000] {processor.py:161} INFO - Started process (PID=7559) to work on /home/airflow/.local/lib/python3.12/site-packages/airflow/example_dags/example_latest_only.py
[2026-01-14T09:27:45.923+0000] {processor.py:830} INFO - Processing file /home/airflow/.local/lib/python3.12/site-packages/airflow/example_dags/example_latest_only.py for tasks to queue
[2026-01-14T09:27:45.926+0000] {logging_mixin.py:188} INFO - [2026-01-14T09:27:45.926+0000] {dagbag.py:545} INFO - Filling up the DagBag from /home/airflow/.local/lib/python3.12/site-packages/airflow/example_dags/example_latest_only.py
[2026-01-14T09:27:45.933+0000] {processor.py:840} INFO - DAG(s) 'latest_only' retrieved from /home/airflow/.local/lib/python3.12/site-packages/airflow/example_dags/example_latest_only.py
[2026-01-14T09:27:45.967+0000] {logging_mixin.py:188} INFO - [2026-01-14T09:27:45.966+0000] {dag.py:3096} INFO - Sync 1 DAGs
[2026-01-14T09:27:46.003+0000] {logging_mixin.py:188} INFO - [2026-01-14T09:27:46.002+0000] {dag.py:3954} INFO - Setting next_dagrun for latest_only to 2026-01-14 04:00:00+00:00, run_after=2026-01-14 08:00:00+00:00
[2026-01-14T09:27:46.036+0000] {processor.py:183} INFO - Processing /home/airflow/.local/lib/python3.12/site-packages/airflow/example_dags/example_latest_only.py took 0.121 seconds
[2026-01-14T09:28:16.369+0000] {processor.py:161} INFO - Started process (PID=7818) to work on /home/airflow/.local/lib/python3.12/site-packages/airflow/example_dags/example_latest_only.py
[2026-01-14T09:28:16.370+0000] {processor.py:830} INFO - Processing file /home/airflow/.local/lib/python3.12/site-packages/airflow/example_dags/example_latest_only.py for tasks to queue
[2026-01-14T09:28:16.372+0000] {logging_mixin.py:188} INFO - [2026-01-14T09:28:16.372+0000] {dagbag.py:545} INFO - Filling up the DagBag from /home/airflow/.local/lib/python3.12/site-packages/airflow/example_dags/example_latest_only.py
[2026-01-14T09:28:16.378+0000] {processor.py:840} INFO - DAG(s) 'latest_only' retrieved from /home/airflow/.local/lib/python3.12/site-packages/airflow/example_dags/example_latest_only.py
[2026-01-14T09:28:16.404+0000] {logging_mixin.py:188} INFO - [2026-01-14T09:28:16.404+0000] {dag.py:3096} INFO - Sync 1 DAGs
[2026-01-14T09:28:16.428+0000] {logging_mixin.py:188} INFO - [2026-01-14T09:28:16.428+0000] {dag.py:3954} INFO - Setting next_dagrun for latest_only to 2026-01-14 04:00:00+00:00, run_after=2026-01-14 08:00:00+00:00
[2026-01-14T09:28:16.450+0000] {processor.py:183} INFO - Processing /home/airflow/.local/lib/python3.12/site-packages/airflow/example_dags/example_latest_only.py took 0.089 seconds
[2026-01-14T09:28:47.110+0000] {processor.py:161} INFO - Started process (PID=8079) to work on /home/airflow/.local/lib/python3.12/site-packages/airflow/example_dags/example_latest_only.py
[2026-01-14T09:28:47.111+0000] {processor.py:830} INFO - Processing file /home/airflow/.local/lib/python3.12/site-packages/airflow/example_dags/example_latest_only.py for tasks to queue
[2026-01-14T09:28:47.113+0000] {logging_mixin.py:188} INFO - [2026-01-14T09:28:47.113+0000] {dagbag.py:545} INFO - Filling up the DagBag from /home/airflow/.local/lib/python3.12/site-packages/airflow/example_dags/example_latest_only.py
[2026-01-14T09:28:47.119+0000] {processor.py:840} INFO - DAG(s) 'latest_only' retrieved from /home/airflow/.local/lib/python3.12/site-packages/airflow/example_dags/example_latest_only.py
[2026-01-14T09:28:47.144+0000] {logging_mixin.py:188} INFO - [2026-01-14T09:28:47.144+0000] {dag.py:3096} INFO - Sync 1 DAGs
[2026-01-14T09:28:47.168+0000] {logging_mixin.py:188} INFO - [2026-01-14T09:28:47.168+0000] {dag.py:3954} INFO - Setting next_dagrun for latest_only to 2026-01-14 04:00:00+00:00, run_after=2026-01-14 08:00:00+00:00
[2026-01-14T09:28:47.191+0000] {processor.py:183} INFO - Processing /home/airflow/.local/lib/python3.12/site-packages/airflow/example_dags/example_latest_only.py took 0.088 seconds
[2026-01-14T09:29:17.575+0000] {processor.py:161} INFO - Started process (PID=8340) to work on /home/airflow/.local/lib/python3.12/site-packages/airflow/example_dags/example_latest_only.py
[2026-01-14T09:29:17.576+0000] {processor.py:830} INFO - Processing file /home/airflow/.local/lib/python3.12/site-packages/airflow/example_dags/example_latest_only.py for tasks to queue
[2026-01-14T09:29:17.578+0000] {logging_mixin.py:188} INFO - [2026-01-14T09:29:17.578+0000] {dagbag.py:545} INFO - Filling up the DagBag from /home/airflow/.local/lib/python3.12/site-packages/airflow/example_dags/example_latest_only.py
[2026-01-14T09:29:17.584+0000] {processor.py:840} INFO - DAG(s) 'latest_only' retrieved from /home/airflow/.local/lib/python3.12/site-packages/airflow/example_dags/example_latest_only.py
[2026-01-14T09:29:17.608+0000] {logging_mixin.py:188} INFO - [2026-01-14T09:29:17.608+0000] {dag.py:3096} INFO - Sync 1 DAGs
[2026-01-14T09:29:17.635+0000] {logging_mixin.py:188} INFO - [2026-01-14T09:29:17.634+0000] {dag.py:3954} INFO - Setting next_dagrun for latest_only to 2026-01-14 04:00:00+00:00, run_after=2026-01-14 08:00:00+00:00
[2026-01-14T09:29:17.657+0000] {processor.py:183} INFO - Processing /home/airflow/.local/lib/python3.12/site-packages/airflow/example_dags/example_latest_only.py took 0.088 seconds
[2026-01-14T09:29:48.171+0000] {processor.py:161} INFO - Started process (PID=8601) to work on /home/airflow/.local/lib/python3.12/site-packages/airflow/example_dags/example_latest_only.py
[2026-01-14T09:29:48.172+0000] {processor.py:830} INFO - Processing file /home/airflow/.local/lib/python3.12/site-packages/airflow/example_dags/example_latest_only.py for tasks to queue
[2026-01-14T09:29:48.174+0000] {logging_mixin.py:188} INFO - [2026-01-14T09:29:48.174+0000] {dagbag.py:545} INFO - Filling up the DagBag from /home/airflow/.local/lib/python3.12/site-packages/airflow/example_dags/example_latest_only.py
[2026-01-14T09:29:48.179+0000] {processor.py:840} INFO - DAG(s) 'latest_only' retrieved from /home/airflow/.local/lib/python3.12/site-packages/airflow/example_dags/example_latest_only.py
[2026-01-14T09:29:48.203+0000] {logging_mixin.py:188} INFO - [2026-01-14T09:29:48.202+0000] {dag.py:3096} INFO - Sync 1 DAGs
[2026-01-14T09:29:48.226+0000] {logging_mixin.py:188} INFO - [2026-01-14T09:29:48.226+0000] {dag.py:3954} INFO - Setting next_dagrun for latest_only to 2026-01-14 04:00:00+00:00, run_after=2026-01-14 08:00:00+00:00
[2026-01-14T09:29:48.246+0000] {processor.py:183} INFO - Processing /home/airflow/.local/lib/python3.12/site-packages/airflow/example_dags/example_latest_only.py took 0.082 seconds
[2026-01-14T09:30:19.158+0000] {processor.py:161} INFO - Started process (PID=8862) to work on /home/airflow/.local/lib/python3.12/site-packages/airflow/example_dags/example_latest_only.py
[2026-01-14T09:30:19.160+0000] {processor.py:830} INFO - Processing file /home/airflow/.local/lib/python3.12/site-packages/airflow/example_dags/example_latest_only.py for tasks to queue
[2026-01-14T09:30:19.162+0000] {logging_mixin.py:188} INFO - [2026-01-14T09:30:19.162+0000] {dagbag.py:545} INFO - Filling up the DagBag from /home/airflow/.local/lib/python3.12/site-packages/airflow/example_dags/example_latest_only.py
[2026-01-14T09:30:19.170+0000] {processor.py:840} INFO - DAG(s) 'latest_only' retrieved from /home/airflow/.local/lib/python3.12/site-packages/airflow/example_dags/example_latest_only.py
[2026-01-14T09:30:19.209+0000] {logging_mixin.py:188} INFO - [2026-01-14T09:30:19.209+0000] {dag.py:3096} INFO - Sync 1 DAGs
[2026-01-14T09:30:19.242+0000] {logging_mixin.py:188} INFO - [2026-01-14T09:30:19.242+0000] {dag.py:3954} INFO - Setting next_dagrun for latest_only to 2026-01-14 04:00:00+00:00, run_after=2026-01-14 08:00:00+00:00
[2026-01-14T09:30:19.271+0000] {processor.py:183} INFO - Processing /home/airflow/.local/lib/python3.12/site-packages/airflow/example_dags/example_latest_only.py took 0.121 seconds
[2026-01-14T09:30:49.808+0000] {processor.py:161} INFO - Started process (PID=9123) to work on /home/airflow/.local/lib/python3.12/site-packages/airflow/example_dags/example_latest_only.py
[2026-01-14T09:30:49.809+0000] {processor.py:830} INFO - Processing file /home/airflow/.local/lib/python3.12/site-packages/airflow/example_dags/example_latest_only.py for tasks to queue
[2026-01-14T09:30:49.812+0000] {logging_mixin.py:188} INFO - [2026-01-14T09:30:49.812+0000] {dagbag.py:545} INFO - Filling up the DagBag from /home/airflow/.local/lib/python3.12/site-packages/airflow/example_dags/example_latest_only.py
[2026-01-14T09:30:49.819+0000] {processor.py:840} INFO - DAG(s) 'latest_only' retrieved from /home/airflow/.local/lib/python3.12/site-packages/airflow/example_dags/example_latest_only.py
[2026-01-14T09:30:49.851+0000] {logging_mixin.py:188} INFO - [2026-01-14T09:30:49.850+0000] {dag.py:3096} INFO - Sync 1 DAGs
[2026-01-14T09:30:49.883+0000] {logging_mixin.py:188} INFO - [2026-01-14T09:30:49.882+0000] {dag.py:3954} INFO - Setting next_dagrun for latest_only to 2026-01-14 04:00:00+00:00, run_after=2026-01-14 08:00:00+00:00
[2026-01-14T09:30:49.910+0000] {processor.py:183} INFO - Processing /home/airflow/.local/lib/python3.12/site-packages/airflow/example_dags/example_latest_only.py took 0.111 seconds
[2026-01-14T09:31:29.289+0000] {processor.py:161} INFO - Started process (PID=9378) to work on /home/airflow/.local/lib/python3.12/site-packages/airflow/example_dags/example_latest_only.py
[2026-01-14T09:31:29.290+0000] {processor.py:830} INFO - Processing file /home/airflow/.local/lib/python3.12/site-packages/airflow/example_dags/example_latest_only.py for tasks to queue
[2026-01-14T09:31:29.293+0000] {logging_mixin.py:188} INFO - [2026-01-14T09:31:29.293+0000] {dagbag.py:545} INFO - Filling up the DagBag from /home/airflow/.local/lib/python3.12/site-packages/airflow/example_dags/example_latest_only.py
[2026-01-14T09:31:29.302+0000] {processor.py:840} INFO - DAG(s) 'latest_only' retrieved from /home/airflow/.local/lib/python3.12/site-packages/airflow/example_dags/example_latest_only.py
[2026-01-14T09:31:29.339+0000] {logging_mixin.py:188} INFO - [2026-01-14T09:31:29.339+0000] {dag.py:3096} INFO - Sync 1 DAGs
[2026-01-14T09:31:29.378+0000] {logging_mixin.py:188} INFO - [2026-01-14T09:31:29.378+0000] {dag.py:3954} INFO - Setting next_dagrun for latest_only to 2026-01-14 04:00:00+00:00, run_after=2026-01-14 08:00:00+00:00
[2026-01-14T09:31:29.615+0000] {processor.py:183} INFO - Processing /home/airflow/.local/lib/python3.12/site-packages/airflow/example_dags/example_latest_only.py took 0.335 seconds
[2026-01-14T09:32:00.878+0000] {processor.py:161} INFO - Started process (PID=9641) to work on /home/airflow/.local/lib/python3.12/site-packages/airflow/example_dags/example_latest_only.py
[2026-01-14T09:32:00.879+0000] {processor.py:830} INFO - Processing file /home/airflow/.local/lib/python3.12/site-packages/airflow/example_dags/example_latest_only.py for tasks to queue
[2026-01-14T09:32:00.881+0000] {logging_mixin.py:188} INFO - [2026-01-14T09:32:00.881+0000] {dagbag.py:545} INFO - Filling up the DagBag from /home/airflow/.local/lib/python3.12/site-packages/airflow/example_dags/example_latest_only.py
[2026-01-14T09:32:00.888+0000] {processor.py:840} INFO - DAG(s) 'latest_only' retrieved from /home/airflow/.local/lib/python3.12/site-packages/airflow/example_dags/example_latest_only.py
[2026-01-14T09:32:00.919+0000] {logging_mixin.py:188} INFO - [2026-01-14T09:32:00.918+0000] {dag.py:3096} INFO - Sync 1 DAGs
[2026-01-14T09:32:00.949+0000] {logging_mixin.py:188} INFO - [2026-01-14T09:32:00.949+0000] {dag.py:3954} INFO - Setting next_dagrun for latest_only to 2026-01-14 04:00:00+00:00, run_after=2026-01-14 08:00:00+00:00
[2026-01-14T09:32:01.133+0000] {processor.py:183} INFO - Processing /home/airflow/.local/lib/python3.12/site-packages/airflow/example_dags/example_latest_only.py took 0.264 seconds
[2026-01-14T09:32:31.495+0000] {processor.py:161} INFO - Started process (PID=9900) to work on /home/airflow/.local/lib/python3.12/site-packages/airflow/example_dags/example_latest_only.py
[2026-01-14T09:32:31.497+0000] {processor.py:830} INFO - Processing file /home/airflow/.local/lib/python3.12/site-packages/airflow/example_dags/example_latest_only.py for tasks to queue
[2026-01-14T09:32:31.499+0000] {logging_mixin.py:188} INFO - [2026-01-14T09:32:31.499+0000] {dagbag.py:545} INFO - Filling up the DagBag from /home/airflow/.local/lib/python3.12/site-packages/airflow/example_dags/example_latest_only.py
[2026-01-14T09:32:31.507+0000] {processor.py:840} INFO - DAG(s) 'latest_only' retrieved from /home/airflow/.local/lib/python3.12/site-packages/airflow/example_dags/example_latest_only.py
[2026-01-14T09:32:31.543+0000] {logging_mixin.py:188} INFO - [2026-01-14T09:32:31.542+0000] {dag.py:3096} INFO - Sync 1 DAGs
[2026-01-14T09:32:31.579+0000] {logging_mixin.py:188} INFO - [2026-01-14T09:32:31.579+0000] {dag.py:3954} INFO - Setting next_dagrun for latest_only to 2026-01-14 04:00:00+00:00, run_after=2026-01-14 08:00:00+00:00
[2026-01-14T09:32:31.611+0000] {processor.py:183} INFO - Processing /home/airflow/.local/lib/python3.12/site-packages/airflow/example_dags/example_latest_only.py took 0.125 seconds
[2026-01-14T09:33:02.093+0000] {processor.py:161} INFO - Started process (PID=10161) to work on /home/airflow/.local/lib/python3.12/site-packages/airflow/example_dags/example_latest_only.py
[2026-01-14T09:33:02.094+0000] {processor.py:830} INFO - Processing file /home/airflow/.local/lib/python3.12/site-packages/airflow/example_dags/example_latest_only.py for tasks to queue
[2026-01-14T09:33:02.097+0000] {logging_mixin.py:188} INFO - [2026-01-14T09:33:02.096+0000] {dagbag.py:545} INFO - Filling up the DagBag from /home/airflow/.local/lib/python3.12/site-packages/airflow/example_dags/example_latest_only.py
[2026-01-14T09:33:02.104+0000] {processor.py:840} INFO - DAG(s) 'latest_only' retrieved from /home/airflow/.local/lib/python3.12/site-packages/airflow/example_dags/example_latest_only.py
[2026-01-14T09:33:02.137+0000] {logging_mixin.py:188} INFO - [2026-01-14T09:33:02.137+0000] {dag.py:3096} INFO - Sync 1 DAGs
[2026-01-14T09:33:02.169+0000] {logging_mixin.py:188} INFO - [2026-01-14T09:33:02.168+0000] {dag.py:3954} INFO - Setting next_dagrun for latest_only to 2026-01-14 04:00:00+00:00, run_after=2026-01-14 08:00:00+00:00
[2026-01-14T09:33:02.199+0000] {processor.py:183} INFO - Processing /home/airflow/.local/lib/python3.12/site-packages/airflow/example_dags/example_latest_only.py took 0.115 seconds
[2026-01-14T09:33:33.105+0000] {processor.py:161} INFO - Started process (PID=10422) to work on /home/airflow/.local/lib/python3.12/site-packages/airflow/example_dags/example_latest_only.py
[2026-01-14T09:33:33.107+0000] {processor.py:830} INFO - Processing file /home/airflow/.local/lib/python3.12/site-packages/airflow/example_dags/example_latest_only.py for tasks to queue
[2026-01-14T09:33:33.109+0000] {logging_mixin.py:188} INFO - [2026-01-14T09:33:33.109+0000] {dagbag.py:545} INFO - Filling up the DagBag from /home/airflow/.local/lib/python3.12/site-packages/airflow/example_dags/example_latest_only.py
[2026-01-14T09:33:33.116+0000] {processor.py:840} INFO - DAG(s) 'latest_only' retrieved from /home/airflow/.local/lib/python3.12/site-packages/airflow/example_dags/example_latest_only.py
[2026-01-14T09:33:33.149+0000] {logging_mixin.py:188} INFO - [2026-01-14T09:33:33.149+0000] {dag.py:3096} INFO - Sync 1 DAGs
[2026-01-14T09:33:33.181+0000] {logging_mixin.py:188} INFO - [2026-01-14T09:33:33.181+0000] {dag.py:3954} INFO - Setting next_dagrun for latest_only to 2026-01-14 04:00:00+00:00, run_after=2026-01-14 08:00:00+00:00
[2026-01-14T09:33:33.213+0000] {processor.py:183} INFO - Processing /home/airflow/.local/lib/python3.12/site-packages/airflow/example_dags/example_latest_only.py took 0.116 seconds
[2026-01-14T09:34:03.717+0000] {processor.py:161} INFO - Started process (PID=10683) to work on /home/airflow/.local/lib/python3.12/site-packages/airflow/example_dags/example_latest_only.py
[2026-01-14T09:34:03.718+0000] {processor.py:830} INFO - Processing file /home/airflow/.local/lib/python3.12/site-packages/airflow/example_dags/example_latest_only.py for tasks to queue
[2026-01-14T09:34:03.721+0000] {logging_mixin.py:188} INFO - [2026-01-14T09:34:03.721+0000] {dagbag.py:545} INFO - Filling up the DagBag from /home/airflow/.local/lib/python3.12/site-packages/airflow/example_dags/example_latest_only.py
[2026-01-14T09:34:03.728+0000] {processor.py:840} INFO - DAG(s) 'latest_only' retrieved from /home/airflow/.local/lib/python3.12/site-packages/airflow/example_dags/example_latest_only.py
[2026-01-14T09:34:03.766+0000] {logging_mixin.py:188} INFO - [2026-01-14T09:34:03.765+0000] {dag.py:3096} INFO - Sync 1 DAGs
[2026-01-14T09:34:03.798+0000] {logging_mixin.py:188} INFO - [2026-01-14T09:34:03.798+0000] {dag.py:3954} INFO - Setting next_dagrun for latest_only to 2026-01-14 04:00:00+00:00, run_after=2026-01-14 08:00:00+00:00
[2026-01-14T09:34:03.826+0000] {processor.py:183} INFO - Processing /home/airflow/.local/lib/python3.12/site-packages/airflow/example_dags/example_latest_only.py took 0.116 seconds
[2026-01-14T09:34:34.427+0000] {processor.py:161} INFO - Started process (PID=10944) to work on /home/airflow/.local/lib/python3.12/site-packages/airflow/example_dags/example_latest_only.py
[2026-01-14T09:34:34.429+0000] {processor.py:830} INFO - Processing file /home/airflow/.local/lib/python3.12/site-packages/airflow/example_dags/example_latest_only.py for tasks to queue
[2026-01-14T09:34:34.431+0000] {logging_mixin.py:188} INFO - [2026-01-14T09:34:34.431+0000] {dagbag.py:545} INFO - Filling up the DagBag from /home/airflow/.local/lib/python3.12/site-packages/airflow/example_dags/example_latest_only.py
[2026-01-14T09:34:34.438+0000] {processor.py:840} INFO - DAG(s) 'latest_only' retrieved from /home/airflow/.local/lib/python3.12/site-packages/airflow/example_dags/example_latest_only.py
[2026-01-14T09:34:34.472+0000] {logging_mixin.py:188} INFO - [2026-01-14T09:34:34.472+0000] {dag.py:3096} INFO - Sync 1 DAGs
[2026-01-14T09:34:34.506+0000] {logging_mixin.py:188} INFO - [2026-01-14T09:34:34.506+0000] {dag.py:3954} INFO - Setting next_dagrun for latest_only to 2026-01-14 04:00:00+00:00, run_after=2026-01-14 08:00:00+00:00
[2026-01-14T09:34:34.534+0000] {processor.py:183} INFO - Processing /home/airflow/.local/lib/python3.12/site-packages/airflow/example_dags/example_latest_only.py took 0.115 seconds
[2026-01-14T09:35:05.794+0000] {processor.py:161} INFO - Started process (PID=11205) to work on /home/airflow/.local/lib/python3.12/site-packages/airflow/example_dags/example_latest_only.py
[2026-01-14T09:35:05.795+0000] {processor.py:830} INFO - Processing file /home/airflow/.local/lib/python3.12/site-packages/airflow/example_dags/example_latest_only.py for tasks to queue
[2026-01-14T09:35:05.798+0000] {logging_mixin.py:188} INFO - [2026-01-14T09:35:05.797+0000] {dagbag.py:545} INFO - Filling up the DagBag from /home/airflow/.local/lib/python3.12/site-packages/airflow/example_dags/example_latest_only.py
[2026-01-14T09:35:05.805+0000] {processor.py:840} INFO - DAG(s) 'latest_only' retrieved from /home/airflow/.local/lib/python3.12/site-packages/airflow/example_dags/example_latest_only.py
[2026-01-14T09:35:05.840+0000] {logging_mixin.py:188} INFO - [2026-01-14T09:35:05.839+0000] {dag.py:3096} INFO - Sync 1 DAGs
[2026-01-14T09:35:05.881+0000] {logging_mixin.py:188} INFO - [2026-01-14T09:35:05.881+0000] {dag.py:3954} INFO - Setting next_dagrun for latest_only to 2026-01-14 04:00:00+00:00, run_after=2026-01-14 08:00:00+00:00
[2026-01-14T09:35:05.923+0000] {processor.py:183} INFO - Processing /home/airflow/.local/lib/python3.12/site-packages/airflow/example_dags/example_latest_only.py took 0.137 seconds
[2026-01-14T10:03:23.625+0000] {processor.py:161} INFO - Started process (PID=11466) to work on /home/airflow/.local/lib/python3.12/site-packages/airflow/example_dags/example_latest_only.py
[2026-01-14T10:03:23.627+0000] {processor.py:830} INFO - Processing file /home/airflow/.local/lib/python3.12/site-packages/airflow/example_dags/example_latest_only.py for tasks to queue
[2026-01-14T10:03:23.630+0000] {logging_mixin.py:188} INFO - [2026-01-14T10:03:23.629+0000] {dagbag.py:545} INFO - Filling up the DagBag from /home/airflow/.local/lib/python3.12/site-packages/airflow/example_dags/example_latest_only.py
[2026-01-14T10:03:23.638+0000] {processor.py:840} INFO - DAG(s) 'latest_only' retrieved from /home/airflow/.local/lib/python3.12/site-packages/airflow/example_dags/example_latest_only.py
[2026-01-14T10:03:23.670+0000] {logging_mixin.py:188} INFO - [2026-01-14T10:03:23.670+0000] {dag.py:3096} INFO - Sync 1 DAGs
[2026-01-14T10:03:23.703+0000] {logging_mixin.py:188} INFO - [2026-01-14T10:03:23.703+0000] {dag.py:3954} INFO - Setting next_dagrun for latest_only to 2026-01-14 04:00:00+00:00, run_after=2026-01-14 08:00:00+00:00
[2026-01-14T10:03:23.733+0000] {processor.py:183} INFO - Processing /home/airflow/.local/lib/python3.12/site-packages/airflow/example_dags/example_latest_only.py took 0.116 seconds
[2026-01-14T10:03:54.177+0000] {processor.py:161} INFO - Started process (PID=11729) to work on /home/airflow/.local/lib/python3.12/site-packages/airflow/example_dags/example_latest_only.py
[2026-01-14T10:03:54.179+0000] {processor.py:830} INFO - Processing file /home/airflow/.local/lib/python3.12/site-packages/airflow/example_dags/example_latest_only.py for tasks to queue
[2026-01-14T10:03:54.182+0000] {logging_mixin.py:188} INFO - [2026-01-14T10:03:54.181+0000] {dagbag.py:545} INFO - Filling up the DagBag from /home/airflow/.local/lib/python3.12/site-packages/airflow/example_dags/example_latest_only.py
[2026-01-14T10:03:54.189+0000] {processor.py:840} INFO - DAG(s) 'latest_only' retrieved from /home/airflow/.local/lib/python3.12/site-packages/airflow/example_dags/example_latest_only.py
[2026-01-14T10:03:54.221+0000] {logging_mixin.py:188} INFO - [2026-01-14T10:03:54.221+0000] {dag.py:3096} INFO - Sync 1 DAGs
[2026-01-14T10:03:54.252+0000] {logging_mixin.py:188} INFO - [2026-01-14T10:03:54.251+0000] {dag.py:3954} INFO - Setting next_dagrun for latest_only to 2026-01-14 04:00:00+00:00, run_after=2026-01-14 08:00:00+00:00
[2026-01-14T10:03:54.280+0000] {processor.py:183} INFO - Processing /home/airflow/.local/lib/python3.12/site-packages/airflow/example_dags/example_latest_only.py took 0.111 seconds
[2026-01-14T10:04:24.695+0000] {processor.py:161} INFO - Started process (PID=11988) to work on /home/airflow/.local/lib/python3.12/site-packages/airflow/example_dags/example_latest_only.py
[2026-01-14T10:04:24.697+0000] {processor.py:830} INFO - Processing file /home/airflow/.local/lib/python3.12/site-packages/airflow/example_dags/example_latest_only.py for tasks to queue
[2026-01-14T10:04:24.699+0000] {logging_mixin.py:188} INFO - [2026-01-14T10:04:24.699+0000] {dagbag.py:545} INFO - Filling up the DagBag from /home/airflow/.local/lib/python3.12/site-packages/airflow/example_dags/example_latest_only.py
[2026-01-14T10:04:24.706+0000] {processor.py:840} INFO - DAG(s) 'latest_only' retrieved from /home/airflow/.local/lib/python3.12/site-packages/airflow/example_dags/example_latest_only.py
[2026-01-14T10:04:24.737+0000] {logging_mixin.py:188} INFO - [2026-01-14T10:04:24.737+0000] {dag.py:3096} INFO - Sync 1 DAGs
[2026-01-14T10:04:24.773+0000] {logging_mixin.py:188} INFO - [2026-01-14T10:04:24.773+0000] {dag.py:3954} INFO - Setting next_dagrun for latest_only to 2026-01-14 04:00:00+00:00, run_after=2026-01-14 08:00:00+00:00
[2026-01-14T10:04:24.802+0000] {processor.py:183} INFO - Processing /home/airflow/.local/lib/python3.12/site-packages/airflow/example_dags/example_latest_only.py took 0.115 seconds
[2026-01-14T10:04:55.408+0000] {processor.py:161} INFO - Started process (PID=12249) to work on /home/airflow/.local/lib/python3.12/site-packages/airflow/example_dags/example_latest_only.py
[2026-01-14T10:04:55.409+0000] {processor.py:830} INFO - Processing file /home/airflow/.local/lib/python3.12/site-packages/airflow/example_dags/example_latest_only.py for tasks to queue
[2026-01-14T10:04:55.411+0000] {logging_mixin.py:188} INFO - [2026-01-14T10:04:55.411+0000] {dagbag.py:545} INFO - Filling up the DagBag from /home/airflow/.local/lib/python3.12/site-packages/airflow/example_dags/example_latest_only.py
[2026-01-14T10:04:55.418+0000] {processor.py:840} INFO - DAG(s) 'latest_only' retrieved from /home/airflow/.local/lib/python3.12/site-packages/airflow/example_dags/example_latest_only.py
[2026-01-14T10:04:55.452+0000] {logging_mixin.py:188} INFO - [2026-01-14T10:04:55.451+0000] {dag.py:3096} INFO - Sync 1 DAGs
[2026-01-14T10:04:55.487+0000] {logging_mixin.py:188} INFO - [2026-01-14T10:04:55.486+0000] {dag.py:3954} INFO - Setting next_dagrun for latest_only to 2026-01-14 04:00:00+00:00, run_after=2026-01-14 08:00:00+00:00
[2026-01-14T10:04:55.516+0000] {processor.py:183} INFO - Processing /home/airflow/.local/lib/python3.12/site-packages/airflow/example_dags/example_latest_only.py took 0.116 seconds
[2026-01-14T10:05:26.100+0000] {processor.py:161} INFO - Started process (PID=12510) to work on /home/airflow/.local/lib/python3.12/site-packages/airflow/example_dags/example_latest_only.py
[2026-01-14T10:05:26.102+0000] {processor.py:830} INFO - Processing file /home/airflow/.local/lib/python3.12/site-packages/airflow/example_dags/example_latest_only.py for tasks to queue
[2026-01-14T10:05:26.104+0000] {logging_mixin.py:188} INFO - [2026-01-14T10:05:26.104+0000] {dagbag.py:545} INFO - Filling up the DagBag from /home/airflow/.local/lib/python3.12/site-packages/airflow/example_dags/example_latest_only.py
[2026-01-14T10:05:26.111+0000] {processor.py:840} INFO - DAG(s) 'latest_only' retrieved from /home/airflow/.local/lib/python3.12/site-packages/airflow/example_dags/example_latest_only.py
[2026-01-14T10:05:26.152+0000] {logging_mixin.py:188} INFO - [2026-01-14T10:05:26.152+0000] {dag.py:3096} INFO - Sync 1 DAGs
[2026-01-14T10:05:26.190+0000] {logging_mixin.py:188} INFO - [2026-01-14T10:05:26.189+0000] {dag.py:3954} INFO - Setting next_dagrun for latest_only to 2026-01-14 04:00:00+00:00, run_after=2026-01-14 08:00:00+00:00
[2026-01-14T10:05:26.220+0000] {processor.py:183} INFO - Processing /home/airflow/.local/lib/python3.12/site-packages/airflow/example_dags/example_latest_only.py took 0.127 seconds
[2026-01-14T10:05:56.704+0000] {processor.py:161} INFO - Started process (PID=12771) to work on /home/airflow/.local/lib/python3.12/site-packages/airflow/example_dags/example_latest_only.py
[2026-01-14T10:05:56.705+0000] {processor.py:830} INFO - Processing file /home/airflow/.local/lib/python3.12/site-packages/airflow/example_dags/example_latest_only.py for tasks to queue
[2026-01-14T10:05:56.707+0000] {logging_mixin.py:188} INFO - [2026-01-14T10:05:56.707+0000] {dagbag.py:545} INFO - Filling up the DagBag from /home/airflow/.local/lib/python3.12/site-packages/airflow/example_dags/example_latest_only.py
[2026-01-14T10:05:56.714+0000] {processor.py:840} INFO - DAG(s) 'latest_only' retrieved from /home/airflow/.local/lib/python3.12/site-packages/airflow/example_dags/example_latest_only.py
[2026-01-14T10:05:56.744+0000] {logging_mixin.py:188} INFO - [2026-01-14T10:05:56.744+0000] {dag.py:3096} INFO - Sync 1 DAGs
[2026-01-14T10:05:56.779+0000] {logging_mixin.py:188} INFO - [2026-01-14T10:05:56.778+0000] {dag.py:3954} INFO - Setting next_dagrun for latest_only to 2026-01-14 04:00:00+00:00, run_after=2026-01-14 08:00:00+00:00
[2026-01-14T10:05:56.809+0000] {processor.py:183} INFO - Processing /home/airflow/.local/lib/python3.12/site-packages/airflow/example_dags/example_latest_only.py took 0.114 seconds
[2026-01-14T10:06:27.257+0000] {processor.py:161} INFO - Started process (PID=13034) to work on /home/airflow/.local/lib/python3.12/site-packages/airflow/example_dags/example_latest_only.py
[2026-01-14T10:06:27.258+0000] {processor.py:830} INFO - Processing file /home/airflow/.local/lib/python3.12/site-packages/airflow/example_dags/example_latest_only.py for tasks to queue
[2026-01-14T10:06:27.261+0000] {logging_mixin.py:188} INFO - [2026-01-14T10:06:27.260+0000] {dagbag.py:545} INFO - Filling up the DagBag from /home/airflow/.local/lib/python3.12/site-packages/airflow/example_dags/example_latest_only.py
[2026-01-14T10:06:27.267+0000] {processor.py:840} INFO - DAG(s) 'latest_only' retrieved from /home/airflow/.local/lib/python3.12/site-packages/airflow/example_dags/example_latest_only.py
[2026-01-14T10:06:27.299+0000] {logging_mixin.py:188} INFO - [2026-01-14T10:06:27.298+0000] {dag.py:3096} INFO - Sync 1 DAGs
[2026-01-14T10:06:27.331+0000] {logging_mixin.py:188} INFO - [2026-01-14T10:06:27.330+0000] {dag.py:3954} INFO - Setting next_dagrun for latest_only to 2026-01-14 04:00:00+00:00, run_after=2026-01-14 08:00:00+00:00
[2026-01-14T10:06:27.363+0000] {processor.py:183} INFO - Processing /home/airflow/.local/lib/python3.12/site-packages/airflow/example_dags/example_latest_only.py took 0.114 seconds
[2026-01-14T10:06:57.953+0000] {processor.py:161} INFO - Started process (PID=13293) to work on /home/airflow/.local/lib/python3.12/site-packages/airflow/example_dags/example_latest_only.py
[2026-01-14T10:06:57.954+0000] {processor.py:830} INFO - Processing file /home/airflow/.local/lib/python3.12/site-packages/airflow/example_dags/example_latest_only.py for tasks to queue
[2026-01-14T10:06:57.958+0000] {logging_mixin.py:188} INFO - [2026-01-14T10:06:57.957+0000] {dagbag.py:545} INFO - Filling up the DagBag from /home/airflow/.local/lib/python3.12/site-packages/airflow/example_dags/example_latest_only.py
[2026-01-14T10:06:57.966+0000] {processor.py:840} INFO - DAG(s) 'latest_only' retrieved from /home/airflow/.local/lib/python3.12/site-packages/airflow/example_dags/example_latest_only.py
[2026-01-14T10:06:58.000+0000] {logging_mixin.py:188} INFO - [2026-01-14T10:06:57.999+0000] {dag.py:3096} INFO - Sync 1 DAGs
[2026-01-14T10:06:58.035+0000] {logging_mixin.py:188} INFO - [2026-01-14T10:06:58.035+0000] {dag.py:3954} INFO - Setting next_dagrun for latest_only to 2026-01-14 04:00:00+00:00, run_after=2026-01-14 08:00:00+00:00
[2026-01-14T10:06:58.065+0000] {processor.py:183} INFO - Processing /home/airflow/.local/lib/python3.12/site-packages/airflow/example_dags/example_latest_only.py took 0.121 seconds
[2026-01-14T10:07:28.461+0000] {processor.py:161} INFO - Started process (PID=13554) to work on /home/airflow/.local/lib/python3.12/site-packages/airflow/example_dags/example_latest_only.py
[2026-01-14T10:07:28.462+0000] {processor.py:830} INFO - Processing file /home/airflow/.local/lib/python3.12/site-packages/airflow/example_dags/example_latest_only.py for tasks to queue
[2026-01-14T10:07:28.465+0000] {logging_mixin.py:188} INFO - [2026-01-14T10:07:28.464+0000] {dagbag.py:545} INFO - Filling up the DagBag from /home/airflow/.local/lib/python3.12/site-packages/airflow/example_dags/example_latest_only.py
[2026-01-14T10:07:28.472+0000] {processor.py:840} INFO - DAG(s) 'latest_only' retrieved from /home/airflow/.local/lib/python3.12/site-packages/airflow/example_dags/example_latest_only.py
[2026-01-14T10:07:28.504+0000] {logging_mixin.py:188} INFO - [2026-01-14T10:07:28.503+0000] {dag.py:3096} INFO - Sync 1 DAGs
[2026-01-14T10:07:28.538+0000] {logging_mixin.py:188} INFO - [2026-01-14T10:07:28.537+0000] {dag.py:3954} INFO - Setting next_dagrun for latest_only to 2026-01-14 04:00:00+00:00, run_after=2026-01-14 08:00:00+00:00
[2026-01-14T10:07:28.565+0000] {processor.py:183} INFO - Processing /home/airflow/.local/lib/python3.12/site-packages/airflow/example_dags/example_latest_only.py took 0.112 seconds
[2026-01-14T10:07:58.790+0000] {processor.py:161} INFO - Started process (PID=13815) to work on /home/airflow/.local/lib/python3.12/site-packages/airflow/example_dags/example_latest_only.py
[2026-01-14T10:07:58.792+0000] {processor.py:830} INFO - Processing file /home/airflow/.local/lib/python3.12/site-packages/airflow/example_dags/example_latest_only.py for tasks to queue
[2026-01-14T10:07:58.794+0000] {logging_mixin.py:188} INFO - [2026-01-14T10:07:58.794+0000] {dagbag.py:545} INFO - Filling up the DagBag from /home/airflow/.local/lib/python3.12/site-packages/airflow/example_dags/example_latest_only.py
[2026-01-14T10:07:58.801+0000] {processor.py:840} INFO - DAG(s) 'latest_only' retrieved from /home/airflow/.local/lib/python3.12/site-packages/airflow/example_dags/example_latest_only.py
[2026-01-14T10:07:58.835+0000] {logging_mixin.py:188} INFO - [2026-01-14T10:07:58.834+0000] {dag.py:3096} INFO - Sync 1 DAGs
[2026-01-14T10:07:58.868+0000] {logging_mixin.py:188} INFO - [2026-01-14T10:07:58.868+0000] {dag.py:3954} INFO - Setting next_dagrun for latest_only to 2026-01-14 04:00:00+00:00, run_after=2026-01-14 08:00:00+00:00
[2026-01-14T10:07:58.895+0000] {processor.py:183} INFO - Processing /home/airflow/.local/lib/python3.12/site-packages/airflow/example_dags/example_latest_only.py took 0.112 seconds
[2026-01-14T10:08:29.564+0000] {processor.py:161} INFO - Started process (PID=14076) to work on /home/airflow/.local/lib/python3.12/site-packages/airflow/example_dags/example_latest_only.py
[2026-01-14T10:08:29.566+0000] {processor.py:830} INFO - Processing file /home/airflow/.local/lib/python3.12/site-packages/airflow/example_dags/example_latest_only.py for tasks to queue
[2026-01-14T10:08:29.568+0000] {logging_mixin.py:188} INFO - [2026-01-14T10:08:29.568+0000] {dagbag.py:545} INFO - Filling up the DagBag from /home/airflow/.local/lib/python3.12/site-packages/airflow/example_dags/example_latest_only.py
[2026-01-14T10:08:29.575+0000] {processor.py:840} INFO - DAG(s) 'latest_only' retrieved from /home/airflow/.local/lib/python3.12/site-packages/airflow/example_dags/example_latest_only.py
[2026-01-14T10:08:29.607+0000] {logging_mixin.py:188} INFO - [2026-01-14T10:08:29.607+0000] {dag.py:3096} INFO - Sync 1 DAGs
[2026-01-14T10:08:29.638+0000] {logging_mixin.py:188} INFO - [2026-01-14T10:08:29.638+0000] {dag.py:3954} INFO - Setting next_dagrun for latest_only to 2026-01-14 04:00:00+00:00, run_after=2026-01-14 08:00:00+00:00
[2026-01-14T10:08:29.666+0000] {processor.py:183} INFO - Processing /home/airflow/.local/lib/python3.12/site-packages/airflow/example_dags/example_latest_only.py took 0.112 seconds
[2026-01-14T10:09:00.072+0000] {processor.py:161} INFO - Started process (PID=14337) to work on /home/airflow/.local/lib/python3.12/site-packages/airflow/example_dags/example_latest_only.py
[2026-01-14T10:09:00.073+0000] {processor.py:830} INFO - Processing file /home/airflow/.local/lib/python3.12/site-packages/airflow/example_dags/example_latest_only.py for tasks to queue
[2026-01-14T10:09:00.076+0000] {logging_mixin.py:188} INFO - [2026-01-14T10:09:00.076+0000] {dagbag.py:545} INFO - Filling up the DagBag from /home/airflow/.local/lib/python3.12/site-packages/airflow/example_dags/example_latest_only.py
[2026-01-14T10:09:00.082+0000] {processor.py:840} INFO - DAG(s) 'latest_only' retrieved from /home/airflow/.local/lib/python3.12/site-packages/airflow/example_dags/example_latest_only.py
[2026-01-14T10:09:00.113+0000] {logging_mixin.py:188} INFO - [2026-01-14T10:09:00.112+0000] {dag.py:3096} INFO - Sync 1 DAGs
[2026-01-14T10:09:00.145+0000] {logging_mixin.py:188} INFO - [2026-01-14T10:09:00.144+0000] {dag.py:3954} INFO - Setting next_dagrun for latest_only to 2026-01-14 04:00:00+00:00, run_after=2026-01-14 08:00:00+00:00
[2026-01-14T10:09:00.172+0000] {processor.py:183} INFO - Processing /home/airflow/.local/lib/python3.12/site-packages/airflow/example_dags/example_latest_only.py took 0.107 seconds
[2026-01-14T10:09:30.419+0000] {processor.py:161} INFO - Started process (PID=14598) to work on /home/airflow/.local/lib/python3.12/site-packages/airflow/example_dags/example_latest_only.py
[2026-01-14T10:09:30.421+0000] {processor.py:830} INFO - Processing file /home/airflow/.local/lib/python3.12/site-packages/airflow/example_dags/example_latest_only.py for tasks to queue
[2026-01-14T10:09:30.424+0000] {logging_mixin.py:188} INFO - [2026-01-14T10:09:30.423+0000] {dagbag.py:545} INFO - Filling up the DagBag from /home/airflow/.local/lib/python3.12/site-packages/airflow/example_dags/example_latest_only.py
[2026-01-14T10:09:30.431+0000] {processor.py:840} INFO - DAG(s) 'latest_only' retrieved from /home/airflow/.local/lib/python3.12/site-packages/airflow/example_dags/example_latest_only.py
[2026-01-14T10:09:30.462+0000] {logging_mixin.py:188} INFO - [2026-01-14T10:09:30.461+0000] {dag.py:3096} INFO - Sync 1 DAGs
[2026-01-14T10:09:30.498+0000] {logging_mixin.py:188} INFO - [2026-01-14T10:09:30.497+0000] {dag.py:3954} INFO - Setting next_dagrun for latest_only to 2026-01-14 04:00:00+00:00, run_after=2026-01-14 08:00:00+00:00
[2026-01-14T10:09:30.525+0000] {processor.py:183} INFO - Processing /home/airflow/.local/lib/python3.12/site-packages/airflow/example_dags/example_latest_only.py took 0.115 seconds
[2026-01-14T10:10:01.001+0000] {processor.py:161} INFO - Started process (PID=14859) to work on /home/airflow/.local/lib/python3.12/site-packages/airflow/example_dags/example_latest_only.py
[2026-01-14T10:10:01.002+0000] {processor.py:830} INFO - Processing file /home/airflow/.local/lib/python3.12/site-packages/airflow/example_dags/example_latest_only.py for tasks to queue
[2026-01-14T10:10:01.005+0000] {logging_mixin.py:188} INFO - [2026-01-14T10:10:01.004+0000] {dagbag.py:545} INFO - Filling up the DagBag from /home/airflow/.local/lib/python3.12/site-packages/airflow/example_dags/example_latest_only.py
[2026-01-14T10:10:01.013+0000] {processor.py:840} INFO - DAG(s) 'latest_only' retrieved from /home/airflow/.local/lib/python3.12/site-packages/airflow/example_dags/example_latest_only.py
[2026-01-14T10:10:01.050+0000] {logging_mixin.py:188} INFO - [2026-01-14T10:10:01.049+0000] {dag.py:3096} INFO - Sync 1 DAGs
[2026-01-14T10:10:01.089+0000] {logging_mixin.py:188} INFO - [2026-01-14T10:10:01.089+0000] {dag.py:3954} INFO - Setting next_dagrun for latest_only to 2026-01-14 04:00:00+00:00, run_after=2026-01-14 08:00:00+00:00
[2026-01-14T10:10:01.118+0000] {processor.py:183} INFO - Processing /home/airflow/.local/lib/python3.12/site-packages/airflow/example_dags/example_latest_only.py took 0.126 seconds
[2026-01-14T10:29:58.803+0000] {processor.py:161} INFO - Started process (PID=15122) to work on /home/airflow/.local/lib/python3.12/site-packages/airflow/example_dags/example_latest_only.py
[2026-01-14T10:29:58.807+0000] {processor.py:830} INFO - Processing file /home/airflow/.local/lib/python3.12/site-packages/airflow/example_dags/example_latest_only.py for tasks to queue
[2026-01-14T10:29:58.810+0000] {logging_mixin.py:188} INFO - [2026-01-14T10:29:58.809+0000] {dagbag.py:545} INFO - Filling up the DagBag from /home/airflow/.local/lib/python3.12/site-packages/airflow/example_dags/example_latest_only.py
[2026-01-14T10:29:58.827+0000] {processor.py:840} INFO - DAG(s) 'latest_only' retrieved from /home/airflow/.local/lib/python3.12/site-packages/airflow/example_dags/example_latest_only.py
[2026-01-14T10:29:58.913+0000] {logging_mixin.py:188} INFO - [2026-01-14T10:29:58.911+0000] {dag.py:3096} INFO - Sync 1 DAGs
[2026-01-14T10:29:59.024+0000] {logging_mixin.py:188} INFO - [2026-01-14T10:29:59.023+0000] {dag.py:3954} INFO - Setting next_dagrun for latest_only to 2026-01-14 04:00:00+00:00, run_after=2026-01-14 08:00:00+00:00
[2026-01-14T10:29:59.097+0000] {processor.py:183} INFO - Processing /home/airflow/.local/lib/python3.12/site-packages/airflow/example_dags/example_latest_only.py took 0.316 seconds
