[2026-01-14T07:54:47.720+0000] {processor.py:161} INFO - Started process (PID=196) to work on /home/airflow/.local/lib/python3.12/site-packages/airflow/example_dags/example_params_trigger_ui.py
[2026-01-14T07:54:47.722+0000] {processor.py:830} INFO - Processing file /home/airflow/.local/lib/python3.12/site-packages/airflow/example_dags/example_params_trigger_ui.py for tasks to queue
[2026-01-14T07:54:47.728+0000] {logging_mixin.py:188} INFO - [2026-01-14T07:54:47.726+0000] {dagbag.py:545} INFO - Filling up the DagBag from /home/airflow/.local/lib/python3.12/site-packages/airflow/example_dags/example_params_trigger_ui.py
[2026-01-14T07:54:47.760+0000] {processor.py:840} INFO - DAG(s) 'example_params_trigger_ui' retrieved from /home/airflow/.local/lib/python3.12/site-packages/airflow/example_dags/example_params_trigger_ui.py
[2026-01-14T07:54:47.947+0000] {logging_mixin.py:188} INFO - [2026-01-14T07:54:47.947+0000] {dag.py:3096} INFO - Sync 1 DAGs
[2026-01-14T07:54:47.998+0000] {logging_mixin.py:188} INFO - [2026-01-14T07:54:47.997+0000] {dag.py:3954} INFO - Setting next_dagrun for example_params_trigger_ui to None, run_after=None
[2026-01-14T07:54:48.138+0000] {processor.py:183} INFO - Processing /home/airflow/.local/lib/python3.12/site-packages/airflow/example_dags/example_params_trigger_ui.py took 0.453 seconds
[2026-01-14T07:55:19.023+0000] {processor.py:161} INFO - Started process (PID=526) to work on /home/airflow/.local/lib/python3.12/site-packages/airflow/example_dags/example_params_trigger_ui.py
[2026-01-14T07:55:19.025+0000] {processor.py:830} INFO - Processing file /home/airflow/.local/lib/python3.12/site-packages/airflow/example_dags/example_params_trigger_ui.py for tasks to queue
[2026-01-14T07:55:19.028+0000] {logging_mixin.py:188} INFO - [2026-01-14T07:55:19.027+0000] {dagbag.py:545} INFO - Filling up the DagBag from /home/airflow/.local/lib/python3.12/site-packages/airflow/example_dags/example_params_trigger_ui.py
[2026-01-14T07:55:19.053+0000] {processor.py:840} INFO - DAG(s) 'example_params_trigger_ui' retrieved from /home/airflow/.local/lib/python3.12/site-packages/airflow/example_dags/example_params_trigger_ui.py
[2026-01-14T07:55:19.133+0000] {logging_mixin.py:188} INFO - [2026-01-14T07:55:19.132+0000] {dag.py:3096} INFO - Sync 1 DAGs
[2026-01-14T07:55:19.154+0000] {logging_mixin.py:188} INFO - [2026-01-14T07:55:19.153+0000] {dag.py:3954} INFO - Setting next_dagrun for example_params_trigger_ui to None, run_after=None
[2026-01-14T07:55:19.186+0000] {processor.py:183} INFO - Processing /home/airflow/.local/lib/python3.12/site-packages/airflow/example_dags/example_params_trigger_ui.py took 0.173 seconds
[2026-01-14T07:55:49.432+0000] {processor.py:161} INFO - Started process (PID=791) to work on /home/airflow/.local/lib/python3.12/site-packages/airflow/example_dags/example_params_trigger_ui.py
[2026-01-14T07:55:49.433+0000] {processor.py:830} INFO - Processing file /home/airflow/.local/lib/python3.12/site-packages/airflow/example_dags/example_params_trigger_ui.py for tasks to queue
[2026-01-14T07:55:49.435+0000] {logging_mixin.py:188} INFO - [2026-01-14T07:55:49.435+0000] {dagbag.py:545} INFO - Filling up the DagBag from /home/airflow/.local/lib/python3.12/site-packages/airflow/example_dags/example_params_trigger_ui.py
[2026-01-14T07:55:49.455+0000] {processor.py:840} INFO - DAG(s) 'example_params_trigger_ui' retrieved from /home/airflow/.local/lib/python3.12/site-packages/airflow/example_dags/example_params_trigger_ui.py
[2026-01-14T07:55:49.538+0000] {logging_mixin.py:188} INFO - [2026-01-14T07:55:49.537+0000] {dag.py:3096} INFO - Sync 1 DAGs
[2026-01-14T07:55:49.564+0000] {logging_mixin.py:188} INFO - [2026-01-14T07:55:49.563+0000] {dag.py:3954} INFO - Setting next_dagrun for example_params_trigger_ui to None, run_after=None
[2026-01-14T07:55:49.596+0000] {processor.py:183} INFO - Processing /home/airflow/.local/lib/python3.12/site-packages/airflow/example_dags/example_params_trigger_ui.py took 0.171 seconds
[2026-01-14T07:56:20.060+0000] {processor.py:161} INFO - Started process (PID=1077) to work on /home/airflow/.local/lib/python3.12/site-packages/airflow/example_dags/example_params_trigger_ui.py
[2026-01-14T07:56:20.062+0000] {processor.py:830} INFO - Processing file /home/airflow/.local/lib/python3.12/site-packages/airflow/example_dags/example_params_trigger_ui.py for tasks to queue
[2026-01-14T07:56:20.065+0000] {logging_mixin.py:188} INFO - [2026-01-14T07:56:20.064+0000] {dagbag.py:545} INFO - Filling up the DagBag from /home/airflow/.local/lib/python3.12/site-packages/airflow/example_dags/example_params_trigger_ui.py
[2026-01-14T07:56:20.084+0000] {processor.py:840} INFO - DAG(s) 'example_params_trigger_ui' retrieved from /home/airflow/.local/lib/python3.12/site-packages/airflow/example_dags/example_params_trigger_ui.py
[2026-01-14T07:56:20.160+0000] {logging_mixin.py:188} INFO - [2026-01-14T07:56:20.160+0000] {dag.py:3096} INFO - Sync 1 DAGs
[2026-01-14T07:56:20.182+0000] {logging_mixin.py:188} INFO - [2026-01-14T07:56:20.181+0000] {dag.py:3954} INFO - Setting next_dagrun for example_params_trigger_ui to None, run_after=None
[2026-01-14T07:56:20.214+0000] {processor.py:183} INFO - Processing /home/airflow/.local/lib/python3.12/site-packages/airflow/example_dags/example_params_trigger_ui.py took 0.163 seconds
[2026-01-14T07:56:50.871+0000] {processor.py:161} INFO - Started process (PID=1338) to work on /home/airflow/.local/lib/python3.12/site-packages/airflow/example_dags/example_params_trigger_ui.py
[2026-01-14T07:56:50.873+0000] {processor.py:830} INFO - Processing file /home/airflow/.local/lib/python3.12/site-packages/airflow/example_dags/example_params_trigger_ui.py for tasks to queue
[2026-01-14T07:56:50.877+0000] {logging_mixin.py:188} INFO - [2026-01-14T07:56:50.877+0000] {dagbag.py:545} INFO - Filling up the DagBag from /home/airflow/.local/lib/python3.12/site-packages/airflow/example_dags/example_params_trigger_ui.py
[2026-01-14T07:56:50.905+0000] {processor.py:840} INFO - DAG(s) 'example_params_trigger_ui' retrieved from /home/airflow/.local/lib/python3.12/site-packages/airflow/example_dags/example_params_trigger_ui.py
[2026-01-14T07:56:50.995+0000] {logging_mixin.py:188} INFO - [2026-01-14T07:56:50.995+0000] {dag.py:3096} INFO - Sync 1 DAGs
[2026-01-14T07:56:51.026+0000] {logging_mixin.py:188} INFO - [2026-01-14T07:56:51.025+0000] {dag.py:3954} INFO - Setting next_dagrun for example_params_trigger_ui to None, run_after=None
[2026-01-14T07:56:51.074+0000] {processor.py:183} INFO - Processing /home/airflow/.local/lib/python3.12/site-packages/airflow/example_dags/example_params_trigger_ui.py took 0.214 seconds
[2026-01-14T07:57:21.712+0000] {processor.py:161} INFO - Started process (PID=1644) to work on /home/airflow/.local/lib/python3.12/site-packages/airflow/example_dags/example_params_trigger_ui.py
[2026-01-14T07:57:21.713+0000] {processor.py:830} INFO - Processing file /home/airflow/.local/lib/python3.12/site-packages/airflow/example_dags/example_params_trigger_ui.py for tasks to queue
[2026-01-14T07:57:21.716+0000] {logging_mixin.py:188} INFO - [2026-01-14T07:57:21.715+0000] {dagbag.py:545} INFO - Filling up the DagBag from /home/airflow/.local/lib/python3.12/site-packages/airflow/example_dags/example_params_trigger_ui.py
[2026-01-14T07:57:21.740+0000] {processor.py:840} INFO - DAG(s) 'example_params_trigger_ui' retrieved from /home/airflow/.local/lib/python3.12/site-packages/airflow/example_dags/example_params_trigger_ui.py
[2026-01-14T07:57:21.829+0000] {logging_mixin.py:188} INFO - [2026-01-14T07:57:21.828+0000] {dag.py:3096} INFO - Sync 1 DAGs
[2026-01-14T07:57:21.855+0000] {logging_mixin.py:188} INFO - [2026-01-14T07:57:21.855+0000] {dag.py:3954} INFO - Setting next_dagrun for example_params_trigger_ui to None, run_after=None
[2026-01-14T07:57:21.891+0000] {processor.py:183} INFO - Processing /home/airflow/.local/lib/python3.12/site-packages/airflow/example_dags/example_params_trigger_ui.py took 0.188 seconds
[2026-01-14T07:58:44.954+0000] {processor.py:161} INFO - Started process (PID=182) to work on /home/airflow/.local/lib/python3.12/site-packages/airflow/example_dags/example_params_trigger_ui.py
[2026-01-14T07:58:44.955+0000] {processor.py:830} INFO - Processing file /home/airflow/.local/lib/python3.12/site-packages/airflow/example_dags/example_params_trigger_ui.py for tasks to queue
[2026-01-14T07:58:44.958+0000] {logging_mixin.py:188} INFO - [2026-01-14T07:58:44.957+0000] {dagbag.py:545} INFO - Filling up the DagBag from /home/airflow/.local/lib/python3.12/site-packages/airflow/example_dags/example_params_trigger_ui.py
[2026-01-14T07:58:44.985+0000] {processor.py:840} INFO - DAG(s) 'example_params_trigger_ui' retrieved from /home/airflow/.local/lib/python3.12/site-packages/airflow/example_dags/example_params_trigger_ui.py
[2026-01-14T07:58:45.078+0000] {logging_mixin.py:188} INFO - [2026-01-14T07:58:45.078+0000] {dag.py:3096} INFO - Sync 1 DAGs
[2026-01-14T07:58:45.099+0000] {logging_mixin.py:188} INFO - [2026-01-14T07:58:45.098+0000] {dag.py:3954} INFO - Setting next_dagrun for example_params_trigger_ui to None, run_after=None
[2026-01-14T07:58:45.124+0000] {processor.py:183} INFO - Processing /home/airflow/.local/lib/python3.12/site-packages/airflow/example_dags/example_params_trigger_ui.py took 0.177 seconds
[2026-01-14T07:59:15.315+0000] {processor.py:161} INFO - Started process (PID=447) to work on /home/airflow/.local/lib/python3.12/site-packages/airflow/example_dags/example_params_trigger_ui.py
[2026-01-14T07:59:15.317+0000] {processor.py:830} INFO - Processing file /home/airflow/.local/lib/python3.12/site-packages/airflow/example_dags/example_params_trigger_ui.py for tasks to queue
[2026-01-14T07:59:15.320+0000] {logging_mixin.py:188} INFO - [2026-01-14T07:59:15.319+0000] {dagbag.py:545} INFO - Filling up the DagBag from /home/airflow/.local/lib/python3.12/site-packages/airflow/example_dags/example_params_trigger_ui.py
[2026-01-14T07:59:15.339+0000] {processor.py:840} INFO - DAG(s) 'example_params_trigger_ui' retrieved from /home/airflow/.local/lib/python3.12/site-packages/airflow/example_dags/example_params_trigger_ui.py
[2026-01-14T07:59:15.422+0000] {logging_mixin.py:188} INFO - [2026-01-14T07:59:15.421+0000] {dag.py:3096} INFO - Sync 1 DAGs
[2026-01-14T07:59:15.442+0000] {logging_mixin.py:188} INFO - [2026-01-14T07:59:15.441+0000] {dag.py:3954} INFO - Setting next_dagrun for example_params_trigger_ui to None, run_after=None
[2026-01-14T07:59:15.475+0000] {processor.py:183} INFO - Processing /home/airflow/.local/lib/python3.12/site-packages/airflow/example_dags/example_params_trigger_ui.py took 0.169 seconds
[2026-01-14T07:59:45.571+0000] {processor.py:161} INFO - Started process (PID=772) to work on /home/airflow/.local/lib/python3.12/site-packages/airflow/example_dags/example_params_trigger_ui.py
[2026-01-14T07:59:45.573+0000] {processor.py:830} INFO - Processing file /home/airflow/.local/lib/python3.12/site-packages/airflow/example_dags/example_params_trigger_ui.py for tasks to queue
[2026-01-14T07:59:45.576+0000] {logging_mixin.py:188} INFO - [2026-01-14T07:59:45.575+0000] {dagbag.py:545} INFO - Filling up the DagBag from /home/airflow/.local/lib/python3.12/site-packages/airflow/example_dags/example_params_trigger_ui.py
[2026-01-14T07:59:45.600+0000] {processor.py:840} INFO - DAG(s) 'example_params_trigger_ui' retrieved from /home/airflow/.local/lib/python3.12/site-packages/airflow/example_dags/example_params_trigger_ui.py
[2026-01-14T07:59:45.693+0000] {logging_mixin.py:188} INFO - [2026-01-14T07:59:45.693+0000] {dag.py:3096} INFO - Sync 1 DAGs
[2026-01-14T07:59:45.720+0000] {logging_mixin.py:188} INFO - [2026-01-14T07:59:45.719+0000] {dag.py:3954} INFO - Setting next_dagrun for example_params_trigger_ui to None, run_after=None
[2026-01-14T07:59:45.757+0000] {processor.py:183} INFO - Processing /home/airflow/.local/lib/python3.12/site-packages/airflow/example_dags/example_params_trigger_ui.py took 0.194 seconds
[2026-01-14T08:00:16.552+0000] {processor.py:161} INFO - Started process (PID=1038) to work on /home/airflow/.local/lib/python3.12/site-packages/airflow/example_dags/example_params_trigger_ui.py
[2026-01-14T08:00:16.554+0000] {processor.py:830} INFO - Processing file /home/airflow/.local/lib/python3.12/site-packages/airflow/example_dags/example_params_trigger_ui.py for tasks to queue
[2026-01-14T08:00:16.558+0000] {logging_mixin.py:188} INFO - [2026-01-14T08:00:16.557+0000] {dagbag.py:545} INFO - Filling up the DagBag from /home/airflow/.local/lib/python3.12/site-packages/airflow/example_dags/example_params_trigger_ui.py
[2026-01-14T08:00:16.581+0000] {processor.py:840} INFO - DAG(s) 'example_params_trigger_ui' retrieved from /home/airflow/.local/lib/python3.12/site-packages/airflow/example_dags/example_params_trigger_ui.py
[2026-01-14T08:00:16.658+0000] {logging_mixin.py:188} INFO - [2026-01-14T08:00:16.658+0000] {dag.py:3096} INFO - Sync 1 DAGs
[2026-01-14T08:00:16.677+0000] {logging_mixin.py:188} INFO - [2026-01-14T08:00:16.677+0000] {dag.py:3954} INFO - Setting next_dagrun for example_params_trigger_ui to None, run_after=None
[2026-01-14T08:00:16.710+0000] {processor.py:183} INFO - Processing /home/airflow/.local/lib/python3.12/site-packages/airflow/example_dags/example_params_trigger_ui.py took 0.167 seconds
[2026-01-14T08:00:47.040+0000] {processor.py:161} INFO - Started process (PID=1299) to work on /home/airflow/.local/lib/python3.12/site-packages/airflow/example_dags/example_params_trigger_ui.py
[2026-01-14T08:00:47.042+0000] {processor.py:830} INFO - Processing file /home/airflow/.local/lib/python3.12/site-packages/airflow/example_dags/example_params_trigger_ui.py for tasks to queue
[2026-01-14T08:00:47.045+0000] {logging_mixin.py:188} INFO - [2026-01-14T08:00:47.044+0000] {dagbag.py:545} INFO - Filling up the DagBag from /home/airflow/.local/lib/python3.12/site-packages/airflow/example_dags/example_params_trigger_ui.py
[2026-01-14T08:00:47.067+0000] {processor.py:840} INFO - DAG(s) 'example_params_trigger_ui' retrieved from /home/airflow/.local/lib/python3.12/site-packages/airflow/example_dags/example_params_trigger_ui.py
[2026-01-14T08:00:47.171+0000] {logging_mixin.py:188} INFO - [2026-01-14T08:00:47.171+0000] {dag.py:3096} INFO - Sync 1 DAGs
[2026-01-14T08:00:47.191+0000] {logging_mixin.py:188} INFO - [2026-01-14T08:00:47.191+0000] {dag.py:3954} INFO - Setting next_dagrun for example_params_trigger_ui to None, run_after=None
[2026-01-14T08:00:47.221+0000] {processor.py:183} INFO - Processing /home/airflow/.local/lib/python3.12/site-packages/airflow/example_dags/example_params_trigger_ui.py took 0.190 seconds
[2026-01-14T08:01:17.481+0000] {processor.py:161} INFO - Started process (PID=1563) to work on /home/airflow/.local/lib/python3.12/site-packages/airflow/example_dags/example_params_trigger_ui.py
[2026-01-14T08:01:17.482+0000] {processor.py:830} INFO - Processing file /home/airflow/.local/lib/python3.12/site-packages/airflow/example_dags/example_params_trigger_ui.py for tasks to queue
[2026-01-14T08:01:17.486+0000] {logging_mixin.py:188} INFO - [2026-01-14T08:01:17.485+0000] {dagbag.py:545} INFO - Filling up the DagBag from /home/airflow/.local/lib/python3.12/site-packages/airflow/example_dags/example_params_trigger_ui.py
[2026-01-14T08:01:17.510+0000] {processor.py:840} INFO - DAG(s) 'example_params_trigger_ui' retrieved from /home/airflow/.local/lib/python3.12/site-packages/airflow/example_dags/example_params_trigger_ui.py
[2026-01-14T08:01:17.589+0000] {logging_mixin.py:188} INFO - [2026-01-14T08:01:17.589+0000] {dag.py:3096} INFO - Sync 1 DAGs
[2026-01-14T08:01:17.608+0000] {logging_mixin.py:188} INFO - [2026-01-14T08:01:17.608+0000] {dag.py:3954} INFO - Setting next_dagrun for example_params_trigger_ui to None, run_after=None
[2026-01-14T08:01:17.642+0000] {processor.py:183} INFO - Processing /home/airflow/.local/lib/python3.12/site-packages/airflow/example_dags/example_params_trigger_ui.py took 0.172 seconds
[2026-01-14T08:01:47.954+0000] {processor.py:161} INFO - Started process (PID=1850) to work on /home/airflow/.local/lib/python3.12/site-packages/airflow/example_dags/example_params_trigger_ui.py
[2026-01-14T08:01:47.956+0000] {processor.py:830} INFO - Processing file /home/airflow/.local/lib/python3.12/site-packages/airflow/example_dags/example_params_trigger_ui.py for tasks to queue
[2026-01-14T08:01:47.959+0000] {logging_mixin.py:188} INFO - [2026-01-14T08:01:47.958+0000] {dagbag.py:545} INFO - Filling up the DagBag from /home/airflow/.local/lib/python3.12/site-packages/airflow/example_dags/example_params_trigger_ui.py
[2026-01-14T08:01:47.984+0000] {processor.py:840} INFO - DAG(s) 'example_params_trigger_ui' retrieved from /home/airflow/.local/lib/python3.12/site-packages/airflow/example_dags/example_params_trigger_ui.py
[2026-01-14T08:01:48.078+0000] {logging_mixin.py:188} INFO - [2026-01-14T08:01:48.078+0000] {dag.py:3096} INFO - Sync 1 DAGs
[2026-01-14T08:01:48.100+0000] {logging_mixin.py:188} INFO - [2026-01-14T08:01:48.099+0000] {dag.py:3954} INFO - Setting next_dagrun for example_params_trigger_ui to None, run_after=None
[2026-01-14T08:01:48.129+0000] {processor.py:183} INFO - Processing /home/airflow/.local/lib/python3.12/site-packages/airflow/example_dags/example_params_trigger_ui.py took 0.186 seconds
[2026-01-14T08:02:18.384+0000] {processor.py:161} INFO - Started process (PID=2118) to work on /home/airflow/.local/lib/python3.12/site-packages/airflow/example_dags/example_params_trigger_ui.py
[2026-01-14T08:02:18.386+0000] {processor.py:830} INFO - Processing file /home/airflow/.local/lib/python3.12/site-packages/airflow/example_dags/example_params_trigger_ui.py for tasks to queue
[2026-01-14T08:02:18.389+0000] {logging_mixin.py:188} INFO - [2026-01-14T08:02:18.388+0000] {dagbag.py:545} INFO - Filling up the DagBag from /home/airflow/.local/lib/python3.12/site-packages/airflow/example_dags/example_params_trigger_ui.py
[2026-01-14T08:02:18.412+0000] {processor.py:840} INFO - DAG(s) 'example_params_trigger_ui' retrieved from /home/airflow/.local/lib/python3.12/site-packages/airflow/example_dags/example_params_trigger_ui.py
[2026-01-14T08:02:18.497+0000] {logging_mixin.py:188} INFO - [2026-01-14T08:02:18.497+0000] {dag.py:3096} INFO - Sync 1 DAGs
[2026-01-14T08:02:18.516+0000] {logging_mixin.py:188} INFO - [2026-01-14T08:02:18.516+0000] {dag.py:3954} INFO - Setting next_dagrun for example_params_trigger_ui to None, run_after=None
[2026-01-14T08:02:18.545+0000] {processor.py:183} INFO - Processing /home/airflow/.local/lib/python3.12/site-packages/airflow/example_dags/example_params_trigger_ui.py took 0.170 seconds
[2026-01-14T08:02:48.804+0000] {processor.py:161} INFO - Started process (PID=2378) to work on /home/airflow/.local/lib/python3.12/site-packages/airflow/example_dags/example_params_trigger_ui.py
[2026-01-14T08:02:48.806+0000] {processor.py:830} INFO - Processing file /home/airflow/.local/lib/python3.12/site-packages/airflow/example_dags/example_params_trigger_ui.py for tasks to queue
[2026-01-14T08:02:48.809+0000] {logging_mixin.py:188} INFO - [2026-01-14T08:02:48.808+0000] {dagbag.py:545} INFO - Filling up the DagBag from /home/airflow/.local/lib/python3.12/site-packages/airflow/example_dags/example_params_trigger_ui.py
[2026-01-14T08:02:48.830+0000] {processor.py:840} INFO - DAG(s) 'example_params_trigger_ui' retrieved from /home/airflow/.local/lib/python3.12/site-packages/airflow/example_dags/example_params_trigger_ui.py
[2026-01-14T08:02:48.910+0000] {logging_mixin.py:188} INFO - [2026-01-14T08:02:48.909+0000] {dag.py:3096} INFO - Sync 1 DAGs
[2026-01-14T08:02:48.933+0000] {logging_mixin.py:188} INFO - [2026-01-14T08:02:48.932+0000] {dag.py:3954} INFO - Setting next_dagrun for example_params_trigger_ui to None, run_after=None
[2026-01-14T08:02:48.965+0000] {processor.py:183} INFO - Processing /home/airflow/.local/lib/python3.12/site-packages/airflow/example_dags/example_params_trigger_ui.py took 0.169 seconds
[2026-01-14T08:03:19.088+0000] {processor.py:161} INFO - Started process (PID=2639) to work on /home/airflow/.local/lib/python3.12/site-packages/airflow/example_dags/example_params_trigger_ui.py
[2026-01-14T08:03:19.090+0000] {processor.py:830} INFO - Processing file /home/airflow/.local/lib/python3.12/site-packages/airflow/example_dags/example_params_trigger_ui.py for tasks to queue
[2026-01-14T08:03:19.093+0000] {logging_mixin.py:188} INFO - [2026-01-14T08:03:19.093+0000] {dagbag.py:545} INFO - Filling up the DagBag from /home/airflow/.local/lib/python3.12/site-packages/airflow/example_dags/example_params_trigger_ui.py
[2026-01-14T08:03:19.117+0000] {processor.py:840} INFO - DAG(s) 'example_params_trigger_ui' retrieved from /home/airflow/.local/lib/python3.12/site-packages/airflow/example_dags/example_params_trigger_ui.py
[2026-01-14T08:03:19.206+0000] {logging_mixin.py:188} INFO - [2026-01-14T08:03:19.206+0000] {dag.py:3096} INFO - Sync 1 DAGs
[2026-01-14T08:03:19.228+0000] {logging_mixin.py:188} INFO - [2026-01-14T08:03:19.228+0000] {dag.py:3954} INFO - Setting next_dagrun for example_params_trigger_ui to None, run_after=None
[2026-01-14T08:03:19.258+0000] {processor.py:183} INFO - Processing /home/airflow/.local/lib/python3.12/site-packages/airflow/example_dags/example_params_trigger_ui.py took 0.179 seconds
[2026-01-14T08:03:49.504+0000] {processor.py:161} INFO - Started process (PID=2924) to work on /home/airflow/.local/lib/python3.12/site-packages/airflow/example_dags/example_params_trigger_ui.py
[2026-01-14T08:03:49.506+0000] {processor.py:830} INFO - Processing file /home/airflow/.local/lib/python3.12/site-packages/airflow/example_dags/example_params_trigger_ui.py for tasks to queue
[2026-01-14T08:03:49.509+0000] {logging_mixin.py:188} INFO - [2026-01-14T08:03:49.508+0000] {dagbag.py:545} INFO - Filling up the DagBag from /home/airflow/.local/lib/python3.12/site-packages/airflow/example_dags/example_params_trigger_ui.py
[2026-01-14T08:03:49.530+0000] {processor.py:840} INFO - DAG(s) 'example_params_trigger_ui' retrieved from /home/airflow/.local/lib/python3.12/site-packages/airflow/example_dags/example_params_trigger_ui.py
[2026-01-14T08:03:49.612+0000] {logging_mixin.py:188} INFO - [2026-01-14T08:03:49.612+0000] {dag.py:3096} INFO - Sync 1 DAGs
[2026-01-14T08:03:49.634+0000] {logging_mixin.py:188} INFO - [2026-01-14T08:03:49.633+0000] {dag.py:3954} INFO - Setting next_dagrun for example_params_trigger_ui to None, run_after=None
[2026-01-14T08:03:49.667+0000] {processor.py:183} INFO - Processing /home/airflow/.local/lib/python3.12/site-packages/airflow/example_dags/example_params_trigger_ui.py took 0.171 seconds
[2026-01-14T08:04:20.047+0000] {processor.py:161} INFO - Started process (PID=3188) to work on /home/airflow/.local/lib/python3.12/site-packages/airflow/example_dags/example_params_trigger_ui.py
[2026-01-14T08:04:20.049+0000] {processor.py:830} INFO - Processing file /home/airflow/.local/lib/python3.12/site-packages/airflow/example_dags/example_params_trigger_ui.py for tasks to queue
[2026-01-14T08:04:20.052+0000] {logging_mixin.py:188} INFO - [2026-01-14T08:04:20.051+0000] {dagbag.py:545} INFO - Filling up the DagBag from /home/airflow/.local/lib/python3.12/site-packages/airflow/example_dags/example_params_trigger_ui.py
[2026-01-14T08:04:20.075+0000] {processor.py:840} INFO - DAG(s) 'example_params_trigger_ui' retrieved from /home/airflow/.local/lib/python3.12/site-packages/airflow/example_dags/example_params_trigger_ui.py
[2026-01-14T08:04:20.163+0000] {logging_mixin.py:188} INFO - [2026-01-14T08:04:20.163+0000] {dag.py:3096} INFO - Sync 1 DAGs
[2026-01-14T08:04:20.186+0000] {logging_mixin.py:188} INFO - [2026-01-14T08:04:20.185+0000] {dag.py:3954} INFO - Setting next_dagrun for example_params_trigger_ui to None, run_after=None
[2026-01-14T08:04:20.216+0000] {processor.py:183} INFO - Processing /home/airflow/.local/lib/python3.12/site-packages/airflow/example_dags/example_params_trigger_ui.py took 0.179 seconds
[2026-01-14T08:04:50.495+0000] {processor.py:161} INFO - Started process (PID=3452) to work on /home/airflow/.local/lib/python3.12/site-packages/airflow/example_dags/example_params_trigger_ui.py
[2026-01-14T08:04:50.496+0000] {processor.py:830} INFO - Processing file /home/airflow/.local/lib/python3.12/site-packages/airflow/example_dags/example_params_trigger_ui.py for tasks to queue
[2026-01-14T08:04:50.498+0000] {logging_mixin.py:188} INFO - [2026-01-14T08:04:50.498+0000] {dagbag.py:545} INFO - Filling up the DagBag from /home/airflow/.local/lib/python3.12/site-packages/airflow/example_dags/example_params_trigger_ui.py
[2026-01-14T08:04:50.514+0000] {processor.py:840} INFO - DAG(s) 'example_params_trigger_ui' retrieved from /home/airflow/.local/lib/python3.12/site-packages/airflow/example_dags/example_params_trigger_ui.py
[2026-01-14T08:04:50.587+0000] {logging_mixin.py:188} INFO - [2026-01-14T08:04:50.587+0000] {dag.py:3096} INFO - Sync 1 DAGs
[2026-01-14T08:04:50.606+0000] {logging_mixin.py:188} INFO - [2026-01-14T08:04:50.606+0000] {dag.py:3954} INFO - Setting next_dagrun for example_params_trigger_ui to None, run_after=None
[2026-01-14T08:04:50.629+0000] {processor.py:183} INFO - Processing /home/airflow/.local/lib/python3.12/site-packages/airflow/example_dags/example_params_trigger_ui.py took 0.141 seconds
[2026-01-14T08:06:45.230+0000] {processor.py:161} INFO - Started process (PID=3703) to work on /home/airflow/.local/lib/python3.12/site-packages/airflow/example_dags/example_params_trigger_ui.py
[2026-01-14T08:06:45.232+0000] {processor.py:830} INFO - Processing file /home/airflow/.local/lib/python3.12/site-packages/airflow/example_dags/example_params_trigger_ui.py for tasks to queue
[2026-01-14T08:06:45.235+0000] {logging_mixin.py:188} INFO - [2026-01-14T08:06:45.235+0000] {dagbag.py:545} INFO - Filling up the DagBag from /home/airflow/.local/lib/python3.12/site-packages/airflow/example_dags/example_params_trigger_ui.py
[2026-01-14T08:06:45.267+0000] {processor.py:840} INFO - DAG(s) 'example_params_trigger_ui' retrieved from /home/airflow/.local/lib/python3.12/site-packages/airflow/example_dags/example_params_trigger_ui.py
[2026-01-14T08:06:45.380+0000] {logging_mixin.py:188} INFO - [2026-01-14T08:06:45.378+0000] {dag.py:3096} INFO - Sync 1 DAGs
[2026-01-14T08:06:45.415+0000] {logging_mixin.py:188} INFO - [2026-01-14T08:06:45.415+0000] {dag.py:3954} INFO - Setting next_dagrun for example_params_trigger_ui to None, run_after=None
[2026-01-14T08:06:45.461+0000] {processor.py:183} INFO - Processing /home/airflow/.local/lib/python3.12/site-packages/airflow/example_dags/example_params_trigger_ui.py took 0.240 seconds
[2026-01-14T08:07:15.641+0000] {processor.py:161} INFO - Started process (PID=3968) to work on /home/airflow/.local/lib/python3.12/site-packages/airflow/example_dags/example_params_trigger_ui.py
[2026-01-14T08:07:15.642+0000] {processor.py:830} INFO - Processing file /home/airflow/.local/lib/python3.12/site-packages/airflow/example_dags/example_params_trigger_ui.py for tasks to queue
[2026-01-14T08:07:15.644+0000] {logging_mixin.py:188} INFO - [2026-01-14T08:07:15.643+0000] {dagbag.py:545} INFO - Filling up the DagBag from /home/airflow/.local/lib/python3.12/site-packages/airflow/example_dags/example_params_trigger_ui.py
[2026-01-14T08:07:15.661+0000] {processor.py:840} INFO - DAG(s) 'example_params_trigger_ui' retrieved from /home/airflow/.local/lib/python3.12/site-packages/airflow/example_dags/example_params_trigger_ui.py
[2026-01-14T08:07:15.720+0000] {logging_mixin.py:188} INFO - [2026-01-14T08:07:15.719+0000] {dag.py:3096} INFO - Sync 1 DAGs
[2026-01-14T08:07:15.738+0000] {logging_mixin.py:188} INFO - [2026-01-14T08:07:15.737+0000] {dag.py:3954} INFO - Setting next_dagrun for example_params_trigger_ui to None, run_after=None
[2026-01-14T08:07:15.761+0000] {processor.py:183} INFO - Processing /home/airflow/.local/lib/python3.12/site-packages/airflow/example_dags/example_params_trigger_ui.py took 0.127 seconds
[2026-01-14T08:07:46.285+0000] {processor.py:161} INFO - Started process (PID=4227) to work on /home/airflow/.local/lib/python3.12/site-packages/airflow/example_dags/example_params_trigger_ui.py
[2026-01-14T08:07:46.287+0000] {processor.py:830} INFO - Processing file /home/airflow/.local/lib/python3.12/site-packages/airflow/example_dags/example_params_trigger_ui.py for tasks to queue
[2026-01-14T08:07:46.291+0000] {logging_mixin.py:188} INFO - [2026-01-14T08:07:46.290+0000] {dagbag.py:545} INFO - Filling up the DagBag from /home/airflow/.local/lib/python3.12/site-packages/airflow/example_dags/example_params_trigger_ui.py
[2026-01-14T08:07:46.320+0000] {processor.py:840} INFO - DAG(s) 'example_params_trigger_ui' retrieved from /home/airflow/.local/lib/python3.12/site-packages/airflow/example_dags/example_params_trigger_ui.py
[2026-01-14T08:07:46.415+0000] {logging_mixin.py:188} INFO - [2026-01-14T08:07:46.414+0000] {dag.py:3096} INFO - Sync 1 DAGs
[2026-01-14T08:07:46.440+0000] {logging_mixin.py:188} INFO - [2026-01-14T08:07:46.439+0000] {dag.py:3954} INFO - Setting next_dagrun for example_params_trigger_ui to None, run_after=None
[2026-01-14T08:07:46.471+0000] {processor.py:183} INFO - Processing /home/airflow/.local/lib/python3.12/site-packages/airflow/example_dags/example_params_trigger_ui.py took 0.197 seconds
[2026-01-14T08:08:17.165+0000] {processor.py:161} INFO - Started process (PID=4488) to work on /home/airflow/.local/lib/python3.12/site-packages/airflow/example_dags/example_params_trigger_ui.py
[2026-01-14T08:08:17.166+0000] {processor.py:830} INFO - Processing file /home/airflow/.local/lib/python3.12/site-packages/airflow/example_dags/example_params_trigger_ui.py for tasks to queue
[2026-01-14T08:08:17.169+0000] {logging_mixin.py:188} INFO - [2026-01-14T08:08:17.168+0000] {dagbag.py:545} INFO - Filling up the DagBag from /home/airflow/.local/lib/python3.12/site-packages/airflow/example_dags/example_params_trigger_ui.py
[2026-01-14T08:08:17.191+0000] {processor.py:840} INFO - DAG(s) 'example_params_trigger_ui' retrieved from /home/airflow/.local/lib/python3.12/site-packages/airflow/example_dags/example_params_trigger_ui.py
[2026-01-14T08:08:17.270+0000] {logging_mixin.py:188} INFO - [2026-01-14T08:08:17.269+0000] {dag.py:3096} INFO - Sync 1 DAGs
[2026-01-14T08:08:17.289+0000] {logging_mixin.py:188} INFO - [2026-01-14T08:08:17.289+0000] {dag.py:3954} INFO - Setting next_dagrun for example_params_trigger_ui to None, run_after=None
[2026-01-14T08:08:17.318+0000] {processor.py:183} INFO - Processing /home/airflow/.local/lib/python3.12/site-packages/airflow/example_dags/example_params_trigger_ui.py took 0.161 seconds
[2026-01-14T08:08:47.588+0000] {processor.py:161} INFO - Started process (PID=4751) to work on /home/airflow/.local/lib/python3.12/site-packages/airflow/example_dags/example_params_trigger_ui.py
[2026-01-14T08:08:47.590+0000] {processor.py:830} INFO - Processing file /home/airflow/.local/lib/python3.12/site-packages/airflow/example_dags/example_params_trigger_ui.py for tasks to queue
[2026-01-14T08:08:47.593+0000] {logging_mixin.py:188} INFO - [2026-01-14T08:08:47.593+0000] {dagbag.py:545} INFO - Filling up the DagBag from /home/airflow/.local/lib/python3.12/site-packages/airflow/example_dags/example_params_trigger_ui.py
[2026-01-14T08:08:47.615+0000] {processor.py:840} INFO - DAG(s) 'example_params_trigger_ui' retrieved from /home/airflow/.local/lib/python3.12/site-packages/airflow/example_dags/example_params_trigger_ui.py
[2026-01-14T08:08:47.697+0000] {logging_mixin.py:188} INFO - [2026-01-14T08:08:47.696+0000] {dag.py:3096} INFO - Sync 1 DAGs
[2026-01-14T08:08:47.720+0000] {logging_mixin.py:188} INFO - [2026-01-14T08:08:47.720+0000] {dag.py:3954} INFO - Setting next_dagrun for example_params_trigger_ui to None, run_after=None
[2026-01-14T08:08:47.752+0000] {processor.py:183} INFO - Processing /home/airflow/.local/lib/python3.12/site-packages/airflow/example_dags/example_params_trigger_ui.py took 0.173 seconds
[2026-01-14T08:09:18.309+0000] {processor.py:161} INFO - Started process (PID=5012) to work on /home/airflow/.local/lib/python3.12/site-packages/airflow/example_dags/example_params_trigger_ui.py
[2026-01-14T08:09:18.310+0000] {processor.py:830} INFO - Processing file /home/airflow/.local/lib/python3.12/site-packages/airflow/example_dags/example_params_trigger_ui.py for tasks to queue
[2026-01-14T08:09:18.312+0000] {logging_mixin.py:188} INFO - [2026-01-14T08:09:18.311+0000] {dagbag.py:545} INFO - Filling up the DagBag from /home/airflow/.local/lib/python3.12/site-packages/airflow/example_dags/example_params_trigger_ui.py
[2026-01-14T08:09:18.326+0000] {processor.py:840} INFO - DAG(s) 'example_params_trigger_ui' retrieved from /home/airflow/.local/lib/python3.12/site-packages/airflow/example_dags/example_params_trigger_ui.py
[2026-01-14T08:09:18.386+0000] {logging_mixin.py:188} INFO - [2026-01-14T08:09:18.386+0000] {dag.py:3096} INFO - Sync 1 DAGs
[2026-01-14T08:09:18.402+0000] {logging_mixin.py:188} INFO - [2026-01-14T08:09:18.402+0000] {dag.py:3954} INFO - Setting next_dagrun for example_params_trigger_ui to None, run_after=None
[2026-01-14T08:09:18.424+0000] {processor.py:183} INFO - Processing /home/airflow/.local/lib/python3.12/site-packages/airflow/example_dags/example_params_trigger_ui.py took 0.121 seconds
[2026-01-14T08:09:48.742+0000] {processor.py:161} INFO - Started process (PID=5273) to work on /home/airflow/.local/lib/python3.12/site-packages/airflow/example_dags/example_params_trigger_ui.py
[2026-01-14T08:09:48.743+0000] {processor.py:830} INFO - Processing file /home/airflow/.local/lib/python3.12/site-packages/airflow/example_dags/example_params_trigger_ui.py for tasks to queue
[2026-01-14T08:09:48.745+0000] {logging_mixin.py:188} INFO - [2026-01-14T08:09:48.745+0000] {dagbag.py:545} INFO - Filling up the DagBag from /home/airflow/.local/lib/python3.12/site-packages/airflow/example_dags/example_params_trigger_ui.py
[2026-01-14T08:09:48.759+0000] {processor.py:840} INFO - DAG(s) 'example_params_trigger_ui' retrieved from /home/airflow/.local/lib/python3.12/site-packages/airflow/example_dags/example_params_trigger_ui.py
[2026-01-14T08:09:48.826+0000] {logging_mixin.py:188} INFO - [2026-01-14T08:09:48.825+0000] {dag.py:3096} INFO - Sync 1 DAGs
[2026-01-14T08:09:48.842+0000] {logging_mixin.py:188} INFO - [2026-01-14T08:09:48.842+0000] {dag.py:3954} INFO - Setting next_dagrun for example_params_trigger_ui to None, run_after=None
[2026-01-14T08:09:48.868+0000] {processor.py:183} INFO - Processing /home/airflow/.local/lib/python3.12/site-packages/airflow/example_dags/example_params_trigger_ui.py took 0.133 seconds
[2026-01-14T08:10:18.992+0000] {processor.py:161} INFO - Started process (PID=5532) to work on /home/airflow/.local/lib/python3.12/site-packages/airflow/example_dags/example_params_trigger_ui.py
[2026-01-14T08:10:18.993+0000] {processor.py:830} INFO - Processing file /home/airflow/.local/lib/python3.12/site-packages/airflow/example_dags/example_params_trigger_ui.py for tasks to queue
[2026-01-14T08:10:18.995+0000] {logging_mixin.py:188} INFO - [2026-01-14T08:10:18.995+0000] {dagbag.py:545} INFO - Filling up the DagBag from /home/airflow/.local/lib/python3.12/site-packages/airflow/example_dags/example_params_trigger_ui.py
[2026-01-14T08:10:19.011+0000] {processor.py:840} INFO - DAG(s) 'example_params_trigger_ui' retrieved from /home/airflow/.local/lib/python3.12/site-packages/airflow/example_dags/example_params_trigger_ui.py
[2026-01-14T08:10:19.070+0000] {logging_mixin.py:188} INFO - [2026-01-14T08:10:19.070+0000] {dag.py:3096} INFO - Sync 1 DAGs
[2026-01-14T08:10:19.085+0000] {logging_mixin.py:188} INFO - [2026-01-14T08:10:19.084+0000] {dag.py:3954} INFO - Setting next_dagrun for example_params_trigger_ui to None, run_after=None
[2026-01-14T08:10:19.106+0000] {processor.py:183} INFO - Processing /home/airflow/.local/lib/python3.12/site-packages/airflow/example_dags/example_params_trigger_ui.py took 0.120 seconds
[2026-01-14T08:10:49.247+0000] {processor.py:161} INFO - Started process (PID=5795) to work on /home/airflow/.local/lib/python3.12/site-packages/airflow/example_dags/example_params_trigger_ui.py
[2026-01-14T08:10:49.248+0000] {processor.py:830} INFO - Processing file /home/airflow/.local/lib/python3.12/site-packages/airflow/example_dags/example_params_trigger_ui.py for tasks to queue
[2026-01-14T08:10:49.250+0000] {logging_mixin.py:188} INFO - [2026-01-14T08:10:49.249+0000] {dagbag.py:545} INFO - Filling up the DagBag from /home/airflow/.local/lib/python3.12/site-packages/airflow/example_dags/example_params_trigger_ui.py
[2026-01-14T08:10:49.268+0000] {processor.py:840} INFO - DAG(s) 'example_params_trigger_ui' retrieved from /home/airflow/.local/lib/python3.12/site-packages/airflow/example_dags/example_params_trigger_ui.py
[2026-01-14T08:10:49.329+0000] {logging_mixin.py:188} INFO - [2026-01-14T08:10:49.328+0000] {dag.py:3096} INFO - Sync 1 DAGs
[2026-01-14T08:10:49.345+0000] {logging_mixin.py:188} INFO - [2026-01-14T08:10:49.345+0000] {dag.py:3954} INFO - Setting next_dagrun for example_params_trigger_ui to None, run_after=None
[2026-01-14T08:10:49.370+0000] {processor.py:183} INFO - Processing /home/airflow/.local/lib/python3.12/site-packages/airflow/example_dags/example_params_trigger_ui.py took 0.129 seconds
[2026-01-14T08:11:19.790+0000] {processor.py:161} INFO - Started process (PID=6054) to work on /home/airflow/.local/lib/python3.12/site-packages/airflow/example_dags/example_params_trigger_ui.py
[2026-01-14T08:11:19.791+0000] {processor.py:830} INFO - Processing file /home/airflow/.local/lib/python3.12/site-packages/airflow/example_dags/example_params_trigger_ui.py for tasks to queue
[2026-01-14T08:11:19.792+0000] {logging_mixin.py:188} INFO - [2026-01-14T08:11:19.792+0000] {dagbag.py:545} INFO - Filling up the DagBag from /home/airflow/.local/lib/python3.12/site-packages/airflow/example_dags/example_params_trigger_ui.py
[2026-01-14T08:11:19.807+0000] {processor.py:840} INFO - DAG(s) 'example_params_trigger_ui' retrieved from /home/airflow/.local/lib/python3.12/site-packages/airflow/example_dags/example_params_trigger_ui.py
[2026-01-14T08:11:19.862+0000] {logging_mixin.py:188} INFO - [2026-01-14T08:11:19.862+0000] {dag.py:3096} INFO - Sync 1 DAGs
[2026-01-14T08:11:19.875+0000] {logging_mixin.py:188} INFO - [2026-01-14T08:11:19.875+0000] {dag.py:3954} INFO - Setting next_dagrun for example_params_trigger_ui to None, run_after=None
[2026-01-14T08:11:19.897+0000] {processor.py:183} INFO - Processing /home/airflow/.local/lib/python3.12/site-packages/airflow/example_dags/example_params_trigger_ui.py took 0.114 seconds
[2026-01-14T08:11:50.039+0000] {processor.py:161} INFO - Started process (PID=6317) to work on /home/airflow/.local/lib/python3.12/site-packages/airflow/example_dags/example_params_trigger_ui.py
[2026-01-14T08:11:50.040+0000] {processor.py:830} INFO - Processing file /home/airflow/.local/lib/python3.12/site-packages/airflow/example_dags/example_params_trigger_ui.py for tasks to queue
[2026-01-14T08:11:50.042+0000] {logging_mixin.py:188} INFO - [2026-01-14T08:11:50.042+0000] {dagbag.py:545} INFO - Filling up the DagBag from /home/airflow/.local/lib/python3.12/site-packages/airflow/example_dags/example_params_trigger_ui.py
[2026-01-14T08:11:50.057+0000] {processor.py:840} INFO - DAG(s) 'example_params_trigger_ui' retrieved from /home/airflow/.local/lib/python3.12/site-packages/airflow/example_dags/example_params_trigger_ui.py
[2026-01-14T08:11:50.124+0000] {logging_mixin.py:188} INFO - [2026-01-14T08:11:50.124+0000] {dag.py:3096} INFO - Sync 1 DAGs
[2026-01-14T08:11:50.140+0000] {logging_mixin.py:188} INFO - [2026-01-14T08:11:50.139+0000] {dag.py:3954} INFO - Setting next_dagrun for example_params_trigger_ui to None, run_after=None
[2026-01-14T08:11:50.163+0000] {processor.py:183} INFO - Processing /home/airflow/.local/lib/python3.12/site-packages/airflow/example_dags/example_params_trigger_ui.py took 0.129 seconds
[2026-01-14T08:12:20.921+0000] {processor.py:161} INFO - Started process (PID=6576) to work on /home/airflow/.local/lib/python3.12/site-packages/airflow/example_dags/example_params_trigger_ui.py
[2026-01-14T08:12:20.923+0000] {processor.py:830} INFO - Processing file /home/airflow/.local/lib/python3.12/site-packages/airflow/example_dags/example_params_trigger_ui.py for tasks to queue
[2026-01-14T08:12:20.925+0000] {logging_mixin.py:188} INFO - [2026-01-14T08:12:20.925+0000] {dagbag.py:545} INFO - Filling up the DagBag from /home/airflow/.local/lib/python3.12/site-packages/airflow/example_dags/example_params_trigger_ui.py
[2026-01-14T08:12:20.943+0000] {processor.py:840} INFO - DAG(s) 'example_params_trigger_ui' retrieved from /home/airflow/.local/lib/python3.12/site-packages/airflow/example_dags/example_params_trigger_ui.py
[2026-01-14T08:12:21.004+0000] {logging_mixin.py:188} INFO - [2026-01-14T08:12:21.004+0000] {dag.py:3096} INFO - Sync 1 DAGs
[2026-01-14T08:12:21.020+0000] {logging_mixin.py:188} INFO - [2026-01-14T08:12:21.020+0000] {dag.py:3954} INFO - Setting next_dagrun for example_params_trigger_ui to None, run_after=None
[2026-01-14T08:12:21.042+0000] {processor.py:183} INFO - Processing /home/airflow/.local/lib/python3.12/site-packages/airflow/example_dags/example_params_trigger_ui.py took 0.127 seconds
[2026-01-14T08:12:51.753+0000] {processor.py:161} INFO - Started process (PID=6837) to work on /home/airflow/.local/lib/python3.12/site-packages/airflow/example_dags/example_params_trigger_ui.py
[2026-01-14T08:12:51.755+0000] {processor.py:830} INFO - Processing file /home/airflow/.local/lib/python3.12/site-packages/airflow/example_dags/example_params_trigger_ui.py for tasks to queue
[2026-01-14T08:12:51.757+0000] {logging_mixin.py:188} INFO - [2026-01-14T08:12:51.757+0000] {dagbag.py:545} INFO - Filling up the DagBag from /home/airflow/.local/lib/python3.12/site-packages/airflow/example_dags/example_params_trigger_ui.py
[2026-01-14T08:12:51.774+0000] {processor.py:840} INFO - DAG(s) 'example_params_trigger_ui' retrieved from /home/airflow/.local/lib/python3.12/site-packages/airflow/example_dags/example_params_trigger_ui.py
[2026-01-14T08:12:51.839+0000] {logging_mixin.py:188} INFO - [2026-01-14T08:12:51.839+0000] {dag.py:3096} INFO - Sync 1 DAGs
[2026-01-14T08:12:51.859+0000] {logging_mixin.py:188} INFO - [2026-01-14T08:12:51.858+0000] {dag.py:3954} INFO - Setting next_dagrun for example_params_trigger_ui to None, run_after=None
[2026-01-14T08:12:51.880+0000] {processor.py:183} INFO - Processing /home/airflow/.local/lib/python3.12/site-packages/airflow/example_dags/example_params_trigger_ui.py took 0.133 seconds
[2026-01-14T08:13:22.202+0000] {processor.py:161} INFO - Started process (PID=7098) to work on /home/airflow/.local/lib/python3.12/site-packages/airflow/example_dags/example_params_trigger_ui.py
[2026-01-14T08:13:22.203+0000] {processor.py:830} INFO - Processing file /home/airflow/.local/lib/python3.12/site-packages/airflow/example_dags/example_params_trigger_ui.py for tasks to queue
[2026-01-14T08:13:22.205+0000] {logging_mixin.py:188} INFO - [2026-01-14T08:13:22.204+0000] {dagbag.py:545} INFO - Filling up the DagBag from /home/airflow/.local/lib/python3.12/site-packages/airflow/example_dags/example_params_trigger_ui.py
[2026-01-14T08:13:22.222+0000] {processor.py:840} INFO - DAG(s) 'example_params_trigger_ui' retrieved from /home/airflow/.local/lib/python3.12/site-packages/airflow/example_dags/example_params_trigger_ui.py
[2026-01-14T08:13:22.288+0000] {logging_mixin.py:188} INFO - [2026-01-14T08:13:22.288+0000] {dag.py:3096} INFO - Sync 1 DAGs
[2026-01-14T08:13:22.304+0000] {logging_mixin.py:188} INFO - [2026-01-14T08:13:22.304+0000] {dag.py:3954} INFO - Setting next_dagrun for example_params_trigger_ui to None, run_after=None
[2026-01-14T08:13:22.329+0000] {processor.py:183} INFO - Processing /home/airflow/.local/lib/python3.12/site-packages/airflow/example_dags/example_params_trigger_ui.py took 0.134 seconds
[2026-01-14T09:27:36.252+0000] {processor.py:161} INFO - Started process (PID=7359) to work on /home/airflow/.local/lib/python3.12/site-packages/airflow/example_dags/example_params_trigger_ui.py
[2026-01-14T09:27:36.254+0000] {processor.py:830} INFO - Processing file /home/airflow/.local/lib/python3.12/site-packages/airflow/example_dags/example_params_trigger_ui.py for tasks to queue
[2026-01-14T09:27:36.256+0000] {logging_mixin.py:188} INFO - [2026-01-14T09:27:36.256+0000] {dagbag.py:545} INFO - Filling up the DagBag from /home/airflow/.local/lib/python3.12/site-packages/airflow/example_dags/example_params_trigger_ui.py
[2026-01-14T09:27:36.284+0000] {processor.py:840} INFO - DAG(s) 'example_params_trigger_ui' retrieved from /home/airflow/.local/lib/python3.12/site-packages/airflow/example_dags/example_params_trigger_ui.py
[2026-01-14T09:27:36.354+0000] {logging_mixin.py:188} INFO - [2026-01-14T09:27:36.353+0000] {dag.py:3096} INFO - Sync 1 DAGs
[2026-01-14T09:27:36.373+0000] {logging_mixin.py:188} INFO - [2026-01-14T09:27:36.372+0000] {dag.py:3954} INFO - Setting next_dagrun for example_params_trigger_ui to None, run_after=None
[2026-01-14T09:27:36.405+0000] {processor.py:183} INFO - Processing /home/airflow/.local/lib/python3.12/site-packages/airflow/example_dags/example_params_trigger_ui.py took 0.161 seconds
[2026-01-14T09:28:07.034+0000] {processor.py:161} INFO - Started process (PID=7612) to work on /home/airflow/.local/lib/python3.12/site-packages/airflow/example_dags/example_params_trigger_ui.py
[2026-01-14T09:28:07.036+0000] {processor.py:830} INFO - Processing file /home/airflow/.local/lib/python3.12/site-packages/airflow/example_dags/example_params_trigger_ui.py for tasks to queue
[2026-01-14T09:28:07.041+0000] {logging_mixin.py:188} INFO - [2026-01-14T09:28:07.040+0000] {dagbag.py:545} INFO - Filling up the DagBag from /home/airflow/.local/lib/python3.12/site-packages/airflow/example_dags/example_params_trigger_ui.py
[2026-01-14T09:28:07.057+0000] {processor.py:840} INFO - DAG(s) 'example_params_trigger_ui' retrieved from /home/airflow/.local/lib/python3.12/site-packages/airflow/example_dags/example_params_trigger_ui.py
[2026-01-14T09:28:07.116+0000] {logging_mixin.py:188} INFO - [2026-01-14T09:28:07.115+0000] {dag.py:3096} INFO - Sync 1 DAGs
[2026-01-14T09:28:07.130+0000] {logging_mixin.py:188} INFO - [2026-01-14T09:28:07.130+0000] {dag.py:3954} INFO - Setting next_dagrun for example_params_trigger_ui to None, run_after=None
[2026-01-14T09:28:07.151+0000] {processor.py:183} INFO - Processing /home/airflow/.local/lib/python3.12/site-packages/airflow/example_dags/example_params_trigger_ui.py took 0.124 seconds
[2026-01-14T09:28:37.476+0000] {processor.py:161} INFO - Started process (PID=7873) to work on /home/airflow/.local/lib/python3.12/site-packages/airflow/example_dags/example_params_trigger_ui.py
[2026-01-14T09:28:37.477+0000] {processor.py:830} INFO - Processing file /home/airflow/.local/lib/python3.12/site-packages/airflow/example_dags/example_params_trigger_ui.py for tasks to queue
[2026-01-14T09:28:37.479+0000] {logging_mixin.py:188} INFO - [2026-01-14T09:28:37.479+0000] {dagbag.py:545} INFO - Filling up the DagBag from /home/airflow/.local/lib/python3.12/site-packages/airflow/example_dags/example_params_trigger_ui.py
[2026-01-14T09:28:37.498+0000] {processor.py:840} INFO - DAG(s) 'example_params_trigger_ui' retrieved from /home/airflow/.local/lib/python3.12/site-packages/airflow/example_dags/example_params_trigger_ui.py
[2026-01-14T09:28:37.560+0000] {logging_mixin.py:188} INFO - [2026-01-14T09:28:37.560+0000] {dag.py:3096} INFO - Sync 1 DAGs
[2026-01-14T09:28:37.574+0000] {logging_mixin.py:188} INFO - [2026-01-14T09:28:37.574+0000] {dag.py:3954} INFO - Setting next_dagrun for example_params_trigger_ui to None, run_after=None
[2026-01-14T09:28:37.597+0000] {processor.py:183} INFO - Processing /home/airflow/.local/lib/python3.12/site-packages/airflow/example_dags/example_params_trigger_ui.py took 0.128 seconds
[2026-01-14T09:29:08.081+0000] {processor.py:161} INFO - Started process (PID=8136) to work on /home/airflow/.local/lib/python3.12/site-packages/airflow/example_dags/example_params_trigger_ui.py
[2026-01-14T09:29:08.084+0000] {processor.py:830} INFO - Processing file /home/airflow/.local/lib/python3.12/site-packages/airflow/example_dags/example_params_trigger_ui.py for tasks to queue
[2026-01-14T09:29:08.090+0000] {logging_mixin.py:188} INFO - [2026-01-14T09:29:08.089+0000] {dagbag.py:545} INFO - Filling up the DagBag from /home/airflow/.local/lib/python3.12/site-packages/airflow/example_dags/example_params_trigger_ui.py
[2026-01-14T09:29:08.104+0000] {processor.py:840} INFO - DAG(s) 'example_params_trigger_ui' retrieved from /home/airflow/.local/lib/python3.12/site-packages/airflow/example_dags/example_params_trigger_ui.py
[2026-01-14T09:29:08.161+0000] {logging_mixin.py:188} INFO - [2026-01-14T09:29:08.161+0000] {dag.py:3096} INFO - Sync 1 DAGs
[2026-01-14T09:29:08.177+0000] {logging_mixin.py:188} INFO - [2026-01-14T09:29:08.177+0000] {dag.py:3954} INFO - Setting next_dagrun for example_params_trigger_ui to None, run_after=None
[2026-01-14T09:29:08.203+0000] {processor.py:183} INFO - Processing /home/airflow/.local/lib/python3.12/site-packages/airflow/example_dags/example_params_trigger_ui.py took 0.128 seconds
[2026-01-14T09:29:38.556+0000] {processor.py:161} INFO - Started process (PID=8395) to work on /home/airflow/.local/lib/python3.12/site-packages/airflow/example_dags/example_params_trigger_ui.py
[2026-01-14T09:29:38.558+0000] {processor.py:830} INFO - Processing file /home/airflow/.local/lib/python3.12/site-packages/airflow/example_dags/example_params_trigger_ui.py for tasks to queue
[2026-01-14T09:29:38.560+0000] {logging_mixin.py:188} INFO - [2026-01-14T09:29:38.559+0000] {dagbag.py:545} INFO - Filling up the DagBag from /home/airflow/.local/lib/python3.12/site-packages/airflow/example_dags/example_params_trigger_ui.py
[2026-01-14T09:29:38.576+0000] {processor.py:840} INFO - DAG(s) 'example_params_trigger_ui' retrieved from /home/airflow/.local/lib/python3.12/site-packages/airflow/example_dags/example_params_trigger_ui.py
[2026-01-14T09:29:38.637+0000] {logging_mixin.py:188} INFO - [2026-01-14T09:29:38.637+0000] {dag.py:3096} INFO - Sync 1 DAGs
[2026-01-14T09:29:38.654+0000] {logging_mixin.py:188} INFO - [2026-01-14T09:29:38.653+0000] {dag.py:3954} INFO - Setting next_dagrun for example_params_trigger_ui to None, run_after=None
[2026-01-14T09:29:38.679+0000] {processor.py:183} INFO - Processing /home/airflow/.local/lib/python3.12/site-packages/airflow/example_dags/example_params_trigger_ui.py took 0.130 seconds
[2026-01-14T09:30:09.025+0000] {processor.py:161} INFO - Started process (PID=8656) to work on /home/airflow/.local/lib/python3.12/site-packages/airflow/example_dags/example_params_trigger_ui.py
[2026-01-14T09:30:09.026+0000] {processor.py:830} INFO - Processing file /home/airflow/.local/lib/python3.12/site-packages/airflow/example_dags/example_params_trigger_ui.py for tasks to queue
[2026-01-14T09:30:09.029+0000] {logging_mixin.py:188} INFO - [2026-01-14T09:30:09.029+0000] {dagbag.py:545} INFO - Filling up the DagBag from /home/airflow/.local/lib/python3.12/site-packages/airflow/example_dags/example_params_trigger_ui.py
[2026-01-14T09:30:09.054+0000] {processor.py:840} INFO - DAG(s) 'example_params_trigger_ui' retrieved from /home/airflow/.local/lib/python3.12/site-packages/airflow/example_dags/example_params_trigger_ui.py
[2026-01-14T09:30:09.133+0000] {logging_mixin.py:188} INFO - [2026-01-14T09:30:09.133+0000] {dag.py:3096} INFO - Sync 1 DAGs
[2026-01-14T09:30:09.154+0000] {logging_mixin.py:188} INFO - [2026-01-14T09:30:09.154+0000] {dag.py:3954} INFO - Setting next_dagrun for example_params_trigger_ui to None, run_after=None
[2026-01-14T09:30:09.189+0000] {processor.py:183} INFO - Processing /home/airflow/.local/lib/python3.12/site-packages/airflow/example_dags/example_params_trigger_ui.py took 0.176 seconds
[2026-01-14T09:30:39.814+0000] {processor.py:161} INFO - Started process (PID=8919) to work on /home/airflow/.local/lib/python3.12/site-packages/airflow/example_dags/example_params_trigger_ui.py
[2026-01-14T09:30:39.816+0000] {processor.py:830} INFO - Processing file /home/airflow/.local/lib/python3.12/site-packages/airflow/example_dags/example_params_trigger_ui.py for tasks to queue
[2026-01-14T09:30:39.820+0000] {logging_mixin.py:188} INFO - [2026-01-14T09:30:39.819+0000] {dagbag.py:545} INFO - Filling up the DagBag from /home/airflow/.local/lib/python3.12/site-packages/airflow/example_dags/example_params_trigger_ui.py
[2026-01-14T09:30:39.842+0000] {processor.py:840} INFO - DAG(s) 'example_params_trigger_ui' retrieved from /home/airflow/.local/lib/python3.12/site-packages/airflow/example_dags/example_params_trigger_ui.py
[2026-01-14T09:30:39.924+0000] {logging_mixin.py:188} INFO - [2026-01-14T09:30:39.924+0000] {dag.py:3096} INFO - Sync 1 DAGs
[2026-01-14T09:30:39.948+0000] {logging_mixin.py:188} INFO - [2026-01-14T09:30:39.947+0000] {dag.py:3954} INFO - Setting next_dagrun for example_params_trigger_ui to None, run_after=None
[2026-01-14T09:30:39.983+0000] {processor.py:183} INFO - Processing /home/airflow/.local/lib/python3.12/site-packages/airflow/example_dags/example_params_trigger_ui.py took 0.178 seconds
[2026-01-14T09:31:23.812+0000] {processor.py:161} INFO - Started process (PID=9178) to work on /home/airflow/.local/lib/python3.12/site-packages/airflow/example_dags/example_params_trigger_ui.py
[2026-01-14T09:31:23.814+0000] {processor.py:830} INFO - Processing file /home/airflow/.local/lib/python3.12/site-packages/airflow/example_dags/example_params_trigger_ui.py for tasks to queue
[2026-01-14T09:31:23.817+0000] {logging_mixin.py:188} INFO - [2026-01-14T09:31:23.817+0000] {dagbag.py:545} INFO - Filling up the DagBag from /home/airflow/.local/lib/python3.12/site-packages/airflow/example_dags/example_params_trigger_ui.py
[2026-01-14T09:31:23.839+0000] {processor.py:840} INFO - DAG(s) 'example_params_trigger_ui' retrieved from /home/airflow/.local/lib/python3.12/site-packages/airflow/example_dags/example_params_trigger_ui.py
[2026-01-14T09:31:23.918+0000] {logging_mixin.py:188} INFO - [2026-01-14T09:31:23.917+0000] {dag.py:3096} INFO - Sync 1 DAGs
[2026-01-14T09:31:23.936+0000] {logging_mixin.py:188} INFO - [2026-01-14T09:31:23.936+0000] {dag.py:3954} INFO - Setting next_dagrun for example_params_trigger_ui to None, run_after=None
[2026-01-14T09:31:23.966+0000] {processor.py:183} INFO - Processing /home/airflow/.local/lib/python3.12/site-packages/airflow/example_dags/example_params_trigger_ui.py took 0.164 seconds
[2026-01-14T09:31:54.440+0000] {processor.py:161} INFO - Started process (PID=9440) to work on /home/airflow/.local/lib/python3.12/site-packages/airflow/example_dags/example_params_trigger_ui.py
[2026-01-14T09:31:54.442+0000] {processor.py:830} INFO - Processing file /home/airflow/.local/lib/python3.12/site-packages/airflow/example_dags/example_params_trigger_ui.py for tasks to queue
[2026-01-14T09:31:54.445+0000] {logging_mixin.py:188} INFO - [2026-01-14T09:31:54.445+0000] {dagbag.py:545} INFO - Filling up the DagBag from /home/airflow/.local/lib/python3.12/site-packages/airflow/example_dags/example_params_trigger_ui.py
[2026-01-14T09:31:54.469+0000] {processor.py:840} INFO - DAG(s) 'example_params_trigger_ui' retrieved from /home/airflow/.local/lib/python3.12/site-packages/airflow/example_dags/example_params_trigger_ui.py
[2026-01-14T09:31:54.553+0000] {logging_mixin.py:188} INFO - [2026-01-14T09:31:54.552+0000] {dag.py:3096} INFO - Sync 1 DAGs
[2026-01-14T09:31:54.575+0000] {logging_mixin.py:188} INFO - [2026-01-14T09:31:54.575+0000] {dag.py:3954} INFO - Setting next_dagrun for example_params_trigger_ui to None, run_after=None
[2026-01-14T09:31:54.607+0000] {processor.py:183} INFO - Processing /home/airflow/.local/lib/python3.12/site-packages/airflow/example_dags/example_params_trigger_ui.py took 0.177 seconds
[2026-01-14T09:32:25.408+0000] {processor.py:161} INFO - Started process (PID=9700) to work on /home/airflow/.local/lib/python3.12/site-packages/airflow/example_dags/example_params_trigger_ui.py
[2026-01-14T09:32:25.409+0000] {processor.py:830} INFO - Processing file /home/airflow/.local/lib/python3.12/site-packages/airflow/example_dags/example_params_trigger_ui.py for tasks to queue
[2026-01-14T09:32:25.413+0000] {logging_mixin.py:188} INFO - [2026-01-14T09:32:25.413+0000] {dagbag.py:545} INFO - Filling up the DagBag from /home/airflow/.local/lib/python3.12/site-packages/airflow/example_dags/example_params_trigger_ui.py
[2026-01-14T09:32:25.435+0000] {processor.py:840} INFO - DAG(s) 'example_params_trigger_ui' retrieved from /home/airflow/.local/lib/python3.12/site-packages/airflow/example_dags/example_params_trigger_ui.py
[2026-01-14T09:32:25.517+0000] {logging_mixin.py:188} INFO - [2026-01-14T09:32:25.516+0000] {dag.py:3096} INFO - Sync 1 DAGs
[2026-01-14T09:32:25.535+0000] {logging_mixin.py:188} INFO - [2026-01-14T09:32:25.535+0000] {dag.py:3954} INFO - Setting next_dagrun for example_params_trigger_ui to None, run_after=None
[2026-01-14T09:32:25.566+0000] {processor.py:183} INFO - Processing /home/airflow/.local/lib/python3.12/site-packages/airflow/example_dags/example_params_trigger_ui.py took 0.167 seconds
[2026-01-14T09:32:56.164+0000] {processor.py:161} INFO - Started process (PID=9962) to work on /home/airflow/.local/lib/python3.12/site-packages/airflow/example_dags/example_params_trigger_ui.py
[2026-01-14T09:32:56.165+0000] {processor.py:830} INFO - Processing file /home/airflow/.local/lib/python3.12/site-packages/airflow/example_dags/example_params_trigger_ui.py for tasks to queue
[2026-01-14T09:32:56.168+0000] {logging_mixin.py:188} INFO - [2026-01-14T09:32:56.167+0000] {dagbag.py:545} INFO - Filling up the DagBag from /home/airflow/.local/lib/python3.12/site-packages/airflow/example_dags/example_params_trigger_ui.py
[2026-01-14T09:32:56.189+0000] {processor.py:840} INFO - DAG(s) 'example_params_trigger_ui' retrieved from /home/airflow/.local/lib/python3.12/site-packages/airflow/example_dags/example_params_trigger_ui.py
[2026-01-14T09:32:56.458+0000] {logging_mixin.py:188} INFO - [2026-01-14T09:32:56.457+0000] {dag.py:3096} INFO - Sync 1 DAGs
[2026-01-14T09:32:56.479+0000] {logging_mixin.py:188} INFO - [2026-01-14T09:32:56.478+0000] {dag.py:3954} INFO - Setting next_dagrun for example_params_trigger_ui to None, run_after=None
[2026-01-14T09:32:56.507+0000] {processor.py:183} INFO - Processing /home/airflow/.local/lib/python3.12/site-packages/airflow/example_dags/example_params_trigger_ui.py took 0.354 seconds
[2026-01-14T09:33:26.849+0000] {processor.py:161} INFO - Started process (PID=10223) to work on /home/airflow/.local/lib/python3.12/site-packages/airflow/example_dags/example_params_trigger_ui.py
[2026-01-14T09:33:26.850+0000] {processor.py:830} INFO - Processing file /home/airflow/.local/lib/python3.12/site-packages/airflow/example_dags/example_params_trigger_ui.py for tasks to queue
[2026-01-14T09:33:26.853+0000] {logging_mixin.py:188} INFO - [2026-01-14T09:33:26.852+0000] {dagbag.py:545} INFO - Filling up the DagBag from /home/airflow/.local/lib/python3.12/site-packages/airflow/example_dags/example_params_trigger_ui.py
[2026-01-14T09:33:26.877+0000] {processor.py:840} INFO - DAG(s) 'example_params_trigger_ui' retrieved from /home/airflow/.local/lib/python3.12/site-packages/airflow/example_dags/example_params_trigger_ui.py
[2026-01-14T09:33:26.959+0000] {logging_mixin.py:188} INFO - [2026-01-14T09:33:26.959+0000] {dag.py:3096} INFO - Sync 1 DAGs
[2026-01-14T09:33:26.979+0000] {logging_mixin.py:188} INFO - [2026-01-14T09:33:26.979+0000] {dag.py:3954} INFO - Setting next_dagrun for example_params_trigger_ui to None, run_after=None
[2026-01-14T09:33:27.011+0000] {processor.py:183} INFO - Processing /home/airflow/.local/lib/python3.12/site-packages/airflow/example_dags/example_params_trigger_ui.py took 0.172 seconds
[2026-01-14T09:33:57.579+0000] {processor.py:161} INFO - Started process (PID=10483) to work on /home/airflow/.local/lib/python3.12/site-packages/airflow/example_dags/example_params_trigger_ui.py
[2026-01-14T09:33:57.581+0000] {processor.py:830} INFO - Processing file /home/airflow/.local/lib/python3.12/site-packages/airflow/example_dags/example_params_trigger_ui.py for tasks to queue
[2026-01-14T09:33:57.585+0000] {logging_mixin.py:188} INFO - [2026-01-14T09:33:57.584+0000] {dagbag.py:545} INFO - Filling up the DagBag from /home/airflow/.local/lib/python3.12/site-packages/airflow/example_dags/example_params_trigger_ui.py
[2026-01-14T09:33:57.608+0000] {processor.py:840} INFO - DAG(s) 'example_params_trigger_ui' retrieved from /home/airflow/.local/lib/python3.12/site-packages/airflow/example_dags/example_params_trigger_ui.py
[2026-01-14T09:33:57.688+0000] {logging_mixin.py:188} INFO - [2026-01-14T09:33:57.688+0000] {dag.py:3096} INFO - Sync 1 DAGs
[2026-01-14T09:33:57.709+0000] {logging_mixin.py:188} INFO - [2026-01-14T09:33:57.708+0000] {dag.py:3954} INFO - Setting next_dagrun for example_params_trigger_ui to None, run_after=None
[2026-01-14T09:33:57.743+0000] {processor.py:183} INFO - Processing /home/airflow/.local/lib/python3.12/site-packages/airflow/example_dags/example_params_trigger_ui.py took 0.174 seconds
[2026-01-14T09:34:28.069+0000] {processor.py:161} INFO - Started process (PID=10744) to work on /home/airflow/.local/lib/python3.12/site-packages/airflow/example_dags/example_params_trigger_ui.py
[2026-01-14T09:34:28.070+0000] {processor.py:830} INFO - Processing file /home/airflow/.local/lib/python3.12/site-packages/airflow/example_dags/example_params_trigger_ui.py for tasks to queue
[2026-01-14T09:34:28.074+0000] {logging_mixin.py:188} INFO - [2026-01-14T09:34:28.073+0000] {dagbag.py:545} INFO - Filling up the DagBag from /home/airflow/.local/lib/python3.12/site-packages/airflow/example_dags/example_params_trigger_ui.py
[2026-01-14T09:34:28.098+0000] {processor.py:840} INFO - DAG(s) 'example_params_trigger_ui' retrieved from /home/airflow/.local/lib/python3.12/site-packages/airflow/example_dags/example_params_trigger_ui.py
[2026-01-14T09:34:28.179+0000] {logging_mixin.py:188} INFO - [2026-01-14T09:34:28.179+0000] {dag.py:3096} INFO - Sync 1 DAGs
[2026-01-14T09:34:28.206+0000] {logging_mixin.py:188} INFO - [2026-01-14T09:34:28.205+0000] {dag.py:3954} INFO - Setting next_dagrun for example_params_trigger_ui to None, run_after=None
[2026-01-14T09:34:28.243+0000] {processor.py:183} INFO - Processing /home/airflow/.local/lib/python3.12/site-packages/airflow/example_dags/example_params_trigger_ui.py took 0.184 seconds
[2026-01-14T09:34:58.685+0000] {processor.py:161} INFO - Started process (PID=11005) to work on /home/airflow/.local/lib/python3.12/site-packages/airflow/example_dags/example_params_trigger_ui.py
[2026-01-14T09:34:58.687+0000] {processor.py:830} INFO - Processing file /home/airflow/.local/lib/python3.12/site-packages/airflow/example_dags/example_params_trigger_ui.py for tasks to queue
[2026-01-14T09:34:58.691+0000] {logging_mixin.py:188} INFO - [2026-01-14T09:34:58.690+0000] {dagbag.py:545} INFO - Filling up the DagBag from /home/airflow/.local/lib/python3.12/site-packages/airflow/example_dags/example_params_trigger_ui.py
[2026-01-14T09:34:58.714+0000] {processor.py:840} INFO - DAG(s) 'example_params_trigger_ui' retrieved from /home/airflow/.local/lib/python3.12/site-packages/airflow/example_dags/example_params_trigger_ui.py
[2026-01-14T09:34:58.799+0000] {logging_mixin.py:188} INFO - [2026-01-14T09:34:58.798+0000] {dag.py:3096} INFO - Sync 1 DAGs
[2026-01-14T09:34:58.821+0000] {logging_mixin.py:188} INFO - [2026-01-14T09:34:58.820+0000] {dag.py:3954} INFO - Setting next_dagrun for example_params_trigger_ui to None, run_after=None
[2026-01-14T09:34:58.853+0000] {processor.py:183} INFO - Processing /home/airflow/.local/lib/python3.12/site-packages/airflow/example_dags/example_params_trigger_ui.py took 0.180 seconds
[2026-01-14T10:03:19.393+0000] {processor.py:161} INFO - Started process (PID=11266) to work on /home/airflow/.local/lib/python3.12/site-packages/airflow/example_dags/example_params_trigger_ui.py
[2026-01-14T10:03:19.395+0000] {processor.py:830} INFO - Processing file /home/airflow/.local/lib/python3.12/site-packages/airflow/example_dags/example_params_trigger_ui.py for tasks to queue
[2026-01-14T10:03:19.397+0000] {logging_mixin.py:188} INFO - [2026-01-14T10:03:19.397+0000] {dagbag.py:545} INFO - Filling up the DagBag from /home/airflow/.local/lib/python3.12/site-packages/airflow/example_dags/example_params_trigger_ui.py
[2026-01-14T10:03:19.421+0000] {processor.py:840} INFO - DAG(s) 'example_params_trigger_ui' retrieved from /home/airflow/.local/lib/python3.12/site-packages/airflow/example_dags/example_params_trigger_ui.py
[2026-01-14T10:03:19.505+0000] {logging_mixin.py:188} INFO - [2026-01-14T10:03:19.505+0000] {dag.py:3096} INFO - Sync 1 DAGs
[2026-01-14T10:03:19.528+0000] {logging_mixin.py:188} INFO - [2026-01-14T10:03:19.527+0000] {dag.py:3954} INFO - Setting next_dagrun for example_params_trigger_ui to None, run_after=None
[2026-01-14T10:03:19.559+0000] {processor.py:183} INFO - Processing /home/airflow/.local/lib/python3.12/site-packages/airflow/example_dags/example_params_trigger_ui.py took 0.174 seconds
[2026-01-14T10:03:50.122+0000] {processor.py:161} INFO - Started process (PID=11529) to work on /home/airflow/.local/lib/python3.12/site-packages/airflow/example_dags/example_params_trigger_ui.py
[2026-01-14T10:03:50.123+0000] {processor.py:830} INFO - Processing file /home/airflow/.local/lib/python3.12/site-packages/airflow/example_dags/example_params_trigger_ui.py for tasks to queue
[2026-01-14T10:03:50.126+0000] {logging_mixin.py:188} INFO - [2026-01-14T10:03:50.126+0000] {dagbag.py:545} INFO - Filling up the DagBag from /home/airflow/.local/lib/python3.12/site-packages/airflow/example_dags/example_params_trigger_ui.py
[2026-01-14T10:03:50.148+0000] {processor.py:840} INFO - DAG(s) 'example_params_trigger_ui' retrieved from /home/airflow/.local/lib/python3.12/site-packages/airflow/example_dags/example_params_trigger_ui.py
[2026-01-14T10:03:50.225+0000] {logging_mixin.py:188} INFO - [2026-01-14T10:03:50.225+0000] {dag.py:3096} INFO - Sync 1 DAGs
[2026-01-14T10:03:50.246+0000] {logging_mixin.py:188} INFO - [2026-01-14T10:03:50.245+0000] {dag.py:3954} INFO - Setting next_dagrun for example_params_trigger_ui to None, run_after=None
[2026-01-14T10:03:50.282+0000] {processor.py:183} INFO - Processing /home/airflow/.local/lib/python3.12/site-packages/airflow/example_dags/example_params_trigger_ui.py took 0.170 seconds
[2026-01-14T10:04:20.555+0000] {processor.py:161} INFO - Started process (PID=11788) to work on /home/airflow/.local/lib/python3.12/site-packages/airflow/example_dags/example_params_trigger_ui.py
[2026-01-14T10:04:20.556+0000] {processor.py:830} INFO - Processing file /home/airflow/.local/lib/python3.12/site-packages/airflow/example_dags/example_params_trigger_ui.py for tasks to queue
[2026-01-14T10:04:20.559+0000] {logging_mixin.py:188} INFO - [2026-01-14T10:04:20.559+0000] {dagbag.py:545} INFO - Filling up the DagBag from /home/airflow/.local/lib/python3.12/site-packages/airflow/example_dags/example_params_trigger_ui.py
[2026-01-14T10:04:20.582+0000] {processor.py:840} INFO - DAG(s) 'example_params_trigger_ui' retrieved from /home/airflow/.local/lib/python3.12/site-packages/airflow/example_dags/example_params_trigger_ui.py
[2026-01-14T10:04:20.661+0000] {logging_mixin.py:188} INFO - [2026-01-14T10:04:20.661+0000] {dag.py:3096} INFO - Sync 1 DAGs
[2026-01-14T10:04:20.680+0000] {logging_mixin.py:188} INFO - [2026-01-14T10:04:20.679+0000] {dag.py:3954} INFO - Setting next_dagrun for example_params_trigger_ui to None, run_after=None
[2026-01-14T10:04:20.712+0000] {processor.py:183} INFO - Processing /home/airflow/.local/lib/python3.12/site-packages/airflow/example_dags/example_params_trigger_ui.py took 0.166 seconds
[2026-01-14T10:04:51.134+0000] {processor.py:161} INFO - Started process (PID=12049) to work on /home/airflow/.local/lib/python3.12/site-packages/airflow/example_dags/example_params_trigger_ui.py
[2026-01-14T10:04:51.136+0000] {processor.py:830} INFO - Processing file /home/airflow/.local/lib/python3.12/site-packages/airflow/example_dags/example_params_trigger_ui.py for tasks to queue
[2026-01-14T10:04:51.140+0000] {logging_mixin.py:188} INFO - [2026-01-14T10:04:51.139+0000] {dagbag.py:545} INFO - Filling up the DagBag from /home/airflow/.local/lib/python3.12/site-packages/airflow/example_dags/example_params_trigger_ui.py
[2026-01-14T10:04:51.162+0000] {processor.py:840} INFO - DAG(s) 'example_params_trigger_ui' retrieved from /home/airflow/.local/lib/python3.12/site-packages/airflow/example_dags/example_params_trigger_ui.py
[2026-01-14T10:04:51.241+0000] {logging_mixin.py:188} INFO - [2026-01-14T10:04:51.241+0000] {dag.py:3096} INFO - Sync 1 DAGs
[2026-01-14T10:04:51.261+0000] {logging_mixin.py:188} INFO - [2026-01-14T10:04:51.260+0000] {dag.py:3954} INFO - Setting next_dagrun for example_params_trigger_ui to None, run_after=None
[2026-01-14T10:04:51.295+0000] {processor.py:183} INFO - Processing /home/airflow/.local/lib/python3.12/site-packages/airflow/example_dags/example_params_trigger_ui.py took 0.172 seconds
[2026-01-14T10:05:21.739+0000] {processor.py:161} INFO - Started process (PID=12312) to work on /home/airflow/.local/lib/python3.12/site-packages/airflow/example_dags/example_params_trigger_ui.py
[2026-01-14T10:05:21.741+0000] {processor.py:830} INFO - Processing file /home/airflow/.local/lib/python3.12/site-packages/airflow/example_dags/example_params_trigger_ui.py for tasks to queue
[2026-01-14T10:05:21.745+0000] {logging_mixin.py:188} INFO - [2026-01-14T10:05:21.744+0000] {dagbag.py:545} INFO - Filling up the DagBag from /home/airflow/.local/lib/python3.12/site-packages/airflow/example_dags/example_params_trigger_ui.py
[2026-01-14T10:05:21.768+0000] {processor.py:840} INFO - DAG(s) 'example_params_trigger_ui' retrieved from /home/airflow/.local/lib/python3.12/site-packages/airflow/example_dags/example_params_trigger_ui.py
[2026-01-14T10:05:21.848+0000] {logging_mixin.py:188} INFO - [2026-01-14T10:05:21.847+0000] {dag.py:3096} INFO - Sync 1 DAGs
[2026-01-14T10:05:21.868+0000] {logging_mixin.py:188} INFO - [2026-01-14T10:05:21.868+0000] {dag.py:3954} INFO - Setting next_dagrun for example_params_trigger_ui to None, run_after=None
[2026-01-14T10:05:21.900+0000] {processor.py:183} INFO - Processing /home/airflow/.local/lib/python3.12/site-packages/airflow/example_dags/example_params_trigger_ui.py took 0.172 seconds
[2026-01-14T10:05:52.385+0000] {processor.py:161} INFO - Started process (PID=12573) to work on /home/airflow/.local/lib/python3.12/site-packages/airflow/example_dags/example_params_trigger_ui.py
[2026-01-14T10:05:52.388+0000] {processor.py:830} INFO - Processing file /home/airflow/.local/lib/python3.12/site-packages/airflow/example_dags/example_params_trigger_ui.py for tasks to queue
[2026-01-14T10:05:52.391+0000] {logging_mixin.py:188} INFO - [2026-01-14T10:05:52.391+0000] {dagbag.py:545} INFO - Filling up the DagBag from /home/airflow/.local/lib/python3.12/site-packages/airflow/example_dags/example_params_trigger_ui.py
[2026-01-14T10:05:52.415+0000] {processor.py:840} INFO - DAG(s) 'example_params_trigger_ui' retrieved from /home/airflow/.local/lib/python3.12/site-packages/airflow/example_dags/example_params_trigger_ui.py
[2026-01-14T10:05:52.502+0000] {logging_mixin.py:188} INFO - [2026-01-14T10:05:52.501+0000] {dag.py:3096} INFO - Sync 1 DAGs
[2026-01-14T10:05:52.522+0000] {logging_mixin.py:188} INFO - [2026-01-14T10:05:52.521+0000] {dag.py:3954} INFO - Setting next_dagrun for example_params_trigger_ui to None, run_after=None
[2026-01-14T10:05:52.550+0000] {processor.py:183} INFO - Processing /home/airflow/.local/lib/python3.12/site-packages/airflow/example_dags/example_params_trigger_ui.py took 0.176 seconds
[2026-01-14T10:06:23.030+0000] {processor.py:161} INFO - Started process (PID=12834) to work on /home/airflow/.local/lib/python3.12/site-packages/airflow/example_dags/example_params_trigger_ui.py
[2026-01-14T10:06:23.031+0000] {processor.py:830} INFO - Processing file /home/airflow/.local/lib/python3.12/site-packages/airflow/example_dags/example_params_trigger_ui.py for tasks to queue
[2026-01-14T10:06:23.034+0000] {logging_mixin.py:188} INFO - [2026-01-14T10:06:23.034+0000] {dagbag.py:545} INFO - Filling up the DagBag from /home/airflow/.local/lib/python3.12/site-packages/airflow/example_dags/example_params_trigger_ui.py
[2026-01-14T10:06:23.054+0000] {processor.py:840} INFO - DAG(s) 'example_params_trigger_ui' retrieved from /home/airflow/.local/lib/python3.12/site-packages/airflow/example_dags/example_params_trigger_ui.py
[2026-01-14T10:06:23.140+0000] {logging_mixin.py:188} INFO - [2026-01-14T10:06:23.140+0000] {dag.py:3096} INFO - Sync 1 DAGs
[2026-01-14T10:06:23.160+0000] {logging_mixin.py:188} INFO - [2026-01-14T10:06:23.160+0000] {dag.py:3954} INFO - Setting next_dagrun for example_params_trigger_ui to None, run_after=None
[2026-01-14T10:06:23.190+0000] {processor.py:183} INFO - Processing /home/airflow/.local/lib/python3.12/site-packages/airflow/example_dags/example_params_trigger_ui.py took 0.170 seconds
[2026-01-14T10:06:53.585+0000] {processor.py:161} INFO - Started process (PID=13093) to work on /home/airflow/.local/lib/python3.12/site-packages/airflow/example_dags/example_params_trigger_ui.py
[2026-01-14T10:06:53.587+0000] {processor.py:830} INFO - Processing file /home/airflow/.local/lib/python3.12/site-packages/airflow/example_dags/example_params_trigger_ui.py for tasks to queue
[2026-01-14T10:06:53.590+0000] {logging_mixin.py:188} INFO - [2026-01-14T10:06:53.589+0000] {dagbag.py:545} INFO - Filling up the DagBag from /home/airflow/.local/lib/python3.12/site-packages/airflow/example_dags/example_params_trigger_ui.py
[2026-01-14T10:06:53.615+0000] {processor.py:840} INFO - DAG(s) 'example_params_trigger_ui' retrieved from /home/airflow/.local/lib/python3.12/site-packages/airflow/example_dags/example_params_trigger_ui.py
[2026-01-14T10:06:53.700+0000] {logging_mixin.py:188} INFO - [2026-01-14T10:06:53.700+0000] {dag.py:3096} INFO - Sync 1 DAGs
[2026-01-14T10:06:53.724+0000] {logging_mixin.py:188} INFO - [2026-01-14T10:06:53.724+0000] {dag.py:3954} INFO - Setting next_dagrun for example_params_trigger_ui to None, run_after=None
[2026-01-14T10:06:53.760+0000] {processor.py:183} INFO - Processing /home/airflow/.local/lib/python3.12/site-packages/airflow/example_dags/example_params_trigger_ui.py took 0.186 seconds
[2026-01-14T10:07:24.184+0000] {processor.py:161} INFO - Started process (PID=13355) to work on /home/airflow/.local/lib/python3.12/site-packages/airflow/example_dags/example_params_trigger_ui.py
[2026-01-14T10:07:24.186+0000] {processor.py:830} INFO - Processing file /home/airflow/.local/lib/python3.12/site-packages/airflow/example_dags/example_params_trigger_ui.py for tasks to queue
[2026-01-14T10:07:24.188+0000] {logging_mixin.py:188} INFO - [2026-01-14T10:07:24.188+0000] {dagbag.py:545} INFO - Filling up the DagBag from /home/airflow/.local/lib/python3.12/site-packages/airflow/example_dags/example_params_trigger_ui.py
[2026-01-14T10:07:24.212+0000] {processor.py:840} INFO - DAG(s) 'example_params_trigger_ui' retrieved from /home/airflow/.local/lib/python3.12/site-packages/airflow/example_dags/example_params_trigger_ui.py
[2026-01-14T10:07:24.293+0000] {logging_mixin.py:188} INFO - [2026-01-14T10:07:24.292+0000] {dag.py:3096} INFO - Sync 1 DAGs
[2026-01-14T10:07:24.313+0000] {logging_mixin.py:188} INFO - [2026-01-14T10:07:24.313+0000] {dag.py:3954} INFO - Setting next_dagrun for example_params_trigger_ui to None, run_after=None
[2026-01-14T10:07:24.344+0000] {processor.py:183} INFO - Processing /home/airflow/.local/lib/python3.12/site-packages/airflow/example_dags/example_params_trigger_ui.py took 0.170 seconds
[2026-01-14T10:07:54.528+0000] {processor.py:161} INFO - Started process (PID=13615) to work on /home/airflow/.local/lib/python3.12/site-packages/airflow/example_dags/example_params_trigger_ui.py
[2026-01-14T10:07:54.529+0000] {processor.py:830} INFO - Processing file /home/airflow/.local/lib/python3.12/site-packages/airflow/example_dags/example_params_trigger_ui.py for tasks to queue
[2026-01-14T10:07:54.532+0000] {logging_mixin.py:188} INFO - [2026-01-14T10:07:54.532+0000] {dagbag.py:545} INFO - Filling up the DagBag from /home/airflow/.local/lib/python3.12/site-packages/airflow/example_dags/example_params_trigger_ui.py
[2026-01-14T10:07:54.558+0000] {processor.py:840} INFO - DAG(s) 'example_params_trigger_ui' retrieved from /home/airflow/.local/lib/python3.12/site-packages/airflow/example_dags/example_params_trigger_ui.py
[2026-01-14T10:07:54.634+0000] {logging_mixin.py:188} INFO - [2026-01-14T10:07:54.633+0000] {dag.py:3096} INFO - Sync 1 DAGs
[2026-01-14T10:07:54.654+0000] {logging_mixin.py:188} INFO - [2026-01-14T10:07:54.654+0000] {dag.py:3954} INFO - Setting next_dagrun for example_params_trigger_ui to None, run_after=None
[2026-01-14T10:07:54.688+0000] {processor.py:183} INFO - Processing /home/airflow/.local/lib/python3.12/site-packages/airflow/example_dags/example_params_trigger_ui.py took 0.171 seconds
[2026-01-14T10:08:25.288+0000] {processor.py:161} INFO - Started process (PID=13876) to work on /home/airflow/.local/lib/python3.12/site-packages/airflow/example_dags/example_params_trigger_ui.py
[2026-01-14T10:08:25.290+0000] {processor.py:830} INFO - Processing file /home/airflow/.local/lib/python3.12/site-packages/airflow/example_dags/example_params_trigger_ui.py for tasks to queue
[2026-01-14T10:08:25.293+0000] {logging_mixin.py:188} INFO - [2026-01-14T10:08:25.293+0000] {dagbag.py:545} INFO - Filling up the DagBag from /home/airflow/.local/lib/python3.12/site-packages/airflow/example_dags/example_params_trigger_ui.py
[2026-01-14T10:08:25.323+0000] {processor.py:840} INFO - DAG(s) 'example_params_trigger_ui' retrieved from /home/airflow/.local/lib/python3.12/site-packages/airflow/example_dags/example_params_trigger_ui.py
[2026-01-14T10:08:25.402+0000] {logging_mixin.py:188} INFO - [2026-01-14T10:08:25.402+0000] {dag.py:3096} INFO - Sync 1 DAGs
[2026-01-14T10:08:25.423+0000] {logging_mixin.py:188} INFO - [2026-01-14T10:08:25.422+0000] {dag.py:3954} INFO - Setting next_dagrun for example_params_trigger_ui to None, run_after=None
[2026-01-14T10:08:25.456+0000] {processor.py:183} INFO - Processing /home/airflow/.local/lib/python3.12/site-packages/airflow/example_dags/example_params_trigger_ui.py took 0.179 seconds
[2026-01-14T10:08:56.011+0000] {processor.py:161} INFO - Started process (PID=14139) to work on /home/airflow/.local/lib/python3.12/site-packages/airflow/example_dags/example_params_trigger_ui.py
[2026-01-14T10:08:56.012+0000] {processor.py:830} INFO - Processing file /home/airflow/.local/lib/python3.12/site-packages/airflow/example_dags/example_params_trigger_ui.py for tasks to queue
[2026-01-14T10:08:56.015+0000] {logging_mixin.py:188} INFO - [2026-01-14T10:08:56.015+0000] {dagbag.py:545} INFO - Filling up the DagBag from /home/airflow/.local/lib/python3.12/site-packages/airflow/example_dags/example_params_trigger_ui.py
[2026-01-14T10:08:56.038+0000] {processor.py:840} INFO - DAG(s) 'example_params_trigger_ui' retrieved from /home/airflow/.local/lib/python3.12/site-packages/airflow/example_dags/example_params_trigger_ui.py
[2026-01-14T10:08:56.115+0000] {logging_mixin.py:188} INFO - [2026-01-14T10:08:56.115+0000] {dag.py:3096} INFO - Sync 1 DAGs
[2026-01-14T10:08:56.136+0000] {logging_mixin.py:188} INFO - [2026-01-14T10:08:56.136+0000] {dag.py:3954} INFO - Setting next_dagrun for example_params_trigger_ui to None, run_after=None
[2026-01-14T10:08:56.169+0000] {processor.py:183} INFO - Processing /home/airflow/.local/lib/python3.12/site-packages/airflow/example_dags/example_params_trigger_ui.py took 0.169 seconds
[2026-01-14T10:09:26.473+0000] {processor.py:161} INFO - Started process (PID=14400) to work on /home/airflow/.local/lib/python3.12/site-packages/airflow/example_dags/example_params_trigger_ui.py
[2026-01-14T10:09:26.475+0000] {processor.py:830} INFO - Processing file /home/airflow/.local/lib/python3.12/site-packages/airflow/example_dags/example_params_trigger_ui.py for tasks to queue
[2026-01-14T10:09:26.478+0000] {logging_mixin.py:188} INFO - [2026-01-14T10:09:26.477+0000] {dagbag.py:545} INFO - Filling up the DagBag from /home/airflow/.local/lib/python3.12/site-packages/airflow/example_dags/example_params_trigger_ui.py
[2026-01-14T10:09:26.499+0000] {processor.py:840} INFO - DAG(s) 'example_params_trigger_ui' retrieved from /home/airflow/.local/lib/python3.12/site-packages/airflow/example_dags/example_params_trigger_ui.py
[2026-01-14T10:09:26.585+0000] {logging_mixin.py:188} INFO - [2026-01-14T10:09:26.584+0000] {dag.py:3096} INFO - Sync 1 DAGs
[2026-01-14T10:09:26.606+0000] {logging_mixin.py:188} INFO - [2026-01-14T10:09:26.606+0000] {dag.py:3954} INFO - Setting next_dagrun for example_params_trigger_ui to None, run_after=None
[2026-01-14T10:09:26.639+0000] {processor.py:183} INFO - Processing /home/airflow/.local/lib/python3.12/site-packages/airflow/example_dags/example_params_trigger_ui.py took 0.176 seconds
[2026-01-14T10:09:56.850+0000] {processor.py:161} INFO - Started process (PID=14661) to work on /home/airflow/.local/lib/python3.12/site-packages/airflow/example_dags/example_params_trigger_ui.py
[2026-01-14T10:09:56.851+0000] {processor.py:830} INFO - Processing file /home/airflow/.local/lib/python3.12/site-packages/airflow/example_dags/example_params_trigger_ui.py for tasks to queue
[2026-01-14T10:09:56.854+0000] {logging_mixin.py:188} INFO - [2026-01-14T10:09:56.854+0000] {dagbag.py:545} INFO - Filling up the DagBag from /home/airflow/.local/lib/python3.12/site-packages/airflow/example_dags/example_params_trigger_ui.py
[2026-01-14T10:09:56.877+0000] {processor.py:840} INFO - DAG(s) 'example_params_trigger_ui' retrieved from /home/airflow/.local/lib/python3.12/site-packages/airflow/example_dags/example_params_trigger_ui.py
[2026-01-14T10:09:56.961+0000] {logging_mixin.py:188} INFO - [2026-01-14T10:09:56.960+0000] {dag.py:3096} INFO - Sync 1 DAGs
[2026-01-14T10:09:56.984+0000] {logging_mixin.py:188} INFO - [2026-01-14T10:09:56.983+0000] {dag.py:3954} INFO - Setting next_dagrun for example_params_trigger_ui to None, run_after=None
[2026-01-14T10:09:57.020+0000] {processor.py:183} INFO - Processing /home/airflow/.local/lib/python3.12/site-packages/airflow/example_dags/example_params_trigger_ui.py took 0.179 seconds
[2026-01-14T10:10:27.333+0000] {processor.py:161} INFO - Started process (PID=14920) to work on /home/airflow/.local/lib/python3.12/site-packages/airflow/example_dags/example_params_trigger_ui.py
[2026-01-14T10:10:27.335+0000] {processor.py:830} INFO - Processing file /home/airflow/.local/lib/python3.12/site-packages/airflow/example_dags/example_params_trigger_ui.py for tasks to queue
[2026-01-14T10:10:27.337+0000] {logging_mixin.py:188} INFO - [2026-01-14T10:10:27.337+0000] {dagbag.py:545} INFO - Filling up the DagBag from /home/airflow/.local/lib/python3.12/site-packages/airflow/example_dags/example_params_trigger_ui.py
[2026-01-14T10:10:27.361+0000] {processor.py:840} INFO - DAG(s) 'example_params_trigger_ui' retrieved from /home/airflow/.local/lib/python3.12/site-packages/airflow/example_dags/example_params_trigger_ui.py
[2026-01-14T10:10:27.452+0000] {logging_mixin.py:188} INFO - [2026-01-14T10:10:27.451+0000] {dag.py:3096} INFO - Sync 1 DAGs
[2026-01-14T10:10:27.471+0000] {logging_mixin.py:188} INFO - [2026-01-14T10:10:27.471+0000] {dag.py:3954} INFO - Setting next_dagrun for example_params_trigger_ui to None, run_after=None
[2026-01-14T10:10:27.500+0000] {processor.py:183} INFO - Processing /home/airflow/.local/lib/python3.12/site-packages/airflow/example_dags/example_params_trigger_ui.py took 0.177 seconds
[2026-01-14T10:30:00.589+0000] {processor.py:161} INFO - Started process (PID=15142) to work on /home/airflow/.local/lib/python3.12/site-packages/airflow/example_dags/example_params_trigger_ui.py
[2026-01-14T10:30:00.595+0000] {processor.py:830} INFO - Processing file /home/airflow/.local/lib/python3.12/site-packages/airflow/example_dags/example_params_trigger_ui.py for tasks to queue
[2026-01-14T10:30:00.600+0000] {logging_mixin.py:188} INFO - [2026-01-14T10:30:00.598+0000] {dagbag.py:545} INFO - Filling up the DagBag from /home/airflow/.local/lib/python3.12/site-packages/airflow/example_dags/example_params_trigger_ui.py
[2026-01-14T10:30:00.657+0000] {processor.py:840} INFO - DAG(s) 'example_params_trigger_ui' retrieved from /home/airflow/.local/lib/python3.12/site-packages/airflow/example_dags/example_params_trigger_ui.py
[2026-01-14T10:30:00.774+0000] {logging_mixin.py:188} INFO - [2026-01-14T10:30:00.774+0000] {dag.py:3096} INFO - Sync 1 DAGs
[2026-01-14T10:30:00.796+0000] {logging_mixin.py:188} INFO - [2026-01-14T10:30:00.796+0000] {dag.py:3954} INFO - Setting next_dagrun for example_params_trigger_ui to None, run_after=None
[2026-01-14T10:30:00.826+0000] {processor.py:183} INFO - Processing /home/airflow/.local/lib/python3.12/site-packages/airflow/example_dags/example_params_trigger_ui.py took 0.262 seconds
