[2026-01-14T07:54:55.804+0000] {processor.py:161} INFO - Started process (PID=408) to work on /home/airflow/.local/lib/python3.12/site-packages/airflow/example_dags/example_skip_dag.py
[2026-01-14T07:54:55.806+0000] {processor.py:830} INFO - Processing file /home/airflow/.local/lib/python3.12/site-packages/airflow/example_dags/example_skip_dag.py for tasks to queue
[2026-01-14T07:54:55.808+0000] {logging_mixin.py:188} INFO - [2026-01-14T07:54:55.808+0000] {dagbag.py:545} INFO - Filling up the DagBag from /home/airflow/.local/lib/python3.12/site-packages/airflow/example_dags/example_skip_dag.py
[2026-01-14T07:54:55.817+0000] {processor.py:840} INFO - DAG(s) 'example_skip_dag' retrieved from /home/airflow/.local/lib/python3.12/site-packages/airflow/example_dags/example_skip_dag.py
[2026-01-14T07:54:55.848+0000] {logging_mixin.py:188} INFO - [2026-01-14T07:54:55.848+0000] {dag.py:3096} INFO - Sync 1 DAGs
[2026-01-14T07:54:55.877+0000] {logging_mixin.py:188} INFO - [2026-01-14T07:54:55.877+0000] {dag.py:3954} INFO - Setting next_dagrun for example_skip_dag to 2026-01-13 00:00:00+00:00, run_after=2026-01-14 00:00:00+00:00
[2026-01-14T07:54:55.903+0000] {processor.py:183} INFO - Processing /home/airflow/.local/lib/python3.12/site-packages/airflow/example_dags/example_skip_dag.py took 0.105 seconds
[2026-01-14T07:55:26.617+0000] {processor.py:161} INFO - Started process (PID=708) to work on /home/airflow/.local/lib/python3.12/site-packages/airflow/example_dags/example_skip_dag.py
[2026-01-14T07:55:26.619+0000] {processor.py:830} INFO - Processing file /home/airflow/.local/lib/python3.12/site-packages/airflow/example_dags/example_skip_dag.py for tasks to queue
[2026-01-14T07:55:26.622+0000] {logging_mixin.py:188} INFO - [2026-01-14T07:55:26.621+0000] {dagbag.py:545} INFO - Filling up the DagBag from /home/airflow/.local/lib/python3.12/site-packages/airflow/example_dags/example_skip_dag.py
[2026-01-14T07:55:26.631+0000] {processor.py:840} INFO - DAG(s) 'example_skip_dag' retrieved from /home/airflow/.local/lib/python3.12/site-packages/airflow/example_dags/example_skip_dag.py
[2026-01-14T07:55:26.673+0000] {logging_mixin.py:188} INFO - [2026-01-14T07:55:26.672+0000] {dag.py:3096} INFO - Sync 1 DAGs
[2026-01-14T07:55:26.710+0000] {logging_mixin.py:188} INFO - [2026-01-14T07:55:26.710+0000] {dag.py:3954} INFO - Setting next_dagrun for example_skip_dag to 2026-01-13 00:00:00+00:00, run_after=2026-01-14 00:00:00+00:00
[2026-01-14T07:55:26.745+0000] {processor.py:183} INFO - Processing /home/airflow/.local/lib/python3.12/site-packages/airflow/example_dags/example_skip_dag.py took 0.135 seconds
[2026-01-14T07:55:57.434+0000] {processor.py:161} INFO - Started process (PID=984) to work on /home/airflow/.local/lib/python3.12/site-packages/airflow/example_dags/example_skip_dag.py
[2026-01-14T07:55:57.436+0000] {processor.py:830} INFO - Processing file /home/airflow/.local/lib/python3.12/site-packages/airflow/example_dags/example_skip_dag.py for tasks to queue
[2026-01-14T07:55:57.438+0000] {logging_mixin.py:188} INFO - [2026-01-14T07:55:57.438+0000] {dagbag.py:545} INFO - Filling up the DagBag from /home/airflow/.local/lib/python3.12/site-packages/airflow/example_dags/example_skip_dag.py
[2026-01-14T07:55:57.447+0000] {processor.py:840} INFO - DAG(s) 'example_skip_dag' retrieved from /home/airflow/.local/lib/python3.12/site-packages/airflow/example_dags/example_skip_dag.py
[2026-01-14T07:55:57.482+0000] {logging_mixin.py:188} INFO - [2026-01-14T07:55:57.481+0000] {dag.py:3096} INFO - Sync 1 DAGs
[2026-01-14T07:55:57.515+0000] {logging_mixin.py:188} INFO - [2026-01-14T07:55:57.515+0000] {dag.py:3954} INFO - Setting next_dagrun for example_skip_dag to 2026-01-13 00:00:00+00:00, run_after=2026-01-14 00:00:00+00:00
[2026-01-14T07:55:57.544+0000] {processor.py:183} INFO - Processing /home/airflow/.local/lib/python3.12/site-packages/airflow/example_dags/example_skip_dag.py took 0.117 seconds
[2026-01-14T07:56:28.333+0000] {processor.py:161} INFO - Started process (PID=1255) to work on /home/airflow/.local/lib/python3.12/site-packages/airflow/example_dags/example_skip_dag.py
[2026-01-14T07:56:28.335+0000] {processor.py:830} INFO - Processing file /home/airflow/.local/lib/python3.12/site-packages/airflow/example_dags/example_skip_dag.py for tasks to queue
[2026-01-14T07:56:28.338+0000] {logging_mixin.py:188} INFO - [2026-01-14T07:56:28.337+0000] {dagbag.py:545} INFO - Filling up the DagBag from /home/airflow/.local/lib/python3.12/site-packages/airflow/example_dags/example_skip_dag.py
[2026-01-14T07:56:28.347+0000] {processor.py:840} INFO - DAG(s) 'example_skip_dag' retrieved from /home/airflow/.local/lib/python3.12/site-packages/airflow/example_dags/example_skip_dag.py
[2026-01-14T07:56:28.382+0000] {logging_mixin.py:188} INFO - [2026-01-14T07:56:28.381+0000] {dag.py:3096} INFO - Sync 1 DAGs
[2026-01-14T07:56:28.416+0000] {logging_mixin.py:188} INFO - [2026-01-14T07:56:28.415+0000] {dag.py:3954} INFO - Setting next_dagrun for example_skip_dag to 2026-01-13 00:00:00+00:00, run_after=2026-01-14 00:00:00+00:00
[2026-01-14T07:56:28.446+0000] {processor.py:183} INFO - Processing /home/airflow/.local/lib/python3.12/site-packages/airflow/example_dags/example_skip_dag.py took 0.120 seconds
[2026-01-14T07:56:59.214+0000] {processor.py:161} INFO - Started process (PID=1522) to work on /home/airflow/.local/lib/python3.12/site-packages/airflow/example_dags/example_skip_dag.py
[2026-01-14T07:56:59.216+0000] {processor.py:830} INFO - Processing file /home/airflow/.local/lib/python3.12/site-packages/airflow/example_dags/example_skip_dag.py for tasks to queue
[2026-01-14T07:56:59.219+0000] {logging_mixin.py:188} INFO - [2026-01-14T07:56:59.218+0000] {dagbag.py:545} INFO - Filling up the DagBag from /home/airflow/.local/lib/python3.12/site-packages/airflow/example_dags/example_skip_dag.py
[2026-01-14T07:56:59.233+0000] {processor.py:840} INFO - DAG(s) 'example_skip_dag' retrieved from /home/airflow/.local/lib/python3.12/site-packages/airflow/example_dags/example_skip_dag.py
[2026-01-14T07:56:59.276+0000] {logging_mixin.py:188} INFO - [2026-01-14T07:56:59.275+0000] {dag.py:3096} INFO - Sync 1 DAGs
[2026-01-14T07:56:59.326+0000] {logging_mixin.py:188} INFO - [2026-01-14T07:56:59.325+0000] {dag.py:3954} INFO - Setting next_dagrun for example_skip_dag to 2026-01-13 00:00:00+00:00, run_after=2026-01-14 00:00:00+00:00
[2026-01-14T07:56:59.356+0000] {processor.py:183} INFO - Processing /home/airflow/.local/lib/python3.12/site-packages/airflow/example_dags/example_skip_dag.py took 0.152 seconds
[2026-01-14T07:57:30.012+0000] {processor.py:161} INFO - Started process (PID=1825) to work on /home/airflow/.local/lib/python3.12/site-packages/airflow/example_dags/example_skip_dag.py
[2026-01-14T07:57:30.014+0000] {processor.py:830} INFO - Processing file /home/airflow/.local/lib/python3.12/site-packages/airflow/example_dags/example_skip_dag.py for tasks to queue
[2026-01-14T07:57:30.018+0000] {logging_mixin.py:188} INFO - [2026-01-14T07:57:30.017+0000] {dagbag.py:545} INFO - Filling up the DagBag from /home/airflow/.local/lib/python3.12/site-packages/airflow/example_dags/example_skip_dag.py
[2026-01-14T07:57:30.030+0000] {processor.py:840} INFO - DAG(s) 'example_skip_dag' retrieved from /home/airflow/.local/lib/python3.12/site-packages/airflow/example_dags/example_skip_dag.py
[2026-01-14T07:57:30.072+0000] {logging_mixin.py:188} INFO - [2026-01-14T07:57:30.072+0000] {dag.py:3096} INFO - Sync 1 DAGs
[2026-01-14T07:57:30.119+0000] {logging_mixin.py:188} INFO - [2026-01-14T07:57:30.119+0000] {dag.py:3954} INFO - Setting next_dagrun for example_skip_dag to 2026-01-13 00:00:00+00:00, run_after=2026-01-14 00:00:00+00:00
[2026-01-14T07:57:30.156+0000] {processor.py:183} INFO - Processing /home/airflow/.local/lib/python3.12/site-packages/airflow/example_dags/example_skip_dag.py took 0.153 seconds
[2026-01-14T07:58:48.787+0000] {processor.py:161} INFO - Started process (PID=360) to work on /home/airflow/.local/lib/python3.12/site-packages/airflow/example_dags/example_skip_dag.py
[2026-01-14T07:58:48.789+0000] {processor.py:830} INFO - Processing file /home/airflow/.local/lib/python3.12/site-packages/airflow/example_dags/example_skip_dag.py for tasks to queue
[2026-01-14T07:58:48.791+0000] {logging_mixin.py:188} INFO - [2026-01-14T07:58:48.791+0000] {dagbag.py:545} INFO - Filling up the DagBag from /home/airflow/.local/lib/python3.12/site-packages/airflow/example_dags/example_skip_dag.py
[2026-01-14T07:58:48.801+0000] {processor.py:840} INFO - DAG(s) 'example_skip_dag' retrieved from /home/airflow/.local/lib/python3.12/site-packages/airflow/example_dags/example_skip_dag.py
[2026-01-14T07:58:48.829+0000] {logging_mixin.py:188} INFO - [2026-01-14T07:58:48.829+0000] {dag.py:3096} INFO - Sync 1 DAGs
[2026-01-14T07:58:48.854+0000] {logging_mixin.py:188} INFO - [2026-01-14T07:58:48.854+0000] {dag.py:3954} INFO - Setting next_dagrun for example_skip_dag to 2026-01-13 00:00:00+00:00, run_after=2026-01-14 00:00:00+00:00
[2026-01-14T07:58:48.876+0000] {processor.py:183} INFO - Processing /home/airflow/.local/lib/python3.12/site-packages/airflow/example_dags/example_skip_dag.py took 0.095 seconds
[2026-01-14T07:59:19.457+0000] {processor.py:161} INFO - Started process (PID=640) to work on /home/airflow/.local/lib/python3.12/site-packages/airflow/example_dags/example_skip_dag.py
[2026-01-14T07:59:19.460+0000] {processor.py:830} INFO - Processing file /home/airflow/.local/lib/python3.12/site-packages/airflow/example_dags/example_skip_dag.py for tasks to queue
[2026-01-14T07:59:19.465+0000] {logging_mixin.py:188} INFO - [2026-01-14T07:59:19.464+0000] {dagbag.py:545} INFO - Filling up the DagBag from /home/airflow/.local/lib/python3.12/site-packages/airflow/example_dags/example_skip_dag.py
[2026-01-14T07:59:19.480+0000] {processor.py:840} INFO - DAG(s) 'example_skip_dag' retrieved from /home/airflow/.local/lib/python3.12/site-packages/airflow/example_dags/example_skip_dag.py
[2026-01-14T07:59:19.537+0000] {logging_mixin.py:188} INFO - [2026-01-14T07:59:19.537+0000] {dag.py:3096} INFO - Sync 1 DAGs
[2026-01-14T07:59:19.617+0000] {logging_mixin.py:188} INFO - [2026-01-14T07:59:19.617+0000] {dag.py:3954} INFO - Setting next_dagrun for example_skip_dag to 2026-01-13 00:00:00+00:00, run_after=2026-01-14 00:00:00+00:00
[2026-01-14T07:59:19.665+0000] {processor.py:183} INFO - Processing /home/airflow/.local/lib/python3.12/site-packages/airflow/example_dags/example_skip_dag.py took 0.226 seconds
[2026-01-14T07:59:49.814+0000] {processor.py:161} INFO - Started process (PID=956) to work on /home/airflow/.local/lib/python3.12/site-packages/airflow/example_dags/example_skip_dag.py
[2026-01-14T07:59:49.815+0000] {processor.py:830} INFO - Processing file /home/airflow/.local/lib/python3.12/site-packages/airflow/example_dags/example_skip_dag.py for tasks to queue
[2026-01-14T07:59:49.817+0000] {logging_mixin.py:188} INFO - [2026-01-14T07:59:49.817+0000] {dagbag.py:545} INFO - Filling up the DagBag from /home/airflow/.local/lib/python3.12/site-packages/airflow/example_dags/example_skip_dag.py
[2026-01-14T07:59:49.826+0000] {processor.py:840} INFO - DAG(s) 'example_skip_dag' retrieved from /home/airflow/.local/lib/python3.12/site-packages/airflow/example_dags/example_skip_dag.py
[2026-01-14T07:59:49.862+0000] {logging_mixin.py:188} INFO - [2026-01-14T07:59:49.862+0000] {dag.py:3096} INFO - Sync 1 DAGs
[2026-01-14T07:59:49.892+0000] {logging_mixin.py:188} INFO - [2026-01-14T07:59:49.892+0000] {dag.py:3954} INFO - Setting next_dagrun for example_skip_dag to 2026-01-13 00:00:00+00:00, run_after=2026-01-14 00:00:00+00:00
[2026-01-14T07:59:49.922+0000] {processor.py:183} INFO - Processing /home/airflow/.local/lib/python3.12/site-packages/airflow/example_dags/example_skip_dag.py took 0.116 seconds
[2026-01-14T08:00:20.295+0000] {processor.py:161} INFO - Started process (PID=1218) to work on /home/airflow/.local/lib/python3.12/site-packages/airflow/example_dags/example_skip_dag.py
[2026-01-14T08:00:20.296+0000] {processor.py:830} INFO - Processing file /home/airflow/.local/lib/python3.12/site-packages/airflow/example_dags/example_skip_dag.py for tasks to queue
[2026-01-14T08:00:20.299+0000] {logging_mixin.py:188} INFO - [2026-01-14T08:00:20.298+0000] {dagbag.py:545} INFO - Filling up the DagBag from /home/airflow/.local/lib/python3.12/site-packages/airflow/example_dags/example_skip_dag.py
[2026-01-14T08:00:20.309+0000] {processor.py:840} INFO - DAG(s) 'example_skip_dag' retrieved from /home/airflow/.local/lib/python3.12/site-packages/airflow/example_dags/example_skip_dag.py
[2026-01-14T08:00:20.344+0000] {logging_mixin.py:188} INFO - [2026-01-14T08:00:20.344+0000] {dag.py:3096} INFO - Sync 1 DAGs
[2026-01-14T08:00:20.376+0000] {logging_mixin.py:188} INFO - [2026-01-14T08:00:20.375+0000] {dag.py:3954} INFO - Setting next_dagrun for example_skip_dag to 2026-01-13 00:00:00+00:00, run_after=2026-01-14 00:00:00+00:00
[2026-01-14T08:00:20.404+0000] {processor.py:183} INFO - Processing /home/airflow/.local/lib/python3.12/site-packages/airflow/example_dags/example_skip_dag.py took 0.120 seconds
[2026-01-14T08:00:50.832+0000] {processor.py:161} INFO - Started process (PID=1479) to work on /home/airflow/.local/lib/python3.12/site-packages/airflow/example_dags/example_skip_dag.py
[2026-01-14T08:00:50.833+0000] {processor.py:830} INFO - Processing file /home/airflow/.local/lib/python3.12/site-packages/airflow/example_dags/example_skip_dag.py for tasks to queue
[2026-01-14T08:00:50.836+0000] {logging_mixin.py:188} INFO - [2026-01-14T08:00:50.835+0000] {dagbag.py:545} INFO - Filling up the DagBag from /home/airflow/.local/lib/python3.12/site-packages/airflow/example_dags/example_skip_dag.py
[2026-01-14T08:00:50.845+0000] {processor.py:840} INFO - DAG(s) 'example_skip_dag' retrieved from /home/airflow/.local/lib/python3.12/site-packages/airflow/example_dags/example_skip_dag.py
[2026-01-14T08:00:50.884+0000] {logging_mixin.py:188} INFO - [2026-01-14T08:00:50.884+0000] {dag.py:3096} INFO - Sync 1 DAGs
[2026-01-14T08:00:50.917+0000] {logging_mixin.py:188} INFO - [2026-01-14T08:00:50.917+0000] {dag.py:3954} INFO - Setting next_dagrun for example_skip_dag to 2026-01-13 00:00:00+00:00, run_after=2026-01-14 00:00:00+00:00
[2026-01-14T08:00:50.946+0000] {processor.py:183} INFO - Processing /home/airflow/.local/lib/python3.12/site-packages/airflow/example_dags/example_skip_dag.py took 0.122 seconds
[2026-01-14T08:01:21.074+0000] {processor.py:161} INFO - Started process (PID=1743) to work on /home/airflow/.local/lib/python3.12/site-packages/airflow/example_dags/example_skip_dag.py
[2026-01-14T08:01:21.075+0000] {processor.py:830} INFO - Processing file /home/airflow/.local/lib/python3.12/site-packages/airflow/example_dags/example_skip_dag.py for tasks to queue
[2026-01-14T08:01:21.078+0000] {logging_mixin.py:188} INFO - [2026-01-14T08:01:21.077+0000] {dagbag.py:545} INFO - Filling up the DagBag from /home/airflow/.local/lib/python3.12/site-packages/airflow/example_dags/example_skip_dag.py
[2026-01-14T08:01:21.086+0000] {processor.py:840} INFO - DAG(s) 'example_skip_dag' retrieved from /home/airflow/.local/lib/python3.12/site-packages/airflow/example_dags/example_skip_dag.py
[2026-01-14T08:01:21.122+0000] {logging_mixin.py:188} INFO - [2026-01-14T08:01:21.122+0000] {dag.py:3096} INFO - Sync 1 DAGs
[2026-01-14T08:01:21.153+0000] {logging_mixin.py:188} INFO - [2026-01-14T08:01:21.153+0000] {dag.py:3954} INFO - Setting next_dagrun for example_skip_dag to 2026-01-13 00:00:00+00:00, run_after=2026-01-14 00:00:00+00:00
[2026-01-14T08:01:21.183+0000] {processor.py:183} INFO - Processing /home/airflow/.local/lib/python3.12/site-packages/airflow/example_dags/example_skip_dag.py took 0.117 seconds
[2026-01-14T08:01:51.412+0000] {processor.py:161} INFO - Started process (PID=2028) to work on /home/airflow/.local/lib/python3.12/site-packages/airflow/example_dags/example_skip_dag.py
[2026-01-14T08:01:51.413+0000] {processor.py:830} INFO - Processing file /home/airflow/.local/lib/python3.12/site-packages/airflow/example_dags/example_skip_dag.py for tasks to queue
[2026-01-14T08:01:51.416+0000] {logging_mixin.py:188} INFO - [2026-01-14T08:01:51.416+0000] {dagbag.py:545} INFO - Filling up the DagBag from /home/airflow/.local/lib/python3.12/site-packages/airflow/example_dags/example_skip_dag.py
[2026-01-14T08:01:51.425+0000] {processor.py:840} INFO - DAG(s) 'example_skip_dag' retrieved from /home/airflow/.local/lib/python3.12/site-packages/airflow/example_dags/example_skip_dag.py
[2026-01-14T08:01:51.461+0000] {logging_mixin.py:188} INFO - [2026-01-14T08:01:51.461+0000] {dag.py:3096} INFO - Sync 1 DAGs
[2026-01-14T08:01:51.494+0000] {logging_mixin.py:188} INFO - [2026-01-14T08:01:51.493+0000] {dag.py:3954} INFO - Setting next_dagrun for example_skip_dag to 2026-01-13 00:00:00+00:00, run_after=2026-01-14 00:00:00+00:00
[2026-01-14T08:01:51.521+0000] {processor.py:183} INFO - Processing /home/airflow/.local/lib/python3.12/site-packages/airflow/example_dags/example_skip_dag.py took 0.117 seconds
[2026-01-14T08:02:21.812+0000] {processor.py:161} INFO - Started process (PID=2292) to work on /home/airflow/.local/lib/python3.12/site-packages/airflow/example_dags/example_skip_dag.py
[2026-01-14T08:02:21.814+0000] {processor.py:830} INFO - Processing file /home/airflow/.local/lib/python3.12/site-packages/airflow/example_dags/example_skip_dag.py for tasks to queue
[2026-01-14T08:02:21.816+0000] {logging_mixin.py:188} INFO - [2026-01-14T08:02:21.816+0000] {dagbag.py:545} INFO - Filling up the DagBag from /home/airflow/.local/lib/python3.12/site-packages/airflow/example_dags/example_skip_dag.py
[2026-01-14T08:02:21.825+0000] {processor.py:840} INFO - DAG(s) 'example_skip_dag' retrieved from /home/airflow/.local/lib/python3.12/site-packages/airflow/example_dags/example_skip_dag.py
[2026-01-14T08:02:21.863+0000] {logging_mixin.py:188} INFO - [2026-01-14T08:02:21.863+0000] {dag.py:3096} INFO - Sync 1 DAGs
[2026-01-14T08:02:21.896+0000] {logging_mixin.py:188} INFO - [2026-01-14T08:02:21.895+0000] {dag.py:3954} INFO - Setting next_dagrun for example_skip_dag to 2026-01-13 00:00:00+00:00, run_after=2026-01-14 00:00:00+00:00
[2026-01-14T08:02:21.923+0000] {processor.py:183} INFO - Processing /home/airflow/.local/lib/python3.12/site-packages/airflow/example_dags/example_skip_dag.py took 0.119 seconds
[2026-01-14T08:02:52.384+0000] {processor.py:161} INFO - Started process (PID=2553) to work on /home/airflow/.local/lib/python3.12/site-packages/airflow/example_dags/example_skip_dag.py
[2026-01-14T08:02:52.385+0000] {processor.py:830} INFO - Processing file /home/airflow/.local/lib/python3.12/site-packages/airflow/example_dags/example_skip_dag.py for tasks to queue
[2026-01-14T08:02:52.388+0000] {logging_mixin.py:188} INFO - [2026-01-14T08:02:52.387+0000] {dagbag.py:545} INFO - Filling up the DagBag from /home/airflow/.local/lib/python3.12/site-packages/airflow/example_dags/example_skip_dag.py
[2026-01-14T08:02:52.398+0000] {processor.py:840} INFO - DAG(s) 'example_skip_dag' retrieved from /home/airflow/.local/lib/python3.12/site-packages/airflow/example_dags/example_skip_dag.py
[2026-01-14T08:02:52.433+0000] {logging_mixin.py:188} INFO - [2026-01-14T08:02:52.433+0000] {dag.py:3096} INFO - Sync 1 DAGs
[2026-01-14T08:02:52.464+0000] {logging_mixin.py:188} INFO - [2026-01-14T08:02:52.464+0000] {dag.py:3954} INFO - Setting next_dagrun for example_skip_dag to 2026-01-13 00:00:00+00:00, run_after=2026-01-14 00:00:00+00:00
[2026-01-14T08:02:52.495+0000] {processor.py:183} INFO - Processing /home/airflow/.local/lib/python3.12/site-packages/airflow/example_dags/example_skip_dag.py took 0.119 seconds
[2026-01-14T08:03:22.776+0000] {processor.py:161} INFO - Started process (PID=2817) to work on /home/airflow/.local/lib/python3.12/site-packages/airflow/example_dags/example_skip_dag.py
[2026-01-14T08:03:22.777+0000] {processor.py:830} INFO - Processing file /home/airflow/.local/lib/python3.12/site-packages/airflow/example_dags/example_skip_dag.py for tasks to queue
[2026-01-14T08:03:22.779+0000] {logging_mixin.py:188} INFO - [2026-01-14T08:03:22.779+0000] {dagbag.py:545} INFO - Filling up the DagBag from /home/airflow/.local/lib/python3.12/site-packages/airflow/example_dags/example_skip_dag.py
[2026-01-14T08:03:22.789+0000] {processor.py:840} INFO - DAG(s) 'example_skip_dag' retrieved from /home/airflow/.local/lib/python3.12/site-packages/airflow/example_dags/example_skip_dag.py
[2026-01-14T08:03:22.825+0000] {logging_mixin.py:188} INFO - [2026-01-14T08:03:22.824+0000] {dag.py:3096} INFO - Sync 1 DAGs
[2026-01-14T08:03:22.856+0000] {logging_mixin.py:188} INFO - [2026-01-14T08:03:22.856+0000] {dag.py:3954} INFO - Setting next_dagrun for example_skip_dag to 2026-01-13 00:00:00+00:00, run_after=2026-01-14 00:00:00+00:00
[2026-01-14T08:03:22.885+0000] {processor.py:183} INFO - Processing /home/airflow/.local/lib/python3.12/site-packages/airflow/example_dags/example_skip_dag.py took 0.118 seconds
[2026-01-14T08:03:53.378+0000] {processor.py:161} INFO - Started process (PID=3102) to work on /home/airflow/.local/lib/python3.12/site-packages/airflow/example_dags/example_skip_dag.py
[2026-01-14T08:03:53.380+0000] {processor.py:830} INFO - Processing file /home/airflow/.local/lib/python3.12/site-packages/airflow/example_dags/example_skip_dag.py for tasks to queue
[2026-01-14T08:03:53.383+0000] {logging_mixin.py:188} INFO - [2026-01-14T08:03:53.382+0000] {dagbag.py:545} INFO - Filling up the DagBag from /home/airflow/.local/lib/python3.12/site-packages/airflow/example_dags/example_skip_dag.py
[2026-01-14T08:03:53.393+0000] {processor.py:840} INFO - DAG(s) 'example_skip_dag' retrieved from /home/airflow/.local/lib/python3.12/site-packages/airflow/example_dags/example_skip_dag.py
[2026-01-14T08:03:53.427+0000] {logging_mixin.py:188} INFO - [2026-01-14T08:03:53.426+0000] {dag.py:3096} INFO - Sync 1 DAGs
[2026-01-14T08:03:53.458+0000] {logging_mixin.py:188} INFO - [2026-01-14T08:03:53.458+0000] {dag.py:3954} INFO - Setting next_dagrun for example_skip_dag to 2026-01-13 00:00:00+00:00, run_after=2026-01-14 00:00:00+00:00
[2026-01-14T08:03:53.488+0000] {processor.py:183} INFO - Processing /home/airflow/.local/lib/python3.12/site-packages/airflow/example_dags/example_skip_dag.py took 0.119 seconds
[2026-01-14T08:04:23.690+0000] {processor.py:161} INFO - Started process (PID=3366) to work on /home/airflow/.local/lib/python3.12/site-packages/airflow/example_dags/example_skip_dag.py
[2026-01-14T08:04:23.691+0000] {processor.py:830} INFO - Processing file /home/airflow/.local/lib/python3.12/site-packages/airflow/example_dags/example_skip_dag.py for tasks to queue
[2026-01-14T08:04:23.694+0000] {logging_mixin.py:188} INFO - [2026-01-14T08:04:23.694+0000] {dagbag.py:545} INFO - Filling up the DagBag from /home/airflow/.local/lib/python3.12/site-packages/airflow/example_dags/example_skip_dag.py
[2026-01-14T08:04:23.703+0000] {processor.py:840} INFO - DAG(s) 'example_skip_dag' retrieved from /home/airflow/.local/lib/python3.12/site-packages/airflow/example_dags/example_skip_dag.py
[2026-01-14T08:04:23.742+0000] {logging_mixin.py:188} INFO - [2026-01-14T08:04:23.742+0000] {dag.py:3096} INFO - Sync 1 DAGs
[2026-01-14T08:04:23.783+0000] {logging_mixin.py:188} INFO - [2026-01-14T08:04:23.783+0000] {dag.py:3954} INFO - Setting next_dagrun for example_skip_dag to 2026-01-13 00:00:00+00:00, run_after=2026-01-14 00:00:00+00:00
[2026-01-14T08:04:23.811+0000] {processor.py:183} INFO - Processing /home/airflow/.local/lib/python3.12/site-packages/airflow/example_dags/example_skip_dag.py took 0.131 seconds
[2026-01-14T08:04:54.288+0000] {processor.py:161} INFO - Started process (PID=3627) to work on /home/airflow/.local/lib/python3.12/site-packages/airflow/example_dags/example_skip_dag.py
[2026-01-14T08:04:54.289+0000] {processor.py:830} INFO - Processing file /home/airflow/.local/lib/python3.12/site-packages/airflow/example_dags/example_skip_dag.py for tasks to queue
[2026-01-14T08:04:54.291+0000] {logging_mixin.py:188} INFO - [2026-01-14T08:04:54.291+0000] {dagbag.py:545} INFO - Filling up the DagBag from /home/airflow/.local/lib/python3.12/site-packages/airflow/example_dags/example_skip_dag.py
[2026-01-14T08:04:54.298+0000] {processor.py:840} INFO - DAG(s) 'example_skip_dag' retrieved from /home/airflow/.local/lib/python3.12/site-packages/airflow/example_dags/example_skip_dag.py
[2026-01-14T08:04:54.327+0000] {logging_mixin.py:188} INFO - [2026-01-14T08:04:54.327+0000] {dag.py:3096} INFO - Sync 1 DAGs
[2026-01-14T08:04:54.354+0000] {logging_mixin.py:188} INFO - [2026-01-14T08:04:54.354+0000] {dag.py:3954} INFO - Setting next_dagrun for example_skip_dag to 2026-01-13 00:00:00+00:00, run_after=2026-01-14 00:00:00+00:00
[2026-01-14T08:04:54.377+0000] {processor.py:183} INFO - Processing /home/airflow/.local/lib/python3.12/site-packages/airflow/example_dags/example_skip_dag.py took 0.095 seconds
[2026-01-14T08:06:49.237+0000] {processor.py:161} INFO - Started process (PID=3885) to work on /home/airflow/.local/lib/python3.12/site-packages/airflow/example_dags/example_skip_dag.py
[2026-01-14T08:06:49.238+0000] {processor.py:830} INFO - Processing file /home/airflow/.local/lib/python3.12/site-packages/airflow/example_dags/example_skip_dag.py for tasks to queue
[2026-01-14T08:06:49.241+0000] {logging_mixin.py:188} INFO - [2026-01-14T08:06:49.241+0000] {dagbag.py:545} INFO - Filling up the DagBag from /home/airflow/.local/lib/python3.12/site-packages/airflow/example_dags/example_skip_dag.py
[2026-01-14T08:06:49.251+0000] {processor.py:840} INFO - DAG(s) 'example_skip_dag' retrieved from /home/airflow/.local/lib/python3.12/site-packages/airflow/example_dags/example_skip_dag.py
[2026-01-14T08:06:49.290+0000] {logging_mixin.py:188} INFO - [2026-01-14T08:06:49.289+0000] {dag.py:3096} INFO - Sync 1 DAGs
[2026-01-14T08:06:49.326+0000] {logging_mixin.py:188} INFO - [2026-01-14T08:06:49.325+0000] {dag.py:3954} INFO - Setting next_dagrun for example_skip_dag to 2026-01-13 00:00:00+00:00, run_after=2026-01-14 00:00:00+00:00
[2026-01-14T08:06:49.359+0000] {processor.py:183} INFO - Processing /home/airflow/.local/lib/python3.12/site-packages/airflow/example_dags/example_skip_dag.py took 0.131 seconds
[2026-01-14T08:07:20.296+0000] {processor.py:161} INFO - Started process (PID=4148) to work on /home/airflow/.local/lib/python3.12/site-packages/airflow/example_dags/example_skip_dag.py
[2026-01-14T08:07:20.297+0000] {processor.py:830} INFO - Processing file /home/airflow/.local/lib/python3.12/site-packages/airflow/example_dags/example_skip_dag.py for tasks to queue
[2026-01-14T08:07:20.299+0000] {logging_mixin.py:188} INFO - [2026-01-14T08:07:20.298+0000] {dagbag.py:545} INFO - Filling up the DagBag from /home/airflow/.local/lib/python3.12/site-packages/airflow/example_dags/example_skip_dag.py
[2026-01-14T08:07:20.306+0000] {processor.py:840} INFO - DAG(s) 'example_skip_dag' retrieved from /home/airflow/.local/lib/python3.12/site-packages/airflow/example_dags/example_skip_dag.py
[2026-01-14T08:07:20.332+0000] {logging_mixin.py:188} INFO - [2026-01-14T08:07:20.332+0000] {dag.py:3096} INFO - Sync 1 DAGs
[2026-01-14T08:07:20.359+0000] {logging_mixin.py:188} INFO - [2026-01-14T08:07:20.359+0000] {dag.py:3954} INFO - Setting next_dagrun for example_skip_dag to 2026-01-13 00:00:00+00:00, run_after=2026-01-14 00:00:00+00:00
[2026-01-14T08:07:20.383+0000] {processor.py:183} INFO - Processing /home/airflow/.local/lib/python3.12/site-packages/airflow/example_dags/example_skip_dag.py took 0.094 seconds
[2026-01-14T08:07:50.833+0000] {processor.py:161} INFO - Started process (PID=4407) to work on /home/airflow/.local/lib/python3.12/site-packages/airflow/example_dags/example_skip_dag.py
[2026-01-14T08:07:50.835+0000] {processor.py:830} INFO - Processing file /home/airflow/.local/lib/python3.12/site-packages/airflow/example_dags/example_skip_dag.py for tasks to queue
[2026-01-14T08:07:50.837+0000] {logging_mixin.py:188} INFO - [2026-01-14T08:07:50.837+0000] {dagbag.py:545} INFO - Filling up the DagBag from /home/airflow/.local/lib/python3.12/site-packages/airflow/example_dags/example_skip_dag.py
[2026-01-14T08:07:50.847+0000] {processor.py:840} INFO - DAG(s) 'example_skip_dag' retrieved from /home/airflow/.local/lib/python3.12/site-packages/airflow/example_dags/example_skip_dag.py
[2026-01-14T08:07:50.886+0000] {logging_mixin.py:188} INFO - [2026-01-14T08:07:50.885+0000] {dag.py:3096} INFO - Sync 1 DAGs
[2026-01-14T08:07:50.919+0000] {logging_mixin.py:188} INFO - [2026-01-14T08:07:50.919+0000] {dag.py:3954} INFO - Setting next_dagrun for example_skip_dag to 2026-01-13 00:00:00+00:00, run_after=2026-01-14 00:00:00+00:00
[2026-01-14T08:07:50.951+0000] {processor.py:183} INFO - Processing /home/airflow/.local/lib/python3.12/site-packages/airflow/example_dags/example_skip_dag.py took 0.126 seconds
[2026-01-14T08:08:21.228+0000] {processor.py:161} INFO - Started process (PID=4668) to work on /home/airflow/.local/lib/python3.12/site-packages/airflow/example_dags/example_skip_dag.py
[2026-01-14T08:08:21.230+0000] {processor.py:830} INFO - Processing file /home/airflow/.local/lib/python3.12/site-packages/airflow/example_dags/example_skip_dag.py for tasks to queue
[2026-01-14T08:08:21.232+0000] {logging_mixin.py:188} INFO - [2026-01-14T08:08:21.232+0000] {dagbag.py:545} INFO - Filling up the DagBag from /home/airflow/.local/lib/python3.12/site-packages/airflow/example_dags/example_skip_dag.py
[2026-01-14T08:08:21.241+0000] {processor.py:840} INFO - DAG(s) 'example_skip_dag' retrieved from /home/airflow/.local/lib/python3.12/site-packages/airflow/example_dags/example_skip_dag.py
[2026-01-14T08:08:21.271+0000] {logging_mixin.py:188} INFO - [2026-01-14T08:08:21.271+0000] {dag.py:3096} INFO - Sync 1 DAGs
[2026-01-14T08:08:21.300+0000] {logging_mixin.py:188} INFO - [2026-01-14T08:08:21.300+0000] {dag.py:3954} INFO - Setting next_dagrun for example_skip_dag to 2026-01-13 00:00:00+00:00, run_after=2026-01-14 00:00:00+00:00
[2026-01-14T08:08:21.322+0000] {processor.py:183} INFO - Processing /home/airflow/.local/lib/python3.12/site-packages/airflow/example_dags/example_skip_dag.py took 0.102 seconds
[2026-01-14T08:08:52.096+0000] {processor.py:161} INFO - Started process (PID=4929) to work on /home/airflow/.local/lib/python3.12/site-packages/airflow/example_dags/example_skip_dag.py
[2026-01-14T08:08:52.097+0000] {processor.py:830} INFO - Processing file /home/airflow/.local/lib/python3.12/site-packages/airflow/example_dags/example_skip_dag.py for tasks to queue
[2026-01-14T08:08:52.100+0000] {logging_mixin.py:188} INFO - [2026-01-14T08:08:52.099+0000] {dagbag.py:545} INFO - Filling up the DagBag from /home/airflow/.local/lib/python3.12/site-packages/airflow/example_dags/example_skip_dag.py
[2026-01-14T08:08:52.110+0000] {processor.py:840} INFO - DAG(s) 'example_skip_dag' retrieved from /home/airflow/.local/lib/python3.12/site-packages/airflow/example_dags/example_skip_dag.py
[2026-01-14T08:08:52.150+0000] {logging_mixin.py:188} INFO - [2026-01-14T08:08:52.149+0000] {dag.py:3096} INFO - Sync 1 DAGs
[2026-01-14T08:08:52.186+0000] {logging_mixin.py:188} INFO - [2026-01-14T08:08:52.186+0000] {dag.py:3954} INFO - Setting next_dagrun for example_skip_dag to 2026-01-13 00:00:00+00:00, run_after=2026-01-14 00:00:00+00:00
[2026-01-14T08:08:52.216+0000] {processor.py:183} INFO - Processing /home/airflow/.local/lib/python3.12/site-packages/airflow/example_dags/example_skip_dag.py took 0.129 seconds
[2026-01-14T08:09:22.383+0000] {processor.py:161} INFO - Started process (PID=5192) to work on /home/airflow/.local/lib/python3.12/site-packages/airflow/example_dags/example_skip_dag.py
[2026-01-14T08:09:22.384+0000] {processor.py:830} INFO - Processing file /home/airflow/.local/lib/python3.12/site-packages/airflow/example_dags/example_skip_dag.py for tasks to queue
[2026-01-14T08:09:22.386+0000] {logging_mixin.py:188} INFO - [2026-01-14T08:09:22.386+0000] {dagbag.py:545} INFO - Filling up the DagBag from /home/airflow/.local/lib/python3.12/site-packages/airflow/example_dags/example_skip_dag.py
[2026-01-14T08:09:22.393+0000] {processor.py:840} INFO - DAG(s) 'example_skip_dag' retrieved from /home/airflow/.local/lib/python3.12/site-packages/airflow/example_dags/example_skip_dag.py
[2026-01-14T08:09:22.420+0000] {logging_mixin.py:188} INFO - [2026-01-14T08:09:22.419+0000] {dag.py:3096} INFO - Sync 1 DAGs
[2026-01-14T08:09:22.448+0000] {logging_mixin.py:188} INFO - [2026-01-14T08:09:22.448+0000] {dag.py:3954} INFO - Setting next_dagrun for example_skip_dag to 2026-01-13 00:00:00+00:00, run_after=2026-01-14 00:00:00+00:00
[2026-01-14T08:09:22.472+0000] {processor.py:183} INFO - Processing /home/airflow/.local/lib/python3.12/site-packages/airflow/example_dags/example_skip_dag.py took 0.097 seconds
[2026-01-14T08:09:52.552+0000] {processor.py:161} INFO - Started process (PID=5451) to work on /home/airflow/.local/lib/python3.12/site-packages/airflow/example_dags/example_skip_dag.py
[2026-01-14T08:09:52.553+0000] {processor.py:830} INFO - Processing file /home/airflow/.local/lib/python3.12/site-packages/airflow/example_dags/example_skip_dag.py for tasks to queue
[2026-01-14T08:09:52.555+0000] {logging_mixin.py:188} INFO - [2026-01-14T08:09:52.555+0000] {dagbag.py:545} INFO - Filling up the DagBag from /home/airflow/.local/lib/python3.12/site-packages/airflow/example_dags/example_skip_dag.py
[2026-01-14T08:09:52.562+0000] {processor.py:840} INFO - DAG(s) 'example_skip_dag' retrieved from /home/airflow/.local/lib/python3.12/site-packages/airflow/example_dags/example_skip_dag.py
[2026-01-14T08:09:52.590+0000] {logging_mixin.py:188} INFO - [2026-01-14T08:09:52.590+0000] {dag.py:3096} INFO - Sync 1 DAGs
[2026-01-14T08:09:52.614+0000] {logging_mixin.py:188} INFO - [2026-01-14T08:09:52.614+0000] {dag.py:3954} INFO - Setting next_dagrun for example_skip_dag to 2026-01-13 00:00:00+00:00, run_after=2026-01-14 00:00:00+00:00
[2026-01-14T08:09:52.635+0000] {processor.py:183} INFO - Processing /home/airflow/.local/lib/python3.12/site-packages/airflow/example_dags/example_skip_dag.py took 0.089 seconds
[2026-01-14T08:10:22.873+0000] {processor.py:161} INFO - Started process (PID=5712) to work on /home/airflow/.local/lib/python3.12/site-packages/airflow/example_dags/example_skip_dag.py
[2026-01-14T08:10:22.874+0000] {processor.py:830} INFO - Processing file /home/airflow/.local/lib/python3.12/site-packages/airflow/example_dags/example_skip_dag.py for tasks to queue
[2026-01-14T08:10:22.877+0000] {logging_mixin.py:188} INFO - [2026-01-14T08:10:22.876+0000] {dagbag.py:545} INFO - Filling up the DagBag from /home/airflow/.local/lib/python3.12/site-packages/airflow/example_dags/example_skip_dag.py
[2026-01-14T08:10:22.884+0000] {processor.py:840} INFO - DAG(s) 'example_skip_dag' retrieved from /home/airflow/.local/lib/python3.12/site-packages/airflow/example_dags/example_skip_dag.py
[2026-01-14T08:10:22.910+0000] {logging_mixin.py:188} INFO - [2026-01-14T08:10:22.910+0000] {dag.py:3096} INFO - Sync 1 DAGs
[2026-01-14T08:10:22.937+0000] {logging_mixin.py:188} INFO - [2026-01-14T08:10:22.937+0000] {dag.py:3954} INFO - Setting next_dagrun for example_skip_dag to 2026-01-13 00:00:00+00:00, run_after=2026-01-14 00:00:00+00:00
[2026-01-14T08:10:22.959+0000] {processor.py:183} INFO - Processing /home/airflow/.local/lib/python3.12/site-packages/airflow/example_dags/example_skip_dag.py took 0.093 seconds
[2026-01-14T08:10:53.154+0000] {processor.py:161} INFO - Started process (PID=5973) to work on /home/airflow/.local/lib/python3.12/site-packages/airflow/example_dags/example_skip_dag.py
[2026-01-14T08:10:53.155+0000] {processor.py:830} INFO - Processing file /home/airflow/.local/lib/python3.12/site-packages/airflow/example_dags/example_skip_dag.py for tasks to queue
[2026-01-14T08:10:53.157+0000] {logging_mixin.py:188} INFO - [2026-01-14T08:10:53.156+0000] {dagbag.py:545} INFO - Filling up the DagBag from /home/airflow/.local/lib/python3.12/site-packages/airflow/example_dags/example_skip_dag.py
[2026-01-14T08:10:53.164+0000] {processor.py:840} INFO - DAG(s) 'example_skip_dag' retrieved from /home/airflow/.local/lib/python3.12/site-packages/airflow/example_dags/example_skip_dag.py
[2026-01-14T08:10:53.191+0000] {logging_mixin.py:188} INFO - [2026-01-14T08:10:53.190+0000] {dag.py:3096} INFO - Sync 1 DAGs
[2026-01-14T08:10:53.218+0000] {logging_mixin.py:188} INFO - [2026-01-14T08:10:53.218+0000] {dag.py:3954} INFO - Setting next_dagrun for example_skip_dag to 2026-01-13 00:00:00+00:00, run_after=2026-01-14 00:00:00+00:00
[2026-01-14T08:10:53.241+0000] {processor.py:183} INFO - Processing /home/airflow/.local/lib/python3.12/site-packages/airflow/example_dags/example_skip_dag.py took 0.095 seconds
[2026-01-14T08:11:23.500+0000] {processor.py:161} INFO - Started process (PID=6234) to work on /home/airflow/.local/lib/python3.12/site-packages/airflow/example_dags/example_skip_dag.py
[2026-01-14T08:11:23.501+0000] {processor.py:830} INFO - Processing file /home/airflow/.local/lib/python3.12/site-packages/airflow/example_dags/example_skip_dag.py for tasks to queue
[2026-01-14T08:11:23.503+0000] {logging_mixin.py:188} INFO - [2026-01-14T08:11:23.503+0000] {dagbag.py:545} INFO - Filling up the DagBag from /home/airflow/.local/lib/python3.12/site-packages/airflow/example_dags/example_skip_dag.py
[2026-01-14T08:11:23.511+0000] {processor.py:840} INFO - DAG(s) 'example_skip_dag' retrieved from /home/airflow/.local/lib/python3.12/site-packages/airflow/example_dags/example_skip_dag.py
[2026-01-14T08:11:23.542+0000] {logging_mixin.py:188} INFO - [2026-01-14T08:11:23.542+0000] {dag.py:3096} INFO - Sync 1 DAGs
[2026-01-14T08:11:23.569+0000] {logging_mixin.py:188} INFO - [2026-01-14T08:11:23.569+0000] {dag.py:3954} INFO - Setting next_dagrun for example_skip_dag to 2026-01-13 00:00:00+00:00, run_after=2026-01-14 00:00:00+00:00
[2026-01-14T08:11:23.592+0000] {processor.py:183} INFO - Processing /home/airflow/.local/lib/python3.12/site-packages/airflow/example_dags/example_skip_dag.py took 0.099 seconds
[2026-01-14T08:11:53.903+0000] {processor.py:161} INFO - Started process (PID=6495) to work on /home/airflow/.local/lib/python3.12/site-packages/airflow/example_dags/example_skip_dag.py
[2026-01-14T08:11:53.904+0000] {processor.py:830} INFO - Processing file /home/airflow/.local/lib/python3.12/site-packages/airflow/example_dags/example_skip_dag.py for tasks to queue
[2026-01-14T08:11:53.906+0000] {logging_mixin.py:188} INFO - [2026-01-14T08:11:53.906+0000] {dagbag.py:545} INFO - Filling up the DagBag from /home/airflow/.local/lib/python3.12/site-packages/airflow/example_dags/example_skip_dag.py
[2026-01-14T08:11:53.913+0000] {processor.py:840} INFO - DAG(s) 'example_skip_dag' retrieved from /home/airflow/.local/lib/python3.12/site-packages/airflow/example_dags/example_skip_dag.py
[2026-01-14T08:11:53.943+0000] {logging_mixin.py:188} INFO - [2026-01-14T08:11:53.943+0000] {dag.py:3096} INFO - Sync 1 DAGs
[2026-01-14T08:11:53.968+0000] {logging_mixin.py:188} INFO - [2026-01-14T08:11:53.968+0000] {dag.py:3954} INFO - Setting next_dagrun for example_skip_dag to 2026-01-13 00:00:00+00:00, run_after=2026-01-14 00:00:00+00:00
[2026-01-14T08:11:53.990+0000] {processor.py:183} INFO - Processing /home/airflow/.local/lib/python3.12/site-packages/airflow/example_dags/example_skip_dag.py took 0.092 seconds
[2026-01-14T08:12:24.648+0000] {processor.py:161} INFO - Started process (PID=6758) to work on /home/airflow/.local/lib/python3.12/site-packages/airflow/example_dags/example_skip_dag.py
[2026-01-14T08:12:24.649+0000] {processor.py:830} INFO - Processing file /home/airflow/.local/lib/python3.12/site-packages/airflow/example_dags/example_skip_dag.py for tasks to queue
[2026-01-14T08:12:24.651+0000] {logging_mixin.py:188} INFO - [2026-01-14T08:12:24.651+0000] {dagbag.py:545} INFO - Filling up the DagBag from /home/airflow/.local/lib/python3.12/site-packages/airflow/example_dags/example_skip_dag.py
[2026-01-14T08:12:24.659+0000] {processor.py:840} INFO - DAG(s) 'example_skip_dag' retrieved from /home/airflow/.local/lib/python3.12/site-packages/airflow/example_dags/example_skip_dag.py
[2026-01-14T08:12:24.685+0000] {logging_mixin.py:188} INFO - [2026-01-14T08:12:24.685+0000] {dag.py:3096} INFO - Sync 1 DAGs
[2026-01-14T08:12:24.713+0000] {logging_mixin.py:188} INFO - [2026-01-14T08:12:24.713+0000] {dag.py:3954} INFO - Setting next_dagrun for example_skip_dag to 2026-01-13 00:00:00+00:00, run_after=2026-01-14 00:00:00+00:00
[2026-01-14T08:12:24.737+0000] {processor.py:183} INFO - Processing /home/airflow/.local/lib/python3.12/site-packages/airflow/example_dags/example_skip_dag.py took 0.096 seconds
[2026-01-14T08:12:55.606+0000] {processor.py:161} INFO - Started process (PID=7019) to work on /home/airflow/.local/lib/python3.12/site-packages/airflow/example_dags/example_skip_dag.py
[2026-01-14T08:12:55.607+0000] {processor.py:830} INFO - Processing file /home/airflow/.local/lib/python3.12/site-packages/airflow/example_dags/example_skip_dag.py for tasks to queue
[2026-01-14T08:12:55.609+0000] {logging_mixin.py:188} INFO - [2026-01-14T08:12:55.608+0000] {dagbag.py:545} INFO - Filling up the DagBag from /home/airflow/.local/lib/python3.12/site-packages/airflow/example_dags/example_skip_dag.py
[2026-01-14T08:12:55.615+0000] {processor.py:840} INFO - DAG(s) 'example_skip_dag' retrieved from /home/airflow/.local/lib/python3.12/site-packages/airflow/example_dags/example_skip_dag.py
[2026-01-14T08:12:55.641+0000] {logging_mixin.py:188} INFO - [2026-01-14T08:12:55.641+0000] {dag.py:3096} INFO - Sync 1 DAGs
[2026-01-14T08:12:55.664+0000] {logging_mixin.py:188} INFO - [2026-01-14T08:12:55.664+0000] {dag.py:3954} INFO - Setting next_dagrun for example_skip_dag to 2026-01-13 00:00:00+00:00, run_after=2026-01-14 00:00:00+00:00
[2026-01-14T08:12:55.686+0000] {processor.py:183} INFO - Processing /home/airflow/.local/lib/python3.12/site-packages/airflow/example_dags/example_skip_dag.py took 0.086 seconds
[2026-01-14T08:13:25.945+0000] {processor.py:161} INFO - Started process (PID=7278) to work on /home/airflow/.local/lib/python3.12/site-packages/airflow/example_dags/example_skip_dag.py
[2026-01-14T08:13:25.946+0000] {processor.py:830} INFO - Processing file /home/airflow/.local/lib/python3.12/site-packages/airflow/example_dags/example_skip_dag.py for tasks to queue
[2026-01-14T08:13:25.948+0000] {logging_mixin.py:188} INFO - [2026-01-14T08:13:25.948+0000] {dagbag.py:545} INFO - Filling up the DagBag from /home/airflow/.local/lib/python3.12/site-packages/airflow/example_dags/example_skip_dag.py
[2026-01-14T08:13:25.956+0000] {processor.py:840} INFO - DAG(s) 'example_skip_dag' retrieved from /home/airflow/.local/lib/python3.12/site-packages/airflow/example_dags/example_skip_dag.py
[2026-01-14T08:13:25.984+0000] {logging_mixin.py:188} INFO - [2026-01-14T08:13:25.984+0000] {dag.py:3096} INFO - Sync 1 DAGs
[2026-01-14T08:13:26.011+0000] {logging_mixin.py:188} INFO - [2026-01-14T08:13:26.011+0000] {dag.py:3954} INFO - Setting next_dagrun for example_skip_dag to 2026-01-13 00:00:00+00:00, run_after=2026-01-14 00:00:00+00:00
[2026-01-14T08:13:26.035+0000] {processor.py:183} INFO - Processing /home/airflow/.local/lib/python3.12/site-packages/airflow/example_dags/example_skip_dag.py took 0.096 seconds
[2026-01-14T09:27:45.370+0000] {processor.py:161} INFO - Started process (PID=7537) to work on /home/airflow/.local/lib/python3.12/site-packages/airflow/example_dags/example_skip_dag.py
[2026-01-14T09:27:45.372+0000] {processor.py:830} INFO - Processing file /home/airflow/.local/lib/python3.12/site-packages/airflow/example_dags/example_skip_dag.py for tasks to queue
[2026-01-14T09:27:45.374+0000] {logging_mixin.py:188} INFO - [2026-01-14T09:27:45.374+0000] {dagbag.py:545} INFO - Filling up the DagBag from /home/airflow/.local/lib/python3.12/site-packages/airflow/example_dags/example_skip_dag.py
[2026-01-14T09:27:45.385+0000] {processor.py:840} INFO - DAG(s) 'example_skip_dag' retrieved from /home/airflow/.local/lib/python3.12/site-packages/airflow/example_dags/example_skip_dag.py
[2026-01-14T09:27:45.425+0000] {logging_mixin.py:188} INFO - [2026-01-14T09:27:45.424+0000] {dag.py:3096} INFO - Sync 1 DAGs
[2026-01-14T09:27:45.462+0000] {logging_mixin.py:188} INFO - [2026-01-14T09:27:45.461+0000] {dag.py:3954} INFO - Setting next_dagrun for example_skip_dag to 2026-01-13 00:00:00+00:00, run_after=2026-01-14 00:00:00+00:00
[2026-01-14T09:27:45.494+0000] {processor.py:183} INFO - Processing /home/airflow/.local/lib/python3.12/site-packages/airflow/example_dags/example_skip_dag.py took 0.131 seconds
[2026-01-14T09:28:16.110+0000] {processor.py:161} INFO - Started process (PID=7800) to work on /home/airflow/.local/lib/python3.12/site-packages/airflow/example_dags/example_skip_dag.py
[2026-01-14T09:28:16.111+0000] {processor.py:830} INFO - Processing file /home/airflow/.local/lib/python3.12/site-packages/airflow/example_dags/example_skip_dag.py for tasks to queue
[2026-01-14T09:28:16.113+0000] {logging_mixin.py:188} INFO - [2026-01-14T09:28:16.113+0000] {dagbag.py:545} INFO - Filling up the DagBag from /home/airflow/.local/lib/python3.12/site-packages/airflow/example_dags/example_skip_dag.py
[2026-01-14T09:28:16.120+0000] {processor.py:840} INFO - DAG(s) 'example_skip_dag' retrieved from /home/airflow/.local/lib/python3.12/site-packages/airflow/example_dags/example_skip_dag.py
[2026-01-14T09:28:16.147+0000] {logging_mixin.py:188} INFO - [2026-01-14T09:28:16.146+0000] {dag.py:3096} INFO - Sync 1 DAGs
[2026-01-14T09:28:16.170+0000] {logging_mixin.py:188} INFO - [2026-01-14T09:28:16.170+0000] {dag.py:3954} INFO - Setting next_dagrun for example_skip_dag to 2026-01-13 00:00:00+00:00, run_after=2026-01-14 00:00:00+00:00
[2026-01-14T09:28:16.191+0000] {processor.py:183} INFO - Processing /home/airflow/.local/lib/python3.12/site-packages/airflow/example_dags/example_skip_dag.py took 0.087 seconds
[2026-01-14T09:28:46.828+0000] {processor.py:161} INFO - Started process (PID=8059) to work on /home/airflow/.local/lib/python3.12/site-packages/airflow/example_dags/example_skip_dag.py
[2026-01-14T09:28:46.829+0000] {processor.py:830} INFO - Processing file /home/airflow/.local/lib/python3.12/site-packages/airflow/example_dags/example_skip_dag.py for tasks to queue
[2026-01-14T09:28:46.831+0000] {logging_mixin.py:188} INFO - [2026-01-14T09:28:46.831+0000] {dagbag.py:545} INFO - Filling up the DagBag from /home/airflow/.local/lib/python3.12/site-packages/airflow/example_dags/example_skip_dag.py
[2026-01-14T09:28:46.838+0000] {processor.py:840} INFO - DAG(s) 'example_skip_dag' retrieved from /home/airflow/.local/lib/python3.12/site-packages/airflow/example_dags/example_skip_dag.py
[2026-01-14T09:28:46.865+0000] {logging_mixin.py:188} INFO - [2026-01-14T09:28:46.865+0000] {dag.py:3096} INFO - Sync 1 DAGs
[2026-01-14T09:28:46.896+0000] {logging_mixin.py:188} INFO - [2026-01-14T09:28:46.895+0000] {dag.py:3954} INFO - Setting next_dagrun for example_skip_dag to 2026-01-13 00:00:00+00:00, run_after=2026-01-14 00:00:00+00:00
[2026-01-14T09:28:46.918+0000] {processor.py:183} INFO - Processing /home/airflow/.local/lib/python3.12/site-packages/airflow/example_dags/example_skip_dag.py took 0.096 seconds
[2026-01-14T09:29:17.157+0000] {processor.py:161} INFO - Started process (PID=8320) to work on /home/airflow/.local/lib/python3.12/site-packages/airflow/example_dags/example_skip_dag.py
[2026-01-14T09:29:17.158+0000] {processor.py:830} INFO - Processing file /home/airflow/.local/lib/python3.12/site-packages/airflow/example_dags/example_skip_dag.py for tasks to queue
[2026-01-14T09:29:17.160+0000] {logging_mixin.py:188} INFO - [2026-01-14T09:29:17.159+0000] {dagbag.py:545} INFO - Filling up the DagBag from /home/airflow/.local/lib/python3.12/site-packages/airflow/example_dags/example_skip_dag.py
[2026-01-14T09:29:17.167+0000] {processor.py:840} INFO - DAG(s) 'example_skip_dag' retrieved from /home/airflow/.local/lib/python3.12/site-packages/airflow/example_dags/example_skip_dag.py
[2026-01-14T09:29:17.194+0000] {logging_mixin.py:188} INFO - [2026-01-14T09:29:17.193+0000] {dag.py:3096} INFO - Sync 1 DAGs
[2026-01-14T09:29:17.218+0000] {logging_mixin.py:188} INFO - [2026-01-14T09:29:17.218+0000] {dag.py:3954} INFO - Setting next_dagrun for example_skip_dag to 2026-01-13 00:00:00+00:00, run_after=2026-01-14 00:00:00+00:00
[2026-01-14T09:29:17.242+0000] {processor.py:183} INFO - Processing /home/airflow/.local/lib/python3.12/site-packages/airflow/example_dags/example_skip_dag.py took 0.091 seconds
[2026-01-14T09:29:47.898+0000] {processor.py:161} INFO - Started process (PID=8583) to work on /home/airflow/.local/lib/python3.12/site-packages/airflow/example_dags/example_skip_dag.py
[2026-01-14T09:29:47.899+0000] {processor.py:830} INFO - Processing file /home/airflow/.local/lib/python3.12/site-packages/airflow/example_dags/example_skip_dag.py for tasks to queue
[2026-01-14T09:29:47.901+0000] {logging_mixin.py:188} INFO - [2026-01-14T09:29:47.901+0000] {dagbag.py:545} INFO - Filling up the DagBag from /home/airflow/.local/lib/python3.12/site-packages/airflow/example_dags/example_skip_dag.py
[2026-01-14T09:29:47.908+0000] {processor.py:840} INFO - DAG(s) 'example_skip_dag' retrieved from /home/airflow/.local/lib/python3.12/site-packages/airflow/example_dags/example_skip_dag.py
[2026-01-14T09:29:47.935+0000] {logging_mixin.py:188} INFO - [2026-01-14T09:29:47.935+0000] {dag.py:3096} INFO - Sync 1 DAGs
[2026-01-14T09:29:47.960+0000] {logging_mixin.py:188} INFO - [2026-01-14T09:29:47.960+0000] {dag.py:3954} INFO - Setting next_dagrun for example_skip_dag to 2026-01-13 00:00:00+00:00, run_after=2026-01-14 00:00:00+00:00
[2026-01-14T09:29:47.983+0000] {processor.py:183} INFO - Processing /home/airflow/.local/lib/python3.12/site-packages/airflow/example_dags/example_skip_dag.py took 0.091 seconds
[2026-01-14T09:30:18.781+0000] {processor.py:161} INFO - Started process (PID=8844) to work on /home/airflow/.local/lib/python3.12/site-packages/airflow/example_dags/example_skip_dag.py
[2026-01-14T09:30:18.783+0000] {processor.py:830} INFO - Processing file /home/airflow/.local/lib/python3.12/site-packages/airflow/example_dags/example_skip_dag.py for tasks to queue
[2026-01-14T09:30:18.786+0000] {logging_mixin.py:188} INFO - [2026-01-14T09:30:18.785+0000] {dagbag.py:545} INFO - Filling up the DagBag from /home/airflow/.local/lib/python3.12/site-packages/airflow/example_dags/example_skip_dag.py
[2026-01-14T09:30:18.795+0000] {processor.py:840} INFO - DAG(s) 'example_skip_dag' retrieved from /home/airflow/.local/lib/python3.12/site-packages/airflow/example_dags/example_skip_dag.py
[2026-01-14T09:30:18.834+0000] {logging_mixin.py:188} INFO - [2026-01-14T09:30:18.834+0000] {dag.py:3096} INFO - Sync 1 DAGs
[2026-01-14T09:30:18.869+0000] {logging_mixin.py:188} INFO - [2026-01-14T09:30:18.869+0000] {dag.py:3954} INFO - Setting next_dagrun for example_skip_dag to 2026-01-13 00:00:00+00:00, run_after=2026-01-14 00:00:00+00:00
[2026-01-14T09:30:18.902+0000] {processor.py:183} INFO - Processing /home/airflow/.local/lib/python3.12/site-packages/airflow/example_dags/example_skip_dag.py took 0.130 seconds
[2026-01-14T09:30:49.468+0000] {processor.py:161} INFO - Started process (PID=9103) to work on /home/airflow/.local/lib/python3.12/site-packages/airflow/example_dags/example_skip_dag.py
[2026-01-14T09:30:49.470+0000] {processor.py:830} INFO - Processing file /home/airflow/.local/lib/python3.12/site-packages/airflow/example_dags/example_skip_dag.py for tasks to queue
[2026-01-14T09:30:49.472+0000] {logging_mixin.py:188} INFO - [2026-01-14T09:30:49.471+0000] {dagbag.py:545} INFO - Filling up the DagBag from /home/airflow/.local/lib/python3.12/site-packages/airflow/example_dags/example_skip_dag.py
[2026-01-14T09:30:49.482+0000] {processor.py:840} INFO - DAG(s) 'example_skip_dag' retrieved from /home/airflow/.local/lib/python3.12/site-packages/airflow/example_dags/example_skip_dag.py
[2026-01-14T09:30:49.517+0000] {logging_mixin.py:188} INFO - [2026-01-14T09:30:49.517+0000] {dag.py:3096} INFO - Sync 1 DAGs
[2026-01-14T09:30:49.551+0000] {logging_mixin.py:188} INFO - [2026-01-14T09:30:49.551+0000] {dag.py:3954} INFO - Setting next_dagrun for example_skip_dag to 2026-01-13 00:00:00+00:00, run_after=2026-01-14 00:00:00+00:00
[2026-01-14T09:30:49.585+0000] {processor.py:183} INFO - Processing /home/airflow/.local/lib/python3.12/site-packages/airflow/example_dags/example_skip_dag.py took 0.125 seconds
[2026-01-14T09:31:28.551+0000] {processor.py:161} INFO - Started process (PID=9358) to work on /home/airflow/.local/lib/python3.12/site-packages/airflow/example_dags/example_skip_dag.py
[2026-01-14T09:31:28.553+0000] {processor.py:830} INFO - Processing file /home/airflow/.local/lib/python3.12/site-packages/airflow/example_dags/example_skip_dag.py for tasks to queue
[2026-01-14T09:31:28.555+0000] {logging_mixin.py:188} INFO - [2026-01-14T09:31:28.555+0000] {dagbag.py:545} INFO - Filling up the DagBag from /home/airflow/.local/lib/python3.12/site-packages/airflow/example_dags/example_skip_dag.py
[2026-01-14T09:31:28.566+0000] {processor.py:840} INFO - DAG(s) 'example_skip_dag' retrieved from /home/airflow/.local/lib/python3.12/site-packages/airflow/example_dags/example_skip_dag.py
[2026-01-14T09:31:28.607+0000] {logging_mixin.py:188} INFO - [2026-01-14T09:31:28.606+0000] {dag.py:3096} INFO - Sync 1 DAGs
[2026-01-14T09:31:28.643+0000] {logging_mixin.py:188} INFO - [2026-01-14T09:31:28.642+0000] {dag.py:3954} INFO - Setting next_dagrun for example_skip_dag to 2026-01-13 00:00:00+00:00, run_after=2026-01-14 00:00:00+00:00
[2026-01-14T09:31:28.850+0000] {processor.py:183} INFO - Processing /home/airflow/.local/lib/python3.12/site-packages/airflow/example_dags/example_skip_dag.py took 0.308 seconds
[2026-01-14T09:31:59.750+0000] {processor.py:161} INFO - Started process (PID=9619) to work on /home/airflow/.local/lib/python3.12/site-packages/airflow/example_dags/example_skip_dag.py
[2026-01-14T09:31:59.751+0000] {processor.py:830} INFO - Processing file /home/airflow/.local/lib/python3.12/site-packages/airflow/example_dags/example_skip_dag.py for tasks to queue
[2026-01-14T09:31:59.754+0000] {logging_mixin.py:188} INFO - [2026-01-14T09:31:59.754+0000] {dagbag.py:545} INFO - Filling up the DagBag from /home/airflow/.local/lib/python3.12/site-packages/airflow/example_dags/example_skip_dag.py
[2026-01-14T09:31:59.766+0000] {processor.py:840} INFO - DAG(s) 'example_skip_dag' retrieved from /home/airflow/.local/lib/python3.12/site-packages/airflow/example_dags/example_skip_dag.py
[2026-01-14T09:31:59.814+0000] {logging_mixin.py:188} INFO - [2026-01-14T09:31:59.813+0000] {dag.py:3096} INFO - Sync 1 DAGs
[2026-01-14T09:31:59.863+0000] {logging_mixin.py:188} INFO - [2026-01-14T09:31:59.862+0000] {dag.py:3954} INFO - Setting next_dagrun for example_skip_dag to 2026-01-13 00:00:00+00:00, run_after=2026-01-14 00:00:00+00:00
[2026-01-14T09:32:00.186+0000] {processor.py:183} INFO - Processing /home/airflow/.local/lib/python3.12/site-packages/airflow/example_dags/example_skip_dag.py took 0.446 seconds
[2026-01-14T09:32:31.100+0000] {processor.py:161} INFO - Started process (PID=9880) to work on /home/airflow/.local/lib/python3.12/site-packages/airflow/example_dags/example_skip_dag.py
[2026-01-14T09:32:31.101+0000] {processor.py:830} INFO - Processing file /home/airflow/.local/lib/python3.12/site-packages/airflow/example_dags/example_skip_dag.py for tasks to queue
[2026-01-14T09:32:31.104+0000] {logging_mixin.py:188} INFO - [2026-01-14T09:32:31.104+0000] {dagbag.py:545} INFO - Filling up the DagBag from /home/airflow/.local/lib/python3.12/site-packages/airflow/example_dags/example_skip_dag.py
[2026-01-14T09:32:31.114+0000] {processor.py:840} INFO - DAG(s) 'example_skip_dag' retrieved from /home/airflow/.local/lib/python3.12/site-packages/airflow/example_dags/example_skip_dag.py
[2026-01-14T09:32:31.152+0000] {logging_mixin.py:188} INFO - [2026-01-14T09:32:31.151+0000] {dag.py:3096} INFO - Sync 1 DAGs
[2026-01-14T09:32:31.185+0000] {logging_mixin.py:188} INFO - [2026-01-14T09:32:31.185+0000] {dag.py:3954} INFO - Setting next_dagrun for example_skip_dag to 2026-01-13 00:00:00+00:00, run_after=2026-01-14 00:00:00+00:00
[2026-01-14T09:32:31.221+0000] {processor.py:183} INFO - Processing /home/airflow/.local/lib/python3.12/site-packages/airflow/example_dags/example_skip_dag.py took 0.129 seconds
[2026-01-14T09:33:01.742+0000] {processor.py:161} INFO - Started process (PID=10141) to work on /home/airflow/.local/lib/python3.12/site-packages/airflow/example_dags/example_skip_dag.py
[2026-01-14T09:33:01.743+0000] {processor.py:830} INFO - Processing file /home/airflow/.local/lib/python3.12/site-packages/airflow/example_dags/example_skip_dag.py for tasks to queue
[2026-01-14T09:33:01.747+0000] {logging_mixin.py:188} INFO - [2026-01-14T09:33:01.746+0000] {dagbag.py:545} INFO - Filling up the DagBag from /home/airflow/.local/lib/python3.12/site-packages/airflow/example_dags/example_skip_dag.py
[2026-01-14T09:33:01.754+0000] {processor.py:840} INFO - DAG(s) 'example_skip_dag' retrieved from /home/airflow/.local/lib/python3.12/site-packages/airflow/example_dags/example_skip_dag.py
[2026-01-14T09:33:01.792+0000] {logging_mixin.py:188} INFO - [2026-01-14T09:33:01.791+0000] {dag.py:3096} INFO - Sync 1 DAGs
[2026-01-14T09:33:01.830+0000] {logging_mixin.py:188} INFO - [2026-01-14T09:33:01.830+0000] {dag.py:3954} INFO - Setting next_dagrun for example_skip_dag to 2026-01-13 00:00:00+00:00, run_after=2026-01-14 00:00:00+00:00
[2026-01-14T09:33:01.861+0000] {processor.py:183} INFO - Processing /home/airflow/.local/lib/python3.12/site-packages/airflow/example_dags/example_skip_dag.py took 0.128 seconds
[2026-01-14T09:33:32.772+0000] {processor.py:161} INFO - Started process (PID=10402) to work on /home/airflow/.local/lib/python3.12/site-packages/airflow/example_dags/example_skip_dag.py
[2026-01-14T09:33:32.773+0000] {processor.py:830} INFO - Processing file /home/airflow/.local/lib/python3.12/site-packages/airflow/example_dags/example_skip_dag.py for tasks to queue
[2026-01-14T09:33:32.776+0000] {logging_mixin.py:188} INFO - [2026-01-14T09:33:32.775+0000] {dagbag.py:545} INFO - Filling up the DagBag from /home/airflow/.local/lib/python3.12/site-packages/airflow/example_dags/example_skip_dag.py
[2026-01-14T09:33:32.786+0000] {processor.py:840} INFO - DAG(s) 'example_skip_dag' retrieved from /home/airflow/.local/lib/python3.12/site-packages/airflow/example_dags/example_skip_dag.py
[2026-01-14T09:33:32.824+0000] {logging_mixin.py:188} INFO - [2026-01-14T09:33:32.823+0000] {dag.py:3096} INFO - Sync 1 DAGs
[2026-01-14T09:33:32.857+0000] {logging_mixin.py:188} INFO - [2026-01-14T09:33:32.857+0000] {dag.py:3954} INFO - Setting next_dagrun for example_skip_dag to 2026-01-13 00:00:00+00:00, run_after=2026-01-14 00:00:00+00:00
[2026-01-14T09:33:32.887+0000] {processor.py:183} INFO - Processing /home/airflow/.local/lib/python3.12/site-packages/airflow/example_dags/example_skip_dag.py took 0.123 seconds
[2026-01-14T09:34:03.349+0000] {processor.py:161} INFO - Started process (PID=10663) to work on /home/airflow/.local/lib/python3.12/site-packages/airflow/example_dags/example_skip_dag.py
[2026-01-14T09:34:03.351+0000] {processor.py:830} INFO - Processing file /home/airflow/.local/lib/python3.12/site-packages/airflow/example_dags/example_skip_dag.py for tasks to queue
[2026-01-14T09:34:03.354+0000] {logging_mixin.py:188} INFO - [2026-01-14T09:34:03.353+0000] {dagbag.py:545} INFO - Filling up the DagBag from /home/airflow/.local/lib/python3.12/site-packages/airflow/example_dags/example_skip_dag.py
[2026-01-14T09:34:03.362+0000] {processor.py:840} INFO - DAG(s) 'example_skip_dag' retrieved from /home/airflow/.local/lib/python3.12/site-packages/airflow/example_dags/example_skip_dag.py
[2026-01-14T09:34:03.402+0000] {logging_mixin.py:188} INFO - [2026-01-14T09:34:03.401+0000] {dag.py:3096} INFO - Sync 1 DAGs
[2026-01-14T09:34:03.441+0000] {logging_mixin.py:188} INFO - [2026-01-14T09:34:03.440+0000] {dag.py:3954} INFO - Setting next_dagrun for example_skip_dag to 2026-01-13 00:00:00+00:00, run_after=2026-01-14 00:00:00+00:00
[2026-01-14T09:34:03.469+0000] {processor.py:183} INFO - Processing /home/airflow/.local/lib/python3.12/site-packages/airflow/example_dags/example_skip_dag.py took 0.128 seconds
[2026-01-14T09:34:34.083+0000] {processor.py:161} INFO - Started process (PID=10924) to work on /home/airflow/.local/lib/python3.12/site-packages/airflow/example_dags/example_skip_dag.py
[2026-01-14T09:34:34.085+0000] {processor.py:830} INFO - Processing file /home/airflow/.local/lib/python3.12/site-packages/airflow/example_dags/example_skip_dag.py for tasks to queue
[2026-01-14T09:34:34.087+0000] {logging_mixin.py:188} INFO - [2026-01-14T09:34:34.087+0000] {dagbag.py:545} INFO - Filling up the DagBag from /home/airflow/.local/lib/python3.12/site-packages/airflow/example_dags/example_skip_dag.py
[2026-01-14T09:34:34.097+0000] {processor.py:840} INFO - DAG(s) 'example_skip_dag' retrieved from /home/airflow/.local/lib/python3.12/site-packages/airflow/example_dags/example_skip_dag.py
[2026-01-14T09:34:34.132+0000] {logging_mixin.py:188} INFO - [2026-01-14T09:34:34.132+0000] {dag.py:3096} INFO - Sync 1 DAGs
[2026-01-14T09:34:34.170+0000] {logging_mixin.py:188} INFO - [2026-01-14T09:34:34.169+0000] {dag.py:3954} INFO - Setting next_dagrun for example_skip_dag to 2026-01-13 00:00:00+00:00, run_after=2026-01-14 00:00:00+00:00
[2026-01-14T09:34:34.200+0000] {processor.py:183} INFO - Processing /home/airflow/.local/lib/python3.12/site-packages/airflow/example_dags/example_skip_dag.py took 0.124 seconds
[2026-01-14T09:35:05.298+0000] {processor.py:161} INFO - Started process (PID=11185) to work on /home/airflow/.local/lib/python3.12/site-packages/airflow/example_dags/example_skip_dag.py
[2026-01-14T09:35:05.300+0000] {processor.py:830} INFO - Processing file /home/airflow/.local/lib/python3.12/site-packages/airflow/example_dags/example_skip_dag.py for tasks to queue
[2026-01-14T09:35:05.305+0000] {logging_mixin.py:188} INFO - [2026-01-14T09:35:05.304+0000] {dagbag.py:545} INFO - Filling up the DagBag from /home/airflow/.local/lib/python3.12/site-packages/airflow/example_dags/example_skip_dag.py
[2026-01-14T09:35:05.316+0000] {processor.py:840} INFO - DAG(s) 'example_skip_dag' retrieved from /home/airflow/.local/lib/python3.12/site-packages/airflow/example_dags/example_skip_dag.py
[2026-01-14T09:35:05.379+0000] {logging_mixin.py:188} INFO - [2026-01-14T09:35:05.379+0000] {dag.py:3096} INFO - Sync 1 DAGs
[2026-01-14T09:35:05.437+0000] {logging_mixin.py:188} INFO - [2026-01-14T09:35:05.436+0000] {dag.py:3954} INFO - Setting next_dagrun for example_skip_dag to 2026-01-13 00:00:00+00:00, run_after=2026-01-14 00:00:00+00:00
[2026-01-14T09:35:05.500+0000] {processor.py:183} INFO - Processing /home/airflow/.local/lib/python3.12/site-packages/airflow/example_dags/example_skip_dag.py took 0.215 seconds
[2026-01-14T10:03:23.278+0000] {processor.py:161} INFO - Started process (PID=11446) to work on /home/airflow/.local/lib/python3.12/site-packages/airflow/example_dags/example_skip_dag.py
[2026-01-14T10:03:23.279+0000] {processor.py:830} INFO - Processing file /home/airflow/.local/lib/python3.12/site-packages/airflow/example_dags/example_skip_dag.py for tasks to queue
[2026-01-14T10:03:23.282+0000] {logging_mixin.py:188} INFO - [2026-01-14T10:03:23.281+0000] {dagbag.py:545} INFO - Filling up the DagBag from /home/airflow/.local/lib/python3.12/site-packages/airflow/example_dags/example_skip_dag.py
[2026-01-14T10:03:23.293+0000] {processor.py:840} INFO - DAG(s) 'example_skip_dag' retrieved from /home/airflow/.local/lib/python3.12/site-packages/airflow/example_dags/example_skip_dag.py
[2026-01-14T10:03:23.328+0000] {logging_mixin.py:188} INFO - [2026-01-14T10:03:23.328+0000] {dag.py:3096} INFO - Sync 1 DAGs
[2026-01-14T10:03:23.366+0000] {logging_mixin.py:188} INFO - [2026-01-14T10:03:23.365+0000] {dag.py:3954} INFO - Setting next_dagrun for example_skip_dag to 2026-01-13 00:00:00+00:00, run_after=2026-01-14 00:00:00+00:00
[2026-01-14T10:03:23.395+0000] {processor.py:183} INFO - Processing /home/airflow/.local/lib/python3.12/site-packages/airflow/example_dags/example_skip_dag.py took 0.125 seconds
[2026-01-14T10:03:53.821+0000] {processor.py:161} INFO - Started process (PID=11707) to work on /home/airflow/.local/lib/python3.12/site-packages/airflow/example_dags/example_skip_dag.py
[2026-01-14T10:03:53.822+0000] {processor.py:830} INFO - Processing file /home/airflow/.local/lib/python3.12/site-packages/airflow/example_dags/example_skip_dag.py for tasks to queue
[2026-01-14T10:03:53.825+0000] {logging_mixin.py:188} INFO - [2026-01-14T10:03:53.825+0000] {dagbag.py:545} INFO - Filling up the DagBag from /home/airflow/.local/lib/python3.12/site-packages/airflow/example_dags/example_skip_dag.py
[2026-01-14T10:03:53.837+0000] {processor.py:840} INFO - DAG(s) 'example_skip_dag' retrieved from /home/airflow/.local/lib/python3.12/site-packages/airflow/example_dags/example_skip_dag.py
[2026-01-14T10:03:53.871+0000] {logging_mixin.py:188} INFO - [2026-01-14T10:03:53.870+0000] {dag.py:3096} INFO - Sync 1 DAGs
[2026-01-14T10:03:53.901+0000] {logging_mixin.py:188} INFO - [2026-01-14T10:03:53.900+0000] {dag.py:3954} INFO - Setting next_dagrun for example_skip_dag to 2026-01-13 00:00:00+00:00, run_after=2026-01-14 00:00:00+00:00
[2026-01-14T10:03:53.926+0000] {processor.py:183} INFO - Processing /home/airflow/.local/lib/python3.12/site-packages/airflow/example_dags/example_skip_dag.py took 0.115 seconds
[2026-01-14T10:04:24.356+0000] {processor.py:161} INFO - Started process (PID=11968) to work on /home/airflow/.local/lib/python3.12/site-packages/airflow/example_dags/example_skip_dag.py
[2026-01-14T10:04:24.357+0000] {processor.py:830} INFO - Processing file /home/airflow/.local/lib/python3.12/site-packages/airflow/example_dags/example_skip_dag.py for tasks to queue
[2026-01-14T10:04:24.360+0000] {logging_mixin.py:188} INFO - [2026-01-14T10:04:24.359+0000] {dagbag.py:545} INFO - Filling up the DagBag from /home/airflow/.local/lib/python3.12/site-packages/airflow/example_dags/example_skip_dag.py
[2026-01-14T10:04:24.370+0000] {processor.py:840} INFO - DAG(s) 'example_skip_dag' retrieved from /home/airflow/.local/lib/python3.12/site-packages/airflow/example_dags/example_skip_dag.py
[2026-01-14T10:04:24.407+0000] {logging_mixin.py:188} INFO - [2026-01-14T10:04:24.407+0000] {dag.py:3096} INFO - Sync 1 DAGs
[2026-01-14T10:04:24.441+0000] {logging_mixin.py:188} INFO - [2026-01-14T10:04:24.440+0000] {dag.py:3954} INFO - Setting next_dagrun for example_skip_dag to 2026-01-13 00:00:00+00:00, run_after=2026-01-14 00:00:00+00:00
[2026-01-14T10:04:24.469+0000] {processor.py:183} INFO - Processing /home/airflow/.local/lib/python3.12/site-packages/airflow/example_dags/example_skip_dag.py took 0.123 seconds
[2026-01-14T10:04:55.068+0000] {processor.py:161} INFO - Started process (PID=12229) to work on /home/airflow/.local/lib/python3.12/site-packages/airflow/example_dags/example_skip_dag.py
[2026-01-14T10:04:55.069+0000] {processor.py:830} INFO - Processing file /home/airflow/.local/lib/python3.12/site-packages/airflow/example_dags/example_skip_dag.py for tasks to queue
[2026-01-14T10:04:55.071+0000] {logging_mixin.py:188} INFO - [2026-01-14T10:04:55.071+0000] {dagbag.py:545} INFO - Filling up the DagBag from /home/airflow/.local/lib/python3.12/site-packages/airflow/example_dags/example_skip_dag.py
[2026-01-14T10:04:55.081+0000] {processor.py:840} INFO - DAG(s) 'example_skip_dag' retrieved from /home/airflow/.local/lib/python3.12/site-packages/airflow/example_dags/example_skip_dag.py
[2026-01-14T10:04:55.124+0000] {logging_mixin.py:188} INFO - [2026-01-14T10:04:55.123+0000] {dag.py:3096} INFO - Sync 1 DAGs
[2026-01-14T10:04:55.157+0000] {logging_mixin.py:188} INFO - [2026-01-14T10:04:55.157+0000] {dag.py:3954} INFO - Setting next_dagrun for example_skip_dag to 2026-01-13 00:00:00+00:00, run_after=2026-01-14 00:00:00+00:00
[2026-01-14T10:04:55.185+0000] {processor.py:183} INFO - Processing /home/airflow/.local/lib/python3.12/site-packages/airflow/example_dags/example_skip_dag.py took 0.128 seconds
[2026-01-14T10:05:25.762+0000] {processor.py:161} INFO - Started process (PID=12490) to work on /home/airflow/.local/lib/python3.12/site-packages/airflow/example_dags/example_skip_dag.py
[2026-01-14T10:05:25.763+0000] {processor.py:830} INFO - Processing file /home/airflow/.local/lib/python3.12/site-packages/airflow/example_dags/example_skip_dag.py for tasks to queue
[2026-01-14T10:05:25.766+0000] {logging_mixin.py:188} INFO - [2026-01-14T10:05:25.765+0000] {dagbag.py:545} INFO - Filling up the DagBag from /home/airflow/.local/lib/python3.12/site-packages/airflow/example_dags/example_skip_dag.py
[2026-01-14T10:05:25.775+0000] {processor.py:840} INFO - DAG(s) 'example_skip_dag' retrieved from /home/airflow/.local/lib/python3.12/site-packages/airflow/example_dags/example_skip_dag.py
[2026-01-14T10:05:25.809+0000] {logging_mixin.py:188} INFO - [2026-01-14T10:05:25.808+0000] {dag.py:3096} INFO - Sync 1 DAGs
[2026-01-14T10:05:25.842+0000] {logging_mixin.py:188} INFO - [2026-01-14T10:05:25.842+0000] {dag.py:3954} INFO - Setting next_dagrun for example_skip_dag to 2026-01-13 00:00:00+00:00, run_after=2026-01-14 00:00:00+00:00
[2026-01-14T10:05:25.871+0000] {processor.py:183} INFO - Processing /home/airflow/.local/lib/python3.12/site-packages/airflow/example_dags/example_skip_dag.py took 0.116 seconds
[2026-01-14T10:05:56.371+0000] {processor.py:161} INFO - Started process (PID=12751) to work on /home/airflow/.local/lib/python3.12/site-packages/airflow/example_dags/example_skip_dag.py
[2026-01-14T10:05:56.372+0000] {processor.py:830} INFO - Processing file /home/airflow/.local/lib/python3.12/site-packages/airflow/example_dags/example_skip_dag.py for tasks to queue
[2026-01-14T10:05:56.375+0000] {logging_mixin.py:188} INFO - [2026-01-14T10:05:56.375+0000] {dagbag.py:545} INFO - Filling up the DagBag from /home/airflow/.local/lib/python3.12/site-packages/airflow/example_dags/example_skip_dag.py
[2026-01-14T10:05:56.384+0000] {processor.py:840} INFO - DAG(s) 'example_skip_dag' retrieved from /home/airflow/.local/lib/python3.12/site-packages/airflow/example_dags/example_skip_dag.py
[2026-01-14T10:05:56.419+0000] {logging_mixin.py:188} INFO - [2026-01-14T10:05:56.419+0000] {dag.py:3096} INFO - Sync 1 DAGs
[2026-01-14T10:05:56.453+0000] {logging_mixin.py:188} INFO - [2026-01-14T10:05:56.453+0000] {dag.py:3954} INFO - Setting next_dagrun for example_skip_dag to 2026-01-13 00:00:00+00:00, run_after=2026-01-14 00:00:00+00:00
[2026-01-14T10:05:56.484+0000] {processor.py:183} INFO - Processing /home/airflow/.local/lib/python3.12/site-packages/airflow/example_dags/example_skip_dag.py took 0.120 seconds
[2026-01-14T10:06:26.899+0000] {processor.py:161} INFO - Started process (PID=13012) to work on /home/airflow/.local/lib/python3.12/site-packages/airflow/example_dags/example_skip_dag.py
[2026-01-14T10:06:26.901+0000] {processor.py:830} INFO - Processing file /home/airflow/.local/lib/python3.12/site-packages/airflow/example_dags/example_skip_dag.py for tasks to queue
[2026-01-14T10:06:26.903+0000] {logging_mixin.py:188} INFO - [2026-01-14T10:06:26.903+0000] {dagbag.py:545} INFO - Filling up the DagBag from /home/airflow/.local/lib/python3.12/site-packages/airflow/example_dags/example_skip_dag.py
[2026-01-14T10:06:26.913+0000] {processor.py:840} INFO - DAG(s) 'example_skip_dag' retrieved from /home/airflow/.local/lib/python3.12/site-packages/airflow/example_dags/example_skip_dag.py
[2026-01-14T10:06:26.948+0000] {logging_mixin.py:188} INFO - [2026-01-14T10:06:26.947+0000] {dag.py:3096} INFO - Sync 1 DAGs
[2026-01-14T10:06:26.981+0000] {logging_mixin.py:188} INFO - [2026-01-14T10:06:26.981+0000] {dag.py:3954} INFO - Setting next_dagrun for example_skip_dag to 2026-01-13 00:00:00+00:00, run_after=2026-01-14 00:00:00+00:00
[2026-01-14T10:06:27.009+0000] {processor.py:183} INFO - Processing /home/airflow/.local/lib/python3.12/site-packages/airflow/example_dags/example_skip_dag.py took 0.119 seconds
[2026-01-14T10:06:57.596+0000] {processor.py:161} INFO - Started process (PID=13273) to work on /home/airflow/.local/lib/python3.12/site-packages/airflow/example_dags/example_skip_dag.py
[2026-01-14T10:06:57.598+0000] {processor.py:830} INFO - Processing file /home/airflow/.local/lib/python3.12/site-packages/airflow/example_dags/example_skip_dag.py for tasks to queue
[2026-01-14T10:06:57.600+0000] {logging_mixin.py:188} INFO - [2026-01-14T10:06:57.600+0000] {dagbag.py:545} INFO - Filling up the DagBag from /home/airflow/.local/lib/python3.12/site-packages/airflow/example_dags/example_skip_dag.py
[2026-01-14T10:06:57.610+0000] {processor.py:840} INFO - DAG(s) 'example_skip_dag' retrieved from /home/airflow/.local/lib/python3.12/site-packages/airflow/example_dags/example_skip_dag.py
[2026-01-14T10:06:57.645+0000] {logging_mixin.py:188} INFO - [2026-01-14T10:06:57.645+0000] {dag.py:3096} INFO - Sync 1 DAGs
[2026-01-14T10:06:57.684+0000] {logging_mixin.py:188} INFO - [2026-01-14T10:06:57.684+0000] {dag.py:3954} INFO - Setting next_dagrun for example_skip_dag to 2026-01-13 00:00:00+00:00, run_after=2026-01-14 00:00:00+00:00
[2026-01-14T10:06:57.715+0000] {processor.py:183} INFO - Processing /home/airflow/.local/lib/python3.12/site-packages/airflow/example_dags/example_skip_dag.py took 0.127 seconds
[2026-01-14T10:07:28.127+0000] {processor.py:161} INFO - Started process (PID=13534) to work on /home/airflow/.local/lib/python3.12/site-packages/airflow/example_dags/example_skip_dag.py
[2026-01-14T10:07:28.129+0000] {processor.py:830} INFO - Processing file /home/airflow/.local/lib/python3.12/site-packages/airflow/example_dags/example_skip_dag.py for tasks to queue
[2026-01-14T10:07:28.132+0000] {logging_mixin.py:188} INFO - [2026-01-14T10:07:28.131+0000] {dagbag.py:545} INFO - Filling up the DagBag from /home/airflow/.local/lib/python3.12/site-packages/airflow/example_dags/example_skip_dag.py
[2026-01-14T10:07:28.140+0000] {processor.py:840} INFO - DAG(s) 'example_skip_dag' retrieved from /home/airflow/.local/lib/python3.12/site-packages/airflow/example_dags/example_skip_dag.py
[2026-01-14T10:07:28.175+0000] {logging_mixin.py:188} INFO - [2026-01-14T10:07:28.175+0000] {dag.py:3096} INFO - Sync 1 DAGs
[2026-01-14T10:07:28.208+0000] {logging_mixin.py:188} INFO - [2026-01-14T10:07:28.208+0000] {dag.py:3954} INFO - Setting next_dagrun for example_skip_dag to 2026-01-13 00:00:00+00:00, run_after=2026-01-14 00:00:00+00:00
[2026-01-14T10:07:28.236+0000] {processor.py:183} INFO - Processing /home/airflow/.local/lib/python3.12/site-packages/airflow/example_dags/example_skip_dag.py took 0.117 seconds
[2026-01-14T10:07:58.458+0000] {processor.py:161} INFO - Started process (PID=13795) to work on /home/airflow/.local/lib/python3.12/site-packages/airflow/example_dags/example_skip_dag.py
[2026-01-14T10:07:58.459+0000] {processor.py:830} INFO - Processing file /home/airflow/.local/lib/python3.12/site-packages/airflow/example_dags/example_skip_dag.py for tasks to queue
[2026-01-14T10:07:58.461+0000] {logging_mixin.py:188} INFO - [2026-01-14T10:07:58.461+0000] {dagbag.py:545} INFO - Filling up the DagBag from /home/airflow/.local/lib/python3.12/site-packages/airflow/example_dags/example_skip_dag.py
[2026-01-14T10:07:58.470+0000] {processor.py:840} INFO - DAG(s) 'example_skip_dag' retrieved from /home/airflow/.local/lib/python3.12/site-packages/airflow/example_dags/example_skip_dag.py
[2026-01-14T10:07:58.504+0000] {logging_mixin.py:188} INFO - [2026-01-14T10:07:58.504+0000] {dag.py:3096} INFO - Sync 1 DAGs
[2026-01-14T10:07:58.540+0000] {logging_mixin.py:188} INFO - [2026-01-14T10:07:58.540+0000] {dag.py:3954} INFO - Setting next_dagrun for example_skip_dag to 2026-01-13 00:00:00+00:00, run_after=2026-01-14 00:00:00+00:00
[2026-01-14T10:07:58.568+0000] {processor.py:183} INFO - Processing /home/airflow/.local/lib/python3.12/site-packages/airflow/example_dags/example_skip_dag.py took 0.117 seconds
[2026-01-14T10:08:29.235+0000] {processor.py:161} INFO - Started process (PID=14056) to work on /home/airflow/.local/lib/python3.12/site-packages/airflow/example_dags/example_skip_dag.py
[2026-01-14T10:08:29.236+0000] {processor.py:830} INFO - Processing file /home/airflow/.local/lib/python3.12/site-packages/airflow/example_dags/example_skip_dag.py for tasks to queue
[2026-01-14T10:08:29.239+0000] {logging_mixin.py:188} INFO - [2026-01-14T10:08:29.238+0000] {dagbag.py:545} INFO - Filling up the DagBag from /home/airflow/.local/lib/python3.12/site-packages/airflow/example_dags/example_skip_dag.py
[2026-01-14T10:08:29.248+0000] {processor.py:840} INFO - DAG(s) 'example_skip_dag' retrieved from /home/airflow/.local/lib/python3.12/site-packages/airflow/example_dags/example_skip_dag.py
[2026-01-14T10:08:29.284+0000] {logging_mixin.py:188} INFO - [2026-01-14T10:08:29.284+0000] {dag.py:3096} INFO - Sync 1 DAGs
[2026-01-14T10:08:29.317+0000] {logging_mixin.py:188} INFO - [2026-01-14T10:08:29.317+0000] {dag.py:3954} INFO - Setting next_dagrun for example_skip_dag to 2026-01-13 00:00:00+00:00, run_after=2026-01-14 00:00:00+00:00
[2026-01-14T10:08:29.345+0000] {processor.py:183} INFO - Processing /home/airflow/.local/lib/python3.12/site-packages/airflow/example_dags/example_skip_dag.py took 0.119 seconds
[2026-01-14T10:08:59.735+0000] {processor.py:161} INFO - Started process (PID=14317) to work on /home/airflow/.local/lib/python3.12/site-packages/airflow/example_dags/example_skip_dag.py
[2026-01-14T10:08:59.736+0000] {processor.py:830} INFO - Processing file /home/airflow/.local/lib/python3.12/site-packages/airflow/example_dags/example_skip_dag.py for tasks to queue
[2026-01-14T10:08:59.738+0000] {logging_mixin.py:188} INFO - [2026-01-14T10:08:59.738+0000] {dagbag.py:545} INFO - Filling up the DagBag from /home/airflow/.local/lib/python3.12/site-packages/airflow/example_dags/example_skip_dag.py
[2026-01-14T10:08:59.749+0000] {processor.py:840} INFO - DAG(s) 'example_skip_dag' retrieved from /home/airflow/.local/lib/python3.12/site-packages/airflow/example_dags/example_skip_dag.py
[2026-01-14T10:08:59.787+0000] {logging_mixin.py:188} INFO - [2026-01-14T10:08:59.787+0000] {dag.py:3096} INFO - Sync 1 DAGs
[2026-01-14T10:08:59.823+0000] {logging_mixin.py:188} INFO - [2026-01-14T10:08:59.822+0000] {dag.py:3954} INFO - Setting next_dagrun for example_skip_dag to 2026-01-13 00:00:00+00:00, run_after=2026-01-14 00:00:00+00:00
[2026-01-14T10:08:59.850+0000] {processor.py:183} INFO - Processing /home/airflow/.local/lib/python3.12/site-packages/airflow/example_dags/example_skip_dag.py took 0.124 seconds
[2026-01-14T10:09:30.088+0000] {processor.py:161} INFO - Started process (PID=14578) to work on /home/airflow/.local/lib/python3.12/site-packages/airflow/example_dags/example_skip_dag.py
[2026-01-14T10:09:30.089+0000] {processor.py:830} INFO - Processing file /home/airflow/.local/lib/python3.12/site-packages/airflow/example_dags/example_skip_dag.py for tasks to queue
[2026-01-14T10:09:30.092+0000] {logging_mixin.py:188} INFO - [2026-01-14T10:09:30.091+0000] {dagbag.py:545} INFO - Filling up the DagBag from /home/airflow/.local/lib/python3.12/site-packages/airflow/example_dags/example_skip_dag.py
[2026-01-14T10:09:30.103+0000] {processor.py:840} INFO - DAG(s) 'example_skip_dag' retrieved from /home/airflow/.local/lib/python3.12/site-packages/airflow/example_dags/example_skip_dag.py
[2026-01-14T10:09:30.140+0000] {logging_mixin.py:188} INFO - [2026-01-14T10:09:30.140+0000] {dag.py:3096} INFO - Sync 1 DAGs
[2026-01-14T10:09:30.172+0000] {logging_mixin.py:188} INFO - [2026-01-14T10:09:30.172+0000] {dag.py:3954} INFO - Setting next_dagrun for example_skip_dag to 2026-01-13 00:00:00+00:00, run_after=2026-01-14 00:00:00+00:00
[2026-01-14T10:09:30.199+0000] {processor.py:183} INFO - Processing /home/airflow/.local/lib/python3.12/site-packages/airflow/example_dags/example_skip_dag.py took 0.119 seconds
[2026-01-14T10:10:00.640+0000] {processor.py:161} INFO - Started process (PID=14839) to work on /home/airflow/.local/lib/python3.12/site-packages/airflow/example_dags/example_skip_dag.py
[2026-01-14T10:10:00.642+0000] {processor.py:830} INFO - Processing file /home/airflow/.local/lib/python3.12/site-packages/airflow/example_dags/example_skip_dag.py for tasks to queue
[2026-01-14T10:10:00.645+0000] {logging_mixin.py:188} INFO - [2026-01-14T10:10:00.644+0000] {dagbag.py:545} INFO - Filling up the DagBag from /home/airflow/.local/lib/python3.12/site-packages/airflow/example_dags/example_skip_dag.py
[2026-01-14T10:10:00.654+0000] {processor.py:840} INFO - DAG(s) 'example_skip_dag' retrieved from /home/airflow/.local/lib/python3.12/site-packages/airflow/example_dags/example_skip_dag.py
[2026-01-14T10:10:00.689+0000] {logging_mixin.py:188} INFO - [2026-01-14T10:10:00.689+0000] {dag.py:3096} INFO - Sync 1 DAGs
[2026-01-14T10:10:00.725+0000] {logging_mixin.py:188} INFO - [2026-01-14T10:10:00.725+0000] {dag.py:3954} INFO - Setting next_dagrun for example_skip_dag to 2026-01-13 00:00:00+00:00, run_after=2026-01-14 00:00:00+00:00
[2026-01-14T10:10:00.754+0000] {processor.py:183} INFO - Processing /home/airflow/.local/lib/python3.12/site-packages/airflow/example_dags/example_skip_dag.py took 0.123 seconds
[2026-01-14T10:29:57.538+0000] {processor.py:161} INFO - Started process (PID=15100) to work on /home/airflow/.local/lib/python3.12/site-packages/airflow/example_dags/example_skip_dag.py
[2026-01-14T10:29:57.540+0000] {processor.py:830} INFO - Processing file /home/airflow/.local/lib/python3.12/site-packages/airflow/example_dags/example_skip_dag.py for tasks to queue
[2026-01-14T10:29:57.544+0000] {logging_mixin.py:188} INFO - [2026-01-14T10:29:57.542+0000] {dagbag.py:545} INFO - Filling up the DagBag from /home/airflow/.local/lib/python3.12/site-packages/airflow/example_dags/example_skip_dag.py
[2026-01-14T10:29:57.563+0000] {processor.py:840} INFO - DAG(s) 'example_skip_dag' retrieved from /home/airflow/.local/lib/python3.12/site-packages/airflow/example_dags/example_skip_dag.py
[2026-01-14T10:29:57.632+0000] {logging_mixin.py:188} INFO - [2026-01-14T10:29:57.632+0000] {dag.py:3096} INFO - Sync 1 DAGs
[2026-01-14T10:29:57.700+0000] {logging_mixin.py:188} INFO - [2026-01-14T10:29:57.699+0000] {dag.py:3954} INFO - Setting next_dagrun for example_skip_dag to 2026-01-13 00:00:00+00:00, run_after=2026-01-14 00:00:00+00:00
[2026-01-14T10:29:57.768+0000] {processor.py:183} INFO - Processing /home/airflow/.local/lib/python3.12/site-packages/airflow/example_dags/example_skip_dag.py took 0.250 seconds
