[2026-01-14T07:54:55.295+0000] {processor.py:161} INFO - Started process (PID=373) to work on /home/airflow/.local/lib/python3.12/site-packages/airflow/example_dags/tutorial.py
[2026-01-14T07:54:55.296+0000] {processor.py:830} INFO - Processing file /home/airflow/.local/lib/python3.12/site-packages/airflow/example_dags/tutorial.py for tasks to queue
[2026-01-14T07:54:55.298+0000] {logging_mixin.py:188} INFO - [2026-01-14T07:54:55.298+0000] {dagbag.py:545} INFO - Filling up the DagBag from /home/airflow/.local/lib/python3.12/site-packages/airflow/example_dags/tutorial.py
[2026-01-14T07:54:55.306+0000] {processor.py:840} INFO - DAG(s) 'tutorial' retrieved from /home/airflow/.local/lib/python3.12/site-packages/airflow/example_dags/tutorial.py
[2026-01-14T07:54:55.335+0000] {logging_mixin.py:188} INFO - [2026-01-14T07:54:55.335+0000] {dag.py:3096} INFO - Sync 1 DAGs
[2026-01-14T07:54:55.374+0000] {logging_mixin.py:188} INFO - [2026-01-14T07:54:55.374+0000] {dag.py:3954} INFO - Setting next_dagrun for tutorial to 2026-01-13 00:00:00+00:00, run_after=2026-01-14 00:00:00+00:00
[2026-01-14T07:54:55.402+0000] {processor.py:183} INFO - Processing /home/airflow/.local/lib/python3.12/site-packages/airflow/example_dags/tutorial.py took 0.114 seconds
[2026-01-14T07:55:25.958+0000] {processor.py:161} INFO - Started process (PID=673) to work on /home/airflow/.local/lib/python3.12/site-packages/airflow/example_dags/tutorial.py
[2026-01-14T07:55:25.959+0000] {processor.py:830} INFO - Processing file /home/airflow/.local/lib/python3.12/site-packages/airflow/example_dags/tutorial.py for tasks to queue
[2026-01-14T07:55:25.962+0000] {logging_mixin.py:188} INFO - [2026-01-14T07:55:25.962+0000] {dagbag.py:545} INFO - Filling up the DagBag from /home/airflow/.local/lib/python3.12/site-packages/airflow/example_dags/tutorial.py
[2026-01-14T07:55:25.970+0000] {processor.py:840} INFO - DAG(s) 'tutorial' retrieved from /home/airflow/.local/lib/python3.12/site-packages/airflow/example_dags/tutorial.py
[2026-01-14T07:55:26.003+0000] {logging_mixin.py:188} INFO - [2026-01-14T07:55:26.002+0000] {dag.py:3096} INFO - Sync 1 DAGs
[2026-01-14T07:55:26.038+0000] {logging_mixin.py:188} INFO - [2026-01-14T07:55:26.037+0000] {dag.py:3954} INFO - Setting next_dagrun for tutorial to 2026-01-13 00:00:00+00:00, run_after=2026-01-14 00:00:00+00:00
[2026-01-14T07:55:26.070+0000] {processor.py:183} INFO - Processing /home/airflow/.local/lib/python3.12/site-packages/airflow/example_dags/tutorial.py took 0.120 seconds
[2026-01-14T07:55:56.847+0000] {processor.py:161} INFO - Started process (PID=949) to work on /home/airflow/.local/lib/python3.12/site-packages/airflow/example_dags/tutorial.py
[2026-01-14T07:55:56.848+0000] {processor.py:830} INFO - Processing file /home/airflow/.local/lib/python3.12/site-packages/airflow/example_dags/tutorial.py for tasks to queue
[2026-01-14T07:55:56.851+0000] {logging_mixin.py:188} INFO - [2026-01-14T07:55:56.850+0000] {dagbag.py:545} INFO - Filling up the DagBag from /home/airflow/.local/lib/python3.12/site-packages/airflow/example_dags/tutorial.py
[2026-01-14T07:55:56.861+0000] {processor.py:840} INFO - DAG(s) 'tutorial' retrieved from /home/airflow/.local/lib/python3.12/site-packages/airflow/example_dags/tutorial.py
[2026-01-14T07:55:56.900+0000] {logging_mixin.py:188} INFO - [2026-01-14T07:55:56.899+0000] {dag.py:3096} INFO - Sync 1 DAGs
[2026-01-14T07:55:56.938+0000] {logging_mixin.py:188} INFO - [2026-01-14T07:55:56.938+0000] {dag.py:3954} INFO - Setting next_dagrun for tutorial to 2026-01-13 00:00:00+00:00, run_after=2026-01-14 00:00:00+00:00
[2026-01-14T07:55:56.967+0000] {processor.py:183} INFO - Processing /home/airflow/.local/lib/python3.12/site-packages/airflow/example_dags/tutorial.py took 0.128 seconds
[2026-01-14T07:56:27.731+0000] {processor.py:161} INFO - Started process (PID=1220) to work on /home/airflow/.local/lib/python3.12/site-packages/airflow/example_dags/tutorial.py
[2026-01-14T07:56:27.732+0000] {processor.py:830} INFO - Processing file /home/airflow/.local/lib/python3.12/site-packages/airflow/example_dags/tutorial.py for tasks to queue
[2026-01-14T07:56:27.735+0000] {logging_mixin.py:188} INFO - [2026-01-14T07:56:27.734+0000] {dagbag.py:545} INFO - Filling up the DagBag from /home/airflow/.local/lib/python3.12/site-packages/airflow/example_dags/tutorial.py
[2026-01-14T07:56:27.744+0000] {processor.py:840} INFO - DAG(s) 'tutorial' retrieved from /home/airflow/.local/lib/python3.12/site-packages/airflow/example_dags/tutorial.py
[2026-01-14T07:56:27.779+0000] {logging_mixin.py:188} INFO - [2026-01-14T07:56:27.778+0000] {dag.py:3096} INFO - Sync 1 DAGs
[2026-01-14T07:56:27.814+0000] {logging_mixin.py:188} INFO - [2026-01-14T07:56:27.813+0000] {dag.py:3954} INFO - Setting next_dagrun for tutorial to 2026-01-13 00:00:00+00:00, run_after=2026-01-14 00:00:00+00:00
[2026-01-14T07:56:27.845+0000] {processor.py:183} INFO - Processing /home/airflow/.local/lib/python3.12/site-packages/airflow/example_dags/tutorial.py took 0.122 seconds
[2026-01-14T07:56:58.609+0000] {processor.py:161} INFO - Started process (PID=1487) to work on /home/airflow/.local/lib/python3.12/site-packages/airflow/example_dags/tutorial.py
[2026-01-14T07:56:58.610+0000] {processor.py:830} INFO - Processing file /home/airflow/.local/lib/python3.12/site-packages/airflow/example_dags/tutorial.py for tasks to queue
[2026-01-14T07:56:58.612+0000] {logging_mixin.py:188} INFO - [2026-01-14T07:56:58.612+0000] {dagbag.py:545} INFO - Filling up the DagBag from /home/airflow/.local/lib/python3.12/site-packages/airflow/example_dags/tutorial.py
[2026-01-14T07:56:58.619+0000] {processor.py:840} INFO - DAG(s) 'tutorial' retrieved from /home/airflow/.local/lib/python3.12/site-packages/airflow/example_dags/tutorial.py
[2026-01-14T07:56:58.651+0000] {logging_mixin.py:188} INFO - [2026-01-14T07:56:58.651+0000] {dag.py:3096} INFO - Sync 1 DAGs
[2026-01-14T07:56:58.690+0000] {logging_mixin.py:188} INFO - [2026-01-14T07:56:58.690+0000] {dag.py:3954} INFO - Setting next_dagrun for tutorial to 2026-01-13 00:00:00+00:00, run_after=2026-01-14 00:00:00+00:00
[2026-01-14T07:56:58.720+0000] {processor.py:183} INFO - Processing /home/airflow/.local/lib/python3.12/site-packages/airflow/example_dags/tutorial.py took 0.118 seconds
[2026-01-14T07:57:29.416+0000] {processor.py:161} INFO - Started process (PID=1790) to work on /home/airflow/.local/lib/python3.12/site-packages/airflow/example_dags/tutorial.py
[2026-01-14T07:57:29.418+0000] {processor.py:830} INFO - Processing file /home/airflow/.local/lib/python3.12/site-packages/airflow/example_dags/tutorial.py for tasks to queue
[2026-01-14T07:57:29.421+0000] {logging_mixin.py:188} INFO - [2026-01-14T07:57:29.421+0000] {dagbag.py:545} INFO - Filling up the DagBag from /home/airflow/.local/lib/python3.12/site-packages/airflow/example_dags/tutorial.py
[2026-01-14T07:57:29.429+0000] {processor.py:840} INFO - DAG(s) 'tutorial' retrieved from /home/airflow/.local/lib/python3.12/site-packages/airflow/example_dags/tutorial.py
[2026-01-14T07:57:29.465+0000] {logging_mixin.py:188} INFO - [2026-01-14T07:57:29.464+0000] {dag.py:3096} INFO - Sync 1 DAGs
[2026-01-14T07:57:29.505+0000] {logging_mixin.py:188} INFO - [2026-01-14T07:57:29.504+0000] {dag.py:3954} INFO - Setting next_dagrun for tutorial to 2026-01-13 00:00:00+00:00, run_after=2026-01-14 00:00:00+00:00
[2026-01-14T07:57:29.536+0000] {processor.py:183} INFO - Processing /home/airflow/.local/lib/python3.12/site-packages/airflow/example_dags/tutorial.py took 0.129 seconds
[2026-01-14T07:58:48.288+0000] {processor.py:161} INFO - Started process (PID=325) to work on /home/airflow/.local/lib/python3.12/site-packages/airflow/example_dags/tutorial.py
[2026-01-14T07:58:48.289+0000] {processor.py:830} INFO - Processing file /home/airflow/.local/lib/python3.12/site-packages/airflow/example_dags/tutorial.py for tasks to queue
[2026-01-14T07:58:48.291+0000] {logging_mixin.py:188} INFO - [2026-01-14T07:58:48.290+0000] {dagbag.py:545} INFO - Filling up the DagBag from /home/airflow/.local/lib/python3.12/site-packages/airflow/example_dags/tutorial.py
[2026-01-14T07:58:48.299+0000] {processor.py:840} INFO - DAG(s) 'tutorial' retrieved from /home/airflow/.local/lib/python3.12/site-packages/airflow/example_dags/tutorial.py
[2026-01-14T07:58:48.324+0000] {logging_mixin.py:188} INFO - [2026-01-14T07:58:48.324+0000] {dag.py:3096} INFO - Sync 1 DAGs
[2026-01-14T07:58:48.350+0000] {logging_mixin.py:188} INFO - [2026-01-14T07:58:48.350+0000] {dag.py:3954} INFO - Setting next_dagrun for tutorial to 2026-01-13 00:00:00+00:00, run_after=2026-01-14 00:00:00+00:00
[2026-01-14T07:58:48.374+0000] {processor.py:183} INFO - Processing /home/airflow/.local/lib/python3.12/site-packages/airflow/example_dags/tutorial.py took 0.094 seconds
[2026-01-14T07:59:18.715+0000] {processor.py:161} INFO - Started process (PID=594) to work on /home/airflow/.local/lib/python3.12/site-packages/airflow/example_dags/tutorial.py
[2026-01-14T07:59:18.717+0000] {processor.py:830} INFO - Processing file /home/airflow/.local/lib/python3.12/site-packages/airflow/example_dags/tutorial.py for tasks to queue
[2026-01-14T07:59:18.719+0000] {logging_mixin.py:188} INFO - [2026-01-14T07:59:18.719+0000] {dagbag.py:545} INFO - Filling up the DagBag from /home/airflow/.local/lib/python3.12/site-packages/airflow/example_dags/tutorial.py
[2026-01-14T07:59:18.726+0000] {processor.py:840} INFO - DAG(s) 'tutorial' retrieved from /home/airflow/.local/lib/python3.12/site-packages/airflow/example_dags/tutorial.py
[2026-01-14T07:59:18.764+0000] {logging_mixin.py:188} INFO - [2026-01-14T07:59:18.764+0000] {dag.py:3096} INFO - Sync 1 DAGs
[2026-01-14T07:59:18.805+0000] {logging_mixin.py:188} INFO - [2026-01-14T07:59:18.805+0000] {dag.py:3954} INFO - Setting next_dagrun for tutorial to 2026-01-13 00:00:00+00:00, run_after=2026-01-14 00:00:00+00:00
[2026-01-14T07:59:18.845+0000] {processor.py:183} INFO - Processing /home/airflow/.local/lib/python3.12/site-packages/airflow/example_dags/tutorial.py took 0.138 seconds
[2026-01-14T07:59:48.969+0000] {processor.py:161} INFO - Started process (PID=919) to work on /home/airflow/.local/lib/python3.12/site-packages/airflow/example_dags/tutorial.py
[2026-01-14T07:59:48.971+0000] {processor.py:830} INFO - Processing file /home/airflow/.local/lib/python3.12/site-packages/airflow/example_dags/tutorial.py for tasks to queue
[2026-01-14T07:59:48.973+0000] {logging_mixin.py:188} INFO - [2026-01-14T07:59:48.973+0000] {dagbag.py:545} INFO - Filling up the DagBag from /home/airflow/.local/lib/python3.12/site-packages/airflow/example_dags/tutorial.py
[2026-01-14T07:59:48.983+0000] {processor.py:840} INFO - DAG(s) 'tutorial' retrieved from /home/airflow/.local/lib/python3.12/site-packages/airflow/example_dags/tutorial.py
[2026-01-14T07:59:49.015+0000] {logging_mixin.py:188} INFO - [2026-01-14T07:59:49.015+0000] {dag.py:3096} INFO - Sync 1 DAGs
[2026-01-14T07:59:49.049+0000] {logging_mixin.py:188} INFO - [2026-01-14T07:59:49.049+0000] {dag.py:3954} INFO - Setting next_dagrun for tutorial to 2026-01-13 00:00:00+00:00, run_after=2026-01-14 00:00:00+00:00
[2026-01-14T07:59:49.079+0000] {processor.py:183} INFO - Processing /home/airflow/.local/lib/python3.12/site-packages/airflow/example_dags/tutorial.py took 0.117 seconds
[2026-01-14T08:00:19.690+0000] {processor.py:161} INFO - Started process (PID=1183) to work on /home/airflow/.local/lib/python3.12/site-packages/airflow/example_dags/tutorial.py
[2026-01-14T08:00:19.692+0000] {processor.py:830} INFO - Processing file /home/airflow/.local/lib/python3.12/site-packages/airflow/example_dags/tutorial.py for tasks to queue
[2026-01-14T08:00:19.694+0000] {logging_mixin.py:188} INFO - [2026-01-14T08:00:19.694+0000] {dagbag.py:545} INFO - Filling up the DagBag from /home/airflow/.local/lib/python3.12/site-packages/airflow/example_dags/tutorial.py
[2026-01-14T08:00:19.701+0000] {processor.py:840} INFO - DAG(s) 'tutorial' retrieved from /home/airflow/.local/lib/python3.12/site-packages/airflow/example_dags/tutorial.py
[2026-01-14T08:00:19.732+0000] {logging_mixin.py:188} INFO - [2026-01-14T08:00:19.732+0000] {dag.py:3096} INFO - Sync 1 DAGs
[2026-01-14T08:00:19.766+0000] {logging_mixin.py:188} INFO - [2026-01-14T08:00:19.766+0000] {dag.py:3954} INFO - Setting next_dagrun for tutorial to 2026-01-13 00:00:00+00:00, run_after=2026-01-14 00:00:00+00:00
[2026-01-14T08:00:19.797+0000] {processor.py:183} INFO - Processing /home/airflow/.local/lib/python3.12/site-packages/airflow/example_dags/tutorial.py took 0.114 seconds
[2026-01-14T08:00:50.125+0000] {processor.py:161} INFO - Started process (PID=1446) to work on /home/airflow/.local/lib/python3.12/site-packages/airflow/example_dags/tutorial.py
[2026-01-14T08:00:50.127+0000] {processor.py:830} INFO - Processing file /home/airflow/.local/lib/python3.12/site-packages/airflow/example_dags/tutorial.py for tasks to queue
[2026-01-14T08:00:50.131+0000] {logging_mixin.py:188} INFO - [2026-01-14T08:00:50.131+0000] {dagbag.py:545} INFO - Filling up the DagBag from /home/airflow/.local/lib/python3.12/site-packages/airflow/example_dags/tutorial.py
[2026-01-14T08:00:50.140+0000] {processor.py:840} INFO - DAG(s) 'tutorial' retrieved from /home/airflow/.local/lib/python3.12/site-packages/airflow/example_dags/tutorial.py
[2026-01-14T08:00:50.177+0000] {logging_mixin.py:188} INFO - [2026-01-14T08:00:50.177+0000] {dag.py:3096} INFO - Sync 1 DAGs
[2026-01-14T08:00:50.214+0000] {logging_mixin.py:188} INFO - [2026-01-14T08:00:50.214+0000] {dag.py:3954} INFO - Setting next_dagrun for tutorial to 2026-01-13 00:00:00+00:00, run_after=2026-01-14 00:00:00+00:00
[2026-01-14T08:00:50.247+0000] {processor.py:183} INFO - Processing /home/airflow/.local/lib/python3.12/site-packages/airflow/example_dags/tutorial.py took 0.131 seconds
[2026-01-14T08:01:20.490+0000] {processor.py:161} INFO - Started process (PID=1708) to work on /home/airflow/.local/lib/python3.12/site-packages/airflow/example_dags/tutorial.py
[2026-01-14T08:01:20.492+0000] {processor.py:830} INFO - Processing file /home/airflow/.local/lib/python3.12/site-packages/airflow/example_dags/tutorial.py for tasks to queue
[2026-01-14T08:01:20.494+0000] {logging_mixin.py:188} INFO - [2026-01-14T08:01:20.494+0000] {dagbag.py:545} INFO - Filling up the DagBag from /home/airflow/.local/lib/python3.12/site-packages/airflow/example_dags/tutorial.py
[2026-01-14T08:01:20.501+0000] {processor.py:840} INFO - DAG(s) 'tutorial' retrieved from /home/airflow/.local/lib/python3.12/site-packages/airflow/example_dags/tutorial.py
[2026-01-14T08:01:20.533+0000] {logging_mixin.py:188} INFO - [2026-01-14T08:01:20.532+0000] {dag.py:3096} INFO - Sync 1 DAGs
[2026-01-14T08:01:20.568+0000] {logging_mixin.py:188} INFO - [2026-01-14T08:01:20.567+0000] {dag.py:3954} INFO - Setting next_dagrun for tutorial to 2026-01-13 00:00:00+00:00, run_after=2026-01-14 00:00:00+00:00
[2026-01-14T08:01:20.598+0000] {processor.py:183} INFO - Processing /home/airflow/.local/lib/python3.12/site-packages/airflow/example_dags/tutorial.py took 0.116 seconds
[2026-01-14T08:01:50.818+0000] {processor.py:161} INFO - Started process (PID=1993) to work on /home/airflow/.local/lib/python3.12/site-packages/airflow/example_dags/tutorial.py
[2026-01-14T08:01:50.819+0000] {processor.py:830} INFO - Processing file /home/airflow/.local/lib/python3.12/site-packages/airflow/example_dags/tutorial.py for tasks to queue
[2026-01-14T08:01:50.822+0000] {logging_mixin.py:188} INFO - [2026-01-14T08:01:50.821+0000] {dagbag.py:545} INFO - Filling up the DagBag from /home/airflow/.local/lib/python3.12/site-packages/airflow/example_dags/tutorial.py
[2026-01-14T08:01:50.829+0000] {processor.py:840} INFO - DAG(s) 'tutorial' retrieved from /home/airflow/.local/lib/python3.12/site-packages/airflow/example_dags/tutorial.py
[2026-01-14T08:01:50.861+0000] {logging_mixin.py:188} INFO - [2026-01-14T08:01:50.861+0000] {dag.py:3096} INFO - Sync 1 DAGs
[2026-01-14T08:01:50.894+0000] {logging_mixin.py:188} INFO - [2026-01-14T08:01:50.894+0000] {dag.py:3954} INFO - Setting next_dagrun for tutorial to 2026-01-13 00:00:00+00:00, run_after=2026-01-14 00:00:00+00:00
[2026-01-14T08:01:50.923+0000] {processor.py:183} INFO - Processing /home/airflow/.local/lib/python3.12/site-packages/airflow/example_dags/tutorial.py took 0.114 seconds
[2026-01-14T08:02:21.235+0000] {processor.py:161} INFO - Started process (PID=2257) to work on /home/airflow/.local/lib/python3.12/site-packages/airflow/example_dags/tutorial.py
[2026-01-14T08:02:21.236+0000] {processor.py:830} INFO - Processing file /home/airflow/.local/lib/python3.12/site-packages/airflow/example_dags/tutorial.py for tasks to queue
[2026-01-14T08:02:21.238+0000] {logging_mixin.py:188} INFO - [2026-01-14T08:02:21.238+0000] {dagbag.py:545} INFO - Filling up the DagBag from /home/airflow/.local/lib/python3.12/site-packages/airflow/example_dags/tutorial.py
[2026-01-14T08:02:21.246+0000] {processor.py:840} INFO - DAG(s) 'tutorial' retrieved from /home/airflow/.local/lib/python3.12/site-packages/airflow/example_dags/tutorial.py
[2026-01-14T08:02:21.278+0000] {logging_mixin.py:188} INFO - [2026-01-14T08:02:21.278+0000] {dag.py:3096} INFO - Sync 1 DAGs
[2026-01-14T08:02:21.313+0000] {logging_mixin.py:188} INFO - [2026-01-14T08:02:21.313+0000] {dag.py:3954} INFO - Setting next_dagrun for tutorial to 2026-01-13 00:00:00+00:00, run_after=2026-01-14 00:00:00+00:00
[2026-01-14T08:02:21.344+0000] {processor.py:183} INFO - Processing /home/airflow/.local/lib/python3.12/site-packages/airflow/example_dags/tutorial.py took 0.116 seconds
[2026-01-14T08:02:51.786+0000] {processor.py:161} INFO - Started process (PID=2518) to work on /home/airflow/.local/lib/python3.12/site-packages/airflow/example_dags/tutorial.py
[2026-01-14T08:02:51.787+0000] {processor.py:830} INFO - Processing file /home/airflow/.local/lib/python3.12/site-packages/airflow/example_dags/tutorial.py for tasks to queue
[2026-01-14T08:02:51.790+0000] {logging_mixin.py:188} INFO - [2026-01-14T08:02:51.789+0000] {dagbag.py:545} INFO - Filling up the DagBag from /home/airflow/.local/lib/python3.12/site-packages/airflow/example_dags/tutorial.py
[2026-01-14T08:02:51.799+0000] {processor.py:840} INFO - DAG(s) 'tutorial' retrieved from /home/airflow/.local/lib/python3.12/site-packages/airflow/example_dags/tutorial.py
[2026-01-14T08:02:51.829+0000] {logging_mixin.py:188} INFO - [2026-01-14T08:02:51.829+0000] {dag.py:3096} INFO - Sync 1 DAGs
[2026-01-14T08:02:51.861+0000] {logging_mixin.py:188} INFO - [2026-01-14T08:02:51.861+0000] {dag.py:3954} INFO - Setting next_dagrun for tutorial to 2026-01-13 00:00:00+00:00, run_after=2026-01-14 00:00:00+00:00
[2026-01-14T08:02:51.893+0000] {processor.py:183} INFO - Processing /home/airflow/.local/lib/python3.12/site-packages/airflow/example_dags/tutorial.py took 0.114 seconds
[2026-01-14T08:03:22.172+0000] {processor.py:161} INFO - Started process (PID=2782) to work on /home/airflow/.local/lib/python3.12/site-packages/airflow/example_dags/tutorial.py
[2026-01-14T08:03:22.173+0000] {processor.py:830} INFO - Processing file /home/airflow/.local/lib/python3.12/site-packages/airflow/example_dags/tutorial.py for tasks to queue
[2026-01-14T08:03:22.175+0000] {logging_mixin.py:188} INFO - [2026-01-14T08:03:22.175+0000] {dagbag.py:545} INFO - Filling up the DagBag from /home/airflow/.local/lib/python3.12/site-packages/airflow/example_dags/tutorial.py
[2026-01-14T08:03:22.183+0000] {processor.py:840} INFO - DAG(s) 'tutorial' retrieved from /home/airflow/.local/lib/python3.12/site-packages/airflow/example_dags/tutorial.py
[2026-01-14T08:03:22.214+0000] {logging_mixin.py:188} INFO - [2026-01-14T08:03:22.213+0000] {dag.py:3096} INFO - Sync 1 DAGs
[2026-01-14T08:03:22.249+0000] {logging_mixin.py:188} INFO - [2026-01-14T08:03:22.248+0000] {dag.py:3954} INFO - Setting next_dagrun for tutorial to 2026-01-13 00:00:00+00:00, run_after=2026-01-14 00:00:00+00:00
[2026-01-14T08:03:22.278+0000] {processor.py:183} INFO - Processing /home/airflow/.local/lib/python3.12/site-packages/airflow/example_dags/tutorial.py took 0.114 seconds
[2026-01-14T08:03:52.784+0000] {processor.py:161} INFO - Started process (PID=3067) to work on /home/airflow/.local/lib/python3.12/site-packages/airflow/example_dags/tutorial.py
[2026-01-14T08:03:52.786+0000] {processor.py:830} INFO - Processing file /home/airflow/.local/lib/python3.12/site-packages/airflow/example_dags/tutorial.py for tasks to queue
[2026-01-14T08:03:52.788+0000] {logging_mixin.py:188} INFO - [2026-01-14T08:03:52.788+0000] {dagbag.py:545} INFO - Filling up the DagBag from /home/airflow/.local/lib/python3.12/site-packages/airflow/example_dags/tutorial.py
[2026-01-14T08:03:52.798+0000] {processor.py:840} INFO - DAG(s) 'tutorial' retrieved from /home/airflow/.local/lib/python3.12/site-packages/airflow/example_dags/tutorial.py
[2026-01-14T08:03:52.834+0000] {logging_mixin.py:188} INFO - [2026-01-14T08:03:52.833+0000] {dag.py:3096} INFO - Sync 1 DAGs
[2026-01-14T08:03:52.869+0000] {logging_mixin.py:188} INFO - [2026-01-14T08:03:52.869+0000] {dag.py:3954} INFO - Setting next_dagrun for tutorial to 2026-01-13 00:00:00+00:00, run_after=2026-01-14 00:00:00+00:00
[2026-01-14T08:03:52.898+0000] {processor.py:183} INFO - Processing /home/airflow/.local/lib/python3.12/site-packages/airflow/example_dags/tutorial.py took 0.122 seconds
[2026-01-14T08:04:23.125+0000] {processor.py:161} INFO - Started process (PID=3331) to work on /home/airflow/.local/lib/python3.12/site-packages/airflow/example_dags/tutorial.py
[2026-01-14T08:04:23.126+0000] {processor.py:830} INFO - Processing file /home/airflow/.local/lib/python3.12/site-packages/airflow/example_dags/tutorial.py for tasks to queue
[2026-01-14T08:04:23.128+0000] {logging_mixin.py:188} INFO - [2026-01-14T08:04:23.128+0000] {dagbag.py:545} INFO - Filling up the DagBag from /home/airflow/.local/lib/python3.12/site-packages/airflow/example_dags/tutorial.py
[2026-01-14T08:04:23.137+0000] {processor.py:840} INFO - DAG(s) 'tutorial' retrieved from /home/airflow/.local/lib/python3.12/site-packages/airflow/example_dags/tutorial.py
[2026-01-14T08:04:23.169+0000] {logging_mixin.py:188} INFO - [2026-01-14T08:04:23.168+0000] {dag.py:3096} INFO - Sync 1 DAGs
[2026-01-14T08:04:23.200+0000] {logging_mixin.py:188} INFO - [2026-01-14T08:04:23.200+0000] {dag.py:3954} INFO - Setting next_dagrun for tutorial to 2026-01-13 00:00:00+00:00, run_after=2026-01-14 00:00:00+00:00
[2026-01-14T08:04:23.229+0000] {processor.py:183} INFO - Processing /home/airflow/.local/lib/python3.12/site-packages/airflow/example_dags/tutorial.py took 0.112 seconds
[2026-01-14T08:04:53.811+0000] {processor.py:161} INFO - Started process (PID=3592) to work on /home/airflow/.local/lib/python3.12/site-packages/airflow/example_dags/tutorial.py
[2026-01-14T08:04:53.812+0000] {processor.py:830} INFO - Processing file /home/airflow/.local/lib/python3.12/site-packages/airflow/example_dags/tutorial.py for tasks to queue
[2026-01-14T08:04:53.814+0000] {logging_mixin.py:188} INFO - [2026-01-14T08:04:53.814+0000] {dagbag.py:545} INFO - Filling up the DagBag from /home/airflow/.local/lib/python3.12/site-packages/airflow/example_dags/tutorial.py
[2026-01-14T08:04:53.820+0000] {processor.py:840} INFO - DAG(s) 'tutorial' retrieved from /home/airflow/.local/lib/python3.12/site-packages/airflow/example_dags/tutorial.py
[2026-01-14T08:04:53.848+0000] {logging_mixin.py:188} INFO - [2026-01-14T08:04:53.848+0000] {dag.py:3096} INFO - Sync 1 DAGs
[2026-01-14T08:04:53.880+0000] {logging_mixin.py:188} INFO - [2026-01-14T08:04:53.880+0000] {dag.py:3954} INFO - Setting next_dagrun for tutorial to 2026-01-13 00:00:00+00:00, run_after=2026-01-14 00:00:00+00:00
[2026-01-14T08:04:53.907+0000] {processor.py:183} INFO - Processing /home/airflow/.local/lib/python3.12/site-packages/airflow/example_dags/tutorial.py took 0.103 seconds
[2026-01-14T08:06:48.424+0000] {processor.py:161} INFO - Started process (PID=3852) to work on /home/airflow/.local/lib/python3.12/site-packages/airflow/example_dags/tutorial.py
[2026-01-14T08:06:48.426+0000] {processor.py:830} INFO - Processing file /home/airflow/.local/lib/python3.12/site-packages/airflow/example_dags/tutorial.py for tasks to queue
[2026-01-14T08:06:48.429+0000] {logging_mixin.py:188} INFO - [2026-01-14T08:06:48.428+0000] {dagbag.py:545} INFO - Filling up the DagBag from /home/airflow/.local/lib/python3.12/site-packages/airflow/example_dags/tutorial.py
[2026-01-14T08:06:48.443+0000] {processor.py:840} INFO - DAG(s) 'tutorial' retrieved from /home/airflow/.local/lib/python3.12/site-packages/airflow/example_dags/tutorial.py
[2026-01-14T08:06:48.484+0000] {logging_mixin.py:188} INFO - [2026-01-14T08:06:48.484+0000] {dag.py:3096} INFO - Sync 1 DAGs
[2026-01-14T08:06:48.526+0000] {logging_mixin.py:188} INFO - [2026-01-14T08:06:48.526+0000] {dag.py:3954} INFO - Setting next_dagrun for tutorial to 2026-01-13 00:00:00+00:00, run_after=2026-01-14 00:00:00+00:00
[2026-01-14T08:06:48.563+0000] {processor.py:183} INFO - Processing /home/airflow/.local/lib/python3.12/site-packages/airflow/example_dags/tutorial.py took 0.154 seconds
[2026-01-14T08:07:18.836+0000] {processor.py:161} INFO - Started process (PID=4111) to work on /home/airflow/.local/lib/python3.12/site-packages/airflow/example_dags/tutorial.py
[2026-01-14T08:07:18.837+0000] {processor.py:830} INFO - Processing file /home/airflow/.local/lib/python3.12/site-packages/airflow/example_dags/tutorial.py for tasks to queue
[2026-01-14T08:07:18.839+0000] {logging_mixin.py:188} INFO - [2026-01-14T08:07:18.839+0000] {dagbag.py:545} INFO - Filling up the DagBag from /home/airflow/.local/lib/python3.12/site-packages/airflow/example_dags/tutorial.py
[2026-01-14T08:07:18.845+0000] {processor.py:840} INFO - DAG(s) 'tutorial' retrieved from /home/airflow/.local/lib/python3.12/site-packages/airflow/example_dags/tutorial.py
[2026-01-14T08:07:18.874+0000] {logging_mixin.py:188} INFO - [2026-01-14T08:07:18.873+0000] {dag.py:3096} INFO - Sync 1 DAGs
[2026-01-14T08:07:18.898+0000] {logging_mixin.py:188} INFO - [2026-01-14T08:07:18.897+0000] {dag.py:3954} INFO - Setting next_dagrun for tutorial to 2026-01-13 00:00:00+00:00, run_after=2026-01-14 00:00:00+00:00
[2026-01-14T08:07:18.921+0000] {processor.py:183} INFO - Processing /home/airflow/.local/lib/python3.12/site-packages/airflow/example_dags/tutorial.py took 0.091 seconds
[2026-01-14T08:07:50.196+0000] {processor.py:161} INFO - Started process (PID=4372) to work on /home/airflow/.local/lib/python3.12/site-packages/airflow/example_dags/tutorial.py
[2026-01-14T08:07:50.197+0000] {processor.py:830} INFO - Processing file /home/airflow/.local/lib/python3.12/site-packages/airflow/example_dags/tutorial.py for tasks to queue
[2026-01-14T08:07:50.200+0000] {logging_mixin.py:188} INFO - [2026-01-14T08:07:50.199+0000] {dagbag.py:545} INFO - Filling up the DagBag from /home/airflow/.local/lib/python3.12/site-packages/airflow/example_dags/tutorial.py
[2026-01-14T08:07:50.207+0000] {processor.py:840} INFO - DAG(s) 'tutorial' retrieved from /home/airflow/.local/lib/python3.12/site-packages/airflow/example_dags/tutorial.py
[2026-01-14T08:07:50.240+0000] {logging_mixin.py:188} INFO - [2026-01-14T08:07:50.239+0000] {dag.py:3096} INFO - Sync 1 DAGs
[2026-01-14T08:07:50.277+0000] {logging_mixin.py:188} INFO - [2026-01-14T08:07:50.276+0000] {dag.py:3954} INFO - Setting next_dagrun for tutorial to 2026-01-13 00:00:00+00:00, run_after=2026-01-14 00:00:00+00:00
[2026-01-14T08:07:50.314+0000] {processor.py:183} INFO - Processing /home/airflow/.local/lib/python3.12/site-packages/airflow/example_dags/tutorial.py took 0.126 seconds
[2026-01-14T08:08:20.678+0000] {processor.py:161} INFO - Started process (PID=4633) to work on /home/airflow/.local/lib/python3.12/site-packages/airflow/example_dags/tutorial.py
[2026-01-14T08:08:20.679+0000] {processor.py:830} INFO - Processing file /home/airflow/.local/lib/python3.12/site-packages/airflow/example_dags/tutorial.py for tasks to queue
[2026-01-14T08:08:20.681+0000] {logging_mixin.py:188} INFO - [2026-01-14T08:08:20.681+0000] {dagbag.py:545} INFO - Filling up the DagBag from /home/airflow/.local/lib/python3.12/site-packages/airflow/example_dags/tutorial.py
[2026-01-14T08:08:20.690+0000] {processor.py:840} INFO - DAG(s) 'tutorial' retrieved from /home/airflow/.local/lib/python3.12/site-packages/airflow/example_dags/tutorial.py
[2026-01-14T08:08:20.715+0000] {logging_mixin.py:188} INFO - [2026-01-14T08:08:20.715+0000] {dag.py:3096} INFO - Sync 1 DAGs
[2026-01-14T08:08:20.739+0000] {logging_mixin.py:188} INFO - [2026-01-14T08:08:20.739+0000] {dag.py:3954} INFO - Setting next_dagrun for tutorial to 2026-01-13 00:00:00+00:00, run_after=2026-01-14 00:00:00+00:00
[2026-01-14T08:08:20.762+0000] {processor.py:183} INFO - Processing /home/airflow/.local/lib/python3.12/site-packages/airflow/example_dags/tutorial.py took 0.092 seconds
[2026-01-14T08:08:51.489+0000] {processor.py:161} INFO - Started process (PID=4894) to work on /home/airflow/.local/lib/python3.12/site-packages/airflow/example_dags/tutorial.py
[2026-01-14T08:08:51.490+0000] {processor.py:830} INFO - Processing file /home/airflow/.local/lib/python3.12/site-packages/airflow/example_dags/tutorial.py for tasks to queue
[2026-01-14T08:08:51.492+0000] {logging_mixin.py:188} INFO - [2026-01-14T08:08:51.492+0000] {dagbag.py:545} INFO - Filling up the DagBag from /home/airflow/.local/lib/python3.12/site-packages/airflow/example_dags/tutorial.py
[2026-01-14T08:08:51.500+0000] {processor.py:840} INFO - DAG(s) 'tutorial' retrieved from /home/airflow/.local/lib/python3.12/site-packages/airflow/example_dags/tutorial.py
[2026-01-14T08:08:51.530+0000] {logging_mixin.py:188} INFO - [2026-01-14T08:08:51.530+0000] {dag.py:3096} INFO - Sync 1 DAGs
[2026-01-14T08:08:51.565+0000] {logging_mixin.py:188} INFO - [2026-01-14T08:08:51.565+0000] {dag.py:3954} INFO - Setting next_dagrun for tutorial to 2026-01-13 00:00:00+00:00, run_after=2026-01-14 00:00:00+00:00
[2026-01-14T08:08:51.596+0000] {processor.py:183} INFO - Processing /home/airflow/.local/lib/python3.12/site-packages/airflow/example_dags/tutorial.py took 0.115 seconds
[2026-01-14T08:09:21.706+0000] {processor.py:161} INFO - Started process (PID=5155) to work on /home/airflow/.local/lib/python3.12/site-packages/airflow/example_dags/tutorial.py
[2026-01-14T08:09:21.707+0000] {processor.py:830} INFO - Processing file /home/airflow/.local/lib/python3.12/site-packages/airflow/example_dags/tutorial.py for tasks to queue
[2026-01-14T08:09:21.710+0000] {logging_mixin.py:188} INFO - [2026-01-14T08:09:21.709+0000] {dagbag.py:545} INFO - Filling up the DagBag from /home/airflow/.local/lib/python3.12/site-packages/airflow/example_dags/tutorial.py
[2026-01-14T08:09:21.717+0000] {processor.py:840} INFO - DAG(s) 'tutorial' retrieved from /home/airflow/.local/lib/python3.12/site-packages/airflow/example_dags/tutorial.py
[2026-01-14T08:09:21.746+0000] {logging_mixin.py:188} INFO - [2026-01-14T08:09:21.746+0000] {dag.py:3096} INFO - Sync 1 DAGs
[2026-01-14T08:09:21.779+0000] {logging_mixin.py:188} INFO - [2026-01-14T08:09:21.779+0000] {dag.py:3954} INFO - Setting next_dagrun for tutorial to 2026-01-13 00:00:00+00:00, run_after=2026-01-14 00:00:00+00:00
[2026-01-14T08:09:21.803+0000] {processor.py:183} INFO - Processing /home/airflow/.local/lib/python3.12/site-packages/airflow/example_dags/tutorial.py took 0.104 seconds
[2026-01-14T08:09:52.092+0000] {processor.py:161} INFO - Started process (PID=5416) to work on /home/airflow/.local/lib/python3.12/site-packages/airflow/example_dags/tutorial.py
[2026-01-14T08:09:52.093+0000] {processor.py:830} INFO - Processing file /home/airflow/.local/lib/python3.12/site-packages/airflow/example_dags/tutorial.py for tasks to queue
[2026-01-14T08:09:52.094+0000] {logging_mixin.py:188} INFO - [2026-01-14T08:09:52.094+0000] {dagbag.py:545} INFO - Filling up the DagBag from /home/airflow/.local/lib/python3.12/site-packages/airflow/example_dags/tutorial.py
[2026-01-14T08:09:52.100+0000] {processor.py:840} INFO - DAG(s) 'tutorial' retrieved from /home/airflow/.local/lib/python3.12/site-packages/airflow/example_dags/tutorial.py
[2026-01-14T08:09:52.126+0000] {logging_mixin.py:188} INFO - [2026-01-14T08:09:52.125+0000] {dag.py:3096} INFO - Sync 1 DAGs
[2026-01-14T08:09:52.151+0000] {logging_mixin.py:188} INFO - [2026-01-14T08:09:52.151+0000] {dag.py:3954} INFO - Setting next_dagrun for tutorial to 2026-01-13 00:00:00+00:00, run_after=2026-01-14 00:00:00+00:00
[2026-01-14T08:09:52.176+0000] {processor.py:183} INFO - Processing /home/airflow/.local/lib/python3.12/site-packages/airflow/example_dags/tutorial.py took 0.090 seconds
[2026-01-14T08:10:22.410+0000] {processor.py:161} INFO - Started process (PID=5677) to work on /home/airflow/.local/lib/python3.12/site-packages/airflow/example_dags/tutorial.py
[2026-01-14T08:10:22.411+0000] {processor.py:830} INFO - Processing file /home/airflow/.local/lib/python3.12/site-packages/airflow/example_dags/tutorial.py for tasks to queue
[2026-01-14T08:10:22.413+0000] {logging_mixin.py:188} INFO - [2026-01-14T08:10:22.413+0000] {dagbag.py:545} INFO - Filling up the DagBag from /home/airflow/.local/lib/python3.12/site-packages/airflow/example_dags/tutorial.py
[2026-01-14T08:10:22.419+0000] {processor.py:840} INFO - DAG(s) 'tutorial' retrieved from /home/airflow/.local/lib/python3.12/site-packages/airflow/example_dags/tutorial.py
[2026-01-14T08:10:22.443+0000] {logging_mixin.py:188} INFO - [2026-01-14T08:10:22.443+0000] {dag.py:3096} INFO - Sync 1 DAGs
[2026-01-14T08:10:22.467+0000] {logging_mixin.py:188} INFO - [2026-01-14T08:10:22.467+0000] {dag.py:3954} INFO - Setting next_dagrun for tutorial to 2026-01-13 00:00:00+00:00, run_after=2026-01-14 00:00:00+00:00
[2026-01-14T08:10:22.491+0000] {processor.py:183} INFO - Processing /home/airflow/.local/lib/python3.12/site-packages/airflow/example_dags/tutorial.py took 0.088 seconds
[2026-01-14T08:10:52.701+0000] {processor.py:161} INFO - Started process (PID=5938) to work on /home/airflow/.local/lib/python3.12/site-packages/airflow/example_dags/tutorial.py
[2026-01-14T08:10:52.702+0000] {processor.py:830} INFO - Processing file /home/airflow/.local/lib/python3.12/site-packages/airflow/example_dags/tutorial.py for tasks to queue
[2026-01-14T08:10:52.704+0000] {logging_mixin.py:188} INFO - [2026-01-14T08:10:52.703+0000] {dagbag.py:545} INFO - Filling up the DagBag from /home/airflow/.local/lib/python3.12/site-packages/airflow/example_dags/tutorial.py
[2026-01-14T08:10:52.711+0000] {processor.py:840} INFO - DAG(s) 'tutorial' retrieved from /home/airflow/.local/lib/python3.12/site-packages/airflow/example_dags/tutorial.py
[2026-01-14T08:10:52.737+0000] {logging_mixin.py:188} INFO - [2026-01-14T08:10:52.737+0000] {dag.py:3096} INFO - Sync 1 DAGs
[2026-01-14T08:10:52.764+0000] {logging_mixin.py:188} INFO - [2026-01-14T08:10:52.763+0000] {dag.py:3954} INFO - Setting next_dagrun for tutorial to 2026-01-13 00:00:00+00:00, run_after=2026-01-14 00:00:00+00:00
[2026-01-14T08:10:52.789+0000] {processor.py:183} INFO - Processing /home/airflow/.local/lib/python3.12/site-packages/airflow/example_dags/tutorial.py took 0.095 seconds
[2026-01-14T08:11:23.045+0000] {processor.py:161} INFO - Started process (PID=6199) to work on /home/airflow/.local/lib/python3.12/site-packages/airflow/example_dags/tutorial.py
[2026-01-14T08:11:23.046+0000] {processor.py:830} INFO - Processing file /home/airflow/.local/lib/python3.12/site-packages/airflow/example_dags/tutorial.py for tasks to queue
[2026-01-14T08:11:23.048+0000] {logging_mixin.py:188} INFO - [2026-01-14T08:11:23.048+0000] {dagbag.py:545} INFO - Filling up the DagBag from /home/airflow/.local/lib/python3.12/site-packages/airflow/example_dags/tutorial.py
[2026-01-14T08:11:23.054+0000] {processor.py:840} INFO - DAG(s) 'tutorial' retrieved from /home/airflow/.local/lib/python3.12/site-packages/airflow/example_dags/tutorial.py
[2026-01-14T08:11:23.079+0000] {logging_mixin.py:188} INFO - [2026-01-14T08:11:23.079+0000] {dag.py:3096} INFO - Sync 1 DAGs
[2026-01-14T08:11:23.107+0000] {logging_mixin.py:188} INFO - [2026-01-14T08:11:23.106+0000] {dag.py:3954} INFO - Setting next_dagrun for tutorial to 2026-01-13 00:00:00+00:00, run_after=2026-01-14 00:00:00+00:00
[2026-01-14T08:11:23.128+0000] {processor.py:183} INFO - Processing /home/airflow/.local/lib/python3.12/site-packages/airflow/example_dags/tutorial.py took 0.088 seconds
[2026-01-14T08:11:53.456+0000] {processor.py:161} INFO - Started process (PID=6460) to work on /home/airflow/.local/lib/python3.12/site-packages/airflow/example_dags/tutorial.py
[2026-01-14T08:11:53.457+0000] {processor.py:830} INFO - Processing file /home/airflow/.local/lib/python3.12/site-packages/airflow/example_dags/tutorial.py for tasks to queue
[2026-01-14T08:11:53.459+0000] {logging_mixin.py:188} INFO - [2026-01-14T08:11:53.459+0000] {dagbag.py:545} INFO - Filling up the DagBag from /home/airflow/.local/lib/python3.12/site-packages/airflow/example_dags/tutorial.py
[2026-01-14T08:11:53.465+0000] {processor.py:840} INFO - DAG(s) 'tutorial' retrieved from /home/airflow/.local/lib/python3.12/site-packages/airflow/example_dags/tutorial.py
[2026-01-14T08:11:53.490+0000] {logging_mixin.py:188} INFO - [2026-01-14T08:11:53.490+0000] {dag.py:3096} INFO - Sync 1 DAGs
[2026-01-14T08:11:53.516+0000] {logging_mixin.py:188} INFO - [2026-01-14T08:11:53.516+0000] {dag.py:3954} INFO - Setting next_dagrun for tutorial to 2026-01-13 00:00:00+00:00, run_after=2026-01-14 00:00:00+00:00
[2026-01-14T08:11:53.537+0000] {processor.py:183} INFO - Processing /home/airflow/.local/lib/python3.12/site-packages/airflow/example_dags/tutorial.py took 0.087 seconds
[2026-01-14T08:12:24.104+0000] {processor.py:161} INFO - Started process (PID=6723) to work on /home/airflow/.local/lib/python3.12/site-packages/airflow/example_dags/tutorial.py
[2026-01-14T08:12:24.105+0000] {processor.py:830} INFO - Processing file /home/airflow/.local/lib/python3.12/site-packages/airflow/example_dags/tutorial.py for tasks to queue
[2026-01-14T08:12:24.108+0000] {logging_mixin.py:188} INFO - [2026-01-14T08:12:24.107+0000] {dagbag.py:545} INFO - Filling up the DagBag from /home/airflow/.local/lib/python3.12/site-packages/airflow/example_dags/tutorial.py
[2026-01-14T08:12:24.113+0000] {processor.py:840} INFO - DAG(s) 'tutorial' retrieved from /home/airflow/.local/lib/python3.12/site-packages/airflow/example_dags/tutorial.py
[2026-01-14T08:12:24.139+0000] {logging_mixin.py:188} INFO - [2026-01-14T08:12:24.139+0000] {dag.py:3096} INFO - Sync 1 DAGs
[2026-01-14T08:12:24.166+0000] {logging_mixin.py:188} INFO - [2026-01-14T08:12:24.165+0000] {dag.py:3954} INFO - Setting next_dagrun for tutorial to 2026-01-13 00:00:00+00:00, run_after=2026-01-14 00:00:00+00:00
[2026-01-14T08:12:24.188+0000] {processor.py:183} INFO - Processing /home/airflow/.local/lib/python3.12/site-packages/airflow/example_dags/tutorial.py took 0.090 seconds
[2026-01-14T08:12:55.093+0000] {processor.py:161} INFO - Started process (PID=6984) to work on /home/airflow/.local/lib/python3.12/site-packages/airflow/example_dags/tutorial.py
[2026-01-14T08:12:55.094+0000] {processor.py:830} INFO - Processing file /home/airflow/.local/lib/python3.12/site-packages/airflow/example_dags/tutorial.py for tasks to queue
[2026-01-14T08:12:55.096+0000] {logging_mixin.py:188} INFO - [2026-01-14T08:12:55.096+0000] {dagbag.py:545} INFO - Filling up the DagBag from /home/airflow/.local/lib/python3.12/site-packages/airflow/example_dags/tutorial.py
[2026-01-14T08:12:55.101+0000] {processor.py:840} INFO - DAG(s) 'tutorial' retrieved from /home/airflow/.local/lib/python3.12/site-packages/airflow/example_dags/tutorial.py
[2026-01-14T08:12:55.125+0000] {logging_mixin.py:188} INFO - [2026-01-14T08:12:55.125+0000] {dag.py:3096} INFO - Sync 1 DAGs
[2026-01-14T08:12:55.149+0000] {logging_mixin.py:188} INFO - [2026-01-14T08:12:55.149+0000] {dag.py:3954} INFO - Setting next_dagrun for tutorial to 2026-01-13 00:00:00+00:00, run_after=2026-01-14 00:00:00+00:00
[2026-01-14T08:12:55.171+0000] {processor.py:183} INFO - Processing /home/airflow/.local/lib/python3.12/site-packages/airflow/example_dags/tutorial.py took 0.084 seconds
[2026-01-14T08:13:25.452+0000] {processor.py:161} INFO - Started process (PID=7243) to work on /home/airflow/.local/lib/python3.12/site-packages/airflow/example_dags/tutorial.py
[2026-01-14T08:13:25.453+0000] {processor.py:830} INFO - Processing file /home/airflow/.local/lib/python3.12/site-packages/airflow/example_dags/tutorial.py for tasks to queue
[2026-01-14T08:13:25.455+0000] {logging_mixin.py:188} INFO - [2026-01-14T08:13:25.455+0000] {dagbag.py:545} INFO - Filling up the DagBag from /home/airflow/.local/lib/python3.12/site-packages/airflow/example_dags/tutorial.py
[2026-01-14T08:13:25.462+0000] {processor.py:840} INFO - DAG(s) 'tutorial' retrieved from /home/airflow/.local/lib/python3.12/site-packages/airflow/example_dags/tutorial.py
[2026-01-14T08:13:25.487+0000] {logging_mixin.py:188} INFO - [2026-01-14T08:13:25.486+0000] {dag.py:3096} INFO - Sync 1 DAGs
[2026-01-14T08:13:25.516+0000] {logging_mixin.py:188} INFO - [2026-01-14T08:13:25.516+0000] {dag.py:3954} INFO - Setting next_dagrun for tutorial to 2026-01-13 00:00:00+00:00, run_after=2026-01-14 00:00:00+00:00
[2026-01-14T08:13:25.543+0000] {processor.py:183} INFO - Processing /home/airflow/.local/lib/python3.12/site-packages/airflow/example_dags/tutorial.py took 0.099 seconds
[2026-01-14T09:27:44.604+0000] {processor.py:161} INFO - Started process (PID=7504) to work on /home/airflow/.local/lib/python3.12/site-packages/airflow/example_dags/tutorial.py
[2026-01-14T09:27:44.606+0000] {processor.py:830} INFO - Processing file /home/airflow/.local/lib/python3.12/site-packages/airflow/example_dags/tutorial.py for tasks to queue
[2026-01-14T09:27:44.611+0000] {logging_mixin.py:188} INFO - [2026-01-14T09:27:44.610+0000] {dagbag.py:545} INFO - Filling up the DagBag from /home/airflow/.local/lib/python3.12/site-packages/airflow/example_dags/tutorial.py
[2026-01-14T09:27:44.624+0000] {processor.py:840} INFO - DAG(s) 'tutorial' retrieved from /home/airflow/.local/lib/python3.12/site-packages/airflow/example_dags/tutorial.py
[2026-01-14T09:27:44.677+0000] {logging_mixin.py:188} INFO - [2026-01-14T09:27:44.676+0000] {dag.py:3096} INFO - Sync 1 DAGs
[2026-01-14T09:27:44.737+0000] {logging_mixin.py:188} INFO - [2026-01-14T09:27:44.737+0000] {dag.py:3954} INFO - Setting next_dagrun for tutorial to 2026-01-13 00:00:00+00:00, run_after=2026-01-14 00:00:00+00:00
[2026-01-14T09:27:44.767+0000] {processor.py:183} INFO - Processing /home/airflow/.local/lib/python3.12/site-packages/airflow/example_dags/tutorial.py took 0.175 seconds
[2026-01-14T09:28:15.585+0000] {processor.py:161} INFO - Started process (PID=7765) to work on /home/airflow/.local/lib/python3.12/site-packages/airflow/example_dags/tutorial.py
[2026-01-14T09:28:15.586+0000] {processor.py:830} INFO - Processing file /home/airflow/.local/lib/python3.12/site-packages/airflow/example_dags/tutorial.py for tasks to queue
[2026-01-14T09:28:15.588+0000] {logging_mixin.py:188} INFO - [2026-01-14T09:28:15.588+0000] {dagbag.py:545} INFO - Filling up the DagBag from /home/airflow/.local/lib/python3.12/site-packages/airflow/example_dags/tutorial.py
[2026-01-14T09:28:15.595+0000] {processor.py:840} INFO - DAG(s) 'tutorial' retrieved from /home/airflow/.local/lib/python3.12/site-packages/airflow/example_dags/tutorial.py
[2026-01-14T09:28:15.621+0000] {logging_mixin.py:188} INFO - [2026-01-14T09:28:15.621+0000] {dag.py:3096} INFO - Sync 1 DAGs
[2026-01-14T09:28:15.647+0000] {logging_mixin.py:188} INFO - [2026-01-14T09:28:15.646+0000] {dag.py:3954} INFO - Setting next_dagrun for tutorial to 2026-01-13 00:00:00+00:00, run_after=2026-01-14 00:00:00+00:00
[2026-01-14T09:28:15.671+0000] {processor.py:183} INFO - Processing /home/airflow/.local/lib/python3.12/site-packages/airflow/example_dags/tutorial.py took 0.093 seconds
[2026-01-14T09:28:46.272+0000] {processor.py:161} INFO - Started process (PID=8026) to work on /home/airflow/.local/lib/python3.12/site-packages/airflow/example_dags/tutorial.py
[2026-01-14T09:28:46.274+0000] {processor.py:830} INFO - Processing file /home/airflow/.local/lib/python3.12/site-packages/airflow/example_dags/tutorial.py for tasks to queue
[2026-01-14T09:28:46.276+0000] {logging_mixin.py:188} INFO - [2026-01-14T09:28:46.275+0000] {dagbag.py:545} INFO - Filling up the DagBag from /home/airflow/.local/lib/python3.12/site-packages/airflow/example_dags/tutorial.py
[2026-01-14T09:28:46.285+0000] {processor.py:840} INFO - DAG(s) 'tutorial' retrieved from /home/airflow/.local/lib/python3.12/site-packages/airflow/example_dags/tutorial.py
[2026-01-14T09:28:46.316+0000] {logging_mixin.py:188} INFO - [2026-01-14T09:28:46.316+0000] {dag.py:3096} INFO - Sync 1 DAGs
[2026-01-14T09:28:46.344+0000] {logging_mixin.py:188} INFO - [2026-01-14T09:28:46.344+0000] {dag.py:3954} INFO - Setting next_dagrun for tutorial to 2026-01-13 00:00:00+00:00, run_after=2026-01-14 00:00:00+00:00
[2026-01-14T09:28:46.367+0000] {processor.py:183} INFO - Processing /home/airflow/.local/lib/python3.12/site-packages/airflow/example_dags/tutorial.py took 0.103 seconds
[2026-01-14T09:29:16.606+0000] {processor.py:161} INFO - Started process (PID=8287) to work on /home/airflow/.local/lib/python3.12/site-packages/airflow/example_dags/tutorial.py
[2026-01-14T09:29:16.607+0000] {processor.py:830} INFO - Processing file /home/airflow/.local/lib/python3.12/site-packages/airflow/example_dags/tutorial.py for tasks to queue
[2026-01-14T09:29:16.609+0000] {logging_mixin.py:188} INFO - [2026-01-14T09:29:16.609+0000] {dagbag.py:545} INFO - Filling up the DagBag from /home/airflow/.local/lib/python3.12/site-packages/airflow/example_dags/tutorial.py
[2026-01-14T09:29:16.615+0000] {processor.py:840} INFO - DAG(s) 'tutorial' retrieved from /home/airflow/.local/lib/python3.12/site-packages/airflow/example_dags/tutorial.py
[2026-01-14T09:29:16.642+0000] {logging_mixin.py:188} INFO - [2026-01-14T09:29:16.641+0000] {dag.py:3096} INFO - Sync 1 DAGs
[2026-01-14T09:29:16.666+0000] {logging_mixin.py:188} INFO - [2026-01-14T09:29:16.666+0000] {dag.py:3954} INFO - Setting next_dagrun for tutorial to 2026-01-13 00:00:00+00:00, run_after=2026-01-14 00:00:00+00:00
[2026-01-14T09:29:16.689+0000] {processor.py:183} INFO - Processing /home/airflow/.local/lib/python3.12/site-packages/airflow/example_dags/tutorial.py took 0.089 seconds
[2026-01-14T09:29:47.370+0000] {processor.py:161} INFO - Started process (PID=8548) to work on /home/airflow/.local/lib/python3.12/site-packages/airflow/example_dags/tutorial.py
[2026-01-14T09:29:47.371+0000] {processor.py:830} INFO - Processing file /home/airflow/.local/lib/python3.12/site-packages/airflow/example_dags/tutorial.py for tasks to queue
[2026-01-14T09:29:47.374+0000] {logging_mixin.py:188} INFO - [2026-01-14T09:29:47.373+0000] {dagbag.py:545} INFO - Filling up the DagBag from /home/airflow/.local/lib/python3.12/site-packages/airflow/example_dags/tutorial.py
[2026-01-14T09:29:47.382+0000] {processor.py:840} INFO - DAG(s) 'tutorial' retrieved from /home/airflow/.local/lib/python3.12/site-packages/airflow/example_dags/tutorial.py
[2026-01-14T09:29:47.409+0000] {logging_mixin.py:188} INFO - [2026-01-14T09:29:47.409+0000] {dag.py:3096} INFO - Sync 1 DAGs
[2026-01-14T09:29:47.434+0000] {logging_mixin.py:188} INFO - [2026-01-14T09:29:47.434+0000] {dag.py:3954} INFO - Setting next_dagrun for tutorial to 2026-01-13 00:00:00+00:00, run_after=2026-01-14 00:00:00+00:00
[2026-01-14T09:29:47.457+0000] {processor.py:183} INFO - Processing /home/airflow/.local/lib/python3.12/site-packages/airflow/example_dags/tutorial.py took 0.093 seconds
[2026-01-14T09:30:18.005+0000] {processor.py:161} INFO - Started process (PID=8809) to work on /home/airflow/.local/lib/python3.12/site-packages/airflow/example_dags/tutorial.py
[2026-01-14T09:30:18.007+0000] {processor.py:830} INFO - Processing file /home/airflow/.local/lib/python3.12/site-packages/airflow/example_dags/tutorial.py for tasks to queue
[2026-01-14T09:30:18.010+0000] {logging_mixin.py:188} INFO - [2026-01-14T09:30:18.010+0000] {dagbag.py:545} INFO - Filling up the DagBag from /home/airflow/.local/lib/python3.12/site-packages/airflow/example_dags/tutorial.py
[2026-01-14T09:30:18.021+0000] {processor.py:840} INFO - DAG(s) 'tutorial' retrieved from /home/airflow/.local/lib/python3.12/site-packages/airflow/example_dags/tutorial.py
[2026-01-14T09:30:18.060+0000] {logging_mixin.py:188} INFO - [2026-01-14T09:30:18.060+0000] {dag.py:3096} INFO - Sync 1 DAGs
[2026-01-14T09:30:18.095+0000] {logging_mixin.py:188} INFO - [2026-01-14T09:30:18.094+0000] {dag.py:3954} INFO - Setting next_dagrun for tutorial to 2026-01-13 00:00:00+00:00, run_after=2026-01-14 00:00:00+00:00
[2026-01-14T09:30:18.125+0000] {processor.py:183} INFO - Processing /home/airflow/.local/lib/python3.12/site-packages/airflow/example_dags/tutorial.py took 0.131 seconds
[2026-01-14T09:30:48.777+0000] {processor.py:161} INFO - Started process (PID=9070) to work on /home/airflow/.local/lib/python3.12/site-packages/airflow/example_dags/tutorial.py
[2026-01-14T09:30:48.778+0000] {processor.py:830} INFO - Processing file /home/airflow/.local/lib/python3.12/site-packages/airflow/example_dags/tutorial.py for tasks to queue
[2026-01-14T09:30:48.781+0000] {logging_mixin.py:188} INFO - [2026-01-14T09:30:48.781+0000] {dagbag.py:545} INFO - Filling up the DagBag from /home/airflow/.local/lib/python3.12/site-packages/airflow/example_dags/tutorial.py
[2026-01-14T09:30:48.791+0000] {processor.py:840} INFO - DAG(s) 'tutorial' retrieved from /home/airflow/.local/lib/python3.12/site-packages/airflow/example_dags/tutorial.py
[2026-01-14T09:30:48.827+0000] {logging_mixin.py:188} INFO - [2026-01-14T09:30:48.826+0000] {dag.py:3096} INFO - Sync 1 DAGs
[2026-01-14T09:30:48.859+0000] {logging_mixin.py:188} INFO - [2026-01-14T09:30:48.859+0000] {dag.py:3954} INFO - Setting next_dagrun for tutorial to 2026-01-13 00:00:00+00:00, run_after=2026-01-14 00:00:00+00:00
[2026-01-14T09:30:48.892+0000] {processor.py:183} INFO - Processing /home/airflow/.local/lib/python3.12/site-packages/airflow/example_dags/tutorial.py took 0.122 seconds
[2026-01-14T09:31:27.440+0000] {processor.py:161} INFO - Started process (PID=9323) to work on /home/airflow/.local/lib/python3.12/site-packages/airflow/example_dags/tutorial.py
[2026-01-14T09:31:27.441+0000] {processor.py:830} INFO - Processing file /home/airflow/.local/lib/python3.12/site-packages/airflow/example_dags/tutorial.py for tasks to queue
[2026-01-14T09:31:27.444+0000] {logging_mixin.py:188} INFO - [2026-01-14T09:31:27.443+0000] {dagbag.py:545} INFO - Filling up the DagBag from /home/airflow/.local/lib/python3.12/site-packages/airflow/example_dags/tutorial.py
[2026-01-14T09:31:27.452+0000] {processor.py:840} INFO - DAG(s) 'tutorial' retrieved from /home/airflow/.local/lib/python3.12/site-packages/airflow/example_dags/tutorial.py
[2026-01-14T09:31:27.489+0000] {logging_mixin.py:188} INFO - [2026-01-14T09:31:27.488+0000] {dag.py:3096} INFO - Sync 1 DAGs
[2026-01-14T09:31:27.526+0000] {logging_mixin.py:188} INFO - [2026-01-14T09:31:27.526+0000] {dag.py:3954} INFO - Setting next_dagrun for tutorial to 2026-01-13 00:00:00+00:00, run_after=2026-01-14 00:00:00+00:00
[2026-01-14T09:31:27.727+0000] {processor.py:183} INFO - Processing /home/airflow/.local/lib/python3.12/site-packages/airflow/example_dags/tutorial.py took 0.295 seconds
[2026-01-14T09:31:57.842+0000] {processor.py:161} INFO - Started process (PID=9584) to work on /home/airflow/.local/lib/python3.12/site-packages/airflow/example_dags/tutorial.py
[2026-01-14T09:31:57.844+0000] {processor.py:830} INFO - Processing file /home/airflow/.local/lib/python3.12/site-packages/airflow/example_dags/tutorial.py for tasks to queue
[2026-01-14T09:31:57.847+0000] {logging_mixin.py:188} INFO - [2026-01-14T09:31:57.846+0000] {dagbag.py:545} INFO - Filling up the DagBag from /home/airflow/.local/lib/python3.12/site-packages/airflow/example_dags/tutorial.py
[2026-01-14T09:31:57.856+0000] {processor.py:840} INFO - DAG(s) 'tutorial' retrieved from /home/airflow/.local/lib/python3.12/site-packages/airflow/example_dags/tutorial.py
[2026-01-14T09:31:57.892+0000] {logging_mixin.py:188} INFO - [2026-01-14T09:31:57.891+0000] {dag.py:3096} INFO - Sync 1 DAGs
[2026-01-14T09:31:57.925+0000] {logging_mixin.py:188} INFO - [2026-01-14T09:31:57.925+0000] {dag.py:3954} INFO - Setting next_dagrun for tutorial to 2026-01-13 00:00:00+00:00, run_after=2026-01-14 00:00:00+00:00
[2026-01-14T09:31:58.131+0000] {processor.py:183} INFO - Processing /home/airflow/.local/lib/python3.12/site-packages/airflow/example_dags/tutorial.py took 0.298 seconds
[2026-01-14T09:32:28.605+0000] {processor.py:161} INFO - Started process (PID=9845) to work on /home/airflow/.local/lib/python3.12/site-packages/airflow/example_dags/tutorial.py
[2026-01-14T09:32:28.606+0000] {processor.py:830} INFO - Processing file /home/airflow/.local/lib/python3.12/site-packages/airflow/example_dags/tutorial.py for tasks to queue
[2026-01-14T09:32:28.608+0000] {logging_mixin.py:188} INFO - [2026-01-14T09:32:28.608+0000] {dagbag.py:545} INFO - Filling up the DagBag from /home/airflow/.local/lib/python3.12/site-packages/airflow/example_dags/tutorial.py
[2026-01-14T09:32:28.617+0000] {processor.py:840} INFO - DAG(s) 'tutorial' retrieved from /home/airflow/.local/lib/python3.12/site-packages/airflow/example_dags/tutorial.py
[2026-01-14T09:32:28.649+0000] {logging_mixin.py:188} INFO - [2026-01-14T09:32:28.648+0000] {dag.py:3096} INFO - Sync 1 DAGs
[2026-01-14T09:32:28.681+0000] {logging_mixin.py:188} INFO - [2026-01-14T09:32:28.681+0000] {dag.py:3954} INFO - Setting next_dagrun for tutorial to 2026-01-13 00:00:00+00:00, run_after=2026-01-14 00:00:00+00:00
[2026-01-14T09:32:28.712+0000] {processor.py:183} INFO - Processing /home/airflow/.local/lib/python3.12/site-packages/airflow/example_dags/tutorial.py took 0.116 seconds
[2026-01-14T09:33:01.134+0000] {processor.py:161} INFO - Started process (PID=10106) to work on /home/airflow/.local/lib/python3.12/site-packages/airflow/example_dags/tutorial.py
[2026-01-14T09:33:01.135+0000] {processor.py:830} INFO - Processing file /home/airflow/.local/lib/python3.12/site-packages/airflow/example_dags/tutorial.py for tasks to queue
[2026-01-14T09:33:01.138+0000] {logging_mixin.py:188} INFO - [2026-01-14T09:33:01.137+0000] {dagbag.py:545} INFO - Filling up the DagBag from /home/airflow/.local/lib/python3.12/site-packages/airflow/example_dags/tutorial.py
[2026-01-14T09:33:01.146+0000] {processor.py:840} INFO - DAG(s) 'tutorial' retrieved from /home/airflow/.local/lib/python3.12/site-packages/airflow/example_dags/tutorial.py
[2026-01-14T09:33:01.178+0000] {logging_mixin.py:188} INFO - [2026-01-14T09:33:01.178+0000] {dag.py:3096} INFO - Sync 1 DAGs
[2026-01-14T09:33:01.211+0000] {logging_mixin.py:188} INFO - [2026-01-14T09:33:01.211+0000] {dag.py:3954} INFO - Setting next_dagrun for tutorial to 2026-01-13 00:00:00+00:00, run_after=2026-01-14 00:00:00+00:00
[2026-01-14T09:33:01.243+0000] {processor.py:183} INFO - Processing /home/airflow/.local/lib/python3.12/site-packages/airflow/example_dags/tutorial.py took 0.117 seconds
[2026-01-14T09:33:32.157+0000] {processor.py:161} INFO - Started process (PID=10367) to work on /home/airflow/.local/lib/python3.12/site-packages/airflow/example_dags/tutorial.py
[2026-01-14T09:33:32.159+0000] {processor.py:830} INFO - Processing file /home/airflow/.local/lib/python3.12/site-packages/airflow/example_dags/tutorial.py for tasks to queue
[2026-01-14T09:33:32.162+0000] {logging_mixin.py:188} INFO - [2026-01-14T09:33:32.161+0000] {dagbag.py:545} INFO - Filling up the DagBag from /home/airflow/.local/lib/python3.12/site-packages/airflow/example_dags/tutorial.py
[2026-01-14T09:33:32.170+0000] {processor.py:840} INFO - DAG(s) 'tutorial' retrieved from /home/airflow/.local/lib/python3.12/site-packages/airflow/example_dags/tutorial.py
[2026-01-14T09:33:32.203+0000] {logging_mixin.py:188} INFO - [2026-01-14T09:33:32.203+0000] {dag.py:3096} INFO - Sync 1 DAGs
[2026-01-14T09:33:32.241+0000] {logging_mixin.py:188} INFO - [2026-01-14T09:33:32.240+0000] {dag.py:3954} INFO - Setting next_dagrun for tutorial to 2026-01-13 00:00:00+00:00, run_after=2026-01-14 00:00:00+00:00
[2026-01-14T09:33:32.270+0000] {processor.py:183} INFO - Processing /home/airflow/.local/lib/python3.12/site-packages/airflow/example_dags/tutorial.py took 0.122 seconds
[2026-01-14T09:34:02.722+0000] {processor.py:161} INFO - Started process (PID=10628) to work on /home/airflow/.local/lib/python3.12/site-packages/airflow/example_dags/tutorial.py
[2026-01-14T09:34:02.724+0000] {processor.py:830} INFO - Processing file /home/airflow/.local/lib/python3.12/site-packages/airflow/example_dags/tutorial.py for tasks to queue
[2026-01-14T09:34:02.726+0000] {logging_mixin.py:188} INFO - [2026-01-14T09:34:02.726+0000] {dagbag.py:545} INFO - Filling up the DagBag from /home/airflow/.local/lib/python3.12/site-packages/airflow/example_dags/tutorial.py
[2026-01-14T09:34:02.735+0000] {processor.py:840} INFO - DAG(s) 'tutorial' retrieved from /home/airflow/.local/lib/python3.12/site-packages/airflow/example_dags/tutorial.py
[2026-01-14T09:34:02.769+0000] {logging_mixin.py:188} INFO - [2026-01-14T09:34:02.769+0000] {dag.py:3096} INFO - Sync 1 DAGs
[2026-01-14T09:34:02.808+0000] {logging_mixin.py:188} INFO - [2026-01-14T09:34:02.807+0000] {dag.py:3954} INFO - Setting next_dagrun for tutorial to 2026-01-13 00:00:00+00:00, run_after=2026-01-14 00:00:00+00:00
[2026-01-14T09:34:02.843+0000] {processor.py:183} INFO - Processing /home/airflow/.local/lib/python3.12/site-packages/airflow/example_dags/tutorial.py took 0.129 seconds
[2026-01-14T09:34:33.538+0000] {processor.py:161} INFO - Started process (PID=10889) to work on /home/airflow/.local/lib/python3.12/site-packages/airflow/example_dags/tutorial.py
[2026-01-14T09:34:33.540+0000] {processor.py:830} INFO - Processing file /home/airflow/.local/lib/python3.12/site-packages/airflow/example_dags/tutorial.py for tasks to queue
[2026-01-14T09:34:33.542+0000] {logging_mixin.py:188} INFO - [2026-01-14T09:34:33.542+0000] {dagbag.py:545} INFO - Filling up the DagBag from /home/airflow/.local/lib/python3.12/site-packages/airflow/example_dags/tutorial.py
[2026-01-14T09:34:33.554+0000] {processor.py:840} INFO - DAG(s) 'tutorial' retrieved from /home/airflow/.local/lib/python3.12/site-packages/airflow/example_dags/tutorial.py
[2026-01-14T09:34:33.591+0000] {logging_mixin.py:188} INFO - [2026-01-14T09:34:33.591+0000] {dag.py:3096} INFO - Sync 1 DAGs
[2026-01-14T09:34:33.623+0000] {logging_mixin.py:188} INFO - [2026-01-14T09:34:33.623+0000] {dag.py:3954} INFO - Setting next_dagrun for tutorial to 2026-01-13 00:00:00+00:00, run_after=2026-01-14 00:00:00+00:00
[2026-01-14T09:34:33.652+0000] {processor.py:183} INFO - Processing /home/airflow/.local/lib/python3.12/site-packages/airflow/example_dags/tutorial.py took 0.123 seconds
[2026-01-14T09:35:03.863+0000] {processor.py:161} INFO - Started process (PID=11150) to work on /home/airflow/.local/lib/python3.12/site-packages/airflow/example_dags/tutorial.py
[2026-01-14T09:35:03.865+0000] {processor.py:830} INFO - Processing file /home/airflow/.local/lib/python3.12/site-packages/airflow/example_dags/tutorial.py for tasks to queue
[2026-01-14T09:35:03.868+0000] {logging_mixin.py:188} INFO - [2026-01-14T09:35:03.868+0000] {dagbag.py:545} INFO - Filling up the DagBag from /home/airflow/.local/lib/python3.12/site-packages/airflow/example_dags/tutorial.py
[2026-01-14T09:35:03.878+0000] {processor.py:840} INFO - DAG(s) 'tutorial' retrieved from /home/airflow/.local/lib/python3.12/site-packages/airflow/example_dags/tutorial.py
[2026-01-14T09:35:03.914+0000] {logging_mixin.py:188} INFO - [2026-01-14T09:35:03.913+0000] {dag.py:3096} INFO - Sync 1 DAGs
[2026-01-14T09:35:03.946+0000] {logging_mixin.py:188} INFO - [2026-01-14T09:35:03.946+0000] {dag.py:3954} INFO - Setting next_dagrun for tutorial to 2026-01-13 00:00:00+00:00, run_after=2026-01-14 00:00:00+00:00
[2026-01-14T09:35:03.973+0000] {processor.py:183} INFO - Processing /home/airflow/.local/lib/python3.12/site-packages/airflow/example_dags/tutorial.py took 0.121 seconds
[2026-01-14T10:03:22.576+0000] {processor.py:161} INFO - Started process (PID=11411) to work on /home/airflow/.local/lib/python3.12/site-packages/airflow/example_dags/tutorial.py
[2026-01-14T10:03:22.577+0000] {processor.py:830} INFO - Processing file /home/airflow/.local/lib/python3.12/site-packages/airflow/example_dags/tutorial.py for tasks to queue
[2026-01-14T10:03:22.580+0000] {logging_mixin.py:188} INFO - [2026-01-14T10:03:22.580+0000] {dagbag.py:545} INFO - Filling up the DagBag from /home/airflow/.local/lib/python3.12/site-packages/airflow/example_dags/tutorial.py
[2026-01-14T10:03:22.588+0000] {processor.py:840} INFO - DAG(s) 'tutorial' retrieved from /home/airflow/.local/lib/python3.12/site-packages/airflow/example_dags/tutorial.py
[2026-01-14T10:03:22.621+0000] {logging_mixin.py:188} INFO - [2026-01-14T10:03:22.621+0000] {dag.py:3096} INFO - Sync 1 DAGs
[2026-01-14T10:03:22.653+0000] {logging_mixin.py:188} INFO - [2026-01-14T10:03:22.653+0000] {dag.py:3954} INFO - Setting next_dagrun for tutorial to 2026-01-13 00:00:00+00:00, run_after=2026-01-14 00:00:00+00:00
[2026-01-14T10:03:22.687+0000] {processor.py:183} INFO - Processing /home/airflow/.local/lib/python3.12/site-packages/airflow/example_dags/tutorial.py took 0.118 seconds
[2026-01-14T10:03:53.205+0000] {processor.py:161} INFO - Started process (PID=11672) to work on /home/airflow/.local/lib/python3.12/site-packages/airflow/example_dags/tutorial.py
[2026-01-14T10:03:53.206+0000] {processor.py:830} INFO - Processing file /home/airflow/.local/lib/python3.12/site-packages/airflow/example_dags/tutorial.py for tasks to queue
[2026-01-14T10:03:53.209+0000] {logging_mixin.py:188} INFO - [2026-01-14T10:03:53.208+0000] {dagbag.py:545} INFO - Filling up the DagBag from /home/airflow/.local/lib/python3.12/site-packages/airflow/example_dags/tutorial.py
[2026-01-14T10:03:53.217+0000] {processor.py:840} INFO - DAG(s) 'tutorial' retrieved from /home/airflow/.local/lib/python3.12/site-packages/airflow/example_dags/tutorial.py
[2026-01-14T10:03:53.248+0000] {logging_mixin.py:188} INFO - [2026-01-14T10:03:53.248+0000] {dag.py:3096} INFO - Sync 1 DAGs
[2026-01-14T10:03:53.279+0000] {logging_mixin.py:188} INFO - [2026-01-14T10:03:53.278+0000] {dag.py:3954} INFO - Setting next_dagrun for tutorial to 2026-01-13 00:00:00+00:00, run_after=2026-01-14 00:00:00+00:00
[2026-01-14T10:03:53.308+0000] {processor.py:183} INFO - Processing /home/airflow/.local/lib/python3.12/site-packages/airflow/example_dags/tutorial.py took 0.111 seconds
[2026-01-14T10:04:23.716+0000] {processor.py:161} INFO - Started process (PID=11933) to work on /home/airflow/.local/lib/python3.12/site-packages/airflow/example_dags/tutorial.py
[2026-01-14T10:04:23.717+0000] {processor.py:830} INFO - Processing file /home/airflow/.local/lib/python3.12/site-packages/airflow/example_dags/tutorial.py for tasks to queue
[2026-01-14T10:04:23.720+0000] {logging_mixin.py:188} INFO - [2026-01-14T10:04:23.719+0000] {dagbag.py:545} INFO - Filling up the DagBag from /home/airflow/.local/lib/python3.12/site-packages/airflow/example_dags/tutorial.py
[2026-01-14T10:04:23.728+0000] {processor.py:840} INFO - DAG(s) 'tutorial' retrieved from /home/airflow/.local/lib/python3.12/site-packages/airflow/example_dags/tutorial.py
[2026-01-14T10:04:23.763+0000] {logging_mixin.py:188} INFO - [2026-01-14T10:04:23.763+0000] {dag.py:3096} INFO - Sync 1 DAGs
[2026-01-14T10:04:23.799+0000] {logging_mixin.py:188} INFO - [2026-01-14T10:04:23.799+0000] {dag.py:3954} INFO - Setting next_dagrun for tutorial to 2026-01-13 00:00:00+00:00, run_after=2026-01-14 00:00:00+00:00
[2026-01-14T10:04:23.832+0000] {processor.py:183} INFO - Processing /home/airflow/.local/lib/python3.12/site-packages/airflow/example_dags/tutorial.py took 0.124 seconds
[2026-01-14T10:04:54.473+0000] {processor.py:161} INFO - Started process (PID=12194) to work on /home/airflow/.local/lib/python3.12/site-packages/airflow/example_dags/tutorial.py
[2026-01-14T10:04:54.474+0000] {processor.py:830} INFO - Processing file /home/airflow/.local/lib/python3.12/site-packages/airflow/example_dags/tutorial.py for tasks to queue
[2026-01-14T10:04:54.476+0000] {logging_mixin.py:188} INFO - [2026-01-14T10:04:54.476+0000] {dagbag.py:545} INFO - Filling up the DagBag from /home/airflow/.local/lib/python3.12/site-packages/airflow/example_dags/tutorial.py
[2026-01-14T10:04:54.483+0000] {processor.py:840} INFO - DAG(s) 'tutorial' retrieved from /home/airflow/.local/lib/python3.12/site-packages/airflow/example_dags/tutorial.py
[2026-01-14T10:04:54.515+0000] {logging_mixin.py:188} INFO - [2026-01-14T10:04:54.515+0000] {dag.py:3096} INFO - Sync 1 DAGs
[2026-01-14T10:04:54.554+0000] {logging_mixin.py:188} INFO - [2026-01-14T10:04:54.553+0000] {dag.py:3954} INFO - Setting next_dagrun for tutorial to 2026-01-13 00:00:00+00:00, run_after=2026-01-14 00:00:00+00:00
[2026-01-14T10:04:54.582+0000] {processor.py:183} INFO - Processing /home/airflow/.local/lib/python3.12/site-packages/airflow/example_dags/tutorial.py took 0.117 seconds
[2026-01-14T10:05:25.230+0000] {processor.py:161} INFO - Started process (PID=12455) to work on /home/airflow/.local/lib/python3.12/site-packages/airflow/example_dags/tutorial.py
[2026-01-14T10:05:25.231+0000] {processor.py:830} INFO - Processing file /home/airflow/.local/lib/python3.12/site-packages/airflow/example_dags/tutorial.py for tasks to queue
[2026-01-14T10:05:25.234+0000] {logging_mixin.py:188} INFO - [2026-01-14T10:05:25.233+0000] {dagbag.py:545} INFO - Filling up the DagBag from /home/airflow/.local/lib/python3.12/site-packages/airflow/example_dags/tutorial.py
[2026-01-14T10:05:25.242+0000] {processor.py:840} INFO - DAG(s) 'tutorial' retrieved from /home/airflow/.local/lib/python3.12/site-packages/airflow/example_dags/tutorial.py
[2026-01-14T10:05:25.275+0000] {logging_mixin.py:188} INFO - [2026-01-14T10:05:25.275+0000] {dag.py:3096} INFO - Sync 1 DAGs
[2026-01-14T10:05:25.310+0000] {logging_mixin.py:188} INFO - [2026-01-14T10:05:25.309+0000] {dag.py:3954} INFO - Setting next_dagrun for tutorial to 2026-01-13 00:00:00+00:00, run_after=2026-01-14 00:00:00+00:00
[2026-01-14T10:05:25.340+0000] {processor.py:183} INFO - Processing /home/airflow/.local/lib/python3.12/site-packages/airflow/example_dags/tutorial.py took 0.119 seconds
[2026-01-14T10:05:55.805+0000] {processor.py:161} INFO - Started process (PID=12716) to work on /home/airflow/.local/lib/python3.12/site-packages/airflow/example_dags/tutorial.py
[2026-01-14T10:05:55.806+0000] {processor.py:830} INFO - Processing file /home/airflow/.local/lib/python3.12/site-packages/airflow/example_dags/tutorial.py for tasks to queue
[2026-01-14T10:05:55.809+0000] {logging_mixin.py:188} INFO - [2026-01-14T10:05:55.808+0000] {dagbag.py:545} INFO - Filling up the DagBag from /home/airflow/.local/lib/python3.12/site-packages/airflow/example_dags/tutorial.py
[2026-01-14T10:05:55.816+0000] {processor.py:840} INFO - DAG(s) 'tutorial' retrieved from /home/airflow/.local/lib/python3.12/site-packages/airflow/example_dags/tutorial.py
[2026-01-14T10:05:55.849+0000] {logging_mixin.py:188} INFO - [2026-01-14T10:05:55.848+0000] {dag.py:3096} INFO - Sync 1 DAGs
[2026-01-14T10:05:55.882+0000] {logging_mixin.py:188} INFO - [2026-01-14T10:05:55.881+0000] {dag.py:3954} INFO - Setting next_dagrun for tutorial to 2026-01-13 00:00:00+00:00, run_after=2026-01-14 00:00:00+00:00
[2026-01-14T10:05:55.912+0000] {processor.py:183} INFO - Processing /home/airflow/.local/lib/python3.12/site-packages/airflow/example_dags/tutorial.py took 0.115 seconds
[2026-01-14T10:06:26.258+0000] {processor.py:161} INFO - Started process (PID=12977) to work on /home/airflow/.local/lib/python3.12/site-packages/airflow/example_dags/tutorial.py
[2026-01-14T10:06:26.259+0000] {processor.py:830} INFO - Processing file /home/airflow/.local/lib/python3.12/site-packages/airflow/example_dags/tutorial.py for tasks to queue
[2026-01-14T10:06:26.263+0000] {logging_mixin.py:188} INFO - [2026-01-14T10:06:26.262+0000] {dagbag.py:545} INFO - Filling up the DagBag from /home/airflow/.local/lib/python3.12/site-packages/airflow/example_dags/tutorial.py
[2026-01-14T10:06:26.271+0000] {processor.py:840} INFO - DAG(s) 'tutorial' retrieved from /home/airflow/.local/lib/python3.12/site-packages/airflow/example_dags/tutorial.py
[2026-01-14T10:06:26.307+0000] {logging_mixin.py:188} INFO - [2026-01-14T10:06:26.306+0000] {dag.py:3096} INFO - Sync 1 DAGs
[2026-01-14T10:06:26.345+0000] {logging_mixin.py:188} INFO - [2026-01-14T10:06:26.345+0000] {dag.py:3954} INFO - Setting next_dagrun for tutorial to 2026-01-13 00:00:00+00:00, run_after=2026-01-14 00:00:00+00:00
[2026-01-14T10:06:26.379+0000] {processor.py:183} INFO - Processing /home/airflow/.local/lib/python3.12/site-packages/airflow/example_dags/tutorial.py took 0.130 seconds
[2026-01-14T10:06:56.962+0000] {processor.py:161} INFO - Started process (PID=13238) to work on /home/airflow/.local/lib/python3.12/site-packages/airflow/example_dags/tutorial.py
[2026-01-14T10:06:56.963+0000] {processor.py:830} INFO - Processing file /home/airflow/.local/lib/python3.12/site-packages/airflow/example_dags/tutorial.py for tasks to queue
[2026-01-14T10:06:56.966+0000] {logging_mixin.py:188} INFO - [2026-01-14T10:06:56.965+0000] {dagbag.py:545} INFO - Filling up the DagBag from /home/airflow/.local/lib/python3.12/site-packages/airflow/example_dags/tutorial.py
[2026-01-14T10:06:56.973+0000] {processor.py:840} INFO - DAG(s) 'tutorial' retrieved from /home/airflow/.local/lib/python3.12/site-packages/airflow/example_dags/tutorial.py
[2026-01-14T10:06:57.006+0000] {logging_mixin.py:188} INFO - [2026-01-14T10:06:57.005+0000] {dag.py:3096} INFO - Sync 1 DAGs
[2026-01-14T10:06:57.041+0000] {logging_mixin.py:188} INFO - [2026-01-14T10:06:57.041+0000] {dag.py:3954} INFO - Setting next_dagrun for tutorial to 2026-01-13 00:00:00+00:00, run_after=2026-01-14 00:00:00+00:00
[2026-01-14T10:06:57.073+0000] {processor.py:183} INFO - Processing /home/airflow/.local/lib/python3.12/site-packages/airflow/example_dags/tutorial.py took 0.120 seconds
[2026-01-14T10:07:27.547+0000] {processor.py:161} INFO - Started process (PID=13499) to work on /home/airflow/.local/lib/python3.12/site-packages/airflow/example_dags/tutorial.py
[2026-01-14T10:07:27.548+0000] {processor.py:830} INFO - Processing file /home/airflow/.local/lib/python3.12/site-packages/airflow/example_dags/tutorial.py for tasks to queue
[2026-01-14T10:07:27.550+0000] {logging_mixin.py:188} INFO - [2026-01-14T10:07:27.550+0000] {dagbag.py:545} INFO - Filling up the DagBag from /home/airflow/.local/lib/python3.12/site-packages/airflow/example_dags/tutorial.py
[2026-01-14T10:07:27.558+0000] {processor.py:840} INFO - DAG(s) 'tutorial' retrieved from /home/airflow/.local/lib/python3.12/site-packages/airflow/example_dags/tutorial.py
[2026-01-14T10:07:27.591+0000] {logging_mixin.py:188} INFO - [2026-01-14T10:07:27.591+0000] {dag.py:3096} INFO - Sync 1 DAGs
[2026-01-14T10:07:27.624+0000] {logging_mixin.py:188} INFO - [2026-01-14T10:07:27.624+0000] {dag.py:3954} INFO - Setting next_dagrun for tutorial to 2026-01-13 00:00:00+00:00, run_after=2026-01-14 00:00:00+00:00
[2026-01-14T10:07:27.653+0000] {processor.py:183} INFO - Processing /home/airflow/.local/lib/python3.12/site-packages/airflow/example_dags/tutorial.py took 0.114 seconds
[2026-01-14T10:07:57.890+0000] {processor.py:161} INFO - Started process (PID=13760) to work on /home/airflow/.local/lib/python3.12/site-packages/airflow/example_dags/tutorial.py
[2026-01-14T10:07:57.892+0000] {processor.py:830} INFO - Processing file /home/airflow/.local/lib/python3.12/site-packages/airflow/example_dags/tutorial.py for tasks to queue
[2026-01-14T10:07:57.894+0000] {logging_mixin.py:188} INFO - [2026-01-14T10:07:57.894+0000] {dagbag.py:545} INFO - Filling up the DagBag from /home/airflow/.local/lib/python3.12/site-packages/airflow/example_dags/tutorial.py
[2026-01-14T10:07:57.902+0000] {processor.py:840} INFO - DAG(s) 'tutorial' retrieved from /home/airflow/.local/lib/python3.12/site-packages/airflow/example_dags/tutorial.py
[2026-01-14T10:07:57.936+0000] {logging_mixin.py:188} INFO - [2026-01-14T10:07:57.935+0000] {dag.py:3096} INFO - Sync 1 DAGs
[2026-01-14T10:07:57.969+0000] {logging_mixin.py:188} INFO - [2026-01-14T10:07:57.968+0000] {dag.py:3954} INFO - Setting next_dagrun for tutorial to 2026-01-13 00:00:00+00:00, run_after=2026-01-14 00:00:00+00:00
[2026-01-14T10:07:57.997+0000] {processor.py:183} INFO - Processing /home/airflow/.local/lib/python3.12/site-packages/airflow/example_dags/tutorial.py took 0.114 seconds
[2026-01-14T10:08:28.647+0000] {processor.py:161} INFO - Started process (PID=14021) to work on /home/airflow/.local/lib/python3.12/site-packages/airflow/example_dags/tutorial.py
[2026-01-14T10:08:28.648+0000] {processor.py:830} INFO - Processing file /home/airflow/.local/lib/python3.12/site-packages/airflow/example_dags/tutorial.py for tasks to queue
[2026-01-14T10:08:28.650+0000] {logging_mixin.py:188} INFO - [2026-01-14T10:08:28.650+0000] {dagbag.py:545} INFO - Filling up the DagBag from /home/airflow/.local/lib/python3.12/site-packages/airflow/example_dags/tutorial.py
[2026-01-14T10:08:28.658+0000] {processor.py:840} INFO - DAG(s) 'tutorial' retrieved from /home/airflow/.local/lib/python3.12/site-packages/airflow/example_dags/tutorial.py
[2026-01-14T10:08:28.690+0000] {logging_mixin.py:188} INFO - [2026-01-14T10:08:28.690+0000] {dag.py:3096} INFO - Sync 1 DAGs
[2026-01-14T10:08:28.732+0000] {logging_mixin.py:188} INFO - [2026-01-14T10:08:28.732+0000] {dag.py:3954} INFO - Setting next_dagrun for tutorial to 2026-01-13 00:00:00+00:00, run_after=2026-01-14 00:00:00+00:00
[2026-01-14T10:08:28.764+0000] {processor.py:183} INFO - Processing /home/airflow/.local/lib/python3.12/site-packages/airflow/example_dags/tutorial.py took 0.125 seconds
[2026-01-14T10:08:59.133+0000] {processor.py:161} INFO - Started process (PID=14282) to work on /home/airflow/.local/lib/python3.12/site-packages/airflow/example_dags/tutorial.py
[2026-01-14T10:08:59.134+0000] {processor.py:830} INFO - Processing file /home/airflow/.local/lib/python3.12/site-packages/airflow/example_dags/tutorial.py for tasks to queue
[2026-01-14T10:08:59.137+0000] {logging_mixin.py:188} INFO - [2026-01-14T10:08:59.137+0000] {dagbag.py:545} INFO - Filling up the DagBag from /home/airflow/.local/lib/python3.12/site-packages/airflow/example_dags/tutorial.py
[2026-01-14T10:08:59.145+0000] {processor.py:840} INFO - DAG(s) 'tutorial' retrieved from /home/airflow/.local/lib/python3.12/site-packages/airflow/example_dags/tutorial.py
[2026-01-14T10:08:59.176+0000] {logging_mixin.py:188} INFO - [2026-01-14T10:08:59.176+0000] {dag.py:3096} INFO - Sync 1 DAGs
[2026-01-14T10:08:59.213+0000] {logging_mixin.py:188} INFO - [2026-01-14T10:08:59.213+0000] {dag.py:3954} INFO - Setting next_dagrun for tutorial to 2026-01-13 00:00:00+00:00, run_after=2026-01-14 00:00:00+00:00
[2026-01-14T10:08:59.242+0000] {processor.py:183} INFO - Processing /home/airflow/.local/lib/python3.12/site-packages/airflow/example_dags/tutorial.py took 0.117 seconds
[2026-01-14T10:09:29.504+0000] {processor.py:161} INFO - Started process (PID=14543) to work on /home/airflow/.local/lib/python3.12/site-packages/airflow/example_dags/tutorial.py
[2026-01-14T10:09:29.505+0000] {processor.py:830} INFO - Processing file /home/airflow/.local/lib/python3.12/site-packages/airflow/example_dags/tutorial.py for tasks to queue
[2026-01-14T10:09:29.507+0000] {logging_mixin.py:188} INFO - [2026-01-14T10:09:29.507+0000] {dagbag.py:545} INFO - Filling up the DagBag from /home/airflow/.local/lib/python3.12/site-packages/airflow/example_dags/tutorial.py
[2026-01-14T10:09:29.514+0000] {processor.py:840} INFO - DAG(s) 'tutorial' retrieved from /home/airflow/.local/lib/python3.12/site-packages/airflow/example_dags/tutorial.py
[2026-01-14T10:09:29.546+0000] {logging_mixin.py:188} INFO - [2026-01-14T10:09:29.546+0000] {dag.py:3096} INFO - Sync 1 DAGs
[2026-01-14T10:09:29.580+0000] {logging_mixin.py:188} INFO - [2026-01-14T10:09:29.580+0000] {dag.py:3954} INFO - Setting next_dagrun for tutorial to 2026-01-13 00:00:00+00:00, run_after=2026-01-14 00:00:00+00:00
[2026-01-14T10:09:29.607+0000] {processor.py:183} INFO - Processing /home/airflow/.local/lib/python3.12/site-packages/airflow/example_dags/tutorial.py took 0.111 seconds
[2026-01-14T10:10:00.043+0000] {processor.py:161} INFO - Started process (PID=14804) to work on /home/airflow/.local/lib/python3.12/site-packages/airflow/example_dags/tutorial.py
[2026-01-14T10:10:00.045+0000] {processor.py:830} INFO - Processing file /home/airflow/.local/lib/python3.12/site-packages/airflow/example_dags/tutorial.py for tasks to queue
[2026-01-14T10:10:00.047+0000] {logging_mixin.py:188} INFO - [2026-01-14T10:10:00.047+0000] {dagbag.py:545} INFO - Filling up the DagBag from /home/airflow/.local/lib/python3.12/site-packages/airflow/example_dags/tutorial.py
[2026-01-14T10:10:00.055+0000] {processor.py:840} INFO - DAG(s) 'tutorial' retrieved from /home/airflow/.local/lib/python3.12/site-packages/airflow/example_dags/tutorial.py
[2026-01-14T10:10:00.087+0000] {logging_mixin.py:188} INFO - [2026-01-14T10:10:00.086+0000] {dag.py:3096} INFO - Sync 1 DAGs
[2026-01-14T10:10:00.119+0000] {logging_mixin.py:188} INFO - [2026-01-14T10:10:00.119+0000] {dag.py:3954} INFO - Setting next_dagrun for tutorial to 2026-01-13 00:00:00+00:00, run_after=2026-01-14 00:00:00+00:00
[2026-01-14T10:10:00.149+0000] {processor.py:183} INFO - Processing /home/airflow/.local/lib/python3.12/site-packages/airflow/example_dags/tutorial.py took 0.113 seconds
[2026-01-14T10:10:31.937+0000] {processor.py:161} INFO - Started process (PID=15065) to work on /home/airflow/.local/lib/python3.12/site-packages/airflow/example_dags/tutorial.py
[2026-01-14T10:10:31.938+0000] {processor.py:830} INFO - Processing file /home/airflow/.local/lib/python3.12/site-packages/airflow/example_dags/tutorial.py for tasks to queue
[2026-01-14T10:10:31.942+0000] {logging_mixin.py:188} INFO - [2026-01-14T10:10:31.941+0000] {dagbag.py:545} INFO - Filling up the DagBag from /home/airflow/.local/lib/python3.12/site-packages/airflow/example_dags/tutorial.py
[2026-01-14T10:10:31.973+0000] {processor.py:840} INFO - DAG(s) 'tutorial' retrieved from /home/airflow/.local/lib/python3.12/site-packages/airflow/example_dags/tutorial.py
[2026-01-14T10:10:32.103+0000] {logging_mixin.py:188} INFO - [2026-01-14T10:10:32.103+0000] {dag.py:3096} INFO - Sync 1 DAGs
[2026-01-14T10:10:32.212+0000] {logging_mixin.py:188} INFO - [2026-01-14T10:10:32.212+0000] {dag.py:3954} INFO - Setting next_dagrun for tutorial to 2026-01-13 00:00:00+00:00, run_after=2026-01-14 00:00:00+00:00
[2026-01-14T10:10:32.297+0000] {processor.py:183} INFO - Processing /home/airflow/.local/lib/python3.12/site-packages/airflow/example_dags/tutorial.py took 0.370 seconds
[2026-01-14T10:30:03.405+0000] {processor.py:161} INFO - Started process (PID=15285) to work on /home/airflow/.local/lib/python3.12/site-packages/airflow/example_dags/tutorial.py
[2026-01-14T10:30:03.406+0000] {processor.py:830} INFO - Processing file /home/airflow/.local/lib/python3.12/site-packages/airflow/example_dags/tutorial.py for tasks to queue
[2026-01-14T10:30:03.408+0000] {logging_mixin.py:188} INFO - [2026-01-14T10:30:03.407+0000] {dagbag.py:545} INFO - Filling up the DagBag from /home/airflow/.local/lib/python3.12/site-packages/airflow/example_dags/tutorial.py
[2026-01-14T10:30:03.414+0000] {processor.py:840} INFO - DAG(s) 'tutorial' retrieved from /home/airflow/.local/lib/python3.12/site-packages/airflow/example_dags/tutorial.py
[2026-01-14T10:30:03.439+0000] {logging_mixin.py:188} INFO - [2026-01-14T10:30:03.439+0000] {dag.py:3096} INFO - Sync 1 DAGs
[2026-01-14T10:30:03.466+0000] {logging_mixin.py:188} INFO - [2026-01-14T10:30:03.466+0000] {dag.py:3954} INFO - Setting next_dagrun for tutorial to 2026-01-13 00:00:00+00:00, run_after=2026-01-14 00:00:00+00:00
[2026-01-14T10:30:03.488+0000] {processor.py:183} INFO - Processing /home/airflow/.local/lib/python3.12/site-packages/airflow/example_dags/tutorial.py took 0.088 seconds
