[2026-01-14T07:54:55.158+0000] {processor.py:161} INFO - Started process (PID=368) to work on /home/airflow/.local/lib/python3.12/site-packages/airflow/example_dags/tutorial_dag.py
[2026-01-14T07:54:55.159+0000] {processor.py:830} INFO - Processing file /home/airflow/.local/lib/python3.12/site-packages/airflow/example_dags/tutorial_dag.py for tasks to queue
[2026-01-14T07:54:55.162+0000] {logging_mixin.py:188} INFO - [2026-01-14T07:54:55.161+0000] {dagbag.py:545} INFO - Filling up the DagBag from /home/airflow/.local/lib/python3.12/site-packages/airflow/example_dags/tutorial_dag.py
[2026-01-14T07:54:55.169+0000] {processor.py:840} INFO - DAG(s) 'tutorial_dag' retrieved from /home/airflow/.local/lib/python3.12/site-packages/airflow/example_dags/tutorial_dag.py
[2026-01-14T07:54:55.200+0000] {logging_mixin.py:188} INFO - [2026-01-14T07:54:55.199+0000] {dag.py:3096} INFO - Sync 1 DAGs
[2026-01-14T07:54:55.216+0000] {logging_mixin.py:188} INFO - [2026-01-14T07:54:55.216+0000] {dag.py:3954} INFO - Setting next_dagrun for tutorial_dag to None, run_after=None
[2026-01-14T07:54:55.246+0000] {processor.py:183} INFO - Processing /home/airflow/.local/lib/python3.12/site-packages/airflow/example_dags/tutorial_dag.py took 0.099 seconds
[2026-01-14T07:55:25.777+0000] {processor.py:161} INFO - Started process (PID=663) to work on /home/airflow/.local/lib/python3.12/site-packages/airflow/example_dags/tutorial_dag.py
[2026-01-14T07:55:25.778+0000] {processor.py:830} INFO - Processing file /home/airflow/.local/lib/python3.12/site-packages/airflow/example_dags/tutorial_dag.py for tasks to queue
[2026-01-14T07:55:25.782+0000] {logging_mixin.py:188} INFO - [2026-01-14T07:55:25.781+0000] {dagbag.py:545} INFO - Filling up the DagBag from /home/airflow/.local/lib/python3.12/site-packages/airflow/example_dags/tutorial_dag.py
[2026-01-14T07:55:25.792+0000] {processor.py:840} INFO - DAG(s) 'tutorial_dag' retrieved from /home/airflow/.local/lib/python3.12/site-packages/airflow/example_dags/tutorial_dag.py
[2026-01-14T07:55:25.831+0000] {logging_mixin.py:188} INFO - [2026-01-14T07:55:25.831+0000] {dag.py:3096} INFO - Sync 1 DAGs
[2026-01-14T07:55:25.858+0000] {logging_mixin.py:188} INFO - [2026-01-14T07:55:25.857+0000] {dag.py:3954} INFO - Setting next_dagrun for tutorial_dag to None, run_after=None
[2026-01-14T07:55:25.895+0000] {processor.py:183} INFO - Processing /home/airflow/.local/lib/python3.12/site-packages/airflow/example_dags/tutorial_dag.py took 0.128 seconds
[2026-01-14T07:55:56.778+0000] {processor.py:161} INFO - Started process (PID=944) to work on /home/airflow/.local/lib/python3.12/site-packages/airflow/example_dags/tutorial_dag.py
[2026-01-14T07:55:56.779+0000] {processor.py:830} INFO - Processing file /home/airflow/.local/lib/python3.12/site-packages/airflow/example_dags/tutorial_dag.py for tasks to queue
[2026-01-14T07:55:56.782+0000] {logging_mixin.py:188} INFO - [2026-01-14T07:55:56.782+0000] {dagbag.py:545} INFO - Filling up the DagBag from /home/airflow/.local/lib/python3.12/site-packages/airflow/example_dags/tutorial_dag.py
[2026-01-14T07:55:56.790+0000] {processor.py:840} INFO - DAG(s) 'tutorial_dag' retrieved from /home/airflow/.local/lib/python3.12/site-packages/airflow/example_dags/tutorial_dag.py
[2026-01-14T07:55:56.828+0000] {logging_mixin.py:188} INFO - [2026-01-14T07:55:56.828+0000] {dag.py:3096} INFO - Sync 1 DAGs
[2026-01-14T07:55:56.850+0000] {logging_mixin.py:188} INFO - [2026-01-14T07:55:56.850+0000] {dag.py:3954} INFO - Setting next_dagrun for tutorial_dag to None, run_after=None
[2026-01-14T07:55:56.885+0000] {processor.py:183} INFO - Processing /home/airflow/.local/lib/python3.12/site-packages/airflow/example_dags/tutorial_dag.py took 0.117 seconds
[2026-01-14T07:56:27.655+0000] {processor.py:161} INFO - Started process (PID=1215) to work on /home/airflow/.local/lib/python3.12/site-packages/airflow/example_dags/tutorial_dag.py
[2026-01-14T07:56:27.656+0000] {processor.py:830} INFO - Processing file /home/airflow/.local/lib/python3.12/site-packages/airflow/example_dags/tutorial_dag.py for tasks to queue
[2026-01-14T07:56:27.659+0000] {logging_mixin.py:188} INFO - [2026-01-14T07:56:27.658+0000] {dagbag.py:545} INFO - Filling up the DagBag from /home/airflow/.local/lib/python3.12/site-packages/airflow/example_dags/tutorial_dag.py
[2026-01-14T07:56:27.666+0000] {processor.py:840} INFO - DAG(s) 'tutorial_dag' retrieved from /home/airflow/.local/lib/python3.12/site-packages/airflow/example_dags/tutorial_dag.py
[2026-01-14T07:56:27.704+0000] {logging_mixin.py:188} INFO - [2026-01-14T07:56:27.703+0000] {dag.py:3096} INFO - Sync 1 DAGs
[2026-01-14T07:56:27.727+0000] {logging_mixin.py:188} INFO - [2026-01-14T07:56:27.727+0000] {dag.py:3954} INFO - Setting next_dagrun for tutorial_dag to None, run_after=None
[2026-01-14T07:56:27.758+0000] {processor.py:183} INFO - Processing /home/airflow/.local/lib/python3.12/site-packages/airflow/example_dags/tutorial_dag.py took 0.111 seconds
[2026-01-14T07:56:58.548+0000] {processor.py:161} INFO - Started process (PID=1482) to work on /home/airflow/.local/lib/python3.12/site-packages/airflow/example_dags/tutorial_dag.py
[2026-01-14T07:56:58.549+0000] {processor.py:830} INFO - Processing file /home/airflow/.local/lib/python3.12/site-packages/airflow/example_dags/tutorial_dag.py for tasks to queue
[2026-01-14T07:56:58.552+0000] {logging_mixin.py:188} INFO - [2026-01-14T07:56:58.551+0000] {dagbag.py:545} INFO - Filling up the DagBag from /home/airflow/.local/lib/python3.12/site-packages/airflow/example_dags/tutorial_dag.py
[2026-01-14T07:56:58.559+0000] {processor.py:840} INFO - DAG(s) 'tutorial_dag' retrieved from /home/airflow/.local/lib/python3.12/site-packages/airflow/example_dags/tutorial_dag.py
[2026-01-14T07:56:58.593+0000] {logging_mixin.py:188} INFO - [2026-01-14T07:56:58.593+0000] {dag.py:3096} INFO - Sync 1 DAGs
[2026-01-14T07:56:58.613+0000] {logging_mixin.py:188} INFO - [2026-01-14T07:56:58.613+0000] {dag.py:3954} INFO - Setting next_dagrun for tutorial_dag to None, run_after=None
[2026-01-14T07:56:58.640+0000] {processor.py:183} INFO - Processing /home/airflow/.local/lib/python3.12/site-packages/airflow/example_dags/tutorial_dag.py took 0.100 seconds
[2026-01-14T07:57:29.361+0000] {processor.py:161} INFO - Started process (PID=1785) to work on /home/airflow/.local/lib/python3.12/site-packages/airflow/example_dags/tutorial_dag.py
[2026-01-14T07:57:29.362+0000] {processor.py:830} INFO - Processing file /home/airflow/.local/lib/python3.12/site-packages/airflow/example_dags/tutorial_dag.py for tasks to queue
[2026-01-14T07:57:29.365+0000] {logging_mixin.py:188} INFO - [2026-01-14T07:57:29.365+0000] {dagbag.py:545} INFO - Filling up the DagBag from /home/airflow/.local/lib/python3.12/site-packages/airflow/example_dags/tutorial_dag.py
[2026-01-14T07:57:29.374+0000] {processor.py:840} INFO - DAG(s) 'tutorial_dag' retrieved from /home/airflow/.local/lib/python3.12/site-packages/airflow/example_dags/tutorial_dag.py
[2026-01-14T07:57:29.410+0000] {logging_mixin.py:188} INFO - [2026-01-14T07:57:29.410+0000] {dag.py:3096} INFO - Sync 1 DAGs
[2026-01-14T07:57:29.432+0000] {logging_mixin.py:188} INFO - [2026-01-14T07:57:29.432+0000] {dag.py:3954} INFO - Setting next_dagrun for tutorial_dag to None, run_after=None
[2026-01-14T07:57:29.465+0000] {processor.py:183} INFO - Processing /home/airflow/.local/lib/python3.12/site-packages/airflow/example_dags/tutorial_dag.py took 0.113 seconds
[2026-01-14T07:58:48.255+0000] {processor.py:161} INFO - Started process (PID=320) to work on /home/airflow/.local/lib/python3.12/site-packages/airflow/example_dags/tutorial_dag.py
[2026-01-14T07:58:48.257+0000] {processor.py:830} INFO - Processing file /home/airflow/.local/lib/python3.12/site-packages/airflow/example_dags/tutorial_dag.py for tasks to queue
[2026-01-14T07:58:48.260+0000] {logging_mixin.py:188} INFO - [2026-01-14T07:58:48.259+0000] {dagbag.py:545} INFO - Filling up the DagBag from /home/airflow/.local/lib/python3.12/site-packages/airflow/example_dags/tutorial_dag.py
[2026-01-14T07:58:48.269+0000] {processor.py:840} INFO - DAG(s) 'tutorial_dag' retrieved from /home/airflow/.local/lib/python3.12/site-packages/airflow/example_dags/tutorial_dag.py
[2026-01-14T07:58:48.297+0000] {logging_mixin.py:188} INFO - [2026-01-14T07:58:48.297+0000] {dag.py:3096} INFO - Sync 1 DAGs
[2026-01-14T07:58:48.313+0000] {logging_mixin.py:188} INFO - [2026-01-14T07:58:48.312+0000] {dag.py:3954} INFO - Setting next_dagrun for tutorial_dag to None, run_after=None
[2026-01-14T07:58:48.335+0000] {processor.py:183} INFO - Processing /home/airflow/.local/lib/python3.12/site-packages/airflow/example_dags/tutorial_dag.py took 0.088 seconds
[2026-01-14T07:59:18.626+0000] {processor.py:161} INFO - Started process (PID=589) to work on /home/airflow/.local/lib/python3.12/site-packages/airflow/example_dags/tutorial_dag.py
[2026-01-14T07:59:18.628+0000] {processor.py:830} INFO - Processing file /home/airflow/.local/lib/python3.12/site-packages/airflow/example_dags/tutorial_dag.py for tasks to queue
[2026-01-14T07:59:18.630+0000] {logging_mixin.py:188} INFO - [2026-01-14T07:59:18.630+0000] {dagbag.py:545} INFO - Filling up the DagBag from /home/airflow/.local/lib/python3.12/site-packages/airflow/example_dags/tutorial_dag.py
[2026-01-14T07:59:18.637+0000] {processor.py:840} INFO - DAG(s) 'tutorial_dag' retrieved from /home/airflow/.local/lib/python3.12/site-packages/airflow/example_dags/tutorial_dag.py
[2026-01-14T07:59:18.673+0000] {logging_mixin.py:188} INFO - [2026-01-14T07:59:18.672+0000] {dag.py:3096} INFO - Sync 1 DAGs
[2026-01-14T07:59:18.692+0000] {logging_mixin.py:188} INFO - [2026-01-14T07:59:18.692+0000] {dag.py:3954} INFO - Setting next_dagrun for tutorial_dag to None, run_after=None
[2026-01-14T07:59:18.720+0000] {processor.py:183} INFO - Processing /home/airflow/.local/lib/python3.12/site-packages/airflow/example_dags/tutorial_dag.py took 0.101 seconds
[2026-01-14T07:59:48.863+0000] {processor.py:161} INFO - Started process (PID=914) to work on /home/airflow/.local/lib/python3.12/site-packages/airflow/example_dags/tutorial_dag.py
[2026-01-14T07:59:48.864+0000] {processor.py:830} INFO - Processing file /home/airflow/.local/lib/python3.12/site-packages/airflow/example_dags/tutorial_dag.py for tasks to queue
[2026-01-14T07:59:48.867+0000] {logging_mixin.py:188} INFO - [2026-01-14T07:59:48.866+0000] {dagbag.py:545} INFO - Filling up the DagBag from /home/airflow/.local/lib/python3.12/site-packages/airflow/example_dags/tutorial_dag.py
[2026-01-14T07:59:48.873+0000] {processor.py:840} INFO - DAG(s) 'tutorial_dag' retrieved from /home/airflow/.local/lib/python3.12/site-packages/airflow/example_dags/tutorial_dag.py
[2026-01-14T07:59:48.904+0000] {logging_mixin.py:188} INFO - [2026-01-14T07:59:48.904+0000] {dag.py:3096} INFO - Sync 1 DAGs
[2026-01-14T07:59:48.924+0000] {logging_mixin.py:188} INFO - [2026-01-14T07:59:48.924+0000] {dag.py:3954} INFO - Setting next_dagrun for tutorial_dag to None, run_after=None
[2026-01-14T07:59:48.955+0000] {processor.py:183} INFO - Processing /home/airflow/.local/lib/python3.12/site-packages/airflow/example_dags/tutorial_dag.py took 0.099 seconds
[2026-01-14T08:00:19.656+0000] {processor.py:161} INFO - Started process (PID=1178) to work on /home/airflow/.local/lib/python3.12/site-packages/airflow/example_dags/tutorial_dag.py
[2026-01-14T08:00:19.658+0000] {processor.py:830} INFO - Processing file /home/airflow/.local/lib/python3.12/site-packages/airflow/example_dags/tutorial_dag.py for tasks to queue
[2026-01-14T08:00:19.660+0000] {logging_mixin.py:188} INFO - [2026-01-14T08:00:19.660+0000] {dagbag.py:545} INFO - Filling up the DagBag from /home/airflow/.local/lib/python3.12/site-packages/airflow/example_dags/tutorial_dag.py
[2026-01-14T08:00:19.668+0000] {processor.py:840} INFO - DAG(s) 'tutorial_dag' retrieved from /home/airflow/.local/lib/python3.12/site-packages/airflow/example_dags/tutorial_dag.py
[2026-01-14T08:00:19.700+0000] {logging_mixin.py:188} INFO - [2026-01-14T08:00:19.699+0000] {dag.py:3096} INFO - Sync 1 DAGs
[2026-01-14T08:00:19.719+0000] {logging_mixin.py:188} INFO - [2026-01-14T08:00:19.719+0000] {dag.py:3954} INFO - Setting next_dagrun for tutorial_dag to None, run_after=None
[2026-01-14T08:00:19.746+0000] {processor.py:183} INFO - Processing /home/airflow/.local/lib/python3.12/site-packages/airflow/example_dags/tutorial_dag.py took 0.098 seconds
[2026-01-14T08:00:49.962+0000] {processor.py:161} INFO - Started process (PID=1441) to work on /home/airflow/.local/lib/python3.12/site-packages/airflow/example_dags/tutorial_dag.py
[2026-01-14T08:00:49.963+0000] {processor.py:830} INFO - Processing file /home/airflow/.local/lib/python3.12/site-packages/airflow/example_dags/tutorial_dag.py for tasks to queue
[2026-01-14T08:00:49.966+0000] {logging_mixin.py:188} INFO - [2026-01-14T08:00:49.965+0000] {dagbag.py:545} INFO - Filling up the DagBag from /home/airflow/.local/lib/python3.12/site-packages/airflow/example_dags/tutorial_dag.py
[2026-01-14T08:00:49.973+0000] {processor.py:840} INFO - DAG(s) 'tutorial_dag' retrieved from /home/airflow/.local/lib/python3.12/site-packages/airflow/example_dags/tutorial_dag.py
[2026-01-14T08:00:50.004+0000] {logging_mixin.py:188} INFO - [2026-01-14T08:00:50.004+0000] {dag.py:3096} INFO - Sync 1 DAGs
[2026-01-14T08:00:50.027+0000] {logging_mixin.py:188} INFO - [2026-01-14T08:00:50.027+0000] {dag.py:3954} INFO - Setting next_dagrun for tutorial_dag to None, run_after=None
[2026-01-14T08:00:50.060+0000] {processor.py:183} INFO - Processing /home/airflow/.local/lib/python3.12/site-packages/airflow/example_dags/tutorial_dag.py took 0.106 seconds
[2026-01-14T08:01:20.448+0000] {processor.py:161} INFO - Started process (PID=1703) to work on /home/airflow/.local/lib/python3.12/site-packages/airflow/example_dags/tutorial_dag.py
[2026-01-14T08:01:20.449+0000] {processor.py:830} INFO - Processing file /home/airflow/.local/lib/python3.12/site-packages/airflow/example_dags/tutorial_dag.py for tasks to queue
[2026-01-14T08:01:20.452+0000] {logging_mixin.py:188} INFO - [2026-01-14T08:01:20.451+0000] {dagbag.py:545} INFO - Filling up the DagBag from /home/airflow/.local/lib/python3.12/site-packages/airflow/example_dags/tutorial_dag.py
[2026-01-14T08:01:20.460+0000] {processor.py:840} INFO - DAG(s) 'tutorial_dag' retrieved from /home/airflow/.local/lib/python3.12/site-packages/airflow/example_dags/tutorial_dag.py
[2026-01-14T08:01:20.492+0000] {logging_mixin.py:188} INFO - [2026-01-14T08:01:20.491+0000] {dag.py:3096} INFO - Sync 1 DAGs
[2026-01-14T08:01:20.510+0000] {logging_mixin.py:188} INFO - [2026-01-14T08:01:20.510+0000] {dag.py:3954} INFO - Setting next_dagrun for tutorial_dag to None, run_after=None
[2026-01-14T08:01:20.537+0000] {processor.py:183} INFO - Processing /home/airflow/.local/lib/python3.12/site-packages/airflow/example_dags/tutorial_dag.py took 0.098 seconds
[2026-01-14T08:01:50.780+0000] {processor.py:161} INFO - Started process (PID=1988) to work on /home/airflow/.local/lib/python3.12/site-packages/airflow/example_dags/tutorial_dag.py
[2026-01-14T08:01:50.782+0000] {processor.py:830} INFO - Processing file /home/airflow/.local/lib/python3.12/site-packages/airflow/example_dags/tutorial_dag.py for tasks to queue
[2026-01-14T08:01:50.785+0000] {logging_mixin.py:188} INFO - [2026-01-14T08:01:50.784+0000] {dagbag.py:545} INFO - Filling up the DagBag from /home/airflow/.local/lib/python3.12/site-packages/airflow/example_dags/tutorial_dag.py
[2026-01-14T08:01:50.791+0000] {processor.py:840} INFO - DAG(s) 'tutorial_dag' retrieved from /home/airflow/.local/lib/python3.12/site-packages/airflow/example_dags/tutorial_dag.py
[2026-01-14T08:01:50.823+0000] {logging_mixin.py:188} INFO - [2026-01-14T08:01:50.822+0000] {dag.py:3096} INFO - Sync 1 DAGs
[2026-01-14T08:01:50.841+0000] {logging_mixin.py:188} INFO - [2026-01-14T08:01:50.841+0000] {dag.py:3954} INFO - Setting next_dagrun for tutorial_dag to None, run_after=None
[2026-01-14T08:01:50.868+0000] {processor.py:183} INFO - Processing /home/airflow/.local/lib/python3.12/site-packages/airflow/example_dags/tutorial_dag.py took 0.096 seconds
[2026-01-14T08:02:21.193+0000] {processor.py:161} INFO - Started process (PID=2252) to work on /home/airflow/.local/lib/python3.12/site-packages/airflow/example_dags/tutorial_dag.py
[2026-01-14T08:02:21.195+0000] {processor.py:830} INFO - Processing file /home/airflow/.local/lib/python3.12/site-packages/airflow/example_dags/tutorial_dag.py for tasks to queue
[2026-01-14T08:02:21.198+0000] {logging_mixin.py:188} INFO - [2026-01-14T08:02:21.197+0000] {dagbag.py:545} INFO - Filling up the DagBag from /home/airflow/.local/lib/python3.12/site-packages/airflow/example_dags/tutorial_dag.py
[2026-01-14T08:02:21.205+0000] {processor.py:840} INFO - DAG(s) 'tutorial_dag' retrieved from /home/airflow/.local/lib/python3.12/site-packages/airflow/example_dags/tutorial_dag.py
[2026-01-14T08:02:21.236+0000] {logging_mixin.py:188} INFO - [2026-01-14T08:02:21.236+0000] {dag.py:3096} INFO - Sync 1 DAGs
[2026-01-14T08:02:21.256+0000] {logging_mixin.py:188} INFO - [2026-01-14T08:02:21.256+0000] {dag.py:3954} INFO - Setting next_dagrun for tutorial_dag to None, run_after=None
[2026-01-14T08:02:21.284+0000] {processor.py:183} INFO - Processing /home/airflow/.local/lib/python3.12/site-packages/airflow/example_dags/tutorial_dag.py took 0.100 seconds
[2026-01-14T08:02:51.748+0000] {processor.py:161} INFO - Started process (PID=2513) to work on /home/airflow/.local/lib/python3.12/site-packages/airflow/example_dags/tutorial_dag.py
[2026-01-14T08:02:51.749+0000] {processor.py:830} INFO - Processing file /home/airflow/.local/lib/python3.12/site-packages/airflow/example_dags/tutorial_dag.py for tasks to queue
[2026-01-14T08:02:51.752+0000] {logging_mixin.py:188} INFO - [2026-01-14T08:02:51.752+0000] {dagbag.py:545} INFO - Filling up the DagBag from /home/airflow/.local/lib/python3.12/site-packages/airflow/example_dags/tutorial_dag.py
[2026-01-14T08:02:51.758+0000] {processor.py:840} INFO - DAG(s) 'tutorial_dag' retrieved from /home/airflow/.local/lib/python3.12/site-packages/airflow/example_dags/tutorial_dag.py
[2026-01-14T08:02:51.789+0000] {logging_mixin.py:188} INFO - [2026-01-14T08:02:51.789+0000] {dag.py:3096} INFO - Sync 1 DAGs
[2026-01-14T08:02:51.810+0000] {logging_mixin.py:188} INFO - [2026-01-14T08:02:51.809+0000] {dag.py:3954} INFO - Setting next_dagrun for tutorial_dag to None, run_after=None
[2026-01-14T08:02:51.837+0000] {processor.py:183} INFO - Processing /home/airflow/.local/lib/python3.12/site-packages/airflow/example_dags/tutorial_dag.py took 0.097 seconds
[2026-01-14T08:03:22.134+0000] {processor.py:161} INFO - Started process (PID=2777) to work on /home/airflow/.local/lib/python3.12/site-packages/airflow/example_dags/tutorial_dag.py
[2026-01-14T08:03:22.135+0000] {processor.py:830} INFO - Processing file /home/airflow/.local/lib/python3.12/site-packages/airflow/example_dags/tutorial_dag.py for tasks to queue
[2026-01-14T08:03:22.138+0000] {logging_mixin.py:188} INFO - [2026-01-14T08:03:22.137+0000] {dagbag.py:545} INFO - Filling up the DagBag from /home/airflow/.local/lib/python3.12/site-packages/airflow/example_dags/tutorial_dag.py
[2026-01-14T08:03:22.144+0000] {processor.py:840} INFO - DAG(s) 'tutorial_dag' retrieved from /home/airflow/.local/lib/python3.12/site-packages/airflow/example_dags/tutorial_dag.py
[2026-01-14T08:03:22.176+0000] {logging_mixin.py:188} INFO - [2026-01-14T08:03:22.176+0000] {dag.py:3096} INFO - Sync 1 DAGs
[2026-01-14T08:03:22.196+0000] {logging_mixin.py:188} INFO - [2026-01-14T08:03:22.195+0000] {dag.py:3954} INFO - Setting next_dagrun for tutorial_dag to None, run_after=None
[2026-01-14T08:03:22.222+0000] {processor.py:183} INFO - Processing /home/airflow/.local/lib/python3.12/site-packages/airflow/example_dags/tutorial_dag.py took 0.095 seconds
[2026-01-14T08:03:52.738+0000] {processor.py:161} INFO - Started process (PID=3062) to work on /home/airflow/.local/lib/python3.12/site-packages/airflow/example_dags/tutorial_dag.py
[2026-01-14T08:03:52.739+0000] {processor.py:830} INFO - Processing file /home/airflow/.local/lib/python3.12/site-packages/airflow/example_dags/tutorial_dag.py for tasks to queue
[2026-01-14T08:03:52.742+0000] {logging_mixin.py:188} INFO - [2026-01-14T08:03:52.741+0000] {dagbag.py:545} INFO - Filling up the DagBag from /home/airflow/.local/lib/python3.12/site-packages/airflow/example_dags/tutorial_dag.py
[2026-01-14T08:03:52.749+0000] {processor.py:840} INFO - DAG(s) 'tutorial_dag' retrieved from /home/airflow/.local/lib/python3.12/site-packages/airflow/example_dags/tutorial_dag.py
[2026-01-14T08:03:52.781+0000] {logging_mixin.py:188} INFO - [2026-01-14T08:03:52.781+0000] {dag.py:3096} INFO - Sync 1 DAGs
[2026-01-14T08:03:52.804+0000] {logging_mixin.py:188} INFO - [2026-01-14T08:03:52.803+0000] {dag.py:3954} INFO - Setting next_dagrun for tutorial_dag to None, run_after=None
[2026-01-14T08:03:52.834+0000] {processor.py:183} INFO - Processing /home/airflow/.local/lib/python3.12/site-packages/airflow/example_dags/tutorial_dag.py took 0.106 seconds
[2026-01-14T08:04:23.041+0000] {processor.py:161} INFO - Started process (PID=3326) to work on /home/airflow/.local/lib/python3.12/site-packages/airflow/example_dags/tutorial_dag.py
[2026-01-14T08:04:23.042+0000] {processor.py:830} INFO - Processing file /home/airflow/.local/lib/python3.12/site-packages/airflow/example_dags/tutorial_dag.py for tasks to queue
[2026-01-14T08:04:23.044+0000] {logging_mixin.py:188} INFO - [2026-01-14T08:04:23.044+0000] {dagbag.py:545} INFO - Filling up the DagBag from /home/airflow/.local/lib/python3.12/site-packages/airflow/example_dags/tutorial_dag.py
[2026-01-14T08:04:23.051+0000] {processor.py:840} INFO - DAG(s) 'tutorial_dag' retrieved from /home/airflow/.local/lib/python3.12/site-packages/airflow/example_dags/tutorial_dag.py
[2026-01-14T08:04:23.082+0000] {logging_mixin.py:188} INFO - [2026-01-14T08:04:23.082+0000] {dag.py:3096} INFO - Sync 1 DAGs
[2026-01-14T08:04:23.105+0000] {logging_mixin.py:188} INFO - [2026-01-14T08:04:23.104+0000] {dag.py:3954} INFO - Setting next_dagrun for tutorial_dag to None, run_after=None
[2026-01-14T08:04:23.132+0000] {processor.py:183} INFO - Processing /home/airflow/.local/lib/python3.12/site-packages/airflow/example_dags/tutorial_dag.py took 0.099 seconds
[2026-01-14T08:04:53.762+0000] {processor.py:161} INFO - Started process (PID=3587) to work on /home/airflow/.local/lib/python3.12/site-packages/airflow/example_dags/tutorial_dag.py
[2026-01-14T08:04:53.763+0000] {processor.py:830} INFO - Processing file /home/airflow/.local/lib/python3.12/site-packages/airflow/example_dags/tutorial_dag.py for tasks to queue
[2026-01-14T08:04:53.766+0000] {logging_mixin.py:188} INFO - [2026-01-14T08:04:53.765+0000] {dagbag.py:545} INFO - Filling up the DagBag from /home/airflow/.local/lib/python3.12/site-packages/airflow/example_dags/tutorial_dag.py
[2026-01-14T08:04:53.773+0000] {processor.py:840} INFO - DAG(s) 'tutorial_dag' retrieved from /home/airflow/.local/lib/python3.12/site-packages/airflow/example_dags/tutorial_dag.py
[2026-01-14T08:04:53.802+0000] {logging_mixin.py:188} INFO - [2026-01-14T08:04:53.802+0000] {dag.py:3096} INFO - Sync 1 DAGs
[2026-01-14T08:04:53.819+0000] {logging_mixin.py:188} INFO - [2026-01-14T08:04:53.818+0000] {dag.py:3954} INFO - Setting next_dagrun for tutorial_dag to None, run_after=None
[2026-01-14T08:04:53.844+0000] {processor.py:183} INFO - Processing /home/airflow/.local/lib/python3.12/site-packages/airflow/example_dags/tutorial_dag.py took 0.090 seconds
[2026-01-14T08:06:48.204+0000] {processor.py:161} INFO - Started process (PID=3847) to work on /home/airflow/.local/lib/python3.12/site-packages/airflow/example_dags/tutorial_dag.py
[2026-01-14T08:06:48.205+0000] {processor.py:830} INFO - Processing file /home/airflow/.local/lib/python3.12/site-packages/airflow/example_dags/tutorial_dag.py for tasks to queue
[2026-01-14T08:06:48.208+0000] {logging_mixin.py:188} INFO - [2026-01-14T08:06:48.208+0000] {dagbag.py:545} INFO - Filling up the DagBag from /home/airflow/.local/lib/python3.12/site-packages/airflow/example_dags/tutorial_dag.py
[2026-01-14T08:06:48.216+0000] {processor.py:840} INFO - DAG(s) 'tutorial_dag' retrieved from /home/airflow/.local/lib/python3.12/site-packages/airflow/example_dags/tutorial_dag.py
[2026-01-14T08:06:48.256+0000] {logging_mixin.py:188} INFO - [2026-01-14T08:06:48.256+0000] {dag.py:3096} INFO - Sync 1 DAGs
[2026-01-14T08:06:48.289+0000] {logging_mixin.py:188} INFO - [2026-01-14T08:06:48.288+0000] {dag.py:3954} INFO - Setting next_dagrun for tutorial_dag to None, run_after=None
[2026-01-14T08:06:48.338+0000] {processor.py:183} INFO - Processing /home/airflow/.local/lib/python3.12/site-packages/airflow/example_dags/tutorial_dag.py took 0.143 seconds
[2026-01-14T08:07:18.761+0000] {processor.py:161} INFO - Started process (PID=4106) to work on /home/airflow/.local/lib/python3.12/site-packages/airflow/example_dags/tutorial_dag.py
[2026-01-14T08:07:18.762+0000] {processor.py:830} INFO - Processing file /home/airflow/.local/lib/python3.12/site-packages/airflow/example_dags/tutorial_dag.py for tasks to queue
[2026-01-14T08:07:18.764+0000] {logging_mixin.py:188} INFO - [2026-01-14T08:07:18.764+0000] {dagbag.py:545} INFO - Filling up the DagBag from /home/airflow/.local/lib/python3.12/site-packages/airflow/example_dags/tutorial_dag.py
[2026-01-14T08:07:18.770+0000] {processor.py:840} INFO - DAG(s) 'tutorial_dag' retrieved from /home/airflow/.local/lib/python3.12/site-packages/airflow/example_dags/tutorial_dag.py
[2026-01-14T08:07:18.796+0000] {logging_mixin.py:188} INFO - [2026-01-14T08:07:18.796+0000] {dag.py:3096} INFO - Sync 1 DAGs
[2026-01-14T08:07:18.812+0000] {logging_mixin.py:188} INFO - [2026-01-14T08:07:18.811+0000] {dag.py:3954} INFO - Setting next_dagrun for tutorial_dag to None, run_after=None
[2026-01-14T08:07:18.835+0000] {processor.py:183} INFO - Processing /home/airflow/.local/lib/python3.12/site-packages/airflow/example_dags/tutorial_dag.py took 0.080 seconds
[2026-01-14T08:07:50.156+0000] {processor.py:161} INFO - Started process (PID=4367) to work on /home/airflow/.local/lib/python3.12/site-packages/airflow/example_dags/tutorial_dag.py
[2026-01-14T08:07:50.157+0000] {processor.py:830} INFO - Processing file /home/airflow/.local/lib/python3.12/site-packages/airflow/example_dags/tutorial_dag.py for tasks to queue
[2026-01-14T08:07:50.160+0000] {logging_mixin.py:188} INFO - [2026-01-14T08:07:50.160+0000] {dagbag.py:545} INFO - Filling up the DagBag from /home/airflow/.local/lib/python3.12/site-packages/airflow/example_dags/tutorial_dag.py
[2026-01-14T08:07:50.168+0000] {processor.py:840} INFO - DAG(s) 'tutorial_dag' retrieved from /home/airflow/.local/lib/python3.12/site-packages/airflow/example_dags/tutorial_dag.py
[2026-01-14T08:07:50.199+0000] {logging_mixin.py:188} INFO - [2026-01-14T08:07:50.199+0000] {dag.py:3096} INFO - Sync 1 DAGs
[2026-01-14T08:07:50.220+0000] {logging_mixin.py:188} INFO - [2026-01-14T08:07:50.219+0000] {dag.py:3954} INFO - Setting next_dagrun for tutorial_dag to None, run_after=None
[2026-01-14T08:07:50.250+0000] {processor.py:183} INFO - Processing /home/airflow/.local/lib/python3.12/site-packages/airflow/example_dags/tutorial_dag.py took 0.102 seconds
[2026-01-14T08:08:20.676+0000] {processor.py:161} INFO - Started process (PID=4630) to work on /home/airflow/.local/lib/python3.12/site-packages/airflow/example_dags/tutorial_dag.py
[2026-01-14T08:08:20.677+0000] {processor.py:830} INFO - Processing file /home/airflow/.local/lib/python3.12/site-packages/airflow/example_dags/tutorial_dag.py for tasks to queue
[2026-01-14T08:08:20.679+0000] {logging_mixin.py:188} INFO - [2026-01-14T08:08:20.679+0000] {dagbag.py:545} INFO - Filling up the DagBag from /home/airflow/.local/lib/python3.12/site-packages/airflow/example_dags/tutorial_dag.py
[2026-01-14T08:08:20.685+0000] {processor.py:840} INFO - DAG(s) 'tutorial_dag' retrieved from /home/airflow/.local/lib/python3.12/site-packages/airflow/example_dags/tutorial_dag.py
[2026-01-14T08:08:20.712+0000] {logging_mixin.py:188} INFO - [2026-01-14T08:08:20.712+0000] {dag.py:3096} INFO - Sync 1 DAGs
[2026-01-14T08:08:20.729+0000] {logging_mixin.py:188} INFO - [2026-01-14T08:08:20.729+0000] {dag.py:3954} INFO - Setting next_dagrun for tutorial_dag to None, run_after=None
[2026-01-14T08:08:20.752+0000] {processor.py:183} INFO - Processing /home/airflow/.local/lib/python3.12/site-packages/airflow/example_dags/tutorial_dag.py took 0.082 seconds
[2026-01-14T08:08:51.456+0000] {processor.py:161} INFO - Started process (PID=4889) to work on /home/airflow/.local/lib/python3.12/site-packages/airflow/example_dags/tutorial_dag.py
[2026-01-14T08:08:51.457+0000] {processor.py:830} INFO - Processing file /home/airflow/.local/lib/python3.12/site-packages/airflow/example_dags/tutorial_dag.py for tasks to queue
[2026-01-14T08:08:51.460+0000] {logging_mixin.py:188} INFO - [2026-01-14T08:08:51.459+0000] {dagbag.py:545} INFO - Filling up the DagBag from /home/airflow/.local/lib/python3.12/site-packages/airflow/example_dags/tutorial_dag.py
[2026-01-14T08:08:51.468+0000] {processor.py:840} INFO - DAG(s) 'tutorial_dag' retrieved from /home/airflow/.local/lib/python3.12/site-packages/airflow/example_dags/tutorial_dag.py
[2026-01-14T08:08:51.500+0000] {logging_mixin.py:188} INFO - [2026-01-14T08:08:51.500+0000] {dag.py:3096} INFO - Sync 1 DAGs
[2026-01-14T08:08:51.521+0000] {logging_mixin.py:188} INFO - [2026-01-14T08:08:51.521+0000] {dag.py:3954} INFO - Setting next_dagrun for tutorial_dag to None, run_after=None
[2026-01-14T08:08:51.549+0000] {processor.py:183} INFO - Processing /home/airflow/.local/lib/python3.12/site-packages/airflow/example_dags/tutorial_dag.py took 0.102 seconds
[2026-01-14T08:09:21.625+0000] {processor.py:161} INFO - Started process (PID=5150) to work on /home/airflow/.local/lib/python3.12/site-packages/airflow/example_dags/tutorial_dag.py
[2026-01-14T08:09:21.626+0000] {processor.py:830} INFO - Processing file /home/airflow/.local/lib/python3.12/site-packages/airflow/example_dags/tutorial_dag.py for tasks to queue
[2026-01-14T08:09:21.629+0000] {logging_mixin.py:188} INFO - [2026-01-14T08:09:21.628+0000] {dagbag.py:545} INFO - Filling up the DagBag from /home/airflow/.local/lib/python3.12/site-packages/airflow/example_dags/tutorial_dag.py
[2026-01-14T08:09:21.635+0000] {processor.py:840} INFO - DAG(s) 'tutorial_dag' retrieved from /home/airflow/.local/lib/python3.12/site-packages/airflow/example_dags/tutorial_dag.py
[2026-01-14T08:09:21.661+0000] {logging_mixin.py:188} INFO - [2026-01-14T08:09:21.661+0000] {dag.py:3096} INFO - Sync 1 DAGs
[2026-01-14T08:09:21.679+0000] {logging_mixin.py:188} INFO - [2026-01-14T08:09:21.679+0000] {dag.py:3954} INFO - Setting next_dagrun for tutorial_dag to None, run_after=None
[2026-01-14T08:09:21.706+0000] {processor.py:183} INFO - Processing /home/airflow/.local/lib/python3.12/site-packages/airflow/example_dags/tutorial_dag.py took 0.087 seconds
[2026-01-14T08:09:52.036+0000] {processor.py:161} INFO - Started process (PID=5411) to work on /home/airflow/.local/lib/python3.12/site-packages/airflow/example_dags/tutorial_dag.py
[2026-01-14T08:09:52.037+0000] {processor.py:830} INFO - Processing file /home/airflow/.local/lib/python3.12/site-packages/airflow/example_dags/tutorial_dag.py for tasks to queue
[2026-01-14T08:09:52.040+0000] {logging_mixin.py:188} INFO - [2026-01-14T08:09:52.039+0000] {dagbag.py:545} INFO - Filling up the DagBag from /home/airflow/.local/lib/python3.12/site-packages/airflow/example_dags/tutorial_dag.py
[2026-01-14T08:09:52.045+0000] {processor.py:840} INFO - DAG(s) 'tutorial_dag' retrieved from /home/airflow/.local/lib/python3.12/site-packages/airflow/example_dags/tutorial_dag.py
[2026-01-14T08:09:52.071+0000] {logging_mixin.py:188} INFO - [2026-01-14T08:09:52.070+0000] {dag.py:3096} INFO - Sync 1 DAGs
[2026-01-14T08:09:52.087+0000] {logging_mixin.py:188} INFO - [2026-01-14T08:09:52.087+0000] {dag.py:3954} INFO - Setting next_dagrun for tutorial_dag to None, run_after=None
[2026-01-14T08:09:52.111+0000] {processor.py:183} INFO - Processing /home/airflow/.local/lib/python3.12/site-packages/airflow/example_dags/tutorial_dag.py took 0.081 seconds
[2026-01-14T08:10:22.389+0000] {processor.py:161} INFO - Started process (PID=5674) to work on /home/airflow/.local/lib/python3.12/site-packages/airflow/example_dags/tutorial_dag.py
[2026-01-14T08:10:22.390+0000] {processor.py:830} INFO - Processing file /home/airflow/.local/lib/python3.12/site-packages/airflow/example_dags/tutorial_dag.py for tasks to queue
[2026-01-14T08:10:22.392+0000] {logging_mixin.py:188} INFO - [2026-01-14T08:10:22.392+0000] {dagbag.py:545} INFO - Filling up the DagBag from /home/airflow/.local/lib/python3.12/site-packages/airflow/example_dags/tutorial_dag.py
[2026-01-14T08:10:22.401+0000] {processor.py:840} INFO - DAG(s) 'tutorial_dag' retrieved from /home/airflow/.local/lib/python3.12/site-packages/airflow/example_dags/tutorial_dag.py
[2026-01-14T08:10:22.426+0000] {logging_mixin.py:188} INFO - [2026-01-14T08:10:22.426+0000] {dag.py:3096} INFO - Sync 1 DAGs
[2026-01-14T08:10:22.440+0000] {logging_mixin.py:188} INFO - [2026-01-14T08:10:22.440+0000] {dag.py:3954} INFO - Setting next_dagrun for tutorial_dag to None, run_after=None
[2026-01-14T08:10:22.459+0000] {processor.py:183} INFO - Processing /home/airflow/.local/lib/python3.12/site-packages/airflow/example_dags/tutorial_dag.py took 0.078 seconds
[2026-01-14T08:10:52.622+0000] {processor.py:161} INFO - Started process (PID=5933) to work on /home/airflow/.local/lib/python3.12/site-packages/airflow/example_dags/tutorial_dag.py
[2026-01-14T08:10:52.623+0000] {processor.py:830} INFO - Processing file /home/airflow/.local/lib/python3.12/site-packages/airflow/example_dags/tutorial_dag.py for tasks to queue
[2026-01-14T08:10:52.625+0000] {logging_mixin.py:188} INFO - [2026-01-14T08:10:52.625+0000] {dagbag.py:545} INFO - Filling up the DagBag from /home/airflow/.local/lib/python3.12/site-packages/airflow/example_dags/tutorial_dag.py
[2026-01-14T08:10:52.631+0000] {processor.py:840} INFO - DAG(s) 'tutorial_dag' retrieved from /home/airflow/.local/lib/python3.12/site-packages/airflow/example_dags/tutorial_dag.py
[2026-01-14T08:10:52.657+0000] {logging_mixin.py:188} INFO - [2026-01-14T08:10:52.657+0000] {dag.py:3096} INFO - Sync 1 DAGs
[2026-01-14T08:10:52.673+0000] {logging_mixin.py:188} INFO - [2026-01-14T08:10:52.673+0000] {dag.py:3954} INFO - Setting next_dagrun for tutorial_dag to None, run_after=None
[2026-01-14T08:10:52.698+0000] {processor.py:183} INFO - Processing /home/airflow/.local/lib/python3.12/site-packages/airflow/example_dags/tutorial_dag.py took 0.082 seconds
[2026-01-14T08:11:22.998+0000] {processor.py:161} INFO - Started process (PID=6194) to work on /home/airflow/.local/lib/python3.12/site-packages/airflow/example_dags/tutorial_dag.py
[2026-01-14T08:11:22.999+0000] {processor.py:830} INFO - Processing file /home/airflow/.local/lib/python3.12/site-packages/airflow/example_dags/tutorial_dag.py for tasks to queue
[2026-01-14T08:11:23.001+0000] {logging_mixin.py:188} INFO - [2026-01-14T08:11:23.001+0000] {dagbag.py:545} INFO - Filling up the DagBag from /home/airflow/.local/lib/python3.12/site-packages/airflow/example_dags/tutorial_dag.py
[2026-01-14T08:11:23.006+0000] {processor.py:840} INFO - DAG(s) 'tutorial_dag' retrieved from /home/airflow/.local/lib/python3.12/site-packages/airflow/example_dags/tutorial_dag.py
[2026-01-14T08:11:23.032+0000] {logging_mixin.py:188} INFO - [2026-01-14T08:11:23.032+0000] {dag.py:3096} INFO - Sync 1 DAGs
[2026-01-14T08:11:23.049+0000] {logging_mixin.py:188} INFO - [2026-01-14T08:11:23.049+0000] {dag.py:3954} INFO - Setting next_dagrun for tutorial_dag to None, run_after=None
[2026-01-14T08:11:23.071+0000] {processor.py:183} INFO - Processing /home/airflow/.local/lib/python3.12/site-packages/airflow/example_dags/tutorial_dag.py took 0.079 seconds
[2026-01-14T08:11:53.401+0000] {processor.py:161} INFO - Started process (PID=6455) to work on /home/airflow/.local/lib/python3.12/site-packages/airflow/example_dags/tutorial_dag.py
[2026-01-14T08:11:53.402+0000] {processor.py:830} INFO - Processing file /home/airflow/.local/lib/python3.12/site-packages/airflow/example_dags/tutorial_dag.py for tasks to queue
[2026-01-14T08:11:53.404+0000] {logging_mixin.py:188} INFO - [2026-01-14T08:11:53.403+0000] {dagbag.py:545} INFO - Filling up the DagBag from /home/airflow/.local/lib/python3.12/site-packages/airflow/example_dags/tutorial_dag.py
[2026-01-14T08:11:53.409+0000] {processor.py:840} INFO - DAG(s) 'tutorial_dag' retrieved from /home/airflow/.local/lib/python3.12/site-packages/airflow/example_dags/tutorial_dag.py
[2026-01-14T08:11:53.436+0000] {logging_mixin.py:188} INFO - [2026-01-14T08:11:53.436+0000] {dag.py:3096} INFO - Sync 1 DAGs
[2026-01-14T08:11:53.453+0000] {logging_mixin.py:188} INFO - [2026-01-14T08:11:53.452+0000] {dag.py:3954} INFO - Setting next_dagrun for tutorial_dag to None, run_after=None
[2026-01-14T08:11:53.474+0000] {processor.py:183} INFO - Processing /home/airflow/.local/lib/python3.12/site-packages/airflow/example_dags/tutorial_dag.py took 0.080 seconds
[2026-01-14T08:12:23.990+0000] {processor.py:161} INFO - Started process (PID=6718) to work on /home/airflow/.local/lib/python3.12/site-packages/airflow/example_dags/tutorial_dag.py
[2026-01-14T08:12:23.991+0000] {processor.py:830} INFO - Processing file /home/airflow/.local/lib/python3.12/site-packages/airflow/example_dags/tutorial_dag.py for tasks to queue
[2026-01-14T08:12:23.993+0000] {logging_mixin.py:188} INFO - [2026-01-14T08:12:23.992+0000] {dagbag.py:545} INFO - Filling up the DagBag from /home/airflow/.local/lib/python3.12/site-packages/airflow/example_dags/tutorial_dag.py
[2026-01-14T08:12:23.998+0000] {processor.py:840} INFO - DAG(s) 'tutorial_dag' retrieved from /home/airflow/.local/lib/python3.12/site-packages/airflow/example_dags/tutorial_dag.py
[2026-01-14T08:12:24.022+0000] {logging_mixin.py:188} INFO - [2026-01-14T08:12:24.021+0000] {dag.py:3096} INFO - Sync 1 DAGs
[2026-01-14T08:12:24.036+0000] {logging_mixin.py:188} INFO - [2026-01-14T08:12:24.036+0000] {dag.py:3954} INFO - Setting next_dagrun for tutorial_dag to None, run_after=None
[2026-01-14T08:12:24.057+0000] {processor.py:183} INFO - Processing /home/airflow/.local/lib/python3.12/site-packages/airflow/example_dags/tutorial_dag.py took 0.073 seconds
[2026-01-14T08:12:54.980+0000] {processor.py:161} INFO - Started process (PID=6979) to work on /home/airflow/.local/lib/python3.12/site-packages/airflow/example_dags/tutorial_dag.py
[2026-01-14T08:12:54.981+0000] {processor.py:830} INFO - Processing file /home/airflow/.local/lib/python3.12/site-packages/airflow/example_dags/tutorial_dag.py for tasks to queue
[2026-01-14T08:12:54.983+0000] {logging_mixin.py:188} INFO - [2026-01-14T08:12:54.982+0000] {dagbag.py:545} INFO - Filling up the DagBag from /home/airflow/.local/lib/python3.12/site-packages/airflow/example_dags/tutorial_dag.py
[2026-01-14T08:12:54.988+0000] {processor.py:840} INFO - DAG(s) 'tutorial_dag' retrieved from /home/airflow/.local/lib/python3.12/site-packages/airflow/example_dags/tutorial_dag.py
[2026-01-14T08:12:55.013+0000] {logging_mixin.py:188} INFO - [2026-01-14T08:12:55.013+0000] {dag.py:3096} INFO - Sync 1 DAGs
[2026-01-14T08:12:55.027+0000] {logging_mixin.py:188} INFO - [2026-01-14T08:12:55.027+0000] {dag.py:3954} INFO - Setting next_dagrun for tutorial_dag to None, run_after=None
[2026-01-14T08:12:55.048+0000] {processor.py:183} INFO - Processing /home/airflow/.local/lib/python3.12/site-packages/airflow/example_dags/tutorial_dag.py took 0.074 seconds
[2026-01-14T08:13:25.415+0000] {processor.py:161} INFO - Started process (PID=7238) to work on /home/airflow/.local/lib/python3.12/site-packages/airflow/example_dags/tutorial_dag.py
[2026-01-14T08:13:25.416+0000] {processor.py:830} INFO - Processing file /home/airflow/.local/lib/python3.12/site-packages/airflow/example_dags/tutorial_dag.py for tasks to queue
[2026-01-14T08:13:25.418+0000] {logging_mixin.py:188} INFO - [2026-01-14T08:13:25.418+0000] {dagbag.py:545} INFO - Filling up the DagBag from /home/airflow/.local/lib/python3.12/site-packages/airflow/example_dags/tutorial_dag.py
[2026-01-14T08:13:25.425+0000] {processor.py:840} INFO - DAG(s) 'tutorial_dag' retrieved from /home/airflow/.local/lib/python3.12/site-packages/airflow/example_dags/tutorial_dag.py
[2026-01-14T08:13:25.459+0000] {logging_mixin.py:188} INFO - [2026-01-14T08:13:25.458+0000] {dag.py:3096} INFO - Sync 1 DAGs
[2026-01-14T08:13:25.474+0000] {logging_mixin.py:188} INFO - [2026-01-14T08:13:25.474+0000] {dag.py:3954} INFO - Setting next_dagrun for tutorial_dag to None, run_after=None
[2026-01-14T08:13:25.495+0000] {processor.py:183} INFO - Processing /home/airflow/.local/lib/python3.12/site-packages/airflow/example_dags/tutorial_dag.py took 0.086 seconds
[2026-01-14T09:27:44.360+0000] {processor.py:161} INFO - Started process (PID=7499) to work on /home/airflow/.local/lib/python3.12/site-packages/airflow/example_dags/tutorial_dag.py
[2026-01-14T09:27:44.363+0000] {processor.py:830} INFO - Processing file /home/airflow/.local/lib/python3.12/site-packages/airflow/example_dags/tutorial_dag.py for tasks to queue
[2026-01-14T09:27:44.368+0000] {logging_mixin.py:188} INFO - [2026-01-14T09:27:44.367+0000] {dagbag.py:545} INFO - Filling up the DagBag from /home/airflow/.local/lib/python3.12/site-packages/airflow/example_dags/tutorial_dag.py
[2026-01-14T09:27:44.383+0000] {processor.py:840} INFO - DAG(s) 'tutorial_dag' retrieved from /home/airflow/.local/lib/python3.12/site-packages/airflow/example_dags/tutorial_dag.py
[2026-01-14T09:27:44.441+0000] {logging_mixin.py:188} INFO - [2026-01-14T09:27:44.441+0000] {dag.py:3096} INFO - Sync 1 DAGs
[2026-01-14T09:27:44.466+0000] {logging_mixin.py:188} INFO - [2026-01-14T09:27:44.465+0000] {dag.py:3954} INFO - Setting next_dagrun for tutorial_dag to None, run_after=None
[2026-01-14T09:27:44.508+0000] {processor.py:183} INFO - Processing /home/airflow/.local/lib/python3.12/site-packages/airflow/example_dags/tutorial_dag.py took 0.162 seconds
[2026-01-14T09:28:14.576+0000] {processor.py:161} INFO - Started process (PID=7760) to work on /home/airflow/.local/lib/python3.12/site-packages/airflow/example_dags/tutorial_dag.py
[2026-01-14T09:28:14.578+0000] {processor.py:830} INFO - Processing file /home/airflow/.local/lib/python3.12/site-packages/airflow/example_dags/tutorial_dag.py for tasks to queue
[2026-01-14T09:28:14.580+0000] {logging_mixin.py:188} INFO - [2026-01-14T09:28:14.580+0000] {dagbag.py:545} INFO - Filling up the DagBag from /home/airflow/.local/lib/python3.12/site-packages/airflow/example_dags/tutorial_dag.py
[2026-01-14T09:28:14.586+0000] {processor.py:840} INFO - DAG(s) 'tutorial_dag' retrieved from /home/airflow/.local/lib/python3.12/site-packages/airflow/example_dags/tutorial_dag.py
[2026-01-14T09:28:14.611+0000] {logging_mixin.py:188} INFO - [2026-01-14T09:28:14.611+0000] {dag.py:3096} INFO - Sync 1 DAGs
[2026-01-14T09:28:14.626+0000] {logging_mixin.py:188} INFO - [2026-01-14T09:28:14.625+0000] {dag.py:3954} INFO - Setting next_dagrun for tutorial_dag to None, run_after=None
[2026-01-14T09:28:14.646+0000] {processor.py:183} INFO - Processing /home/airflow/.local/lib/python3.12/site-packages/airflow/example_dags/tutorial_dag.py took 0.075 seconds
[2026-01-14T09:28:45.258+0000] {processor.py:161} INFO - Started process (PID=8021) to work on /home/airflow/.local/lib/python3.12/site-packages/airflow/example_dags/tutorial_dag.py
[2026-01-14T09:28:45.259+0000] {processor.py:830} INFO - Processing file /home/airflow/.local/lib/python3.12/site-packages/airflow/example_dags/tutorial_dag.py for tasks to queue
[2026-01-14T09:28:45.261+0000] {logging_mixin.py:188} INFO - [2026-01-14T09:28:45.261+0000] {dagbag.py:545} INFO - Filling up the DagBag from /home/airflow/.local/lib/python3.12/site-packages/airflow/example_dags/tutorial_dag.py
[2026-01-14T09:28:45.267+0000] {processor.py:840} INFO - DAG(s) 'tutorial_dag' retrieved from /home/airflow/.local/lib/python3.12/site-packages/airflow/example_dags/tutorial_dag.py
[2026-01-14T09:28:45.293+0000] {logging_mixin.py:188} INFO - [2026-01-14T09:28:45.293+0000] {dag.py:3096} INFO - Sync 1 DAGs
[2026-01-14T09:28:45.308+0000] {logging_mixin.py:188} INFO - [2026-01-14T09:28:45.308+0000] {dag.py:3954} INFO - Setting next_dagrun for tutorial_dag to None, run_after=None
[2026-01-14T09:28:45.331+0000] {processor.py:183} INFO - Processing /home/airflow/.local/lib/python3.12/site-packages/airflow/example_dags/tutorial_dag.py took 0.080 seconds
[2026-01-14T09:29:15.583+0000] {processor.py:161} INFO - Started process (PID=8282) to work on /home/airflow/.local/lib/python3.12/site-packages/airflow/example_dags/tutorial_dag.py
[2026-01-14T09:29:15.584+0000] {processor.py:830} INFO - Processing file /home/airflow/.local/lib/python3.12/site-packages/airflow/example_dags/tutorial_dag.py for tasks to queue
[2026-01-14T09:29:15.587+0000] {logging_mixin.py:188} INFO - [2026-01-14T09:29:15.586+0000] {dagbag.py:545} INFO - Filling up the DagBag from /home/airflow/.local/lib/python3.12/site-packages/airflow/example_dags/tutorial_dag.py
[2026-01-14T09:29:15.592+0000] {processor.py:840} INFO - DAG(s) 'tutorial_dag' retrieved from /home/airflow/.local/lib/python3.12/site-packages/airflow/example_dags/tutorial_dag.py
[2026-01-14T09:29:15.620+0000] {logging_mixin.py:188} INFO - [2026-01-14T09:29:15.620+0000] {dag.py:3096} INFO - Sync 1 DAGs
[2026-01-14T09:29:15.637+0000] {logging_mixin.py:188} INFO - [2026-01-14T09:29:15.636+0000] {dag.py:3954} INFO - Setting next_dagrun for tutorial_dag to None, run_after=None
[2026-01-14T09:29:15.660+0000] {processor.py:183} INFO - Processing /home/airflow/.local/lib/python3.12/site-packages/airflow/example_dags/tutorial_dag.py took 0.083 seconds
[2026-01-14T09:29:46.356+0000] {processor.py:161} INFO - Started process (PID=8543) to work on /home/airflow/.local/lib/python3.12/site-packages/airflow/example_dags/tutorial_dag.py
[2026-01-14T09:29:46.357+0000] {processor.py:830} INFO - Processing file /home/airflow/.local/lib/python3.12/site-packages/airflow/example_dags/tutorial_dag.py for tasks to queue
[2026-01-14T09:29:46.359+0000] {logging_mixin.py:188} INFO - [2026-01-14T09:29:46.359+0000] {dagbag.py:545} INFO - Filling up the DagBag from /home/airflow/.local/lib/python3.12/site-packages/airflow/example_dags/tutorial_dag.py
[2026-01-14T09:29:46.366+0000] {processor.py:840} INFO - DAG(s) 'tutorial_dag' retrieved from /home/airflow/.local/lib/python3.12/site-packages/airflow/example_dags/tutorial_dag.py
[2026-01-14T09:29:46.394+0000] {logging_mixin.py:188} INFO - [2026-01-14T09:29:46.394+0000] {dag.py:3096} INFO - Sync 1 DAGs
[2026-01-14T09:29:46.410+0000] {logging_mixin.py:188} INFO - [2026-01-14T09:29:46.409+0000] {dag.py:3954} INFO - Setting next_dagrun for tutorial_dag to None, run_after=None
[2026-01-14T09:29:46.436+0000] {processor.py:183} INFO - Processing /home/airflow/.local/lib/python3.12/site-packages/airflow/example_dags/tutorial_dag.py took 0.086 seconds
[2026-01-14T09:30:16.873+0000] {processor.py:161} INFO - Started process (PID=8802) to work on /home/airflow/.local/lib/python3.12/site-packages/airflow/example_dags/tutorial_dag.py
[2026-01-14T09:30:16.874+0000] {processor.py:830} INFO - Processing file /home/airflow/.local/lib/python3.12/site-packages/airflow/example_dags/tutorial_dag.py for tasks to queue
[2026-01-14T09:30:16.877+0000] {logging_mixin.py:188} INFO - [2026-01-14T09:30:16.877+0000] {dagbag.py:545} INFO - Filling up the DagBag from /home/airflow/.local/lib/python3.12/site-packages/airflow/example_dags/tutorial_dag.py
[2026-01-14T09:30:16.886+0000] {processor.py:840} INFO - DAG(s) 'tutorial_dag' retrieved from /home/airflow/.local/lib/python3.12/site-packages/airflow/example_dags/tutorial_dag.py
[2026-01-14T09:30:16.924+0000] {logging_mixin.py:188} INFO - [2026-01-14T09:30:16.924+0000] {dag.py:3096} INFO - Sync 1 DAGs
[2026-01-14T09:30:16.947+0000] {logging_mixin.py:188} INFO - [2026-01-14T09:30:16.946+0000] {dag.py:3954} INFO - Setting next_dagrun for tutorial_dag to None, run_after=None
[2026-01-14T09:30:16.980+0000] {processor.py:183} INFO - Processing /home/airflow/.local/lib/python3.12/site-packages/airflow/example_dags/tutorial_dag.py took 0.116 seconds
[2026-01-14T09:30:47.761+0000] {processor.py:161} INFO - Started process (PID=9065) to work on /home/airflow/.local/lib/python3.12/site-packages/airflow/example_dags/tutorial_dag.py
[2026-01-14T09:30:47.762+0000] {processor.py:830} INFO - Processing file /home/airflow/.local/lib/python3.12/site-packages/airflow/example_dags/tutorial_dag.py for tasks to queue
[2026-01-14T09:30:47.765+0000] {logging_mixin.py:188} INFO - [2026-01-14T09:30:47.765+0000] {dagbag.py:545} INFO - Filling up the DagBag from /home/airflow/.local/lib/python3.12/site-packages/airflow/example_dags/tutorial_dag.py
[2026-01-14T09:30:47.772+0000] {processor.py:840} INFO - DAG(s) 'tutorial_dag' retrieved from /home/airflow/.local/lib/python3.12/site-packages/airflow/example_dags/tutorial_dag.py
[2026-01-14T09:30:47.805+0000] {logging_mixin.py:188} INFO - [2026-01-14T09:30:47.805+0000] {dag.py:3096} INFO - Sync 1 DAGs
[2026-01-14T09:30:47.824+0000] {logging_mixin.py:188} INFO - [2026-01-14T09:30:47.823+0000] {dag.py:3954} INFO - Setting next_dagrun for tutorial_dag to None, run_after=None
[2026-01-14T09:30:47.852+0000] {processor.py:183} INFO - Processing /home/airflow/.local/lib/python3.12/site-packages/airflow/example_dags/tutorial_dag.py took 0.099 seconds
[2026-01-14T09:31:27.288+0000] {processor.py:161} INFO - Started process (PID=9318) to work on /home/airflow/.local/lib/python3.12/site-packages/airflow/example_dags/tutorial_dag.py
[2026-01-14T09:31:27.290+0000] {processor.py:830} INFO - Processing file /home/airflow/.local/lib/python3.12/site-packages/airflow/example_dags/tutorial_dag.py for tasks to queue
[2026-01-14T09:31:27.292+0000] {logging_mixin.py:188} INFO - [2026-01-14T09:31:27.292+0000] {dagbag.py:545} INFO - Filling up the DagBag from /home/airflow/.local/lib/python3.12/site-packages/airflow/example_dags/tutorial_dag.py
[2026-01-14T09:31:27.299+0000] {processor.py:840} INFO - DAG(s) 'tutorial_dag' retrieved from /home/airflow/.local/lib/python3.12/site-packages/airflow/example_dags/tutorial_dag.py
[2026-01-14T09:31:27.333+0000] {logging_mixin.py:188} INFO - [2026-01-14T09:31:27.332+0000] {dag.py:3096} INFO - Sync 1 DAGs
[2026-01-14T09:31:27.351+0000] {logging_mixin.py:188} INFO - [2026-01-14T09:31:27.351+0000] {dag.py:3954} INFO - Setting next_dagrun for tutorial_dag to None, run_after=None
[2026-01-14T09:31:27.385+0000] {processor.py:183} INFO - Processing /home/airflow/.local/lib/python3.12/site-packages/airflow/example_dags/tutorial_dag.py took 0.104 seconds
[2026-01-14T09:31:57.696+0000] {processor.py:161} INFO - Started process (PID=9579) to work on /home/airflow/.local/lib/python3.12/site-packages/airflow/example_dags/tutorial_dag.py
[2026-01-14T09:31:57.697+0000] {processor.py:830} INFO - Processing file /home/airflow/.local/lib/python3.12/site-packages/airflow/example_dags/tutorial_dag.py for tasks to queue
[2026-01-14T09:31:57.699+0000] {logging_mixin.py:188} INFO - [2026-01-14T09:31:57.699+0000] {dagbag.py:545} INFO - Filling up the DagBag from /home/airflow/.local/lib/python3.12/site-packages/airflow/example_dags/tutorial_dag.py
[2026-01-14T09:31:57.707+0000] {processor.py:840} INFO - DAG(s) 'tutorial_dag' retrieved from /home/airflow/.local/lib/python3.12/site-packages/airflow/example_dags/tutorial_dag.py
[2026-01-14T09:31:57.739+0000] {logging_mixin.py:188} INFO - [2026-01-14T09:31:57.739+0000] {dag.py:3096} INFO - Sync 1 DAGs
[2026-01-14T09:31:57.759+0000] {logging_mixin.py:188} INFO - [2026-01-14T09:31:57.758+0000] {dag.py:3954} INFO - Setting next_dagrun for tutorial_dag to None, run_after=None
[2026-01-14T09:31:57.787+0000] {processor.py:183} INFO - Processing /home/airflow/.local/lib/python3.12/site-packages/airflow/example_dags/tutorial_dag.py took 0.101 seconds
[2026-01-14T09:32:28.306+0000] {processor.py:161} INFO - Started process (PID=9835) to work on /home/airflow/.local/lib/python3.12/site-packages/airflow/example_dags/tutorial_dag.py
[2026-01-14T09:32:28.307+0000] {processor.py:830} INFO - Processing file /home/airflow/.local/lib/python3.12/site-packages/airflow/example_dags/tutorial_dag.py for tasks to queue
[2026-01-14T09:32:28.310+0000] {logging_mixin.py:188} INFO - [2026-01-14T09:32:28.309+0000] {dagbag.py:545} INFO - Filling up the DagBag from /home/airflow/.local/lib/python3.12/site-packages/airflow/example_dags/tutorial_dag.py
[2026-01-14T09:32:28.316+0000] {processor.py:840} INFO - DAG(s) 'tutorial_dag' retrieved from /home/airflow/.local/lib/python3.12/site-packages/airflow/example_dags/tutorial_dag.py
[2026-01-14T09:32:28.349+0000] {logging_mixin.py:188} INFO - [2026-01-14T09:32:28.348+0000] {dag.py:3096} INFO - Sync 1 DAGs
[2026-01-14T09:32:28.367+0000] {logging_mixin.py:188} INFO - [2026-01-14T09:32:28.366+0000] {dag.py:3954} INFO - Setting next_dagrun for tutorial_dag to None, run_after=None
[2026-01-14T09:32:28.396+0000] {processor.py:183} INFO - Processing /home/airflow/.local/lib/python3.12/site-packages/airflow/example_dags/tutorial_dag.py took 0.097 seconds
[2026-01-14T09:33:01.090+0000] {processor.py:161} INFO - Started process (PID=10101) to work on /home/airflow/.local/lib/python3.12/site-packages/airflow/example_dags/tutorial_dag.py
[2026-01-14T09:33:01.092+0000] {processor.py:830} INFO - Processing file /home/airflow/.local/lib/python3.12/site-packages/airflow/example_dags/tutorial_dag.py for tasks to queue
[2026-01-14T09:33:01.095+0000] {logging_mixin.py:188} INFO - [2026-01-14T09:33:01.095+0000] {dagbag.py:545} INFO - Filling up the DagBag from /home/airflow/.local/lib/python3.12/site-packages/airflow/example_dags/tutorial_dag.py
[2026-01-14T09:33:01.103+0000] {processor.py:840} INFO - DAG(s) 'tutorial_dag' retrieved from /home/airflow/.local/lib/python3.12/site-packages/airflow/example_dags/tutorial_dag.py
[2026-01-14T09:33:01.135+0000] {logging_mixin.py:188} INFO - [2026-01-14T09:33:01.135+0000] {dag.py:3096} INFO - Sync 1 DAGs
[2026-01-14T09:33:01.155+0000] {logging_mixin.py:188} INFO - [2026-01-14T09:33:01.154+0000] {dag.py:3954} INFO - Setting next_dagrun for tutorial_dag to None, run_after=None
[2026-01-14T09:33:01.182+0000] {processor.py:183} INFO - Processing /home/airflow/.local/lib/python3.12/site-packages/airflow/example_dags/tutorial_dag.py took 0.100 seconds
[2026-01-14T09:33:32.103+0000] {processor.py:161} INFO - Started process (PID=10362) to work on /home/airflow/.local/lib/python3.12/site-packages/airflow/example_dags/tutorial_dag.py
[2026-01-14T09:33:32.105+0000] {processor.py:830} INFO - Processing file /home/airflow/.local/lib/python3.12/site-packages/airflow/example_dags/tutorial_dag.py for tasks to queue
[2026-01-14T09:33:32.109+0000] {logging_mixin.py:188} INFO - [2026-01-14T09:33:32.108+0000] {dagbag.py:545} INFO - Filling up the DagBag from /home/airflow/.local/lib/python3.12/site-packages/airflow/example_dags/tutorial_dag.py
[2026-01-14T09:33:32.117+0000] {processor.py:840} INFO - DAG(s) 'tutorial_dag' retrieved from /home/airflow/.local/lib/python3.12/site-packages/airflow/example_dags/tutorial_dag.py
[2026-01-14T09:33:32.155+0000] {logging_mixin.py:188} INFO - [2026-01-14T09:33:32.154+0000] {dag.py:3096} INFO - Sync 1 DAGs
[2026-01-14T09:33:32.176+0000] {logging_mixin.py:188} INFO - [2026-01-14T09:33:32.176+0000] {dag.py:3954} INFO - Setting next_dagrun for tutorial_dag to None, run_after=None
[2026-01-14T09:33:32.206+0000] {processor.py:183} INFO - Processing /home/airflow/.local/lib/python3.12/site-packages/airflow/example_dags/tutorial_dag.py took 0.114 seconds
[2026-01-14T09:34:02.714+0000] {processor.py:161} INFO - Started process (PID=10625) to work on /home/airflow/.local/lib/python3.12/site-packages/airflow/example_dags/tutorial_dag.py
[2026-01-14T09:34:02.716+0000] {processor.py:830} INFO - Processing file /home/airflow/.local/lib/python3.12/site-packages/airflow/example_dags/tutorial_dag.py for tasks to queue
[2026-01-14T09:34:02.718+0000] {logging_mixin.py:188} INFO - [2026-01-14T09:34:02.717+0000] {dagbag.py:545} INFO - Filling up the DagBag from /home/airflow/.local/lib/python3.12/site-packages/airflow/example_dags/tutorial_dag.py
[2026-01-14T09:34:02.724+0000] {processor.py:840} INFO - DAG(s) 'tutorial_dag' retrieved from /home/airflow/.local/lib/python3.12/site-packages/airflow/example_dags/tutorial_dag.py
[2026-01-14T09:34:02.758+0000] {logging_mixin.py:188} INFO - [2026-01-14T09:34:02.758+0000] {dag.py:3096} INFO - Sync 1 DAGs
[2026-01-14T09:34:02.779+0000] {logging_mixin.py:188} INFO - [2026-01-14T09:34:02.779+0000] {dag.py:3954} INFO - Setting next_dagrun for tutorial_dag to None, run_after=None
[2026-01-14T09:34:02.812+0000] {processor.py:183} INFO - Processing /home/airflow/.local/lib/python3.12/site-packages/airflow/example_dags/tutorial_dag.py took 0.105 seconds
[2026-01-14T09:34:33.416+0000] {processor.py:161} INFO - Started process (PID=10884) to work on /home/airflow/.local/lib/python3.12/site-packages/airflow/example_dags/tutorial_dag.py
[2026-01-14T09:34:33.418+0000] {processor.py:830} INFO - Processing file /home/airflow/.local/lib/python3.12/site-packages/airflow/example_dags/tutorial_dag.py for tasks to queue
[2026-01-14T09:34:33.421+0000] {logging_mixin.py:188} INFO - [2026-01-14T09:34:33.420+0000] {dagbag.py:545} INFO - Filling up the DagBag from /home/airflow/.local/lib/python3.12/site-packages/airflow/example_dags/tutorial_dag.py
[2026-01-14T09:34:33.428+0000] {processor.py:840} INFO - DAG(s) 'tutorial_dag' retrieved from /home/airflow/.local/lib/python3.12/site-packages/airflow/example_dags/tutorial_dag.py
[2026-01-14T09:34:33.467+0000] {logging_mixin.py:188} INFO - [2026-01-14T09:34:33.466+0000] {dag.py:3096} INFO - Sync 1 DAGs
[2026-01-14T09:34:33.495+0000] {logging_mixin.py:188} INFO - [2026-01-14T09:34:33.494+0000] {dag.py:3954} INFO - Setting next_dagrun for tutorial_dag to None, run_after=None
[2026-01-14T09:34:33.530+0000] {processor.py:183} INFO - Processing /home/airflow/.local/lib/python3.12/site-packages/airflow/example_dags/tutorial_dag.py took 0.123 seconds
[2026-01-14T09:35:03.751+0000] {processor.py:161} INFO - Started process (PID=11145) to work on /home/airflow/.local/lib/python3.12/site-packages/airflow/example_dags/tutorial_dag.py
[2026-01-14T09:35:03.753+0000] {processor.py:830} INFO - Processing file /home/airflow/.local/lib/python3.12/site-packages/airflow/example_dags/tutorial_dag.py for tasks to queue
[2026-01-14T09:35:03.755+0000] {logging_mixin.py:188} INFO - [2026-01-14T09:35:03.755+0000] {dagbag.py:545} INFO - Filling up the DagBag from /home/airflow/.local/lib/python3.12/site-packages/airflow/example_dags/tutorial_dag.py
[2026-01-14T09:35:03.762+0000] {processor.py:840} INFO - DAG(s) 'tutorial_dag' retrieved from /home/airflow/.local/lib/python3.12/site-packages/airflow/example_dags/tutorial_dag.py
[2026-01-14T09:35:03.794+0000] {logging_mixin.py:188} INFO - [2026-01-14T09:35:03.794+0000] {dag.py:3096} INFO - Sync 1 DAGs
[2026-01-14T09:35:03.813+0000] {logging_mixin.py:188} INFO - [2026-01-14T09:35:03.812+0000] {dag.py:3954} INFO - Setting next_dagrun for tutorial_dag to None, run_after=None
[2026-01-14T09:35:03.842+0000] {processor.py:183} INFO - Processing /home/airflow/.local/lib/python3.12/site-packages/airflow/example_dags/tutorial_dag.py took 0.098 seconds
[2026-01-14T10:03:22.573+0000] {processor.py:161} INFO - Started process (PID=11408) to work on /home/airflow/.local/lib/python3.12/site-packages/airflow/example_dags/tutorial_dag.py
[2026-01-14T10:03:22.574+0000] {processor.py:830} INFO - Processing file /home/airflow/.local/lib/python3.12/site-packages/airflow/example_dags/tutorial_dag.py for tasks to queue
[2026-01-14T10:03:22.577+0000] {logging_mixin.py:188} INFO - [2026-01-14T10:03:22.576+0000] {dagbag.py:545} INFO - Filling up the DagBag from /home/airflow/.local/lib/python3.12/site-packages/airflow/example_dags/tutorial_dag.py
[2026-01-14T10:03:22.584+0000] {processor.py:840} INFO - DAG(s) 'tutorial_dag' retrieved from /home/airflow/.local/lib/python3.12/site-packages/airflow/example_dags/tutorial_dag.py
[2026-01-14T10:03:22.618+0000] {logging_mixin.py:188} INFO - [2026-01-14T10:03:22.618+0000] {dag.py:3096} INFO - Sync 1 DAGs
[2026-01-14T10:03:22.637+0000] {logging_mixin.py:188} INFO - [2026-01-14T10:03:22.637+0000] {dag.py:3954} INFO - Setting next_dagrun for tutorial_dag to None, run_after=None
[2026-01-14T10:03:22.670+0000] {processor.py:183} INFO - Processing /home/airflow/.local/lib/python3.12/site-packages/airflow/example_dags/tutorial_dag.py took 0.106 seconds
[2026-01-14T10:03:53.193+0000] {processor.py:161} INFO - Started process (PID=11669) to work on /home/airflow/.local/lib/python3.12/site-packages/airflow/example_dags/tutorial_dag.py
[2026-01-14T10:03:53.194+0000] {processor.py:830} INFO - Processing file /home/airflow/.local/lib/python3.12/site-packages/airflow/example_dags/tutorial_dag.py for tasks to queue
[2026-01-14T10:03:53.197+0000] {logging_mixin.py:188} INFO - [2026-01-14T10:03:53.196+0000] {dagbag.py:545} INFO - Filling up the DagBag from /home/airflow/.local/lib/python3.12/site-packages/airflow/example_dags/tutorial_dag.py
[2026-01-14T10:03:53.203+0000] {processor.py:840} INFO - DAG(s) 'tutorial_dag' retrieved from /home/airflow/.local/lib/python3.12/site-packages/airflow/example_dags/tutorial_dag.py
[2026-01-14T10:03:53.235+0000] {logging_mixin.py:188} INFO - [2026-01-14T10:03:53.235+0000] {dag.py:3096} INFO - Sync 1 DAGs
[2026-01-14T10:03:53.253+0000] {logging_mixin.py:188} INFO - [2026-01-14T10:03:53.253+0000] {dag.py:3954} INFO - Setting next_dagrun for tutorial_dag to None, run_after=None
[2026-01-14T10:03:53.282+0000] {processor.py:183} INFO - Processing /home/airflow/.local/lib/python3.12/site-packages/airflow/example_dags/tutorial_dag.py took 0.097 seconds
[2026-01-14T10:04:23.686+0000] {processor.py:161} INFO - Started process (PID=11930) to work on /home/airflow/.local/lib/python3.12/site-packages/airflow/example_dags/tutorial_dag.py
[2026-01-14T10:04:23.688+0000] {processor.py:830} INFO - Processing file /home/airflow/.local/lib/python3.12/site-packages/airflow/example_dags/tutorial_dag.py for tasks to queue
[2026-01-14T10:04:23.690+0000] {logging_mixin.py:188} INFO - [2026-01-14T10:04:23.690+0000] {dagbag.py:545} INFO - Filling up the DagBag from /home/airflow/.local/lib/python3.12/site-packages/airflow/example_dags/tutorial_dag.py
[2026-01-14T10:04:23.696+0000] {processor.py:840} INFO - DAG(s) 'tutorial_dag' retrieved from /home/airflow/.local/lib/python3.12/site-packages/airflow/example_dags/tutorial_dag.py
[2026-01-14T10:04:23.729+0000] {logging_mixin.py:188} INFO - [2026-01-14T10:04:23.729+0000] {dag.py:3096} INFO - Sync 1 DAGs
[2026-01-14T10:04:23.751+0000] {logging_mixin.py:188} INFO - [2026-01-14T10:04:23.750+0000] {dag.py:3954} INFO - Setting next_dagrun for tutorial_dag to None, run_after=None
[2026-01-14T10:04:23.780+0000] {processor.py:183} INFO - Processing /home/airflow/.local/lib/python3.12/site-packages/airflow/example_dags/tutorial_dag.py took 0.102 seconds
[2026-01-14T10:04:54.424+0000] {processor.py:161} INFO - Started process (PID=12189) to work on /home/airflow/.local/lib/python3.12/site-packages/airflow/example_dags/tutorial_dag.py
[2026-01-14T10:04:54.425+0000] {processor.py:830} INFO - Processing file /home/airflow/.local/lib/python3.12/site-packages/airflow/example_dags/tutorial_dag.py for tasks to queue
[2026-01-14T10:04:54.428+0000] {logging_mixin.py:188} INFO - [2026-01-14T10:04:54.428+0000] {dagbag.py:545} INFO - Filling up the DagBag from /home/airflow/.local/lib/python3.12/site-packages/airflow/example_dags/tutorial_dag.py
[2026-01-14T10:04:54.435+0000] {processor.py:840} INFO - DAG(s) 'tutorial_dag' retrieved from /home/airflow/.local/lib/python3.12/site-packages/airflow/example_dags/tutorial_dag.py
[2026-01-14T10:04:54.466+0000] {logging_mixin.py:188} INFO - [2026-01-14T10:04:54.466+0000] {dag.py:3096} INFO - Sync 1 DAGs
[2026-01-14T10:04:54.486+0000] {logging_mixin.py:188} INFO - [2026-01-14T10:04:54.485+0000] {dag.py:3954} INFO - Setting next_dagrun for tutorial_dag to None, run_after=None
[2026-01-14T10:04:54.517+0000] {processor.py:183} INFO - Processing /home/airflow/.local/lib/python3.12/site-packages/airflow/example_dags/tutorial_dag.py took 0.101 seconds
[2026-01-14T10:05:25.129+0000] {processor.py:161} INFO - Started process (PID=12450) to work on /home/airflow/.local/lib/python3.12/site-packages/airflow/example_dags/tutorial_dag.py
[2026-01-14T10:05:25.131+0000] {processor.py:830} INFO - Processing file /home/airflow/.local/lib/python3.12/site-packages/airflow/example_dags/tutorial_dag.py for tasks to queue
[2026-01-14T10:05:25.133+0000] {logging_mixin.py:188} INFO - [2026-01-14T10:05:25.133+0000] {dagbag.py:545} INFO - Filling up the DagBag from /home/airflow/.local/lib/python3.12/site-packages/airflow/example_dags/tutorial_dag.py
[2026-01-14T10:05:25.142+0000] {processor.py:840} INFO - DAG(s) 'tutorial_dag' retrieved from /home/airflow/.local/lib/python3.12/site-packages/airflow/example_dags/tutorial_dag.py
[2026-01-14T10:05:25.174+0000] {logging_mixin.py:188} INFO - [2026-01-14T10:05:25.174+0000] {dag.py:3096} INFO - Sync 1 DAGs
[2026-01-14T10:05:25.194+0000] {logging_mixin.py:188} INFO - [2026-01-14T10:05:25.193+0000] {dag.py:3954} INFO - Setting next_dagrun for tutorial_dag to None, run_after=None
[2026-01-14T10:05:25.224+0000] {processor.py:183} INFO - Processing /home/airflow/.local/lib/python3.12/site-packages/airflow/example_dags/tutorial_dag.py took 0.106 seconds
[2026-01-14T10:05:55.717+0000] {processor.py:161} INFO - Started process (PID=12711) to work on /home/airflow/.local/lib/python3.12/site-packages/airflow/example_dags/tutorial_dag.py
[2026-01-14T10:05:55.718+0000] {processor.py:830} INFO - Processing file /home/airflow/.local/lib/python3.12/site-packages/airflow/example_dags/tutorial_dag.py for tasks to queue
[2026-01-14T10:05:55.721+0000] {logging_mixin.py:188} INFO - [2026-01-14T10:05:55.720+0000] {dagbag.py:545} INFO - Filling up the DagBag from /home/airflow/.local/lib/python3.12/site-packages/airflow/example_dags/tutorial_dag.py
[2026-01-14T10:05:55.728+0000] {processor.py:840} INFO - DAG(s) 'tutorial_dag' retrieved from /home/airflow/.local/lib/python3.12/site-packages/airflow/example_dags/tutorial_dag.py
[2026-01-14T10:05:55.761+0000] {logging_mixin.py:188} INFO - [2026-01-14T10:05:55.761+0000] {dag.py:3096} INFO - Sync 1 DAGs
[2026-01-14T10:05:55.783+0000] {logging_mixin.py:188} INFO - [2026-01-14T10:05:55.783+0000] {dag.py:3954} INFO - Setting next_dagrun for tutorial_dag to None, run_after=None
[2026-01-14T10:05:55.814+0000] {processor.py:183} INFO - Processing /home/airflow/.local/lib/python3.12/site-packages/airflow/example_dags/tutorial_dag.py took 0.104 seconds
[2026-01-14T10:06:26.213+0000] {processor.py:161} INFO - Started process (PID=12972) to work on /home/airflow/.local/lib/python3.12/site-packages/airflow/example_dags/tutorial_dag.py
[2026-01-14T10:06:26.214+0000] {processor.py:830} INFO - Processing file /home/airflow/.local/lib/python3.12/site-packages/airflow/example_dags/tutorial_dag.py for tasks to queue
[2026-01-14T10:06:26.218+0000] {logging_mixin.py:188} INFO - [2026-01-14T10:06:26.217+0000] {dagbag.py:545} INFO - Filling up the DagBag from /home/airflow/.local/lib/python3.12/site-packages/airflow/example_dags/tutorial_dag.py
[2026-01-14T10:06:26.226+0000] {processor.py:840} INFO - DAG(s) 'tutorial_dag' retrieved from /home/airflow/.local/lib/python3.12/site-packages/airflow/example_dags/tutorial_dag.py
[2026-01-14T10:06:26.267+0000] {logging_mixin.py:188} INFO - [2026-01-14T10:06:26.266+0000] {dag.py:3096} INFO - Sync 1 DAGs
[2026-01-14T10:06:26.288+0000] {logging_mixin.py:188} INFO - [2026-01-14T10:06:26.287+0000] {dag.py:3954} INFO - Setting next_dagrun for tutorial_dag to None, run_after=None
[2026-01-14T10:06:26.320+0000] {processor.py:183} INFO - Processing /home/airflow/.local/lib/python3.12/site-packages/airflow/example_dags/tutorial_dag.py took 0.116 seconds
[2026-01-14T10:06:56.918+0000] {processor.py:161} INFO - Started process (PID=13233) to work on /home/airflow/.local/lib/python3.12/site-packages/airflow/example_dags/tutorial_dag.py
[2026-01-14T10:06:56.919+0000] {processor.py:830} INFO - Processing file /home/airflow/.local/lib/python3.12/site-packages/airflow/example_dags/tutorial_dag.py for tasks to queue
[2026-01-14T10:06:56.922+0000] {logging_mixin.py:188} INFO - [2026-01-14T10:06:56.921+0000] {dagbag.py:545} INFO - Filling up the DagBag from /home/airflow/.local/lib/python3.12/site-packages/airflow/example_dags/tutorial_dag.py
[2026-01-14T10:06:56.929+0000] {processor.py:840} INFO - DAG(s) 'tutorial_dag' retrieved from /home/airflow/.local/lib/python3.12/site-packages/airflow/example_dags/tutorial_dag.py
[2026-01-14T10:06:56.962+0000] {logging_mixin.py:188} INFO - [2026-01-14T10:06:56.962+0000] {dag.py:3096} INFO - Sync 1 DAGs
[2026-01-14T10:06:56.983+0000] {logging_mixin.py:188} INFO - [2026-01-14T10:06:56.983+0000] {dag.py:3954} INFO - Setting next_dagrun for tutorial_dag to None, run_after=None
[2026-01-14T10:06:57.012+0000] {processor.py:183} INFO - Processing /home/airflow/.local/lib/python3.12/site-packages/airflow/example_dags/tutorial_dag.py took 0.103 seconds
[2026-01-14T10:07:27.484+0000] {processor.py:161} INFO - Started process (PID=13494) to work on /home/airflow/.local/lib/python3.12/site-packages/airflow/example_dags/tutorial_dag.py
[2026-01-14T10:07:27.485+0000] {processor.py:830} INFO - Processing file /home/airflow/.local/lib/python3.12/site-packages/airflow/example_dags/tutorial_dag.py for tasks to queue
[2026-01-14T10:07:27.487+0000] {logging_mixin.py:188} INFO - [2026-01-14T10:07:27.487+0000] {dagbag.py:545} INFO - Filling up the DagBag from /home/airflow/.local/lib/python3.12/site-packages/airflow/example_dags/tutorial_dag.py
[2026-01-14T10:07:27.494+0000] {processor.py:840} INFO - DAG(s) 'tutorial_dag' retrieved from /home/airflow/.local/lib/python3.12/site-packages/airflow/example_dags/tutorial_dag.py
[2026-01-14T10:07:27.527+0000] {logging_mixin.py:188} INFO - [2026-01-14T10:07:27.527+0000] {dag.py:3096} INFO - Sync 1 DAGs
[2026-01-14T10:07:27.547+0000] {logging_mixin.py:188} INFO - [2026-01-14T10:07:27.546+0000] {dag.py:3954} INFO - Setting next_dagrun for tutorial_dag to None, run_after=None
[2026-01-14T10:07:27.575+0000] {processor.py:183} INFO - Processing /home/airflow/.local/lib/python3.12/site-packages/airflow/example_dags/tutorial_dag.py took 0.100 seconds
[2026-01-14T10:07:57.810+0000] {processor.py:161} INFO - Started process (PID=13755) to work on /home/airflow/.local/lib/python3.12/site-packages/airflow/example_dags/tutorial_dag.py
[2026-01-14T10:07:57.812+0000] {processor.py:830} INFO - Processing file /home/airflow/.local/lib/python3.12/site-packages/airflow/example_dags/tutorial_dag.py for tasks to queue
[2026-01-14T10:07:57.814+0000] {logging_mixin.py:188} INFO - [2026-01-14T10:07:57.813+0000] {dagbag.py:545} INFO - Filling up the DagBag from /home/airflow/.local/lib/python3.12/site-packages/airflow/example_dags/tutorial_dag.py
[2026-01-14T10:07:57.821+0000] {processor.py:840} INFO - DAG(s) 'tutorial_dag' retrieved from /home/airflow/.local/lib/python3.12/site-packages/airflow/example_dags/tutorial_dag.py
[2026-01-14T10:07:57.858+0000] {logging_mixin.py:188} INFO - [2026-01-14T10:07:57.858+0000] {dag.py:3096} INFO - Sync 1 DAGs
[2026-01-14T10:07:57.878+0000] {logging_mixin.py:188} INFO - [2026-01-14T10:07:57.877+0000] {dag.py:3954} INFO - Setting next_dagrun for tutorial_dag to None, run_after=None
[2026-01-14T10:07:57.906+0000] {processor.py:183} INFO - Processing /home/airflow/.local/lib/python3.12/site-packages/airflow/example_dags/tutorial_dag.py took 0.103 seconds
[2026-01-14T10:08:28.603+0000] {processor.py:161} INFO - Started process (PID=14016) to work on /home/airflow/.local/lib/python3.12/site-packages/airflow/example_dags/tutorial_dag.py
[2026-01-14T10:08:28.604+0000] {processor.py:830} INFO - Processing file /home/airflow/.local/lib/python3.12/site-packages/airflow/example_dags/tutorial_dag.py for tasks to queue
[2026-01-14T10:08:28.606+0000] {logging_mixin.py:188} INFO - [2026-01-14T10:08:28.606+0000] {dagbag.py:545} INFO - Filling up the DagBag from /home/airflow/.local/lib/python3.12/site-packages/airflow/example_dags/tutorial_dag.py
[2026-01-14T10:08:28.614+0000] {processor.py:840} INFO - DAG(s) 'tutorial_dag' retrieved from /home/airflow/.local/lib/python3.12/site-packages/airflow/example_dags/tutorial_dag.py
[2026-01-14T10:08:28.647+0000] {logging_mixin.py:188} INFO - [2026-01-14T10:08:28.646+0000] {dag.py:3096} INFO - Sync 1 DAGs
[2026-01-14T10:08:28.666+0000] {logging_mixin.py:188} INFO - [2026-01-14T10:08:28.666+0000] {dag.py:3954} INFO - Setting next_dagrun for tutorial_dag to None, run_after=None
[2026-01-14T10:08:28.693+0000] {processor.py:183} INFO - Processing /home/airflow/.local/lib/python3.12/site-packages/airflow/example_dags/tutorial_dag.py took 0.099 seconds
[2026-01-14T10:08:59.083+0000] {processor.py:161} INFO - Started process (PID=14277) to work on /home/airflow/.local/lib/python3.12/site-packages/airflow/example_dags/tutorial_dag.py
[2026-01-14T10:08:59.085+0000] {processor.py:830} INFO - Processing file /home/airflow/.local/lib/python3.12/site-packages/airflow/example_dags/tutorial_dag.py for tasks to queue
[2026-01-14T10:08:59.087+0000] {logging_mixin.py:188} INFO - [2026-01-14T10:08:59.087+0000] {dagbag.py:545} INFO - Filling up the DagBag from /home/airflow/.local/lib/python3.12/site-packages/airflow/example_dags/tutorial_dag.py
[2026-01-14T10:08:59.094+0000] {processor.py:840} INFO - DAG(s) 'tutorial_dag' retrieved from /home/airflow/.local/lib/python3.12/site-packages/airflow/example_dags/tutorial_dag.py
[2026-01-14T10:08:59.128+0000] {logging_mixin.py:188} INFO - [2026-01-14T10:08:59.127+0000] {dag.py:3096} INFO - Sync 1 DAGs
[2026-01-14T10:08:59.147+0000] {logging_mixin.py:188} INFO - [2026-01-14T10:08:59.147+0000] {dag.py:3954} INFO - Setting next_dagrun for tutorial_dag to None, run_after=None
[2026-01-14T10:08:59.174+0000] {processor.py:183} INFO - Processing /home/airflow/.local/lib/python3.12/site-packages/airflow/example_dags/tutorial_dag.py took 0.098 seconds
[2026-01-14T10:09:29.467+0000] {processor.py:161} INFO - Started process (PID=14538) to work on /home/airflow/.local/lib/python3.12/site-packages/airflow/example_dags/tutorial_dag.py
[2026-01-14T10:09:29.468+0000] {processor.py:830} INFO - Processing file /home/airflow/.local/lib/python3.12/site-packages/airflow/example_dags/tutorial_dag.py for tasks to queue
[2026-01-14T10:09:29.472+0000] {logging_mixin.py:188} INFO - [2026-01-14T10:09:29.471+0000] {dagbag.py:545} INFO - Filling up the DagBag from /home/airflow/.local/lib/python3.12/site-packages/airflow/example_dags/tutorial_dag.py
[2026-01-14T10:09:29.478+0000] {processor.py:840} INFO - DAG(s) 'tutorial_dag' retrieved from /home/airflow/.local/lib/python3.12/site-packages/airflow/example_dags/tutorial_dag.py
[2026-01-14T10:09:29.510+0000] {logging_mixin.py:188} INFO - [2026-01-14T10:09:29.510+0000] {dag.py:3096} INFO - Sync 1 DAGs
[2026-01-14T10:09:29.529+0000] {logging_mixin.py:188} INFO - [2026-01-14T10:09:29.528+0000] {dag.py:3954} INFO - Setting next_dagrun for tutorial_dag to None, run_after=None
[2026-01-14T10:09:29.555+0000] {processor.py:183} INFO - Processing /home/airflow/.local/lib/python3.12/site-packages/airflow/example_dags/tutorial_dag.py took 0.096 seconds
[2026-01-14T10:09:59.988+0000] {processor.py:161} INFO - Started process (PID=14799) to work on /home/airflow/.local/lib/python3.12/site-packages/airflow/example_dags/tutorial_dag.py
[2026-01-14T10:09:59.990+0000] {processor.py:830} INFO - Processing file /home/airflow/.local/lib/python3.12/site-packages/airflow/example_dags/tutorial_dag.py for tasks to queue
[2026-01-14T10:09:59.993+0000] {logging_mixin.py:188} INFO - [2026-01-14T10:09:59.992+0000] {dagbag.py:545} INFO - Filling up the DagBag from /home/airflow/.local/lib/python3.12/site-packages/airflow/example_dags/tutorial_dag.py
[2026-01-14T10:10:00.000+0000] {processor.py:840} INFO - DAG(s) 'tutorial_dag' retrieved from /home/airflow/.local/lib/python3.12/site-packages/airflow/example_dags/tutorial_dag.py
[2026-01-14T10:10:00.041+0000] {logging_mixin.py:188} INFO - [2026-01-14T10:10:00.041+0000] {dag.py:3096} INFO - Sync 1 DAGs
[2026-01-14T10:10:00.060+0000] {logging_mixin.py:188} INFO - [2026-01-14T10:10:00.060+0000] {dag.py:3954} INFO - Setting next_dagrun for tutorial_dag to None, run_after=None
[2026-01-14T10:10:00.086+0000] {processor.py:183} INFO - Processing /home/airflow/.local/lib/python3.12/site-packages/airflow/example_dags/tutorial_dag.py took 0.106 seconds
[2026-01-14T10:10:31.802+0000] {processor.py:161} INFO - Started process (PID=15060) to work on /home/airflow/.local/lib/python3.12/site-packages/airflow/example_dags/tutorial_dag.py
[2026-01-14T10:10:31.804+0000] {processor.py:830} INFO - Processing file /home/airflow/.local/lib/python3.12/site-packages/airflow/example_dags/tutorial_dag.py for tasks to queue
[2026-01-14T10:10:31.809+0000] {logging_mixin.py:188} INFO - [2026-01-14T10:10:31.807+0000] {dagbag.py:545} INFO - Filling up the DagBag from /home/airflow/.local/lib/python3.12/site-packages/airflow/example_dags/tutorial_dag.py
[2026-01-14T10:10:31.822+0000] {processor.py:840} INFO - DAG(s) 'tutorial_dag' retrieved from /home/airflow/.local/lib/python3.12/site-packages/airflow/example_dags/tutorial_dag.py
[2026-01-14T10:10:31.871+0000] {logging_mixin.py:188} INFO - [2026-01-14T10:10:31.871+0000] {dag.py:3096} INFO - Sync 1 DAGs
[2026-01-14T10:10:31.906+0000] {logging_mixin.py:188} INFO - [2026-01-14T10:10:31.905+0000] {dag.py:3954} INFO - Setting next_dagrun for tutorial_dag to None, run_after=None
[2026-01-14T10:10:31.944+0000] {processor.py:183} INFO - Processing /home/airflow/.local/lib/python3.12/site-packages/airflow/example_dags/tutorial_dag.py took 0.152 seconds
[2026-01-14T10:30:03.356+0000] {processor.py:161} INFO - Started process (PID=15280) to work on /home/airflow/.local/lib/python3.12/site-packages/airflow/example_dags/tutorial_dag.py
[2026-01-14T10:30:03.357+0000] {processor.py:830} INFO - Processing file /home/airflow/.local/lib/python3.12/site-packages/airflow/example_dags/tutorial_dag.py for tasks to queue
[2026-01-14T10:30:03.358+0000] {logging_mixin.py:188} INFO - [2026-01-14T10:30:03.357+0000] {dagbag.py:545} INFO - Filling up the DagBag from /home/airflow/.local/lib/python3.12/site-packages/airflow/example_dags/tutorial_dag.py
[2026-01-14T10:30:03.363+0000] {processor.py:840} INFO - DAG(s) 'tutorial_dag' retrieved from /home/airflow/.local/lib/python3.12/site-packages/airflow/example_dags/tutorial_dag.py
[2026-01-14T10:30:03.389+0000] {logging_mixin.py:188} INFO - [2026-01-14T10:30:03.389+0000] {dag.py:3096} INFO - Sync 1 DAGs
[2026-01-14T10:30:03.404+0000] {logging_mixin.py:188} INFO - [2026-01-14T10:30:03.404+0000] {dag.py:3954} INFO - Setting next_dagrun for tutorial_dag to None, run_after=None
[2026-01-14T10:30:03.426+0000] {processor.py:183} INFO - Processing /home/airflow/.local/lib/python3.12/site-packages/airflow/example_dags/tutorial_dag.py took 0.076 seconds
