[2026-01-14T07:54:53.580+0000] {processor.py:161} INFO - Started process (PID=320) to work on /home/airflow/.local/lib/python3.12/site-packages/airflow/example_dags/tutorial_objectstorage.py
[2026-01-14T07:54:53.583+0000] {processor.py:830} INFO - Processing file /home/airflow/.local/lib/python3.12/site-packages/airflow/example_dags/tutorial_objectstorage.py for tasks to queue
[2026-01-14T07:54:53.589+0000] {logging_mixin.py:188} INFO - [2026-01-14T07:54:53.588+0000] {dagbag.py:545} INFO - Filling up the DagBag from /home/airflow/.local/lib/python3.12/site-packages/airflow/example_dags/tutorial_objectstorage.py
[2026-01-14T07:54:53.614+0000] {processor.py:840} INFO - DAG(s) 'tutorial_objectstorage' retrieved from /home/airflow/.local/lib/python3.12/site-packages/airflow/example_dags/tutorial_objectstorage.py
[2026-01-14T07:54:53.687+0000] {logging_mixin.py:188} INFO - [2026-01-14T07:54:53.686+0000] {dag.py:3096} INFO - Sync 1 DAGs
[2026-01-14T07:54:53.751+0000] {logging_mixin.py:188} INFO - [2026-01-14T07:54:53.749+0000] {dag.py:3954} INFO - Setting next_dagrun for tutorial_objectstorage to None, run_after=None
[2026-01-14T07:54:53.870+0000] {processor.py:183} INFO - Processing /home/airflow/.local/lib/python3.12/site-packages/airflow/example_dags/tutorial_objectstorage.py took 0.308 seconds
[2026-01-14T07:55:24.752+0000] {processor.py:161} INFO - Started process (PID=620) to work on /home/airflow/.local/lib/python3.12/site-packages/airflow/example_dags/tutorial_objectstorage.py
[2026-01-14T07:55:24.754+0000] {processor.py:830} INFO - Processing file /home/airflow/.local/lib/python3.12/site-packages/airflow/example_dags/tutorial_objectstorage.py for tasks to queue
[2026-01-14T07:55:24.757+0000] {logging_mixin.py:188} INFO - [2026-01-14T07:55:24.756+0000] {dagbag.py:545} INFO - Filling up the DagBag from /home/airflow/.local/lib/python3.12/site-packages/airflow/example_dags/tutorial_objectstorage.py
[2026-01-14T07:55:24.770+0000] {processor.py:840} INFO - DAG(s) 'tutorial_objectstorage' retrieved from /home/airflow/.local/lib/python3.12/site-packages/airflow/example_dags/tutorial_objectstorage.py
[2026-01-14T07:55:24.812+0000] {logging_mixin.py:188} INFO - [2026-01-14T07:55:24.812+0000] {dag.py:3096} INFO - Sync 1 DAGs
[2026-01-14T07:55:24.844+0000] {logging_mixin.py:188} INFO - [2026-01-14T07:55:24.844+0000] {dag.py:3954} INFO - Setting next_dagrun for tutorial_objectstorage to None, run_after=None
[2026-01-14T07:55:24.881+0000] {processor.py:183} INFO - Processing /home/airflow/.local/lib/python3.12/site-packages/airflow/example_dags/tutorial_objectstorage.py took 0.139 seconds
[2026-01-14T07:55:55.594+0000] {processor.py:161} INFO - Started process (PID=891) to work on /home/airflow/.local/lib/python3.12/site-packages/airflow/example_dags/tutorial_objectstorage.py
[2026-01-14T07:55:55.596+0000] {processor.py:830} INFO - Processing file /home/airflow/.local/lib/python3.12/site-packages/airflow/example_dags/tutorial_objectstorage.py for tasks to queue
[2026-01-14T07:55:55.599+0000] {logging_mixin.py:188} INFO - [2026-01-14T07:55:55.599+0000] {dagbag.py:545} INFO - Filling up the DagBag from /home/airflow/.local/lib/python3.12/site-packages/airflow/example_dags/tutorial_objectstorage.py
[2026-01-14T07:55:55.610+0000] {processor.py:840} INFO - DAG(s) 'tutorial_objectstorage' retrieved from /home/airflow/.local/lib/python3.12/site-packages/airflow/example_dags/tutorial_objectstorage.py
[2026-01-14T07:55:55.651+0000] {logging_mixin.py:188} INFO - [2026-01-14T07:55:55.650+0000] {dag.py:3096} INFO - Sync 1 DAGs
[2026-01-14T07:55:55.671+0000] {logging_mixin.py:188} INFO - [2026-01-14T07:55:55.671+0000] {dag.py:3954} INFO - Setting next_dagrun for tutorial_objectstorage to None, run_after=None
[2026-01-14T07:55:55.706+0000] {processor.py:183} INFO - Processing /home/airflow/.local/lib/python3.12/site-packages/airflow/example_dags/tutorial_objectstorage.py took 0.121 seconds
[2026-01-14T07:56:26.707+0000] {processor.py:161} INFO - Started process (PID=1167) to work on /home/airflow/.local/lib/python3.12/site-packages/airflow/example_dags/tutorial_objectstorage.py
[2026-01-14T07:56:26.708+0000] {processor.py:830} INFO - Processing file /home/airflow/.local/lib/python3.12/site-packages/airflow/example_dags/tutorial_objectstorage.py for tasks to queue
[2026-01-14T07:56:26.710+0000] {logging_mixin.py:188} INFO - [2026-01-14T07:56:26.710+0000] {dagbag.py:545} INFO - Filling up the DagBag from /home/airflow/.local/lib/python3.12/site-packages/airflow/example_dags/tutorial_objectstorage.py
[2026-01-14T07:56:26.720+0000] {processor.py:840} INFO - DAG(s) 'tutorial_objectstorage' retrieved from /home/airflow/.local/lib/python3.12/site-packages/airflow/example_dags/tutorial_objectstorage.py
[2026-01-14T07:56:26.753+0000] {logging_mixin.py:188} INFO - [2026-01-14T07:56:26.753+0000] {dag.py:3096} INFO - Sync 1 DAGs
[2026-01-14T07:56:26.773+0000] {logging_mixin.py:188} INFO - [2026-01-14T07:56:26.773+0000] {dag.py:3954} INFO - Setting next_dagrun for tutorial_objectstorage to None, run_after=None
[2026-01-14T07:56:26.806+0000] {processor.py:183} INFO - Processing /home/airflow/.local/lib/python3.12/site-packages/airflow/example_dags/tutorial_objectstorage.py took 0.110 seconds
[2026-01-14T07:56:57.530+0000] {processor.py:161} INFO - Started process (PID=1434) to work on /home/airflow/.local/lib/python3.12/site-packages/airflow/example_dags/tutorial_objectstorage.py
[2026-01-14T07:56:57.532+0000] {processor.py:830} INFO - Processing file /home/airflow/.local/lib/python3.12/site-packages/airflow/example_dags/tutorial_objectstorage.py for tasks to queue
[2026-01-14T07:56:57.535+0000] {logging_mixin.py:188} INFO - [2026-01-14T07:56:57.534+0000] {dagbag.py:545} INFO - Filling up the DagBag from /home/airflow/.local/lib/python3.12/site-packages/airflow/example_dags/tutorial_objectstorage.py
[2026-01-14T07:56:57.546+0000] {processor.py:840} INFO - DAG(s) 'tutorial_objectstorage' retrieved from /home/airflow/.local/lib/python3.12/site-packages/airflow/example_dags/tutorial_objectstorage.py
[2026-01-14T07:56:57.584+0000] {logging_mixin.py:188} INFO - [2026-01-14T07:56:57.584+0000] {dag.py:3096} INFO - Sync 1 DAGs
[2026-01-14T07:56:57.608+0000] {logging_mixin.py:188} INFO - [2026-01-14T07:56:57.607+0000] {dag.py:3954} INFO - Setting next_dagrun for tutorial_objectstorage to None, run_after=None
[2026-01-14T07:56:57.644+0000] {processor.py:183} INFO - Processing /home/airflow/.local/lib/python3.12/site-packages/airflow/example_dags/tutorial_objectstorage.py took 0.124 seconds
[2026-01-14T07:57:28.291+0000] {processor.py:161} INFO - Started process (PID=1737) to work on /home/airflow/.local/lib/python3.12/site-packages/airflow/example_dags/tutorial_objectstorage.py
[2026-01-14T07:57:28.293+0000] {processor.py:830} INFO - Processing file /home/airflow/.local/lib/python3.12/site-packages/airflow/example_dags/tutorial_objectstorage.py for tasks to queue
[2026-01-14T07:57:28.297+0000] {logging_mixin.py:188} INFO - [2026-01-14T07:57:28.296+0000] {dagbag.py:545} INFO - Filling up the DagBag from /home/airflow/.local/lib/python3.12/site-packages/airflow/example_dags/tutorial_objectstorage.py
[2026-01-14T07:57:28.310+0000] {processor.py:840} INFO - DAG(s) 'tutorial_objectstorage' retrieved from /home/airflow/.local/lib/python3.12/site-packages/airflow/example_dags/tutorial_objectstorage.py
[2026-01-14T07:57:28.352+0000] {logging_mixin.py:188} INFO - [2026-01-14T07:57:28.351+0000] {dag.py:3096} INFO - Sync 1 DAGs
[2026-01-14T07:57:28.374+0000] {logging_mixin.py:188} INFO - [2026-01-14T07:57:28.374+0000] {dag.py:3954} INFO - Setting next_dagrun for tutorial_objectstorage to None, run_after=None
[2026-01-14T07:57:28.407+0000] {processor.py:183} INFO - Processing /home/airflow/.local/lib/python3.12/site-packages/airflow/example_dags/tutorial_objectstorage.py took 0.127 seconds
[2026-01-14T07:58:47.131+0000] {processor.py:161} INFO - Started process (PID=272) to work on /home/airflow/.local/lib/python3.12/site-packages/airflow/example_dags/tutorial_objectstorage.py
[2026-01-14T07:58:47.132+0000] {processor.py:830} INFO - Processing file /home/airflow/.local/lib/python3.12/site-packages/airflow/example_dags/tutorial_objectstorage.py for tasks to queue
[2026-01-14T07:58:47.134+0000] {logging_mixin.py:188} INFO - [2026-01-14T07:58:47.134+0000] {dagbag.py:545} INFO - Filling up the DagBag from /home/airflow/.local/lib/python3.12/site-packages/airflow/example_dags/tutorial_objectstorage.py
[2026-01-14T07:58:47.144+0000] {processor.py:840} INFO - DAG(s) 'tutorial_objectstorage' retrieved from /home/airflow/.local/lib/python3.12/site-packages/airflow/example_dags/tutorial_objectstorage.py
[2026-01-14T07:58:47.172+0000] {logging_mixin.py:188} INFO - [2026-01-14T07:58:47.171+0000] {dag.py:3096} INFO - Sync 1 DAGs
[2026-01-14T07:58:47.195+0000] {logging_mixin.py:188} INFO - [2026-01-14T07:58:47.194+0000] {dag.py:3954} INFO - Setting next_dagrun for tutorial_objectstorage to None, run_after=None
[2026-01-14T07:58:47.222+0000] {processor.py:183} INFO - Processing /home/airflow/.local/lib/python3.12/site-packages/airflow/example_dags/tutorial_objectstorage.py took 0.098 seconds
[2026-01-14T07:59:17.409+0000] {processor.py:161} INFO - Started process (PID=537) to work on /home/airflow/.local/lib/python3.12/site-packages/airflow/example_dags/tutorial_objectstorage.py
[2026-01-14T07:59:17.410+0000] {processor.py:830} INFO - Processing file /home/airflow/.local/lib/python3.12/site-packages/airflow/example_dags/tutorial_objectstorage.py for tasks to queue
[2026-01-14T07:59:17.413+0000] {logging_mixin.py:188} INFO - [2026-01-14T07:59:17.412+0000] {dagbag.py:545} INFO - Filling up the DagBag from /home/airflow/.local/lib/python3.12/site-packages/airflow/example_dags/tutorial_objectstorage.py
[2026-01-14T07:59:17.424+0000] {processor.py:840} INFO - DAG(s) 'tutorial_objectstorage' retrieved from /home/airflow/.local/lib/python3.12/site-packages/airflow/example_dags/tutorial_objectstorage.py
[2026-01-14T07:59:17.456+0000] {logging_mixin.py:188} INFO - [2026-01-14T07:59:17.456+0000] {dag.py:3096} INFO - Sync 1 DAGs
[2026-01-14T07:59:17.476+0000] {logging_mixin.py:188} INFO - [2026-01-14T07:59:17.476+0000] {dag.py:3954} INFO - Setting next_dagrun for tutorial_objectstorage to None, run_after=None
[2026-01-14T07:59:17.506+0000] {processor.py:183} INFO - Processing /home/airflow/.local/lib/python3.12/site-packages/airflow/example_dags/tutorial_objectstorage.py took 0.107 seconds
[2026-01-14T07:59:47.862+0000] {processor.py:161} INFO - Started process (PID=866) to work on /home/airflow/.local/lib/python3.12/site-packages/airflow/example_dags/tutorial_objectstorage.py
[2026-01-14T07:59:47.864+0000] {processor.py:830} INFO - Processing file /home/airflow/.local/lib/python3.12/site-packages/airflow/example_dags/tutorial_objectstorage.py for tasks to queue
[2026-01-14T07:59:47.867+0000] {logging_mixin.py:188} INFO - [2026-01-14T07:59:47.866+0000] {dagbag.py:545} INFO - Filling up the DagBag from /home/airflow/.local/lib/python3.12/site-packages/airflow/example_dags/tutorial_objectstorage.py
[2026-01-14T07:59:47.876+0000] {processor.py:840} INFO - DAG(s) 'tutorial_objectstorage' retrieved from /home/airflow/.local/lib/python3.12/site-packages/airflow/example_dags/tutorial_objectstorage.py
[2026-01-14T07:59:47.907+0000] {logging_mixin.py:188} INFO - [2026-01-14T07:59:47.906+0000] {dag.py:3096} INFO - Sync 1 DAGs
[2026-01-14T07:59:47.925+0000] {logging_mixin.py:188} INFO - [2026-01-14T07:59:47.925+0000] {dag.py:3954} INFO - Setting next_dagrun for tutorial_objectstorage to None, run_after=None
[2026-01-14T07:59:47.955+0000] {processor.py:183} INFO - Processing /home/airflow/.local/lib/python3.12/site-packages/airflow/example_dags/tutorial_objectstorage.py took 0.100 seconds
[2026-01-14T08:00:18.688+0000] {processor.py:161} INFO - Started process (PID=1128) to work on /home/airflow/.local/lib/python3.12/site-packages/airflow/example_dags/tutorial_objectstorage.py
[2026-01-14T08:00:18.690+0000] {processor.py:830} INFO - Processing file /home/airflow/.local/lib/python3.12/site-packages/airflow/example_dags/tutorial_objectstorage.py for tasks to queue
[2026-01-14T08:00:18.692+0000] {logging_mixin.py:188} INFO - [2026-01-14T08:00:18.692+0000] {dagbag.py:545} INFO - Filling up the DagBag from /home/airflow/.local/lib/python3.12/site-packages/airflow/example_dags/tutorial_objectstorage.py
[2026-01-14T08:00:18.702+0000] {processor.py:840} INFO - DAG(s) 'tutorial_objectstorage' retrieved from /home/airflow/.local/lib/python3.12/site-packages/airflow/example_dags/tutorial_objectstorage.py
[2026-01-14T08:00:18.733+0000] {logging_mixin.py:188} INFO - [2026-01-14T08:00:18.733+0000] {dag.py:3096} INFO - Sync 1 DAGs
[2026-01-14T08:00:18.754+0000] {logging_mixin.py:188} INFO - [2026-01-14T08:00:18.754+0000] {dag.py:3954} INFO - Setting next_dagrun for tutorial_objectstorage to None, run_after=None
[2026-01-14T08:00:18.781+0000] {processor.py:183} INFO - Processing /home/airflow/.local/lib/python3.12/site-packages/airflow/example_dags/tutorial_objectstorage.py took 0.103 seconds
[2026-01-14T08:00:48.971+0000] {processor.py:161} INFO - Started process (PID=1389) to work on /home/airflow/.local/lib/python3.12/site-packages/airflow/example_dags/tutorial_objectstorage.py
[2026-01-14T08:00:48.973+0000] {processor.py:830} INFO - Processing file /home/airflow/.local/lib/python3.12/site-packages/airflow/example_dags/tutorial_objectstorage.py for tasks to queue
[2026-01-14T08:00:48.975+0000] {logging_mixin.py:188} INFO - [2026-01-14T08:00:48.975+0000] {dagbag.py:545} INFO - Filling up the DagBag from /home/airflow/.local/lib/python3.12/site-packages/airflow/example_dags/tutorial_objectstorage.py
[2026-01-14T08:00:48.986+0000] {processor.py:840} INFO - DAG(s) 'tutorial_objectstorage' retrieved from /home/airflow/.local/lib/python3.12/site-packages/airflow/example_dags/tutorial_objectstorage.py
[2026-01-14T08:00:49.018+0000] {logging_mixin.py:188} INFO - [2026-01-14T08:00:49.018+0000] {dag.py:3096} INFO - Sync 1 DAGs
[2026-01-14T08:00:49.037+0000] {logging_mixin.py:188} INFO - [2026-01-14T08:00:49.037+0000] {dag.py:3954} INFO - Setting next_dagrun for tutorial_objectstorage to None, run_after=None
[2026-01-14T08:00:49.067+0000] {processor.py:183} INFO - Processing /home/airflow/.local/lib/python3.12/site-packages/airflow/example_dags/tutorial_objectstorage.py took 0.103 seconds
[2026-01-14T08:01:19.361+0000] {processor.py:161} INFO - Started process (PID=1653) to work on /home/airflow/.local/lib/python3.12/site-packages/airflow/example_dags/tutorial_objectstorage.py
[2026-01-14T08:01:19.362+0000] {processor.py:830} INFO - Processing file /home/airflow/.local/lib/python3.12/site-packages/airflow/example_dags/tutorial_objectstorage.py for tasks to queue
[2026-01-14T08:01:19.365+0000] {logging_mixin.py:188} INFO - [2026-01-14T08:01:19.364+0000] {dagbag.py:545} INFO - Filling up the DagBag from /home/airflow/.local/lib/python3.12/site-packages/airflow/example_dags/tutorial_objectstorage.py
[2026-01-14T08:01:19.374+0000] {processor.py:840} INFO - DAG(s) 'tutorial_objectstorage' retrieved from /home/airflow/.local/lib/python3.12/site-packages/airflow/example_dags/tutorial_objectstorage.py
[2026-01-14T08:01:19.404+0000] {logging_mixin.py:188} INFO - [2026-01-14T08:01:19.404+0000] {dag.py:3096} INFO - Sync 1 DAGs
[2026-01-14T08:01:19.424+0000] {logging_mixin.py:188} INFO - [2026-01-14T08:01:19.423+0000] {dag.py:3954} INFO - Setting next_dagrun for tutorial_objectstorage to None, run_after=None
[2026-01-14T08:01:19.454+0000] {processor.py:183} INFO - Processing /home/airflow/.local/lib/python3.12/site-packages/airflow/example_dags/tutorial_objectstorage.py took 0.101 seconds
[2026-01-14T08:01:49.842+0000] {processor.py:161} INFO - Started process (PID=1938) to work on /home/airflow/.local/lib/python3.12/site-packages/airflow/example_dags/tutorial_objectstorage.py
[2026-01-14T08:01:49.844+0000] {processor.py:830} INFO - Processing file /home/airflow/.local/lib/python3.12/site-packages/airflow/example_dags/tutorial_objectstorage.py for tasks to queue
[2026-01-14T08:01:49.846+0000] {logging_mixin.py:188} INFO - [2026-01-14T08:01:49.846+0000] {dagbag.py:545} INFO - Filling up the DagBag from /home/airflow/.local/lib/python3.12/site-packages/airflow/example_dags/tutorial_objectstorage.py
[2026-01-14T08:01:49.856+0000] {processor.py:840} INFO - DAG(s) 'tutorial_objectstorage' retrieved from /home/airflow/.local/lib/python3.12/site-packages/airflow/example_dags/tutorial_objectstorage.py
[2026-01-14T08:01:49.887+0000] {logging_mixin.py:188} INFO - [2026-01-14T08:01:49.887+0000] {dag.py:3096} INFO - Sync 1 DAGs
[2026-01-14T08:01:49.905+0000] {logging_mixin.py:188} INFO - [2026-01-14T08:01:49.905+0000] {dag.py:3954} INFO - Setting next_dagrun for tutorial_objectstorage to None, run_after=None
[2026-01-14T08:01:49.934+0000] {processor.py:183} INFO - Processing /home/airflow/.local/lib/python3.12/site-packages/airflow/example_dags/tutorial_objectstorage.py took 0.101 seconds
[2026-01-14T08:02:20.246+0000] {processor.py:161} INFO - Started process (PID=2202) to work on /home/airflow/.local/lib/python3.12/site-packages/airflow/example_dags/tutorial_objectstorage.py
[2026-01-14T08:02:20.247+0000] {processor.py:830} INFO - Processing file /home/airflow/.local/lib/python3.12/site-packages/airflow/example_dags/tutorial_objectstorage.py for tasks to queue
[2026-01-14T08:02:20.250+0000] {logging_mixin.py:188} INFO - [2026-01-14T08:02:20.249+0000] {dagbag.py:545} INFO - Filling up the DagBag from /home/airflow/.local/lib/python3.12/site-packages/airflow/example_dags/tutorial_objectstorage.py
[2026-01-14T08:02:20.260+0000] {processor.py:840} INFO - DAG(s) 'tutorial_objectstorage' retrieved from /home/airflow/.local/lib/python3.12/site-packages/airflow/example_dags/tutorial_objectstorage.py
[2026-01-14T08:02:20.290+0000] {logging_mixin.py:188} INFO - [2026-01-14T08:02:20.290+0000] {dag.py:3096} INFO - Sync 1 DAGs
[2026-01-14T08:02:20.310+0000] {logging_mixin.py:188} INFO - [2026-01-14T08:02:20.309+0000] {dag.py:3954} INFO - Setting next_dagrun for tutorial_objectstorage to None, run_after=None
[2026-01-14T08:02:20.339+0000] {processor.py:183} INFO - Processing /home/airflow/.local/lib/python3.12/site-packages/airflow/example_dags/tutorial_objectstorage.py took 0.101 seconds
[2026-01-14T08:02:50.572+0000] {processor.py:161} INFO - Started process (PID=2465) to work on /home/airflow/.local/lib/python3.12/site-packages/airflow/example_dags/tutorial_objectstorage.py
[2026-01-14T08:02:50.573+0000] {processor.py:830} INFO - Processing file /home/airflow/.local/lib/python3.12/site-packages/airflow/example_dags/tutorial_objectstorage.py for tasks to queue
[2026-01-14T08:02:50.576+0000] {logging_mixin.py:188} INFO - [2026-01-14T08:02:50.575+0000] {dagbag.py:545} INFO - Filling up the DagBag from /home/airflow/.local/lib/python3.12/site-packages/airflow/example_dags/tutorial_objectstorage.py
[2026-01-14T08:02:50.585+0000] {processor.py:840} INFO - DAG(s) 'tutorial_objectstorage' retrieved from /home/airflow/.local/lib/python3.12/site-packages/airflow/example_dags/tutorial_objectstorage.py
[2026-01-14T08:02:50.616+0000] {logging_mixin.py:188} INFO - [2026-01-14T08:02:50.616+0000] {dag.py:3096} INFO - Sync 1 DAGs
[2026-01-14T08:02:50.635+0000] {logging_mixin.py:188} INFO - [2026-01-14T08:02:50.635+0000] {dag.py:3954} INFO - Setting next_dagrun for tutorial_objectstorage to None, run_after=None
[2026-01-14T08:02:50.664+0000] {processor.py:183} INFO - Processing /home/airflow/.local/lib/python3.12/site-packages/airflow/example_dags/tutorial_objectstorage.py took 0.100 seconds
[2026-01-14T08:03:21.208+0000] {processor.py:161} INFO - Started process (PID=2729) to work on /home/airflow/.local/lib/python3.12/site-packages/airflow/example_dags/tutorial_objectstorage.py
[2026-01-14T08:03:21.210+0000] {processor.py:830} INFO - Processing file /home/airflow/.local/lib/python3.12/site-packages/airflow/example_dags/tutorial_objectstorage.py for tasks to queue
[2026-01-14T08:03:21.212+0000] {logging_mixin.py:188} INFO - [2026-01-14T08:03:21.212+0000] {dagbag.py:545} INFO - Filling up the DagBag from /home/airflow/.local/lib/python3.12/site-packages/airflow/example_dags/tutorial_objectstorage.py
[2026-01-14T08:03:21.223+0000] {processor.py:840} INFO - DAG(s) 'tutorial_objectstorage' retrieved from /home/airflow/.local/lib/python3.12/site-packages/airflow/example_dags/tutorial_objectstorage.py
[2026-01-14T08:03:21.252+0000] {logging_mixin.py:188} INFO - [2026-01-14T08:03:21.252+0000] {dag.py:3096} INFO - Sync 1 DAGs
[2026-01-14T08:03:21.272+0000] {logging_mixin.py:188} INFO - [2026-01-14T08:03:21.272+0000] {dag.py:3954} INFO - Setting next_dagrun for tutorial_objectstorage to None, run_after=None
[2026-01-14T08:03:21.300+0000] {processor.py:183} INFO - Processing /home/airflow/.local/lib/python3.12/site-packages/airflow/example_dags/tutorial_objectstorage.py took 0.099 seconds
[2026-01-14T08:03:51.536+0000] {processor.py:161} INFO - Started process (PID=3014) to work on /home/airflow/.local/lib/python3.12/site-packages/airflow/example_dags/tutorial_objectstorage.py
[2026-01-14T08:03:51.537+0000] {processor.py:830} INFO - Processing file /home/airflow/.local/lib/python3.12/site-packages/airflow/example_dags/tutorial_objectstorage.py for tasks to queue
[2026-01-14T08:03:51.540+0000] {logging_mixin.py:188} INFO - [2026-01-14T08:03:51.539+0000] {dagbag.py:545} INFO - Filling up the DagBag from /home/airflow/.local/lib/python3.12/site-packages/airflow/example_dags/tutorial_objectstorage.py
[2026-01-14T08:03:51.550+0000] {processor.py:840} INFO - DAG(s) 'tutorial_objectstorage' retrieved from /home/airflow/.local/lib/python3.12/site-packages/airflow/example_dags/tutorial_objectstorage.py
[2026-01-14T08:03:51.580+0000] {logging_mixin.py:188} INFO - [2026-01-14T08:03:51.580+0000] {dag.py:3096} INFO - Sync 1 DAGs
[2026-01-14T08:03:51.599+0000] {logging_mixin.py:188} INFO - [2026-01-14T08:03:51.599+0000] {dag.py:3954} INFO - Setting next_dagrun for tutorial_objectstorage to None, run_after=None
[2026-01-14T08:03:51.631+0000] {processor.py:183} INFO - Processing /home/airflow/.local/lib/python3.12/site-packages/airflow/example_dags/tutorial_objectstorage.py took 0.102 seconds
[2026-01-14T08:04:22.064+0000] {processor.py:161} INFO - Started process (PID=3276) to work on /home/airflow/.local/lib/python3.12/site-packages/airflow/example_dags/tutorial_objectstorage.py
[2026-01-14T08:04:22.065+0000] {processor.py:830} INFO - Processing file /home/airflow/.local/lib/python3.12/site-packages/airflow/example_dags/tutorial_objectstorage.py for tasks to queue
[2026-01-14T08:04:22.067+0000] {logging_mixin.py:188} INFO - [2026-01-14T08:04:22.067+0000] {dagbag.py:545} INFO - Filling up the DagBag from /home/airflow/.local/lib/python3.12/site-packages/airflow/example_dags/tutorial_objectstorage.py
[2026-01-14T08:04:22.077+0000] {processor.py:840} INFO - DAG(s) 'tutorial_objectstorage' retrieved from /home/airflow/.local/lib/python3.12/site-packages/airflow/example_dags/tutorial_objectstorage.py
[2026-01-14T08:04:22.106+0000] {logging_mixin.py:188} INFO - [2026-01-14T08:04:22.106+0000] {dag.py:3096} INFO - Sync 1 DAGs
[2026-01-14T08:04:22.123+0000] {logging_mixin.py:188} INFO - [2026-01-14T08:04:22.122+0000] {dag.py:3954} INFO - Setting next_dagrun for tutorial_objectstorage to None, run_after=None
[2026-01-14T08:04:22.153+0000] {processor.py:183} INFO - Processing /home/airflow/.local/lib/python3.12/site-packages/airflow/example_dags/tutorial_objectstorage.py took 0.097 seconds
[2026-01-14T08:04:52.948+0000] {processor.py:161} INFO - Started process (PID=3539) to work on /home/airflow/.local/lib/python3.12/site-packages/airflow/example_dags/tutorial_objectstorage.py
[2026-01-14T08:04:52.949+0000] {processor.py:830} INFO - Processing file /home/airflow/.local/lib/python3.12/site-packages/airflow/example_dags/tutorial_objectstorage.py for tasks to queue
[2026-01-14T08:04:52.952+0000] {logging_mixin.py:188} INFO - [2026-01-14T08:04:52.951+0000] {dagbag.py:545} INFO - Filling up the DagBag from /home/airflow/.local/lib/python3.12/site-packages/airflow/example_dags/tutorial_objectstorage.py
[2026-01-14T08:04:52.960+0000] {processor.py:840} INFO - DAG(s) 'tutorial_objectstorage' retrieved from /home/airflow/.local/lib/python3.12/site-packages/airflow/example_dags/tutorial_objectstorage.py
[2026-01-14T08:04:52.986+0000] {logging_mixin.py:188} INFO - [2026-01-14T08:04:52.986+0000] {dag.py:3096} INFO - Sync 1 DAGs
[2026-01-14T08:04:53.002+0000] {logging_mixin.py:188} INFO - [2026-01-14T08:04:53.001+0000] {dag.py:3954} INFO - Setting next_dagrun for tutorial_objectstorage to None, run_after=None
[2026-01-14T08:04:53.026+0000] {processor.py:183} INFO - Processing /home/airflow/.local/lib/python3.12/site-packages/airflow/example_dags/tutorial_objectstorage.py took 0.084 seconds
[2026-01-14T08:06:47.050+0000] {processor.py:161} INFO - Started process (PID=3795) to work on /home/airflow/.local/lib/python3.12/site-packages/airflow/example_dags/tutorial_objectstorage.py
[2026-01-14T08:06:47.051+0000] {processor.py:830} INFO - Processing file /home/airflow/.local/lib/python3.12/site-packages/airflow/example_dags/tutorial_objectstorage.py for tasks to queue
[2026-01-14T08:06:47.054+0000] {logging_mixin.py:188} INFO - [2026-01-14T08:06:47.053+0000] {dagbag.py:545} INFO - Filling up the DagBag from /home/airflow/.local/lib/python3.12/site-packages/airflow/example_dags/tutorial_objectstorage.py
[2026-01-14T08:06:47.062+0000] {processor.py:840} INFO - DAG(s) 'tutorial_objectstorage' retrieved from /home/airflow/.local/lib/python3.12/site-packages/airflow/example_dags/tutorial_objectstorage.py
[2026-01-14T08:06:47.086+0000] {logging_mixin.py:188} INFO - [2026-01-14T08:06:47.086+0000] {dag.py:3096} INFO - Sync 1 DAGs
[2026-01-14T08:06:47.101+0000] {logging_mixin.py:188} INFO - [2026-01-14T08:06:47.101+0000] {dag.py:3954} INFO - Setting next_dagrun for tutorial_objectstorage to None, run_after=None
[2026-01-14T08:06:47.126+0000] {processor.py:183} INFO - Processing /home/airflow/.local/lib/python3.12/site-packages/airflow/example_dags/tutorial_objectstorage.py took 0.084 seconds
[2026-01-14T08:07:17.920+0000] {processor.py:161} INFO - Started process (PID=4056) to work on /home/airflow/.local/lib/python3.12/site-packages/airflow/example_dags/tutorial_objectstorage.py
[2026-01-14T08:07:17.921+0000] {processor.py:830} INFO - Processing file /home/airflow/.local/lib/python3.12/site-packages/airflow/example_dags/tutorial_objectstorage.py for tasks to queue
[2026-01-14T08:07:17.924+0000] {logging_mixin.py:188} INFO - [2026-01-14T08:07:17.923+0000] {dagbag.py:545} INFO - Filling up the DagBag from /home/airflow/.local/lib/python3.12/site-packages/airflow/example_dags/tutorial_objectstorage.py
[2026-01-14T08:07:17.931+0000] {processor.py:840} INFO - DAG(s) 'tutorial_objectstorage' retrieved from /home/airflow/.local/lib/python3.12/site-packages/airflow/example_dags/tutorial_objectstorage.py
[2026-01-14T08:07:17.955+0000] {logging_mixin.py:188} INFO - [2026-01-14T08:07:17.955+0000] {dag.py:3096} INFO - Sync 1 DAGs
[2026-01-14T08:07:17.970+0000] {logging_mixin.py:188} INFO - [2026-01-14T08:07:17.970+0000] {dag.py:3954} INFO - Setting next_dagrun for tutorial_objectstorage to None, run_after=None
[2026-01-14T08:07:17.996+0000] {processor.py:183} INFO - Processing /home/airflow/.local/lib/python3.12/site-packages/airflow/example_dags/tutorial_objectstorage.py took 0.082 seconds
[2026-01-14T08:07:49.187+0000] {processor.py:161} INFO - Started process (PID=4317) to work on /home/airflow/.local/lib/python3.12/site-packages/airflow/example_dags/tutorial_objectstorage.py
[2026-01-14T08:07:49.189+0000] {processor.py:830} INFO - Processing file /home/airflow/.local/lib/python3.12/site-packages/airflow/example_dags/tutorial_objectstorage.py for tasks to queue
[2026-01-14T08:07:49.192+0000] {logging_mixin.py:188} INFO - [2026-01-14T08:07:49.191+0000] {dagbag.py:545} INFO - Filling up the DagBag from /home/airflow/.local/lib/python3.12/site-packages/airflow/example_dags/tutorial_objectstorage.py
[2026-01-14T08:07:49.202+0000] {processor.py:840} INFO - DAG(s) 'tutorial_objectstorage' retrieved from /home/airflow/.local/lib/python3.12/site-packages/airflow/example_dags/tutorial_objectstorage.py
[2026-01-14T08:07:49.232+0000] {logging_mixin.py:188} INFO - [2026-01-14T08:07:49.232+0000] {dag.py:3096} INFO - Sync 1 DAGs
[2026-01-14T08:07:49.251+0000] {logging_mixin.py:188} INFO - [2026-01-14T08:07:49.250+0000] {dag.py:3954} INFO - Setting next_dagrun for tutorial_objectstorage to None, run_after=None
[2026-01-14T08:07:49.279+0000] {processor.py:183} INFO - Processing /home/airflow/.local/lib/python3.12/site-packages/airflow/example_dags/tutorial_objectstorage.py took 0.100 seconds
[2026-01-14T08:08:19.865+0000] {processor.py:161} INFO - Started process (PID=4578) to work on /home/airflow/.local/lib/python3.12/site-packages/airflow/example_dags/tutorial_objectstorage.py
[2026-01-14T08:08:19.866+0000] {processor.py:830} INFO - Processing file /home/airflow/.local/lib/python3.12/site-packages/airflow/example_dags/tutorial_objectstorage.py for tasks to queue
[2026-01-14T08:08:19.868+0000] {logging_mixin.py:188} INFO - [2026-01-14T08:08:19.868+0000] {dagbag.py:545} INFO - Filling up the DagBag from /home/airflow/.local/lib/python3.12/site-packages/airflow/example_dags/tutorial_objectstorage.py
[2026-01-14T08:08:19.878+0000] {processor.py:840} INFO - DAG(s) 'tutorial_objectstorage' retrieved from /home/airflow/.local/lib/python3.12/site-packages/airflow/example_dags/tutorial_objectstorage.py
[2026-01-14T08:08:19.907+0000] {logging_mixin.py:188} INFO - [2026-01-14T08:08:19.907+0000] {dag.py:3096} INFO - Sync 1 DAGs
[2026-01-14T08:08:19.927+0000] {logging_mixin.py:188} INFO - [2026-01-14T08:08:19.927+0000] {dag.py:3954} INFO - Setting next_dagrun for tutorial_objectstorage to None, run_after=None
[2026-01-14T08:08:19.954+0000] {processor.py:183} INFO - Processing /home/airflow/.local/lib/python3.12/site-packages/airflow/example_dags/tutorial_objectstorage.py took 0.096 seconds
[2026-01-14T08:08:50.507+0000] {processor.py:161} INFO - Started process (PID=4841) to work on /home/airflow/.local/lib/python3.12/site-packages/airflow/example_dags/tutorial_objectstorage.py
[2026-01-14T08:08:50.509+0000] {processor.py:830} INFO - Processing file /home/airflow/.local/lib/python3.12/site-packages/airflow/example_dags/tutorial_objectstorage.py for tasks to queue
[2026-01-14T08:08:50.512+0000] {logging_mixin.py:188} INFO - [2026-01-14T08:08:50.511+0000] {dagbag.py:545} INFO - Filling up the DagBag from /home/airflow/.local/lib/python3.12/site-packages/airflow/example_dags/tutorial_objectstorage.py
[2026-01-14T08:08:50.524+0000] {processor.py:840} INFO - DAG(s) 'tutorial_objectstorage' retrieved from /home/airflow/.local/lib/python3.12/site-packages/airflow/example_dags/tutorial_objectstorage.py
[2026-01-14T08:08:50.555+0000] {logging_mixin.py:188} INFO - [2026-01-14T08:08:50.555+0000] {dag.py:3096} INFO - Sync 1 DAGs
[2026-01-14T08:08:50.575+0000] {logging_mixin.py:188} INFO - [2026-01-14T08:08:50.575+0000] {dag.py:3954} INFO - Setting next_dagrun for tutorial_objectstorage to None, run_after=None
[2026-01-14T08:08:50.603+0000] {processor.py:183} INFO - Processing /home/airflow/.local/lib/python3.12/site-packages/airflow/example_dags/tutorial_objectstorage.py took 0.103 seconds
[2026-01-14T08:09:20.769+0000] {processor.py:161} INFO - Started process (PID=5102) to work on /home/airflow/.local/lib/python3.12/site-packages/airflow/example_dags/tutorial_objectstorage.py
[2026-01-14T08:09:20.770+0000] {processor.py:830} INFO - Processing file /home/airflow/.local/lib/python3.12/site-packages/airflow/example_dags/tutorial_objectstorage.py for tasks to queue
[2026-01-14T08:09:20.772+0000] {logging_mixin.py:188} INFO - [2026-01-14T08:09:20.772+0000] {dagbag.py:545} INFO - Filling up the DagBag from /home/airflow/.local/lib/python3.12/site-packages/airflow/example_dags/tutorial_objectstorage.py
[2026-01-14T08:09:20.780+0000] {processor.py:840} INFO - DAG(s) 'tutorial_objectstorage' retrieved from /home/airflow/.local/lib/python3.12/site-packages/airflow/example_dags/tutorial_objectstorage.py
[2026-01-14T08:09:20.804+0000] {logging_mixin.py:188} INFO - [2026-01-14T08:09:20.804+0000] {dag.py:3096} INFO - Sync 1 DAGs
[2026-01-14T08:09:20.819+0000] {logging_mixin.py:188} INFO - [2026-01-14T08:09:20.819+0000] {dag.py:3954} INFO - Setting next_dagrun for tutorial_objectstorage to None, run_after=None
[2026-01-14T08:09:20.841+0000] {processor.py:183} INFO - Processing /home/airflow/.local/lib/python3.12/site-packages/airflow/example_dags/tutorial_objectstorage.py took 0.079 seconds
[2026-01-14T08:09:51.266+0000] {processor.py:161} INFO - Started process (PID=5363) to work on /home/airflow/.local/lib/python3.12/site-packages/airflow/example_dags/tutorial_objectstorage.py
[2026-01-14T08:09:51.267+0000] {processor.py:830} INFO - Processing file /home/airflow/.local/lib/python3.12/site-packages/airflow/example_dags/tutorial_objectstorage.py for tasks to queue
[2026-01-14T08:09:51.268+0000] {logging_mixin.py:188} INFO - [2026-01-14T08:09:51.268+0000] {dagbag.py:545} INFO - Filling up the DagBag from /home/airflow/.local/lib/python3.12/site-packages/airflow/example_dags/tutorial_objectstorage.py
[2026-01-14T08:09:51.276+0000] {processor.py:840} INFO - DAG(s) 'tutorial_objectstorage' retrieved from /home/airflow/.local/lib/python3.12/site-packages/airflow/example_dags/tutorial_objectstorage.py
[2026-01-14T08:09:51.306+0000] {logging_mixin.py:188} INFO - [2026-01-14T08:09:51.306+0000] {dag.py:3096} INFO - Sync 1 DAGs
[2026-01-14T08:09:51.321+0000] {logging_mixin.py:188} INFO - [2026-01-14T08:09:51.321+0000] {dag.py:3954} INFO - Setting next_dagrun for tutorial_objectstorage to None, run_after=None
[2026-01-14T08:09:51.347+0000] {processor.py:183} INFO - Processing /home/airflow/.local/lib/python3.12/site-packages/airflow/example_dags/tutorial_objectstorage.py took 0.087 seconds
[2026-01-14T08:10:21.564+0000] {processor.py:161} INFO - Started process (PID=5622) to work on /home/airflow/.local/lib/python3.12/site-packages/airflow/example_dags/tutorial_objectstorage.py
[2026-01-14T08:10:21.565+0000] {processor.py:830} INFO - Processing file /home/airflow/.local/lib/python3.12/site-packages/airflow/example_dags/tutorial_objectstorage.py for tasks to queue
[2026-01-14T08:10:21.568+0000] {logging_mixin.py:188} INFO - [2026-01-14T08:10:21.567+0000] {dagbag.py:545} INFO - Filling up the DagBag from /home/airflow/.local/lib/python3.12/site-packages/airflow/example_dags/tutorial_objectstorage.py
[2026-01-14T08:10:21.576+0000] {processor.py:840} INFO - DAG(s) 'tutorial_objectstorage' retrieved from /home/airflow/.local/lib/python3.12/site-packages/airflow/example_dags/tutorial_objectstorage.py
[2026-01-14T08:10:21.603+0000] {logging_mixin.py:188} INFO - [2026-01-14T08:10:21.602+0000] {dag.py:3096} INFO - Sync 1 DAGs
[2026-01-14T08:10:21.616+0000] {logging_mixin.py:188} INFO - [2026-01-14T08:10:21.616+0000] {dag.py:3954} INFO - Setting next_dagrun for tutorial_objectstorage to None, run_after=None
[2026-01-14T08:10:21.636+0000] {processor.py:183} INFO - Processing /home/airflow/.local/lib/python3.12/site-packages/airflow/example_dags/tutorial_objectstorage.py took 0.079 seconds
[2026-01-14T08:10:51.740+0000] {processor.py:161} INFO - Started process (PID=5883) to work on /home/airflow/.local/lib/python3.12/site-packages/airflow/example_dags/tutorial_objectstorage.py
[2026-01-14T08:10:51.741+0000] {processor.py:830} INFO - Processing file /home/airflow/.local/lib/python3.12/site-packages/airflow/example_dags/tutorial_objectstorage.py for tasks to queue
[2026-01-14T08:10:51.743+0000] {logging_mixin.py:188} INFO - [2026-01-14T08:10:51.743+0000] {dagbag.py:545} INFO - Filling up the DagBag from /home/airflow/.local/lib/python3.12/site-packages/airflow/example_dags/tutorial_objectstorage.py
[2026-01-14T08:10:51.751+0000] {processor.py:840} INFO - DAG(s) 'tutorial_objectstorage' retrieved from /home/airflow/.local/lib/python3.12/site-packages/airflow/example_dags/tutorial_objectstorage.py
[2026-01-14T08:10:51.777+0000] {logging_mixin.py:188} INFO - [2026-01-14T08:10:51.776+0000] {dag.py:3096} INFO - Sync 1 DAGs
[2026-01-14T08:10:51.792+0000] {logging_mixin.py:188} INFO - [2026-01-14T08:10:51.791+0000] {dag.py:3954} INFO - Setting next_dagrun for tutorial_objectstorage to None, run_after=None
[2026-01-14T08:10:51.815+0000] {processor.py:183} INFO - Processing /home/airflow/.local/lib/python3.12/site-packages/airflow/example_dags/tutorial_objectstorage.py took 0.080 seconds
[2026-01-14T08:11:22.227+0000] {processor.py:161} INFO - Started process (PID=6146) to work on /home/airflow/.local/lib/python3.12/site-packages/airflow/example_dags/tutorial_objectstorage.py
[2026-01-14T08:11:22.228+0000] {processor.py:830} INFO - Processing file /home/airflow/.local/lib/python3.12/site-packages/airflow/example_dags/tutorial_objectstorage.py for tasks to queue
[2026-01-14T08:11:22.231+0000] {logging_mixin.py:188} INFO - [2026-01-14T08:11:22.231+0000] {dagbag.py:545} INFO - Filling up the DagBag from /home/airflow/.local/lib/python3.12/site-packages/airflow/example_dags/tutorial_objectstorage.py
[2026-01-14T08:11:22.239+0000] {processor.py:840} INFO - DAG(s) 'tutorial_objectstorage' retrieved from /home/airflow/.local/lib/python3.12/site-packages/airflow/example_dags/tutorial_objectstorage.py
[2026-01-14T08:11:22.261+0000] {logging_mixin.py:188} INFO - [2026-01-14T08:11:22.261+0000] {dag.py:3096} INFO - Sync 1 DAGs
[2026-01-14T08:11:22.276+0000] {logging_mixin.py:188} INFO - [2026-01-14T08:11:22.275+0000] {dag.py:3954} INFO - Setting next_dagrun for tutorial_objectstorage to None, run_after=None
[2026-01-14T08:11:22.297+0000] {processor.py:183} INFO - Processing /home/airflow/.local/lib/python3.12/site-packages/airflow/example_dags/tutorial_objectstorage.py took 0.076 seconds
[2026-01-14T08:11:52.585+0000] {processor.py:161} INFO - Started process (PID=6407) to work on /home/airflow/.local/lib/python3.12/site-packages/airflow/example_dags/tutorial_objectstorage.py
[2026-01-14T08:11:52.586+0000] {processor.py:830} INFO - Processing file /home/airflow/.local/lib/python3.12/site-packages/airflow/example_dags/tutorial_objectstorage.py for tasks to queue
[2026-01-14T08:11:52.588+0000] {logging_mixin.py:188} INFO - [2026-01-14T08:11:52.587+0000] {dagbag.py:545} INFO - Filling up the DagBag from /home/airflow/.local/lib/python3.12/site-packages/airflow/example_dags/tutorial_objectstorage.py
[2026-01-14T08:11:52.595+0000] {processor.py:840} INFO - DAG(s) 'tutorial_objectstorage' retrieved from /home/airflow/.local/lib/python3.12/site-packages/airflow/example_dags/tutorial_objectstorage.py
[2026-01-14T08:11:52.619+0000] {logging_mixin.py:188} INFO - [2026-01-14T08:11:52.618+0000] {dag.py:3096} INFO - Sync 1 DAGs
[2026-01-14T08:11:52.632+0000] {logging_mixin.py:188} INFO - [2026-01-14T08:11:52.632+0000] {dag.py:3954} INFO - Setting next_dagrun for tutorial_objectstorage to None, run_after=None
[2026-01-14T08:11:52.652+0000] {processor.py:183} INFO - Processing /home/airflow/.local/lib/python3.12/site-packages/airflow/example_dags/tutorial_objectstorage.py took 0.073 seconds
[2026-01-14T08:12:23.229+0000] {processor.py:161} INFO - Started process (PID=6666) to work on /home/airflow/.local/lib/python3.12/site-packages/airflow/example_dags/tutorial_objectstorage.py
[2026-01-14T08:12:23.230+0000] {processor.py:830} INFO - Processing file /home/airflow/.local/lib/python3.12/site-packages/airflow/example_dags/tutorial_objectstorage.py for tasks to queue
[2026-01-14T08:12:23.232+0000] {logging_mixin.py:188} INFO - [2026-01-14T08:12:23.232+0000] {dagbag.py:545} INFO - Filling up the DagBag from /home/airflow/.local/lib/python3.12/site-packages/airflow/example_dags/tutorial_objectstorage.py
[2026-01-14T08:12:23.243+0000] {processor.py:840} INFO - DAG(s) 'tutorial_objectstorage' retrieved from /home/airflow/.local/lib/python3.12/site-packages/airflow/example_dags/tutorial_objectstorage.py
[2026-01-14T08:12:23.272+0000] {logging_mixin.py:188} INFO - [2026-01-14T08:12:23.271+0000] {dag.py:3096} INFO - Sync 1 DAGs
[2026-01-14T08:12:23.291+0000] {logging_mixin.py:188} INFO - [2026-01-14T08:12:23.291+0000] {dag.py:3954} INFO - Setting next_dagrun for tutorial_objectstorage to None, run_after=None
[2026-01-14T08:12:23.316+0000] {processor.py:183} INFO - Processing /home/airflow/.local/lib/python3.12/site-packages/airflow/example_dags/tutorial_objectstorage.py took 0.094 seconds
[2026-01-14T08:12:54.218+0000] {processor.py:161} INFO - Started process (PID=6927) to work on /home/airflow/.local/lib/python3.12/site-packages/airflow/example_dags/tutorial_objectstorage.py
[2026-01-14T08:12:54.219+0000] {processor.py:830} INFO - Processing file /home/airflow/.local/lib/python3.12/site-packages/airflow/example_dags/tutorial_objectstorage.py for tasks to queue
[2026-01-14T08:12:54.221+0000] {logging_mixin.py:188} INFO - [2026-01-14T08:12:54.220+0000] {dagbag.py:545} INFO - Filling up the DagBag from /home/airflow/.local/lib/python3.12/site-packages/airflow/example_dags/tutorial_objectstorage.py
[2026-01-14T08:12:54.230+0000] {processor.py:840} INFO - DAG(s) 'tutorial_objectstorage' retrieved from /home/airflow/.local/lib/python3.12/site-packages/airflow/example_dags/tutorial_objectstorage.py
[2026-01-14T08:12:54.257+0000] {logging_mixin.py:188} INFO - [2026-01-14T08:12:54.257+0000] {dag.py:3096} INFO - Sync 1 DAGs
[2026-01-14T08:12:54.272+0000] {logging_mixin.py:188} INFO - [2026-01-14T08:12:54.272+0000] {dag.py:3954} INFO - Setting next_dagrun for tutorial_objectstorage to None, run_after=None
[2026-01-14T08:12:54.296+0000] {processor.py:183} INFO - Processing /home/airflow/.local/lib/python3.12/site-packages/airflow/example_dags/tutorial_objectstorage.py took 0.085 seconds
[2026-01-14T08:13:24.642+0000] {processor.py:161} INFO - Started process (PID=7188) to work on /home/airflow/.local/lib/python3.12/site-packages/airflow/example_dags/tutorial_objectstorage.py
[2026-01-14T08:13:24.643+0000] {processor.py:830} INFO - Processing file /home/airflow/.local/lib/python3.12/site-packages/airflow/example_dags/tutorial_objectstorage.py for tasks to queue
[2026-01-14T08:13:24.645+0000] {logging_mixin.py:188} INFO - [2026-01-14T08:13:24.645+0000] {dagbag.py:545} INFO - Filling up the DagBag from /home/airflow/.local/lib/python3.12/site-packages/airflow/example_dags/tutorial_objectstorage.py
[2026-01-14T08:13:24.655+0000] {processor.py:840} INFO - DAG(s) 'tutorial_objectstorage' retrieved from /home/airflow/.local/lib/python3.12/site-packages/airflow/example_dags/tutorial_objectstorage.py
[2026-01-14T08:13:24.683+0000] {logging_mixin.py:188} INFO - [2026-01-14T08:13:24.682+0000] {dag.py:3096} INFO - Sync 1 DAGs
[2026-01-14T08:13:24.700+0000] {logging_mixin.py:188} INFO - [2026-01-14T08:13:24.700+0000] {dag.py:3954} INFO - Setting next_dagrun for tutorial_objectstorage to None, run_after=None
[2026-01-14T08:13:24.724+0000] {processor.py:183} INFO - Processing /home/airflow/.local/lib/python3.12/site-packages/airflow/example_dags/tutorial_objectstorage.py took 0.089 seconds
[2026-01-14T09:27:40.443+0000] {processor.py:161} INFO - Started process (PID=7447) to work on /home/airflow/.local/lib/python3.12/site-packages/airflow/example_dags/tutorial_objectstorage.py
[2026-01-14T09:27:40.481+0000] {processor.py:830} INFO - Processing file /home/airflow/.local/lib/python3.12/site-packages/airflow/example_dags/tutorial_objectstorage.py for tasks to queue
[2026-01-14T09:27:40.498+0000] {logging_mixin.py:188} INFO - [2026-01-14T09:27:40.496+0000] {dagbag.py:545} INFO - Filling up the DagBag from /home/airflow/.local/lib/python3.12/site-packages/airflow/example_dags/tutorial_objectstorage.py
[2026-01-14T09:27:40.544+0000] {processor.py:840} INFO - DAG(s) 'tutorial_objectstorage' retrieved from /home/airflow/.local/lib/python3.12/site-packages/airflow/example_dags/tutorial_objectstorage.py
[2026-01-14T09:27:40.681+0000] {logging_mixin.py:188} INFO - [2026-01-14T09:27:40.680+0000] {dag.py:3096} INFO - Sync 1 DAGs
[2026-01-14T09:27:40.852+0000] {logging_mixin.py:188} INFO - [2026-01-14T09:27:40.851+0000] {dag.py:3954} INFO - Setting next_dagrun for tutorial_objectstorage to None, run_after=None
[2026-01-14T09:27:40.996+0000] {processor.py:183} INFO - Processing /home/airflow/.local/lib/python3.12/site-packages/airflow/example_dags/tutorial_objectstorage.py took 0.599 seconds
[2026-01-14T09:28:11.841+0000] {processor.py:161} INFO - Started process (PID=7710) to work on /home/airflow/.local/lib/python3.12/site-packages/airflow/example_dags/tutorial_objectstorage.py
[2026-01-14T09:28:11.842+0000] {processor.py:830} INFO - Processing file /home/airflow/.local/lib/python3.12/site-packages/airflow/example_dags/tutorial_objectstorage.py for tasks to queue
[2026-01-14T09:28:11.844+0000] {logging_mixin.py:188} INFO - [2026-01-14T09:28:11.844+0000] {dagbag.py:545} INFO - Filling up the DagBag from /home/airflow/.local/lib/python3.12/site-packages/airflow/example_dags/tutorial_objectstorage.py
[2026-01-14T09:28:11.851+0000] {processor.py:840} INFO - DAG(s) 'tutorial_objectstorage' retrieved from /home/airflow/.local/lib/python3.12/site-packages/airflow/example_dags/tutorial_objectstorage.py
[2026-01-14T09:28:11.876+0000] {logging_mixin.py:188} INFO - [2026-01-14T09:28:11.876+0000] {dag.py:3096} INFO - Sync 1 DAGs
[2026-01-14T09:28:11.893+0000] {logging_mixin.py:188} INFO - [2026-01-14T09:28:11.892+0000] {dag.py:3954} INFO - Setting next_dagrun for tutorial_objectstorage to None, run_after=None
[2026-01-14T09:28:11.917+0000] {processor.py:183} INFO - Processing /home/airflow/.local/lib/python3.12/site-packages/airflow/example_dags/tutorial_objectstorage.py took 0.083 seconds
[2026-01-14T09:28:42.506+0000] {processor.py:161} INFO - Started process (PID=7971) to work on /home/airflow/.local/lib/python3.12/site-packages/airflow/example_dags/tutorial_objectstorage.py
[2026-01-14T09:28:42.507+0000] {processor.py:830} INFO - Processing file /home/airflow/.local/lib/python3.12/site-packages/airflow/example_dags/tutorial_objectstorage.py for tasks to queue
[2026-01-14T09:28:42.509+0000] {logging_mixin.py:188} INFO - [2026-01-14T09:28:42.509+0000] {dagbag.py:545} INFO - Filling up the DagBag from /home/airflow/.local/lib/python3.12/site-packages/airflow/example_dags/tutorial_objectstorage.py
[2026-01-14T09:28:42.516+0000] {processor.py:840} INFO - DAG(s) 'tutorial_objectstorage' retrieved from /home/airflow/.local/lib/python3.12/site-packages/airflow/example_dags/tutorial_objectstorage.py
[2026-01-14T09:28:42.543+0000] {logging_mixin.py:188} INFO - [2026-01-14T09:28:42.542+0000] {dag.py:3096} INFO - Sync 1 DAGs
[2026-01-14T09:28:42.558+0000] {logging_mixin.py:188} INFO - [2026-01-14T09:28:42.558+0000] {dag.py:3954} INFO - Setting next_dagrun for tutorial_objectstorage to None, run_after=None
[2026-01-14T09:28:42.579+0000] {processor.py:183} INFO - Processing /home/airflow/.local/lib/python3.12/site-packages/airflow/example_dags/tutorial_objectstorage.py took 0.080 seconds
[2026-01-14T09:29:12.810+0000] {processor.py:161} INFO - Started process (PID=8232) to work on /home/airflow/.local/lib/python3.12/site-packages/airflow/example_dags/tutorial_objectstorage.py
[2026-01-14T09:29:12.811+0000] {processor.py:830} INFO - Processing file /home/airflow/.local/lib/python3.12/site-packages/airflow/example_dags/tutorial_objectstorage.py for tasks to queue
[2026-01-14T09:29:12.813+0000] {logging_mixin.py:188} INFO - [2026-01-14T09:29:12.813+0000] {dagbag.py:545} INFO - Filling up the DagBag from /home/airflow/.local/lib/python3.12/site-packages/airflow/example_dags/tutorial_objectstorage.py
[2026-01-14T09:29:12.821+0000] {processor.py:840} INFO - DAG(s) 'tutorial_objectstorage' retrieved from /home/airflow/.local/lib/python3.12/site-packages/airflow/example_dags/tutorial_objectstorage.py
[2026-01-14T09:29:12.852+0000] {logging_mixin.py:188} INFO - [2026-01-14T09:29:12.851+0000] {dag.py:3096} INFO - Sync 1 DAGs
[2026-01-14T09:29:12.870+0000] {logging_mixin.py:188} INFO - [2026-01-14T09:29:12.870+0000] {dag.py:3954} INFO - Setting next_dagrun for tutorial_objectstorage to None, run_after=None
[2026-01-14T09:29:12.895+0000] {processor.py:183} INFO - Processing /home/airflow/.local/lib/python3.12/site-packages/airflow/example_dags/tutorial_objectstorage.py took 0.092 seconds
[2026-01-14T09:29:43.575+0000] {processor.py:161} INFO - Started process (PID=8493) to work on /home/airflow/.local/lib/python3.12/site-packages/airflow/example_dags/tutorial_objectstorage.py
[2026-01-14T09:29:43.576+0000] {processor.py:830} INFO - Processing file /home/airflow/.local/lib/python3.12/site-packages/airflow/example_dags/tutorial_objectstorage.py for tasks to queue
[2026-01-14T09:29:43.578+0000] {logging_mixin.py:188} INFO - [2026-01-14T09:29:43.578+0000] {dagbag.py:545} INFO - Filling up the DagBag from /home/airflow/.local/lib/python3.12/site-packages/airflow/example_dags/tutorial_objectstorage.py
[2026-01-14T09:29:43.588+0000] {processor.py:840} INFO - DAG(s) 'tutorial_objectstorage' retrieved from /home/airflow/.local/lib/python3.12/site-packages/airflow/example_dags/tutorial_objectstorage.py
[2026-01-14T09:29:43.620+0000] {logging_mixin.py:188} INFO - [2026-01-14T09:29:43.620+0000] {dag.py:3096} INFO - Sync 1 DAGs
[2026-01-14T09:29:43.638+0000] {logging_mixin.py:188} INFO - [2026-01-14T09:29:43.637+0000] {dag.py:3954} INFO - Setting next_dagrun for tutorial_objectstorage to None, run_after=None
[2026-01-14T09:29:43.663+0000] {processor.py:183} INFO - Processing /home/airflow/.local/lib/python3.12/site-packages/airflow/example_dags/tutorial_objectstorage.py took 0.095 seconds
[2026-01-14T09:30:13.810+0000] {processor.py:161} INFO - Started process (PID=8754) to work on /home/airflow/.local/lib/python3.12/site-packages/airflow/example_dags/tutorial_objectstorage.py
[2026-01-14T09:30:13.811+0000] {processor.py:830} INFO - Processing file /home/airflow/.local/lib/python3.12/site-packages/airflow/example_dags/tutorial_objectstorage.py for tasks to queue
[2026-01-14T09:30:13.814+0000] {logging_mixin.py:188} INFO - [2026-01-14T09:30:13.813+0000] {dagbag.py:545} INFO - Filling up the DagBag from /home/airflow/.local/lib/python3.12/site-packages/airflow/example_dags/tutorial_objectstorage.py
[2026-01-14T09:30:13.823+0000] {processor.py:840} INFO - DAG(s) 'tutorial_objectstorage' retrieved from /home/airflow/.local/lib/python3.12/site-packages/airflow/example_dags/tutorial_objectstorage.py
[2026-01-14T09:30:13.856+0000] {logging_mixin.py:188} INFO - [2026-01-14T09:30:13.855+0000] {dag.py:3096} INFO - Sync 1 DAGs
[2026-01-14T09:30:13.874+0000] {logging_mixin.py:188} INFO - [2026-01-14T09:30:13.873+0000] {dag.py:3954} INFO - Setting next_dagrun for tutorial_objectstorage to None, run_after=None
[2026-01-14T09:30:13.903+0000] {processor.py:183} INFO - Processing /home/airflow/.local/lib/python3.12/site-packages/airflow/example_dags/tutorial_objectstorage.py took 0.099 seconds
[2026-01-14T09:30:44.523+0000] {processor.py:161} INFO - Started process (PID=9009) to work on /home/airflow/.local/lib/python3.12/site-packages/airflow/example_dags/tutorial_objectstorage.py
[2026-01-14T09:30:44.526+0000] {processor.py:830} INFO - Processing file /home/airflow/.local/lib/python3.12/site-packages/airflow/example_dags/tutorial_objectstorage.py for tasks to queue
[2026-01-14T09:30:44.529+0000] {logging_mixin.py:188} INFO - [2026-01-14T09:30:44.528+0000] {dagbag.py:545} INFO - Filling up the DagBag from /home/airflow/.local/lib/python3.12/site-packages/airflow/example_dags/tutorial_objectstorage.py
[2026-01-14T09:30:44.542+0000] {processor.py:840} INFO - DAG(s) 'tutorial_objectstorage' retrieved from /home/airflow/.local/lib/python3.12/site-packages/airflow/example_dags/tutorial_objectstorage.py
[2026-01-14T09:30:44.580+0000] {logging_mixin.py:188} INFO - [2026-01-14T09:30:44.580+0000] {dag.py:3096} INFO - Sync 1 DAGs
[2026-01-14T09:30:44.603+0000] {logging_mixin.py:188} INFO - [2026-01-14T09:30:44.602+0000] {dag.py:3954} INFO - Setting next_dagrun for tutorial_objectstorage to None, run_after=None
[2026-01-14T09:30:44.632+0000] {processor.py:183} INFO - Processing /home/airflow/.local/lib/python3.12/site-packages/airflow/example_dags/tutorial_objectstorage.py took 0.118 seconds
[2026-01-14T09:31:25.976+0000] {processor.py:161} INFO - Started process (PID=9268) to work on /home/airflow/.local/lib/python3.12/site-packages/airflow/example_dags/tutorial_objectstorage.py
[2026-01-14T09:31:25.977+0000] {processor.py:830} INFO - Processing file /home/airflow/.local/lib/python3.12/site-packages/airflow/example_dags/tutorial_objectstorage.py for tasks to queue
[2026-01-14T09:31:25.980+0000] {logging_mixin.py:188} INFO - [2026-01-14T09:31:25.980+0000] {dagbag.py:545} INFO - Filling up the DagBag from /home/airflow/.local/lib/python3.12/site-packages/airflow/example_dags/tutorial_objectstorage.py
[2026-01-14T09:31:25.990+0000] {processor.py:840} INFO - DAG(s) 'tutorial_objectstorage' retrieved from /home/airflow/.local/lib/python3.12/site-packages/airflow/example_dags/tutorial_objectstorage.py
[2026-01-14T09:31:26.024+0000] {logging_mixin.py:188} INFO - [2026-01-14T09:31:26.024+0000] {dag.py:3096} INFO - Sync 1 DAGs
[2026-01-14T09:31:26.044+0000] {logging_mixin.py:188} INFO - [2026-01-14T09:31:26.044+0000] {dag.py:3954} INFO - Setting next_dagrun for tutorial_objectstorage to None, run_after=None
[2026-01-14T09:31:26.074+0000] {processor.py:183} INFO - Processing /home/airflow/.local/lib/python3.12/site-packages/airflow/example_dags/tutorial_objectstorage.py took 0.105 seconds
[2026-01-14T09:31:56.292+0000] {processor.py:161} INFO - Started process (PID=9529) to work on /home/airflow/.local/lib/python3.12/site-packages/airflow/example_dags/tutorial_objectstorage.py
[2026-01-14T09:31:56.293+0000] {processor.py:830} INFO - Processing file /home/airflow/.local/lib/python3.12/site-packages/airflow/example_dags/tutorial_objectstorage.py for tasks to queue
[2026-01-14T09:31:56.296+0000] {logging_mixin.py:188} INFO - [2026-01-14T09:31:56.296+0000] {dagbag.py:545} INFO - Filling up the DagBag from /home/airflow/.local/lib/python3.12/site-packages/airflow/example_dags/tutorial_objectstorage.py
[2026-01-14T09:31:56.311+0000] {processor.py:840} INFO - DAG(s) 'tutorial_objectstorage' retrieved from /home/airflow/.local/lib/python3.12/site-packages/airflow/example_dags/tutorial_objectstorage.py
[2026-01-14T09:31:56.344+0000] {logging_mixin.py:188} INFO - [2026-01-14T09:31:56.344+0000] {dag.py:3096} INFO - Sync 1 DAGs
[2026-01-14T09:31:56.367+0000] {logging_mixin.py:188} INFO - [2026-01-14T09:31:56.367+0000] {dag.py:3954} INFO - Setting next_dagrun for tutorial_objectstorage to None, run_after=None
[2026-01-14T09:31:56.400+0000] {processor.py:183} INFO - Processing /home/airflow/.local/lib/python3.12/site-packages/airflow/example_dags/tutorial_objectstorage.py took 0.116 seconds
[2026-01-14T09:32:27.495+0000] {processor.py:161} INFO - Started process (PID=9790) to work on /home/airflow/.local/lib/python3.12/site-packages/airflow/example_dags/tutorial_objectstorage.py
[2026-01-14T09:32:27.497+0000] {processor.py:830} INFO - Processing file /home/airflow/.local/lib/python3.12/site-packages/airflow/example_dags/tutorial_objectstorage.py for tasks to queue
[2026-01-14T09:32:27.499+0000] {logging_mixin.py:188} INFO - [2026-01-14T09:32:27.499+0000] {dagbag.py:545} INFO - Filling up the DagBag from /home/airflow/.local/lib/python3.12/site-packages/airflow/example_dags/tutorial_objectstorage.py
[2026-01-14T09:32:27.510+0000] {processor.py:840} INFO - DAG(s) 'tutorial_objectstorage' retrieved from /home/airflow/.local/lib/python3.12/site-packages/airflow/example_dags/tutorial_objectstorage.py
[2026-01-14T09:32:27.542+0000] {logging_mixin.py:188} INFO - [2026-01-14T09:32:27.542+0000] {dag.py:3096} INFO - Sync 1 DAGs
[2026-01-14T09:32:27.563+0000] {logging_mixin.py:188} INFO - [2026-01-14T09:32:27.563+0000] {dag.py:3954} INFO - Setting next_dagrun for tutorial_objectstorage to None, run_after=None
[2026-01-14T09:32:27.592+0000] {processor.py:183} INFO - Processing /home/airflow/.local/lib/python3.12/site-packages/airflow/example_dags/tutorial_objectstorage.py took 0.106 seconds
[2026-01-14T09:32:59.735+0000] {processor.py:161} INFO - Started process (PID=10051) to work on /home/airflow/.local/lib/python3.12/site-packages/airflow/example_dags/tutorial_objectstorage.py
[2026-01-14T09:32:59.736+0000] {processor.py:830} INFO - Processing file /home/airflow/.local/lib/python3.12/site-packages/airflow/example_dags/tutorial_objectstorage.py for tasks to queue
[2026-01-14T09:32:59.738+0000] {logging_mixin.py:188} INFO - [2026-01-14T09:32:59.738+0000] {dagbag.py:545} INFO - Filling up the DagBag from /home/airflow/.local/lib/python3.12/site-packages/airflow/example_dags/tutorial_objectstorage.py
[2026-01-14T09:32:59.930+0000] {processor.py:840} INFO - DAG(s) 'tutorial_objectstorage' retrieved from /home/airflow/.local/lib/python3.12/site-packages/airflow/example_dags/tutorial_objectstorage.py
[2026-01-14T09:32:59.959+0000] {logging_mixin.py:188} INFO - [2026-01-14T09:32:59.958+0000] {dag.py:3096} INFO - Sync 1 DAGs
[2026-01-14T09:32:59.976+0000] {logging_mixin.py:188} INFO - [2026-01-14T09:32:59.975+0000] {dag.py:3954} INFO - Setting next_dagrun for tutorial_objectstorage to None, run_after=None
[2026-01-14T09:33:00.003+0000] {processor.py:183} INFO - Processing /home/airflow/.local/lib/python3.12/site-packages/airflow/example_dags/tutorial_objectstorage.py took 0.278 seconds
[2026-01-14T09:33:30.960+0000] {processor.py:161} INFO - Started process (PID=10312) to work on /home/airflow/.local/lib/python3.12/site-packages/airflow/example_dags/tutorial_objectstorage.py
[2026-01-14T09:33:30.962+0000] {processor.py:830} INFO - Processing file /home/airflow/.local/lib/python3.12/site-packages/airflow/example_dags/tutorial_objectstorage.py for tasks to queue
[2026-01-14T09:33:30.965+0000] {logging_mixin.py:188} INFO - [2026-01-14T09:33:30.964+0000] {dagbag.py:545} INFO - Filling up the DagBag from /home/airflow/.local/lib/python3.12/site-packages/airflow/example_dags/tutorial_objectstorage.py
[2026-01-14T09:33:30.976+0000] {processor.py:840} INFO - DAG(s) 'tutorial_objectstorage' retrieved from /home/airflow/.local/lib/python3.12/site-packages/airflow/example_dags/tutorial_objectstorage.py
[2026-01-14T09:33:31.011+0000] {logging_mixin.py:188} INFO - [2026-01-14T09:33:31.011+0000] {dag.py:3096} INFO - Sync 1 DAGs
[2026-01-14T09:33:31.032+0000] {logging_mixin.py:188} INFO - [2026-01-14T09:33:31.032+0000] {dag.py:3954} INFO - Setting next_dagrun for tutorial_objectstorage to None, run_after=None
[2026-01-14T09:33:31.063+0000] {processor.py:183} INFO - Processing /home/airflow/.local/lib/python3.12/site-packages/airflow/example_dags/tutorial_objectstorage.py took 0.112 seconds
[2026-01-14T09:34:01.634+0000] {processor.py:161} INFO - Started process (PID=10573) to work on /home/airflow/.local/lib/python3.12/site-packages/airflow/example_dags/tutorial_objectstorage.py
[2026-01-14T09:34:01.635+0000] {processor.py:830} INFO - Processing file /home/airflow/.local/lib/python3.12/site-packages/airflow/example_dags/tutorial_objectstorage.py for tasks to queue
[2026-01-14T09:34:01.638+0000] {logging_mixin.py:188} INFO - [2026-01-14T09:34:01.638+0000] {dagbag.py:545} INFO - Filling up the DagBag from /home/airflow/.local/lib/python3.12/site-packages/airflow/example_dags/tutorial_objectstorage.py
[2026-01-14T09:34:01.650+0000] {processor.py:840} INFO - DAG(s) 'tutorial_objectstorage' retrieved from /home/airflow/.local/lib/python3.12/site-packages/airflow/example_dags/tutorial_objectstorage.py
[2026-01-14T09:34:01.686+0000] {logging_mixin.py:188} INFO - [2026-01-14T09:34:01.686+0000] {dag.py:3096} INFO - Sync 1 DAGs
[2026-01-14T09:34:01.707+0000] {logging_mixin.py:188} INFO - [2026-01-14T09:34:01.706+0000] {dag.py:3954} INFO - Setting next_dagrun for tutorial_objectstorage to None, run_after=None
[2026-01-14T09:34:01.736+0000] {processor.py:183} INFO - Processing /home/airflow/.local/lib/python3.12/site-packages/airflow/example_dags/tutorial_objectstorage.py took 0.111 seconds
[2026-01-14T09:34:32.107+0000] {processor.py:161} INFO - Started process (PID=10834) to work on /home/airflow/.local/lib/python3.12/site-packages/airflow/example_dags/tutorial_objectstorage.py
[2026-01-14T09:34:32.109+0000] {processor.py:830} INFO - Processing file /home/airflow/.local/lib/python3.12/site-packages/airflow/example_dags/tutorial_objectstorage.py for tasks to queue
[2026-01-14T09:34:32.111+0000] {logging_mixin.py:188} INFO - [2026-01-14T09:34:32.111+0000] {dagbag.py:545} INFO - Filling up the DagBag from /home/airflow/.local/lib/python3.12/site-packages/airflow/example_dags/tutorial_objectstorage.py
[2026-01-14T09:34:32.122+0000] {processor.py:840} INFO - DAG(s) 'tutorial_objectstorage' retrieved from /home/airflow/.local/lib/python3.12/site-packages/airflow/example_dags/tutorial_objectstorage.py
[2026-01-14T09:34:32.161+0000] {logging_mixin.py:188} INFO - [2026-01-14T09:34:32.160+0000] {dag.py:3096} INFO - Sync 1 DAGs
[2026-01-14T09:34:32.186+0000] {logging_mixin.py:188} INFO - [2026-01-14T09:34:32.185+0000] {dag.py:3954} INFO - Setting next_dagrun for tutorial_objectstorage to None, run_after=None
[2026-01-14T09:34:32.221+0000] {processor.py:183} INFO - Processing /home/airflow/.local/lib/python3.12/site-packages/airflow/example_dags/tutorial_objectstorage.py took 0.122 seconds
[2026-01-14T09:35:02.491+0000] {processor.py:161} INFO - Started process (PID=11095) to work on /home/airflow/.local/lib/python3.12/site-packages/airflow/example_dags/tutorial_objectstorage.py
[2026-01-14T09:35:02.492+0000] {processor.py:830} INFO - Processing file /home/airflow/.local/lib/python3.12/site-packages/airflow/example_dags/tutorial_objectstorage.py for tasks to queue
[2026-01-14T09:35:02.496+0000] {logging_mixin.py:188} INFO - [2026-01-14T09:35:02.496+0000] {dagbag.py:545} INFO - Filling up the DagBag from /home/airflow/.local/lib/python3.12/site-packages/airflow/example_dags/tutorial_objectstorage.py
[2026-01-14T09:35:02.507+0000] {processor.py:840} INFO - DAG(s) 'tutorial_objectstorage' retrieved from /home/airflow/.local/lib/python3.12/site-packages/airflow/example_dags/tutorial_objectstorage.py
[2026-01-14T09:35:02.541+0000] {logging_mixin.py:188} INFO - [2026-01-14T09:35:02.540+0000] {dag.py:3096} INFO - Sync 1 DAGs
[2026-01-14T09:35:02.570+0000] {logging_mixin.py:188} INFO - [2026-01-14T09:35:02.569+0000] {dag.py:3954} INFO - Setting next_dagrun for tutorial_objectstorage to None, run_after=None
[2026-01-14T09:35:02.598+0000] {processor.py:183} INFO - Processing /home/airflow/.local/lib/python3.12/site-packages/airflow/example_dags/tutorial_objectstorage.py took 0.117 seconds
[2026-01-14T10:03:21.460+0000] {processor.py:161} INFO - Started process (PID=11356) to work on /home/airflow/.local/lib/python3.12/site-packages/airflow/example_dags/tutorial_objectstorage.py
[2026-01-14T10:03:21.462+0000] {processor.py:830} INFO - Processing file /home/airflow/.local/lib/python3.12/site-packages/airflow/example_dags/tutorial_objectstorage.py for tasks to queue
[2026-01-14T10:03:21.464+0000] {logging_mixin.py:188} INFO - [2026-01-14T10:03:21.464+0000] {dagbag.py:545} INFO - Filling up the DagBag from /home/airflow/.local/lib/python3.12/site-packages/airflow/example_dags/tutorial_objectstorage.py
[2026-01-14T10:03:21.475+0000] {processor.py:840} INFO - DAG(s) 'tutorial_objectstorage' retrieved from /home/airflow/.local/lib/python3.12/site-packages/airflow/example_dags/tutorial_objectstorage.py
[2026-01-14T10:03:21.510+0000] {logging_mixin.py:188} INFO - [2026-01-14T10:03:21.510+0000] {dag.py:3096} INFO - Sync 1 DAGs
[2026-01-14T10:03:21.533+0000] {logging_mixin.py:188} INFO - [2026-01-14T10:03:21.532+0000] {dag.py:3954} INFO - Setting next_dagrun for tutorial_objectstorage to None, run_after=None
[2026-01-14T10:03:21.568+0000] {processor.py:183} INFO - Processing /home/airflow/.local/lib/python3.12/site-packages/airflow/example_dags/tutorial_objectstorage.py took 0.119 seconds
[2026-01-14T10:03:52.205+0000] {processor.py:161} INFO - Started process (PID=11617) to work on /home/airflow/.local/lib/python3.12/site-packages/airflow/example_dags/tutorial_objectstorage.py
[2026-01-14T10:03:52.207+0000] {processor.py:830} INFO - Processing file /home/airflow/.local/lib/python3.12/site-packages/airflow/example_dags/tutorial_objectstorage.py for tasks to queue
[2026-01-14T10:03:52.209+0000] {logging_mixin.py:188} INFO - [2026-01-14T10:03:52.209+0000] {dagbag.py:545} INFO - Filling up the DagBag from /home/airflow/.local/lib/python3.12/site-packages/airflow/example_dags/tutorial_objectstorage.py
[2026-01-14T10:03:52.218+0000] {processor.py:840} INFO - DAG(s) 'tutorial_objectstorage' retrieved from /home/airflow/.local/lib/python3.12/site-packages/airflow/example_dags/tutorial_objectstorage.py
[2026-01-14T10:03:52.249+0000] {logging_mixin.py:188} INFO - [2026-01-14T10:03:52.248+0000] {dag.py:3096} INFO - Sync 1 DAGs
[2026-01-14T10:03:52.269+0000] {logging_mixin.py:188} INFO - [2026-01-14T10:03:52.269+0000] {dag.py:3954} INFO - Setting next_dagrun for tutorial_objectstorage to None, run_after=None
[2026-01-14T10:03:52.297+0000] {processor.py:183} INFO - Processing /home/airflow/.local/lib/python3.12/site-packages/airflow/example_dags/tutorial_objectstorage.py took 0.099 seconds
[2026-01-14T10:04:22.596+0000] {processor.py:161} INFO - Started process (PID=11878) to work on /home/airflow/.local/lib/python3.12/site-packages/airflow/example_dags/tutorial_objectstorage.py
[2026-01-14T10:04:22.597+0000] {processor.py:830} INFO - Processing file /home/airflow/.local/lib/python3.12/site-packages/airflow/example_dags/tutorial_objectstorage.py for tasks to queue
[2026-01-14T10:04:22.599+0000] {logging_mixin.py:188} INFO - [2026-01-14T10:04:22.599+0000] {dagbag.py:545} INFO - Filling up the DagBag from /home/airflow/.local/lib/python3.12/site-packages/airflow/example_dags/tutorial_objectstorage.py
[2026-01-14T10:04:22.610+0000] {processor.py:840} INFO - DAG(s) 'tutorial_objectstorage' retrieved from /home/airflow/.local/lib/python3.12/site-packages/airflow/example_dags/tutorial_objectstorage.py
[2026-01-14T10:04:22.640+0000] {logging_mixin.py:188} INFO - [2026-01-14T10:04:22.639+0000] {dag.py:3096} INFO - Sync 1 DAGs
[2026-01-14T10:04:22.657+0000] {logging_mixin.py:188} INFO - [2026-01-14T10:04:22.656+0000] {dag.py:3954} INFO - Setting next_dagrun for tutorial_objectstorage to None, run_after=None
[2026-01-14T10:04:22.687+0000] {processor.py:183} INFO - Processing /home/airflow/.local/lib/python3.12/site-packages/airflow/example_dags/tutorial_objectstorage.py took 0.099 seconds
[2026-01-14T10:04:53.423+0000] {processor.py:161} INFO - Started process (PID=12141) to work on /home/airflow/.local/lib/python3.12/site-packages/airflow/example_dags/tutorial_objectstorage.py
[2026-01-14T10:04:53.425+0000] {processor.py:830} INFO - Processing file /home/airflow/.local/lib/python3.12/site-packages/airflow/example_dags/tutorial_objectstorage.py for tasks to queue
[2026-01-14T10:04:53.428+0000] {logging_mixin.py:188} INFO - [2026-01-14T10:04:53.427+0000] {dagbag.py:545} INFO - Filling up the DagBag from /home/airflow/.local/lib/python3.12/site-packages/airflow/example_dags/tutorial_objectstorage.py
[2026-01-14T10:04:53.437+0000] {processor.py:840} INFO - DAG(s) 'tutorial_objectstorage' retrieved from /home/airflow/.local/lib/python3.12/site-packages/airflow/example_dags/tutorial_objectstorage.py
[2026-01-14T10:04:53.468+0000] {logging_mixin.py:188} INFO - [2026-01-14T10:04:53.468+0000] {dag.py:3096} INFO - Sync 1 DAGs
[2026-01-14T10:04:53.486+0000] {logging_mixin.py:188} INFO - [2026-01-14T10:04:53.486+0000] {dag.py:3954} INFO - Setting next_dagrun for tutorial_objectstorage to None, run_after=None
[2026-01-14T10:04:53.515+0000] {processor.py:183} INFO - Processing /home/airflow/.local/lib/python3.12/site-packages/airflow/example_dags/tutorial_objectstorage.py took 0.100 seconds
[2026-01-14T10:05:23.996+0000] {processor.py:161} INFO - Started process (PID=12402) to work on /home/airflow/.local/lib/python3.12/site-packages/airflow/example_dags/tutorial_objectstorage.py
[2026-01-14T10:05:23.997+0000] {processor.py:830} INFO - Processing file /home/airflow/.local/lib/python3.12/site-packages/airflow/example_dags/tutorial_objectstorage.py for tasks to queue
[2026-01-14T10:05:24.000+0000] {logging_mixin.py:188} INFO - [2026-01-14T10:05:23.999+0000] {dagbag.py:545} INFO - Filling up the DagBag from /home/airflow/.local/lib/python3.12/site-packages/airflow/example_dags/tutorial_objectstorage.py
[2026-01-14T10:05:24.009+0000] {processor.py:840} INFO - DAG(s) 'tutorial_objectstorage' retrieved from /home/airflow/.local/lib/python3.12/site-packages/airflow/example_dags/tutorial_objectstorage.py
[2026-01-14T10:05:24.042+0000] {logging_mixin.py:188} INFO - [2026-01-14T10:05:24.041+0000] {dag.py:3096} INFO - Sync 1 DAGs
[2026-01-14T10:05:24.061+0000] {logging_mixin.py:188} INFO - [2026-01-14T10:05:24.061+0000] {dag.py:3954} INFO - Setting next_dagrun for tutorial_objectstorage to None, run_after=None
[2026-01-14T10:05:24.095+0000] {processor.py:183} INFO - Processing /home/airflow/.local/lib/python3.12/site-packages/airflow/example_dags/tutorial_objectstorage.py took 0.107 seconds
[2026-01-14T10:05:54.507+0000] {processor.py:161} INFO - Started process (PID=12661) to work on /home/airflow/.local/lib/python3.12/site-packages/airflow/example_dags/tutorial_objectstorage.py
[2026-01-14T10:05:54.509+0000] {processor.py:830} INFO - Processing file /home/airflow/.local/lib/python3.12/site-packages/airflow/example_dags/tutorial_objectstorage.py for tasks to queue
[2026-01-14T10:05:54.512+0000] {logging_mixin.py:188} INFO - [2026-01-14T10:05:54.511+0000] {dagbag.py:545} INFO - Filling up the DagBag from /home/airflow/.local/lib/python3.12/site-packages/airflow/example_dags/tutorial_objectstorage.py
[2026-01-14T10:05:54.521+0000] {processor.py:840} INFO - DAG(s) 'tutorial_objectstorage' retrieved from /home/airflow/.local/lib/python3.12/site-packages/airflow/example_dags/tutorial_objectstorage.py
[2026-01-14T10:05:54.552+0000] {logging_mixin.py:188} INFO - [2026-01-14T10:05:54.552+0000] {dag.py:3096} INFO - Sync 1 DAGs
[2026-01-14T10:05:54.571+0000] {logging_mixin.py:188} INFO - [2026-01-14T10:05:54.571+0000] {dag.py:3954} INFO - Setting next_dagrun for tutorial_objectstorage to None, run_after=None
[2026-01-14T10:05:54.602+0000] {processor.py:183} INFO - Processing /home/airflow/.local/lib/python3.12/site-packages/airflow/example_dags/tutorial_objectstorage.py took 0.102 seconds
[2026-01-14T10:06:25.240+0000] {processor.py:161} INFO - Started process (PID=12922) to work on /home/airflow/.local/lib/python3.12/site-packages/airflow/example_dags/tutorial_objectstorage.py
[2026-01-14T10:06:25.242+0000] {processor.py:830} INFO - Processing file /home/airflow/.local/lib/python3.12/site-packages/airflow/example_dags/tutorial_objectstorage.py for tasks to queue
[2026-01-14T10:06:25.244+0000] {logging_mixin.py:188} INFO - [2026-01-14T10:06:25.244+0000] {dagbag.py:545} INFO - Filling up the DagBag from /home/airflow/.local/lib/python3.12/site-packages/airflow/example_dags/tutorial_objectstorage.py
[2026-01-14T10:06:25.255+0000] {processor.py:840} INFO - DAG(s) 'tutorial_objectstorage' retrieved from /home/airflow/.local/lib/python3.12/site-packages/airflow/example_dags/tutorial_objectstorage.py
[2026-01-14T10:06:25.287+0000] {logging_mixin.py:188} INFO - [2026-01-14T10:06:25.286+0000] {dag.py:3096} INFO - Sync 1 DAGs
[2026-01-14T10:06:25.306+0000] {logging_mixin.py:188} INFO - [2026-01-14T10:06:25.306+0000] {dag.py:3954} INFO - Setting next_dagrun for tutorial_objectstorage to None, run_after=None
[2026-01-14T10:06:25.335+0000] {processor.py:183} INFO - Processing /home/airflow/.local/lib/python3.12/site-packages/airflow/example_dags/tutorial_objectstorage.py took 0.104 seconds
[2026-01-14T10:06:55.881+0000] {processor.py:161} INFO - Started process (PID=13185) to work on /home/airflow/.local/lib/python3.12/site-packages/airflow/example_dags/tutorial_objectstorage.py
[2026-01-14T10:06:55.883+0000] {processor.py:830} INFO - Processing file /home/airflow/.local/lib/python3.12/site-packages/airflow/example_dags/tutorial_objectstorage.py for tasks to queue
[2026-01-14T10:06:55.886+0000] {logging_mixin.py:188} INFO - [2026-01-14T10:06:55.886+0000] {dagbag.py:545} INFO - Filling up the DagBag from /home/airflow/.local/lib/python3.12/site-packages/airflow/example_dags/tutorial_objectstorage.py
[2026-01-14T10:06:55.896+0000] {processor.py:840} INFO - DAG(s) 'tutorial_objectstorage' retrieved from /home/airflow/.local/lib/python3.12/site-packages/airflow/example_dags/tutorial_objectstorage.py
[2026-01-14T10:06:55.929+0000] {logging_mixin.py:188} INFO - [2026-01-14T10:06:55.929+0000] {dag.py:3096} INFO - Sync 1 DAGs
[2026-01-14T10:06:55.949+0000] {logging_mixin.py:188} INFO - [2026-01-14T10:06:55.948+0000] {dag.py:3954} INFO - Setting next_dagrun for tutorial_objectstorage to None, run_after=None
[2026-01-14T10:06:55.980+0000] {processor.py:183} INFO - Processing /home/airflow/.local/lib/python3.12/site-packages/airflow/example_dags/tutorial_objectstorage.py took 0.107 seconds
[2026-01-14T10:07:26.488+0000] {processor.py:161} INFO - Started process (PID=13446) to work on /home/airflow/.local/lib/python3.12/site-packages/airflow/example_dags/tutorial_objectstorage.py
[2026-01-14T10:07:26.490+0000] {processor.py:830} INFO - Processing file /home/airflow/.local/lib/python3.12/site-packages/airflow/example_dags/tutorial_objectstorage.py for tasks to queue
[2026-01-14T10:07:26.492+0000] {logging_mixin.py:188} INFO - [2026-01-14T10:07:26.492+0000] {dagbag.py:545} INFO - Filling up the DagBag from /home/airflow/.local/lib/python3.12/site-packages/airflow/example_dags/tutorial_objectstorage.py
[2026-01-14T10:07:26.502+0000] {processor.py:840} INFO - DAG(s) 'tutorial_objectstorage' retrieved from /home/airflow/.local/lib/python3.12/site-packages/airflow/example_dags/tutorial_objectstorage.py
[2026-01-14T10:07:26.534+0000] {logging_mixin.py:188} INFO - [2026-01-14T10:07:26.533+0000] {dag.py:3096} INFO - Sync 1 DAGs
[2026-01-14T10:07:26.552+0000] {logging_mixin.py:188} INFO - [2026-01-14T10:07:26.552+0000] {dag.py:3954} INFO - Setting next_dagrun for tutorial_objectstorage to None, run_after=None
[2026-01-14T10:07:26.582+0000] {processor.py:183} INFO - Processing /home/airflow/.local/lib/python3.12/site-packages/airflow/example_dags/tutorial_objectstorage.py took 0.102 seconds
[2026-01-14T10:07:56.824+0000] {processor.py:161} INFO - Started process (PID=13707) to work on /home/airflow/.local/lib/python3.12/site-packages/airflow/example_dags/tutorial_objectstorage.py
[2026-01-14T10:07:56.826+0000] {processor.py:830} INFO - Processing file /home/airflow/.local/lib/python3.12/site-packages/airflow/example_dags/tutorial_objectstorage.py for tasks to queue
[2026-01-14T10:07:56.829+0000] {logging_mixin.py:188} INFO - [2026-01-14T10:07:56.828+0000] {dagbag.py:545} INFO - Filling up the DagBag from /home/airflow/.local/lib/python3.12/site-packages/airflow/example_dags/tutorial_objectstorage.py
[2026-01-14T10:07:56.838+0000] {processor.py:840} INFO - DAG(s) 'tutorial_objectstorage' retrieved from /home/airflow/.local/lib/python3.12/site-packages/airflow/example_dags/tutorial_objectstorage.py
[2026-01-14T10:07:56.871+0000] {logging_mixin.py:188} INFO - [2026-01-14T10:07:56.871+0000] {dag.py:3096} INFO - Sync 1 DAGs
[2026-01-14T10:07:56.889+0000] {logging_mixin.py:188} INFO - [2026-01-14T10:07:56.889+0000] {dag.py:3954} INFO - Setting next_dagrun for tutorial_objectstorage to None, run_after=None
[2026-01-14T10:07:56.918+0000] {processor.py:183} INFO - Processing /home/airflow/.local/lib/python3.12/site-packages/airflow/example_dags/tutorial_objectstorage.py took 0.102 seconds
[2026-01-14T10:08:27.595+0000] {processor.py:161} INFO - Started process (PID=13968) to work on /home/airflow/.local/lib/python3.12/site-packages/airflow/example_dags/tutorial_objectstorage.py
[2026-01-14T10:08:27.597+0000] {processor.py:830} INFO - Processing file /home/airflow/.local/lib/python3.12/site-packages/airflow/example_dags/tutorial_objectstorage.py for tasks to queue
[2026-01-14T10:08:27.600+0000] {logging_mixin.py:188} INFO - [2026-01-14T10:08:27.599+0000] {dagbag.py:545} INFO - Filling up the DagBag from /home/airflow/.local/lib/python3.12/site-packages/airflow/example_dags/tutorial_objectstorage.py
[2026-01-14T10:08:27.609+0000] {processor.py:840} INFO - DAG(s) 'tutorial_objectstorage' retrieved from /home/airflow/.local/lib/python3.12/site-packages/airflow/example_dags/tutorial_objectstorage.py
[2026-01-14T10:08:27.640+0000] {logging_mixin.py:188} INFO - [2026-01-14T10:08:27.640+0000] {dag.py:3096} INFO - Sync 1 DAGs
[2026-01-14T10:08:27.659+0000] {logging_mixin.py:188} INFO - [2026-01-14T10:08:27.659+0000] {dag.py:3954} INFO - Setting next_dagrun for tutorial_objectstorage to None, run_after=None
[2026-01-14T10:08:27.690+0000] {processor.py:183} INFO - Processing /home/airflow/.local/lib/python3.12/site-packages/airflow/example_dags/tutorial_objectstorage.py took 0.103 seconds
[2026-01-14T10:08:58.067+0000] {processor.py:161} INFO - Started process (PID=14229) to work on /home/airflow/.local/lib/python3.12/site-packages/airflow/example_dags/tutorial_objectstorage.py
[2026-01-14T10:08:58.068+0000] {processor.py:830} INFO - Processing file /home/airflow/.local/lib/python3.12/site-packages/airflow/example_dags/tutorial_objectstorage.py for tasks to queue
[2026-01-14T10:08:58.071+0000] {logging_mixin.py:188} INFO - [2026-01-14T10:08:58.071+0000] {dagbag.py:545} INFO - Filling up the DagBag from /home/airflow/.local/lib/python3.12/site-packages/airflow/example_dags/tutorial_objectstorage.py
[2026-01-14T10:08:58.081+0000] {processor.py:840} INFO - DAG(s) 'tutorial_objectstorage' retrieved from /home/airflow/.local/lib/python3.12/site-packages/airflow/example_dags/tutorial_objectstorage.py
[2026-01-14T10:08:58.113+0000] {logging_mixin.py:188} INFO - [2026-01-14T10:08:58.112+0000] {dag.py:3096} INFO - Sync 1 DAGs
[2026-01-14T10:08:58.132+0000] {logging_mixin.py:188} INFO - [2026-01-14T10:08:58.132+0000] {dag.py:3954} INFO - Setting next_dagrun for tutorial_objectstorage to None, run_after=None
[2026-01-14T10:08:58.162+0000] {processor.py:183} INFO - Processing /home/airflow/.local/lib/python3.12/site-packages/airflow/example_dags/tutorial_objectstorage.py took 0.102 seconds
[2026-01-14T10:09:28.507+0000] {processor.py:161} INFO - Started process (PID=14488) to work on /home/airflow/.local/lib/python3.12/site-packages/airflow/example_dags/tutorial_objectstorage.py
[2026-01-14T10:09:28.509+0000] {processor.py:830} INFO - Processing file /home/airflow/.local/lib/python3.12/site-packages/airflow/example_dags/tutorial_objectstorage.py for tasks to queue
[2026-01-14T10:09:28.512+0000] {logging_mixin.py:188} INFO - [2026-01-14T10:09:28.511+0000] {dagbag.py:545} INFO - Filling up the DagBag from /home/airflow/.local/lib/python3.12/site-packages/airflow/example_dags/tutorial_objectstorage.py
[2026-01-14T10:09:28.523+0000] {processor.py:840} INFO - DAG(s) 'tutorial_objectstorage' retrieved from /home/airflow/.local/lib/python3.12/site-packages/airflow/example_dags/tutorial_objectstorage.py
[2026-01-14T10:09:28.559+0000] {logging_mixin.py:188} INFO - [2026-01-14T10:09:28.559+0000] {dag.py:3096} INFO - Sync 1 DAGs
[2026-01-14T10:09:28.579+0000] {logging_mixin.py:188} INFO - [2026-01-14T10:09:28.579+0000] {dag.py:3954} INFO - Setting next_dagrun for tutorial_objectstorage to None, run_after=None
[2026-01-14T10:09:28.610+0000] {processor.py:183} INFO - Processing /home/airflow/.local/lib/python3.12/site-packages/airflow/example_dags/tutorial_objectstorage.py took 0.114 seconds
[2026-01-14T10:09:59.082+0000] {processor.py:161} INFO - Started process (PID=14751) to work on /home/airflow/.local/lib/python3.12/site-packages/airflow/example_dags/tutorial_objectstorage.py
[2026-01-14T10:09:59.084+0000] {processor.py:830} INFO - Processing file /home/airflow/.local/lib/python3.12/site-packages/airflow/example_dags/tutorial_objectstorage.py for tasks to queue
[2026-01-14T10:09:59.087+0000] {logging_mixin.py:188} INFO - [2026-01-14T10:09:59.086+0000] {dagbag.py:545} INFO - Filling up the DagBag from /home/airflow/.local/lib/python3.12/site-packages/airflow/example_dags/tutorial_objectstorage.py
[2026-01-14T10:09:59.095+0000] {processor.py:840} INFO - DAG(s) 'tutorial_objectstorage' retrieved from /home/airflow/.local/lib/python3.12/site-packages/airflow/example_dags/tutorial_objectstorage.py
[2026-01-14T10:09:59.126+0000] {logging_mixin.py:188} INFO - [2026-01-14T10:09:59.126+0000] {dag.py:3096} INFO - Sync 1 DAGs
[2026-01-14T10:09:59.144+0000] {logging_mixin.py:188} INFO - [2026-01-14T10:09:59.144+0000] {dag.py:3954} INFO - Setting next_dagrun for tutorial_objectstorage to None, run_after=None
[2026-01-14T10:09:59.173+0000] {processor.py:183} INFO - Processing /home/airflow/.local/lib/python3.12/site-packages/airflow/example_dags/tutorial_objectstorage.py took 0.098 seconds
[2026-01-14T10:10:29.812+0000] {processor.py:161} INFO - Started process (PID=15012) to work on /home/airflow/.local/lib/python3.12/site-packages/airflow/example_dags/tutorial_objectstorage.py
[2026-01-14T10:10:29.816+0000] {processor.py:830} INFO - Processing file /home/airflow/.local/lib/python3.12/site-packages/airflow/example_dags/tutorial_objectstorage.py for tasks to queue
[2026-01-14T10:10:29.830+0000] {logging_mixin.py:188} INFO - [2026-01-14T10:10:29.829+0000] {dagbag.py:545} INFO - Filling up the DagBag from /home/airflow/.local/lib/python3.12/site-packages/airflow/example_dags/tutorial_objectstorage.py
[2026-01-14T10:10:29.896+0000] {processor.py:840} INFO - DAG(s) 'tutorial_objectstorage' retrieved from /home/airflow/.local/lib/python3.12/site-packages/airflow/example_dags/tutorial_objectstorage.py
[2026-01-14T10:10:29.996+0000] {logging_mixin.py:188} INFO - [2026-01-14T10:10:29.995+0000] {dag.py:3096} INFO - Sync 1 DAGs
[2026-01-14T10:10:30.073+0000] {logging_mixin.py:188} INFO - [2026-01-14T10:10:30.072+0000] {dag.py:3954} INFO - Setting next_dagrun for tutorial_objectstorage to None, run_after=None
[2026-01-14T10:10:30.203+0000] {processor.py:183} INFO - Processing /home/airflow/.local/lib/python3.12/site-packages/airflow/example_dags/tutorial_objectstorage.py took 0.430 seconds
[2026-01-14T10:30:02.496+0000] {processor.py:161} INFO - Started process (PID=15232) to work on /home/airflow/.local/lib/python3.12/site-packages/airflow/example_dags/tutorial_objectstorage.py
[2026-01-14T10:30:02.497+0000] {processor.py:830} INFO - Processing file /home/airflow/.local/lib/python3.12/site-packages/airflow/example_dags/tutorial_objectstorage.py for tasks to queue
[2026-01-14T10:30:02.499+0000] {logging_mixin.py:188} INFO - [2026-01-14T10:30:02.498+0000] {dagbag.py:545} INFO - Filling up the DagBag from /home/airflow/.local/lib/python3.12/site-packages/airflow/example_dags/tutorial_objectstorage.py
[2026-01-14T10:30:02.509+0000] {processor.py:840} INFO - DAG(s) 'tutorial_objectstorage' retrieved from /home/airflow/.local/lib/python3.12/site-packages/airflow/example_dags/tutorial_objectstorage.py
[2026-01-14T10:30:02.540+0000] {logging_mixin.py:188} INFO - [2026-01-14T10:30:02.540+0000] {dag.py:3096} INFO - Sync 1 DAGs
[2026-01-14T10:30:02.561+0000] {logging_mixin.py:188} INFO - [2026-01-14T10:30:02.561+0000] {dag.py:3954} INFO - Setting next_dagrun for tutorial_objectstorage to None, run_after=None
[2026-01-14T10:30:02.591+0000] {processor.py:183} INFO - Processing /home/airflow/.local/lib/python3.12/site-packages/airflow/example_dags/tutorial_objectstorage.py took 0.102 seconds
