[2025-12-29T13:10:09.520+0000] {processor.py:161} INFO - Started process (PID=305) to work on /home/airflow/.local/lib/python3.12/site-packages/airflow/example_dags/example_short_circuit_operator.py
[2025-12-29T13:10:09.521+0000] {processor.py:830} INFO - Processing file /home/airflow/.local/lib/python3.12/site-packages/airflow/example_dags/example_short_circuit_operator.py for tasks to queue
[2025-12-29T13:10:09.523+0000] {logging_mixin.py:188} INFO - [2025-12-29T13:10:09.523+0000] {dagbag.py:545} INFO - Filling up the DagBag from /home/airflow/.local/lib/python3.12/site-packages/airflow/example_dags/example_short_circuit_operator.py
[2025-12-29T13:10:09.533+0000] {processor.py:840} INFO - DAG(s) 'example_short_circuit_operator' retrieved from /home/airflow/.local/lib/python3.12/site-packages/airflow/example_dags/example_short_circuit_operator.py
[2025-12-29T13:10:09.566+0000] {logging_mixin.py:188} INFO - [2025-12-29T13:10:09.566+0000] {dag.py:3096} INFO - Sync 1 DAGs
[2025-12-29T13:10:09.596+0000] {logging_mixin.py:188} INFO - [2025-12-29T13:10:09.596+0000] {dag.py:3954} INFO - Setting next_dagrun for example_short_circuit_operator to 2025-12-28 00:00:00+00:00, run_after=2025-12-29 00:00:00+00:00
[2025-12-29T13:10:09.626+0000] {processor.py:183} INFO - Processing /home/airflow/.local/lib/python3.12/site-packages/airflow/example_dags/example_short_circuit_operator.py took 0.113 seconds
[2025-12-29T13:10:39.835+0000] {processor.py:161} INFO - Started process (PID=566) to work on /home/airflow/.local/lib/python3.12/site-packages/airflow/example_dags/example_short_circuit_operator.py
[2025-12-29T13:10:39.836+0000] {processor.py:830} INFO - Processing file /home/airflow/.local/lib/python3.12/site-packages/airflow/example_dags/example_short_circuit_operator.py for tasks to queue
[2025-12-29T13:10:39.838+0000] {logging_mixin.py:188} INFO - [2025-12-29T13:10:39.838+0000] {dagbag.py:545} INFO - Filling up the DagBag from /home/airflow/.local/lib/python3.12/site-packages/airflow/example_dags/example_short_circuit_operator.py
[2025-12-29T13:10:39.847+0000] {processor.py:840} INFO - DAG(s) 'example_short_circuit_operator' retrieved from /home/airflow/.local/lib/python3.12/site-packages/airflow/example_dags/example_short_circuit_operator.py
[2025-12-29T13:10:39.878+0000] {logging_mixin.py:188} INFO - [2025-12-29T13:10:39.878+0000] {dag.py:3096} INFO - Sync 1 DAGs
[2025-12-29T13:10:39.909+0000] {logging_mixin.py:188} INFO - [2025-12-29T13:10:39.909+0000] {dag.py:3954} INFO - Setting next_dagrun for example_short_circuit_operator to 2025-12-28 00:00:00+00:00, run_after=2025-12-29 00:00:00+00:00
[2025-12-29T13:10:39.934+0000] {processor.py:183} INFO - Processing /home/airflow/.local/lib/python3.12/site-packages/airflow/example_dags/example_short_circuit_operator.py took 0.105 seconds
[2025-12-29T13:11:10.943+0000] {processor.py:161} INFO - Started process (PID=827) to work on /home/airflow/.local/lib/python3.12/site-packages/airflow/example_dags/example_short_circuit_operator.py
[2025-12-29T13:11:10.944+0000] {processor.py:830} INFO - Processing file /home/airflow/.local/lib/python3.12/site-packages/airflow/example_dags/example_short_circuit_operator.py for tasks to queue
[2025-12-29T13:11:10.947+0000] {logging_mixin.py:188} INFO - [2025-12-29T13:11:10.946+0000] {dagbag.py:545} INFO - Filling up the DagBag from /home/airflow/.local/lib/python3.12/site-packages/airflow/example_dags/example_short_circuit_operator.py
[2025-12-29T13:11:10.957+0000] {processor.py:840} INFO - DAG(s) 'example_short_circuit_operator' retrieved from /home/airflow/.local/lib/python3.12/site-packages/airflow/example_dags/example_short_circuit_operator.py
[2025-12-29T13:11:10.995+0000] {logging_mixin.py:188} INFO - [2025-12-29T13:11:10.994+0000] {dag.py:3096} INFO - Sync 1 DAGs
[2025-12-29T13:11:11.031+0000] {logging_mixin.py:188} INFO - [2025-12-29T13:11:11.031+0000] {dag.py:3954} INFO - Setting next_dagrun for example_short_circuit_operator to 2025-12-28 00:00:00+00:00, run_after=2025-12-29 00:00:00+00:00
[2025-12-29T13:11:11.062+0000] {processor.py:183} INFO - Processing /home/airflow/.local/lib/python3.12/site-packages/airflow/example_dags/example_short_circuit_operator.py took 0.127 seconds
[2025-12-29T13:11:41.616+0000] {processor.py:161} INFO - Started process (PID=1088) to work on /home/airflow/.local/lib/python3.12/site-packages/airflow/example_dags/example_short_circuit_operator.py
[2025-12-29T13:11:41.618+0000] {processor.py:830} INFO - Processing file /home/airflow/.local/lib/python3.12/site-packages/airflow/example_dags/example_short_circuit_operator.py for tasks to queue
[2025-12-29T13:11:41.621+0000] {logging_mixin.py:188} INFO - [2025-12-29T13:11:41.621+0000] {dagbag.py:545} INFO - Filling up the DagBag from /home/airflow/.local/lib/python3.12/site-packages/airflow/example_dags/example_short_circuit_operator.py
[2025-12-29T13:11:41.637+0000] {processor.py:840} INFO - DAG(s) 'example_short_circuit_operator' retrieved from /home/airflow/.local/lib/python3.12/site-packages/airflow/example_dags/example_short_circuit_operator.py
[2025-12-29T13:11:41.697+0000] {logging_mixin.py:188} INFO - [2025-12-29T13:11:41.696+0000] {dag.py:3096} INFO - Sync 1 DAGs
[2025-12-29T13:11:41.758+0000] {logging_mixin.py:188} INFO - [2025-12-29T13:11:41.757+0000] {dag.py:3954} INFO - Setting next_dagrun for example_short_circuit_operator to 2025-12-28 00:00:00+00:00, run_after=2025-12-29 00:00:00+00:00
[2025-12-29T13:11:41.798+0000] {processor.py:183} INFO - Processing /home/airflow/.local/lib/python3.12/site-packages/airflow/example_dags/example_short_circuit_operator.py took 0.196 seconds
[2025-12-29T13:12:12.668+0000] {processor.py:161} INFO - Started process (PID=1349) to work on /home/airflow/.local/lib/python3.12/site-packages/airflow/example_dags/example_short_circuit_operator.py
[2025-12-29T13:12:12.669+0000] {processor.py:830} INFO - Processing file /home/airflow/.local/lib/python3.12/site-packages/airflow/example_dags/example_short_circuit_operator.py for tasks to queue
[2025-12-29T13:12:12.672+0000] {logging_mixin.py:188} INFO - [2025-12-29T13:12:12.671+0000] {dagbag.py:545} INFO - Filling up the DagBag from /home/airflow/.local/lib/python3.12/site-packages/airflow/example_dags/example_short_circuit_operator.py
[2025-12-29T13:12:12.686+0000] {processor.py:840} INFO - DAG(s) 'example_short_circuit_operator' retrieved from /home/airflow/.local/lib/python3.12/site-packages/airflow/example_dags/example_short_circuit_operator.py
[2025-12-29T13:12:12.729+0000] {logging_mixin.py:188} INFO - [2025-12-29T13:12:12.729+0000] {dag.py:3096} INFO - Sync 1 DAGs
[2025-12-29T13:12:12.769+0000] {logging_mixin.py:188} INFO - [2025-12-29T13:12:12.769+0000] {dag.py:3954} INFO - Setting next_dagrun for example_short_circuit_operator to 2025-12-28 00:00:00+00:00, run_after=2025-12-29 00:00:00+00:00
[2025-12-29T13:12:12.805+0000] {processor.py:183} INFO - Processing /home/airflow/.local/lib/python3.12/site-packages/airflow/example_dags/example_short_circuit_operator.py took 0.146 seconds
[2025-12-29T13:12:42.998+0000] {processor.py:161} INFO - Started process (PID=1610) to work on /home/airflow/.local/lib/python3.12/site-packages/airflow/example_dags/example_short_circuit_operator.py
[2025-12-29T13:12:42.999+0000] {processor.py:830} INFO - Processing file /home/airflow/.local/lib/python3.12/site-packages/airflow/example_dags/example_short_circuit_operator.py for tasks to queue
[2025-12-29T13:12:43.002+0000] {logging_mixin.py:188} INFO - [2025-12-29T13:12:43.002+0000] {dagbag.py:545} INFO - Filling up the DagBag from /home/airflow/.local/lib/python3.12/site-packages/airflow/example_dags/example_short_circuit_operator.py
[2025-12-29T13:12:43.012+0000] {processor.py:840} INFO - DAG(s) 'example_short_circuit_operator' retrieved from /home/airflow/.local/lib/python3.12/site-packages/airflow/example_dags/example_short_circuit_operator.py
[2025-12-29T13:12:43.051+0000] {logging_mixin.py:188} INFO - [2025-12-29T13:12:43.050+0000] {dag.py:3096} INFO - Sync 1 DAGs
[2025-12-29T13:12:43.086+0000] {logging_mixin.py:188} INFO - [2025-12-29T13:12:43.086+0000] {dag.py:3954} INFO - Setting next_dagrun for example_short_circuit_operator to 2025-12-28 00:00:00+00:00, run_after=2025-12-29 00:00:00+00:00
[2025-12-29T13:12:43.118+0000] {processor.py:183} INFO - Processing /home/airflow/.local/lib/python3.12/site-packages/airflow/example_dags/example_short_circuit_operator.py took 0.128 seconds
[2025-12-29T13:13:13.518+0000] {processor.py:161} INFO - Started process (PID=1871) to work on /home/airflow/.local/lib/python3.12/site-packages/airflow/example_dags/example_short_circuit_operator.py
[2025-12-29T13:13:13.520+0000] {processor.py:830} INFO - Processing file /home/airflow/.local/lib/python3.12/site-packages/airflow/example_dags/example_short_circuit_operator.py for tasks to queue
[2025-12-29T13:13:13.522+0000] {logging_mixin.py:188} INFO - [2025-12-29T13:13:13.522+0000] {dagbag.py:545} INFO - Filling up the DagBag from /home/airflow/.local/lib/python3.12/site-packages/airflow/example_dags/example_short_circuit_operator.py
[2025-12-29T13:13:13.533+0000] {processor.py:840} INFO - DAG(s) 'example_short_circuit_operator' retrieved from /home/airflow/.local/lib/python3.12/site-packages/airflow/example_dags/example_short_circuit_operator.py
[2025-12-29T13:13:13.574+0000] {logging_mixin.py:188} INFO - [2025-12-29T13:13:13.574+0000] {dag.py:3096} INFO - Sync 1 DAGs
[2025-12-29T13:13:13.612+0000] {logging_mixin.py:188} INFO - [2025-12-29T13:13:13.611+0000] {dag.py:3954} INFO - Setting next_dagrun for example_short_circuit_operator to 2025-12-28 00:00:00+00:00, run_after=2025-12-29 00:00:00+00:00
[2025-12-29T13:13:13.640+0000] {processor.py:183} INFO - Processing /home/airflow/.local/lib/python3.12/site-packages/airflow/example_dags/example_short_circuit_operator.py took 0.131 seconds
[2025-12-29T13:13:43.880+0000] {processor.py:161} INFO - Started process (PID=2134) to work on /home/airflow/.local/lib/python3.12/site-packages/airflow/example_dags/example_short_circuit_operator.py
[2025-12-29T13:13:43.881+0000] {processor.py:830} INFO - Processing file /home/airflow/.local/lib/python3.12/site-packages/airflow/example_dags/example_short_circuit_operator.py for tasks to queue
[2025-12-29T13:13:43.884+0000] {logging_mixin.py:188} INFO - [2025-12-29T13:13:43.884+0000] {dagbag.py:545} INFO - Filling up the DagBag from /home/airflow/.local/lib/python3.12/site-packages/airflow/example_dags/example_short_circuit_operator.py
[2025-12-29T13:13:43.894+0000] {processor.py:840} INFO - DAG(s) 'example_short_circuit_operator' retrieved from /home/airflow/.local/lib/python3.12/site-packages/airflow/example_dags/example_short_circuit_operator.py
[2025-12-29T13:13:43.935+0000] {logging_mixin.py:188} INFO - [2025-12-29T13:13:43.935+0000] {dag.py:3096} INFO - Sync 1 DAGs
[2025-12-29T13:13:43.969+0000] {logging_mixin.py:188} INFO - [2025-12-29T13:13:43.969+0000] {dag.py:3954} INFO - Setting next_dagrun for example_short_circuit_operator to 2025-12-28 00:00:00+00:00, run_after=2025-12-29 00:00:00+00:00
[2025-12-29T13:13:44.000+0000] {processor.py:183} INFO - Processing /home/airflow/.local/lib/python3.12/site-packages/airflow/example_dags/example_short_circuit_operator.py took 0.128 seconds
[2025-12-29T13:14:14.103+0000] {processor.py:161} INFO - Started process (PID=2393) to work on /home/airflow/.local/lib/python3.12/site-packages/airflow/example_dags/example_short_circuit_operator.py
[2025-12-29T13:14:14.105+0000] {processor.py:830} INFO - Processing file /home/airflow/.local/lib/python3.12/site-packages/airflow/example_dags/example_short_circuit_operator.py for tasks to queue
[2025-12-29T13:14:14.107+0000] {logging_mixin.py:188} INFO - [2025-12-29T13:14:14.107+0000] {dagbag.py:545} INFO - Filling up the DagBag from /home/airflow/.local/lib/python3.12/site-packages/airflow/example_dags/example_short_circuit_operator.py
[2025-12-29T13:14:14.117+0000] {processor.py:840} INFO - DAG(s) 'example_short_circuit_operator' retrieved from /home/airflow/.local/lib/python3.12/site-packages/airflow/example_dags/example_short_circuit_operator.py
[2025-12-29T13:14:14.156+0000] {logging_mixin.py:188} INFO - [2025-12-29T13:14:14.155+0000] {dag.py:3096} INFO - Sync 1 DAGs
[2025-12-29T13:14:14.188+0000] {logging_mixin.py:188} INFO - [2025-12-29T13:14:14.187+0000] {dag.py:3954} INFO - Setting next_dagrun for example_short_circuit_operator to 2025-12-28 00:00:00+00:00, run_after=2025-12-29 00:00:00+00:00
[2025-12-29T13:14:14.216+0000] {processor.py:183} INFO - Processing /home/airflow/.local/lib/python3.12/site-packages/airflow/example_dags/example_short_circuit_operator.py took 0.120 seconds
[2025-12-29T13:14:44.497+0000] {processor.py:161} INFO - Started process (PID=2654) to work on /home/airflow/.local/lib/python3.12/site-packages/airflow/example_dags/example_short_circuit_operator.py
[2025-12-29T13:14:44.498+0000] {processor.py:830} INFO - Processing file /home/airflow/.local/lib/python3.12/site-packages/airflow/example_dags/example_short_circuit_operator.py for tasks to queue
[2025-12-29T13:14:44.501+0000] {logging_mixin.py:188} INFO - [2025-12-29T13:14:44.500+0000] {dagbag.py:545} INFO - Filling up the DagBag from /home/airflow/.local/lib/python3.12/site-packages/airflow/example_dags/example_short_circuit_operator.py
[2025-12-29T13:14:44.511+0000] {processor.py:840} INFO - DAG(s) 'example_short_circuit_operator' retrieved from /home/airflow/.local/lib/python3.12/site-packages/airflow/example_dags/example_short_circuit_operator.py
[2025-12-29T13:14:44.553+0000] {logging_mixin.py:188} INFO - [2025-12-29T13:14:44.552+0000] {dag.py:3096} INFO - Sync 1 DAGs
[2025-12-29T13:14:44.590+0000] {logging_mixin.py:188} INFO - [2025-12-29T13:14:44.590+0000] {dag.py:3954} INFO - Setting next_dagrun for example_short_circuit_operator to 2025-12-28 00:00:00+00:00, run_after=2025-12-29 00:00:00+00:00
[2025-12-29T13:14:44.622+0000] {processor.py:183} INFO - Processing /home/airflow/.local/lib/python3.12/site-packages/airflow/example_dags/example_short_circuit_operator.py took 0.133 seconds
[2025-12-29T13:15:15.511+0000] {processor.py:161} INFO - Started process (PID=2915) to work on /home/airflow/.local/lib/python3.12/site-packages/airflow/example_dags/example_short_circuit_operator.py
[2025-12-29T13:15:15.512+0000] {processor.py:830} INFO - Processing file /home/airflow/.local/lib/python3.12/site-packages/airflow/example_dags/example_short_circuit_operator.py for tasks to queue
[2025-12-29T13:15:15.516+0000] {logging_mixin.py:188} INFO - [2025-12-29T13:15:15.515+0000] {dagbag.py:545} INFO - Filling up the DagBag from /home/airflow/.local/lib/python3.12/site-packages/airflow/example_dags/example_short_circuit_operator.py
[2025-12-29T13:15:15.529+0000] {processor.py:840} INFO - DAG(s) 'example_short_circuit_operator' retrieved from /home/airflow/.local/lib/python3.12/site-packages/airflow/example_dags/example_short_circuit_operator.py
[2025-12-29T13:15:15.584+0000] {logging_mixin.py:188} INFO - [2025-12-29T13:15:15.583+0000] {dag.py:3096} INFO - Sync 1 DAGs
[2025-12-29T13:15:15.628+0000] {logging_mixin.py:188} INFO - [2025-12-29T13:15:15.628+0000] {dag.py:3954} INFO - Setting next_dagrun for example_short_circuit_operator to 2025-12-28 00:00:00+00:00, run_after=2025-12-29 00:00:00+00:00
[2025-12-29T13:15:15.672+0000] {processor.py:183} INFO - Processing /home/airflow/.local/lib/python3.12/site-packages/airflow/example_dags/example_short_circuit_operator.py took 0.172 seconds
[2025-12-29T13:15:46.473+0000] {processor.py:161} INFO - Started process (PID=3176) to work on /home/airflow/.local/lib/python3.12/site-packages/airflow/example_dags/example_short_circuit_operator.py
[2025-12-29T13:15:46.475+0000] {processor.py:830} INFO - Processing file /home/airflow/.local/lib/python3.12/site-packages/airflow/example_dags/example_short_circuit_operator.py for tasks to queue
[2025-12-29T13:15:46.479+0000] {logging_mixin.py:188} INFO - [2025-12-29T13:15:46.478+0000] {dagbag.py:545} INFO - Filling up the DagBag from /home/airflow/.local/lib/python3.12/site-packages/airflow/example_dags/example_short_circuit_operator.py
[2025-12-29T13:15:46.495+0000] {processor.py:840} INFO - DAG(s) 'example_short_circuit_operator' retrieved from /home/airflow/.local/lib/python3.12/site-packages/airflow/example_dags/example_short_circuit_operator.py
[2025-12-29T13:15:46.557+0000] {logging_mixin.py:188} INFO - [2025-12-29T13:15:46.556+0000] {dag.py:3096} INFO - Sync 1 DAGs
[2025-12-29T13:15:46.609+0000] {logging_mixin.py:188} INFO - [2025-12-29T13:15:46.609+0000] {dag.py:3954} INFO - Setting next_dagrun for example_short_circuit_operator to 2025-12-28 00:00:00+00:00, run_after=2025-12-29 00:00:00+00:00
[2025-12-29T13:15:46.657+0000] {processor.py:183} INFO - Processing /home/airflow/.local/lib/python3.12/site-packages/airflow/example_dags/example_short_circuit_operator.py took 0.197 seconds
[2025-12-29T13:16:17.494+0000] {processor.py:161} INFO - Started process (PID=3437) to work on /home/airflow/.local/lib/python3.12/site-packages/airflow/example_dags/example_short_circuit_operator.py
[2025-12-29T13:16:17.497+0000] {processor.py:830} INFO - Processing file /home/airflow/.local/lib/python3.12/site-packages/airflow/example_dags/example_short_circuit_operator.py for tasks to queue
[2025-12-29T13:16:17.501+0000] {logging_mixin.py:188} INFO - [2025-12-29T13:16:17.500+0000] {dagbag.py:545} INFO - Filling up the DagBag from /home/airflow/.local/lib/python3.12/site-packages/airflow/example_dags/example_short_circuit_operator.py
[2025-12-29T13:16:17.515+0000] {processor.py:840} INFO - DAG(s) 'example_short_circuit_operator' retrieved from /home/airflow/.local/lib/python3.12/site-packages/airflow/example_dags/example_short_circuit_operator.py
[2025-12-29T13:16:17.575+0000] {logging_mixin.py:188} INFO - [2025-12-29T13:16:17.574+0000] {dag.py:3096} INFO - Sync 1 DAGs
[2025-12-29T13:16:17.633+0000] {logging_mixin.py:188} INFO - [2025-12-29T13:16:17.633+0000] {dag.py:3954} INFO - Setting next_dagrun for example_short_circuit_operator to 2025-12-28 00:00:00+00:00, run_after=2025-12-29 00:00:00+00:00
[2025-12-29T13:16:17.685+0000] {processor.py:183} INFO - Processing /home/airflow/.local/lib/python3.12/site-packages/airflow/example_dags/example_short_circuit_operator.py took 0.203 seconds
[2025-12-29T13:16:48.196+0000] {processor.py:161} INFO - Started process (PID=3698) to work on /home/airflow/.local/lib/python3.12/site-packages/airflow/example_dags/example_short_circuit_operator.py
[2025-12-29T13:16:48.199+0000] {processor.py:830} INFO - Processing file /home/airflow/.local/lib/python3.12/site-packages/airflow/example_dags/example_short_circuit_operator.py for tasks to queue
[2025-12-29T13:16:48.203+0000] {logging_mixin.py:188} INFO - [2025-12-29T13:16:48.202+0000] {dagbag.py:545} INFO - Filling up the DagBag from /home/airflow/.local/lib/python3.12/site-packages/airflow/example_dags/example_short_circuit_operator.py
[2025-12-29T13:16:48.219+0000] {processor.py:840} INFO - DAG(s) 'example_short_circuit_operator' retrieved from /home/airflow/.local/lib/python3.12/site-packages/airflow/example_dags/example_short_circuit_operator.py
[2025-12-29T13:16:48.279+0000] {logging_mixin.py:188} INFO - [2025-12-29T13:16:48.279+0000] {dag.py:3096} INFO - Sync 1 DAGs
[2025-12-29T13:16:48.332+0000] {logging_mixin.py:188} INFO - [2025-12-29T13:16:48.332+0000] {dag.py:3954} INFO - Setting next_dagrun for example_short_circuit_operator to 2025-12-28 00:00:00+00:00, run_after=2025-12-29 00:00:00+00:00
[2025-12-29T13:16:48.378+0000] {processor.py:183} INFO - Processing /home/airflow/.local/lib/python3.12/site-packages/airflow/example_dags/example_short_circuit_operator.py took 0.196 seconds
[2025-12-29T13:17:18.696+0000] {processor.py:161} INFO - Started process (PID=3959) to work on /home/airflow/.local/lib/python3.12/site-packages/airflow/example_dags/example_short_circuit_operator.py
[2025-12-29T13:17:18.698+0000] {processor.py:830} INFO - Processing file /home/airflow/.local/lib/python3.12/site-packages/airflow/example_dags/example_short_circuit_operator.py for tasks to queue
[2025-12-29T13:17:18.703+0000] {logging_mixin.py:188} INFO - [2025-12-29T13:17:18.702+0000] {dagbag.py:545} INFO - Filling up the DagBag from /home/airflow/.local/lib/python3.12/site-packages/airflow/example_dags/example_short_circuit_operator.py
[2025-12-29T13:17:18.720+0000] {processor.py:840} INFO - DAG(s) 'example_short_circuit_operator' retrieved from /home/airflow/.local/lib/python3.12/site-packages/airflow/example_dags/example_short_circuit_operator.py
[2025-12-29T13:17:18.774+0000] {logging_mixin.py:188} INFO - [2025-12-29T13:17:18.774+0000] {dag.py:3096} INFO - Sync 1 DAGs
[2025-12-29T13:17:18.823+0000] {logging_mixin.py:188} INFO - [2025-12-29T13:17:18.823+0000] {dag.py:3954} INFO - Setting next_dagrun for example_short_circuit_operator to 2025-12-28 00:00:00+00:00, run_after=2025-12-29 00:00:00+00:00
[2025-12-29T13:17:18.865+0000] {processor.py:183} INFO - Processing /home/airflow/.local/lib/python3.12/site-packages/airflow/example_dags/example_short_circuit_operator.py took 0.182 seconds
[2025-12-29T13:17:49.779+0000] {processor.py:161} INFO - Started process (PID=4220) to work on /home/airflow/.local/lib/python3.12/site-packages/airflow/example_dags/example_short_circuit_operator.py
[2025-12-29T13:17:49.781+0000] {processor.py:830} INFO - Processing file /home/airflow/.local/lib/python3.12/site-packages/airflow/example_dags/example_short_circuit_operator.py for tasks to queue
[2025-12-29T13:17:49.785+0000] {logging_mixin.py:188} INFO - [2025-12-29T13:17:49.784+0000] {dagbag.py:545} INFO - Filling up the DagBag from /home/airflow/.local/lib/python3.12/site-packages/airflow/example_dags/example_short_circuit_operator.py
[2025-12-29T13:17:49.800+0000] {processor.py:840} INFO - DAG(s) 'example_short_circuit_operator' retrieved from /home/airflow/.local/lib/python3.12/site-packages/airflow/example_dags/example_short_circuit_operator.py
[2025-12-29T13:17:49.853+0000] {logging_mixin.py:188} INFO - [2025-12-29T13:17:49.852+0000] {dag.py:3096} INFO - Sync 1 DAGs
[2025-12-29T13:17:49.903+0000] {logging_mixin.py:188} INFO - [2025-12-29T13:17:49.902+0000] {dag.py:3954} INFO - Setting next_dagrun for example_short_circuit_operator to 2025-12-28 00:00:00+00:00, run_after=2025-12-29 00:00:00+00:00
[2025-12-29T13:17:49.945+0000] {processor.py:183} INFO - Processing /home/airflow/.local/lib/python3.12/site-packages/airflow/example_dags/example_short_circuit_operator.py took 0.178 seconds
[2025-12-29T13:18:20.325+0000] {processor.py:161} INFO - Started process (PID=4481) to work on /home/airflow/.local/lib/python3.12/site-packages/airflow/example_dags/example_short_circuit_operator.py
[2025-12-29T13:18:20.326+0000] {processor.py:830} INFO - Processing file /home/airflow/.local/lib/python3.12/site-packages/airflow/example_dags/example_short_circuit_operator.py for tasks to queue
[2025-12-29T13:18:20.330+0000] {logging_mixin.py:188} INFO - [2025-12-29T13:18:20.329+0000] {dagbag.py:545} INFO - Filling up the DagBag from /home/airflow/.local/lib/python3.12/site-packages/airflow/example_dags/example_short_circuit_operator.py
[2025-12-29T13:18:20.344+0000] {processor.py:840} INFO - DAG(s) 'example_short_circuit_operator' retrieved from /home/airflow/.local/lib/python3.12/site-packages/airflow/example_dags/example_short_circuit_operator.py
[2025-12-29T13:18:20.399+0000] {logging_mixin.py:188} INFO - [2025-12-29T13:18:20.398+0000] {dag.py:3096} INFO - Sync 1 DAGs
[2025-12-29T13:18:20.450+0000] {logging_mixin.py:188} INFO - [2025-12-29T13:18:20.450+0000] {dag.py:3954} INFO - Setting next_dagrun for example_short_circuit_operator to 2025-12-28 00:00:00+00:00, run_after=2025-12-29 00:00:00+00:00
[2025-12-29T13:18:20.493+0000] {processor.py:183} INFO - Processing /home/airflow/.local/lib/python3.12/site-packages/airflow/example_dags/example_short_circuit_operator.py took 0.179 seconds
[2025-12-29T13:18:50.780+0000] {processor.py:161} INFO - Started process (PID=4742) to work on /home/airflow/.local/lib/python3.12/site-packages/airflow/example_dags/example_short_circuit_operator.py
[2025-12-29T13:18:50.782+0000] {processor.py:830} INFO - Processing file /home/airflow/.local/lib/python3.12/site-packages/airflow/example_dags/example_short_circuit_operator.py for tasks to queue
[2025-12-29T13:18:50.786+0000] {logging_mixin.py:188} INFO - [2025-12-29T13:18:50.786+0000] {dagbag.py:545} INFO - Filling up the DagBag from /home/airflow/.local/lib/python3.12/site-packages/airflow/example_dags/example_short_circuit_operator.py
[2025-12-29T13:18:50.803+0000] {processor.py:840} INFO - DAG(s) 'example_short_circuit_operator' retrieved from /home/airflow/.local/lib/python3.12/site-packages/airflow/example_dags/example_short_circuit_operator.py
[2025-12-29T13:18:50.861+0000] {logging_mixin.py:188} INFO - [2025-12-29T13:18:50.861+0000] {dag.py:3096} INFO - Sync 1 DAGs
[2025-12-29T13:18:50.913+0000] {logging_mixin.py:188} INFO - [2025-12-29T13:18:50.912+0000] {dag.py:3954} INFO - Setting next_dagrun for example_short_circuit_operator to 2025-12-28 00:00:00+00:00, run_after=2025-12-29 00:00:00+00:00
[2025-12-29T13:18:50.962+0000] {processor.py:183} INFO - Processing /home/airflow/.local/lib/python3.12/site-packages/airflow/example_dags/example_short_circuit_operator.py took 0.195 seconds
[2025-12-29T13:19:21.304+0000] {processor.py:161} INFO - Started process (PID=5005) to work on /home/airflow/.local/lib/python3.12/site-packages/airflow/example_dags/example_short_circuit_operator.py
[2025-12-29T13:19:21.306+0000] {processor.py:830} INFO - Processing file /home/airflow/.local/lib/python3.12/site-packages/airflow/example_dags/example_short_circuit_operator.py for tasks to queue
[2025-12-29T13:19:21.311+0000] {logging_mixin.py:188} INFO - [2025-12-29T13:19:21.310+0000] {dagbag.py:545} INFO - Filling up the DagBag from /home/airflow/.local/lib/python3.12/site-packages/airflow/example_dags/example_short_circuit_operator.py
[2025-12-29T13:19:21.326+0000] {processor.py:840} INFO - DAG(s) 'example_short_circuit_operator' retrieved from /home/airflow/.local/lib/python3.12/site-packages/airflow/example_dags/example_short_circuit_operator.py
[2025-12-29T13:19:21.389+0000] {logging_mixin.py:188} INFO - [2025-12-29T13:19:21.388+0000] {dag.py:3096} INFO - Sync 1 DAGs
[2025-12-29T13:19:21.436+0000] {logging_mixin.py:188} INFO - [2025-12-29T13:19:21.436+0000] {dag.py:3954} INFO - Setting next_dagrun for example_short_circuit_operator to 2025-12-28 00:00:00+00:00, run_after=2025-12-29 00:00:00+00:00
[2025-12-29T13:19:21.482+0000] {processor.py:183} INFO - Processing /home/airflow/.local/lib/python3.12/site-packages/airflow/example_dags/example_short_circuit_operator.py took 0.190 seconds
[2025-12-29T13:19:52.139+0000] {processor.py:161} INFO - Started process (PID=5264) to work on /home/airflow/.local/lib/python3.12/site-packages/airflow/example_dags/example_short_circuit_operator.py
[2025-12-29T13:19:52.141+0000] {processor.py:830} INFO - Processing file /home/airflow/.local/lib/python3.12/site-packages/airflow/example_dags/example_short_circuit_operator.py for tasks to queue
[2025-12-29T13:19:52.145+0000] {logging_mixin.py:188} INFO - [2025-12-29T13:19:52.144+0000] {dagbag.py:545} INFO - Filling up the DagBag from /home/airflow/.local/lib/python3.12/site-packages/airflow/example_dags/example_short_circuit_operator.py
[2025-12-29T13:19:52.163+0000] {processor.py:840} INFO - DAG(s) 'example_short_circuit_operator' retrieved from /home/airflow/.local/lib/python3.12/site-packages/airflow/example_dags/example_short_circuit_operator.py
[2025-12-29T13:19:52.228+0000] {logging_mixin.py:188} INFO - [2025-12-29T13:19:52.228+0000] {dag.py:3096} INFO - Sync 1 DAGs
[2025-12-29T13:19:52.285+0000] {logging_mixin.py:188} INFO - [2025-12-29T13:19:52.284+0000] {dag.py:3954} INFO - Setting next_dagrun for example_short_circuit_operator to 2025-12-28 00:00:00+00:00, run_after=2025-12-29 00:00:00+00:00
[2025-12-29T13:19:52.333+0000] {processor.py:183} INFO - Processing /home/airflow/.local/lib/python3.12/site-packages/airflow/example_dags/example_short_circuit_operator.py took 0.210 seconds
[2025-12-29T13:20:22.518+0000] {processor.py:161} INFO - Started process (PID=5527) to work on /home/airflow/.local/lib/python3.12/site-packages/airflow/example_dags/example_short_circuit_operator.py
[2025-12-29T13:20:22.520+0000] {processor.py:830} INFO - Processing file /home/airflow/.local/lib/python3.12/site-packages/airflow/example_dags/example_short_circuit_operator.py for tasks to queue
[2025-12-29T13:20:22.523+0000] {logging_mixin.py:188} INFO - [2025-12-29T13:20:22.523+0000] {dagbag.py:545} INFO - Filling up the DagBag from /home/airflow/.local/lib/python3.12/site-packages/airflow/example_dags/example_short_circuit_operator.py
[2025-12-29T13:20:22.537+0000] {processor.py:840} INFO - DAG(s) 'example_short_circuit_operator' retrieved from /home/airflow/.local/lib/python3.12/site-packages/airflow/example_dags/example_short_circuit_operator.py
[2025-12-29T13:20:22.587+0000] {logging_mixin.py:188} INFO - [2025-12-29T13:20:22.587+0000] {dag.py:3096} INFO - Sync 1 DAGs
[2025-12-29T13:20:22.634+0000] {logging_mixin.py:188} INFO - [2025-12-29T13:20:22.633+0000] {dag.py:3954} INFO - Setting next_dagrun for example_short_circuit_operator to 2025-12-28 00:00:00+00:00, run_after=2025-12-29 00:00:00+00:00
[2025-12-29T13:20:22.676+0000] {processor.py:183} INFO - Processing /home/airflow/.local/lib/python3.12/site-packages/airflow/example_dags/example_short_circuit_operator.py took 0.168 seconds
[2025-12-29T13:20:53.312+0000] {processor.py:161} INFO - Started process (PID=5786) to work on /home/airflow/.local/lib/python3.12/site-packages/airflow/example_dags/example_short_circuit_operator.py
[2025-12-29T13:20:53.314+0000] {processor.py:830} INFO - Processing file /home/airflow/.local/lib/python3.12/site-packages/airflow/example_dags/example_short_circuit_operator.py for tasks to queue
[2025-12-29T13:20:53.319+0000] {logging_mixin.py:188} INFO - [2025-12-29T13:20:53.318+0000] {dagbag.py:545} INFO - Filling up the DagBag from /home/airflow/.local/lib/python3.12/site-packages/airflow/example_dags/example_short_circuit_operator.py
[2025-12-29T13:20:53.340+0000] {processor.py:840} INFO - DAG(s) 'example_short_circuit_operator' retrieved from /home/airflow/.local/lib/python3.12/site-packages/airflow/example_dags/example_short_circuit_operator.py
[2025-12-29T13:20:53.397+0000] {logging_mixin.py:188} INFO - [2025-12-29T13:20:53.397+0000] {dag.py:3096} INFO - Sync 1 DAGs
[2025-12-29T13:20:53.463+0000] {logging_mixin.py:188} INFO - [2025-12-29T13:20:53.463+0000] {dag.py:3954} INFO - Setting next_dagrun for example_short_circuit_operator to 2025-12-28 00:00:00+00:00, run_after=2025-12-29 00:00:00+00:00
[2025-12-29T13:20:53.516+0000] {processor.py:183} INFO - Processing /home/airflow/.local/lib/python3.12/site-packages/airflow/example_dags/example_short_circuit_operator.py took 0.220 seconds
[2025-12-29T13:21:23.987+0000] {processor.py:161} INFO - Started process (PID=6047) to work on /home/airflow/.local/lib/python3.12/site-packages/airflow/example_dags/example_short_circuit_operator.py
[2025-12-29T13:21:23.989+0000] {processor.py:830} INFO - Processing file /home/airflow/.local/lib/python3.12/site-packages/airflow/example_dags/example_short_circuit_operator.py for tasks to queue
[2025-12-29T13:21:23.993+0000] {logging_mixin.py:188} INFO - [2025-12-29T13:21:23.992+0000] {dagbag.py:545} INFO - Filling up the DagBag from /home/airflow/.local/lib/python3.12/site-packages/airflow/example_dags/example_short_circuit_operator.py
[2025-12-29T13:21:24.008+0000] {processor.py:840} INFO - DAG(s) 'example_short_circuit_operator' retrieved from /home/airflow/.local/lib/python3.12/site-packages/airflow/example_dags/example_short_circuit_operator.py
[2025-12-29T13:21:24.066+0000] {logging_mixin.py:188} INFO - [2025-12-29T13:21:24.065+0000] {dag.py:3096} INFO - Sync 1 DAGs
[2025-12-29T13:21:24.121+0000] {logging_mixin.py:188} INFO - [2025-12-29T13:21:24.120+0000] {dag.py:3954} INFO - Setting next_dagrun for example_short_circuit_operator to 2025-12-28 00:00:00+00:00, run_after=2025-12-29 00:00:00+00:00
[2025-12-29T13:21:24.170+0000] {processor.py:183} INFO - Processing /home/airflow/.local/lib/python3.12/site-packages/airflow/example_dags/example_short_circuit_operator.py took 0.196 seconds
[2025-12-29T13:21:54.885+0000] {processor.py:161} INFO - Started process (PID=6308) to work on /home/airflow/.local/lib/python3.12/site-packages/airflow/example_dags/example_short_circuit_operator.py
[2025-12-29T13:21:54.887+0000] {processor.py:830} INFO - Processing file /home/airflow/.local/lib/python3.12/site-packages/airflow/example_dags/example_short_circuit_operator.py for tasks to queue
[2025-12-29T13:21:54.890+0000] {logging_mixin.py:188} INFO - [2025-12-29T13:21:54.890+0000] {dagbag.py:545} INFO - Filling up the DagBag from /home/airflow/.local/lib/python3.12/site-packages/airflow/example_dags/example_short_circuit_operator.py
[2025-12-29T13:21:54.905+0000] {processor.py:840} INFO - DAG(s) 'example_short_circuit_operator' retrieved from /home/airflow/.local/lib/python3.12/site-packages/airflow/example_dags/example_short_circuit_operator.py
[2025-12-29T13:21:54.959+0000] {logging_mixin.py:188} INFO - [2025-12-29T13:21:54.959+0000] {dag.py:3096} INFO - Sync 1 DAGs
[2025-12-29T13:21:55.007+0000] {logging_mixin.py:188} INFO - [2025-12-29T13:21:55.006+0000] {dag.py:3954} INFO - Setting next_dagrun for example_short_circuit_operator to 2025-12-28 00:00:00+00:00, run_after=2025-12-29 00:00:00+00:00
[2025-12-29T13:21:55.052+0000] {processor.py:183} INFO - Processing /home/airflow/.local/lib/python3.12/site-packages/airflow/example_dags/example_short_circuit_operator.py took 0.181 seconds
[2025-12-29T13:22:25.253+0000] {processor.py:161} INFO - Started process (PID=6569) to work on /home/airflow/.local/lib/python3.12/site-packages/airflow/example_dags/example_short_circuit_operator.py
[2025-12-29T13:22:25.255+0000] {processor.py:830} INFO - Processing file /home/airflow/.local/lib/python3.12/site-packages/airflow/example_dags/example_short_circuit_operator.py for tasks to queue
[2025-12-29T13:22:25.259+0000] {logging_mixin.py:188} INFO - [2025-12-29T13:22:25.258+0000] {dagbag.py:545} INFO - Filling up the DagBag from /home/airflow/.local/lib/python3.12/site-packages/airflow/example_dags/example_short_circuit_operator.py
[2025-12-29T13:22:25.272+0000] {processor.py:840} INFO - DAG(s) 'example_short_circuit_operator' retrieved from /home/airflow/.local/lib/python3.12/site-packages/airflow/example_dags/example_short_circuit_operator.py
[2025-12-29T13:22:25.323+0000] {logging_mixin.py:188} INFO - [2025-12-29T13:22:25.322+0000] {dag.py:3096} INFO - Sync 1 DAGs
[2025-12-29T13:22:25.368+0000] {logging_mixin.py:188} INFO - [2025-12-29T13:22:25.368+0000] {dag.py:3954} INFO - Setting next_dagrun for example_short_circuit_operator to 2025-12-28 00:00:00+00:00, run_after=2025-12-29 00:00:00+00:00
[2025-12-29T13:22:25.409+0000] {processor.py:183} INFO - Processing /home/airflow/.local/lib/python3.12/site-packages/airflow/example_dags/example_short_circuit_operator.py took 0.167 seconds
[2025-12-29T13:22:56.448+0000] {processor.py:161} INFO - Started process (PID=6830) to work on /home/airflow/.local/lib/python3.12/site-packages/airflow/example_dags/example_short_circuit_operator.py
[2025-12-29T13:22:56.450+0000] {processor.py:830} INFO - Processing file /home/airflow/.local/lib/python3.12/site-packages/airflow/example_dags/example_short_circuit_operator.py for tasks to queue
[2025-12-29T13:22:56.453+0000] {logging_mixin.py:188} INFO - [2025-12-29T13:22:56.453+0000] {dagbag.py:545} INFO - Filling up the DagBag from /home/airflow/.local/lib/python3.12/site-packages/airflow/example_dags/example_short_circuit_operator.py
[2025-12-29T13:22:56.467+0000] {processor.py:840} INFO - DAG(s) 'example_short_circuit_operator' retrieved from /home/airflow/.local/lib/python3.12/site-packages/airflow/example_dags/example_short_circuit_operator.py
[2025-12-29T13:22:56.521+0000] {logging_mixin.py:188} INFO - [2025-12-29T13:22:56.520+0000] {dag.py:3096} INFO - Sync 1 DAGs
[2025-12-29T13:22:56.571+0000] {logging_mixin.py:188} INFO - [2025-12-29T13:22:56.570+0000] {dag.py:3954} INFO - Setting next_dagrun for example_short_circuit_operator to 2025-12-28 00:00:00+00:00, run_after=2025-12-29 00:00:00+00:00
[2025-12-29T13:22:56.616+0000] {processor.py:183} INFO - Processing /home/airflow/.local/lib/python3.12/site-packages/airflow/example_dags/example_short_circuit_operator.py took 0.178 seconds
[2025-12-29T13:23:27.216+0000] {processor.py:161} INFO - Started process (PID=7091) to work on /home/airflow/.local/lib/python3.12/site-packages/airflow/example_dags/example_short_circuit_operator.py
[2025-12-29T13:23:27.219+0000] {processor.py:830} INFO - Processing file /home/airflow/.local/lib/python3.12/site-packages/airflow/example_dags/example_short_circuit_operator.py for tasks to queue
[2025-12-29T13:23:27.222+0000] {logging_mixin.py:188} INFO - [2025-12-29T13:23:27.221+0000] {dagbag.py:545} INFO - Filling up the DagBag from /home/airflow/.local/lib/python3.12/site-packages/airflow/example_dags/example_short_circuit_operator.py
[2025-12-29T13:23:27.236+0000] {processor.py:840} INFO - DAG(s) 'example_short_circuit_operator' retrieved from /home/airflow/.local/lib/python3.12/site-packages/airflow/example_dags/example_short_circuit_operator.py
[2025-12-29T13:23:27.292+0000] {logging_mixin.py:188} INFO - [2025-12-29T13:23:27.292+0000] {dag.py:3096} INFO - Sync 1 DAGs
[2025-12-29T13:23:27.341+0000] {logging_mixin.py:188} INFO - [2025-12-29T13:23:27.341+0000] {dag.py:3954} INFO - Setting next_dagrun for example_short_circuit_operator to 2025-12-28 00:00:00+00:00, run_after=2025-12-29 00:00:00+00:00
[2025-12-29T13:23:27.387+0000] {processor.py:183} INFO - Processing /home/airflow/.local/lib/python3.12/site-packages/airflow/example_dags/example_short_circuit_operator.py took 0.181 seconds
[2025-12-29T13:23:58.120+0000] {processor.py:161} INFO - Started process (PID=7352) to work on /home/airflow/.local/lib/python3.12/site-packages/airflow/example_dags/example_short_circuit_operator.py
[2025-12-29T13:23:58.121+0000] {processor.py:830} INFO - Processing file /home/airflow/.local/lib/python3.12/site-packages/airflow/example_dags/example_short_circuit_operator.py for tasks to queue
[2025-12-29T13:23:58.125+0000] {logging_mixin.py:188} INFO - [2025-12-29T13:23:58.124+0000] {dagbag.py:545} INFO - Filling up the DagBag from /home/airflow/.local/lib/python3.12/site-packages/airflow/example_dags/example_short_circuit_operator.py
[2025-12-29T13:23:58.138+0000] {processor.py:840} INFO - DAG(s) 'example_short_circuit_operator' retrieved from /home/airflow/.local/lib/python3.12/site-packages/airflow/example_dags/example_short_circuit_operator.py
[2025-12-29T13:23:58.193+0000] {logging_mixin.py:188} INFO - [2025-12-29T13:23:58.193+0000] {dag.py:3096} INFO - Sync 1 DAGs
[2025-12-29T13:23:58.242+0000] {logging_mixin.py:188} INFO - [2025-12-29T13:23:58.241+0000] {dag.py:3954} INFO - Setting next_dagrun for example_short_circuit_operator to 2025-12-28 00:00:00+00:00, run_after=2025-12-29 00:00:00+00:00
[2025-12-29T13:23:58.288+0000] {processor.py:183} INFO - Processing /home/airflow/.local/lib/python3.12/site-packages/airflow/example_dags/example_short_circuit_operator.py took 0.179 seconds
[2025-12-29T13:24:28.958+0000] {processor.py:161} INFO - Started process (PID=7613) to work on /home/airflow/.local/lib/python3.12/site-packages/airflow/example_dags/example_short_circuit_operator.py
[2025-12-29T13:24:28.961+0000] {processor.py:830} INFO - Processing file /home/airflow/.local/lib/python3.12/site-packages/airflow/example_dags/example_short_circuit_operator.py for tasks to queue
[2025-12-29T13:24:28.964+0000] {logging_mixin.py:188} INFO - [2025-12-29T13:24:28.964+0000] {dagbag.py:545} INFO - Filling up the DagBag from /home/airflow/.local/lib/python3.12/site-packages/airflow/example_dags/example_short_circuit_operator.py
[2025-12-29T13:24:28.978+0000] {processor.py:840} INFO - DAG(s) 'example_short_circuit_operator' retrieved from /home/airflow/.local/lib/python3.12/site-packages/airflow/example_dags/example_short_circuit_operator.py
[2025-12-29T13:24:29.034+0000] {logging_mixin.py:188} INFO - [2025-12-29T13:24:29.034+0000] {dag.py:3096} INFO - Sync 1 DAGs
[2025-12-29T13:24:29.082+0000] {logging_mixin.py:188} INFO - [2025-12-29T13:24:29.081+0000] {dag.py:3954} INFO - Setting next_dagrun for example_short_circuit_operator to 2025-12-28 00:00:00+00:00, run_after=2025-12-29 00:00:00+00:00
[2025-12-29T13:24:29.121+0000] {processor.py:183} INFO - Processing /home/airflow/.local/lib/python3.12/site-packages/airflow/example_dags/example_short_circuit_operator.py took 0.173 seconds
[2025-12-29T13:24:59.335+0000] {processor.py:161} INFO - Started process (PID=7874) to work on /home/airflow/.local/lib/python3.12/site-packages/airflow/example_dags/example_short_circuit_operator.py
[2025-12-29T13:24:59.337+0000] {processor.py:830} INFO - Processing file /home/airflow/.local/lib/python3.12/site-packages/airflow/example_dags/example_short_circuit_operator.py for tasks to queue
[2025-12-29T13:24:59.341+0000] {logging_mixin.py:188} INFO - [2025-12-29T13:24:59.341+0000] {dagbag.py:545} INFO - Filling up the DagBag from /home/airflow/.local/lib/python3.12/site-packages/airflow/example_dags/example_short_circuit_operator.py
[2025-12-29T13:24:59.354+0000] {processor.py:840} INFO - DAG(s) 'example_short_circuit_operator' retrieved from /home/airflow/.local/lib/python3.12/site-packages/airflow/example_dags/example_short_circuit_operator.py
[2025-12-29T13:24:59.405+0000] {logging_mixin.py:188} INFO - [2025-12-29T13:24:59.404+0000] {dag.py:3096} INFO - Sync 1 DAGs
[2025-12-29T13:24:59.447+0000] {logging_mixin.py:188} INFO - [2025-12-29T13:24:59.446+0000] {dag.py:3954} INFO - Setting next_dagrun for example_short_circuit_operator to 2025-12-28 00:00:00+00:00, run_after=2025-12-29 00:00:00+00:00
[2025-12-29T13:24:59.487+0000] {processor.py:183} INFO - Processing /home/airflow/.local/lib/python3.12/site-packages/airflow/example_dags/example_short_circuit_operator.py took 0.162 seconds
[2025-12-29T13:25:29.880+0000] {processor.py:161} INFO - Started process (PID=8137) to work on /home/airflow/.local/lib/python3.12/site-packages/airflow/example_dags/example_short_circuit_operator.py
[2025-12-29T13:25:29.882+0000] {processor.py:830} INFO - Processing file /home/airflow/.local/lib/python3.12/site-packages/airflow/example_dags/example_short_circuit_operator.py for tasks to queue
[2025-12-29T13:25:29.886+0000] {logging_mixin.py:188} INFO - [2025-12-29T13:25:29.885+0000] {dagbag.py:545} INFO - Filling up the DagBag from /home/airflow/.local/lib/python3.12/site-packages/airflow/example_dags/example_short_circuit_operator.py
[2025-12-29T13:25:29.899+0000] {processor.py:840} INFO - DAG(s) 'example_short_circuit_operator' retrieved from /home/airflow/.local/lib/python3.12/site-packages/airflow/example_dags/example_short_circuit_operator.py
[2025-12-29T13:25:29.950+0000] {logging_mixin.py:188} INFO - [2025-12-29T13:25:29.949+0000] {dag.py:3096} INFO - Sync 1 DAGs
[2025-12-29T13:25:29.998+0000] {logging_mixin.py:188} INFO - [2025-12-29T13:25:29.998+0000] {dag.py:3954} INFO - Setting next_dagrun for example_short_circuit_operator to 2025-12-28 00:00:00+00:00, run_after=2025-12-29 00:00:00+00:00
[2025-12-29T13:25:30.039+0000] {processor.py:183} INFO - Processing /home/airflow/.local/lib/python3.12/site-packages/airflow/example_dags/example_short_circuit_operator.py took 0.169 seconds
[2025-12-29T13:26:00.648+0000] {processor.py:161} INFO - Started process (PID=8396) to work on /home/airflow/.local/lib/python3.12/site-packages/airflow/example_dags/example_short_circuit_operator.py
[2025-12-29T13:26:00.650+0000] {processor.py:830} INFO - Processing file /home/airflow/.local/lib/python3.12/site-packages/airflow/example_dags/example_short_circuit_operator.py for tasks to queue
[2025-12-29T13:26:00.653+0000] {logging_mixin.py:188} INFO - [2025-12-29T13:26:00.653+0000] {dagbag.py:545} INFO - Filling up the DagBag from /home/airflow/.local/lib/python3.12/site-packages/airflow/example_dags/example_short_circuit_operator.py
[2025-12-29T13:26:00.670+0000] {processor.py:840} INFO - DAG(s) 'example_short_circuit_operator' retrieved from /home/airflow/.local/lib/python3.12/site-packages/airflow/example_dags/example_short_circuit_operator.py
[2025-12-29T13:26:00.727+0000] {logging_mixin.py:188} INFO - [2025-12-29T13:26:00.726+0000] {dag.py:3096} INFO - Sync 1 DAGs
[2025-12-29T13:26:00.773+0000] {logging_mixin.py:188} INFO - [2025-12-29T13:26:00.773+0000] {dag.py:3954} INFO - Setting next_dagrun for example_short_circuit_operator to 2025-12-28 00:00:00+00:00, run_after=2025-12-29 00:00:00+00:00
[2025-12-29T13:26:00.815+0000] {processor.py:183} INFO - Processing /home/airflow/.local/lib/python3.12/site-packages/airflow/example_dags/example_short_circuit_operator.py took 0.178 seconds
[2025-12-29T13:26:31.259+0000] {processor.py:161} INFO - Started process (PID=8657) to work on /home/airflow/.local/lib/python3.12/site-packages/airflow/example_dags/example_short_circuit_operator.py
[2025-12-29T13:26:31.261+0000] {processor.py:830} INFO - Processing file /home/airflow/.local/lib/python3.12/site-packages/airflow/example_dags/example_short_circuit_operator.py for tasks to queue
[2025-12-29T13:26:31.265+0000] {logging_mixin.py:188} INFO - [2025-12-29T13:26:31.264+0000] {dagbag.py:545} INFO - Filling up the DagBag from /home/airflow/.local/lib/python3.12/site-packages/airflow/example_dags/example_short_circuit_operator.py
[2025-12-29T13:26:31.279+0000] {processor.py:840} INFO - DAG(s) 'example_short_circuit_operator' retrieved from /home/airflow/.local/lib/python3.12/site-packages/airflow/example_dags/example_short_circuit_operator.py
[2025-12-29T13:26:31.334+0000] {logging_mixin.py:188} INFO - [2025-12-29T13:26:31.334+0000] {dag.py:3096} INFO - Sync 1 DAGs
[2025-12-29T13:26:31.395+0000] {logging_mixin.py:188} INFO - [2025-12-29T13:26:31.395+0000] {dag.py:3954} INFO - Setting next_dagrun for example_short_circuit_operator to 2025-12-28 00:00:00+00:00, run_after=2025-12-29 00:00:00+00:00
[2025-12-29T13:26:31.443+0000] {processor.py:183} INFO - Processing /home/airflow/.local/lib/python3.12/site-packages/airflow/example_dags/example_short_circuit_operator.py took 0.196 seconds
[2025-12-29T13:27:01.850+0000] {processor.py:161} INFO - Started process (PID=8918) to work on /home/airflow/.local/lib/python3.12/site-packages/airflow/example_dags/example_short_circuit_operator.py
[2025-12-29T13:27:01.853+0000] {processor.py:830} INFO - Processing file /home/airflow/.local/lib/python3.12/site-packages/airflow/example_dags/example_short_circuit_operator.py for tasks to queue
[2025-12-29T13:27:01.856+0000] {logging_mixin.py:188} INFO - [2025-12-29T13:27:01.855+0000] {dagbag.py:545} INFO - Filling up the DagBag from /home/airflow/.local/lib/python3.12/site-packages/airflow/example_dags/example_short_circuit_operator.py
[2025-12-29T13:27:01.872+0000] {processor.py:840} INFO - DAG(s) 'example_short_circuit_operator' retrieved from /home/airflow/.local/lib/python3.12/site-packages/airflow/example_dags/example_short_circuit_operator.py
[2025-12-29T13:27:01.929+0000] {logging_mixin.py:188} INFO - [2025-12-29T13:27:01.928+0000] {dag.py:3096} INFO - Sync 1 DAGs
[2025-12-29T13:27:01.974+0000] {logging_mixin.py:188} INFO - [2025-12-29T13:27:01.973+0000] {dag.py:3954} INFO - Setting next_dagrun for example_short_circuit_operator to 2025-12-28 00:00:00+00:00, run_after=2025-12-29 00:00:00+00:00
[2025-12-29T13:27:02.015+0000] {processor.py:183} INFO - Processing /home/airflow/.local/lib/python3.12/site-packages/airflow/example_dags/example_short_circuit_operator.py took 0.176 seconds
[2025-12-29T13:27:36.328+0000] {processor.py:161} INFO - Started process (PID=9230) to work on /home/airflow/.local/lib/python3.12/site-packages/airflow/example_dags/example_short_circuit_operator.py
[2025-12-29T13:27:36.330+0000] {processor.py:830} INFO - Processing file /home/airflow/.local/lib/python3.12/site-packages/airflow/example_dags/example_short_circuit_operator.py for tasks to queue
[2025-12-29T13:27:36.334+0000] {logging_mixin.py:188} INFO - [2025-12-29T13:27:36.334+0000] {dagbag.py:545} INFO - Filling up the DagBag from /home/airflow/.local/lib/python3.12/site-packages/airflow/example_dags/example_short_circuit_operator.py
[2025-12-29T13:27:36.351+0000] {processor.py:840} INFO - DAG(s) 'example_short_circuit_operator' retrieved from /home/airflow/.local/lib/python3.12/site-packages/airflow/example_dags/example_short_circuit_operator.py
[2025-12-29T13:27:36.408+0000] {logging_mixin.py:188} INFO - [2025-12-29T13:27:36.407+0000] {dag.py:3096} INFO - Sync 1 DAGs
[2025-12-29T13:27:36.468+0000] {logging_mixin.py:188} INFO - [2025-12-29T13:27:36.467+0000] {dag.py:3954} INFO - Setting next_dagrun for example_short_circuit_operator to 2025-12-28 00:00:00+00:00, run_after=2025-12-29 00:00:00+00:00
[2025-12-29T13:27:36.517+0000] {processor.py:183} INFO - Processing /home/airflow/.local/lib/python3.12/site-packages/airflow/example_dags/example_short_circuit_operator.py took 0.200 seconds
[2025-12-29T13:28:07.426+0000] {processor.py:161} INFO - Started process (PID=9535) to work on /home/airflow/.local/lib/python3.12/site-packages/airflow/example_dags/example_short_circuit_operator.py
[2025-12-29T13:28:07.428+0000] {processor.py:830} INFO - Processing file /home/airflow/.local/lib/python3.12/site-packages/airflow/example_dags/example_short_circuit_operator.py for tasks to queue
[2025-12-29T13:28:07.432+0000] {logging_mixin.py:188} INFO - [2025-12-29T13:28:07.432+0000] {dagbag.py:545} INFO - Filling up the DagBag from /home/airflow/.local/lib/python3.12/site-packages/airflow/example_dags/example_short_circuit_operator.py
[2025-12-29T13:28:07.448+0000] {processor.py:840} INFO - DAG(s) 'example_short_circuit_operator' retrieved from /home/airflow/.local/lib/python3.12/site-packages/airflow/example_dags/example_short_circuit_operator.py
[2025-12-29T13:28:07.507+0000] {logging_mixin.py:188} INFO - [2025-12-29T13:28:07.507+0000] {dag.py:3096} INFO - Sync 1 DAGs
[2025-12-29T13:28:07.556+0000] {logging_mixin.py:188} INFO - [2025-12-29T13:28:07.555+0000] {dag.py:3954} INFO - Setting next_dagrun for example_short_circuit_operator to 2025-12-28 00:00:00+00:00, run_after=2025-12-29 00:00:00+00:00
[2025-12-29T13:28:07.602+0000] {processor.py:183} INFO - Processing /home/airflow/.local/lib/python3.12/site-packages/airflow/example_dags/example_short_circuit_operator.py took 0.187 seconds
[2025-12-29T13:28:37.812+0000] {processor.py:161} INFO - Started process (PID=9794) to work on /home/airflow/.local/lib/python3.12/site-packages/airflow/example_dags/example_short_circuit_operator.py
[2025-12-29T13:28:37.814+0000] {processor.py:830} INFO - Processing file /home/airflow/.local/lib/python3.12/site-packages/airflow/example_dags/example_short_circuit_operator.py for tasks to queue
[2025-12-29T13:28:37.817+0000] {logging_mixin.py:188} INFO - [2025-12-29T13:28:37.817+0000] {dagbag.py:545} INFO - Filling up the DagBag from /home/airflow/.local/lib/python3.12/site-packages/airflow/example_dags/example_short_circuit_operator.py
[2025-12-29T13:28:37.832+0000] {processor.py:840} INFO - DAG(s) 'example_short_circuit_operator' retrieved from /home/airflow/.local/lib/python3.12/site-packages/airflow/example_dags/example_short_circuit_operator.py
[2025-12-29T13:28:37.887+0000] {logging_mixin.py:188} INFO - [2025-12-29T13:28:37.887+0000] {dag.py:3096} INFO - Sync 1 DAGs
[2025-12-29T13:28:37.934+0000] {logging_mixin.py:188} INFO - [2025-12-29T13:28:37.933+0000] {dag.py:3954} INFO - Setting next_dagrun for example_short_circuit_operator to 2025-12-28 00:00:00+00:00, run_after=2025-12-29 00:00:00+00:00
[2025-12-29T13:28:37.975+0000] {processor.py:183} INFO - Processing /home/airflow/.local/lib/python3.12/site-packages/airflow/example_dags/example_short_circuit_operator.py took 0.175 seconds
[2025-12-29T13:29:08.791+0000] {processor.py:161} INFO - Started process (PID=10055) to work on /home/airflow/.local/lib/python3.12/site-packages/airflow/example_dags/example_short_circuit_operator.py
[2025-12-29T13:29:08.793+0000] {processor.py:830} INFO - Processing file /home/airflow/.local/lib/python3.12/site-packages/airflow/example_dags/example_short_circuit_operator.py for tasks to queue
[2025-12-29T13:29:08.797+0000] {logging_mixin.py:188} INFO - [2025-12-29T13:29:08.797+0000] {dagbag.py:545} INFO - Filling up the DagBag from /home/airflow/.local/lib/python3.12/site-packages/airflow/example_dags/example_short_circuit_operator.py
[2025-12-29T13:29:08.813+0000] {processor.py:840} INFO - DAG(s) 'example_short_circuit_operator' retrieved from /home/airflow/.local/lib/python3.12/site-packages/airflow/example_dags/example_short_circuit_operator.py
[2025-12-29T13:29:08.866+0000] {logging_mixin.py:188} INFO - [2025-12-29T13:29:08.865+0000] {dag.py:3096} INFO - Sync 1 DAGs
[2025-12-29T13:29:08.912+0000] {logging_mixin.py:188} INFO - [2025-12-29T13:29:08.911+0000] {dag.py:3954} INFO - Setting next_dagrun for example_short_circuit_operator to 2025-12-28 00:00:00+00:00, run_after=2025-12-29 00:00:00+00:00
[2025-12-29T13:29:08.954+0000] {processor.py:183} INFO - Processing /home/airflow/.local/lib/python3.12/site-packages/airflow/example_dags/example_short_circuit_operator.py took 0.174 seconds
[2025-12-29T13:29:40.245+0000] {processor.py:161} INFO - Started process (PID=10320) to work on /home/airflow/.local/lib/python3.12/site-packages/airflow/example_dags/example_short_circuit_operator.py
[2025-12-29T13:29:40.247+0000] {processor.py:830} INFO - Processing file /home/airflow/.local/lib/python3.12/site-packages/airflow/example_dags/example_short_circuit_operator.py for tasks to queue
[2025-12-29T13:29:40.251+0000] {logging_mixin.py:188} INFO - [2025-12-29T13:29:40.251+0000] {dagbag.py:545} INFO - Filling up the DagBag from /home/airflow/.local/lib/python3.12/site-packages/airflow/example_dags/example_short_circuit_operator.py
[2025-12-29T13:29:40.271+0000] {processor.py:840} INFO - DAG(s) 'example_short_circuit_operator' retrieved from /home/airflow/.local/lib/python3.12/site-packages/airflow/example_dags/example_short_circuit_operator.py
[2025-12-29T13:29:40.335+0000] {logging_mixin.py:188} INFO - [2025-12-29T13:29:40.334+0000] {dag.py:3096} INFO - Sync 1 DAGs
[2025-12-29T13:29:40.378+0000] {logging_mixin.py:188} INFO - [2025-12-29T13:29:40.377+0000] {dag.py:3954} INFO - Setting next_dagrun for example_short_circuit_operator to 2025-12-28 00:00:00+00:00, run_after=2025-12-29 00:00:00+00:00
[2025-12-29T13:29:40.413+0000] {processor.py:183} INFO - Processing /home/airflow/.local/lib/python3.12/site-packages/airflow/example_dags/example_short_circuit_operator.py took 0.179 seconds
[2025-12-29T13:30:12.753+0000] {processor.py:161} INFO - Started process (PID=10625) to work on /home/airflow/.local/lib/python3.12/site-packages/airflow/example_dags/example_short_circuit_operator.py
[2025-12-29T13:30:12.756+0000] {processor.py:830} INFO - Processing file /home/airflow/.local/lib/python3.12/site-packages/airflow/example_dags/example_short_circuit_operator.py for tasks to queue
[2025-12-29T13:30:12.761+0000] {logging_mixin.py:188} INFO - [2025-12-29T13:30:12.760+0000] {dagbag.py:545} INFO - Filling up the DagBag from /home/airflow/.local/lib/python3.12/site-packages/airflow/example_dags/example_short_circuit_operator.py
[2025-12-29T13:30:12.779+0000] {processor.py:840} INFO - DAG(s) 'example_short_circuit_operator' retrieved from /home/airflow/.local/lib/python3.12/site-packages/airflow/example_dags/example_short_circuit_operator.py
[2025-12-29T13:30:12.835+0000] {logging_mixin.py:188} INFO - [2025-12-29T13:30:12.835+0000] {dag.py:3096} INFO - Sync 1 DAGs
[2025-12-29T13:30:12.886+0000] {logging_mixin.py:188} INFO - [2025-12-29T13:30:12.885+0000] {dag.py:3954} INFO - Setting next_dagrun for example_short_circuit_operator to 2025-12-28 00:00:00+00:00, run_after=2025-12-29 00:00:00+00:00
[2025-12-29T13:30:12.931+0000] {processor.py:183} INFO - Processing /home/airflow/.local/lib/python3.12/site-packages/airflow/example_dags/example_short_circuit_operator.py took 0.197 seconds
[2025-12-29T13:30:43.595+0000] {processor.py:161} INFO - Started process (PID=10882) to work on /home/airflow/.local/lib/python3.12/site-packages/airflow/example_dags/example_short_circuit_operator.py
[2025-12-29T13:30:43.596+0000] {processor.py:830} INFO - Processing file /home/airflow/.local/lib/python3.12/site-packages/airflow/example_dags/example_short_circuit_operator.py for tasks to queue
[2025-12-29T13:30:43.600+0000] {logging_mixin.py:188} INFO - [2025-12-29T13:30:43.599+0000] {dagbag.py:545} INFO - Filling up the DagBag from /home/airflow/.local/lib/python3.12/site-packages/airflow/example_dags/example_short_circuit_operator.py
[2025-12-29T13:30:43.614+0000] {processor.py:840} INFO - DAG(s) 'example_short_circuit_operator' retrieved from /home/airflow/.local/lib/python3.12/site-packages/airflow/example_dags/example_short_circuit_operator.py
[2025-12-29T13:30:43.933+0000] {logging_mixin.py:188} INFO - [2025-12-29T13:30:43.932+0000] {dag.py:3096} INFO - Sync 1 DAGs
[2025-12-29T13:30:43.981+0000] {logging_mixin.py:188} INFO - [2025-12-29T13:30:43.981+0000] {dag.py:3954} INFO - Setting next_dagrun for example_short_circuit_operator to 2025-12-28 00:00:00+00:00, run_after=2025-12-29 00:00:00+00:00
[2025-12-29T13:30:44.023+0000] {processor.py:183} INFO - Processing /home/airflow/.local/lib/python3.12/site-packages/airflow/example_dags/example_short_circuit_operator.py took 0.442 seconds
[2025-12-29T13:31:14.522+0000] {processor.py:161} INFO - Started process (PID=11141) to work on /home/airflow/.local/lib/python3.12/site-packages/airflow/example_dags/example_short_circuit_operator.py
[2025-12-29T13:31:14.525+0000] {processor.py:830} INFO - Processing file /home/airflow/.local/lib/python3.12/site-packages/airflow/example_dags/example_short_circuit_operator.py for tasks to queue
[2025-12-29T13:31:14.529+0000] {logging_mixin.py:188} INFO - [2025-12-29T13:31:14.528+0000] {dagbag.py:545} INFO - Filling up the DagBag from /home/airflow/.local/lib/python3.12/site-packages/airflow/example_dags/example_short_circuit_operator.py
[2025-12-29T13:31:14.549+0000] {processor.py:840} INFO - DAG(s) 'example_short_circuit_operator' retrieved from /home/airflow/.local/lib/python3.12/site-packages/airflow/example_dags/example_short_circuit_operator.py
[2025-12-29T13:31:14.611+0000] {logging_mixin.py:188} INFO - [2025-12-29T13:31:14.611+0000] {dag.py:3096} INFO - Sync 1 DAGs
[2025-12-29T13:31:14.664+0000] {logging_mixin.py:188} INFO - [2025-12-29T13:31:14.664+0000] {dag.py:3954} INFO - Setting next_dagrun for example_short_circuit_operator to 2025-12-28 00:00:00+00:00, run_after=2025-12-29 00:00:00+00:00
[2025-12-29T13:31:14.711+0000] {processor.py:183} INFO - Processing /home/airflow/.local/lib/python3.12/site-packages/airflow/example_dags/example_short_circuit_operator.py took 0.203 seconds
[2025-12-29T13:31:44.923+0000] {processor.py:161} INFO - Started process (PID=11409) to work on /home/airflow/.local/lib/python3.12/site-packages/airflow/example_dags/example_short_circuit_operator.py
[2025-12-29T13:31:44.925+0000] {processor.py:830} INFO - Processing file /home/airflow/.local/lib/python3.12/site-packages/airflow/example_dags/example_short_circuit_operator.py for tasks to queue
[2025-12-29T13:31:44.929+0000] {logging_mixin.py:188} INFO - [2025-12-29T13:31:44.928+0000] {dagbag.py:545} INFO - Filling up the DagBag from /home/airflow/.local/lib/python3.12/site-packages/airflow/example_dags/example_short_circuit_operator.py
[2025-12-29T13:31:44.943+0000] {processor.py:840} INFO - DAG(s) 'example_short_circuit_operator' retrieved from /home/airflow/.local/lib/python3.12/site-packages/airflow/example_dags/example_short_circuit_operator.py
[2025-12-29T13:31:44.999+0000] {logging_mixin.py:188} INFO - [2025-12-29T13:31:44.998+0000] {dag.py:3096} INFO - Sync 1 DAGs
[2025-12-29T13:31:45.045+0000] {logging_mixin.py:188} INFO - [2025-12-29T13:31:45.045+0000] {dag.py:3954} INFO - Setting next_dagrun for example_short_circuit_operator to 2025-12-28 00:00:00+00:00, run_after=2025-12-29 00:00:00+00:00
[2025-12-29T13:31:45.098+0000] {processor.py:183} INFO - Processing /home/airflow/.local/lib/python3.12/site-packages/airflow/example_dags/example_short_circuit_operator.py took 0.185 seconds
[2025-12-29T13:32:15.448+0000] {processor.py:161} INFO - Started process (PID=11750) to work on /home/airflow/.local/lib/python3.12/site-packages/airflow/example_dags/example_short_circuit_operator.py
[2025-12-29T13:32:15.450+0000] {processor.py:830} INFO - Processing file /home/airflow/.local/lib/python3.12/site-packages/airflow/example_dags/example_short_circuit_operator.py for tasks to queue
[2025-12-29T13:32:15.453+0000] {logging_mixin.py:188} INFO - [2025-12-29T13:32:15.453+0000] {dagbag.py:545} INFO - Filling up the DagBag from /home/airflow/.local/lib/python3.12/site-packages/airflow/example_dags/example_short_circuit_operator.py
[2025-12-29T13:32:15.468+0000] {processor.py:840} INFO - DAG(s) 'example_short_circuit_operator' retrieved from /home/airflow/.local/lib/python3.12/site-packages/airflow/example_dags/example_short_circuit_operator.py
[2025-12-29T13:32:15.520+0000] {logging_mixin.py:188} INFO - [2025-12-29T13:32:15.520+0000] {dag.py:3096} INFO - Sync 1 DAGs
[2025-12-29T13:32:15.565+0000] {logging_mixin.py:188} INFO - [2025-12-29T13:32:15.565+0000] {dag.py:3954} INFO - Setting next_dagrun for example_short_circuit_operator to 2025-12-28 00:00:00+00:00, run_after=2025-12-29 00:00:00+00:00
[2025-12-29T13:32:15.606+0000] {processor.py:183} INFO - Processing /home/airflow/.local/lib/python3.12/site-packages/airflow/example_dags/example_short_circuit_operator.py took 0.173 seconds
[2025-12-29T13:32:45.909+0000] {processor.py:161} INFO - Started process (PID=12011) to work on /home/airflow/.local/lib/python3.12/site-packages/airflow/example_dags/example_short_circuit_operator.py
[2025-12-29T13:32:45.911+0000] {processor.py:830} INFO - Processing file /home/airflow/.local/lib/python3.12/site-packages/airflow/example_dags/example_short_circuit_operator.py for tasks to queue
[2025-12-29T13:32:45.915+0000] {logging_mixin.py:188} INFO - [2025-12-29T13:32:45.915+0000] {dagbag.py:545} INFO - Filling up the DagBag from /home/airflow/.local/lib/python3.12/site-packages/airflow/example_dags/example_short_circuit_operator.py
[2025-12-29T13:32:45.931+0000] {processor.py:840} INFO - DAG(s) 'example_short_circuit_operator' retrieved from /home/airflow/.local/lib/python3.12/site-packages/airflow/example_dags/example_short_circuit_operator.py
[2025-12-29T13:32:45.987+0000] {logging_mixin.py:188} INFO - [2025-12-29T13:32:45.986+0000] {dag.py:3096} INFO - Sync 1 DAGs
[2025-12-29T13:32:46.037+0000] {logging_mixin.py:188} INFO - [2025-12-29T13:32:46.036+0000] {dag.py:3954} INFO - Setting next_dagrun for example_short_circuit_operator to 2025-12-28 00:00:00+00:00, run_after=2025-12-29 00:00:00+00:00
[2025-12-29T13:32:46.077+0000] {processor.py:183} INFO - Processing /home/airflow/.local/lib/python3.12/site-packages/airflow/example_dags/example_short_circuit_operator.py took 0.181 seconds
[2025-12-29T13:33:16.273+0000] {processor.py:161} INFO - Started process (PID=12272) to work on /home/airflow/.local/lib/python3.12/site-packages/airflow/example_dags/example_short_circuit_operator.py
[2025-12-29T13:33:16.275+0000] {processor.py:830} INFO - Processing file /home/airflow/.local/lib/python3.12/site-packages/airflow/example_dags/example_short_circuit_operator.py for tasks to queue
[2025-12-29T13:33:16.278+0000] {logging_mixin.py:188} INFO - [2025-12-29T13:33:16.278+0000] {dagbag.py:545} INFO - Filling up the DagBag from /home/airflow/.local/lib/python3.12/site-packages/airflow/example_dags/example_short_circuit_operator.py
[2025-12-29T13:33:16.292+0000] {processor.py:840} INFO - DAG(s) 'example_short_circuit_operator' retrieved from /home/airflow/.local/lib/python3.12/site-packages/airflow/example_dags/example_short_circuit_operator.py
[2025-12-29T13:33:16.347+0000] {logging_mixin.py:188} INFO - [2025-12-29T13:33:16.346+0000] {dag.py:3096} INFO - Sync 1 DAGs
[2025-12-29T13:33:16.393+0000] {logging_mixin.py:188} INFO - [2025-12-29T13:33:16.392+0000] {dag.py:3954} INFO - Setting next_dagrun for example_short_circuit_operator to 2025-12-28 00:00:00+00:00, run_after=2025-12-29 00:00:00+00:00
[2025-12-29T13:33:16.433+0000] {processor.py:183} INFO - Processing /home/airflow/.local/lib/python3.12/site-packages/airflow/example_dags/example_short_circuit_operator.py took 0.172 seconds
[2025-12-29T13:33:46.789+0000] {processor.py:161} INFO - Started process (PID=12534) to work on /home/airflow/.local/lib/python3.12/site-packages/airflow/example_dags/example_short_circuit_operator.py
[2025-12-29T13:33:46.792+0000] {processor.py:830} INFO - Processing file /home/airflow/.local/lib/python3.12/site-packages/airflow/example_dags/example_short_circuit_operator.py for tasks to queue
[2025-12-29T13:33:46.796+0000] {logging_mixin.py:188} INFO - [2025-12-29T13:33:46.795+0000] {dagbag.py:545} INFO - Filling up the DagBag from /home/airflow/.local/lib/python3.12/site-packages/airflow/example_dags/example_short_circuit_operator.py
[2025-12-29T13:33:46.815+0000] {processor.py:840} INFO - DAG(s) 'example_short_circuit_operator' retrieved from /home/airflow/.local/lib/python3.12/site-packages/airflow/example_dags/example_short_circuit_operator.py
[2025-12-29T13:33:46.876+0000] {logging_mixin.py:188} INFO - [2025-12-29T13:33:46.875+0000] {dag.py:3096} INFO - Sync 1 DAGs
[2025-12-29T13:33:46.941+0000] {logging_mixin.py:188} INFO - [2025-12-29T13:33:46.941+0000] {dag.py:3954} INFO - Setting next_dagrun for example_short_circuit_operator to 2025-12-28 00:00:00+00:00, run_after=2025-12-29 00:00:00+00:00
[2025-12-29T13:33:46.982+0000] {processor.py:183} INFO - Processing /home/airflow/.local/lib/python3.12/site-packages/airflow/example_dags/example_short_circuit_operator.py took 0.206 seconds
[2025-12-29T13:34:17.353+0000] {processor.py:161} INFO - Started process (PID=12827) to work on /home/airflow/.local/lib/python3.12/site-packages/airflow/example_dags/example_short_circuit_operator.py
[2025-12-29T13:34:17.355+0000] {processor.py:830} INFO - Processing file /home/airflow/.local/lib/python3.12/site-packages/airflow/example_dags/example_short_circuit_operator.py for tasks to queue
[2025-12-29T13:34:17.359+0000] {logging_mixin.py:188} INFO - [2025-12-29T13:34:17.358+0000] {dagbag.py:545} INFO - Filling up the DagBag from /home/airflow/.local/lib/python3.12/site-packages/airflow/example_dags/example_short_circuit_operator.py
[2025-12-29T13:34:17.373+0000] {processor.py:840} INFO - DAG(s) 'example_short_circuit_operator' retrieved from /home/airflow/.local/lib/python3.12/site-packages/airflow/example_dags/example_short_circuit_operator.py
[2025-12-29T13:34:17.430+0000] {logging_mixin.py:188} INFO - [2025-12-29T13:34:17.430+0000] {dag.py:3096} INFO - Sync 1 DAGs
[2025-12-29T13:34:17.479+0000] {logging_mixin.py:188} INFO - [2025-12-29T13:34:17.479+0000] {dag.py:3954} INFO - Setting next_dagrun for example_short_circuit_operator to 2025-12-28 00:00:00+00:00, run_after=2025-12-29 00:00:00+00:00
[2025-12-29T13:34:17.523+0000] {processor.py:183} INFO - Processing /home/airflow/.local/lib/python3.12/site-packages/airflow/example_dags/example_short_circuit_operator.py took 0.182 seconds
