[2025-12-29T13:10:07.775+0000] {processor.py:161} INFO - Started process (PID=250) to work on /home/airflow/.local/lib/python3.12/site-packages/airflow/example_dags/example_branch_operator.py
[2025-12-29T13:10:07.778+0000] {processor.py:830} INFO - Processing file /home/airflow/.local/lib/python3.12/site-packages/airflow/example_dags/example_branch_operator.py for tasks to queue
[2025-12-29T13:10:07.781+0000] {logging_mixin.py:188} INFO - [2025-12-29T13:10:07.780+0000] {dagbag.py:545} INFO - Filling up the DagBag from /home/airflow/.local/lib/python3.12/site-packages/airflow/example_dags/example_branch_operator.py
[2025-12-29T13:10:07.843+0000] {processor.py:840} INFO - DAG(s) 'example_branch_operator' retrieved from /home/airflow/.local/lib/python3.12/site-packages/airflow/example_dags/example_branch_operator.py
[2025-12-29T13:10:08.003+0000] {logging_mixin.py:188} INFO - [2025-12-29T13:10:08.003+0000] {dag.py:3096} INFO - Sync 1 DAGs
[2025-12-29T13:10:08.035+0000] {logging_mixin.py:188} INFO - [2025-12-29T13:10:08.035+0000] {dag.py:3954} INFO - Setting next_dagrun for example_branch_operator to 2025-12-28 00:00:00+00:00, run_after=2025-12-29 00:00:00+00:00
[2025-12-29T13:10:08.065+0000] {processor.py:183} INFO - Processing /home/airflow/.local/lib/python3.12/site-packages/airflow/example_dags/example_branch_operator.py took 0.299 seconds
[2025-12-29T13:10:38.950+0000] {processor.py:161} INFO - Started process (PID=513) to work on /home/airflow/.local/lib/python3.12/site-packages/airflow/example_dags/example_branch_operator.py
[2025-12-29T13:10:38.951+0000] {processor.py:830} INFO - Processing file /home/airflow/.local/lib/python3.12/site-packages/airflow/example_dags/example_branch_operator.py for tasks to queue
[2025-12-29T13:10:38.953+0000] {logging_mixin.py:188} INFO - [2025-12-29T13:10:38.953+0000] {dagbag.py:545} INFO - Filling up the DagBag from /home/airflow/.local/lib/python3.12/site-packages/airflow/example_dags/example_branch_operator.py
[2025-12-29T13:10:38.975+0000] {processor.py:840} INFO - DAG(s) 'example_branch_operator' retrieved from /home/airflow/.local/lib/python3.12/site-packages/airflow/example_dags/example_branch_operator.py
[2025-12-29T13:10:39.022+0000] {logging_mixin.py:188} INFO - [2025-12-29T13:10:39.022+0000] {dag.py:3096} INFO - Sync 1 DAGs
[2025-12-29T13:10:39.069+0000] {logging_mixin.py:188} INFO - [2025-12-29T13:10:39.068+0000] {dag.py:3954} INFO - Setting next_dagrun for example_branch_operator to 2025-12-28 00:00:00+00:00, run_after=2025-12-29 00:00:00+00:00
[2025-12-29T13:10:39.105+0000] {processor.py:183} INFO - Processing /home/airflow/.local/lib/python3.12/site-packages/airflow/example_dags/example_branch_operator.py took 0.162 seconds
[2025-12-29T13:11:09.892+0000] {processor.py:161} INFO - Started process (PID=774) to work on /home/airflow/.local/lib/python3.12/site-packages/airflow/example_dags/example_branch_operator.py
[2025-12-29T13:11:09.894+0000] {processor.py:830} INFO - Processing file /home/airflow/.local/lib/python3.12/site-packages/airflow/example_dags/example_branch_operator.py for tasks to queue
[2025-12-29T13:11:09.896+0000] {logging_mixin.py:188} INFO - [2025-12-29T13:11:09.896+0000] {dagbag.py:545} INFO - Filling up the DagBag from /home/airflow/.local/lib/python3.12/site-packages/airflow/example_dags/example_branch_operator.py
[2025-12-29T13:11:09.927+0000] {processor.py:840} INFO - DAG(s) 'example_branch_operator' retrieved from /home/airflow/.local/lib/python3.12/site-packages/airflow/example_dags/example_branch_operator.py
[2025-12-29T13:11:09.986+0000] {logging_mixin.py:188} INFO - [2025-12-29T13:11:09.985+0000] {dag.py:3096} INFO - Sync 1 DAGs
[2025-12-29T13:11:10.031+0000] {logging_mixin.py:188} INFO - [2025-12-29T13:11:10.031+0000] {dag.py:3954} INFO - Setting next_dagrun for example_branch_operator to 2025-12-28 00:00:00+00:00, run_after=2025-12-29 00:00:00+00:00
[2025-12-29T13:11:10.068+0000] {processor.py:183} INFO - Processing /home/airflow/.local/lib/python3.12/site-packages/airflow/example_dags/example_branch_operator.py took 0.186 seconds
[2025-12-29T13:11:40.402+0000] {processor.py:161} INFO - Started process (PID=1035) to work on /home/airflow/.local/lib/python3.12/site-packages/airflow/example_dags/example_branch_operator.py
[2025-12-29T13:11:40.404+0000] {processor.py:830} INFO - Processing file /home/airflow/.local/lib/python3.12/site-packages/airflow/example_dags/example_branch_operator.py for tasks to queue
[2025-12-29T13:11:40.407+0000] {logging_mixin.py:188} INFO - [2025-12-29T13:11:40.406+0000] {dagbag.py:545} INFO - Filling up the DagBag from /home/airflow/.local/lib/python3.12/site-packages/airflow/example_dags/example_branch_operator.py
[2025-12-29T13:11:40.442+0000] {processor.py:840} INFO - DAG(s) 'example_branch_operator' retrieved from /home/airflow/.local/lib/python3.12/site-packages/airflow/example_dags/example_branch_operator.py
[2025-12-29T13:11:40.498+0000] {logging_mixin.py:188} INFO - [2025-12-29T13:11:40.497+0000] {dag.py:3096} INFO - Sync 1 DAGs
[2025-12-29T13:11:40.543+0000] {logging_mixin.py:188} INFO - [2025-12-29T13:11:40.543+0000] {dag.py:3954} INFO - Setting next_dagrun for example_branch_operator to 2025-12-28 00:00:00+00:00, run_after=2025-12-29 00:00:00+00:00
[2025-12-29T13:11:40.580+0000] {processor.py:183} INFO - Processing /home/airflow/.local/lib/python3.12/site-packages/airflow/example_dags/example_branch_operator.py took 0.191 seconds
[2025-12-29T13:12:11.038+0000] {processor.py:161} INFO - Started process (PID=1296) to work on /home/airflow/.local/lib/python3.12/site-packages/airflow/example_dags/example_branch_operator.py
[2025-12-29T13:12:11.040+0000] {processor.py:830} INFO - Processing file /home/airflow/.local/lib/python3.12/site-packages/airflow/example_dags/example_branch_operator.py for tasks to queue
[2025-12-29T13:12:11.044+0000] {logging_mixin.py:188} INFO - [2025-12-29T13:12:11.043+0000] {dagbag.py:545} INFO - Filling up the DagBag from /home/airflow/.local/lib/python3.12/site-packages/airflow/example_dags/example_branch_operator.py
[2025-12-29T13:12:11.116+0000] {processor.py:840} INFO - DAG(s) 'example_branch_operator' retrieved from /home/airflow/.local/lib/python3.12/site-packages/airflow/example_dags/example_branch_operator.py
[2025-12-29T13:12:11.210+0000] {logging_mixin.py:188} INFO - [2025-12-29T13:12:11.210+0000] {dag.py:3096} INFO - Sync 1 DAGs
[2025-12-29T13:12:11.272+0000] {logging_mixin.py:188} INFO - [2025-12-29T13:12:11.271+0000] {dag.py:3954} INFO - Setting next_dagrun for example_branch_operator to 2025-12-28 00:00:00+00:00, run_after=2025-12-29 00:00:00+00:00
[2025-12-29T13:12:11.335+0000] {processor.py:183} INFO - Processing /home/airflow/.local/lib/python3.12/site-packages/airflow/example_dags/example_branch_operator.py took 0.315 seconds
[2025-12-29T13:12:41.892+0000] {processor.py:161} INFO - Started process (PID=1557) to work on /home/airflow/.local/lib/python3.12/site-packages/airflow/example_dags/example_branch_operator.py
[2025-12-29T13:12:41.894+0000] {processor.py:830} INFO - Processing file /home/airflow/.local/lib/python3.12/site-packages/airflow/example_dags/example_branch_operator.py for tasks to queue
[2025-12-29T13:12:41.897+0000] {logging_mixin.py:188} INFO - [2025-12-29T13:12:41.896+0000] {dagbag.py:545} INFO - Filling up the DagBag from /home/airflow/.local/lib/python3.12/site-packages/airflow/example_dags/example_branch_operator.py
[2025-12-29T13:12:41.932+0000] {processor.py:840} INFO - DAG(s) 'example_branch_operator' retrieved from /home/airflow/.local/lib/python3.12/site-packages/airflow/example_dags/example_branch_operator.py
[2025-12-29T13:12:41.987+0000] {logging_mixin.py:188} INFO - [2025-12-29T13:12:41.987+0000] {dag.py:3096} INFO - Sync 1 DAGs
[2025-12-29T13:12:42.028+0000] {logging_mixin.py:188} INFO - [2025-12-29T13:12:42.027+0000] {dag.py:3954} INFO - Setting next_dagrun for example_branch_operator to 2025-12-28 00:00:00+00:00, run_after=2025-12-29 00:00:00+00:00
[2025-12-29T13:12:42.069+0000] {processor.py:183} INFO - Processing /home/airflow/.local/lib/python3.12/site-packages/airflow/example_dags/example_branch_operator.py took 0.185 seconds
[2025-12-29T13:13:12.420+0000] {processor.py:161} INFO - Started process (PID=1818) to work on /home/airflow/.local/lib/python3.12/site-packages/airflow/example_dags/example_branch_operator.py
[2025-12-29T13:13:12.423+0000] {processor.py:830} INFO - Processing file /home/airflow/.local/lib/python3.12/site-packages/airflow/example_dags/example_branch_operator.py for tasks to queue
[2025-12-29T13:13:12.426+0000] {logging_mixin.py:188} INFO - [2025-12-29T13:13:12.426+0000] {dagbag.py:545} INFO - Filling up the DagBag from /home/airflow/.local/lib/python3.12/site-packages/airflow/example_dags/example_branch_operator.py
[2025-12-29T13:13:12.452+0000] {processor.py:840} INFO - DAG(s) 'example_branch_operator' retrieved from /home/airflow/.local/lib/python3.12/site-packages/airflow/example_dags/example_branch_operator.py
[2025-12-29T13:13:12.518+0000] {logging_mixin.py:188} INFO - [2025-12-29T13:13:12.517+0000] {dag.py:3096} INFO - Sync 1 DAGs
[2025-12-29T13:13:12.570+0000] {logging_mixin.py:188} INFO - [2025-12-29T13:13:12.570+0000] {dag.py:3954} INFO - Setting next_dagrun for example_branch_operator to 2025-12-28 00:00:00+00:00, run_after=2025-12-29 00:00:00+00:00
[2025-12-29T13:13:12.611+0000] {processor.py:183} INFO - Processing /home/airflow/.local/lib/python3.12/site-packages/airflow/example_dags/example_branch_operator.py took 0.203 seconds
[2025-12-29T13:13:42.706+0000] {processor.py:161} INFO - Started process (PID=2079) to work on /home/airflow/.local/lib/python3.12/site-packages/airflow/example_dags/example_branch_operator.py
[2025-12-29T13:13:42.708+0000] {processor.py:830} INFO - Processing file /home/airflow/.local/lib/python3.12/site-packages/airflow/example_dags/example_branch_operator.py for tasks to queue
[2025-12-29T13:13:42.710+0000] {logging_mixin.py:188} INFO - [2025-12-29T13:13:42.710+0000] {dagbag.py:545} INFO - Filling up the DagBag from /home/airflow/.local/lib/python3.12/site-packages/airflow/example_dags/example_branch_operator.py
[2025-12-29T13:13:42.739+0000] {processor.py:840} INFO - DAG(s) 'example_branch_operator' retrieved from /home/airflow/.local/lib/python3.12/site-packages/airflow/example_dags/example_branch_operator.py
[2025-12-29T13:13:42.790+0000] {logging_mixin.py:188} INFO - [2025-12-29T13:13:42.789+0000] {dag.py:3096} INFO - Sync 1 DAGs
[2025-12-29T13:13:42.830+0000] {logging_mixin.py:188} INFO - [2025-12-29T13:13:42.830+0000] {dag.py:3954} INFO - Setting next_dagrun for example_branch_operator to 2025-12-28 00:00:00+00:00, run_after=2025-12-29 00:00:00+00:00
[2025-12-29T13:13:42.872+0000] {processor.py:183} INFO - Processing /home/airflow/.local/lib/python3.12/site-packages/airflow/example_dags/example_branch_operator.py took 0.174 seconds
[2025-12-29T13:14:13.013+0000] {processor.py:161} INFO - Started process (PID=2340) to work on /home/airflow/.local/lib/python3.12/site-packages/airflow/example_dags/example_branch_operator.py
[2025-12-29T13:14:13.014+0000] {processor.py:830} INFO - Processing file /home/airflow/.local/lib/python3.12/site-packages/airflow/example_dags/example_branch_operator.py for tasks to queue
[2025-12-29T13:14:13.018+0000] {logging_mixin.py:188} INFO - [2025-12-29T13:14:13.017+0000] {dagbag.py:545} INFO - Filling up the DagBag from /home/airflow/.local/lib/python3.12/site-packages/airflow/example_dags/example_branch_operator.py
[2025-12-29T13:14:13.044+0000] {processor.py:840} INFO - DAG(s) 'example_branch_operator' retrieved from /home/airflow/.local/lib/python3.12/site-packages/airflow/example_dags/example_branch_operator.py
[2025-12-29T13:14:13.097+0000] {logging_mixin.py:188} INFO - [2025-12-29T13:14:13.096+0000] {dag.py:3096} INFO - Sync 1 DAGs
[2025-12-29T13:14:13.137+0000] {logging_mixin.py:188} INFO - [2025-12-29T13:14:13.136+0000] {dag.py:3954} INFO - Setting next_dagrun for example_branch_operator to 2025-12-28 00:00:00+00:00, run_after=2025-12-29 00:00:00+00:00
[2025-12-29T13:14:13.172+0000] {processor.py:183} INFO - Processing /home/airflow/.local/lib/python3.12/site-packages/airflow/example_dags/example_branch_operator.py took 0.168 seconds
[2025-12-29T13:14:43.264+0000] {processor.py:161} INFO - Started process (PID=2604) to work on /home/airflow/.local/lib/python3.12/site-packages/airflow/example_dags/example_branch_operator.py
[2025-12-29T13:14:43.265+0000] {processor.py:830} INFO - Processing file /home/airflow/.local/lib/python3.12/site-packages/airflow/example_dags/example_branch_operator.py for tasks to queue
[2025-12-29T13:14:43.268+0000] {logging_mixin.py:188} INFO - [2025-12-29T13:14:43.268+0000] {dagbag.py:545} INFO - Filling up the DagBag from /home/airflow/.local/lib/python3.12/site-packages/airflow/example_dags/example_branch_operator.py
[2025-12-29T13:14:43.294+0000] {processor.py:840} INFO - DAG(s) 'example_branch_operator' retrieved from /home/airflow/.local/lib/python3.12/site-packages/airflow/example_dags/example_branch_operator.py
[2025-12-29T13:14:43.347+0000] {logging_mixin.py:188} INFO - [2025-12-29T13:14:43.347+0000] {dag.py:3096} INFO - Sync 1 DAGs
[2025-12-29T13:14:43.388+0000] {logging_mixin.py:188} INFO - [2025-12-29T13:14:43.387+0000] {dag.py:3954} INFO - Setting next_dagrun for example_branch_operator to 2025-12-28 00:00:00+00:00, run_after=2025-12-29 00:00:00+00:00
[2025-12-29T13:14:43.419+0000] {processor.py:183} INFO - Processing /home/airflow/.local/lib/python3.12/site-packages/airflow/example_dags/example_branch_operator.py took 0.165 seconds
[2025-12-29T13:15:13.880+0000] {processor.py:161} INFO - Started process (PID=2860) to work on /home/airflow/.local/lib/python3.12/site-packages/airflow/example_dags/example_branch_operator.py
[2025-12-29T13:15:13.882+0000] {processor.py:830} INFO - Processing file /home/airflow/.local/lib/python3.12/site-packages/airflow/example_dags/example_branch_operator.py for tasks to queue
[2025-12-29T13:15:13.886+0000] {logging_mixin.py:188} INFO - [2025-12-29T13:15:13.885+0000] {dagbag.py:545} INFO - Filling up the DagBag from /home/airflow/.local/lib/python3.12/site-packages/airflow/example_dags/example_branch_operator.py
[2025-12-29T13:15:13.928+0000] {processor.py:840} INFO - DAG(s) 'example_branch_operator' retrieved from /home/airflow/.local/lib/python3.12/site-packages/airflow/example_dags/example_branch_operator.py
[2025-12-29T13:15:14.001+0000] {logging_mixin.py:188} INFO - [2025-12-29T13:15:14.000+0000] {dag.py:3096} INFO - Sync 1 DAGs
[2025-12-29T13:15:14.064+0000] {logging_mixin.py:188} INFO - [2025-12-29T13:15:14.063+0000] {dag.py:3954} INFO - Setting next_dagrun for example_branch_operator to 2025-12-28 00:00:00+00:00, run_after=2025-12-29 00:00:00+00:00
[2025-12-29T13:15:14.120+0000] {processor.py:183} INFO - Processing /home/airflow/.local/lib/python3.12/site-packages/airflow/example_dags/example_branch_operator.py took 0.252 seconds
[2025-12-29T13:15:44.856+0000] {processor.py:161} INFO - Started process (PID=3121) to work on /home/airflow/.local/lib/python3.12/site-packages/airflow/example_dags/example_branch_operator.py
[2025-12-29T13:15:44.858+0000] {processor.py:830} INFO - Processing file /home/airflow/.local/lib/python3.12/site-packages/airflow/example_dags/example_branch_operator.py for tasks to queue
[2025-12-29T13:15:44.861+0000] {logging_mixin.py:188} INFO - [2025-12-29T13:15:44.861+0000] {dagbag.py:545} INFO - Filling up the DagBag from /home/airflow/.local/lib/python3.12/site-packages/airflow/example_dags/example_branch_operator.py
[2025-12-29T13:15:44.895+0000] {processor.py:840} INFO - DAG(s) 'example_branch_operator' retrieved from /home/airflow/.local/lib/python3.12/site-packages/airflow/example_dags/example_branch_operator.py
[2025-12-29T13:15:44.971+0000] {logging_mixin.py:188} INFO - [2025-12-29T13:15:44.970+0000] {dag.py:3096} INFO - Sync 1 DAGs
[2025-12-29T13:15:45.028+0000] {logging_mixin.py:188} INFO - [2025-12-29T13:15:45.027+0000] {dag.py:3954} INFO - Setting next_dagrun for example_branch_operator to 2025-12-28 00:00:00+00:00, run_after=2025-12-29 00:00:00+00:00
[2025-12-29T13:15:45.071+0000] {processor.py:183} INFO - Processing /home/airflow/.local/lib/python3.12/site-packages/airflow/example_dags/example_branch_operator.py took 0.225 seconds
[2025-12-29T13:16:15.965+0000] {processor.py:161} INFO - Started process (PID=3384) to work on /home/airflow/.local/lib/python3.12/site-packages/airflow/example_dags/example_branch_operator.py
[2025-12-29T13:16:15.968+0000] {processor.py:830} INFO - Processing file /home/airflow/.local/lib/python3.12/site-packages/airflow/example_dags/example_branch_operator.py for tasks to queue
[2025-12-29T13:16:15.972+0000] {logging_mixin.py:188} INFO - [2025-12-29T13:16:15.971+0000] {dagbag.py:545} INFO - Filling up the DagBag from /home/airflow/.local/lib/python3.12/site-packages/airflow/example_dags/example_branch_operator.py
[2025-12-29T13:16:16.019+0000] {processor.py:840} INFO - DAG(s) 'example_branch_operator' retrieved from /home/airflow/.local/lib/python3.12/site-packages/airflow/example_dags/example_branch_operator.py
[2025-12-29T13:16:16.127+0000] {logging_mixin.py:188} INFO - [2025-12-29T13:16:16.127+0000] {dag.py:3096} INFO - Sync 1 DAGs
[2025-12-29T13:16:16.182+0000] {logging_mixin.py:188} INFO - [2025-12-29T13:16:16.181+0000] {dag.py:3954} INFO - Setting next_dagrun for example_branch_operator to 2025-12-28 00:00:00+00:00, run_after=2025-12-29 00:00:00+00:00
[2025-12-29T13:16:16.225+0000] {processor.py:183} INFO - Processing /home/airflow/.local/lib/python3.12/site-packages/airflow/example_dags/example_branch_operator.py took 0.274 seconds
[2025-12-29T13:16:46.532+0000] {processor.py:161} INFO - Started process (PID=3643) to work on /home/airflow/.local/lib/python3.12/site-packages/airflow/example_dags/example_branch_operator.py
[2025-12-29T13:16:46.534+0000] {processor.py:830} INFO - Processing file /home/airflow/.local/lib/python3.12/site-packages/airflow/example_dags/example_branch_operator.py for tasks to queue
[2025-12-29T13:16:46.539+0000] {logging_mixin.py:188} INFO - [2025-12-29T13:16:46.538+0000] {dagbag.py:545} INFO - Filling up the DagBag from /home/airflow/.local/lib/python3.12/site-packages/airflow/example_dags/example_branch_operator.py
[2025-12-29T13:16:46.581+0000] {processor.py:840} INFO - DAG(s) 'example_branch_operator' retrieved from /home/airflow/.local/lib/python3.12/site-packages/airflow/example_dags/example_branch_operator.py
[2025-12-29T13:16:46.651+0000] {logging_mixin.py:188} INFO - [2025-12-29T13:16:46.650+0000] {dag.py:3096} INFO - Sync 1 DAGs
[2025-12-29T13:16:46.708+0000] {logging_mixin.py:188} INFO - [2025-12-29T13:16:46.708+0000] {dag.py:3954} INFO - Setting next_dagrun for example_branch_operator to 2025-12-28 00:00:00+00:00, run_after=2025-12-29 00:00:00+00:00
[2025-12-29T13:16:46.757+0000] {processor.py:183} INFO - Processing /home/airflow/.local/lib/python3.12/site-packages/airflow/example_dags/example_branch_operator.py took 0.236 seconds
[2025-12-29T13:17:17.117+0000] {processor.py:161} INFO - Started process (PID=3904) to work on /home/airflow/.local/lib/python3.12/site-packages/airflow/example_dags/example_branch_operator.py
[2025-12-29T13:17:17.118+0000] {processor.py:830} INFO - Processing file /home/airflow/.local/lib/python3.12/site-packages/airflow/example_dags/example_branch_operator.py for tasks to queue
[2025-12-29T13:17:17.123+0000] {logging_mixin.py:188} INFO - [2025-12-29T13:17:17.122+0000] {dagbag.py:545} INFO - Filling up the DagBag from /home/airflow/.local/lib/python3.12/site-packages/airflow/example_dags/example_branch_operator.py
[2025-12-29T13:17:17.159+0000] {processor.py:840} INFO - DAG(s) 'example_branch_operator' retrieved from /home/airflow/.local/lib/python3.12/site-packages/airflow/example_dags/example_branch_operator.py
[2025-12-29T13:17:17.234+0000] {logging_mixin.py:188} INFO - [2025-12-29T13:17:17.233+0000] {dag.py:3096} INFO - Sync 1 DAGs
[2025-12-29T13:17:17.287+0000] {logging_mixin.py:188} INFO - [2025-12-29T13:17:17.287+0000] {dag.py:3954} INFO - Setting next_dagrun for example_branch_operator to 2025-12-28 00:00:00+00:00, run_after=2025-12-29 00:00:00+00:00
[2025-12-29T13:17:17.337+0000] {processor.py:183} INFO - Processing /home/airflow/.local/lib/python3.12/site-packages/airflow/example_dags/example_branch_operator.py took 0.231 seconds
[2025-12-29T13:17:48.218+0000] {processor.py:161} INFO - Started process (PID=4165) to work on /home/airflow/.local/lib/python3.12/site-packages/airflow/example_dags/example_branch_operator.py
[2025-12-29T13:17:48.221+0000] {processor.py:830} INFO - Processing file /home/airflow/.local/lib/python3.12/site-packages/airflow/example_dags/example_branch_operator.py for tasks to queue
[2025-12-29T13:17:48.225+0000] {logging_mixin.py:188} INFO - [2025-12-29T13:17:48.224+0000] {dagbag.py:545} INFO - Filling up the DagBag from /home/airflow/.local/lib/python3.12/site-packages/airflow/example_dags/example_branch_operator.py
[2025-12-29T13:17:48.262+0000] {processor.py:840} INFO - DAG(s) 'example_branch_operator' retrieved from /home/airflow/.local/lib/python3.12/site-packages/airflow/example_dags/example_branch_operator.py
[2025-12-29T13:17:48.328+0000] {logging_mixin.py:188} INFO - [2025-12-29T13:17:48.328+0000] {dag.py:3096} INFO - Sync 1 DAGs
[2025-12-29T13:17:48.387+0000] {logging_mixin.py:188} INFO - [2025-12-29T13:17:48.386+0000] {dag.py:3954} INFO - Setting next_dagrun for example_branch_operator to 2025-12-28 00:00:00+00:00, run_after=2025-12-29 00:00:00+00:00
[2025-12-29T13:17:48.436+0000] {processor.py:183} INFO - Processing /home/airflow/.local/lib/python3.12/site-packages/airflow/example_dags/example_branch_operator.py took 0.228 seconds
[2025-12-29T13:18:18.732+0000] {processor.py:161} INFO - Started process (PID=4426) to work on /home/airflow/.local/lib/python3.12/site-packages/airflow/example_dags/example_branch_operator.py
[2025-12-29T13:18:18.734+0000] {processor.py:830} INFO - Processing file /home/airflow/.local/lib/python3.12/site-packages/airflow/example_dags/example_branch_operator.py for tasks to queue
[2025-12-29T13:18:18.738+0000] {logging_mixin.py:188} INFO - [2025-12-29T13:18:18.737+0000] {dagbag.py:545} INFO - Filling up the DagBag from /home/airflow/.local/lib/python3.12/site-packages/airflow/example_dags/example_branch_operator.py
[2025-12-29T13:18:18.778+0000] {processor.py:840} INFO - DAG(s) 'example_branch_operator' retrieved from /home/airflow/.local/lib/python3.12/site-packages/airflow/example_dags/example_branch_operator.py
[2025-12-29T13:18:18.847+0000] {logging_mixin.py:188} INFO - [2025-12-29T13:18:18.847+0000] {dag.py:3096} INFO - Sync 1 DAGs
[2025-12-29T13:18:18.896+0000] {logging_mixin.py:188} INFO - [2025-12-29T13:18:18.895+0000] {dag.py:3954} INFO - Setting next_dagrun for example_branch_operator to 2025-12-28 00:00:00+00:00, run_after=2025-12-29 00:00:00+00:00
[2025-12-29T13:18:18.940+0000] {processor.py:183} INFO - Processing /home/airflow/.local/lib/python3.12/site-packages/airflow/example_dags/example_branch_operator.py took 0.220 seconds
[2025-12-29T13:18:49.144+0000] {processor.py:161} INFO - Started process (PID=4687) to work on /home/airflow/.local/lib/python3.12/site-packages/airflow/example_dags/example_branch_operator.py
[2025-12-29T13:18:49.146+0000] {processor.py:830} INFO - Processing file /home/airflow/.local/lib/python3.12/site-packages/airflow/example_dags/example_branch_operator.py for tasks to queue
[2025-12-29T13:18:49.150+0000] {logging_mixin.py:188} INFO - [2025-12-29T13:18:49.149+0000] {dagbag.py:545} INFO - Filling up the DagBag from /home/airflow/.local/lib/python3.12/site-packages/airflow/example_dags/example_branch_operator.py
[2025-12-29T13:18:49.188+0000] {processor.py:840} INFO - DAG(s) 'example_branch_operator' retrieved from /home/airflow/.local/lib/python3.12/site-packages/airflow/example_dags/example_branch_operator.py
[2025-12-29T13:18:49.264+0000] {logging_mixin.py:188} INFO - [2025-12-29T13:18:49.263+0000] {dag.py:3096} INFO - Sync 1 DAGs
[2025-12-29T13:18:49.323+0000] {logging_mixin.py:188} INFO - [2025-12-29T13:18:49.323+0000] {dag.py:3954} INFO - Setting next_dagrun for example_branch_operator to 2025-12-28 00:00:00+00:00, run_after=2025-12-29 00:00:00+00:00
[2025-12-29T13:18:49.369+0000] {processor.py:183} INFO - Processing /home/airflow/.local/lib/python3.12/site-packages/airflow/example_dags/example_branch_operator.py took 0.237 seconds
[2025-12-29T13:19:19.653+0000] {processor.py:161} INFO - Started process (PID=4950) to work on /home/airflow/.local/lib/python3.12/site-packages/airflow/example_dags/example_branch_operator.py
[2025-12-29T13:19:19.655+0000] {processor.py:830} INFO - Processing file /home/airflow/.local/lib/python3.12/site-packages/airflow/example_dags/example_branch_operator.py for tasks to queue
[2025-12-29T13:19:19.658+0000] {logging_mixin.py:188} INFO - [2025-12-29T13:19:19.658+0000] {dagbag.py:545} INFO - Filling up the DagBag from /home/airflow/.local/lib/python3.12/site-packages/airflow/example_dags/example_branch_operator.py
[2025-12-29T13:19:19.701+0000] {processor.py:840} INFO - DAG(s) 'example_branch_operator' retrieved from /home/airflow/.local/lib/python3.12/site-packages/airflow/example_dags/example_branch_operator.py
[2025-12-29T13:19:19.779+0000] {logging_mixin.py:188} INFO - [2025-12-29T13:19:19.779+0000] {dag.py:3096} INFO - Sync 1 DAGs
[2025-12-29T13:19:19.833+0000] {logging_mixin.py:188} INFO - [2025-12-29T13:19:19.832+0000] {dag.py:3954} INFO - Setting next_dagrun for example_branch_operator to 2025-12-28 00:00:00+00:00, run_after=2025-12-29 00:00:00+00:00
[2025-12-29T13:19:19.879+0000] {processor.py:183} INFO - Processing /home/airflow/.local/lib/python3.12/site-packages/airflow/example_dags/example_branch_operator.py took 0.238 seconds
[2025-12-29T13:19:50.024+0000] {processor.py:161} INFO - Started process (PID=5209) to work on /home/airflow/.local/lib/python3.12/site-packages/airflow/example_dags/example_branch_operator.py
[2025-12-29T13:19:50.027+0000] {processor.py:830} INFO - Processing file /home/airflow/.local/lib/python3.12/site-packages/airflow/example_dags/example_branch_operator.py for tasks to queue
[2025-12-29T13:19:50.031+0000] {logging_mixin.py:188} INFO - [2025-12-29T13:19:50.031+0000] {dagbag.py:545} INFO - Filling up the DagBag from /home/airflow/.local/lib/python3.12/site-packages/airflow/example_dags/example_branch_operator.py
[2025-12-29T13:19:50.077+0000] {processor.py:840} INFO - DAG(s) 'example_branch_operator' retrieved from /home/airflow/.local/lib/python3.12/site-packages/airflow/example_dags/example_branch_operator.py
[2025-12-29T13:19:50.154+0000] {logging_mixin.py:188} INFO - [2025-12-29T13:19:50.153+0000] {dag.py:3096} INFO - Sync 1 DAGs
[2025-12-29T13:19:50.211+0000] {logging_mixin.py:188} INFO - [2025-12-29T13:19:50.211+0000] {dag.py:3954} INFO - Setting next_dagrun for example_branch_operator to 2025-12-28 00:00:00+00:00, run_after=2025-12-29 00:00:00+00:00
[2025-12-29T13:19:50.259+0000] {processor.py:183} INFO - Processing /home/airflow/.local/lib/python3.12/site-packages/airflow/example_dags/example_branch_operator.py took 0.252 seconds
[2025-12-29T13:20:21.010+0000] {processor.py:161} INFO - Started process (PID=5472) to work on /home/airflow/.local/lib/python3.12/site-packages/airflow/example_dags/example_branch_operator.py
[2025-12-29T13:20:21.012+0000] {processor.py:830} INFO - Processing file /home/airflow/.local/lib/python3.12/site-packages/airflow/example_dags/example_branch_operator.py for tasks to queue
[2025-12-29T13:20:21.015+0000] {logging_mixin.py:188} INFO - [2025-12-29T13:20:21.014+0000] {dagbag.py:545} INFO - Filling up the DagBag from /home/airflow/.local/lib/python3.12/site-packages/airflow/example_dags/example_branch_operator.py
[2025-12-29T13:20:21.049+0000] {processor.py:840} INFO - DAG(s) 'example_branch_operator' retrieved from /home/airflow/.local/lib/python3.12/site-packages/airflow/example_dags/example_branch_operator.py
[2025-12-29T13:20:21.114+0000] {logging_mixin.py:188} INFO - [2025-12-29T13:20:21.113+0000] {dag.py:3096} INFO - Sync 1 DAGs
[2025-12-29T13:20:21.161+0000] {logging_mixin.py:188} INFO - [2025-12-29T13:20:21.161+0000] {dag.py:3954} INFO - Setting next_dagrun for example_branch_operator to 2025-12-28 00:00:00+00:00, run_after=2025-12-29 00:00:00+00:00
[2025-12-29T13:20:21.204+0000] {processor.py:183} INFO - Processing /home/airflow/.local/lib/python3.12/site-packages/airflow/example_dags/example_branch_operator.py took 0.205 seconds
[2025-12-29T13:20:51.290+0000] {processor.py:161} INFO - Started process (PID=5731) to work on /home/airflow/.local/lib/python3.12/site-packages/airflow/example_dags/example_branch_operator.py
[2025-12-29T13:20:51.292+0000] {processor.py:830} INFO - Processing file /home/airflow/.local/lib/python3.12/site-packages/airflow/example_dags/example_branch_operator.py for tasks to queue
[2025-12-29T13:20:51.297+0000] {logging_mixin.py:188} INFO - [2025-12-29T13:20:51.296+0000] {dagbag.py:545} INFO - Filling up the DagBag from /home/airflow/.local/lib/python3.12/site-packages/airflow/example_dags/example_branch_operator.py
[2025-12-29T13:20:51.333+0000] {processor.py:840} INFO - DAG(s) 'example_branch_operator' retrieved from /home/airflow/.local/lib/python3.12/site-packages/airflow/example_dags/example_branch_operator.py
[2025-12-29T13:20:51.405+0000] {logging_mixin.py:188} INFO - [2025-12-29T13:20:51.404+0000] {dag.py:3096} INFO - Sync 1 DAGs
[2025-12-29T13:20:51.456+0000] {logging_mixin.py:188} INFO - [2025-12-29T13:20:51.455+0000] {dag.py:3954} INFO - Setting next_dagrun for example_branch_operator to 2025-12-28 00:00:00+00:00, run_after=2025-12-29 00:00:00+00:00
[2025-12-29T13:20:51.503+0000] {processor.py:183} INFO - Processing /home/airflow/.local/lib/python3.12/site-packages/airflow/example_dags/example_branch_operator.py took 0.224 seconds
[2025-12-29T13:21:21.798+0000] {processor.py:161} INFO - Started process (PID=5994) to work on /home/airflow/.local/lib/python3.12/site-packages/airflow/example_dags/example_branch_operator.py
[2025-12-29T13:21:21.800+0000] {processor.py:830} INFO - Processing file /home/airflow/.local/lib/python3.12/site-packages/airflow/example_dags/example_branch_operator.py for tasks to queue
[2025-12-29T13:21:21.805+0000] {logging_mixin.py:188} INFO - [2025-12-29T13:21:21.804+0000] {dagbag.py:545} INFO - Filling up the DagBag from /home/airflow/.local/lib/python3.12/site-packages/airflow/example_dags/example_branch_operator.py
[2025-12-29T13:21:21.849+0000] {processor.py:840} INFO - DAG(s) 'example_branch_operator' retrieved from /home/airflow/.local/lib/python3.12/site-packages/airflow/example_dags/example_branch_operator.py
[2025-12-29T13:21:21.942+0000] {logging_mixin.py:188} INFO - [2025-12-29T13:21:21.941+0000] {dag.py:3096} INFO - Sync 1 DAGs
[2025-12-29T13:21:22.008+0000] {logging_mixin.py:188} INFO - [2025-12-29T13:21:22.007+0000] {dag.py:3954} INFO - Setting next_dagrun for example_branch_operator to 2025-12-28 00:00:00+00:00, run_after=2025-12-29 00:00:00+00:00
[2025-12-29T13:21:22.056+0000] {processor.py:183} INFO - Processing /home/airflow/.local/lib/python3.12/site-packages/airflow/example_dags/example_branch_operator.py took 0.275 seconds
[2025-12-29T13:21:53.032+0000] {processor.py:161} INFO - Started process (PID=6253) to work on /home/airflow/.local/lib/python3.12/site-packages/airflow/example_dags/example_branch_operator.py
[2025-12-29T13:21:53.034+0000] {processor.py:830} INFO - Processing file /home/airflow/.local/lib/python3.12/site-packages/airflow/example_dags/example_branch_operator.py for tasks to queue
[2025-12-29T13:21:53.037+0000] {logging_mixin.py:188} INFO - [2025-12-29T13:21:53.036+0000] {dagbag.py:545} INFO - Filling up the DagBag from /home/airflow/.local/lib/python3.12/site-packages/airflow/example_dags/example_branch_operator.py
[2025-12-29T13:21:53.078+0000] {processor.py:840} INFO - DAG(s) 'example_branch_operator' retrieved from /home/airflow/.local/lib/python3.12/site-packages/airflow/example_dags/example_branch_operator.py
[2025-12-29T13:21:53.162+0000] {logging_mixin.py:188} INFO - [2025-12-29T13:21:53.161+0000] {dag.py:3096} INFO - Sync 1 DAGs
[2025-12-29T13:21:53.225+0000] {logging_mixin.py:188} INFO - [2025-12-29T13:21:53.224+0000] {dag.py:3954} INFO - Setting next_dagrun for example_branch_operator to 2025-12-28 00:00:00+00:00, run_after=2025-12-29 00:00:00+00:00
[2025-12-29T13:21:53.273+0000] {processor.py:183} INFO - Processing /home/airflow/.local/lib/python3.12/site-packages/airflow/example_dags/example_branch_operator.py took 0.252 seconds
[2025-12-29T13:22:23.677+0000] {processor.py:161} INFO - Started process (PID=6515) to work on /home/airflow/.local/lib/python3.12/site-packages/airflow/example_dags/example_branch_operator.py
[2025-12-29T13:22:23.680+0000] {processor.py:830} INFO - Processing file /home/airflow/.local/lib/python3.12/site-packages/airflow/example_dags/example_branch_operator.py for tasks to queue
[2025-12-29T13:22:23.684+0000] {logging_mixin.py:188} INFO - [2025-12-29T13:22:23.683+0000] {dagbag.py:545} INFO - Filling up the DagBag from /home/airflow/.local/lib/python3.12/site-packages/airflow/example_dags/example_branch_operator.py
[2025-12-29T13:22:23.721+0000] {processor.py:840} INFO - DAG(s) 'example_branch_operator' retrieved from /home/airflow/.local/lib/python3.12/site-packages/airflow/example_dags/example_branch_operator.py
[2025-12-29T13:22:23.796+0000] {logging_mixin.py:188} INFO - [2025-12-29T13:22:23.796+0000] {dag.py:3096} INFO - Sync 1 DAGs
[2025-12-29T13:22:23.847+0000] {logging_mixin.py:188} INFO - [2025-12-29T13:22:23.847+0000] {dag.py:3954} INFO - Setting next_dagrun for example_branch_operator to 2025-12-28 00:00:00+00:00, run_after=2025-12-29 00:00:00+00:00
[2025-12-29T13:22:23.903+0000] {processor.py:183} INFO - Processing /home/airflow/.local/lib/python3.12/site-packages/airflow/example_dags/example_branch_operator.py took 0.238 seconds
[2025-12-29T13:22:54.074+0000] {processor.py:161} INFO - Started process (PID=6777) to work on /home/airflow/.local/lib/python3.12/site-packages/airflow/example_dags/example_branch_operator.py
[2025-12-29T13:22:54.075+0000] {processor.py:830} INFO - Processing file /home/airflow/.local/lib/python3.12/site-packages/airflow/example_dags/example_branch_operator.py for tasks to queue
[2025-12-29T13:22:54.079+0000] {logging_mixin.py:188} INFO - [2025-12-29T13:22:54.079+0000] {dagbag.py:545} INFO - Filling up the DagBag from /home/airflow/.local/lib/python3.12/site-packages/airflow/example_dags/example_branch_operator.py
[2025-12-29T13:22:54.112+0000] {processor.py:840} INFO - DAG(s) 'example_branch_operator' retrieved from /home/airflow/.local/lib/python3.12/site-packages/airflow/example_dags/example_branch_operator.py
[2025-12-29T13:22:54.179+0000] {logging_mixin.py:188} INFO - [2025-12-29T13:22:54.178+0000] {dag.py:3096} INFO - Sync 1 DAGs
[2025-12-29T13:22:54.231+0000] {logging_mixin.py:188} INFO - [2025-12-29T13:22:54.231+0000] {dag.py:3954} INFO - Setting next_dagrun for example_branch_operator to 2025-12-28 00:00:00+00:00, run_after=2025-12-29 00:00:00+00:00
[2025-12-29T13:22:54.278+0000] {processor.py:183} INFO - Processing /home/airflow/.local/lib/python3.12/site-packages/airflow/example_dags/example_branch_operator.py took 0.214 seconds
[2025-12-29T13:23:24.801+0000] {processor.py:161} INFO - Started process (PID=7041) to work on /home/airflow/.local/lib/python3.12/site-packages/airflow/example_dags/example_branch_operator.py
[2025-12-29T13:23:24.802+0000] {processor.py:830} INFO - Processing file /home/airflow/.local/lib/python3.12/site-packages/airflow/example_dags/example_branch_operator.py for tasks to queue
[2025-12-29T13:23:24.806+0000] {logging_mixin.py:188} INFO - [2025-12-29T13:23:24.805+0000] {dagbag.py:545} INFO - Filling up the DagBag from /home/airflow/.local/lib/python3.12/site-packages/airflow/example_dags/example_branch_operator.py
[2025-12-29T13:23:24.840+0000] {processor.py:840} INFO - DAG(s) 'example_branch_operator' retrieved from /home/airflow/.local/lib/python3.12/site-packages/airflow/example_dags/example_branch_operator.py
[2025-12-29T13:23:24.909+0000] {logging_mixin.py:188} INFO - [2025-12-29T13:23:24.909+0000] {dag.py:3096} INFO - Sync 1 DAGs
[2025-12-29T13:23:24.964+0000] {logging_mixin.py:188} INFO - [2025-12-29T13:23:24.964+0000] {dag.py:3954} INFO - Setting next_dagrun for example_branch_operator to 2025-12-28 00:00:00+00:00, run_after=2025-12-29 00:00:00+00:00
[2025-12-29T13:23:25.011+0000] {processor.py:183} INFO - Processing /home/airflow/.local/lib/python3.12/site-packages/airflow/example_dags/example_branch_operator.py took 0.221 seconds
[2025-12-29T13:23:55.644+0000] {processor.py:161} INFO - Started process (PID=7299) to work on /home/airflow/.local/lib/python3.12/site-packages/airflow/example_dags/example_branch_operator.py
[2025-12-29T13:23:55.647+0000] {processor.py:830} INFO - Processing file /home/airflow/.local/lib/python3.12/site-packages/airflow/example_dags/example_branch_operator.py for tasks to queue
[2025-12-29T13:23:55.652+0000] {logging_mixin.py:188} INFO - [2025-12-29T13:23:55.651+0000] {dagbag.py:545} INFO - Filling up the DagBag from /home/airflow/.local/lib/python3.12/site-packages/airflow/example_dags/example_branch_operator.py
[2025-12-29T13:23:55.693+0000] {processor.py:840} INFO - DAG(s) 'example_branch_operator' retrieved from /home/airflow/.local/lib/python3.12/site-packages/airflow/example_dags/example_branch_operator.py
[2025-12-29T13:23:55.776+0000] {logging_mixin.py:188} INFO - [2025-12-29T13:23:55.776+0000] {dag.py:3096} INFO - Sync 1 DAGs
[2025-12-29T13:23:55.831+0000] {logging_mixin.py:188} INFO - [2025-12-29T13:23:55.831+0000] {dag.py:3954} INFO - Setting next_dagrun for example_branch_operator to 2025-12-28 00:00:00+00:00, run_after=2025-12-29 00:00:00+00:00
[2025-12-29T13:23:55.874+0000] {processor.py:183} INFO - Processing /home/airflow/.local/lib/python3.12/site-packages/airflow/example_dags/example_branch_operator.py took 0.242 seconds
[2025-12-29T13:24:26.589+0000] {processor.py:161} INFO - Started process (PID=7560) to work on /home/airflow/.local/lib/python3.12/site-packages/airflow/example_dags/example_branch_operator.py
[2025-12-29T13:24:26.590+0000] {processor.py:830} INFO - Processing file /home/airflow/.local/lib/python3.12/site-packages/airflow/example_dags/example_branch_operator.py for tasks to queue
[2025-12-29T13:24:26.594+0000] {logging_mixin.py:188} INFO - [2025-12-29T13:24:26.593+0000] {dagbag.py:545} INFO - Filling up the DagBag from /home/airflow/.local/lib/python3.12/site-packages/airflow/example_dags/example_branch_operator.py
[2025-12-29T13:24:26.628+0000] {processor.py:840} INFO - DAG(s) 'example_branch_operator' retrieved from /home/airflow/.local/lib/python3.12/site-packages/airflow/example_dags/example_branch_operator.py
[2025-12-29T13:24:26.691+0000] {logging_mixin.py:188} INFO - [2025-12-29T13:24:26.690+0000] {dag.py:3096} INFO - Sync 1 DAGs
[2025-12-29T13:24:26.738+0000] {logging_mixin.py:188} INFO - [2025-12-29T13:24:26.737+0000] {dag.py:3954} INFO - Setting next_dagrun for example_branch_operator to 2025-12-28 00:00:00+00:00, run_after=2025-12-29 00:00:00+00:00
[2025-12-29T13:24:26.781+0000] {processor.py:183} INFO - Processing /home/airflow/.local/lib/python3.12/site-packages/airflow/example_dags/example_branch_operator.py took 0.203 seconds
[2025-12-29T13:24:56.929+0000] {processor.py:161} INFO - Started process (PID=7821) to work on /home/airflow/.local/lib/python3.12/site-packages/airflow/example_dags/example_branch_operator.py
[2025-12-29T13:24:56.931+0000] {processor.py:830} INFO - Processing file /home/airflow/.local/lib/python3.12/site-packages/airflow/example_dags/example_branch_operator.py for tasks to queue
[2025-12-29T13:24:56.934+0000] {logging_mixin.py:188} INFO - [2025-12-29T13:24:56.934+0000] {dagbag.py:545} INFO - Filling up the DagBag from /home/airflow/.local/lib/python3.12/site-packages/airflow/example_dags/example_branch_operator.py
[2025-12-29T13:24:56.968+0000] {processor.py:840} INFO - DAG(s) 'example_branch_operator' retrieved from /home/airflow/.local/lib/python3.12/site-packages/airflow/example_dags/example_branch_operator.py
[2025-12-29T13:24:57.030+0000] {logging_mixin.py:188} INFO - [2025-12-29T13:24:57.029+0000] {dag.py:3096} INFO - Sync 1 DAGs
[2025-12-29T13:24:57.075+0000] {logging_mixin.py:188} INFO - [2025-12-29T13:24:57.074+0000] {dag.py:3954} INFO - Setting next_dagrun for example_branch_operator to 2025-12-28 00:00:00+00:00, run_after=2025-12-29 00:00:00+00:00
[2025-12-29T13:24:57.116+0000] {processor.py:183} INFO - Processing /home/airflow/.local/lib/python3.12/site-packages/airflow/example_dags/example_branch_operator.py took 0.197 seconds
[2025-12-29T13:25:28.049+0000] {processor.py:161} INFO - Started process (PID=8082) to work on /home/airflow/.local/lib/python3.12/site-packages/airflow/example_dags/example_branch_operator.py
[2025-12-29T13:25:28.051+0000] {processor.py:830} INFO - Processing file /home/airflow/.local/lib/python3.12/site-packages/airflow/example_dags/example_branch_operator.py for tasks to queue
[2025-12-29T13:25:28.056+0000] {logging_mixin.py:188} INFO - [2025-12-29T13:25:28.055+0000] {dagbag.py:545} INFO - Filling up the DagBag from /home/airflow/.local/lib/python3.12/site-packages/airflow/example_dags/example_branch_operator.py
[2025-12-29T13:25:28.093+0000] {processor.py:840} INFO - DAG(s) 'example_branch_operator' retrieved from /home/airflow/.local/lib/python3.12/site-packages/airflow/example_dags/example_branch_operator.py
[2025-12-29T13:25:28.159+0000] {logging_mixin.py:188} INFO - [2025-12-29T13:25:28.158+0000] {dag.py:3096} INFO - Sync 1 DAGs
[2025-12-29T13:25:28.207+0000] {logging_mixin.py:188} INFO - [2025-12-29T13:25:28.207+0000] {dag.py:3954} INFO - Setting next_dagrun for example_branch_operator to 2025-12-28 00:00:00+00:00, run_after=2025-12-29 00:00:00+00:00
[2025-12-29T13:25:28.249+0000] {processor.py:183} INFO - Processing /home/airflow/.local/lib/python3.12/site-packages/airflow/example_dags/example_branch_operator.py took 0.211 seconds
[2025-12-29T13:25:59.183+0000] {processor.py:161} INFO - Started process (PID=8343) to work on /home/airflow/.local/lib/python3.12/site-packages/airflow/example_dags/example_branch_operator.py
[2025-12-29T13:25:59.185+0000] {processor.py:830} INFO - Processing file /home/airflow/.local/lib/python3.12/site-packages/airflow/example_dags/example_branch_operator.py for tasks to queue
[2025-12-29T13:25:59.189+0000] {logging_mixin.py:188} INFO - [2025-12-29T13:25:59.188+0000] {dagbag.py:545} INFO - Filling up the DagBag from /home/airflow/.local/lib/python3.12/site-packages/airflow/example_dags/example_branch_operator.py
[2025-12-29T13:25:59.227+0000] {processor.py:840} INFO - DAG(s) 'example_branch_operator' retrieved from /home/airflow/.local/lib/python3.12/site-packages/airflow/example_dags/example_branch_operator.py
[2025-12-29T13:25:59.296+0000] {logging_mixin.py:188} INFO - [2025-12-29T13:25:59.295+0000] {dag.py:3096} INFO - Sync 1 DAGs
[2025-12-29T13:25:59.349+0000] {logging_mixin.py:188} INFO - [2025-12-29T13:25:59.349+0000] {dag.py:3954} INFO - Setting next_dagrun for example_branch_operator to 2025-12-28 00:00:00+00:00, run_after=2025-12-29 00:00:00+00:00
[2025-12-29T13:25:59.392+0000] {processor.py:183} INFO - Processing /home/airflow/.local/lib/python3.12/site-packages/airflow/example_dags/example_branch_operator.py took 0.220 seconds
[2025-12-29T13:26:29.759+0000] {processor.py:161} INFO - Started process (PID=8604) to work on /home/airflow/.local/lib/python3.12/site-packages/airflow/example_dags/example_branch_operator.py
[2025-12-29T13:26:29.762+0000] {processor.py:830} INFO - Processing file /home/airflow/.local/lib/python3.12/site-packages/airflow/example_dags/example_branch_operator.py for tasks to queue
[2025-12-29T13:26:29.766+0000] {logging_mixin.py:188} INFO - [2025-12-29T13:26:29.765+0000] {dagbag.py:545} INFO - Filling up the DagBag from /home/airflow/.local/lib/python3.12/site-packages/airflow/example_dags/example_branch_operator.py
[2025-12-29T13:26:29.810+0000] {processor.py:840} INFO - DAG(s) 'example_branch_operator' retrieved from /home/airflow/.local/lib/python3.12/site-packages/airflow/example_dags/example_branch_operator.py
[2025-12-29T13:26:29.882+0000] {logging_mixin.py:188} INFO - [2025-12-29T13:26:29.881+0000] {dag.py:3096} INFO - Sync 1 DAGs
[2025-12-29T13:26:29.935+0000] {logging_mixin.py:188} INFO - [2025-12-29T13:26:29.934+0000] {dag.py:3954} INFO - Setting next_dagrun for example_branch_operator to 2025-12-28 00:00:00+00:00, run_after=2025-12-29 00:00:00+00:00
[2025-12-29T13:26:29.982+0000] {processor.py:183} INFO - Processing /home/airflow/.local/lib/python3.12/site-packages/airflow/example_dags/example_branch_operator.py took 0.235 seconds
[2025-12-29T13:27:00.086+0000] {processor.py:161} INFO - Started process (PID=8868) to work on /home/airflow/.local/lib/python3.12/site-packages/airflow/example_dags/example_branch_operator.py
[2025-12-29T13:27:00.088+0000] {processor.py:830} INFO - Processing file /home/airflow/.local/lib/python3.12/site-packages/airflow/example_dags/example_branch_operator.py for tasks to queue
[2025-12-29T13:27:00.092+0000] {logging_mixin.py:188} INFO - [2025-12-29T13:27:00.091+0000] {dagbag.py:545} INFO - Filling up the DagBag from /home/airflow/.local/lib/python3.12/site-packages/airflow/example_dags/example_branch_operator.py
[2025-12-29T13:27:00.146+0000] {processor.py:840} INFO - DAG(s) 'example_branch_operator' retrieved from /home/airflow/.local/lib/python3.12/site-packages/airflow/example_dags/example_branch_operator.py
[2025-12-29T13:27:00.215+0000] {logging_mixin.py:188} INFO - [2025-12-29T13:27:00.215+0000] {dag.py:3096} INFO - Sync 1 DAGs
[2025-12-29T13:27:00.272+0000] {logging_mixin.py:188} INFO - [2025-12-29T13:27:00.272+0000] {dag.py:3954} INFO - Setting next_dagrun for example_branch_operator to 2025-12-28 00:00:00+00:00, run_after=2025-12-29 00:00:00+00:00
[2025-12-29T13:27:00.321+0000] {processor.py:183} INFO - Processing /home/airflow/.local/lib/python3.12/site-packages/airflow/example_dags/example_branch_operator.py took 0.246 seconds
[2025-12-29T13:27:34.318+0000] {processor.py:161} INFO - Started process (PID=9172) to work on /home/airflow/.local/lib/python3.12/site-packages/airflow/example_dags/example_branch_operator.py
[2025-12-29T13:27:34.320+0000] {processor.py:830} INFO - Processing file /home/airflow/.local/lib/python3.12/site-packages/airflow/example_dags/example_branch_operator.py for tasks to queue
[2025-12-29T13:27:34.324+0000] {logging_mixin.py:188} INFO - [2025-12-29T13:27:34.323+0000] {dagbag.py:545} INFO - Filling up the DagBag from /home/airflow/.local/lib/python3.12/site-packages/airflow/example_dags/example_branch_operator.py
[2025-12-29T13:27:34.364+0000] {processor.py:840} INFO - DAG(s) 'example_branch_operator' retrieved from /home/airflow/.local/lib/python3.12/site-packages/airflow/example_dags/example_branch_operator.py
[2025-12-29T13:27:34.435+0000] {logging_mixin.py:188} INFO - [2025-12-29T13:27:34.435+0000] {dag.py:3096} INFO - Sync 1 DAGs
[2025-12-29T13:27:34.496+0000] {logging_mixin.py:188} INFO - [2025-12-29T13:27:34.495+0000] {dag.py:3954} INFO - Setting next_dagrun for example_branch_operator to 2025-12-28 00:00:00+00:00, run_after=2025-12-29 00:00:00+00:00
[2025-12-29T13:27:34.545+0000] {processor.py:183} INFO - Processing /home/airflow/.local/lib/python3.12/site-packages/airflow/example_dags/example_branch_operator.py took 0.244 seconds
[2025-12-29T13:28:05.475+0000] {processor.py:161} INFO - Started process (PID=9479) to work on /home/airflow/.local/lib/python3.12/site-packages/airflow/example_dags/example_branch_operator.py
[2025-12-29T13:28:05.477+0000] {processor.py:830} INFO - Processing file /home/airflow/.local/lib/python3.12/site-packages/airflow/example_dags/example_branch_operator.py for tasks to queue
[2025-12-29T13:28:05.481+0000] {logging_mixin.py:188} INFO - [2025-12-29T13:28:05.480+0000] {dagbag.py:545} INFO - Filling up the DagBag from /home/airflow/.local/lib/python3.12/site-packages/airflow/example_dags/example_branch_operator.py
[2025-12-29T13:28:05.513+0000] {processor.py:840} INFO - DAG(s) 'example_branch_operator' retrieved from /home/airflow/.local/lib/python3.12/site-packages/airflow/example_dags/example_branch_operator.py
[2025-12-29T13:28:05.585+0000] {logging_mixin.py:188} INFO - [2025-12-29T13:28:05.584+0000] {dag.py:3096} INFO - Sync 1 DAGs
[2025-12-29T13:28:05.635+0000] {logging_mixin.py:188} INFO - [2025-12-29T13:28:05.635+0000] {dag.py:3954} INFO - Setting next_dagrun for example_branch_operator to 2025-12-28 00:00:00+00:00, run_after=2025-12-29 00:00:00+00:00
[2025-12-29T13:28:05.680+0000] {processor.py:183} INFO - Processing /home/airflow/.local/lib/python3.12/site-packages/airflow/example_dags/example_branch_operator.py took 0.216 seconds
[2025-12-29T13:28:35.824+0000] {processor.py:161} INFO - Started process (PID=9739) to work on /home/airflow/.local/lib/python3.12/site-packages/airflow/example_dags/example_branch_operator.py
[2025-12-29T13:28:35.827+0000] {processor.py:830} INFO - Processing file /home/airflow/.local/lib/python3.12/site-packages/airflow/example_dags/example_branch_operator.py for tasks to queue
[2025-12-29T13:28:35.832+0000] {logging_mixin.py:188} INFO - [2025-12-29T13:28:35.831+0000] {dagbag.py:545} INFO - Filling up the DagBag from /home/airflow/.local/lib/python3.12/site-packages/airflow/example_dags/example_branch_operator.py
[2025-12-29T13:28:35.868+0000] {processor.py:840} INFO - DAG(s) 'example_branch_operator' retrieved from /home/airflow/.local/lib/python3.12/site-packages/airflow/example_dags/example_branch_operator.py
[2025-12-29T13:28:35.935+0000] {logging_mixin.py:188} INFO - [2025-12-29T13:28:35.934+0000] {dag.py:3096} INFO - Sync 1 DAGs
[2025-12-29T13:28:35.988+0000] {logging_mixin.py:188} INFO - [2025-12-29T13:28:35.988+0000] {dag.py:3954} INFO - Setting next_dagrun for example_branch_operator to 2025-12-28 00:00:00+00:00, run_after=2025-12-29 00:00:00+00:00
[2025-12-29T13:28:36.031+0000] {processor.py:183} INFO - Processing /home/airflow/.local/lib/python3.12/site-packages/airflow/example_dags/example_branch_operator.py took 0.216 seconds
[2025-12-29T13:29:06.405+0000] {processor.py:161} INFO - Started process (PID=10000) to work on /home/airflow/.local/lib/python3.12/site-packages/airflow/example_dags/example_branch_operator.py
[2025-12-29T13:29:06.407+0000] {processor.py:830} INFO - Processing file /home/airflow/.local/lib/python3.12/site-packages/airflow/example_dags/example_branch_operator.py for tasks to queue
[2025-12-29T13:29:06.411+0000] {logging_mixin.py:188} INFO - [2025-12-29T13:29:06.410+0000] {dagbag.py:545} INFO - Filling up the DagBag from /home/airflow/.local/lib/python3.12/site-packages/airflow/example_dags/example_branch_operator.py
[2025-12-29T13:29:06.447+0000] {processor.py:840} INFO - DAG(s) 'example_branch_operator' retrieved from /home/airflow/.local/lib/python3.12/site-packages/airflow/example_dags/example_branch_operator.py
[2025-12-29T13:29:06.516+0000] {logging_mixin.py:188} INFO - [2025-12-29T13:29:06.515+0000] {dag.py:3096} INFO - Sync 1 DAGs
[2025-12-29T13:29:06.575+0000] {logging_mixin.py:188} INFO - [2025-12-29T13:29:06.575+0000] {dag.py:3954} INFO - Setting next_dagrun for example_branch_operator to 2025-12-28 00:00:00+00:00, run_after=2025-12-29 00:00:00+00:00
[2025-12-29T13:29:06.622+0000] {processor.py:183} INFO - Processing /home/airflow/.local/lib/python3.12/site-packages/airflow/example_dags/example_branch_operator.py took 0.228 seconds
[2025-12-29T13:29:37.971+0000] {processor.py:161} INFO - Started process (PID=10260) to work on /home/airflow/.local/lib/python3.12/site-packages/airflow/example_dags/example_branch_operator.py
[2025-12-29T13:29:37.973+0000] {processor.py:830} INFO - Processing file /home/airflow/.local/lib/python3.12/site-packages/airflow/example_dags/example_branch_operator.py for tasks to queue
[2025-12-29T13:29:37.978+0000] {logging_mixin.py:188} INFO - [2025-12-29T13:29:37.977+0000] {dagbag.py:545} INFO - Filling up the DagBag from /home/airflow/.local/lib/python3.12/site-packages/airflow/example_dags/example_branch_operator.py
[2025-12-29T13:29:38.014+0000] {processor.py:840} INFO - DAG(s) 'example_branch_operator' retrieved from /home/airflow/.local/lib/python3.12/site-packages/airflow/example_dags/example_branch_operator.py
[2025-12-29T13:29:38.080+0000] {logging_mixin.py:188} INFO - [2025-12-29T13:29:38.079+0000] {dag.py:3096} INFO - Sync 1 DAGs
[2025-12-29T13:29:38.133+0000] {logging_mixin.py:188} INFO - [2025-12-29T13:29:38.132+0000] {dag.py:3954} INFO - Setting next_dagrun for example_branch_operator to 2025-12-28 00:00:00+00:00, run_after=2025-12-29 00:00:00+00:00
[2025-12-29T13:29:38.175+0000] {processor.py:183} INFO - Processing /home/airflow/.local/lib/python3.12/site-packages/airflow/example_dags/example_branch_operator.py took 0.213 seconds
[2025-12-29T13:30:08.798+0000] {processor.py:161} INFO - Started process (PID=10564) to work on /home/airflow/.local/lib/python3.12/site-packages/airflow/example_dags/example_branch_operator.py
[2025-12-29T13:30:08.801+0000] {processor.py:830} INFO - Processing file /home/airflow/.local/lib/python3.12/site-packages/airflow/example_dags/example_branch_operator.py for tasks to queue
[2025-12-29T13:30:08.804+0000] {logging_mixin.py:188} INFO - [2025-12-29T13:30:08.803+0000] {dagbag.py:545} INFO - Filling up the DagBag from /home/airflow/.local/lib/python3.12/site-packages/airflow/example_dags/example_branch_operator.py
[2025-12-29T13:30:08.841+0000] {processor.py:840} INFO - DAG(s) 'example_branch_operator' retrieved from /home/airflow/.local/lib/python3.12/site-packages/airflow/example_dags/example_branch_operator.py
[2025-12-29T13:30:09.146+0000] {logging_mixin.py:188} INFO - [2025-12-29T13:30:09.146+0000] {dag.py:3096} INFO - Sync 1 DAGs
[2025-12-29T13:30:09.191+0000] {logging_mixin.py:188} INFO - [2025-12-29T13:30:09.190+0000] {dag.py:3954} INFO - Setting next_dagrun for example_branch_operator to 2025-12-28 00:00:00+00:00, run_after=2025-12-29 00:00:00+00:00
[2025-12-29T13:30:09.232+0000] {processor.py:183} INFO - Processing /home/airflow/.local/lib/python3.12/site-packages/airflow/example_dags/example_branch_operator.py took 0.449 seconds
[2025-12-29T13:30:39.704+0000] {processor.py:161} INFO - Started process (PID=10827) to work on /home/airflow/.local/lib/python3.12/site-packages/airflow/example_dags/example_branch_operator.py
[2025-12-29T13:30:39.707+0000] {processor.py:830} INFO - Processing file /home/airflow/.local/lib/python3.12/site-packages/airflow/example_dags/example_branch_operator.py for tasks to queue
[2025-12-29T13:30:39.712+0000] {logging_mixin.py:188} INFO - [2025-12-29T13:30:39.711+0000] {dagbag.py:545} INFO - Filling up the DagBag from /home/airflow/.local/lib/python3.12/site-packages/airflow/example_dags/example_branch_operator.py
[2025-12-29T13:30:39.747+0000] {processor.py:840} INFO - DAG(s) 'example_branch_operator' retrieved from /home/airflow/.local/lib/python3.12/site-packages/airflow/example_dags/example_branch_operator.py
[2025-12-29T13:30:39.818+0000] {logging_mixin.py:188} INFO - [2025-12-29T13:30:39.818+0000] {dag.py:3096} INFO - Sync 1 DAGs
[2025-12-29T13:30:40.108+0000] {logging_mixin.py:188} INFO - [2025-12-29T13:30:40.108+0000] {dag.py:3954} INFO - Setting next_dagrun for example_branch_operator to 2025-12-28 00:00:00+00:00, run_after=2025-12-29 00:00:00+00:00
[2025-12-29T13:30:40.152+0000] {processor.py:183} INFO - Processing /home/airflow/.local/lib/python3.12/site-packages/airflow/example_dags/example_branch_operator.py took 0.460 seconds
[2025-12-29T13:31:10.936+0000] {processor.py:161} INFO - Started process (PID=11088) to work on /home/airflow/.local/lib/python3.12/site-packages/airflow/example_dags/example_branch_operator.py
[2025-12-29T13:31:10.939+0000] {processor.py:830} INFO - Processing file /home/airflow/.local/lib/python3.12/site-packages/airflow/example_dags/example_branch_operator.py for tasks to queue
[2025-12-29T13:31:10.943+0000] {logging_mixin.py:188} INFO - [2025-12-29T13:31:10.942+0000] {dagbag.py:545} INFO - Filling up the DagBag from /home/airflow/.local/lib/python3.12/site-packages/airflow/example_dags/example_branch_operator.py
[2025-12-29T13:31:10.981+0000] {processor.py:840} INFO - DAG(s) 'example_branch_operator' retrieved from /home/airflow/.local/lib/python3.12/site-packages/airflow/example_dags/example_branch_operator.py
[2025-12-29T13:31:11.064+0000] {logging_mixin.py:188} INFO - [2025-12-29T13:31:11.064+0000] {dag.py:3096} INFO - Sync 1 DAGs
[2025-12-29T13:31:11.139+0000] {logging_mixin.py:188} INFO - [2025-12-29T13:31:11.138+0000] {dag.py:3954} INFO - Setting next_dagrun for example_branch_operator to 2025-12-28 00:00:00+00:00, run_after=2025-12-29 00:00:00+00:00
[2025-12-29T13:31:11.208+0000] {processor.py:183} INFO - Processing /home/airflow/.local/lib/python3.12/site-packages/airflow/example_dags/example_branch_operator.py took 0.285 seconds
[2025-12-29T13:31:41.498+0000] {processor.py:161} INFO - Started process (PID=11355) to work on /home/airflow/.local/lib/python3.12/site-packages/airflow/example_dags/example_branch_operator.py
[2025-12-29T13:31:41.500+0000] {processor.py:830} INFO - Processing file /home/airflow/.local/lib/python3.12/site-packages/airflow/example_dags/example_branch_operator.py for tasks to queue
[2025-12-29T13:31:41.504+0000] {logging_mixin.py:188} INFO - [2025-12-29T13:31:41.503+0000] {dagbag.py:545} INFO - Filling up the DagBag from /home/airflow/.local/lib/python3.12/site-packages/airflow/example_dags/example_branch_operator.py
[2025-12-29T13:31:41.544+0000] {processor.py:840} INFO - DAG(s) 'example_branch_operator' retrieved from /home/airflow/.local/lib/python3.12/site-packages/airflow/example_dags/example_branch_operator.py
[2025-12-29T13:31:41.616+0000] {logging_mixin.py:188} INFO - [2025-12-29T13:31:41.616+0000] {dag.py:3096} INFO - Sync 1 DAGs
[2025-12-29T13:31:41.669+0000] {logging_mixin.py:188} INFO - [2025-12-29T13:31:41.668+0000] {dag.py:3954} INFO - Setting next_dagrun for example_branch_operator to 2025-12-28 00:00:00+00:00, run_after=2025-12-29 00:00:00+00:00
[2025-12-29T13:31:41.715+0000] {processor.py:183} INFO - Processing /home/airflow/.local/lib/python3.12/site-packages/airflow/example_dags/example_branch_operator.py took 0.230 seconds
[2025-12-29T13:32:12.030+0000] {processor.py:161} INFO - Started process (PID=11702) to work on /home/airflow/.local/lib/python3.12/site-packages/airflow/example_dags/example_branch_operator.py
[2025-12-29T13:32:12.032+0000] {processor.py:830} INFO - Processing file /home/airflow/.local/lib/python3.12/site-packages/airflow/example_dags/example_branch_operator.py for tasks to queue
[2025-12-29T13:32:12.036+0000] {logging_mixin.py:188} INFO - [2025-12-29T13:32:12.035+0000] {dagbag.py:545} INFO - Filling up the DagBag from /home/airflow/.local/lib/python3.12/site-packages/airflow/example_dags/example_branch_operator.py
[2025-12-29T13:32:12.081+0000] {processor.py:840} INFO - DAG(s) 'example_branch_operator' retrieved from /home/airflow/.local/lib/python3.12/site-packages/airflow/example_dags/example_branch_operator.py
[2025-12-29T13:32:12.152+0000] {logging_mixin.py:188} INFO - [2025-12-29T13:32:12.152+0000] {dag.py:3096} INFO - Sync 1 DAGs
[2025-12-29T13:32:12.202+0000] {logging_mixin.py:188} INFO - [2025-12-29T13:32:12.202+0000] {dag.py:3954} INFO - Setting next_dagrun for example_branch_operator to 2025-12-28 00:00:00+00:00, run_after=2025-12-29 00:00:00+00:00
[2025-12-29T13:32:12.245+0000] {processor.py:183} INFO - Processing /home/airflow/.local/lib/python3.12/site-packages/airflow/example_dags/example_branch_operator.py took 0.229 seconds
[2025-12-29T13:32:42.498+0000] {processor.py:161} INFO - Started process (PID=11963) to work on /home/airflow/.local/lib/python3.12/site-packages/airflow/example_dags/example_branch_operator.py
[2025-12-29T13:32:42.501+0000] {processor.py:830} INFO - Processing file /home/airflow/.local/lib/python3.12/site-packages/airflow/example_dags/example_branch_operator.py for tasks to queue
[2025-12-29T13:32:42.506+0000] {logging_mixin.py:188} INFO - [2025-12-29T13:32:42.505+0000] {dagbag.py:545} INFO - Filling up the DagBag from /home/airflow/.local/lib/python3.12/site-packages/airflow/example_dags/example_branch_operator.py
[2025-12-29T13:32:42.547+0000] {processor.py:840} INFO - DAG(s) 'example_branch_operator' retrieved from /home/airflow/.local/lib/python3.12/site-packages/airflow/example_dags/example_branch_operator.py
[2025-12-29T13:32:42.626+0000] {logging_mixin.py:188} INFO - [2025-12-29T13:32:42.625+0000] {dag.py:3096} INFO - Sync 1 DAGs
[2025-12-29T13:32:42.679+0000] {logging_mixin.py:188} INFO - [2025-12-29T13:32:42.678+0000] {dag.py:3954} INFO - Setting next_dagrun for example_branch_operator to 2025-12-28 00:00:00+00:00, run_after=2025-12-29 00:00:00+00:00
[2025-12-29T13:32:42.724+0000] {processor.py:183} INFO - Processing /home/airflow/.local/lib/python3.12/site-packages/airflow/example_dags/example_branch_operator.py took 0.240 seconds
[2025-12-29T13:33:12.833+0000] {processor.py:161} INFO - Started process (PID=12224) to work on /home/airflow/.local/lib/python3.12/site-packages/airflow/example_dags/example_branch_operator.py
[2025-12-29T13:33:12.835+0000] {processor.py:830} INFO - Processing file /home/airflow/.local/lib/python3.12/site-packages/airflow/example_dags/example_branch_operator.py for tasks to queue
[2025-12-29T13:33:12.838+0000] {logging_mixin.py:188} INFO - [2025-12-29T13:33:12.838+0000] {dagbag.py:545} INFO - Filling up the DagBag from /home/airflow/.local/lib/python3.12/site-packages/airflow/example_dags/example_branch_operator.py
[2025-12-29T13:33:12.870+0000] {processor.py:840} INFO - DAG(s) 'example_branch_operator' retrieved from /home/airflow/.local/lib/python3.12/site-packages/airflow/example_dags/example_branch_operator.py
[2025-12-29T13:33:12.943+0000] {logging_mixin.py:188} INFO - [2025-12-29T13:33:12.943+0000] {dag.py:3096} INFO - Sync 1 DAGs
[2025-12-29T13:33:12.995+0000] {logging_mixin.py:188} INFO - [2025-12-29T13:33:12.994+0000] {dag.py:3954} INFO - Setting next_dagrun for example_branch_operator to 2025-12-28 00:00:00+00:00, run_after=2025-12-29 00:00:00+00:00
[2025-12-29T13:33:13.037+0000] {processor.py:183} INFO - Processing /home/airflow/.local/lib/python3.12/site-packages/airflow/example_dags/example_branch_operator.py took 0.215 seconds
[2025-12-29T13:33:43.388+0000] {processor.py:161} INFO - Started process (PID=12480) to work on /home/airflow/.local/lib/python3.12/site-packages/airflow/example_dags/example_branch_operator.py
[2025-12-29T13:33:43.389+0000] {processor.py:830} INFO - Processing file /home/airflow/.local/lib/python3.12/site-packages/airflow/example_dags/example_branch_operator.py for tasks to queue
[2025-12-29T13:33:43.393+0000] {logging_mixin.py:188} INFO - [2025-12-29T13:33:43.392+0000] {dagbag.py:545} INFO - Filling up the DagBag from /home/airflow/.local/lib/python3.12/site-packages/airflow/example_dags/example_branch_operator.py
[2025-12-29T13:33:43.430+0000] {processor.py:840} INFO - DAG(s) 'example_branch_operator' retrieved from /home/airflow/.local/lib/python3.12/site-packages/airflow/example_dags/example_branch_operator.py
[2025-12-29T13:33:43.501+0000] {logging_mixin.py:188} INFO - [2025-12-29T13:33:43.501+0000] {dag.py:3096} INFO - Sync 1 DAGs
[2025-12-29T13:33:43.553+0000] {logging_mixin.py:188} INFO - [2025-12-29T13:33:43.553+0000] {dag.py:3954} INFO - Setting next_dagrun for example_branch_operator to 2025-12-28 00:00:00+00:00, run_after=2025-12-29 00:00:00+00:00
[2025-12-29T13:33:43.598+0000] {processor.py:183} INFO - Processing /home/airflow/.local/lib/python3.12/site-packages/airflow/example_dags/example_branch_operator.py took 0.223 seconds
[2025-12-29T13:34:13.904+0000] {processor.py:161} INFO - Started process (PID=12774) to work on /home/airflow/.local/lib/python3.12/site-packages/airflow/example_dags/example_branch_operator.py
[2025-12-29T13:34:13.906+0000] {processor.py:830} INFO - Processing file /home/airflow/.local/lib/python3.12/site-packages/airflow/example_dags/example_branch_operator.py for tasks to queue
[2025-12-29T13:34:13.910+0000] {logging_mixin.py:188} INFO - [2025-12-29T13:34:13.909+0000] {dagbag.py:545} INFO - Filling up the DagBag from /home/airflow/.local/lib/python3.12/site-packages/airflow/example_dags/example_branch_operator.py
[2025-12-29T13:34:13.951+0000] {processor.py:840} INFO - DAG(s) 'example_branch_operator' retrieved from /home/airflow/.local/lib/python3.12/site-packages/airflow/example_dags/example_branch_operator.py
[2025-12-29T13:34:14.025+0000] {logging_mixin.py:188} INFO - [2025-12-29T13:34:14.024+0000] {dag.py:3096} INFO - Sync 1 DAGs
[2025-12-29T13:34:14.083+0000] {logging_mixin.py:188} INFO - [2025-12-29T13:34:14.082+0000] {dag.py:3954} INFO - Setting next_dagrun for example_branch_operator to 2025-12-28 00:00:00+00:00, run_after=2025-12-29 00:00:00+00:00
[2025-12-29T13:34:14.133+0000] {processor.py:183} INFO - Processing /home/airflow/.local/lib/python3.12/site-packages/airflow/example_dags/example_branch_operator.py took 0.240 seconds
