[2025-12-29T13:10:11.068+0000] {processor.py:161} INFO - Started process (PID=385) to work on /home/airflow/.local/lib/python3.12/site-packages/airflow/example_dags/example_dag_decorator.py
[2025-12-29T13:10:11.069+0000] {processor.py:830} INFO - Processing file /home/airflow/.local/lib/python3.12/site-packages/airflow/example_dags/example_dag_decorator.py for tasks to queue
[2025-12-29T13:10:11.072+0000] {logging_mixin.py:188} INFO - [2025-12-29T13:10:11.071+0000] {dagbag.py:545} INFO - Filling up the DagBag from /home/airflow/.local/lib/python3.12/site-packages/airflow/example_dags/example_dag_decorator.py
[2025-12-29T13:10:11.568+0000] {processor.py:840} INFO - DAG(s) 'example_dag_decorator' retrieved from /home/airflow/.local/lib/python3.12/site-packages/airflow/example_dags/example_dag_decorator.py
[2025-12-29T13:10:11.769+0000] {logging_mixin.py:188} INFO - [2025-12-29T13:10:11.768+0000] {dag.py:3096} INFO - Sync 1 DAGs
[2025-12-29T13:10:11.788+0000] {logging_mixin.py:188} INFO - [2025-12-29T13:10:11.788+0000] {dag.py:3954} INFO - Setting next_dagrun for example_dag_decorator to None, run_after=None
[2025-12-29T13:10:11.834+0000] {processor.py:183} INFO - Processing /home/airflow/.local/lib/python3.12/site-packages/airflow/example_dags/example_dag_decorator.py took 0.772 seconds
[2025-12-29T13:10:42.134+0000] {processor.py:161} INFO - Started process (PID=656) to work on /home/airflow/.local/lib/python3.12/site-packages/airflow/example_dags/example_dag_decorator.py
[2025-12-29T13:10:42.135+0000] {processor.py:830} INFO - Processing file /home/airflow/.local/lib/python3.12/site-packages/airflow/example_dags/example_dag_decorator.py for tasks to queue
[2025-12-29T13:10:42.137+0000] {logging_mixin.py:188} INFO - [2025-12-29T13:10:42.137+0000] {dagbag.py:545} INFO - Filling up the DagBag from /home/airflow/.local/lib/python3.12/site-packages/airflow/example_dags/example_dag_decorator.py
[2025-12-29T13:10:42.250+0000] {processor.py:840} INFO - DAG(s) 'example_dag_decorator' retrieved from /home/airflow/.local/lib/python3.12/site-packages/airflow/example_dags/example_dag_decorator.py
[2025-12-29T13:10:42.387+0000] {logging_mixin.py:188} INFO - [2025-12-29T13:10:42.387+0000] {dag.py:3096} INFO - Sync 1 DAGs
[2025-12-29T13:10:42.401+0000] {logging_mixin.py:188} INFO - [2025-12-29T13:10:42.401+0000] {dag.py:3954} INFO - Setting next_dagrun for example_dag_decorator to None, run_after=None
[2025-12-29T13:10:42.426+0000] {processor.py:183} INFO - Processing /home/airflow/.local/lib/python3.12/site-packages/airflow/example_dags/example_dag_decorator.py took 0.298 seconds
[2025-12-29T13:11:12.744+0000] {processor.py:161} INFO - Started process (PID=922) to work on /home/airflow/.local/lib/python3.12/site-packages/airflow/example_dags/example_dag_decorator.py
[2025-12-29T13:11:12.745+0000] {processor.py:830} INFO - Processing file /home/airflow/.local/lib/python3.12/site-packages/airflow/example_dags/example_dag_decorator.py for tasks to queue
[2025-12-29T13:11:12.748+0000] {logging_mixin.py:188} INFO - [2025-12-29T13:11:12.748+0000] {dagbag.py:545} INFO - Filling up the DagBag from /home/airflow/.local/lib/python3.12/site-packages/airflow/example_dags/example_dag_decorator.py
[2025-12-29T13:11:13.001+0000] {processor.py:840} INFO - DAG(s) 'example_dag_decorator' retrieved from /home/airflow/.local/lib/python3.12/site-packages/airflow/example_dags/example_dag_decorator.py
[2025-12-29T13:11:13.062+0000] {logging_mixin.py:188} INFO - [2025-12-29T13:11:13.061+0000] {dag.py:3096} INFO - Sync 1 DAGs
[2025-12-29T13:11:13.089+0000] {logging_mixin.py:188} INFO - [2025-12-29T13:11:13.089+0000] {dag.py:3954} INFO - Setting next_dagrun for example_dag_decorator to None, run_after=None
[2025-12-29T13:11:13.120+0000] {processor.py:183} INFO - Processing /home/airflow/.local/lib/python3.12/site-packages/airflow/example_dags/example_dag_decorator.py took 0.383 seconds
[2025-12-29T13:11:43.906+0000] {processor.py:161} INFO - Started process (PID=1188) to work on /home/airflow/.local/lib/python3.12/site-packages/airflow/example_dags/example_dag_decorator.py
[2025-12-29T13:11:43.908+0000] {processor.py:830} INFO - Processing file /home/airflow/.local/lib/python3.12/site-packages/airflow/example_dags/example_dag_decorator.py for tasks to queue
[2025-12-29T13:11:43.913+0000] {logging_mixin.py:188} INFO - [2025-12-29T13:11:43.912+0000] {dagbag.py:545} INFO - Filling up the DagBag from /home/airflow/.local/lib/python3.12/site-packages/airflow/example_dags/example_dag_decorator.py
[2025-12-29T13:11:44.080+0000] {processor.py:840} INFO - DAG(s) 'example_dag_decorator' retrieved from /home/airflow/.local/lib/python3.12/site-packages/airflow/example_dags/example_dag_decorator.py
[2025-12-29T13:11:44.281+0000] {logging_mixin.py:188} INFO - [2025-12-29T13:11:44.281+0000] {dag.py:3096} INFO - Sync 1 DAGs
[2025-12-29T13:11:44.298+0000] {logging_mixin.py:188} INFO - [2025-12-29T13:11:44.298+0000] {dag.py:3954} INFO - Setting next_dagrun for example_dag_decorator to None, run_after=None
[2025-12-29T13:11:44.332+0000] {processor.py:183} INFO - Processing /home/airflow/.local/lib/python3.12/site-packages/airflow/example_dags/example_dag_decorator.py took 0.435 seconds
[2025-12-29T13:12:14.842+0000] {processor.py:161} INFO - Started process (PID=1464) to work on /home/airflow/.local/lib/python3.12/site-packages/airflow/example_dags/example_dag_decorator.py
[2025-12-29T13:12:14.843+0000] {processor.py:830} INFO - Processing file /home/airflow/.local/lib/python3.12/site-packages/airflow/example_dags/example_dag_decorator.py for tasks to queue
[2025-12-29T13:12:14.847+0000] {logging_mixin.py:188} INFO - [2025-12-29T13:12:14.846+0000] {dagbag.py:545} INFO - Filling up the DagBag from /home/airflow/.local/lib/python3.12/site-packages/airflow/example_dags/example_dag_decorator.py
[2025-12-29T13:12:14.993+0000] {processor.py:840} INFO - DAG(s) 'example_dag_decorator' retrieved from /home/airflow/.local/lib/python3.12/site-packages/airflow/example_dags/example_dag_decorator.py
[2025-12-29T13:12:15.175+0000] {logging_mixin.py:188} INFO - [2025-12-29T13:12:15.175+0000] {dag.py:3096} INFO - Sync 1 DAGs
[2025-12-29T13:12:15.196+0000] {logging_mixin.py:188} INFO - [2025-12-29T13:12:15.195+0000] {dag.py:3954} INFO - Setting next_dagrun for example_dag_decorator to None, run_after=None
[2025-12-29T13:12:15.227+0000] {processor.py:183} INFO - Processing /home/airflow/.local/lib/python3.12/site-packages/airflow/example_dags/example_dag_decorator.py took 0.392 seconds
[2025-12-29T13:12:46.111+0000] {processor.py:161} INFO - Started process (PID=1727) to work on /home/airflow/.local/lib/python3.12/site-packages/airflow/example_dags/example_dag_decorator.py
[2025-12-29T13:12:46.113+0000] {processor.py:830} INFO - Processing file /home/airflow/.local/lib/python3.12/site-packages/airflow/example_dags/example_dag_decorator.py for tasks to queue
[2025-12-29T13:12:46.116+0000] {logging_mixin.py:188} INFO - [2025-12-29T13:12:46.115+0000] {dagbag.py:545} INFO - Filling up the DagBag from /home/airflow/.local/lib/python3.12/site-packages/airflow/example_dags/example_dag_decorator.py
[2025-12-29T13:12:46.264+0000] {processor.py:840} INFO - DAG(s) 'example_dag_decorator' retrieved from /home/airflow/.local/lib/python3.12/site-packages/airflow/example_dags/example_dag_decorator.py
[2025-12-29T13:12:46.447+0000] {logging_mixin.py:188} INFO - [2025-12-29T13:12:46.447+0000] {dag.py:3096} INFO - Sync 1 DAGs
[2025-12-29T13:12:46.465+0000] {logging_mixin.py:188} INFO - [2025-12-29T13:12:46.465+0000] {dag.py:3954} INFO - Setting next_dagrun for example_dag_decorator to None, run_after=None
[2025-12-29T13:12:46.499+0000] {processor.py:183} INFO - Processing /home/airflow/.local/lib/python3.12/site-packages/airflow/example_dags/example_dag_decorator.py took 0.396 seconds
[2025-12-29T13:13:16.730+0000] {processor.py:161} INFO - Started process (PID=1988) to work on /home/airflow/.local/lib/python3.12/site-packages/airflow/example_dags/example_dag_decorator.py
[2025-12-29T13:13:16.731+0000] {processor.py:830} INFO - Processing file /home/airflow/.local/lib/python3.12/site-packages/airflow/example_dags/example_dag_decorator.py for tasks to queue
[2025-12-29T13:13:16.734+0000] {logging_mixin.py:188} INFO - [2025-12-29T13:13:16.734+0000] {dagbag.py:545} INFO - Filling up the DagBag from /home/airflow/.local/lib/python3.12/site-packages/airflow/example_dags/example_dag_decorator.py
[2025-12-29T13:13:16.905+0000] {processor.py:840} INFO - DAG(s) 'example_dag_decorator' retrieved from /home/airflow/.local/lib/python3.12/site-packages/airflow/example_dags/example_dag_decorator.py
[2025-12-29T13:13:17.101+0000] {logging_mixin.py:188} INFO - [2025-12-29T13:13:17.100+0000] {dag.py:3096} INFO - Sync 1 DAGs
[2025-12-29T13:13:17.118+0000] {logging_mixin.py:188} INFO - [2025-12-29T13:13:17.118+0000] {dag.py:3954} INFO - Setting next_dagrun for example_dag_decorator to None, run_after=None
[2025-12-29T13:13:17.150+0000] {processor.py:183} INFO - Processing /home/airflow/.local/lib/python3.12/site-packages/airflow/example_dags/example_dag_decorator.py took 0.431 seconds
[2025-12-29T13:13:47.766+0000] {processor.py:161} INFO - Started process (PID=2249) to work on /home/airflow/.local/lib/python3.12/site-packages/airflow/example_dags/example_dag_decorator.py
[2025-12-29T13:13:47.768+0000] {processor.py:830} INFO - Processing file /home/airflow/.local/lib/python3.12/site-packages/airflow/example_dags/example_dag_decorator.py for tasks to queue
[2025-12-29T13:13:47.771+0000] {logging_mixin.py:188} INFO - [2025-12-29T13:13:47.770+0000] {dagbag.py:545} INFO - Filling up the DagBag from /home/airflow/.local/lib/python3.12/site-packages/airflow/example_dags/example_dag_decorator.py
[2025-12-29T13:13:47.924+0000] {processor.py:840} INFO - DAG(s) 'example_dag_decorator' retrieved from /home/airflow/.local/lib/python3.12/site-packages/airflow/example_dags/example_dag_decorator.py
[2025-12-29T13:13:48.105+0000] {logging_mixin.py:188} INFO - [2025-12-29T13:13:48.104+0000] {dag.py:3096} INFO - Sync 1 DAGs
[2025-12-29T13:13:48.123+0000] {logging_mixin.py:188} INFO - [2025-12-29T13:13:48.123+0000] {dag.py:3954} INFO - Setting next_dagrun for example_dag_decorator to None, run_after=None
[2025-12-29T13:13:48.158+0000] {processor.py:183} INFO - Processing /home/airflow/.local/lib/python3.12/site-packages/airflow/example_dags/example_dag_decorator.py took 0.401 seconds
[2025-12-29T13:14:19.119+0000] {processor.py:161} INFO - Started process (PID=2510) to work on /home/airflow/.local/lib/python3.12/site-packages/airflow/example_dags/example_dag_decorator.py
[2025-12-29T13:14:19.120+0000] {processor.py:830} INFO - Processing file /home/airflow/.local/lib/python3.12/site-packages/airflow/example_dags/example_dag_decorator.py for tasks to queue
[2025-12-29T13:14:19.123+0000] {logging_mixin.py:188} INFO - [2025-12-29T13:14:19.123+0000] {dagbag.py:545} INFO - Filling up the DagBag from /home/airflow/.local/lib/python3.12/site-packages/airflow/example_dags/example_dag_decorator.py
[2025-12-29T13:14:19.274+0000] {processor.py:840} INFO - DAG(s) 'example_dag_decorator' retrieved from /home/airflow/.local/lib/python3.12/site-packages/airflow/example_dags/example_dag_decorator.py
[2025-12-29T13:14:19.455+0000] {logging_mixin.py:188} INFO - [2025-12-29T13:14:19.455+0000] {dag.py:3096} INFO - Sync 1 DAGs
[2025-12-29T13:14:19.474+0000] {logging_mixin.py:188} INFO - [2025-12-29T13:14:19.474+0000] {dag.py:3954} INFO - Setting next_dagrun for example_dag_decorator to None, run_after=None
[2025-12-29T13:14:19.510+0000] {processor.py:183} INFO - Processing /home/airflow/.local/lib/python3.12/site-packages/airflow/example_dags/example_dag_decorator.py took 0.400 seconds
[2025-12-29T13:14:49.670+0000] {processor.py:161} INFO - Started process (PID=2771) to work on /home/airflow/.local/lib/python3.12/site-packages/airflow/example_dags/example_dag_decorator.py
[2025-12-29T13:14:49.672+0000] {processor.py:830} INFO - Processing file /home/airflow/.local/lib/python3.12/site-packages/airflow/example_dags/example_dag_decorator.py for tasks to queue
[2025-12-29T13:14:49.677+0000] {logging_mixin.py:188} INFO - [2025-12-29T13:14:49.676+0000] {dagbag.py:545} INFO - Filling up the DagBag from /home/airflow/.local/lib/python3.12/site-packages/airflow/example_dags/example_dag_decorator.py
[2025-12-29T13:14:49.889+0000] {processor.py:840} INFO - DAG(s) 'example_dag_decorator' retrieved from /home/airflow/.local/lib/python3.12/site-packages/airflow/example_dags/example_dag_decorator.py
[2025-12-29T13:14:49.942+0000] {logging_mixin.py:188} INFO - [2025-12-29T13:14:49.941+0000] {dag.py:3096} INFO - Sync 1 DAGs
[2025-12-29T13:14:49.970+0000] {logging_mixin.py:188} INFO - [2025-12-29T13:14:49.969+0000] {dag.py:3954} INFO - Setting next_dagrun for example_dag_decorator to None, run_after=None
[2025-12-29T13:14:50.014+0000] {processor.py:183} INFO - Processing /home/airflow/.local/lib/python3.12/site-packages/airflow/example_dags/example_dag_decorator.py took 0.355 seconds
[2025-12-29T13:15:20.871+0000] {processor.py:161} INFO - Started process (PID=3032) to work on /home/airflow/.local/lib/python3.12/site-packages/airflow/example_dags/example_dag_decorator.py
[2025-12-29T13:15:20.874+0000] {processor.py:830} INFO - Processing file /home/airflow/.local/lib/python3.12/site-packages/airflow/example_dags/example_dag_decorator.py for tasks to queue
[2025-12-29T13:15:20.880+0000] {logging_mixin.py:188} INFO - [2025-12-29T13:15:20.879+0000] {dagbag.py:545} INFO - Filling up the DagBag from /home/airflow/.local/lib/python3.12/site-packages/airflow/example_dags/example_dag_decorator.py
[2025-12-29T13:15:21.114+0000] {processor.py:840} INFO - DAG(s) 'example_dag_decorator' retrieved from /home/airflow/.local/lib/python3.12/site-packages/airflow/example_dags/example_dag_decorator.py
[2025-12-29T13:15:21.360+0000] {logging_mixin.py:188} INFO - [2025-12-29T13:15:21.359+0000] {dag.py:3096} INFO - Sync 1 DAGs
[2025-12-29T13:15:21.383+0000] {logging_mixin.py:188} INFO - [2025-12-29T13:15:21.382+0000] {dag.py:3954} INFO - Setting next_dagrun for example_dag_decorator to None, run_after=None
[2025-12-29T13:15:21.426+0000] {processor.py:183} INFO - Processing /home/airflow/.local/lib/python3.12/site-packages/airflow/example_dags/example_dag_decorator.py took 0.568 seconds
[2025-12-29T13:15:51.592+0000] {processor.py:161} INFO - Started process (PID=3293) to work on /home/airflow/.local/lib/python3.12/site-packages/airflow/example_dags/example_dag_decorator.py
[2025-12-29T13:15:51.594+0000] {processor.py:830} INFO - Processing file /home/airflow/.local/lib/python3.12/site-packages/airflow/example_dags/example_dag_decorator.py for tasks to queue
[2025-12-29T13:15:51.599+0000] {logging_mixin.py:188} INFO - [2025-12-29T13:15:51.598+0000] {dagbag.py:545} INFO - Filling up the DagBag from /home/airflow/.local/lib/python3.12/site-packages/airflow/example_dags/example_dag_decorator.py
[2025-12-29T13:15:51.849+0000] {processor.py:840} INFO - DAG(s) 'example_dag_decorator' retrieved from /home/airflow/.local/lib/python3.12/site-packages/airflow/example_dags/example_dag_decorator.py
[2025-12-29T13:15:51.910+0000] {logging_mixin.py:188} INFO - [2025-12-29T13:15:51.909+0000] {dag.py:3096} INFO - Sync 1 DAGs
[2025-12-29T13:15:51.944+0000] {logging_mixin.py:188} INFO - [2025-12-29T13:15:51.944+0000] {dag.py:3954} INFO - Setting next_dagrun for example_dag_decorator to None, run_after=None
[2025-12-29T13:15:51.989+0000] {processor.py:183} INFO - Processing /home/airflow/.local/lib/python3.12/site-packages/airflow/example_dags/example_dag_decorator.py took 0.412 seconds
[2025-12-29T13:16:22.282+0000] {processor.py:161} INFO - Started process (PID=3554) to work on /home/airflow/.local/lib/python3.12/site-packages/airflow/example_dags/example_dag_decorator.py
[2025-12-29T13:16:22.284+0000] {processor.py:830} INFO - Processing file /home/airflow/.local/lib/python3.12/site-packages/airflow/example_dags/example_dag_decorator.py for tasks to queue
[2025-12-29T13:16:22.288+0000] {logging_mixin.py:188} INFO - [2025-12-29T13:16:22.287+0000] {dagbag.py:545} INFO - Filling up the DagBag from /home/airflow/.local/lib/python3.12/site-packages/airflow/example_dags/example_dag_decorator.py
[2025-12-29T13:16:22.528+0000] {processor.py:840} INFO - DAG(s) 'example_dag_decorator' retrieved from /home/airflow/.local/lib/python3.12/site-packages/airflow/example_dags/example_dag_decorator.py
[2025-12-29T13:16:22.775+0000] {logging_mixin.py:188} INFO - [2025-12-29T13:16:22.774+0000] {dag.py:3096} INFO - Sync 1 DAGs
[2025-12-29T13:16:22.799+0000] {logging_mixin.py:188} INFO - [2025-12-29T13:16:22.798+0000] {dag.py:3954} INFO - Setting next_dagrun for example_dag_decorator to None, run_after=None
[2025-12-29T13:16:22.842+0000] {processor.py:183} INFO - Processing /home/airflow/.local/lib/python3.12/site-packages/airflow/example_dags/example_dag_decorator.py took 0.574 seconds
[2025-12-29T13:16:53.324+0000] {processor.py:161} INFO - Started process (PID=3815) to work on /home/airflow/.local/lib/python3.12/site-packages/airflow/example_dags/example_dag_decorator.py
[2025-12-29T13:16:53.326+0000] {processor.py:830} INFO - Processing file /home/airflow/.local/lib/python3.12/site-packages/airflow/example_dags/example_dag_decorator.py for tasks to queue
[2025-12-29T13:16:53.329+0000] {logging_mixin.py:188} INFO - [2025-12-29T13:16:53.329+0000] {dagbag.py:545} INFO - Filling up the DagBag from /home/airflow/.local/lib/python3.12/site-packages/airflow/example_dags/example_dag_decorator.py
[2025-12-29T13:16:53.557+0000] {processor.py:840} INFO - DAG(s) 'example_dag_decorator' retrieved from /home/airflow/.local/lib/python3.12/site-packages/airflow/example_dags/example_dag_decorator.py
[2025-12-29T13:16:53.613+0000] {logging_mixin.py:188} INFO - [2025-12-29T13:16:53.612+0000] {dag.py:3096} INFO - Sync 1 DAGs
[2025-12-29T13:16:53.639+0000] {logging_mixin.py:188} INFO - [2025-12-29T13:16:53.639+0000] {dag.py:3954} INFO - Setting next_dagrun for example_dag_decorator to None, run_after=None
[2025-12-29T13:16:53.679+0000] {processor.py:183} INFO - Processing /home/airflow/.local/lib/python3.12/site-packages/airflow/example_dags/example_dag_decorator.py took 0.368 seconds
[2025-12-29T13:17:23.808+0000] {processor.py:161} INFO - Started process (PID=4076) to work on /home/airflow/.local/lib/python3.12/site-packages/airflow/example_dags/example_dag_decorator.py
[2025-12-29T13:17:23.811+0000] {processor.py:830} INFO - Processing file /home/airflow/.local/lib/python3.12/site-packages/airflow/example_dags/example_dag_decorator.py for tasks to queue
[2025-12-29T13:17:23.814+0000] {logging_mixin.py:188} INFO - [2025-12-29T13:17:23.814+0000] {dagbag.py:545} INFO - Filling up the DagBag from /home/airflow/.local/lib/python3.12/site-packages/airflow/example_dags/example_dag_decorator.py
[2025-12-29T13:17:24.021+0000] {processor.py:840} INFO - DAG(s) 'example_dag_decorator' retrieved from /home/airflow/.local/lib/python3.12/site-packages/airflow/example_dags/example_dag_decorator.py
[2025-12-29T13:17:24.272+0000] {logging_mixin.py:188} INFO - [2025-12-29T13:17:24.271+0000] {dag.py:3096} INFO - Sync 1 DAGs
[2025-12-29T13:17:24.297+0000] {logging_mixin.py:188} INFO - [2025-12-29T13:17:24.296+0000] {dag.py:3954} INFO - Setting next_dagrun for example_dag_decorator to None, run_after=None
[2025-12-29T13:17:24.341+0000] {processor.py:183} INFO - Processing /home/airflow/.local/lib/python3.12/site-packages/airflow/example_dags/example_dag_decorator.py took 0.543 seconds
[2025-12-29T13:17:55.280+0000] {processor.py:161} INFO - Started process (PID=4337) to work on /home/airflow/.local/lib/python3.12/site-packages/airflow/example_dags/example_dag_decorator.py
[2025-12-29T13:17:55.282+0000] {processor.py:830} INFO - Processing file /home/airflow/.local/lib/python3.12/site-packages/airflow/example_dags/example_dag_decorator.py for tasks to queue
[2025-12-29T13:17:55.287+0000] {logging_mixin.py:188} INFO - [2025-12-29T13:17:55.286+0000] {dagbag.py:545} INFO - Filling up the DagBag from /home/airflow/.local/lib/python3.12/site-packages/airflow/example_dags/example_dag_decorator.py
[2025-12-29T13:17:55.507+0000] {processor.py:840} INFO - DAG(s) 'example_dag_decorator' retrieved from /home/airflow/.local/lib/python3.12/site-packages/airflow/example_dags/example_dag_decorator.py
[2025-12-29T13:17:55.770+0000] {logging_mixin.py:188} INFO - [2025-12-29T13:17:55.769+0000] {dag.py:3096} INFO - Sync 1 DAGs
[2025-12-29T13:17:55.799+0000] {logging_mixin.py:188} INFO - [2025-12-29T13:17:55.798+0000] {dag.py:3954} INFO - Setting next_dagrun for example_dag_decorator to None, run_after=None
[2025-12-29T13:17:55.843+0000] {processor.py:183} INFO - Processing /home/airflow/.local/lib/python3.12/site-packages/airflow/example_dags/example_dag_decorator.py took 0.573 seconds
[2025-12-29T13:18:26.538+0000] {processor.py:161} INFO - Started process (PID=4598) to work on /home/airflow/.local/lib/python3.12/site-packages/airflow/example_dags/example_dag_decorator.py
[2025-12-29T13:18:26.539+0000] {processor.py:830} INFO - Processing file /home/airflow/.local/lib/python3.12/site-packages/airflow/example_dags/example_dag_decorator.py for tasks to queue
[2025-12-29T13:18:26.543+0000] {logging_mixin.py:188} INFO - [2025-12-29T13:18:26.542+0000] {dagbag.py:545} INFO - Filling up the DagBag from /home/airflow/.local/lib/python3.12/site-packages/airflow/example_dags/example_dag_decorator.py
[2025-12-29T13:18:26.747+0000] {processor.py:840} INFO - DAG(s) 'example_dag_decorator' retrieved from /home/airflow/.local/lib/python3.12/site-packages/airflow/example_dags/example_dag_decorator.py
[2025-12-29T13:18:26.972+0000] {logging_mixin.py:188} INFO - [2025-12-29T13:18:26.971+0000] {dag.py:3096} INFO - Sync 1 DAGs
[2025-12-29T13:18:27.001+0000] {logging_mixin.py:188} INFO - [2025-12-29T13:18:27.001+0000] {dag.py:3954} INFO - Setting next_dagrun for example_dag_decorator to None, run_after=None
[2025-12-29T13:18:27.062+0000] {processor.py:183} INFO - Processing /home/airflow/.local/lib/python3.12/site-packages/airflow/example_dags/example_dag_decorator.py took 0.536 seconds
[2025-12-29T13:18:57.959+0000] {processor.py:161} INFO - Started process (PID=4859) to work on /home/airflow/.local/lib/python3.12/site-packages/airflow/example_dags/example_dag_decorator.py
[2025-12-29T13:18:57.961+0000] {processor.py:830} INFO - Processing file /home/airflow/.local/lib/python3.12/site-packages/airflow/example_dags/example_dag_decorator.py for tasks to queue
[2025-12-29T13:18:57.965+0000] {logging_mixin.py:188} INFO - [2025-12-29T13:18:57.964+0000] {dagbag.py:545} INFO - Filling up the DagBag from /home/airflow/.local/lib/python3.12/site-packages/airflow/example_dags/example_dag_decorator.py
[2025-12-29T13:18:58.168+0000] {processor.py:840} INFO - DAG(s) 'example_dag_decorator' retrieved from /home/airflow/.local/lib/python3.12/site-packages/airflow/example_dags/example_dag_decorator.py
[2025-12-29T13:18:58.220+0000] {logging_mixin.py:188} INFO - [2025-12-29T13:18:58.220+0000] {dag.py:3096} INFO - Sync 1 DAGs
[2025-12-29T13:18:58.251+0000] {logging_mixin.py:188} INFO - [2025-12-29T13:18:58.250+0000] {dag.py:3954} INFO - Setting next_dagrun for example_dag_decorator to None, run_after=None
[2025-12-29T13:18:58.295+0000] {processor.py:183} INFO - Processing /home/airflow/.local/lib/python3.12/site-packages/airflow/example_dags/example_dag_decorator.py took 0.348 seconds
[2025-12-29T13:19:28.733+0000] {processor.py:161} INFO - Started process (PID=5120) to work on /home/airflow/.local/lib/python3.12/site-packages/airflow/example_dags/example_dag_decorator.py
[2025-12-29T13:19:28.736+0000] {processor.py:830} INFO - Processing file /home/airflow/.local/lib/python3.12/site-packages/airflow/example_dags/example_dag_decorator.py for tasks to queue
[2025-12-29T13:19:28.740+0000] {logging_mixin.py:188} INFO - [2025-12-29T13:19:28.739+0000] {dagbag.py:545} INFO - Filling up the DagBag from /home/airflow/.local/lib/python3.12/site-packages/airflow/example_dags/example_dag_decorator.py
[2025-12-29T13:19:28.971+0000] {processor.py:840} INFO - DAG(s) 'example_dag_decorator' retrieved from /home/airflow/.local/lib/python3.12/site-packages/airflow/example_dags/example_dag_decorator.py
[2025-12-29T13:19:29.231+0000] {logging_mixin.py:188} INFO - [2025-12-29T13:19:29.230+0000] {dag.py:3096} INFO - Sync 1 DAGs
[2025-12-29T13:19:29.255+0000] {logging_mixin.py:188} INFO - [2025-12-29T13:19:29.254+0000] {dag.py:3954} INFO - Setting next_dagrun for example_dag_decorator to None, run_after=None
[2025-12-29T13:19:29.301+0000] {processor.py:183} INFO - Processing /home/airflow/.local/lib/python3.12/site-packages/airflow/example_dags/example_dag_decorator.py took 0.586 seconds
[2025-12-29T13:19:59.836+0000] {processor.py:161} INFO - Started process (PID=5381) to work on /home/airflow/.local/lib/python3.12/site-packages/airflow/example_dags/example_dag_decorator.py
[2025-12-29T13:19:59.838+0000] {processor.py:830} INFO - Processing file /home/airflow/.local/lib/python3.12/site-packages/airflow/example_dags/example_dag_decorator.py for tasks to queue
[2025-12-29T13:19:59.842+0000] {logging_mixin.py:188} INFO - [2025-12-29T13:19:59.841+0000] {dagbag.py:545} INFO - Filling up the DagBag from /home/airflow/.local/lib/python3.12/site-packages/airflow/example_dags/example_dag_decorator.py
[2025-12-29T13:20:00.089+0000] {processor.py:840} INFO - DAG(s) 'example_dag_decorator' retrieved from /home/airflow/.local/lib/python3.12/site-packages/airflow/example_dags/example_dag_decorator.py
[2025-12-29T13:20:00.330+0000] {logging_mixin.py:188} INFO - [2025-12-29T13:20:00.330+0000] {dag.py:3096} INFO - Sync 1 DAGs
[2025-12-29T13:20:00.357+0000] {logging_mixin.py:188} INFO - [2025-12-29T13:20:00.356+0000] {dag.py:3954} INFO - Setting next_dagrun for example_dag_decorator to None, run_after=None
[2025-12-29T13:20:00.401+0000] {processor.py:183} INFO - Processing /home/airflow/.local/lib/python3.12/site-packages/airflow/example_dags/example_dag_decorator.py took 0.577 seconds
[2025-12-29T13:20:31.344+0000] {processor.py:161} INFO - Started process (PID=5642) to work on /home/airflow/.local/lib/python3.12/site-packages/airflow/example_dags/example_dag_decorator.py
[2025-12-29T13:20:31.347+0000] {processor.py:830} INFO - Processing file /home/airflow/.local/lib/python3.12/site-packages/airflow/example_dags/example_dag_decorator.py for tasks to queue
[2025-12-29T13:20:31.352+0000] {logging_mixin.py:188} INFO - [2025-12-29T13:20:31.351+0000] {dagbag.py:545} INFO - Filling up the DagBag from /home/airflow/.local/lib/python3.12/site-packages/airflow/example_dags/example_dag_decorator.py
[2025-12-29T13:20:31.558+0000] {processor.py:840} INFO - DAG(s) 'example_dag_decorator' retrieved from /home/airflow/.local/lib/python3.12/site-packages/airflow/example_dags/example_dag_decorator.py
[2025-12-29T13:20:31.820+0000] {logging_mixin.py:188} INFO - [2025-12-29T13:20:31.819+0000] {dag.py:3096} INFO - Sync 1 DAGs
[2025-12-29T13:20:31.845+0000] {logging_mixin.py:188} INFO - [2025-12-29T13:20:31.844+0000] {dag.py:3954} INFO - Setting next_dagrun for example_dag_decorator to None, run_after=None
[2025-12-29T13:20:31.891+0000] {processor.py:183} INFO - Processing /home/airflow/.local/lib/python3.12/site-packages/airflow/example_dags/example_dag_decorator.py took 0.558 seconds
[2025-12-29T13:21:02.663+0000] {processor.py:161} INFO - Started process (PID=5903) to work on /home/airflow/.local/lib/python3.12/site-packages/airflow/example_dags/example_dag_decorator.py
[2025-12-29T13:21:02.666+0000] {processor.py:830} INFO - Processing file /home/airflow/.local/lib/python3.12/site-packages/airflow/example_dags/example_dag_decorator.py for tasks to queue
[2025-12-29T13:21:02.669+0000] {logging_mixin.py:188} INFO - [2025-12-29T13:21:02.668+0000] {dagbag.py:545} INFO - Filling up the DagBag from /home/airflow/.local/lib/python3.12/site-packages/airflow/example_dags/example_dag_decorator.py
[2025-12-29T13:21:02.884+0000] {processor.py:840} INFO - DAG(s) 'example_dag_decorator' retrieved from /home/airflow/.local/lib/python3.12/site-packages/airflow/example_dags/example_dag_decorator.py
[2025-12-29T13:21:03.120+0000] {logging_mixin.py:188} INFO - [2025-12-29T13:21:03.120+0000] {dag.py:3096} INFO - Sync 1 DAGs
[2025-12-29T13:21:03.147+0000] {logging_mixin.py:188} INFO - [2025-12-29T13:21:03.147+0000] {dag.py:3954} INFO - Setting next_dagrun for example_dag_decorator to None, run_after=None
[2025-12-29T13:21:03.193+0000] {processor.py:183} INFO - Processing /home/airflow/.local/lib/python3.12/site-packages/airflow/example_dags/example_dag_decorator.py took 0.541 seconds
[2025-12-29T13:21:34.107+0000] {processor.py:161} INFO - Started process (PID=6164) to work on /home/airflow/.local/lib/python3.12/site-packages/airflow/example_dags/example_dag_decorator.py
[2025-12-29T13:21:34.110+0000] {processor.py:830} INFO - Processing file /home/airflow/.local/lib/python3.12/site-packages/airflow/example_dags/example_dag_decorator.py for tasks to queue
[2025-12-29T13:21:34.114+0000] {logging_mixin.py:188} INFO - [2025-12-29T13:21:34.114+0000] {dagbag.py:545} INFO - Filling up the DagBag from /home/airflow/.local/lib/python3.12/site-packages/airflow/example_dags/example_dag_decorator.py
[2025-12-29T13:21:34.378+0000] {processor.py:840} INFO - DAG(s) 'example_dag_decorator' retrieved from /home/airflow/.local/lib/python3.12/site-packages/airflow/example_dags/example_dag_decorator.py
[2025-12-29T13:21:34.886+0000] {logging_mixin.py:188} INFO - [2025-12-29T13:21:34.886+0000] {dag.py:3096} INFO - Sync 1 DAGs
[2025-12-29T13:21:34.910+0000] {logging_mixin.py:188} INFO - [2025-12-29T13:21:34.909+0000] {dag.py:3954} INFO - Setting next_dagrun for example_dag_decorator to None, run_after=None
[2025-12-29T13:21:34.949+0000] {processor.py:183} INFO - Processing /home/airflow/.local/lib/python3.12/site-packages/airflow/example_dags/example_dag_decorator.py took 0.853 seconds
[2025-12-29T13:22:05.800+0000] {processor.py:161} INFO - Started process (PID=6425) to work on /home/airflow/.local/lib/python3.12/site-packages/airflow/example_dags/example_dag_decorator.py
[2025-12-29T13:22:05.802+0000] {processor.py:830} INFO - Processing file /home/airflow/.local/lib/python3.12/site-packages/airflow/example_dags/example_dag_decorator.py for tasks to queue
[2025-12-29T13:22:05.806+0000] {logging_mixin.py:188} INFO - [2025-12-29T13:22:05.805+0000] {dagbag.py:545} INFO - Filling up the DagBag from /home/airflow/.local/lib/python3.12/site-packages/airflow/example_dags/example_dag_decorator.py
[2025-12-29T13:22:06.051+0000] {processor.py:840} INFO - DAG(s) 'example_dag_decorator' retrieved from /home/airflow/.local/lib/python3.12/site-packages/airflow/example_dags/example_dag_decorator.py
[2025-12-29T13:22:06.570+0000] {logging_mixin.py:188} INFO - [2025-12-29T13:22:06.570+0000] {dag.py:3096} INFO - Sync 1 DAGs
[2025-12-29T13:22:06.593+0000] {logging_mixin.py:188} INFO - [2025-12-29T13:22:06.593+0000] {dag.py:3954} INFO - Setting next_dagrun for example_dag_decorator to None, run_after=None
[2025-12-29T13:22:06.639+0000] {processor.py:183} INFO - Processing /home/airflow/.local/lib/python3.12/site-packages/airflow/example_dags/example_dag_decorator.py took 0.853 seconds
[2025-12-29T13:22:37.721+0000] {processor.py:161} INFO - Started process (PID=6686) to work on /home/airflow/.local/lib/python3.12/site-packages/airflow/example_dags/example_dag_decorator.py
[2025-12-29T13:22:37.723+0000] {processor.py:830} INFO - Processing file /home/airflow/.local/lib/python3.12/site-packages/airflow/example_dags/example_dag_decorator.py for tasks to queue
[2025-12-29T13:22:37.729+0000] {logging_mixin.py:188} INFO - [2025-12-29T13:22:37.728+0000] {dagbag.py:545} INFO - Filling up the DagBag from /home/airflow/.local/lib/python3.12/site-packages/airflow/example_dags/example_dag_decorator.py
[2025-12-29T13:22:37.953+0000] {processor.py:840} INFO - DAG(s) 'example_dag_decorator' retrieved from /home/airflow/.local/lib/python3.12/site-packages/airflow/example_dags/example_dag_decorator.py
[2025-12-29T13:22:38.474+0000] {logging_mixin.py:188} INFO - [2025-12-29T13:22:38.474+0000] {dag.py:3096} INFO - Sync 1 DAGs
[2025-12-29T13:22:38.497+0000] {logging_mixin.py:188} INFO - [2025-12-29T13:22:38.497+0000] {dag.py:3954} INFO - Setting next_dagrun for example_dag_decorator to None, run_after=None
[2025-12-29T13:22:38.538+0000] {processor.py:183} INFO - Processing /home/airflow/.local/lib/python3.12/site-packages/airflow/example_dags/example_dag_decorator.py took 0.830 seconds
[2025-12-29T13:23:09.146+0000] {processor.py:161} INFO - Started process (PID=6947) to work on /home/airflow/.local/lib/python3.12/site-packages/airflow/example_dags/example_dag_decorator.py
[2025-12-29T13:23:09.148+0000] {processor.py:830} INFO - Processing file /home/airflow/.local/lib/python3.12/site-packages/airflow/example_dags/example_dag_decorator.py for tasks to queue
[2025-12-29T13:23:09.152+0000] {logging_mixin.py:188} INFO - [2025-12-29T13:23:09.152+0000] {dagbag.py:545} INFO - Filling up the DagBag from /home/airflow/.local/lib/python3.12/site-packages/airflow/example_dags/example_dag_decorator.py
[2025-12-29T13:23:09.358+0000] {processor.py:840} INFO - DAG(s) 'example_dag_decorator' retrieved from /home/airflow/.local/lib/python3.12/site-packages/airflow/example_dags/example_dag_decorator.py
[2025-12-29T13:23:09.588+0000] {logging_mixin.py:188} INFO - [2025-12-29T13:23:09.588+0000] {dag.py:3096} INFO - Sync 1 DAGs
[2025-12-29T13:23:09.842+0000] {logging_mixin.py:188} INFO - [2025-12-29T13:23:09.841+0000] {dag.py:3954} INFO - Setting next_dagrun for example_dag_decorator to None, run_after=None
[2025-12-29T13:23:09.882+0000] {processor.py:183} INFO - Processing /home/airflow/.local/lib/python3.12/site-packages/airflow/example_dags/example_dag_decorator.py took 0.747 seconds
[2025-12-29T13:23:40.001+0000] {processor.py:161} INFO - Started process (PID=7208) to work on /home/airflow/.local/lib/python3.12/site-packages/airflow/example_dags/example_dag_decorator.py
[2025-12-29T13:23:40.002+0000] {processor.py:830} INFO - Processing file /home/airflow/.local/lib/python3.12/site-packages/airflow/example_dags/example_dag_decorator.py for tasks to queue
[2025-12-29T13:23:40.008+0000] {logging_mixin.py:188} INFO - [2025-12-29T13:23:40.007+0000] {dagbag.py:545} INFO - Filling up the DagBag from /home/airflow/.local/lib/python3.12/site-packages/airflow/example_dags/example_dag_decorator.py
[2025-12-29T13:23:40.235+0000] {processor.py:840} INFO - DAG(s) 'example_dag_decorator' retrieved from /home/airflow/.local/lib/python3.12/site-packages/airflow/example_dags/example_dag_decorator.py
[2025-12-29T13:23:40.483+0000] {logging_mixin.py:188} INFO - [2025-12-29T13:23:40.482+0000] {dag.py:3096} INFO - Sync 1 DAGs
[2025-12-29T13:23:40.749+0000] {logging_mixin.py:188} INFO - [2025-12-29T13:23:40.748+0000] {dag.py:3954} INFO - Setting next_dagrun for example_dag_decorator to None, run_after=None
[2025-12-29T13:23:40.795+0000] {processor.py:183} INFO - Processing /home/airflow/.local/lib/python3.12/site-packages/airflow/example_dags/example_dag_decorator.py took 0.805 seconds
[2025-12-29T13:24:10.936+0000] {processor.py:161} INFO - Started process (PID=7469) to work on /home/airflow/.local/lib/python3.12/site-packages/airflow/example_dags/example_dag_decorator.py
[2025-12-29T13:24:10.938+0000] {processor.py:830} INFO - Processing file /home/airflow/.local/lib/python3.12/site-packages/airflow/example_dags/example_dag_decorator.py for tasks to queue
[2025-12-29T13:24:10.944+0000] {logging_mixin.py:188} INFO - [2025-12-29T13:24:10.943+0000] {dagbag.py:545} INFO - Filling up the DagBag from /home/airflow/.local/lib/python3.12/site-packages/airflow/example_dags/example_dag_decorator.py
[2025-12-29T13:24:11.173+0000] {processor.py:840} INFO - DAG(s) 'example_dag_decorator' retrieved from /home/airflow/.local/lib/python3.12/site-packages/airflow/example_dags/example_dag_decorator.py
[2025-12-29T13:24:11.658+0000] {logging_mixin.py:188} INFO - [2025-12-29T13:24:11.658+0000] {dag.py:3096} INFO - Sync 1 DAGs
[2025-12-29T13:24:11.682+0000] {logging_mixin.py:188} INFO - [2025-12-29T13:24:11.681+0000] {dag.py:3954} INFO - Setting next_dagrun for example_dag_decorator to None, run_after=None
[2025-12-29T13:24:11.723+0000] {processor.py:183} INFO - Processing /home/airflow/.local/lib/python3.12/site-packages/airflow/example_dags/example_dag_decorator.py took 0.800 seconds
[2025-12-29T13:24:41.920+0000] {processor.py:161} INFO - Started process (PID=7730) to work on /home/airflow/.local/lib/python3.12/site-packages/airflow/example_dags/example_dag_decorator.py
[2025-12-29T13:24:41.922+0000] {processor.py:830} INFO - Processing file /home/airflow/.local/lib/python3.12/site-packages/airflow/example_dags/example_dag_decorator.py for tasks to queue
[2025-12-29T13:24:41.927+0000] {logging_mixin.py:188} INFO - [2025-12-29T13:24:41.926+0000] {dagbag.py:545} INFO - Filling up the DagBag from /home/airflow/.local/lib/python3.12/site-packages/airflow/example_dags/example_dag_decorator.py
[2025-12-29T13:24:42.122+0000] {processor.py:840} INFO - DAG(s) 'example_dag_decorator' retrieved from /home/airflow/.local/lib/python3.12/site-packages/airflow/example_dags/example_dag_decorator.py
[2025-12-29T13:24:42.561+0000] {logging_mixin.py:188} INFO - [2025-12-29T13:24:42.560+0000] {dag.py:3096} INFO - Sync 1 DAGs
[2025-12-29T13:24:42.581+0000] {logging_mixin.py:188} INFO - [2025-12-29T13:24:42.581+0000] {dag.py:3954} INFO - Setting next_dagrun for example_dag_decorator to None, run_after=None
[2025-12-29T13:24:42.623+0000] {processor.py:183} INFO - Processing /home/airflow/.local/lib/python3.12/site-packages/airflow/example_dags/example_dag_decorator.py took 0.713 seconds
[2025-12-29T13:25:13.607+0000] {processor.py:161} INFO - Started process (PID=7991) to work on /home/airflow/.local/lib/python3.12/site-packages/airflow/example_dags/example_dag_decorator.py
[2025-12-29T13:25:13.610+0000] {processor.py:830} INFO - Processing file /home/airflow/.local/lib/python3.12/site-packages/airflow/example_dags/example_dag_decorator.py for tasks to queue
[2025-12-29T13:25:13.615+0000] {logging_mixin.py:188} INFO - [2025-12-29T13:25:13.615+0000] {dagbag.py:545} INFO - Filling up the DagBag from /home/airflow/.local/lib/python3.12/site-packages/airflow/example_dags/example_dag_decorator.py
[2025-12-29T13:25:13.840+0000] {processor.py:840} INFO - DAG(s) 'example_dag_decorator' retrieved from /home/airflow/.local/lib/python3.12/site-packages/airflow/example_dags/example_dag_decorator.py
[2025-12-29T13:25:14.436+0000] {logging_mixin.py:188} INFO - [2025-12-29T13:25:14.435+0000] {dag.py:3096} INFO - Sync 1 DAGs
[2025-12-29T13:25:14.461+0000] {logging_mixin.py:188} INFO - [2025-12-29T13:25:14.461+0000] {dag.py:3954} INFO - Setting next_dagrun for example_dag_decorator to None, run_after=None
[2025-12-29T13:25:14.504+0000] {processor.py:183} INFO - Processing /home/airflow/.local/lib/python3.12/site-packages/airflow/example_dags/example_dag_decorator.py took 0.916 seconds
[2025-12-29T13:25:44.803+0000] {processor.py:161} INFO - Started process (PID=8252) to work on /home/airflow/.local/lib/python3.12/site-packages/airflow/example_dags/example_dag_decorator.py
[2025-12-29T13:25:44.806+0000] {processor.py:830} INFO - Processing file /home/airflow/.local/lib/python3.12/site-packages/airflow/example_dags/example_dag_decorator.py for tasks to queue
[2025-12-29T13:25:44.811+0000] {logging_mixin.py:188} INFO - [2025-12-29T13:25:44.810+0000] {dagbag.py:545} INFO - Filling up the DagBag from /home/airflow/.local/lib/python3.12/site-packages/airflow/example_dags/example_dag_decorator.py
[2025-12-29T13:25:45.044+0000] {processor.py:840} INFO - DAG(s) 'example_dag_decorator' retrieved from /home/airflow/.local/lib/python3.12/site-packages/airflow/example_dags/example_dag_decorator.py
[2025-12-29T13:25:45.623+0000] {logging_mixin.py:188} INFO - [2025-12-29T13:25:45.622+0000] {dag.py:3096} INFO - Sync 1 DAGs
[2025-12-29T13:25:45.645+0000] {logging_mixin.py:188} INFO - [2025-12-29T13:25:45.645+0000] {dag.py:3954} INFO - Setting next_dagrun for example_dag_decorator to None, run_after=None
[2025-12-29T13:25:45.689+0000] {processor.py:183} INFO - Processing /home/airflow/.local/lib/python3.12/site-packages/airflow/example_dags/example_dag_decorator.py took 0.898 seconds
[2025-12-29T13:26:16.539+0000] {processor.py:161} INFO - Started process (PID=8513) to work on /home/airflow/.local/lib/python3.12/site-packages/airflow/example_dags/example_dag_decorator.py
[2025-12-29T13:26:16.541+0000] {processor.py:830} INFO - Processing file /home/airflow/.local/lib/python3.12/site-packages/airflow/example_dags/example_dag_decorator.py for tasks to queue
[2025-12-29T13:26:16.545+0000] {logging_mixin.py:188} INFO - [2025-12-29T13:26:16.545+0000] {dagbag.py:545} INFO - Filling up the DagBag from /home/airflow/.local/lib/python3.12/site-packages/airflow/example_dags/example_dag_decorator.py
[2025-12-29T13:26:16.762+0000] {processor.py:840} INFO - DAG(s) 'example_dag_decorator' retrieved from /home/airflow/.local/lib/python3.12/site-packages/airflow/example_dags/example_dag_decorator.py
[2025-12-29T13:26:17.284+0000] {logging_mixin.py:188} INFO - [2025-12-29T13:26:17.283+0000] {dag.py:3096} INFO - Sync 1 DAGs
[2025-12-29T13:26:17.310+0000] {logging_mixin.py:188} INFO - [2025-12-29T13:26:17.310+0000] {dag.py:3954} INFO - Setting next_dagrun for example_dag_decorator to None, run_after=None
[2025-12-29T13:26:17.360+0000] {processor.py:183} INFO - Processing /home/airflow/.local/lib/python3.12/site-packages/airflow/example_dags/example_dag_decorator.py took 0.834 seconds
[2025-12-29T13:26:48.119+0000] {processor.py:161} INFO - Started process (PID=8774) to work on /home/airflow/.local/lib/python3.12/site-packages/airflow/example_dags/example_dag_decorator.py
[2025-12-29T13:26:48.121+0000] {processor.py:830} INFO - Processing file /home/airflow/.local/lib/python3.12/site-packages/airflow/example_dags/example_dag_decorator.py for tasks to queue
[2025-12-29T13:26:48.125+0000] {logging_mixin.py:188} INFO - [2025-12-29T13:26:48.124+0000] {dagbag.py:545} INFO - Filling up the DagBag from /home/airflow/.local/lib/python3.12/site-packages/airflow/example_dags/example_dag_decorator.py
[2025-12-29T13:26:48.313+0000] {processor.py:840} INFO - DAG(s) 'example_dag_decorator' retrieved from /home/airflow/.local/lib/python3.12/site-packages/airflow/example_dags/example_dag_decorator.py
[2025-12-29T13:26:48.775+0000] {logging_mixin.py:188} INFO - [2025-12-29T13:26:48.775+0000] {dag.py:3096} INFO - Sync 1 DAGs
[2025-12-29T13:26:48.799+0000] {logging_mixin.py:188} INFO - [2025-12-29T13:26:48.799+0000] {dag.py:3954} INFO - Setting next_dagrun for example_dag_decorator to None, run_after=None
[2025-12-29T13:26:48.841+0000] {processor.py:183} INFO - Processing /home/airflow/.local/lib/python3.12/site-packages/airflow/example_dags/example_dag_decorator.py took 0.734 seconds
[2025-12-29T13:27:19.585+0000] {processor.py:161} INFO - Started process (PID=9040) to work on /home/airflow/.local/lib/python3.12/site-packages/airflow/example_dags/example_dag_decorator.py
[2025-12-29T13:27:19.587+0000] {processor.py:830} INFO - Processing file /home/airflow/.local/lib/python3.12/site-packages/airflow/example_dags/example_dag_decorator.py for tasks to queue
[2025-12-29T13:27:19.591+0000] {logging_mixin.py:188} INFO - [2025-12-29T13:27:19.590+0000] {dagbag.py:545} INFO - Filling up the DagBag from /home/airflow/.local/lib/python3.12/site-packages/airflow/example_dags/example_dag_decorator.py
[2025-12-29T13:27:19.799+0000] {processor.py:840} INFO - DAG(s) 'example_dag_decorator' retrieved from /home/airflow/.local/lib/python3.12/site-packages/airflow/example_dags/example_dag_decorator.py
[2025-12-29T13:27:20.215+0000] {logging_mixin.py:188} INFO - [2025-12-29T13:27:20.214+0000] {dag.py:3096} INFO - Sync 1 DAGs
[2025-12-29T13:27:20.237+0000] {logging_mixin.py:188} INFO - [2025-12-29T13:27:20.236+0000] {dag.py:3954} INFO - Setting next_dagrun for example_dag_decorator to None, run_after=None
[2025-12-29T13:27:20.276+0000] {processor.py:183} INFO - Processing /home/airflow/.local/lib/python3.12/site-packages/airflow/example_dags/example_dag_decorator.py took 0.702 seconds
[2025-12-29T13:27:50.393+0000] {processor.py:161} INFO - Started process (PID=9394) to work on /home/airflow/.local/lib/python3.12/site-packages/airflow/example_dags/example_dag_decorator.py
[2025-12-29T13:27:50.399+0000] {processor.py:830} INFO - Processing file /home/airflow/.local/lib/python3.12/site-packages/airflow/example_dags/example_dag_decorator.py for tasks to queue
[2025-12-29T13:27:50.403+0000] {logging_mixin.py:188} INFO - [2025-12-29T13:27:50.402+0000] {dagbag.py:545} INFO - Filling up the DagBag from /home/airflow/.local/lib/python3.12/site-packages/airflow/example_dags/example_dag_decorator.py
[2025-12-29T13:27:50.638+0000] {processor.py:840} INFO - DAG(s) 'example_dag_decorator' retrieved from /home/airflow/.local/lib/python3.12/site-packages/airflow/example_dags/example_dag_decorator.py
[2025-12-29T13:27:51.195+0000] {logging_mixin.py:188} INFO - [2025-12-29T13:27:51.194+0000] {dag.py:3096} INFO - Sync 1 DAGs
[2025-12-29T13:27:51.221+0000] {logging_mixin.py:188} INFO - [2025-12-29T13:27:51.221+0000] {dag.py:3954} INFO - Setting next_dagrun for example_dag_decorator to None, run_after=None
[2025-12-29T13:27:51.265+0000] {processor.py:183} INFO - Processing /home/airflow/.local/lib/python3.12/site-packages/airflow/example_dags/example_dag_decorator.py took 0.882 seconds
[2025-12-29T13:28:21.568+0000] {processor.py:161} INFO - Started process (PID=9655) to work on /home/airflow/.local/lib/python3.12/site-packages/airflow/example_dags/example_dag_decorator.py
[2025-12-29T13:28:21.570+0000] {processor.py:830} INFO - Processing file /home/airflow/.local/lib/python3.12/site-packages/airflow/example_dags/example_dag_decorator.py for tasks to queue
[2025-12-29T13:28:21.574+0000] {logging_mixin.py:188} INFO - [2025-12-29T13:28:21.573+0000] {dagbag.py:545} INFO - Filling up the DagBag from /home/airflow/.local/lib/python3.12/site-packages/airflow/example_dags/example_dag_decorator.py
[2025-12-29T13:28:21.807+0000] {processor.py:840} INFO - DAG(s) 'example_dag_decorator' retrieved from /home/airflow/.local/lib/python3.12/site-packages/airflow/example_dags/example_dag_decorator.py
[2025-12-29T13:28:22.322+0000] {logging_mixin.py:188} INFO - [2025-12-29T13:28:22.321+0000] {dag.py:3096} INFO - Sync 1 DAGs
[2025-12-29T13:28:22.342+0000] {logging_mixin.py:188} INFO - [2025-12-29T13:28:22.341+0000] {dag.py:3954} INFO - Setting next_dagrun for example_dag_decorator to None, run_after=None
[2025-12-29T13:28:22.384+0000] {processor.py:183} INFO - Processing /home/airflow/.local/lib/python3.12/site-packages/airflow/example_dags/example_dag_decorator.py took 0.828 seconds
[2025-12-29T13:28:52.626+0000] {processor.py:161} INFO - Started process (PID=9916) to work on /home/airflow/.local/lib/python3.12/site-packages/airflow/example_dags/example_dag_decorator.py
[2025-12-29T13:28:52.628+0000] {processor.py:830} INFO - Processing file /home/airflow/.local/lib/python3.12/site-packages/airflow/example_dags/example_dag_decorator.py for tasks to queue
[2025-12-29T13:28:52.632+0000] {logging_mixin.py:188} INFO - [2025-12-29T13:28:52.632+0000] {dagbag.py:545} INFO - Filling up the DagBag from /home/airflow/.local/lib/python3.12/site-packages/airflow/example_dags/example_dag_decorator.py
[2025-12-29T13:28:52.836+0000] {processor.py:840} INFO - DAG(s) 'example_dag_decorator' retrieved from /home/airflow/.local/lib/python3.12/site-packages/airflow/example_dags/example_dag_decorator.py
[2025-12-29T13:28:52.889+0000] {logging_mixin.py:188} INFO - [2025-12-29T13:28:52.888+0000] {dag.py:3096} INFO - Sync 1 DAGs
[2025-12-29T13:28:52.914+0000] {logging_mixin.py:188} INFO - [2025-12-29T13:28:52.914+0000] {dag.py:3954} INFO - Setting next_dagrun for example_dag_decorator to None, run_after=None
[2025-12-29T13:28:53.156+0000] {processor.py:183} INFO - Processing /home/airflow/.local/lib/python3.12/site-packages/airflow/example_dags/example_dag_decorator.py took 0.542 seconds
[2025-12-29T13:29:23.505+0000] {processor.py:161} INFO - Started process (PID=10177) to work on /home/airflow/.local/lib/python3.12/site-packages/airflow/example_dags/example_dag_decorator.py
[2025-12-29T13:29:23.508+0000] {processor.py:830} INFO - Processing file /home/airflow/.local/lib/python3.12/site-packages/airflow/example_dags/example_dag_decorator.py for tasks to queue
[2025-12-29T13:29:23.512+0000] {logging_mixin.py:188} INFO - [2025-12-29T13:29:23.511+0000] {dagbag.py:545} INFO - Filling up the DagBag from /home/airflow/.local/lib/python3.12/site-packages/airflow/example_dags/example_dag_decorator.py
[2025-12-29T13:29:23.992+0000] {processor.py:840} INFO - DAG(s) 'example_dag_decorator' retrieved from /home/airflow/.local/lib/python3.12/site-packages/airflow/example_dags/example_dag_decorator.py
[2025-12-29T13:29:24.230+0000] {logging_mixin.py:188} INFO - [2025-12-29T13:29:24.230+0000] {dag.py:3096} INFO - Sync 1 DAGs
[2025-12-29T13:29:24.254+0000] {logging_mixin.py:188} INFO - [2025-12-29T13:29:24.253+0000] {dag.py:3954} INFO - Setting next_dagrun for example_dag_decorator to None, run_after=None
[2025-12-29T13:29:24.293+0000] {processor.py:183} INFO - Processing /home/airflow/.local/lib/python3.12/site-packages/airflow/example_dags/example_dag_decorator.py took 0.799 seconds
[2025-12-29T13:29:54.607+0000] {processor.py:161} INFO - Started process (PID=10480) to work on /home/airflow/.local/lib/python3.12/site-packages/airflow/example_dags/example_dag_decorator.py
[2025-12-29T13:29:54.609+0000] {processor.py:830} INFO - Processing file /home/airflow/.local/lib/python3.12/site-packages/airflow/example_dags/example_dag_decorator.py for tasks to queue
[2025-12-29T13:29:54.613+0000] {logging_mixin.py:188} INFO - [2025-12-29T13:29:54.612+0000] {dagbag.py:545} INFO - Filling up the DagBag from /home/airflow/.local/lib/python3.12/site-packages/airflow/example_dags/example_dag_decorator.py
[2025-12-29T13:29:55.068+0000] {processor.py:840} INFO - DAG(s) 'example_dag_decorator' retrieved from /home/airflow/.local/lib/python3.12/site-packages/airflow/example_dags/example_dag_decorator.py
[2025-12-29T13:29:55.309+0000] {logging_mixin.py:188} INFO - [2025-12-29T13:29:55.308+0000] {dag.py:3096} INFO - Sync 1 DAGs
[2025-12-29T13:29:55.331+0000] {logging_mixin.py:188} INFO - [2025-12-29T13:29:55.331+0000] {dag.py:3954} INFO - Setting next_dagrun for example_dag_decorator to None, run_after=None
[2025-12-29T13:29:55.376+0000] {processor.py:183} INFO - Processing /home/airflow/.local/lib/python3.12/site-packages/airflow/example_dags/example_dag_decorator.py took 0.781 seconds
[2025-12-29T13:30:25.502+0000] {processor.py:161} INFO - Started process (PID=10747) to work on /home/airflow/.local/lib/python3.12/site-packages/airflow/example_dags/example_dag_decorator.py
[2025-12-29T13:30:25.504+0000] {processor.py:830} INFO - Processing file /home/airflow/.local/lib/python3.12/site-packages/airflow/example_dags/example_dag_decorator.py for tasks to queue
[2025-12-29T13:30:25.508+0000] {logging_mixin.py:188} INFO - [2025-12-29T13:30:25.507+0000] {dagbag.py:545} INFO - Filling up the DagBag from /home/airflow/.local/lib/python3.12/site-packages/airflow/example_dags/example_dag_decorator.py
[2025-12-29T13:30:25.988+0000] {processor.py:840} INFO - DAG(s) 'example_dag_decorator' retrieved from /home/airflow/.local/lib/python3.12/site-packages/airflow/example_dags/example_dag_decorator.py
[2025-12-29T13:30:26.200+0000] {logging_mixin.py:188} INFO - [2025-12-29T13:30:26.200+0000] {dag.py:3096} INFO - Sync 1 DAGs
[2025-12-29T13:30:26.225+0000] {logging_mixin.py:188} INFO - [2025-12-29T13:30:26.225+0000] {dag.py:3954} INFO - Setting next_dagrun for example_dag_decorator to None, run_after=None
[2025-12-29T13:30:26.263+0000] {processor.py:183} INFO - Processing /home/airflow/.local/lib/python3.12/site-packages/airflow/example_dags/example_dag_decorator.py took 0.775 seconds
[2025-12-29T13:30:56.456+0000] {processor.py:161} INFO - Started process (PID=11008) to work on /home/airflow/.local/lib/python3.12/site-packages/airflow/example_dags/example_dag_decorator.py
[2025-12-29T13:30:56.458+0000] {processor.py:830} INFO - Processing file /home/airflow/.local/lib/python3.12/site-packages/airflow/example_dags/example_dag_decorator.py for tasks to queue
[2025-12-29T13:30:56.461+0000] {logging_mixin.py:188} INFO - [2025-12-29T13:30:56.461+0000] {dagbag.py:545} INFO - Filling up the DagBag from /home/airflow/.local/lib/python3.12/site-packages/airflow/example_dags/example_dag_decorator.py
[2025-12-29T13:30:56.669+0000] {processor.py:840} INFO - DAG(s) 'example_dag_decorator' retrieved from /home/airflow/.local/lib/python3.12/site-packages/airflow/example_dags/example_dag_decorator.py
[2025-12-29T13:30:56.911+0000] {logging_mixin.py:188} INFO - [2025-12-29T13:30:56.911+0000] {dag.py:3096} INFO - Sync 1 DAGs
[2025-12-29T13:30:56.934+0000] {logging_mixin.py:188} INFO - [2025-12-29T13:30:56.933+0000] {dag.py:3954} INFO - Setting next_dagrun for example_dag_decorator to None, run_after=None
[2025-12-29T13:30:56.978+0000] {processor.py:183} INFO - Processing /home/airflow/.local/lib/python3.12/site-packages/airflow/example_dags/example_dag_decorator.py took 0.535 seconds
[2025-12-29T13:31:27.351+0000] {processor.py:161} INFO - Started process (PID=11269) to work on /home/airflow/.local/lib/python3.12/site-packages/airflow/example_dags/example_dag_decorator.py
[2025-12-29T13:31:27.353+0000] {processor.py:830} INFO - Processing file /home/airflow/.local/lib/python3.12/site-packages/airflow/example_dags/example_dag_decorator.py for tasks to queue
[2025-12-29T13:31:27.359+0000] {logging_mixin.py:188} INFO - [2025-12-29T13:31:27.358+0000] {dagbag.py:545} INFO - Filling up the DagBag from /home/airflow/.local/lib/python3.12/site-packages/airflow/example_dags/example_dag_decorator.py
[2025-12-29T13:31:27.566+0000] {processor.py:840} INFO - DAG(s) 'example_dag_decorator' retrieved from /home/airflow/.local/lib/python3.12/site-packages/airflow/example_dags/example_dag_decorator.py
[2025-12-29T13:31:27.797+0000] {logging_mixin.py:188} INFO - [2025-12-29T13:31:27.796+0000] {dag.py:3096} INFO - Sync 1 DAGs
[2025-12-29T13:31:27.819+0000] {logging_mixin.py:188} INFO - [2025-12-29T13:31:27.819+0000] {dag.py:3954} INFO - Setting next_dagrun for example_dag_decorator to None, run_after=None
[2025-12-29T13:31:27.869+0000] {processor.py:183} INFO - Processing /home/airflow/.local/lib/python3.12/site-packages/airflow/example_dags/example_dag_decorator.py took 0.530 seconds
[2025-12-29T13:31:58.267+0000] {processor.py:161} INFO - Started process (PID=11578) to work on /home/airflow/.local/lib/python3.12/site-packages/airflow/example_dags/example_dag_decorator.py
[2025-12-29T13:31:58.268+0000] {processor.py:830} INFO - Processing file /home/airflow/.local/lib/python3.12/site-packages/airflow/example_dags/example_dag_decorator.py for tasks to queue
[2025-12-29T13:31:58.273+0000] {logging_mixin.py:188} INFO - [2025-12-29T13:31:58.273+0000] {dagbag.py:545} INFO - Filling up the DagBag from /home/airflow/.local/lib/python3.12/site-packages/airflow/example_dags/example_dag_decorator.py
[2025-12-29T13:31:58.498+0000] {processor.py:840} INFO - DAG(s) 'example_dag_decorator' retrieved from /home/airflow/.local/lib/python3.12/site-packages/airflow/example_dags/example_dag_decorator.py
[2025-12-29T13:31:58.757+0000] {logging_mixin.py:188} INFO - [2025-12-29T13:31:58.756+0000] {dag.py:3096} INFO - Sync 1 DAGs
[2025-12-29T13:31:58.784+0000] {logging_mixin.py:188} INFO - [2025-12-29T13:31:58.783+0000] {dag.py:3954} INFO - Setting next_dagrun for example_dag_decorator to None, run_after=None
[2025-12-29T13:31:58.832+0000] {processor.py:183} INFO - Processing /home/airflow/.local/lib/python3.12/site-packages/airflow/example_dags/example_dag_decorator.py took 0.576 seconds
[2025-12-29T13:32:29.634+0000] {processor.py:161} INFO - Started process (PID=11878) to work on /home/airflow/.local/lib/python3.12/site-packages/airflow/example_dags/example_dag_decorator.py
[2025-12-29T13:32:29.638+0000] {processor.py:830} INFO - Processing file /home/airflow/.local/lib/python3.12/site-packages/airflow/example_dags/example_dag_decorator.py for tasks to queue
[2025-12-29T13:32:29.643+0000] {logging_mixin.py:188} INFO - [2025-12-29T13:32:29.642+0000] {dagbag.py:545} INFO - Filling up the DagBag from /home/airflow/.local/lib/python3.12/site-packages/airflow/example_dags/example_dag_decorator.py
[2025-12-29T13:32:29.875+0000] {processor.py:840} INFO - DAG(s) 'example_dag_decorator' retrieved from /home/airflow/.local/lib/python3.12/site-packages/airflow/example_dags/example_dag_decorator.py
[2025-12-29T13:32:30.163+0000] {logging_mixin.py:188} INFO - [2025-12-29T13:32:30.163+0000] {dag.py:3096} INFO - Sync 1 DAGs
[2025-12-29T13:32:30.193+0000] {logging_mixin.py:188} INFO - [2025-12-29T13:32:30.192+0000] {dag.py:3954} INFO - Setting next_dagrun for example_dag_decorator to None, run_after=None
[2025-12-29T13:32:30.240+0000] {processor.py:183} INFO - Processing /home/airflow/.local/lib/python3.12/site-packages/airflow/example_dags/example_dag_decorator.py took 0.617 seconds
[2025-12-29T13:33:00.836+0000] {processor.py:161} INFO - Started process (PID=12139) to work on /home/airflow/.local/lib/python3.12/site-packages/airflow/example_dags/example_dag_decorator.py
[2025-12-29T13:33:00.840+0000] {processor.py:830} INFO - Processing file /home/airflow/.local/lib/python3.12/site-packages/airflow/example_dags/example_dag_decorator.py for tasks to queue
[2025-12-29T13:33:00.844+0000] {logging_mixin.py:188} INFO - [2025-12-29T13:33:00.843+0000] {dagbag.py:545} INFO - Filling up the DagBag from /home/airflow/.local/lib/python3.12/site-packages/airflow/example_dags/example_dag_decorator.py
[2025-12-29T13:33:01.059+0000] {processor.py:840} INFO - DAG(s) 'example_dag_decorator' retrieved from /home/airflow/.local/lib/python3.12/site-packages/airflow/example_dags/example_dag_decorator.py
[2025-12-29T13:33:01.309+0000] {logging_mixin.py:188} INFO - [2025-12-29T13:33:01.309+0000] {dag.py:3096} INFO - Sync 1 DAGs
[2025-12-29T13:33:01.336+0000] {logging_mixin.py:188} INFO - [2025-12-29T13:33:01.336+0000] {dag.py:3954} INFO - Setting next_dagrun for example_dag_decorator to None, run_after=None
[2025-12-29T13:33:01.383+0000] {processor.py:183} INFO - Processing /home/airflow/.local/lib/python3.12/site-packages/airflow/example_dags/example_dag_decorator.py took 0.559 seconds
[2025-12-29T13:33:31.606+0000] {processor.py:161} INFO - Started process (PID=12400) to work on /home/airflow/.local/lib/python3.12/site-packages/airflow/example_dags/example_dag_decorator.py
[2025-12-29T13:33:31.607+0000] {processor.py:830} INFO - Processing file /home/airflow/.local/lib/python3.12/site-packages/airflow/example_dags/example_dag_decorator.py for tasks to queue
[2025-12-29T13:33:31.611+0000] {logging_mixin.py:188} INFO - [2025-12-29T13:33:31.610+0000] {dagbag.py:545} INFO - Filling up the DagBag from /home/airflow/.local/lib/python3.12/site-packages/airflow/example_dags/example_dag_decorator.py
[2025-12-29T13:33:31.817+0000] {processor.py:840} INFO - DAG(s) 'example_dag_decorator' retrieved from /home/airflow/.local/lib/python3.12/site-packages/airflow/example_dags/example_dag_decorator.py
[2025-12-29T13:33:32.065+0000] {logging_mixin.py:188} INFO - [2025-12-29T13:33:32.063+0000] {dag.py:3096} INFO - Sync 1 DAGs
[2025-12-29T13:33:32.089+0000] {logging_mixin.py:188} INFO - [2025-12-29T13:33:32.088+0000] {dag.py:3954} INFO - Setting next_dagrun for example_dag_decorator to None, run_after=None
[2025-12-29T13:33:32.135+0000] {processor.py:183} INFO - Processing /home/airflow/.local/lib/python3.12/site-packages/airflow/example_dags/example_dag_decorator.py took 0.543 seconds
[2025-12-29T13:34:02.356+0000] {processor.py:161} INFO - Started process (PID=12667) to work on /home/airflow/.local/lib/python3.12/site-packages/airflow/example_dags/example_dag_decorator.py
[2025-12-29T13:34:02.358+0000] {processor.py:830} INFO - Processing file /home/airflow/.local/lib/python3.12/site-packages/airflow/example_dags/example_dag_decorator.py for tasks to queue
[2025-12-29T13:34:02.361+0000] {logging_mixin.py:188} INFO - [2025-12-29T13:34:02.360+0000] {dagbag.py:545} INFO - Filling up the DagBag from /home/airflow/.local/lib/python3.12/site-packages/airflow/example_dags/example_dag_decorator.py
[2025-12-29T13:34:02.551+0000] {processor.py:840} INFO - DAG(s) 'example_dag_decorator' retrieved from /home/airflow/.local/lib/python3.12/site-packages/airflow/example_dags/example_dag_decorator.py
[2025-12-29T13:34:02.603+0000] {logging_mixin.py:188} INFO - [2025-12-29T13:34:02.602+0000] {dag.py:3096} INFO - Sync 1 DAGs
[2025-12-29T13:34:02.632+0000] {logging_mixin.py:188} INFO - [2025-12-29T13:34:02.631+0000] {dag.py:3954} INFO - Setting next_dagrun for example_dag_decorator to None, run_after=None
[2025-12-29T13:34:02.673+0000] {processor.py:183} INFO - Processing /home/airflow/.local/lib/python3.12/site-packages/airflow/example_dags/example_dag_decorator.py took 0.330 seconds
[2025-12-29T13:34:32.966+0000] {processor.py:161} INFO - Started process (PID=12961) to work on /home/airflow/.local/lib/python3.12/site-packages/airflow/example_dags/example_dag_decorator.py
[2025-12-29T13:34:32.968+0000] {processor.py:830} INFO - Processing file /home/airflow/.local/lib/python3.12/site-packages/airflow/example_dags/example_dag_decorator.py for tasks to queue
[2025-12-29T13:34:32.972+0000] {logging_mixin.py:188} INFO - [2025-12-29T13:34:32.971+0000] {dagbag.py:545} INFO - Filling up the DagBag from /home/airflow/.local/lib/python3.12/site-packages/airflow/example_dags/example_dag_decorator.py
[2025-12-29T13:34:33.189+0000] {processor.py:840} INFO - DAG(s) 'example_dag_decorator' retrieved from /home/airflow/.local/lib/python3.12/site-packages/airflow/example_dags/example_dag_decorator.py
[2025-12-29T13:34:33.448+0000] {logging_mixin.py:188} INFO - [2025-12-29T13:34:33.448+0000] {dag.py:3096} INFO - Sync 1 DAGs
[2025-12-29T13:34:33.475+0000] {logging_mixin.py:188} INFO - [2025-12-29T13:34:33.474+0000] {dag.py:3954} INFO - Setting next_dagrun for example_dag_decorator to None, run_after=None
[2025-12-29T13:34:33.523+0000] {processor.py:183} INFO - Processing /home/airflow/.local/lib/python3.12/site-packages/airflow/example_dags/example_dag_decorator.py took 0.572 seconds
