[2025-12-29T13:10:06.321+0000] {processor.py:161} INFO - Started process (PID=182) to work on /home/airflow/.local/lib/python3.12/site-packages/airflow/example_dags/example_params_trigger_ui.py
[2025-12-29T13:10:06.322+0000] {processor.py:830} INFO - Processing file /home/airflow/.local/lib/python3.12/site-packages/airflow/example_dags/example_params_trigger_ui.py for tasks to queue
[2025-12-29T13:10:06.324+0000] {logging_mixin.py:188} INFO - [2025-12-29T13:10:06.324+0000] {dagbag.py:545} INFO - Filling up the DagBag from /home/airflow/.local/lib/python3.12/site-packages/airflow/example_dags/example_params_trigger_ui.py
[2025-12-29T13:10:06.347+0000] {processor.py:840} INFO - DAG(s) 'example_params_trigger_ui' retrieved from /home/airflow/.local/lib/python3.12/site-packages/airflow/example_dags/example_params_trigger_ui.py
[2025-12-29T13:10:06.420+0000] {logging_mixin.py:188} INFO - [2025-12-29T13:10:06.420+0000] {dag.py:3096} INFO - Sync 1 DAGs
[2025-12-29T13:10:06.436+0000] {logging_mixin.py:188} INFO - [2025-12-29T13:10:06.436+0000] {dag.py:3954} INFO - Setting next_dagrun for example_params_trigger_ui to None, run_after=None
[2025-12-29T13:10:06.464+0000] {processor.py:183} INFO - Processing /home/airflow/.local/lib/python3.12/site-packages/airflow/example_dags/example_params_trigger_ui.py took 0.149 seconds
[2025-12-29T13:10:36.660+0000] {processor.py:161} INFO - Started process (PID=441) to work on /home/airflow/.local/lib/python3.12/site-packages/airflow/example_dags/example_params_trigger_ui.py
[2025-12-29T13:10:36.661+0000] {processor.py:830} INFO - Processing file /home/airflow/.local/lib/python3.12/site-packages/airflow/example_dags/example_params_trigger_ui.py for tasks to queue
[2025-12-29T13:10:36.663+0000] {logging_mixin.py:188} INFO - [2025-12-29T13:10:36.663+0000] {dagbag.py:545} INFO - Filling up the DagBag from /home/airflow/.local/lib/python3.12/site-packages/airflow/example_dags/example_params_trigger_ui.py
[2025-12-29T13:10:36.678+0000] {processor.py:840} INFO - DAG(s) 'example_params_trigger_ui' retrieved from /home/airflow/.local/lib/python3.12/site-packages/airflow/example_dags/example_params_trigger_ui.py
[2025-12-29T13:10:36.754+0000] {logging_mixin.py:188} INFO - [2025-12-29T13:10:36.753+0000] {dag.py:3096} INFO - Sync 1 DAGs
[2025-12-29T13:10:36.772+0000] {logging_mixin.py:188} INFO - [2025-12-29T13:10:36.771+0000] {dag.py:3954} INFO - Setting next_dagrun for example_params_trigger_ui to None, run_after=None
[2025-12-29T13:10:36.803+0000] {processor.py:183} INFO - Processing /home/airflow/.local/lib/python3.12/site-packages/airflow/example_dags/example_params_trigger_ui.py took 0.159 seconds
[2025-12-29T13:11:07.042+0000] {processor.py:161} INFO - Started process (PID=702) to work on /home/airflow/.local/lib/python3.12/site-packages/airflow/example_dags/example_params_trigger_ui.py
[2025-12-29T13:11:07.044+0000] {processor.py:830} INFO - Processing file /home/airflow/.local/lib/python3.12/site-packages/airflow/example_dags/example_params_trigger_ui.py for tasks to queue
[2025-12-29T13:11:07.047+0000] {logging_mixin.py:188} INFO - [2025-12-29T13:11:07.046+0000] {dagbag.py:545} INFO - Filling up the DagBag from /home/airflow/.local/lib/python3.12/site-packages/airflow/example_dags/example_params_trigger_ui.py
[2025-12-29T13:11:07.077+0000] {processor.py:840} INFO - DAG(s) 'example_params_trigger_ui' retrieved from /home/airflow/.local/lib/python3.12/site-packages/airflow/example_dags/example_params_trigger_ui.py
[2025-12-29T13:11:07.164+0000] {logging_mixin.py:188} INFO - [2025-12-29T13:11:07.163+0000] {dag.py:3096} INFO - Sync 1 DAGs
[2025-12-29T13:11:07.183+0000] {logging_mixin.py:188} INFO - [2025-12-29T13:11:07.183+0000] {dag.py:3954} INFO - Setting next_dagrun for example_params_trigger_ui to None, run_after=None
[2025-12-29T13:11:07.218+0000] {processor.py:183} INFO - Processing /home/airflow/.local/lib/python3.12/site-packages/airflow/example_dags/example_params_trigger_ui.py took 0.187 seconds
[2025-12-29T13:11:37.573+0000] {processor.py:161} INFO - Started process (PID=965) to work on /home/airflow/.local/lib/python3.12/site-packages/airflow/example_dags/example_params_trigger_ui.py
[2025-12-29T13:11:37.575+0000] {processor.py:830} INFO - Processing file /home/airflow/.local/lib/python3.12/site-packages/airflow/example_dags/example_params_trigger_ui.py for tasks to queue
[2025-12-29T13:11:37.579+0000] {logging_mixin.py:188} INFO - [2025-12-29T13:11:37.578+0000] {dagbag.py:545} INFO - Filling up the DagBag from /home/airflow/.local/lib/python3.12/site-packages/airflow/example_dags/example_params_trigger_ui.py
[2025-12-29T13:11:37.602+0000] {processor.py:840} INFO - DAG(s) 'example_params_trigger_ui' retrieved from /home/airflow/.local/lib/python3.12/site-packages/airflow/example_dags/example_params_trigger_ui.py
[2025-12-29T13:11:37.693+0000] {logging_mixin.py:188} INFO - [2025-12-29T13:11:37.692+0000] {dag.py:3096} INFO - Sync 1 DAGs
[2025-12-29T13:11:37.717+0000] {logging_mixin.py:188} INFO - [2025-12-29T13:11:37.716+0000] {dag.py:3954} INFO - Setting next_dagrun for example_params_trigger_ui to None, run_after=None
[2025-12-29T13:11:37.754+0000] {processor.py:183} INFO - Processing /home/airflow/.local/lib/python3.12/site-packages/airflow/example_dags/example_params_trigger_ui.py took 0.192 seconds
[2025-12-29T13:12:07.870+0000] {processor.py:161} INFO - Started process (PID=1224) to work on /home/airflow/.local/lib/python3.12/site-packages/airflow/example_dags/example_params_trigger_ui.py
[2025-12-29T13:12:07.872+0000] {processor.py:830} INFO - Processing file /home/airflow/.local/lib/python3.12/site-packages/airflow/example_dags/example_params_trigger_ui.py for tasks to queue
[2025-12-29T13:12:07.875+0000] {logging_mixin.py:188} INFO - [2025-12-29T13:12:07.875+0000] {dagbag.py:545} INFO - Filling up the DagBag from /home/airflow/.local/lib/python3.12/site-packages/airflow/example_dags/example_params_trigger_ui.py
[2025-12-29T13:12:07.912+0000] {processor.py:840} INFO - DAG(s) 'example_params_trigger_ui' retrieved from /home/airflow/.local/lib/python3.12/site-packages/airflow/example_dags/example_params_trigger_ui.py
[2025-12-29T13:12:08.024+0000] {logging_mixin.py:188} INFO - [2025-12-29T13:12:08.024+0000] {dag.py:3096} INFO - Sync 1 DAGs
[2025-12-29T13:12:08.052+0000] {logging_mixin.py:188} INFO - [2025-12-29T13:12:08.052+0000] {dag.py:3954} INFO - Setting next_dagrun for example_params_trigger_ui to None, run_after=None
[2025-12-29T13:12:08.100+0000] {processor.py:183} INFO - Processing /home/airflow/.local/lib/python3.12/site-packages/airflow/example_dags/example_params_trigger_ui.py took 0.241 seconds
[2025-12-29T13:12:38.335+0000] {processor.py:161} INFO - Started process (PID=1485) to work on /home/airflow/.local/lib/python3.12/site-packages/airflow/example_dags/example_params_trigger_ui.py
[2025-12-29T13:12:38.337+0000] {processor.py:830} INFO - Processing file /home/airflow/.local/lib/python3.12/site-packages/airflow/example_dags/example_params_trigger_ui.py for tasks to queue
[2025-12-29T13:12:38.340+0000] {logging_mixin.py:188} INFO - [2025-12-29T13:12:38.340+0000] {dagbag.py:545} INFO - Filling up the DagBag from /home/airflow/.local/lib/python3.12/site-packages/airflow/example_dags/example_params_trigger_ui.py
[2025-12-29T13:12:38.363+0000] {processor.py:840} INFO - DAG(s) 'example_params_trigger_ui' retrieved from /home/airflow/.local/lib/python3.12/site-packages/airflow/example_dags/example_params_trigger_ui.py
[2025-12-29T13:12:38.443+0000] {logging_mixin.py:188} INFO - [2025-12-29T13:12:38.443+0000] {dag.py:3096} INFO - Sync 1 DAGs
[2025-12-29T13:12:38.468+0000] {logging_mixin.py:188} INFO - [2025-12-29T13:12:38.467+0000] {dag.py:3954} INFO - Setting next_dagrun for example_params_trigger_ui to None, run_after=None
[2025-12-29T13:12:38.501+0000] {processor.py:183} INFO - Processing /home/airflow/.local/lib/python3.12/site-packages/airflow/example_dags/example_params_trigger_ui.py took 0.174 seconds
[2025-12-29T13:13:09.004+0000] {processor.py:161} INFO - Started process (PID=1748) to work on /home/airflow/.local/lib/python3.12/site-packages/airflow/example_dags/example_params_trigger_ui.py
[2025-12-29T13:13:09.006+0000] {processor.py:830} INFO - Processing file /home/airflow/.local/lib/python3.12/site-packages/airflow/example_dags/example_params_trigger_ui.py for tasks to queue
[2025-12-29T13:13:09.009+0000] {logging_mixin.py:188} INFO - [2025-12-29T13:13:09.008+0000] {dagbag.py:545} INFO - Filling up the DagBag from /home/airflow/.local/lib/python3.12/site-packages/airflow/example_dags/example_params_trigger_ui.py
[2025-12-29T13:13:09.031+0000] {processor.py:840} INFO - DAG(s) 'example_params_trigger_ui' retrieved from /home/airflow/.local/lib/python3.12/site-packages/airflow/example_dags/example_params_trigger_ui.py
[2025-12-29T13:13:09.112+0000] {logging_mixin.py:188} INFO - [2025-12-29T13:13:09.112+0000] {dag.py:3096} INFO - Sync 1 DAGs
[2025-12-29T13:13:09.131+0000] {logging_mixin.py:188} INFO - [2025-12-29T13:13:09.131+0000] {dag.py:3954} INFO - Setting next_dagrun for example_params_trigger_ui to None, run_after=None
[2025-12-29T13:13:09.166+0000] {processor.py:183} INFO - Processing /home/airflow/.local/lib/python3.12/site-packages/airflow/example_dags/example_params_trigger_ui.py took 0.172 seconds
[2025-12-29T13:13:39.516+0000] {processor.py:161} INFO - Started process (PID=2008) to work on /home/airflow/.local/lib/python3.12/site-packages/airflow/example_dags/example_params_trigger_ui.py
[2025-12-29T13:13:39.517+0000] {processor.py:830} INFO - Processing file /home/airflow/.local/lib/python3.12/site-packages/airflow/example_dags/example_params_trigger_ui.py for tasks to queue
[2025-12-29T13:13:39.519+0000] {logging_mixin.py:188} INFO - [2025-12-29T13:13:39.519+0000] {dagbag.py:545} INFO - Filling up the DagBag from /home/airflow/.local/lib/python3.12/site-packages/airflow/example_dags/example_params_trigger_ui.py
[2025-12-29T13:13:39.539+0000] {processor.py:840} INFO - DAG(s) 'example_params_trigger_ui' retrieved from /home/airflow/.local/lib/python3.12/site-packages/airflow/example_dags/example_params_trigger_ui.py
[2025-12-29T13:13:39.618+0000] {logging_mixin.py:188} INFO - [2025-12-29T13:13:39.618+0000] {dag.py:3096} INFO - Sync 1 DAGs
[2025-12-29T13:13:39.637+0000] {logging_mixin.py:188} INFO - [2025-12-29T13:13:39.636+0000] {dag.py:3954} INFO - Setting next_dagrun for example_params_trigger_ui to None, run_after=None
[2025-12-29T13:13:39.666+0000] {processor.py:183} INFO - Processing /home/airflow/.local/lib/python3.12/site-packages/airflow/example_dags/example_params_trigger_ui.py took 0.159 seconds
[2025-12-29T13:14:10.278+0000] {processor.py:161} INFO - Started process (PID=2268) to work on /home/airflow/.local/lib/python3.12/site-packages/airflow/example_dags/example_params_trigger_ui.py
[2025-12-29T13:14:10.280+0000] {processor.py:830} INFO - Processing file /home/airflow/.local/lib/python3.12/site-packages/airflow/example_dags/example_params_trigger_ui.py for tasks to queue
[2025-12-29T13:14:10.283+0000] {logging_mixin.py:188} INFO - [2025-12-29T13:14:10.283+0000] {dagbag.py:545} INFO - Filling up the DagBag from /home/airflow/.local/lib/python3.12/site-packages/airflow/example_dags/example_params_trigger_ui.py
[2025-12-29T13:14:10.307+0000] {processor.py:840} INFO - DAG(s) 'example_params_trigger_ui' retrieved from /home/airflow/.local/lib/python3.12/site-packages/airflow/example_dags/example_params_trigger_ui.py
[2025-12-29T13:14:10.396+0000] {logging_mixin.py:188} INFO - [2025-12-29T13:14:10.395+0000] {dag.py:3096} INFO - Sync 1 DAGs
[2025-12-29T13:14:10.416+0000] {logging_mixin.py:188} INFO - [2025-12-29T13:14:10.415+0000] {dag.py:3954} INFO - Setting next_dagrun for example_params_trigger_ui to None, run_after=None
[2025-12-29T13:14:10.449+0000] {processor.py:183} INFO - Processing /home/airflow/.local/lib/python3.12/site-packages/airflow/example_dags/example_params_trigger_ui.py took 0.182 seconds
[2025-12-29T13:14:40.623+0000] {processor.py:161} INFO - Started process (PID=2531) to work on /home/airflow/.local/lib/python3.12/site-packages/airflow/example_dags/example_params_trigger_ui.py
[2025-12-29T13:14:40.625+0000] {processor.py:830} INFO - Processing file /home/airflow/.local/lib/python3.12/site-packages/airflow/example_dags/example_params_trigger_ui.py for tasks to queue
[2025-12-29T13:14:40.628+0000] {logging_mixin.py:188} INFO - [2025-12-29T13:14:40.627+0000] {dagbag.py:545} INFO - Filling up the DagBag from /home/airflow/.local/lib/python3.12/site-packages/airflow/example_dags/example_params_trigger_ui.py
[2025-12-29T13:14:40.652+0000] {processor.py:840} INFO - DAG(s) 'example_params_trigger_ui' retrieved from /home/airflow/.local/lib/python3.12/site-packages/airflow/example_dags/example_params_trigger_ui.py
[2025-12-29T13:14:40.745+0000] {logging_mixin.py:188} INFO - [2025-12-29T13:14:40.744+0000] {dag.py:3096} INFO - Sync 1 DAGs
[2025-12-29T13:14:40.772+0000] {logging_mixin.py:188} INFO - [2025-12-29T13:14:40.771+0000] {dag.py:3954} INFO - Setting next_dagrun for example_params_trigger_ui to None, run_after=None
[2025-12-29T13:14:40.813+0000] {processor.py:183} INFO - Processing /home/airflow/.local/lib/python3.12/site-packages/airflow/example_dags/example_params_trigger_ui.py took 0.201 seconds
[2025-12-29T13:15:11.406+0000] {processor.py:161} INFO - Started process (PID=2790) to work on /home/airflow/.local/lib/python3.12/site-packages/airflow/example_dags/example_params_trigger_ui.py
[2025-12-29T13:15:11.408+0000] {processor.py:830} INFO - Processing file /home/airflow/.local/lib/python3.12/site-packages/airflow/example_dags/example_params_trigger_ui.py for tasks to queue
[2025-12-29T13:15:11.413+0000] {logging_mixin.py:188} INFO - [2025-12-29T13:15:11.412+0000] {dagbag.py:545} INFO - Filling up the DagBag from /home/airflow/.local/lib/python3.12/site-packages/airflow/example_dags/example_params_trigger_ui.py
[2025-12-29T13:15:11.443+0000] {processor.py:840} INFO - DAG(s) 'example_params_trigger_ui' retrieved from /home/airflow/.local/lib/python3.12/site-packages/airflow/example_dags/example_params_trigger_ui.py
[2025-12-29T13:15:11.547+0000] {logging_mixin.py:188} INFO - [2025-12-29T13:15:11.546+0000] {dag.py:3096} INFO - Sync 1 DAGs
[2025-12-29T13:15:11.572+0000] {logging_mixin.py:188} INFO - [2025-12-29T13:15:11.572+0000] {dag.py:3954} INFO - Setting next_dagrun for example_params_trigger_ui to None, run_after=None
[2025-12-29T13:15:11.614+0000] {processor.py:183} INFO - Processing /home/airflow/.local/lib/python3.12/site-packages/airflow/example_dags/example_params_trigger_ui.py took 0.221 seconds
[2025-12-29T13:15:42.631+0000] {processor.py:161} INFO - Started process (PID=3053) to work on /home/airflow/.local/lib/python3.12/site-packages/airflow/example_dags/example_params_trigger_ui.py
[2025-12-29T13:15:42.634+0000] {processor.py:830} INFO - Processing file /home/airflow/.local/lib/python3.12/site-packages/airflow/example_dags/example_params_trigger_ui.py for tasks to queue
[2025-12-29T13:15:42.638+0000] {logging_mixin.py:188} INFO - [2025-12-29T13:15:42.637+0000] {dagbag.py:545} INFO - Filling up the DagBag from /home/airflow/.local/lib/python3.12/site-packages/airflow/example_dags/example_params_trigger_ui.py
[2025-12-29T13:15:42.678+0000] {processor.py:840} INFO - DAG(s) 'example_params_trigger_ui' retrieved from /home/airflow/.local/lib/python3.12/site-packages/airflow/example_dags/example_params_trigger_ui.py
[2025-12-29T13:15:42.809+0000] {logging_mixin.py:188} INFO - [2025-12-29T13:15:42.809+0000] {dag.py:3096} INFO - Sync 1 DAGs
[2025-12-29T13:15:42.842+0000] {logging_mixin.py:188} INFO - [2025-12-29T13:15:42.841+0000] {dag.py:3954} INFO - Setting next_dagrun for example_params_trigger_ui to None, run_after=None
[2025-12-29T13:15:42.889+0000] {processor.py:183} INFO - Processing /home/airflow/.local/lib/python3.12/site-packages/airflow/example_dags/example_params_trigger_ui.py took 0.272 seconds
[2025-12-29T13:16:13.620+0000] {processor.py:161} INFO - Started process (PID=3312) to work on /home/airflow/.local/lib/python3.12/site-packages/airflow/example_dags/example_params_trigger_ui.py
[2025-12-29T13:16:13.622+0000] {processor.py:830} INFO - Processing file /home/airflow/.local/lib/python3.12/site-packages/airflow/example_dags/example_params_trigger_ui.py for tasks to queue
[2025-12-29T13:16:13.626+0000] {logging_mixin.py:188} INFO - [2025-12-29T13:16:13.625+0000] {dagbag.py:545} INFO - Filling up the DagBag from /home/airflow/.local/lib/python3.12/site-packages/airflow/example_dags/example_params_trigger_ui.py
[2025-12-29T13:16:13.653+0000] {processor.py:840} INFO - DAG(s) 'example_params_trigger_ui' retrieved from /home/airflow/.local/lib/python3.12/site-packages/airflow/example_dags/example_params_trigger_ui.py
[2025-12-29T13:16:13.768+0000] {logging_mixin.py:188} INFO - [2025-12-29T13:16:13.767+0000] {dag.py:3096} INFO - Sync 1 DAGs
[2025-12-29T13:16:13.796+0000] {logging_mixin.py:188} INFO - [2025-12-29T13:16:13.796+0000] {dag.py:3954} INFO - Setting next_dagrun for example_params_trigger_ui to None, run_after=None
[2025-12-29T13:16:13.840+0000] {processor.py:183} INFO - Processing /home/airflow/.local/lib/python3.12/site-packages/airflow/example_dags/example_params_trigger_ui.py took 0.234 seconds
[2025-12-29T13:16:44.061+0000] {processor.py:161} INFO - Started process (PID=3575) to work on /home/airflow/.local/lib/python3.12/site-packages/airflow/example_dags/example_params_trigger_ui.py
[2025-12-29T13:16:44.063+0000] {processor.py:830} INFO - Processing file /home/airflow/.local/lib/python3.12/site-packages/airflow/example_dags/example_params_trigger_ui.py for tasks to queue
[2025-12-29T13:16:44.067+0000] {logging_mixin.py:188} INFO - [2025-12-29T13:16:44.067+0000] {dagbag.py:545} INFO - Filling up the DagBag from /home/airflow/.local/lib/python3.12/site-packages/airflow/example_dags/example_params_trigger_ui.py
[2025-12-29T13:16:44.094+0000] {processor.py:840} INFO - DAG(s) 'example_params_trigger_ui' retrieved from /home/airflow/.local/lib/python3.12/site-packages/airflow/example_dags/example_params_trigger_ui.py
[2025-12-29T13:16:44.206+0000] {logging_mixin.py:188} INFO - [2025-12-29T13:16:44.205+0000] {dag.py:3096} INFO - Sync 1 DAGs
[2025-12-29T13:16:44.233+0000] {logging_mixin.py:188} INFO - [2025-12-29T13:16:44.233+0000] {dag.py:3954} INFO - Setting next_dagrun for example_params_trigger_ui to None, run_after=None
[2025-12-29T13:16:44.282+0000] {processor.py:183} INFO - Processing /home/airflow/.local/lib/python3.12/site-packages/airflow/example_dags/example_params_trigger_ui.py took 0.231 seconds
[2025-12-29T13:17:14.610+0000] {processor.py:161} INFO - Started process (PID=3839) to work on /home/airflow/.local/lib/python3.12/site-packages/airflow/example_dags/example_params_trigger_ui.py
[2025-12-29T13:17:14.612+0000] {processor.py:830} INFO - Processing file /home/airflow/.local/lib/python3.12/site-packages/airflow/example_dags/example_params_trigger_ui.py for tasks to queue
[2025-12-29T13:17:14.615+0000] {logging_mixin.py:188} INFO - [2025-12-29T13:17:14.615+0000] {dagbag.py:545} INFO - Filling up the DagBag from /home/airflow/.local/lib/python3.12/site-packages/airflow/example_dags/example_params_trigger_ui.py
[2025-12-29T13:17:14.647+0000] {processor.py:840} INFO - DAG(s) 'example_params_trigger_ui' retrieved from /home/airflow/.local/lib/python3.12/site-packages/airflow/example_dags/example_params_trigger_ui.py
[2025-12-29T13:17:14.755+0000] {logging_mixin.py:188} INFO - [2025-12-29T13:17:14.755+0000] {dag.py:3096} INFO - Sync 1 DAGs
[2025-12-29T13:17:14.783+0000] {logging_mixin.py:188} INFO - [2025-12-29T13:17:14.782+0000] {dag.py:3954} INFO - Setting next_dagrun for example_params_trigger_ui to None, run_after=None
[2025-12-29T13:17:14.822+0000] {processor.py:183} INFO - Processing /home/airflow/.local/lib/python3.12/site-packages/airflow/example_dags/example_params_trigger_ui.py took 0.223 seconds
[2025-12-29T13:17:45.307+0000] {processor.py:161} INFO - Started process (PID=4102) to work on /home/airflow/.local/lib/python3.12/site-packages/airflow/example_dags/example_params_trigger_ui.py
[2025-12-29T13:17:45.309+0000] {processor.py:830} INFO - Processing file /home/airflow/.local/lib/python3.12/site-packages/airflow/example_dags/example_params_trigger_ui.py for tasks to queue
[2025-12-29T13:17:45.313+0000] {logging_mixin.py:188} INFO - [2025-12-29T13:17:45.312+0000] {dagbag.py:545} INFO - Filling up the DagBag from /home/airflow/.local/lib/python3.12/site-packages/airflow/example_dags/example_params_trigger_ui.py
[2025-12-29T13:17:45.340+0000] {processor.py:840} INFO - DAG(s) 'example_params_trigger_ui' retrieved from /home/airflow/.local/lib/python3.12/site-packages/airflow/example_dags/example_params_trigger_ui.py
[2025-12-29T13:17:45.479+0000] {logging_mixin.py:188} INFO - [2025-12-29T13:17:45.478+0000] {dag.py:3096} INFO - Sync 1 DAGs
[2025-12-29T13:17:45.508+0000] {logging_mixin.py:188} INFO - [2025-12-29T13:17:45.507+0000] {dag.py:3954} INFO - Setting next_dagrun for example_params_trigger_ui to None, run_after=None
[2025-12-29T13:17:45.552+0000] {processor.py:183} INFO - Processing /home/airflow/.local/lib/python3.12/site-packages/airflow/example_dags/example_params_trigger_ui.py took 0.256 seconds
[2025-12-29T13:18:15.758+0000] {processor.py:161} INFO - Started process (PID=4363) to work on /home/airflow/.local/lib/python3.12/site-packages/airflow/example_dags/example_params_trigger_ui.py
[2025-12-29T13:18:15.760+0000] {processor.py:830} INFO - Processing file /home/airflow/.local/lib/python3.12/site-packages/airflow/example_dags/example_params_trigger_ui.py for tasks to queue
[2025-12-29T13:18:15.763+0000] {logging_mixin.py:188} INFO - [2025-12-29T13:18:15.763+0000] {dagbag.py:545} INFO - Filling up the DagBag from /home/airflow/.local/lib/python3.12/site-packages/airflow/example_dags/example_params_trigger_ui.py
[2025-12-29T13:18:15.795+0000] {processor.py:840} INFO - DAG(s) 'example_params_trigger_ui' retrieved from /home/airflow/.local/lib/python3.12/site-packages/airflow/example_dags/example_params_trigger_ui.py
[2025-12-29T13:18:15.914+0000] {logging_mixin.py:188} INFO - [2025-12-29T13:18:15.913+0000] {dag.py:3096} INFO - Sync 1 DAGs
[2025-12-29T13:18:15.944+0000] {logging_mixin.py:188} INFO - [2025-12-29T13:18:15.944+0000] {dag.py:3954} INFO - Setting next_dagrun for example_params_trigger_ui to None, run_after=None
[2025-12-29T13:18:15.989+0000] {processor.py:183} INFO - Processing /home/airflow/.local/lib/python3.12/site-packages/airflow/example_dags/example_params_trigger_ui.py took 0.243 seconds
[2025-12-29T13:18:46.714+0000] {processor.py:161} INFO - Started process (PID=4618) to work on /home/airflow/.local/lib/python3.12/site-packages/airflow/example_dags/example_params_trigger_ui.py
[2025-12-29T13:18:46.716+0000] {processor.py:830} INFO - Processing file /home/airflow/.local/lib/python3.12/site-packages/airflow/example_dags/example_params_trigger_ui.py for tasks to queue
[2025-12-29T13:18:46.721+0000] {logging_mixin.py:188} INFO - [2025-12-29T13:18:46.720+0000] {dagbag.py:545} INFO - Filling up the DagBag from /home/airflow/.local/lib/python3.12/site-packages/airflow/example_dags/example_params_trigger_ui.py
[2025-12-29T13:18:46.751+0000] {processor.py:840} INFO - DAG(s) 'example_params_trigger_ui' retrieved from /home/airflow/.local/lib/python3.12/site-packages/airflow/example_dags/example_params_trigger_ui.py
[2025-12-29T13:18:46.859+0000] {logging_mixin.py:188} INFO - [2025-12-29T13:18:46.859+0000] {dag.py:3096} INFO - Sync 1 DAGs
[2025-12-29T13:18:46.888+0000] {logging_mixin.py:188} INFO - [2025-12-29T13:18:46.888+0000] {dag.py:3954} INFO - Setting next_dagrun for example_params_trigger_ui to None, run_after=None
[2025-12-29T13:18:46.935+0000] {processor.py:183} INFO - Processing /home/airflow/.local/lib/python3.12/site-packages/airflow/example_dags/example_params_trigger_ui.py took 0.232 seconds
[2025-12-29T13:19:17.172+0000] {processor.py:161} INFO - Started process (PID=4880) to work on /home/airflow/.local/lib/python3.12/site-packages/airflow/example_dags/example_params_trigger_ui.py
[2025-12-29T13:19:17.175+0000] {processor.py:830} INFO - Processing file /home/airflow/.local/lib/python3.12/site-packages/airflow/example_dags/example_params_trigger_ui.py for tasks to queue
[2025-12-29T13:19:17.179+0000] {logging_mixin.py:188} INFO - [2025-12-29T13:19:17.178+0000] {dagbag.py:545} INFO - Filling up the DagBag from /home/airflow/.local/lib/python3.12/site-packages/airflow/example_dags/example_params_trigger_ui.py
[2025-12-29T13:19:17.213+0000] {processor.py:840} INFO - DAG(s) 'example_params_trigger_ui' retrieved from /home/airflow/.local/lib/python3.12/site-packages/airflow/example_dags/example_params_trigger_ui.py
[2025-12-29T13:19:17.343+0000] {logging_mixin.py:188} INFO - [2025-12-29T13:19:17.342+0000] {dag.py:3096} INFO - Sync 1 DAGs
[2025-12-29T13:19:17.368+0000] {logging_mixin.py:188} INFO - [2025-12-29T13:19:17.368+0000] {dag.py:3954} INFO - Setting next_dagrun for example_params_trigger_ui to None, run_after=None
[2025-12-29T13:19:17.409+0000] {processor.py:183} INFO - Processing /home/airflow/.local/lib/python3.12/site-packages/airflow/example_dags/example_params_trigger_ui.py took 0.250 seconds
[2025-12-29T13:19:47.796+0000] {processor.py:161} INFO - Started process (PID=5141) to work on /home/airflow/.local/lib/python3.12/site-packages/airflow/example_dags/example_params_trigger_ui.py
[2025-12-29T13:19:47.798+0000] {processor.py:830} INFO - Processing file /home/airflow/.local/lib/python3.12/site-packages/airflow/example_dags/example_params_trigger_ui.py for tasks to queue
[2025-12-29T13:19:47.802+0000] {logging_mixin.py:188} INFO - [2025-12-29T13:19:47.801+0000] {dagbag.py:545} INFO - Filling up the DagBag from /home/airflow/.local/lib/python3.12/site-packages/airflow/example_dags/example_params_trigger_ui.py
[2025-12-29T13:19:47.829+0000] {processor.py:840} INFO - DAG(s) 'example_params_trigger_ui' retrieved from /home/airflow/.local/lib/python3.12/site-packages/airflow/example_dags/example_params_trigger_ui.py
[2025-12-29T13:19:47.968+0000] {logging_mixin.py:188} INFO - [2025-12-29T13:19:47.967+0000] {dag.py:3096} INFO - Sync 1 DAGs
[2025-12-29T13:19:48.002+0000] {logging_mixin.py:188} INFO - [2025-12-29T13:19:48.001+0000] {dag.py:3954} INFO - Setting next_dagrun for example_params_trigger_ui to None, run_after=None
[2025-12-29T13:19:48.047+0000] {processor.py:183} INFO - Processing /home/airflow/.local/lib/python3.12/site-packages/airflow/example_dags/example_params_trigger_ui.py took 0.262 seconds
[2025-12-29T13:20:18.544+0000] {processor.py:161} INFO - Started process (PID=5400) to work on /home/airflow/.local/lib/python3.12/site-packages/airflow/example_dags/example_params_trigger_ui.py
[2025-12-29T13:20:18.546+0000] {processor.py:830} INFO - Processing file /home/airflow/.local/lib/python3.12/site-packages/airflow/example_dags/example_params_trigger_ui.py for tasks to queue
[2025-12-29T13:20:18.550+0000] {logging_mixin.py:188} INFO - [2025-12-29T13:20:18.549+0000] {dagbag.py:545} INFO - Filling up the DagBag from /home/airflow/.local/lib/python3.12/site-packages/airflow/example_dags/example_params_trigger_ui.py
[2025-12-29T13:20:18.579+0000] {processor.py:840} INFO - DAG(s) 'example_params_trigger_ui' retrieved from /home/airflow/.local/lib/python3.12/site-packages/airflow/example_dags/example_params_trigger_ui.py
[2025-12-29T13:20:18.683+0000] {logging_mixin.py:188} INFO - [2025-12-29T13:20:18.683+0000] {dag.py:3096} INFO - Sync 1 DAGs
[2025-12-29T13:20:18.715+0000] {logging_mixin.py:188} INFO - [2025-12-29T13:20:18.715+0000] {dag.py:3954} INFO - Setting next_dagrun for example_params_trigger_ui to None, run_after=None
[2025-12-29T13:20:18.763+0000] {processor.py:183} INFO - Processing /home/airflow/.local/lib/python3.12/site-packages/airflow/example_dags/example_params_trigger_ui.py took 0.231 seconds
[2025-12-29T13:20:49.001+0000] {processor.py:161} INFO - Started process (PID=5663) to work on /home/airflow/.local/lib/python3.12/site-packages/airflow/example_dags/example_params_trigger_ui.py
[2025-12-29T13:20:49.003+0000] {processor.py:830} INFO - Processing file /home/airflow/.local/lib/python3.12/site-packages/airflow/example_dags/example_params_trigger_ui.py for tasks to queue
[2025-12-29T13:20:49.007+0000] {logging_mixin.py:188} INFO - [2025-12-29T13:20:49.006+0000] {dagbag.py:545} INFO - Filling up the DagBag from /home/airflow/.local/lib/python3.12/site-packages/airflow/example_dags/example_params_trigger_ui.py
[2025-12-29T13:20:49.031+0000] {processor.py:840} INFO - DAG(s) 'example_params_trigger_ui' retrieved from /home/airflow/.local/lib/python3.12/site-packages/airflow/example_dags/example_params_trigger_ui.py
[2025-12-29T13:20:49.137+0000] {logging_mixin.py:188} INFO - [2025-12-29T13:20:49.137+0000] {dag.py:3096} INFO - Sync 1 DAGs
[2025-12-29T13:20:49.167+0000] {logging_mixin.py:188} INFO - [2025-12-29T13:20:49.166+0000] {dag.py:3954} INFO - Setting next_dagrun for example_params_trigger_ui to None, run_after=None
[2025-12-29T13:20:49.210+0000] {processor.py:183} INFO - Processing /home/airflow/.local/lib/python3.12/site-packages/airflow/example_dags/example_params_trigger_ui.py took 0.220 seconds
[2025-12-29T13:21:19.341+0000] {processor.py:161} INFO - Started process (PID=5922) to work on /home/airflow/.local/lib/python3.12/site-packages/airflow/example_dags/example_params_trigger_ui.py
[2025-12-29T13:21:19.343+0000] {processor.py:830} INFO - Processing file /home/airflow/.local/lib/python3.12/site-packages/airflow/example_dags/example_params_trigger_ui.py for tasks to queue
[2025-12-29T13:21:19.348+0000] {logging_mixin.py:188} INFO - [2025-12-29T13:21:19.347+0000] {dagbag.py:545} INFO - Filling up the DagBag from /home/airflow/.local/lib/python3.12/site-packages/airflow/example_dags/example_params_trigger_ui.py
[2025-12-29T13:21:19.376+0000] {processor.py:840} INFO - DAG(s) 'example_params_trigger_ui' retrieved from /home/airflow/.local/lib/python3.12/site-packages/airflow/example_dags/example_params_trigger_ui.py
[2025-12-29T13:21:19.500+0000] {logging_mixin.py:188} INFO - [2025-12-29T13:21:19.500+0000] {dag.py:3096} INFO - Sync 1 DAGs
[2025-12-29T13:21:19.527+0000] {logging_mixin.py:188} INFO - [2025-12-29T13:21:19.527+0000] {dag.py:3954} INFO - Setting next_dagrun for example_params_trigger_ui to None, run_after=None
[2025-12-29T13:21:19.580+0000] {processor.py:183} INFO - Processing /home/airflow/.local/lib/python3.12/site-packages/airflow/example_dags/example_params_trigger_ui.py took 0.249 seconds
[2025-12-29T13:21:50.549+0000] {processor.py:161} INFO - Started process (PID=6183) to work on /home/airflow/.local/lib/python3.12/site-packages/airflow/example_dags/example_params_trigger_ui.py
[2025-12-29T13:21:50.551+0000] {processor.py:830} INFO - Processing file /home/airflow/.local/lib/python3.12/site-packages/airflow/example_dags/example_params_trigger_ui.py for tasks to queue
[2025-12-29T13:21:50.555+0000] {logging_mixin.py:188} INFO - [2025-12-29T13:21:50.554+0000] {dagbag.py:545} INFO - Filling up the DagBag from /home/airflow/.local/lib/python3.12/site-packages/airflow/example_dags/example_params_trigger_ui.py
[2025-12-29T13:21:50.583+0000] {processor.py:840} INFO - DAG(s) 'example_params_trigger_ui' retrieved from /home/airflow/.local/lib/python3.12/site-packages/airflow/example_dags/example_params_trigger_ui.py
[2025-12-29T13:21:50.696+0000] {logging_mixin.py:188} INFO - [2025-12-29T13:21:50.695+0000] {dag.py:3096} INFO - Sync 1 DAGs
[2025-12-29T13:21:50.727+0000] {logging_mixin.py:188} INFO - [2025-12-29T13:21:50.727+0000] {dag.py:3954} INFO - Setting next_dagrun for example_params_trigger_ui to None, run_after=None
[2025-12-29T13:21:50.776+0000] {processor.py:183} INFO - Processing /home/airflow/.local/lib/python3.12/site-packages/airflow/example_dags/example_params_trigger_ui.py took 0.238 seconds
[2025-12-29T13:22:21.380+0000] {processor.py:161} INFO - Started process (PID=6444) to work on /home/airflow/.local/lib/python3.12/site-packages/airflow/example_dags/example_params_trigger_ui.py
[2025-12-29T13:22:21.382+0000] {processor.py:830} INFO - Processing file /home/airflow/.local/lib/python3.12/site-packages/airflow/example_dags/example_params_trigger_ui.py for tasks to queue
[2025-12-29T13:22:21.386+0000] {logging_mixin.py:188} INFO - [2025-12-29T13:22:21.385+0000] {dagbag.py:545} INFO - Filling up the DagBag from /home/airflow/.local/lib/python3.12/site-packages/airflow/example_dags/example_params_trigger_ui.py
[2025-12-29T13:22:21.411+0000] {processor.py:840} INFO - DAG(s) 'example_params_trigger_ui' retrieved from /home/airflow/.local/lib/python3.12/site-packages/airflow/example_dags/example_params_trigger_ui.py
[2025-12-29T13:22:21.514+0000] {logging_mixin.py:188} INFO - [2025-12-29T13:22:21.514+0000] {dag.py:3096} INFO - Sync 1 DAGs
[2025-12-29T13:22:21.539+0000] {logging_mixin.py:188} INFO - [2025-12-29T13:22:21.538+0000] {dag.py:3954} INFO - Setting next_dagrun for example_params_trigger_ui to None, run_after=None
[2025-12-29T13:22:21.577+0000] {processor.py:183} INFO - Processing /home/airflow/.local/lib/python3.12/site-packages/airflow/example_dags/example_params_trigger_ui.py took 0.207 seconds
[2025-12-29T13:22:52.061+0000] {processor.py:161} INFO - Started process (PID=6705) to work on /home/airflow/.local/lib/python3.12/site-packages/airflow/example_dags/example_params_trigger_ui.py
[2025-12-29T13:22:52.064+0000] {processor.py:830} INFO - Processing file /home/airflow/.local/lib/python3.12/site-packages/airflow/example_dags/example_params_trigger_ui.py for tasks to queue
[2025-12-29T13:22:52.068+0000] {logging_mixin.py:188} INFO - [2025-12-29T13:22:52.067+0000] {dagbag.py:545} INFO - Filling up the DagBag from /home/airflow/.local/lib/python3.12/site-packages/airflow/example_dags/example_params_trigger_ui.py
[2025-12-29T13:22:52.094+0000] {processor.py:840} INFO - DAG(s) 'example_params_trigger_ui' retrieved from /home/airflow/.local/lib/python3.12/site-packages/airflow/example_dags/example_params_trigger_ui.py
[2025-12-29T13:22:52.196+0000] {logging_mixin.py:188} INFO - [2025-12-29T13:22:52.195+0000] {dag.py:3096} INFO - Sync 1 DAGs
[2025-12-29T13:22:52.220+0000] {logging_mixin.py:188} INFO - [2025-12-29T13:22:52.220+0000] {dag.py:3954} INFO - Setting next_dagrun for example_params_trigger_ui to None, run_after=None
[2025-12-29T13:22:52.257+0000] {processor.py:183} INFO - Processing /home/airflow/.local/lib/python3.12/site-packages/airflow/example_dags/example_params_trigger_ui.py took 0.209 seconds
[2025-12-29T13:23:22.440+0000] {processor.py:161} INFO - Started process (PID=6966) to work on /home/airflow/.local/lib/python3.12/site-packages/airflow/example_dags/example_params_trigger_ui.py
[2025-12-29T13:23:22.441+0000] {processor.py:830} INFO - Processing file /home/airflow/.local/lib/python3.12/site-packages/airflow/example_dags/example_params_trigger_ui.py for tasks to queue
[2025-12-29T13:23:22.445+0000] {logging_mixin.py:188} INFO - [2025-12-29T13:23:22.444+0000] {dagbag.py:545} INFO - Filling up the DagBag from /home/airflow/.local/lib/python3.12/site-packages/airflow/example_dags/example_params_trigger_ui.py
[2025-12-29T13:23:22.473+0000] {processor.py:840} INFO - DAG(s) 'example_params_trigger_ui' retrieved from /home/airflow/.local/lib/python3.12/site-packages/airflow/example_dags/example_params_trigger_ui.py
[2025-12-29T13:23:22.588+0000] {logging_mixin.py:188} INFO - [2025-12-29T13:23:22.588+0000] {dag.py:3096} INFO - Sync 1 DAGs
[2025-12-29T13:23:22.618+0000] {logging_mixin.py:188} INFO - [2025-12-29T13:23:22.617+0000] {dag.py:3954} INFO - Setting next_dagrun for example_params_trigger_ui to None, run_after=None
[2025-12-29T13:23:22.662+0000] {processor.py:183} INFO - Processing /home/airflow/.local/lib/python3.12/site-packages/airflow/example_dags/example_params_trigger_ui.py took 0.232 seconds
[2025-12-29T13:23:53.382+0000] {processor.py:161} INFO - Started process (PID=7229) to work on /home/airflow/.local/lib/python3.12/site-packages/airflow/example_dags/example_params_trigger_ui.py
[2025-12-29T13:23:53.384+0000] {processor.py:830} INFO - Processing file /home/airflow/.local/lib/python3.12/site-packages/airflow/example_dags/example_params_trigger_ui.py for tasks to queue
[2025-12-29T13:23:53.387+0000] {logging_mixin.py:188} INFO - [2025-12-29T13:23:53.386+0000] {dagbag.py:545} INFO - Filling up the DagBag from /home/airflow/.local/lib/python3.12/site-packages/airflow/example_dags/example_params_trigger_ui.py
[2025-12-29T13:23:53.414+0000] {processor.py:840} INFO - DAG(s) 'example_params_trigger_ui' retrieved from /home/airflow/.local/lib/python3.12/site-packages/airflow/example_dags/example_params_trigger_ui.py
[2025-12-29T13:23:53.523+0000] {logging_mixin.py:188} INFO - [2025-12-29T13:23:53.523+0000] {dag.py:3096} INFO - Sync 1 DAGs
[2025-12-29T13:23:53.548+0000] {logging_mixin.py:188} INFO - [2025-12-29T13:23:53.547+0000] {dag.py:3954} INFO - Setting next_dagrun for example_params_trigger_ui to None, run_after=None
[2025-12-29T13:23:53.584+0000] {processor.py:183} INFO - Processing /home/airflow/.local/lib/python3.12/site-packages/airflow/example_dags/example_params_trigger_ui.py took 0.215 seconds
[2025-12-29T13:24:24.219+0000] {processor.py:161} INFO - Started process (PID=7488) to work on /home/airflow/.local/lib/python3.12/site-packages/airflow/example_dags/example_params_trigger_ui.py
[2025-12-29T13:24:24.221+0000] {processor.py:830} INFO - Processing file /home/airflow/.local/lib/python3.12/site-packages/airflow/example_dags/example_params_trigger_ui.py for tasks to queue
[2025-12-29T13:24:24.226+0000] {logging_mixin.py:188} INFO - [2025-12-29T13:24:24.225+0000] {dagbag.py:545} INFO - Filling up the DagBag from /home/airflow/.local/lib/python3.12/site-packages/airflow/example_dags/example_params_trigger_ui.py
[2025-12-29T13:24:24.257+0000] {processor.py:840} INFO - DAG(s) 'example_params_trigger_ui' retrieved from /home/airflow/.local/lib/python3.12/site-packages/airflow/example_dags/example_params_trigger_ui.py
[2025-12-29T13:24:24.371+0000] {logging_mixin.py:188} INFO - [2025-12-29T13:24:24.371+0000] {dag.py:3096} INFO - Sync 1 DAGs
[2025-12-29T13:24:24.400+0000] {logging_mixin.py:188} INFO - [2025-12-29T13:24:24.400+0000] {dag.py:3954} INFO - Setting next_dagrun for example_params_trigger_ui to None, run_after=None
[2025-12-29T13:24:24.438+0000] {processor.py:183} INFO - Processing /home/airflow/.local/lib/python3.12/site-packages/airflow/example_dags/example_params_trigger_ui.py took 0.229 seconds
[2025-12-29T13:24:55.213+0000] {processor.py:161} INFO - Started process (PID=7751) to work on /home/airflow/.local/lib/python3.12/site-packages/airflow/example_dags/example_params_trigger_ui.py
[2025-12-29T13:24:55.215+0000] {processor.py:830} INFO - Processing file /home/airflow/.local/lib/python3.12/site-packages/airflow/example_dags/example_params_trigger_ui.py for tasks to queue
[2025-12-29T13:24:55.218+0000] {logging_mixin.py:188} INFO - [2025-12-29T13:24:55.217+0000] {dagbag.py:545} INFO - Filling up the DagBag from /home/airflow/.local/lib/python3.12/site-packages/airflow/example_dags/example_params_trigger_ui.py
[2025-12-29T13:24:55.244+0000] {processor.py:840} INFO - DAG(s) 'example_params_trigger_ui' retrieved from /home/airflow/.local/lib/python3.12/site-packages/airflow/example_dags/example_params_trigger_ui.py
[2025-12-29T13:24:55.353+0000] {logging_mixin.py:188} INFO - [2025-12-29T13:24:55.352+0000] {dag.py:3096} INFO - Sync 1 DAGs
[2025-12-29T13:24:55.384+0000] {logging_mixin.py:188} INFO - [2025-12-29T13:24:55.384+0000] {dag.py:3954} INFO - Setting next_dagrun for example_params_trigger_ui to None, run_after=None
[2025-12-29T13:24:55.433+0000] {processor.py:183} INFO - Processing /home/airflow/.local/lib/python3.12/site-packages/airflow/example_dags/example_params_trigger_ui.py took 0.230 seconds
[2025-12-29T13:25:26.050+0000] {processor.py:161} INFO - Started process (PID=8010) to work on /home/airflow/.local/lib/python3.12/site-packages/airflow/example_dags/example_params_trigger_ui.py
[2025-12-29T13:25:26.051+0000] {processor.py:830} INFO - Processing file /home/airflow/.local/lib/python3.12/site-packages/airflow/example_dags/example_params_trigger_ui.py for tasks to queue
[2025-12-29T13:25:26.054+0000] {logging_mixin.py:188} INFO - [2025-12-29T13:25:26.054+0000] {dagbag.py:545} INFO - Filling up the DagBag from /home/airflow/.local/lib/python3.12/site-packages/airflow/example_dags/example_params_trigger_ui.py
[2025-12-29T13:25:26.088+0000] {processor.py:840} INFO - DAG(s) 'example_params_trigger_ui' retrieved from /home/airflow/.local/lib/python3.12/site-packages/airflow/example_dags/example_params_trigger_ui.py
[2025-12-29T13:25:26.195+0000] {logging_mixin.py:188} INFO - [2025-12-29T13:25:26.194+0000] {dag.py:3096} INFO - Sync 1 DAGs
[2025-12-29T13:25:26.220+0000] {logging_mixin.py:188} INFO - [2025-12-29T13:25:26.220+0000] {dag.py:3954} INFO - Setting next_dagrun for example_params_trigger_ui to None, run_after=None
[2025-12-29T13:25:26.260+0000] {processor.py:183} INFO - Processing /home/airflow/.local/lib/python3.12/site-packages/airflow/example_dags/example_params_trigger_ui.py took 0.221 seconds
[2025-12-29T13:25:56.444+0000] {processor.py:161} INFO - Started process (PID=8271) to work on /home/airflow/.local/lib/python3.12/site-packages/airflow/example_dags/example_params_trigger_ui.py
[2025-12-29T13:25:56.446+0000] {processor.py:830} INFO - Processing file /home/airflow/.local/lib/python3.12/site-packages/airflow/example_dags/example_params_trigger_ui.py for tasks to queue
[2025-12-29T13:25:56.453+0000] {logging_mixin.py:188} INFO - [2025-12-29T13:25:56.452+0000] {dagbag.py:545} INFO - Filling up the DagBag from /home/airflow/.local/lib/python3.12/site-packages/airflow/example_dags/example_params_trigger_ui.py
[2025-12-29T13:25:56.495+0000] {processor.py:840} INFO - DAG(s) 'example_params_trigger_ui' retrieved from /home/airflow/.local/lib/python3.12/site-packages/airflow/example_dags/example_params_trigger_ui.py
[2025-12-29T13:25:56.638+0000] {logging_mixin.py:188} INFO - [2025-12-29T13:25:56.638+0000] {dag.py:3096} INFO - Sync 1 DAGs
[2025-12-29T13:25:56.670+0000] {logging_mixin.py:188} INFO - [2025-12-29T13:25:56.669+0000] {dag.py:3954} INFO - Setting next_dagrun for example_params_trigger_ui to None, run_after=None
[2025-12-29T13:25:56.722+0000] {processor.py:183} INFO - Processing /home/airflow/.local/lib/python3.12/site-packages/airflow/example_dags/example_params_trigger_ui.py took 0.296 seconds
[2025-12-29T13:26:26.903+0000] {processor.py:161} INFO - Started process (PID=8532) to work on /home/airflow/.local/lib/python3.12/site-packages/airflow/example_dags/example_params_trigger_ui.py
[2025-12-29T13:26:26.904+0000] {processor.py:830} INFO - Processing file /home/airflow/.local/lib/python3.12/site-packages/airflow/example_dags/example_params_trigger_ui.py for tasks to queue
[2025-12-29T13:26:26.908+0000] {logging_mixin.py:188} INFO - [2025-12-29T13:26:26.907+0000] {dagbag.py:545} INFO - Filling up the DagBag from /home/airflow/.local/lib/python3.12/site-packages/airflow/example_dags/example_params_trigger_ui.py
[2025-12-29T13:26:26.936+0000] {processor.py:840} INFO - DAG(s) 'example_params_trigger_ui' retrieved from /home/airflow/.local/lib/python3.12/site-packages/airflow/example_dags/example_params_trigger_ui.py
[2025-12-29T13:26:27.066+0000] {logging_mixin.py:188} INFO - [2025-12-29T13:26:27.065+0000] {dag.py:3096} INFO - Sync 1 DAGs
[2025-12-29T13:26:27.097+0000] {logging_mixin.py:188} INFO - [2025-12-29T13:26:27.097+0000] {dag.py:3954} INFO - Setting next_dagrun for example_params_trigger_ui to None, run_after=None
[2025-12-29T13:26:27.142+0000] {processor.py:183} INFO - Processing /home/airflow/.local/lib/python3.12/site-packages/airflow/example_dags/example_params_trigger_ui.py took 0.251 seconds
[2025-12-29T13:26:57.648+0000] {processor.py:161} INFO - Started process (PID=8793) to work on /home/airflow/.local/lib/python3.12/site-packages/airflow/example_dags/example_params_trigger_ui.py
[2025-12-29T13:26:57.651+0000] {processor.py:830} INFO - Processing file /home/airflow/.local/lib/python3.12/site-packages/airflow/example_dags/example_params_trigger_ui.py for tasks to queue
[2025-12-29T13:26:57.654+0000] {logging_mixin.py:188} INFO - [2025-12-29T13:26:57.653+0000] {dagbag.py:545} INFO - Filling up the DagBag from /home/airflow/.local/lib/python3.12/site-packages/airflow/example_dags/example_params_trigger_ui.py
[2025-12-29T13:26:57.685+0000] {processor.py:840} INFO - DAG(s) 'example_params_trigger_ui' retrieved from /home/airflow/.local/lib/python3.12/site-packages/airflow/example_dags/example_params_trigger_ui.py
[2025-12-29T13:26:57.801+0000] {logging_mixin.py:188} INFO - [2025-12-29T13:26:57.801+0000] {dag.py:3096} INFO - Sync 1 DAGs
[2025-12-29T13:26:57.833+0000] {logging_mixin.py:188} INFO - [2025-12-29T13:26:57.832+0000] {dag.py:3954} INFO - Setting next_dagrun for example_params_trigger_ui to None, run_after=None
[2025-12-29T13:26:57.879+0000] {processor.py:183} INFO - Processing /home/airflow/.local/lib/python3.12/site-packages/airflow/example_dags/example_params_trigger_ui.py took 0.241 seconds
[2025-12-29T13:27:28.516+0000] {processor.py:161} INFO - Started process (PID=9066) to work on /home/airflow/.local/lib/python3.12/site-packages/airflow/example_dags/example_params_trigger_ui.py
[2025-12-29T13:27:28.519+0000] {processor.py:830} INFO - Processing file /home/airflow/.local/lib/python3.12/site-packages/airflow/example_dags/example_params_trigger_ui.py for tasks to queue
[2025-12-29T13:27:28.527+0000] {logging_mixin.py:188} INFO - [2025-12-29T13:27:28.526+0000] {dagbag.py:545} INFO - Filling up the DagBag from /home/airflow/.local/lib/python3.12/site-packages/airflow/example_dags/example_params_trigger_ui.py
[2025-12-29T13:27:28.581+0000] {processor.py:840} INFO - DAG(s) 'example_params_trigger_ui' retrieved from /home/airflow/.local/lib/python3.12/site-packages/airflow/example_dags/example_params_trigger_ui.py
[2025-12-29T13:27:28.798+0000] {logging_mixin.py:188} INFO - [2025-12-29T13:27:28.797+0000] {dag.py:3096} INFO - Sync 1 DAGs
[2025-12-29T13:27:28.842+0000] {logging_mixin.py:188} INFO - [2025-12-29T13:27:28.842+0000] {dag.py:3954} INFO - Setting next_dagrun for example_params_trigger_ui to None, run_after=None
[2025-12-29T13:27:28.967+0000] {processor.py:183} INFO - Processing /home/airflow/.local/lib/python3.12/site-packages/airflow/example_dags/example_params_trigger_ui.py took 0.475 seconds
[2025-12-29T13:27:59.234+0000] {processor.py:161} INFO - Started process (PID=9402) to work on /home/airflow/.local/lib/python3.12/site-packages/airflow/example_dags/example_params_trigger_ui.py
[2025-12-29T13:27:59.236+0000] {processor.py:830} INFO - Processing file /home/airflow/.local/lib/python3.12/site-packages/airflow/example_dags/example_params_trigger_ui.py for tasks to queue
[2025-12-29T13:27:59.240+0000] {logging_mixin.py:188} INFO - [2025-12-29T13:27:59.240+0000] {dagbag.py:545} INFO - Filling up the DagBag from /home/airflow/.local/lib/python3.12/site-packages/airflow/example_dags/example_params_trigger_ui.py
[2025-12-29T13:27:59.269+0000] {processor.py:840} INFO - DAG(s) 'example_params_trigger_ui' retrieved from /home/airflow/.local/lib/python3.12/site-packages/airflow/example_dags/example_params_trigger_ui.py
[2025-12-29T13:27:59.380+0000] {logging_mixin.py:188} INFO - [2025-12-29T13:27:59.380+0000] {dag.py:3096} INFO - Sync 1 DAGs
[2025-12-29T13:27:59.408+0000] {logging_mixin.py:188} INFO - [2025-12-29T13:27:59.407+0000] {dag.py:3954} INFO - Setting next_dagrun for example_params_trigger_ui to None, run_after=None
[2025-12-29T13:27:59.450+0000] {processor.py:183} INFO - Processing /home/airflow/.local/lib/python3.12/site-packages/airflow/example_dags/example_params_trigger_ui.py took 0.229 seconds
[2025-12-29T13:28:29.580+0000] {processor.py:161} INFO - Started process (PID=9663) to work on /home/airflow/.local/lib/python3.12/site-packages/airflow/example_dags/example_params_trigger_ui.py
[2025-12-29T13:28:29.582+0000] {processor.py:830} INFO - Processing file /home/airflow/.local/lib/python3.12/site-packages/airflow/example_dags/example_params_trigger_ui.py for tasks to queue
[2025-12-29T13:28:29.586+0000] {logging_mixin.py:188} INFO - [2025-12-29T13:28:29.585+0000] {dagbag.py:545} INFO - Filling up the DagBag from /home/airflow/.local/lib/python3.12/site-packages/airflow/example_dags/example_params_trigger_ui.py
[2025-12-29T13:28:29.620+0000] {processor.py:840} INFO - DAG(s) 'example_params_trigger_ui' retrieved from /home/airflow/.local/lib/python3.12/site-packages/airflow/example_dags/example_params_trigger_ui.py
[2025-12-29T13:28:29.756+0000] {logging_mixin.py:188} INFO - [2025-12-29T13:28:29.755+0000] {dag.py:3096} INFO - Sync 1 DAGs
[2025-12-29T13:28:29.789+0000] {logging_mixin.py:188} INFO - [2025-12-29T13:28:29.788+0000] {dag.py:3954} INFO - Setting next_dagrun for example_params_trigger_ui to None, run_after=None
[2025-12-29T13:28:29.836+0000] {processor.py:183} INFO - Processing /home/airflow/.local/lib/python3.12/site-packages/airflow/example_dags/example_params_trigger_ui.py took 0.270 seconds
[2025-12-29T13:29:00.219+0000] {processor.py:161} INFO - Started process (PID=9924) to work on /home/airflow/.local/lib/python3.12/site-packages/airflow/example_dags/example_params_trigger_ui.py
[2025-12-29T13:29:00.221+0000] {processor.py:830} INFO - Processing file /home/airflow/.local/lib/python3.12/site-packages/airflow/example_dags/example_params_trigger_ui.py for tasks to queue
[2025-12-29T13:29:00.225+0000] {logging_mixin.py:188} INFO - [2025-12-29T13:29:00.224+0000] {dagbag.py:545} INFO - Filling up the DagBag from /home/airflow/.local/lib/python3.12/site-packages/airflow/example_dags/example_params_trigger_ui.py
[2025-12-29T13:29:00.255+0000] {processor.py:840} INFO - DAG(s) 'example_params_trigger_ui' retrieved from /home/airflow/.local/lib/python3.12/site-packages/airflow/example_dags/example_params_trigger_ui.py
[2025-12-29T13:29:00.376+0000] {logging_mixin.py:188} INFO - [2025-12-29T13:29:00.375+0000] {dag.py:3096} INFO - Sync 1 DAGs
[2025-12-29T13:29:00.404+0000] {logging_mixin.py:188} INFO - [2025-12-29T13:29:00.404+0000] {dag.py:3954} INFO - Setting next_dagrun for example_params_trigger_ui to None, run_after=None
[2025-12-29T13:29:00.449+0000] {processor.py:183} INFO - Processing /home/airflow/.local/lib/python3.12/site-packages/airflow/example_dags/example_params_trigger_ui.py took 0.243 seconds
[2025-12-29T13:29:31.059+0000] {processor.py:161} INFO - Started process (PID=10185) to work on /home/airflow/.local/lib/python3.12/site-packages/airflow/example_dags/example_params_trigger_ui.py
[2025-12-29T13:29:31.061+0000] {processor.py:830} INFO - Processing file /home/airflow/.local/lib/python3.12/site-packages/airflow/example_dags/example_params_trigger_ui.py for tasks to queue
[2025-12-29T13:29:31.065+0000] {logging_mixin.py:188} INFO - [2025-12-29T13:29:31.064+0000] {dagbag.py:545} INFO - Filling up the DagBag from /home/airflow/.local/lib/python3.12/site-packages/airflow/example_dags/example_params_trigger_ui.py
[2025-12-29T13:29:31.097+0000] {processor.py:840} INFO - DAG(s) 'example_params_trigger_ui' retrieved from /home/airflow/.local/lib/python3.12/site-packages/airflow/example_dags/example_params_trigger_ui.py
[2025-12-29T13:29:31.207+0000] {logging_mixin.py:188} INFO - [2025-12-29T13:29:31.206+0000] {dag.py:3096} INFO - Sync 1 DAGs
[2025-12-29T13:29:31.553+0000] {logging_mixin.py:188} INFO - [2025-12-29T13:29:31.552+0000] {dag.py:3954} INFO - Setting next_dagrun for example_params_trigger_ui to None, run_after=None
[2025-12-29T13:29:31.590+0000] {processor.py:183} INFO - Processing /home/airflow/.local/lib/python3.12/site-packages/airflow/example_dags/example_params_trigger_ui.py took 0.542 seconds
[2025-12-29T13:30:02.212+0000] {processor.py:161} INFO - Started process (PID=10488) to work on /home/airflow/.local/lib/python3.12/site-packages/airflow/example_dags/example_params_trigger_ui.py
[2025-12-29T13:30:02.214+0000] {processor.py:830} INFO - Processing file /home/airflow/.local/lib/python3.12/site-packages/airflow/example_dags/example_params_trigger_ui.py for tasks to queue
[2025-12-29T13:30:02.218+0000] {logging_mixin.py:188} INFO - [2025-12-29T13:30:02.217+0000] {dagbag.py:545} INFO - Filling up the DagBag from /home/airflow/.local/lib/python3.12/site-packages/airflow/example_dags/example_params_trigger_ui.py
[2025-12-29T13:30:02.246+0000] {processor.py:840} INFO - DAG(s) 'example_params_trigger_ui' retrieved from /home/airflow/.local/lib/python3.12/site-packages/airflow/example_dags/example_params_trigger_ui.py
[2025-12-29T13:30:02.378+0000] {logging_mixin.py:188} INFO - [2025-12-29T13:30:02.378+0000] {dag.py:3096} INFO - Sync 1 DAGs
[2025-12-29T13:30:02.412+0000] {logging_mixin.py:188} INFO - [2025-12-29T13:30:02.412+0000] {dag.py:3954} INFO - Setting next_dagrun for example_params_trigger_ui to None, run_after=None
[2025-12-29T13:30:02.685+0000] {processor.py:183} INFO - Processing /home/airflow/.local/lib/python3.12/site-packages/airflow/example_dags/example_params_trigger_ui.py took 0.485 seconds
[2025-12-29T13:30:33.137+0000] {processor.py:161} INFO - Started process (PID=10757) to work on /home/airflow/.local/lib/python3.12/site-packages/airflow/example_dags/example_params_trigger_ui.py
[2025-12-29T13:30:33.140+0000] {processor.py:830} INFO - Processing file /home/airflow/.local/lib/python3.12/site-packages/airflow/example_dags/example_params_trigger_ui.py for tasks to queue
[2025-12-29T13:30:33.145+0000] {logging_mixin.py:188} INFO - [2025-12-29T13:30:33.144+0000] {dagbag.py:545} INFO - Filling up the DagBag from /home/airflow/.local/lib/python3.12/site-packages/airflow/example_dags/example_params_trigger_ui.py
[2025-12-29T13:30:33.184+0000] {processor.py:840} INFO - DAG(s) 'example_params_trigger_ui' retrieved from /home/airflow/.local/lib/python3.12/site-packages/airflow/example_dags/example_params_trigger_ui.py
[2025-12-29T13:30:33.338+0000] {logging_mixin.py:188} INFO - [2025-12-29T13:30:33.338+0000] {dag.py:3096} INFO - Sync 1 DAGs
[2025-12-29T13:30:33.372+0000] {logging_mixin.py:188} INFO - [2025-12-29T13:30:33.372+0000] {dag.py:3954} INFO - Setting next_dagrun for example_params_trigger_ui to None, run_after=None
[2025-12-29T13:30:33.426+0000] {processor.py:183} INFO - Processing /home/airflow/.local/lib/python3.12/site-packages/airflow/example_dags/example_params_trigger_ui.py took 0.305 seconds
[2025-12-29T13:31:04.153+0000] {processor.py:161} INFO - Started process (PID=11018) to work on /home/airflow/.local/lib/python3.12/site-packages/airflow/example_dags/example_params_trigger_ui.py
[2025-12-29T13:31:04.155+0000] {processor.py:830} INFO - Processing file /home/airflow/.local/lib/python3.12/site-packages/airflow/example_dags/example_params_trigger_ui.py for tasks to queue
[2025-12-29T13:31:04.159+0000] {logging_mixin.py:188} INFO - [2025-12-29T13:31:04.158+0000] {dagbag.py:545} INFO - Filling up the DagBag from /home/airflow/.local/lib/python3.12/site-packages/airflow/example_dags/example_params_trigger_ui.py
[2025-12-29T13:31:04.188+0000] {processor.py:840} INFO - DAG(s) 'example_params_trigger_ui' retrieved from /home/airflow/.local/lib/python3.12/site-packages/airflow/example_dags/example_params_trigger_ui.py
[2025-12-29T13:31:04.295+0000] {logging_mixin.py:188} INFO - [2025-12-29T13:31:04.295+0000] {dag.py:3096} INFO - Sync 1 DAGs
[2025-12-29T13:31:04.324+0000] {logging_mixin.py:188} INFO - [2025-12-29T13:31:04.324+0000] {dag.py:3954} INFO - Setting next_dagrun for example_params_trigger_ui to None, run_after=None
[2025-12-29T13:31:04.418+0000] {processor.py:183} INFO - Processing /home/airflow/.local/lib/python3.12/site-packages/airflow/example_dags/example_params_trigger_ui.py took 0.276 seconds
[2025-12-29T13:31:34.576+0000] {processor.py:161} INFO - Started process (PID=11279) to work on /home/airflow/.local/lib/python3.12/site-packages/airflow/example_dags/example_params_trigger_ui.py
[2025-12-29T13:31:34.578+0000] {processor.py:830} INFO - Processing file /home/airflow/.local/lib/python3.12/site-packages/airflow/example_dags/example_params_trigger_ui.py for tasks to queue
[2025-12-29T13:31:34.581+0000] {logging_mixin.py:188} INFO - [2025-12-29T13:31:34.581+0000] {dagbag.py:545} INFO - Filling up the DagBag from /home/airflow/.local/lib/python3.12/site-packages/airflow/example_dags/example_params_trigger_ui.py
[2025-12-29T13:31:34.608+0000] {processor.py:840} INFO - DAG(s) 'example_params_trigger_ui' retrieved from /home/airflow/.local/lib/python3.12/site-packages/airflow/example_dags/example_params_trigger_ui.py
[2025-12-29T13:31:34.733+0000] {logging_mixin.py:188} INFO - [2025-12-29T13:31:34.732+0000] {dag.py:3096} INFO - Sync 1 DAGs
[2025-12-29T13:31:34.767+0000] {logging_mixin.py:188} INFO - [2025-12-29T13:31:34.767+0000] {dag.py:3954} INFO - Setting next_dagrun for example_params_trigger_ui to None, run_after=None
[2025-12-29T13:31:34.812+0000] {processor.py:183} INFO - Processing /home/airflow/.local/lib/python3.12/site-packages/airflow/example_dags/example_params_trigger_ui.py took 0.248 seconds
[2025-12-29T13:32:05.010+0000] {processor.py:161} INFO - Started process (PID=11619) to work on /home/airflow/.local/lib/python3.12/site-packages/airflow/example_dags/example_params_trigger_ui.py
[2025-12-29T13:32:05.011+0000] {processor.py:830} INFO - Processing file /home/airflow/.local/lib/python3.12/site-packages/airflow/example_dags/example_params_trigger_ui.py for tasks to queue
[2025-12-29T13:32:05.016+0000] {logging_mixin.py:188} INFO - [2025-12-29T13:32:05.015+0000] {dagbag.py:545} INFO - Filling up the DagBag from /home/airflow/.local/lib/python3.12/site-packages/airflow/example_dags/example_params_trigger_ui.py
[2025-12-29T13:32:05.047+0000] {processor.py:840} INFO - DAG(s) 'example_params_trigger_ui' retrieved from /home/airflow/.local/lib/python3.12/site-packages/airflow/example_dags/example_params_trigger_ui.py
[2025-12-29T13:32:05.189+0000] {logging_mixin.py:188} INFO - [2025-12-29T13:32:05.189+0000] {dag.py:3096} INFO - Sync 1 DAGs
[2025-12-29T13:32:05.221+0000] {logging_mixin.py:188} INFO - [2025-12-29T13:32:05.220+0000] {dag.py:3954} INFO - Setting next_dagrun for example_params_trigger_ui to None, run_after=None
[2025-12-29T13:32:05.268+0000] {processor.py:183} INFO - Processing /home/airflow/.local/lib/python3.12/site-packages/airflow/example_dags/example_params_trigger_ui.py took 0.270 seconds
[2025-12-29T13:32:35.408+0000] {processor.py:161} INFO - Started process (PID=11888) to work on /home/airflow/.local/lib/python3.12/site-packages/airflow/example_dags/example_params_trigger_ui.py
[2025-12-29T13:32:35.410+0000] {processor.py:830} INFO - Processing file /home/airflow/.local/lib/python3.12/site-packages/airflow/example_dags/example_params_trigger_ui.py for tasks to queue
[2025-12-29T13:32:35.414+0000] {logging_mixin.py:188} INFO - [2025-12-29T13:32:35.413+0000] {dagbag.py:545} INFO - Filling up the DagBag from /home/airflow/.local/lib/python3.12/site-packages/airflow/example_dags/example_params_trigger_ui.py
[2025-12-29T13:32:35.441+0000] {processor.py:840} INFO - DAG(s) 'example_params_trigger_ui' retrieved from /home/airflow/.local/lib/python3.12/site-packages/airflow/example_dags/example_params_trigger_ui.py
[2025-12-29T13:32:35.551+0000] {logging_mixin.py:188} INFO - [2025-12-29T13:32:35.550+0000] {dag.py:3096} INFO - Sync 1 DAGs
[2025-12-29T13:32:35.580+0000] {logging_mixin.py:188} INFO - [2025-12-29T13:32:35.579+0000] {dag.py:3954} INFO - Setting next_dagrun for example_params_trigger_ui to None, run_after=None
[2025-12-29T13:32:35.622+0000] {processor.py:183} INFO - Processing /home/airflow/.local/lib/python3.12/site-packages/airflow/example_dags/example_params_trigger_ui.py took 0.225 seconds
[2025-12-29T13:33:06.161+0000] {processor.py:161} INFO - Started process (PID=12149) to work on /home/airflow/.local/lib/python3.12/site-packages/airflow/example_dags/example_params_trigger_ui.py
[2025-12-29T13:33:06.164+0000] {processor.py:830} INFO - Processing file /home/airflow/.local/lib/python3.12/site-packages/airflow/example_dags/example_params_trigger_ui.py for tasks to queue
[2025-12-29T13:33:06.167+0000] {logging_mixin.py:188} INFO - [2025-12-29T13:33:06.166+0000] {dagbag.py:545} INFO - Filling up the DagBag from /home/airflow/.local/lib/python3.12/site-packages/airflow/example_dags/example_params_trigger_ui.py
[2025-12-29T13:33:06.194+0000] {processor.py:840} INFO - DAG(s) 'example_params_trigger_ui' retrieved from /home/airflow/.local/lib/python3.12/site-packages/airflow/example_dags/example_params_trigger_ui.py
[2025-12-29T13:33:06.314+0000] {logging_mixin.py:188} INFO - [2025-12-29T13:33:06.313+0000] {dag.py:3096} INFO - Sync 1 DAGs
[2025-12-29T13:33:06.348+0000] {logging_mixin.py:188} INFO - [2025-12-29T13:33:06.348+0000] {dag.py:3954} INFO - Setting next_dagrun for example_params_trigger_ui to None, run_after=None
[2025-12-29T13:33:06.394+0000] {processor.py:183} INFO - Processing /home/airflow/.local/lib/python3.12/site-packages/airflow/example_dags/example_params_trigger_ui.py took 0.246 seconds
[2025-12-29T13:33:36.849+0000] {processor.py:161} INFO - Started process (PID=12410) to work on /home/airflow/.local/lib/python3.12/site-packages/airflow/example_dags/example_params_trigger_ui.py
[2025-12-29T13:33:36.851+0000] {processor.py:830} INFO - Processing file /home/airflow/.local/lib/python3.12/site-packages/airflow/example_dags/example_params_trigger_ui.py for tasks to queue
[2025-12-29T13:33:36.855+0000] {logging_mixin.py:188} INFO - [2025-12-29T13:33:36.854+0000] {dagbag.py:545} INFO - Filling up the DagBag from /home/airflow/.local/lib/python3.12/site-packages/airflow/example_dags/example_params_trigger_ui.py
[2025-12-29T13:33:36.883+0000] {processor.py:840} INFO - DAG(s) 'example_params_trigger_ui' retrieved from /home/airflow/.local/lib/python3.12/site-packages/airflow/example_dags/example_params_trigger_ui.py
[2025-12-29T13:33:37.004+0000] {logging_mixin.py:188} INFO - [2025-12-29T13:33:37.003+0000] {dag.py:3096} INFO - Sync 1 DAGs
[2025-12-29T13:33:37.033+0000] {logging_mixin.py:188} INFO - [2025-12-29T13:33:37.033+0000] {dag.py:3954} INFO - Setting next_dagrun for example_params_trigger_ui to None, run_after=None
[2025-12-29T13:33:37.077+0000] {processor.py:183} INFO - Processing /home/airflow/.local/lib/python3.12/site-packages/airflow/example_dags/example_params_trigger_ui.py took 0.240 seconds
[2025-12-29T13:34:07.813+0000] {processor.py:161} INFO - Started process (PID=12698) to work on /home/airflow/.local/lib/python3.12/site-packages/airflow/example_dags/example_params_trigger_ui.py
[2025-12-29T13:34:07.814+0000] {processor.py:830} INFO - Processing file /home/airflow/.local/lib/python3.12/site-packages/airflow/example_dags/example_params_trigger_ui.py for tasks to queue
[2025-12-29T13:34:07.818+0000] {logging_mixin.py:188} INFO - [2025-12-29T13:34:07.817+0000] {dagbag.py:545} INFO - Filling up the DagBag from /home/airflow/.local/lib/python3.12/site-packages/airflow/example_dags/example_params_trigger_ui.py
[2025-12-29T13:34:07.854+0000] {processor.py:840} INFO - DAG(s) 'example_params_trigger_ui' retrieved from /home/airflow/.local/lib/python3.12/site-packages/airflow/example_dags/example_params_trigger_ui.py
[2025-12-29T13:34:08.001+0000] {logging_mixin.py:188} INFO - [2025-12-29T13:34:08.000+0000] {dag.py:3096} INFO - Sync 1 DAGs
[2025-12-29T13:34:08.036+0000] {logging_mixin.py:188} INFO - [2025-12-29T13:34:08.036+0000] {dag.py:3954} INFO - Setting next_dagrun for example_params_trigger_ui to None, run_after=None
[2025-12-29T13:34:08.085+0000] {processor.py:183} INFO - Processing /home/airflow/.local/lib/python3.12/site-packages/airflow/example_dags/example_params_trigger_ui.py took 0.285 seconds
[2025-12-29T13:34:38.347+0000] {processor.py:161} INFO - Started process (PID=12971) to work on /home/airflow/.local/lib/python3.12/site-packages/airflow/example_dags/example_params_trigger_ui.py
[2025-12-29T13:34:38.349+0000] {processor.py:830} INFO - Processing file /home/airflow/.local/lib/python3.12/site-packages/airflow/example_dags/example_params_trigger_ui.py for tasks to queue
[2025-12-29T13:34:38.353+0000] {logging_mixin.py:188} INFO - [2025-12-29T13:34:38.352+0000] {dagbag.py:545} INFO - Filling up the DagBag from /home/airflow/.local/lib/python3.12/site-packages/airflow/example_dags/example_params_trigger_ui.py
[2025-12-29T13:34:38.389+0000] {processor.py:840} INFO - DAG(s) 'example_params_trigger_ui' retrieved from /home/airflow/.local/lib/python3.12/site-packages/airflow/example_dags/example_params_trigger_ui.py
[2025-12-29T13:34:38.511+0000] {logging_mixin.py:188} INFO - [2025-12-29T13:34:38.511+0000] {dag.py:3096} INFO - Sync 1 DAGs
[2025-12-29T13:34:38.541+0000] {logging_mixin.py:188} INFO - [2025-12-29T13:34:38.540+0000] {dag.py:3954} INFO - Setting next_dagrun for example_params_trigger_ui to None, run_after=None
[2025-12-29T13:34:38.587+0000] {processor.py:183} INFO - Processing /home/airflow/.local/lib/python3.12/site-packages/airflow/example_dags/example_params_trigger_ui.py took 0.254 seconds
