[2025-12-29T13:10:11.627+0000] {processor.py:161} INFO - Started process (PID=400) to work on /home/airflow/.local/lib/python3.12/site-packages/airflow/example_dags/example_python_decorator.py
[2025-12-29T13:10:11.628+0000] {processor.py:830} INFO - Processing file /home/airflow/.local/lib/python3.12/site-packages/airflow/example_dags/example_python_decorator.py for tasks to queue
[2025-12-29T13:10:11.632+0000] {logging_mixin.py:188} INFO - [2025-12-29T13:10:11.631+0000] {dagbag.py:545} INFO - Filling up the DagBag from /home/airflow/.local/lib/python3.12/site-packages/airflow/example_dags/example_python_decorator.py
[2025-12-29T13:10:11.656+0000] {processor.py:840} INFO - DAG(s) 'example_python_decorator' retrieved from /home/airflow/.local/lib/python3.12/site-packages/airflow/example_dags/example_python_decorator.py
[2025-12-29T13:10:11.888+0000] {logging_mixin.py:188} INFO - [2025-12-29T13:10:11.887+0000] {dag.py:3096} INFO - Sync 1 DAGs
[2025-12-29T13:10:11.917+0000] {logging_mixin.py:188} INFO - [2025-12-29T13:10:11.917+0000] {dag.py:3954} INFO - Setting next_dagrun for example_python_decorator to None, run_after=None
[2025-12-29T13:10:11.948+0000] {processor.py:183} INFO - Processing /home/airflow/.local/lib/python3.12/site-packages/airflow/example_dags/example_python_decorator.py took 0.332 seconds
[2025-12-29T13:10:42.221+0000] {processor.py:161} INFO - Started process (PID=661) to work on /home/airflow/.local/lib/python3.12/site-packages/airflow/example_dags/example_python_decorator.py
[2025-12-29T13:10:42.222+0000] {processor.py:830} INFO - Processing file /home/airflow/.local/lib/python3.12/site-packages/airflow/example_dags/example_python_decorator.py for tasks to queue
[2025-12-29T13:10:42.224+0000] {logging_mixin.py:188} INFO - [2025-12-29T13:10:42.223+0000] {dagbag.py:545} INFO - Filling up the DagBag from /home/airflow/.local/lib/python3.12/site-packages/airflow/example_dags/example_python_decorator.py
[2025-12-29T13:10:42.238+0000] {processor.py:840} INFO - DAG(s) 'example_python_decorator' retrieved from /home/airflow/.local/lib/python3.12/site-packages/airflow/example_dags/example_python_decorator.py
[2025-12-29T13:10:42.266+0000] {logging_mixin.py:188} INFO - [2025-12-29T13:10:42.266+0000] {dag.py:3096} INFO - Sync 1 DAGs
[2025-12-29T13:10:42.283+0000] {logging_mixin.py:188} INFO - [2025-12-29T13:10:42.282+0000] {dag.py:3954} INFO - Setting next_dagrun for example_python_decorator to None, run_after=None
[2025-12-29T13:10:42.310+0000] {processor.py:183} INFO - Processing /home/airflow/.local/lib/python3.12/site-packages/airflow/example_dags/example_python_decorator.py took 0.097 seconds
[2025-12-29T13:11:12.682+0000] {processor.py:161} INFO - Started process (PID=917) to work on /home/airflow/.local/lib/python3.12/site-packages/airflow/example_dags/example_python_decorator.py
[2025-12-29T13:11:12.683+0000] {processor.py:830} INFO - Processing file /home/airflow/.local/lib/python3.12/site-packages/airflow/example_dags/example_python_decorator.py for tasks to queue
[2025-12-29T13:11:12.686+0000] {logging_mixin.py:188} INFO - [2025-12-29T13:11:12.685+0000] {dagbag.py:545} INFO - Filling up the DagBag from /home/airflow/.local/lib/python3.12/site-packages/airflow/example_dags/example_python_decorator.py
[2025-12-29T13:11:12.705+0000] {processor.py:840} INFO - DAG(s) 'example_python_decorator' retrieved from /home/airflow/.local/lib/python3.12/site-packages/airflow/example_dags/example_python_decorator.py
[2025-12-29T13:11:12.744+0000] {logging_mixin.py:188} INFO - [2025-12-29T13:11:12.743+0000] {dag.py:3096} INFO - Sync 1 DAGs
[2025-12-29T13:11:12.764+0000] {logging_mixin.py:188} INFO - [2025-12-29T13:11:12.763+0000] {dag.py:3954} INFO - Setting next_dagrun for example_python_decorator to None, run_after=None
[2025-12-29T13:11:12.807+0000] {processor.py:183} INFO - Processing /home/airflow/.local/lib/python3.12/site-packages/airflow/example_dags/example_python_decorator.py took 0.133 seconds
[2025-12-29T13:11:43.801+0000] {processor.py:161} INFO - Started process (PID=1180) to work on /home/airflow/.local/lib/python3.12/site-packages/airflow/example_dags/example_python_decorator.py
[2025-12-29T13:11:43.803+0000] {processor.py:830} INFO - Processing file /home/airflow/.local/lib/python3.12/site-packages/airflow/example_dags/example_python_decorator.py for tasks to queue
[2025-12-29T13:11:43.806+0000] {logging_mixin.py:188} INFO - [2025-12-29T13:11:43.805+0000] {dagbag.py:545} INFO - Filling up the DagBag from /home/airflow/.local/lib/python3.12/site-packages/airflow/example_dags/example_python_decorator.py
[2025-12-29T13:11:43.831+0000] {processor.py:840} INFO - DAG(s) 'example_python_decorator' retrieved from /home/airflow/.local/lib/python3.12/site-packages/airflow/example_dags/example_python_decorator.py
[2025-12-29T13:11:43.881+0000] {logging_mixin.py:188} INFO - [2025-12-29T13:11:43.880+0000] {dag.py:3096} INFO - Sync 1 DAGs
[2025-12-29T13:11:43.902+0000] {logging_mixin.py:188} INFO - [2025-12-29T13:11:43.901+0000] {dag.py:3954} INFO - Setting next_dagrun for example_python_decorator to None, run_after=None
[2025-12-29T13:11:43.940+0000] {processor.py:183} INFO - Processing /home/airflow/.local/lib/python3.12/site-packages/airflow/example_dags/example_python_decorator.py took 0.149 seconds
[2025-12-29T13:12:14.532+0000] {processor.py:161} INFO - Started process (PID=1439) to work on /home/airflow/.local/lib/python3.12/site-packages/airflow/example_dags/example_python_decorator.py
[2025-12-29T13:12:14.533+0000] {processor.py:830} INFO - Processing file /home/airflow/.local/lib/python3.12/site-packages/airflow/example_dags/example_python_decorator.py for tasks to queue
[2025-12-29T13:12:14.536+0000] {logging_mixin.py:188} INFO - [2025-12-29T13:12:14.535+0000] {dagbag.py:545} INFO - Filling up the DagBag from /home/airflow/.local/lib/python3.12/site-packages/airflow/example_dags/example_python_decorator.py
[2025-12-29T13:12:14.555+0000] {processor.py:840} INFO - DAG(s) 'example_python_decorator' retrieved from /home/airflow/.local/lib/python3.12/site-packages/airflow/example_dags/example_python_decorator.py
[2025-12-29T13:12:14.593+0000] {logging_mixin.py:188} INFO - [2025-12-29T13:12:14.593+0000] {dag.py:3096} INFO - Sync 1 DAGs
[2025-12-29T13:12:14.614+0000] {logging_mixin.py:188} INFO - [2025-12-29T13:12:14.614+0000] {dag.py:3954} INFO - Setting next_dagrun for example_python_decorator to None, run_after=None
[2025-12-29T13:12:14.652+0000] {processor.py:183} INFO - Processing /home/airflow/.local/lib/python3.12/site-packages/airflow/example_dags/example_python_decorator.py took 0.129 seconds
[2025-12-29T13:12:44.813+0000] {processor.py:161} INFO - Started process (PID=1700) to work on /home/airflow/.local/lib/python3.12/site-packages/airflow/example_dags/example_python_decorator.py
[2025-12-29T13:12:44.815+0000] {processor.py:830} INFO - Processing file /home/airflow/.local/lib/python3.12/site-packages/airflow/example_dags/example_python_decorator.py for tasks to queue
[2025-12-29T13:12:44.818+0000] {logging_mixin.py:188} INFO - [2025-12-29T13:12:44.817+0000] {dagbag.py:545} INFO - Filling up the DagBag from /home/airflow/.local/lib/python3.12/site-packages/airflow/example_dags/example_python_decorator.py
[2025-12-29T13:12:44.840+0000] {processor.py:840} INFO - DAG(s) 'example_python_decorator' retrieved from /home/airflow/.local/lib/python3.12/site-packages/airflow/example_dags/example_python_decorator.py
[2025-12-29T13:12:44.875+0000] {logging_mixin.py:188} INFO - [2025-12-29T13:12:44.875+0000] {dag.py:3096} INFO - Sync 1 DAGs
[2025-12-29T13:12:44.893+0000] {logging_mixin.py:188} INFO - [2025-12-29T13:12:44.893+0000] {dag.py:3954} INFO - Setting next_dagrun for example_python_decorator to None, run_after=None
[2025-12-29T13:12:44.925+0000] {processor.py:183} INFO - Processing /home/airflow/.local/lib/python3.12/site-packages/airflow/example_dags/example_python_decorator.py took 0.120 seconds
[2025-12-29T13:13:15.094+0000] {processor.py:161} INFO - Started process (PID=1961) to work on /home/airflow/.local/lib/python3.12/site-packages/airflow/example_dags/example_python_decorator.py
[2025-12-29T13:13:15.096+0000] {processor.py:830} INFO - Processing file /home/airflow/.local/lib/python3.12/site-packages/airflow/example_dags/example_python_decorator.py for tasks to queue
[2025-12-29T13:13:15.098+0000] {logging_mixin.py:188} INFO - [2025-12-29T13:13:15.098+0000] {dagbag.py:545} INFO - Filling up the DagBag from /home/airflow/.local/lib/python3.12/site-packages/airflow/example_dags/example_python_decorator.py
[2025-12-29T13:13:15.117+0000] {processor.py:840} INFO - DAG(s) 'example_python_decorator' retrieved from /home/airflow/.local/lib/python3.12/site-packages/airflow/example_dags/example_python_decorator.py
[2025-12-29T13:13:15.155+0000] {logging_mixin.py:188} INFO - [2025-12-29T13:13:15.154+0000] {dag.py:3096} INFO - Sync 1 DAGs
[2025-12-29T13:13:15.176+0000] {logging_mixin.py:188} INFO - [2025-12-29T13:13:15.176+0000] {dag.py:3954} INFO - Setting next_dagrun for example_python_decorator to None, run_after=None
[2025-12-29T13:13:15.209+0000] {processor.py:183} INFO - Processing /home/airflow/.local/lib/python3.12/site-packages/airflow/example_dags/example_python_decorator.py took 0.122 seconds
[2025-12-29T13:13:45.442+0000] {processor.py:161} INFO - Started process (PID=2222) to work on /home/airflow/.local/lib/python3.12/site-packages/airflow/example_dags/example_python_decorator.py
[2025-12-29T13:13:45.443+0000] {processor.py:830} INFO - Processing file /home/airflow/.local/lib/python3.12/site-packages/airflow/example_dags/example_python_decorator.py for tasks to queue
[2025-12-29T13:13:45.446+0000] {logging_mixin.py:188} INFO - [2025-12-29T13:13:45.445+0000] {dagbag.py:545} INFO - Filling up the DagBag from /home/airflow/.local/lib/python3.12/site-packages/airflow/example_dags/example_python_decorator.py
[2025-12-29T13:13:45.463+0000] {processor.py:840} INFO - DAG(s) 'example_python_decorator' retrieved from /home/airflow/.local/lib/python3.12/site-packages/airflow/example_dags/example_python_decorator.py
[2025-12-29T13:13:45.502+0000] {logging_mixin.py:188} INFO - [2025-12-29T13:13:45.502+0000] {dag.py:3096} INFO - Sync 1 DAGs
[2025-12-29T13:13:45.521+0000] {logging_mixin.py:188} INFO - [2025-12-29T13:13:45.521+0000] {dag.py:3954} INFO - Setting next_dagrun for example_python_decorator to None, run_after=None
[2025-12-29T13:13:45.552+0000] {processor.py:183} INFO - Processing /home/airflow/.local/lib/python3.12/site-packages/airflow/example_dags/example_python_decorator.py took 0.117 seconds
[2025-12-29T13:14:15.810+0000] {processor.py:161} INFO - Started process (PID=2483) to work on /home/airflow/.local/lib/python3.12/site-packages/airflow/example_dags/example_python_decorator.py
[2025-12-29T13:14:15.812+0000] {processor.py:830} INFO - Processing file /home/airflow/.local/lib/python3.12/site-packages/airflow/example_dags/example_python_decorator.py for tasks to queue
[2025-12-29T13:14:15.814+0000] {logging_mixin.py:188} INFO - [2025-12-29T13:14:15.814+0000] {dagbag.py:545} INFO - Filling up the DagBag from /home/airflow/.local/lib/python3.12/site-packages/airflow/example_dags/example_python_decorator.py
[2025-12-29T13:14:15.833+0000] {processor.py:840} INFO - DAG(s) 'example_python_decorator' retrieved from /home/airflow/.local/lib/python3.12/site-packages/airflow/example_dags/example_python_decorator.py
[2025-12-29T13:14:15.874+0000] {logging_mixin.py:188} INFO - [2025-12-29T13:14:15.874+0000] {dag.py:3096} INFO - Sync 1 DAGs
[2025-12-29T13:14:15.895+0000] {logging_mixin.py:188} INFO - [2025-12-29T13:14:15.894+0000] {dag.py:3954} INFO - Setting next_dagrun for example_python_decorator to None, run_after=None
[2025-12-29T13:14:15.929+0000] {processor.py:183} INFO - Processing /home/airflow/.local/lib/python3.12/site-packages/airflow/example_dags/example_python_decorator.py took 0.127 seconds
[2025-12-29T13:14:46.406+0000] {processor.py:161} INFO - Started process (PID=2746) to work on /home/airflow/.local/lib/python3.12/site-packages/airflow/example_dags/example_python_decorator.py
[2025-12-29T13:14:46.407+0000] {processor.py:830} INFO - Processing file /home/airflow/.local/lib/python3.12/site-packages/airflow/example_dags/example_python_decorator.py for tasks to queue
[2025-12-29T13:14:46.410+0000] {logging_mixin.py:188} INFO - [2025-12-29T13:14:46.409+0000] {dagbag.py:545} INFO - Filling up the DagBag from /home/airflow/.local/lib/python3.12/site-packages/airflow/example_dags/example_python_decorator.py
[2025-12-29T13:14:46.427+0000] {processor.py:840} INFO - DAG(s) 'example_python_decorator' retrieved from /home/airflow/.local/lib/python3.12/site-packages/airflow/example_dags/example_python_decorator.py
[2025-12-29T13:14:46.463+0000] {logging_mixin.py:188} INFO - [2025-12-29T13:14:46.463+0000] {dag.py:3096} INFO - Sync 1 DAGs
[2025-12-29T13:14:46.484+0000] {logging_mixin.py:188} INFO - [2025-12-29T13:14:46.484+0000] {dag.py:3954} INFO - Setting next_dagrun for example_python_decorator to None, run_after=None
[2025-12-29T13:14:46.519+0000] {processor.py:183} INFO - Processing /home/airflow/.local/lib/python3.12/site-packages/airflow/example_dags/example_python_decorator.py took 0.121 seconds
[2025-12-29T13:15:18.281+0000] {processor.py:161} INFO - Started process (PID=3007) to work on /home/airflow/.local/lib/python3.12/site-packages/airflow/example_dags/example_python_decorator.py
[2025-12-29T13:15:18.283+0000] {processor.py:830} INFO - Processing file /home/airflow/.local/lib/python3.12/site-packages/airflow/example_dags/example_python_decorator.py for tasks to queue
[2025-12-29T13:15:18.287+0000] {logging_mixin.py:188} INFO - [2025-12-29T13:15:18.286+0000] {dagbag.py:545} INFO - Filling up the DagBag from /home/airflow/.local/lib/python3.12/site-packages/airflow/example_dags/example_python_decorator.py
[2025-12-29T13:15:18.316+0000] {processor.py:840} INFO - DAG(s) 'example_python_decorator' retrieved from /home/airflow/.local/lib/python3.12/site-packages/airflow/example_dags/example_python_decorator.py
[2025-12-29T13:15:18.373+0000] {logging_mixin.py:188} INFO - [2025-12-29T13:15:18.373+0000] {dag.py:3096} INFO - Sync 1 DAGs
[2025-12-29T13:15:18.400+0000] {logging_mixin.py:188} INFO - [2025-12-29T13:15:18.399+0000] {dag.py:3954} INFO - Setting next_dagrun for example_python_decorator to None, run_after=None
[2025-12-29T13:15:18.444+0000] {processor.py:183} INFO - Processing /home/airflow/.local/lib/python3.12/site-packages/airflow/example_dags/example_python_decorator.py took 0.176 seconds
[2025-12-29T13:15:49.035+0000] {processor.py:161} INFO - Started process (PID=3266) to work on /home/airflow/.local/lib/python3.12/site-packages/airflow/example_dags/example_python_decorator.py
[2025-12-29T13:15:49.037+0000] {processor.py:830} INFO - Processing file /home/airflow/.local/lib/python3.12/site-packages/airflow/example_dags/example_python_decorator.py for tasks to queue
[2025-12-29T13:15:49.040+0000] {logging_mixin.py:188} INFO - [2025-12-29T13:15:49.040+0000] {dagbag.py:545} INFO - Filling up the DagBag from /home/airflow/.local/lib/python3.12/site-packages/airflow/example_dags/example_python_decorator.py
[2025-12-29T13:15:49.066+0000] {processor.py:840} INFO - DAG(s) 'example_python_decorator' retrieved from /home/airflow/.local/lib/python3.12/site-packages/airflow/example_dags/example_python_decorator.py
[2025-12-29T13:15:49.116+0000] {logging_mixin.py:188} INFO - [2025-12-29T13:15:49.116+0000] {dag.py:3096} INFO - Sync 1 DAGs
[2025-12-29T13:15:49.141+0000] {logging_mixin.py:188} INFO - [2025-12-29T13:15:49.140+0000] {dag.py:3954} INFO - Setting next_dagrun for example_python_decorator to None, run_after=None
[2025-12-29T13:15:49.181+0000] {processor.py:183} INFO - Processing /home/airflow/.local/lib/python3.12/site-packages/airflow/example_dags/example_python_decorator.py took 0.156 seconds
[2025-12-29T13:16:19.824+0000] {processor.py:161} INFO - Started process (PID=3527) to work on /home/airflow/.local/lib/python3.12/site-packages/airflow/example_dags/example_python_decorator.py
[2025-12-29T13:16:19.826+0000] {processor.py:830} INFO - Processing file /home/airflow/.local/lib/python3.12/site-packages/airflow/example_dags/example_python_decorator.py for tasks to queue
[2025-12-29T13:16:19.830+0000] {logging_mixin.py:188} INFO - [2025-12-29T13:16:19.829+0000] {dagbag.py:545} INFO - Filling up the DagBag from /home/airflow/.local/lib/python3.12/site-packages/airflow/example_dags/example_python_decorator.py
[2025-12-29T13:16:19.856+0000] {processor.py:840} INFO - DAG(s) 'example_python_decorator' retrieved from /home/airflow/.local/lib/python3.12/site-packages/airflow/example_dags/example_python_decorator.py
[2025-12-29T13:16:19.911+0000] {logging_mixin.py:188} INFO - [2025-12-29T13:16:19.910+0000] {dag.py:3096} INFO - Sync 1 DAGs
[2025-12-29T13:16:19.941+0000] {logging_mixin.py:188} INFO - [2025-12-29T13:16:19.940+0000] {dag.py:3954} INFO - Setting next_dagrun for example_python_decorator to None, run_after=None
[2025-12-29T13:16:19.988+0000] {processor.py:183} INFO - Processing /home/airflow/.local/lib/python3.12/site-packages/airflow/example_dags/example_python_decorator.py took 0.175 seconds
[2025-12-29T13:16:50.753+0000] {processor.py:161} INFO - Started process (PID=3788) to work on /home/airflow/.local/lib/python3.12/site-packages/airflow/example_dags/example_python_decorator.py
[2025-12-29T13:16:50.755+0000] {processor.py:830} INFO - Processing file /home/airflow/.local/lib/python3.12/site-packages/airflow/example_dags/example_python_decorator.py for tasks to queue
[2025-12-29T13:16:50.758+0000] {logging_mixin.py:188} INFO - [2025-12-29T13:16:50.757+0000] {dagbag.py:545} INFO - Filling up the DagBag from /home/airflow/.local/lib/python3.12/site-packages/airflow/example_dags/example_python_decorator.py
[2025-12-29T13:16:50.783+0000] {processor.py:840} INFO - DAG(s) 'example_python_decorator' retrieved from /home/airflow/.local/lib/python3.12/site-packages/airflow/example_dags/example_python_decorator.py
[2025-12-29T13:16:50.842+0000] {logging_mixin.py:188} INFO - [2025-12-29T13:16:50.841+0000] {dag.py:3096} INFO - Sync 1 DAGs
[2025-12-29T13:16:50.870+0000] {logging_mixin.py:188} INFO - [2025-12-29T13:16:50.870+0000] {dag.py:3954} INFO - Setting next_dagrun for example_python_decorator to None, run_after=None
[2025-12-29T13:16:50.916+0000] {processor.py:183} INFO - Processing /home/airflow/.local/lib/python3.12/site-packages/airflow/example_dags/example_python_decorator.py took 0.178 seconds
[2025-12-29T13:17:21.085+0000] {processor.py:161} INFO - Started process (PID=4049) to work on /home/airflow/.local/lib/python3.12/site-packages/airflow/example_dags/example_python_decorator.py
[2025-12-29T13:17:21.087+0000] {processor.py:830} INFO - Processing file /home/airflow/.local/lib/python3.12/site-packages/airflow/example_dags/example_python_decorator.py for tasks to queue
[2025-12-29T13:17:21.091+0000] {logging_mixin.py:188} INFO - [2025-12-29T13:17:21.090+0000] {dagbag.py:545} INFO - Filling up the DagBag from /home/airflow/.local/lib/python3.12/site-packages/airflow/example_dags/example_python_decorator.py
[2025-12-29T13:17:21.119+0000] {processor.py:840} INFO - DAG(s) 'example_python_decorator' retrieved from /home/airflow/.local/lib/python3.12/site-packages/airflow/example_dags/example_python_decorator.py
[2025-12-29T13:17:21.173+0000] {logging_mixin.py:188} INFO - [2025-12-29T13:17:21.173+0000] {dag.py:3096} INFO - Sync 1 DAGs
[2025-12-29T13:17:21.205+0000] {logging_mixin.py:188} INFO - [2025-12-29T13:17:21.205+0000] {dag.py:3954} INFO - Setting next_dagrun for example_python_decorator to None, run_after=None
[2025-12-29T13:17:21.249+0000] {processor.py:183} INFO - Processing /home/airflow/.local/lib/python3.12/site-packages/airflow/example_dags/example_python_decorator.py took 0.174 seconds
[2025-12-29T13:17:52.853+0000] {processor.py:161} INFO - Started process (PID=4312) to work on /home/airflow/.local/lib/python3.12/site-packages/airflow/example_dags/example_python_decorator.py
[2025-12-29T13:17:52.855+0000] {processor.py:830} INFO - Processing file /home/airflow/.local/lib/python3.12/site-packages/airflow/example_dags/example_python_decorator.py for tasks to queue
[2025-12-29T13:17:52.858+0000] {logging_mixin.py:188} INFO - [2025-12-29T13:17:52.858+0000] {dagbag.py:545} INFO - Filling up the DagBag from /home/airflow/.local/lib/python3.12/site-packages/airflow/example_dags/example_python_decorator.py
[2025-12-29T13:17:52.884+0000] {processor.py:840} INFO - DAG(s) 'example_python_decorator' retrieved from /home/airflow/.local/lib/python3.12/site-packages/airflow/example_dags/example_python_decorator.py
[2025-12-29T13:17:52.938+0000] {logging_mixin.py:188} INFO - [2025-12-29T13:17:52.938+0000] {dag.py:3096} INFO - Sync 1 DAGs
[2025-12-29T13:17:52.972+0000] {logging_mixin.py:188} INFO - [2025-12-29T13:17:52.971+0000] {dag.py:3954} INFO - Setting next_dagrun for example_python_decorator to None, run_after=None
[2025-12-29T13:17:53.018+0000] {processor.py:183} INFO - Processing /home/airflow/.local/lib/python3.12/site-packages/airflow/example_dags/example_python_decorator.py took 0.176 seconds
[2025-12-29T13:18:24.075+0000] {processor.py:161} INFO - Started process (PID=4576) to work on /home/airflow/.local/lib/python3.12/site-packages/airflow/example_dags/example_python_decorator.py
[2025-12-29T13:18:24.076+0000] {processor.py:830} INFO - Processing file /home/airflow/.local/lib/python3.12/site-packages/airflow/example_dags/example_python_decorator.py for tasks to queue
[2025-12-29T13:18:24.080+0000] {logging_mixin.py:188} INFO - [2025-12-29T13:18:24.079+0000] {dagbag.py:545} INFO - Filling up the DagBag from /home/airflow/.local/lib/python3.12/site-packages/airflow/example_dags/example_python_decorator.py
[2025-12-29T13:18:24.106+0000] {processor.py:840} INFO - DAG(s) 'example_python_decorator' retrieved from /home/airflow/.local/lib/python3.12/site-packages/airflow/example_dags/example_python_decorator.py
[2025-12-29T13:18:24.164+0000] {logging_mixin.py:188} INFO - [2025-12-29T13:18:24.164+0000] {dag.py:3096} INFO - Sync 1 DAGs
[2025-12-29T13:18:24.203+0000] {logging_mixin.py:188} INFO - [2025-12-29T13:18:24.202+0000] {dag.py:3954} INFO - Setting next_dagrun for example_python_decorator to None, run_after=None
[2025-12-29T13:18:24.255+0000] {processor.py:183} INFO - Processing /home/airflow/.local/lib/python3.12/site-packages/airflow/example_dags/example_python_decorator.py took 0.193 seconds
[2025-12-29T13:18:54.565+0000] {processor.py:161} INFO - Started process (PID=4837) to work on /home/airflow/.local/lib/python3.12/site-packages/airflow/example_dags/example_python_decorator.py
[2025-12-29T13:18:54.567+0000] {processor.py:830} INFO - Processing file /home/airflow/.local/lib/python3.12/site-packages/airflow/example_dags/example_python_decorator.py for tasks to queue
[2025-12-29T13:18:54.570+0000] {logging_mixin.py:188} INFO - [2025-12-29T13:18:54.570+0000] {dagbag.py:545} INFO - Filling up the DagBag from /home/airflow/.local/lib/python3.12/site-packages/airflow/example_dags/example_python_decorator.py
[2025-12-29T13:18:54.598+0000] {processor.py:840} INFO - DAG(s) 'example_python_decorator' retrieved from /home/airflow/.local/lib/python3.12/site-packages/airflow/example_dags/example_python_decorator.py
[2025-12-29T13:18:54.674+0000] {logging_mixin.py:188} INFO - [2025-12-29T13:18:54.673+0000] {dag.py:3096} INFO - Sync 1 DAGs
[2025-12-29T13:18:54.713+0000] {logging_mixin.py:188} INFO - [2025-12-29T13:18:54.712+0000] {dag.py:3954} INFO - Setting next_dagrun for example_python_decorator to None, run_after=None
[2025-12-29T13:18:54.756+0000] {processor.py:183} INFO - Processing /home/airflow/.local/lib/python3.12/site-packages/airflow/example_dags/example_python_decorator.py took 0.202 seconds
[2025-12-29T13:19:25.403+0000] {processor.py:161} INFO - Started process (PID=5098) to work on /home/airflow/.local/lib/python3.12/site-packages/airflow/example_dags/example_python_decorator.py
[2025-12-29T13:19:25.405+0000] {processor.py:830} INFO - Processing file /home/airflow/.local/lib/python3.12/site-packages/airflow/example_dags/example_python_decorator.py for tasks to queue
[2025-12-29T13:19:25.410+0000] {logging_mixin.py:188} INFO - [2025-12-29T13:19:25.409+0000] {dagbag.py:545} INFO - Filling up the DagBag from /home/airflow/.local/lib/python3.12/site-packages/airflow/example_dags/example_python_decorator.py
[2025-12-29T13:19:25.440+0000] {processor.py:840} INFO - DAG(s) 'example_python_decorator' retrieved from /home/airflow/.local/lib/python3.12/site-packages/airflow/example_dags/example_python_decorator.py
[2025-12-29T13:19:25.496+0000] {logging_mixin.py:188} INFO - [2025-12-29T13:19:25.496+0000] {dag.py:3096} INFO - Sync 1 DAGs
[2025-12-29T13:19:25.526+0000] {logging_mixin.py:188} INFO - [2025-12-29T13:19:25.526+0000] {dag.py:3954} INFO - Setting next_dagrun for example_python_decorator to None, run_after=None
[2025-12-29T13:19:25.576+0000] {processor.py:183} INFO - Processing /home/airflow/.local/lib/python3.12/site-packages/airflow/example_dags/example_python_decorator.py took 0.185 seconds
[2025-12-29T13:19:56.434+0000] {processor.py:161} INFO - Started process (PID=5356) to work on /home/airflow/.local/lib/python3.12/site-packages/airflow/example_dags/example_python_decorator.py
[2025-12-29T13:19:56.436+0000] {processor.py:830} INFO - Processing file /home/airflow/.local/lib/python3.12/site-packages/airflow/example_dags/example_python_decorator.py for tasks to queue
[2025-12-29T13:19:56.440+0000] {logging_mixin.py:188} INFO - [2025-12-29T13:19:56.439+0000] {dagbag.py:545} INFO - Filling up the DagBag from /home/airflow/.local/lib/python3.12/site-packages/airflow/example_dags/example_python_decorator.py
[2025-12-29T13:19:56.467+0000] {processor.py:840} INFO - DAG(s) 'example_python_decorator' retrieved from /home/airflow/.local/lib/python3.12/site-packages/airflow/example_dags/example_python_decorator.py
[2025-12-29T13:19:56.520+0000] {logging_mixin.py:188} INFO - [2025-12-29T13:19:56.520+0000] {dag.py:3096} INFO - Sync 1 DAGs
[2025-12-29T13:19:56.549+0000] {logging_mixin.py:188} INFO - [2025-12-29T13:19:56.549+0000] {dag.py:3954} INFO - Setting next_dagrun for example_python_decorator to None, run_after=None
[2025-12-29T13:19:56.595+0000] {processor.py:183} INFO - Processing /home/airflow/.local/lib/python3.12/site-packages/airflow/example_dags/example_python_decorator.py took 0.174 seconds
[2025-12-29T13:20:26.875+0000] {processor.py:161} INFO - Started process (PID=5620) to work on /home/airflow/.local/lib/python3.12/site-packages/airflow/example_dags/example_python_decorator.py
[2025-12-29T13:20:26.877+0000] {processor.py:830} INFO - Processing file /home/airflow/.local/lib/python3.12/site-packages/airflow/example_dags/example_python_decorator.py for tasks to queue
[2025-12-29T13:20:26.881+0000] {logging_mixin.py:188} INFO - [2025-12-29T13:20:26.881+0000] {dagbag.py:545} INFO - Filling up the DagBag from /home/airflow/.local/lib/python3.12/site-packages/airflow/example_dags/example_python_decorator.py
[2025-12-29T13:20:26.907+0000] {processor.py:840} INFO - DAG(s) 'example_python_decorator' retrieved from /home/airflow/.local/lib/python3.12/site-packages/airflow/example_dags/example_python_decorator.py
[2025-12-29T13:20:26.963+0000] {logging_mixin.py:188} INFO - [2025-12-29T13:20:26.962+0000] {dag.py:3096} INFO - Sync 1 DAGs
[2025-12-29T13:20:26.991+0000] {logging_mixin.py:188} INFO - [2025-12-29T13:20:26.990+0000] {dag.py:3954} INFO - Setting next_dagrun for example_python_decorator to None, run_after=None
[2025-12-29T13:20:27.033+0000] {processor.py:183} INFO - Processing /home/airflow/.local/lib/python3.12/site-packages/airflow/example_dags/example_python_decorator.py took 0.169 seconds
[2025-12-29T13:20:57.176+0000] {processor.py:161} INFO - Started process (PID=5878) to work on /home/airflow/.local/lib/python3.12/site-packages/airflow/example_dags/example_python_decorator.py
[2025-12-29T13:20:57.178+0000] {processor.py:830} INFO - Processing file /home/airflow/.local/lib/python3.12/site-packages/airflow/example_dags/example_python_decorator.py for tasks to queue
[2025-12-29T13:20:57.182+0000] {logging_mixin.py:188} INFO - [2025-12-29T13:20:57.181+0000] {dagbag.py:545} INFO - Filling up the DagBag from /home/airflow/.local/lib/python3.12/site-packages/airflow/example_dags/example_python_decorator.py
[2025-12-29T13:20:57.209+0000] {processor.py:840} INFO - DAG(s) 'example_python_decorator' retrieved from /home/airflow/.local/lib/python3.12/site-packages/airflow/example_dags/example_python_decorator.py
[2025-12-29T13:20:57.262+0000] {logging_mixin.py:188} INFO - [2025-12-29T13:20:57.261+0000] {dag.py:3096} INFO - Sync 1 DAGs
[2025-12-29T13:20:57.305+0000] {logging_mixin.py:188} INFO - [2025-12-29T13:20:57.304+0000] {dag.py:3954} INFO - Setting next_dagrun for example_python_decorator to None, run_after=None
[2025-12-29T13:20:57.350+0000] {processor.py:183} INFO - Processing /home/airflow/.local/lib/python3.12/site-packages/airflow/example_dags/example_python_decorator.py took 0.186 seconds
[2025-12-29T13:21:27.611+0000] {processor.py:161} INFO - Started process (PID=6142) to work on /home/airflow/.local/lib/python3.12/site-packages/airflow/example_dags/example_python_decorator.py
[2025-12-29T13:21:27.613+0000] {processor.py:830} INFO - Processing file /home/airflow/.local/lib/python3.12/site-packages/airflow/example_dags/example_python_decorator.py for tasks to queue
[2025-12-29T13:21:27.617+0000] {logging_mixin.py:188} INFO - [2025-12-29T13:21:27.617+0000] {dagbag.py:545} INFO - Filling up the DagBag from /home/airflow/.local/lib/python3.12/site-packages/airflow/example_dags/example_python_decorator.py
[2025-12-29T13:21:27.646+0000] {processor.py:840} INFO - DAG(s) 'example_python_decorator' retrieved from /home/airflow/.local/lib/python3.12/site-packages/airflow/example_dags/example_python_decorator.py
[2025-12-29T13:21:27.703+0000] {logging_mixin.py:188} INFO - [2025-12-29T13:21:27.702+0000] {dag.py:3096} INFO - Sync 1 DAGs
[2025-12-29T13:21:27.732+0000] {logging_mixin.py:188} INFO - [2025-12-29T13:21:27.732+0000] {dag.py:3954} INFO - Setting next_dagrun for example_python_decorator to None, run_after=None
[2025-12-29T13:21:27.774+0000] {processor.py:183} INFO - Processing /home/airflow/.local/lib/python3.12/site-packages/airflow/example_dags/example_python_decorator.py took 0.185 seconds
[2025-12-29T13:21:58.307+0000] {processor.py:161} INFO - Started process (PID=6400) to work on /home/airflow/.local/lib/python3.12/site-packages/airflow/example_dags/example_python_decorator.py
[2025-12-29T13:21:58.309+0000] {processor.py:830} INFO - Processing file /home/airflow/.local/lib/python3.12/site-packages/airflow/example_dags/example_python_decorator.py for tasks to queue
[2025-12-29T13:21:58.312+0000] {logging_mixin.py:188} INFO - [2025-12-29T13:21:58.312+0000] {dagbag.py:545} INFO - Filling up the DagBag from /home/airflow/.local/lib/python3.12/site-packages/airflow/example_dags/example_python_decorator.py
[2025-12-29T13:21:58.340+0000] {processor.py:840} INFO - DAG(s) 'example_python_decorator' retrieved from /home/airflow/.local/lib/python3.12/site-packages/airflow/example_dags/example_python_decorator.py
[2025-12-29T13:21:58.395+0000] {logging_mixin.py:188} INFO - [2025-12-29T13:21:58.394+0000] {dag.py:3096} INFO - Sync 1 DAGs
[2025-12-29T13:21:58.423+0000] {logging_mixin.py:188} INFO - [2025-12-29T13:21:58.422+0000] {dag.py:3954} INFO - Setting next_dagrun for example_python_decorator to None, run_after=None
[2025-12-29T13:21:58.467+0000] {processor.py:183} INFO - Processing /home/airflow/.local/lib/python3.12/site-packages/airflow/example_dags/example_python_decorator.py took 0.172 seconds
[2025-12-29T13:22:29.261+0000] {processor.py:161} INFO - Started process (PID=6664) to work on /home/airflow/.local/lib/python3.12/site-packages/airflow/example_dags/example_python_decorator.py
[2025-12-29T13:22:29.263+0000] {processor.py:830} INFO - Processing file /home/airflow/.local/lib/python3.12/site-packages/airflow/example_dags/example_python_decorator.py for tasks to queue
[2025-12-29T13:22:29.266+0000] {logging_mixin.py:188} INFO - [2025-12-29T13:22:29.266+0000] {dagbag.py:545} INFO - Filling up the DagBag from /home/airflow/.local/lib/python3.12/site-packages/airflow/example_dags/example_python_decorator.py
[2025-12-29T13:22:29.295+0000] {processor.py:840} INFO - DAG(s) 'example_python_decorator' retrieved from /home/airflow/.local/lib/python3.12/site-packages/airflow/example_dags/example_python_decorator.py
[2025-12-29T13:22:29.347+0000] {logging_mixin.py:188} INFO - [2025-12-29T13:22:29.346+0000] {dag.py:3096} INFO - Sync 1 DAGs
[2025-12-29T13:22:29.375+0000] {logging_mixin.py:188} INFO - [2025-12-29T13:22:29.375+0000] {dag.py:3954} INFO - Setting next_dagrun for example_python_decorator to None, run_after=None
[2025-12-29T13:22:29.419+0000] {processor.py:183} INFO - Processing /home/airflow/.local/lib/python3.12/site-packages/airflow/example_dags/example_python_decorator.py took 0.170 seconds
[2025-12-29T13:22:59.719+0000] {processor.py:161} INFO - Started process (PID=6925) to work on /home/airflow/.local/lib/python3.12/site-packages/airflow/example_dags/example_python_decorator.py
[2025-12-29T13:22:59.721+0000] {processor.py:830} INFO - Processing file /home/airflow/.local/lib/python3.12/site-packages/airflow/example_dags/example_python_decorator.py for tasks to queue
[2025-12-29T13:22:59.724+0000] {logging_mixin.py:188} INFO - [2025-12-29T13:22:59.723+0000] {dagbag.py:545} INFO - Filling up the DagBag from /home/airflow/.local/lib/python3.12/site-packages/airflow/example_dags/example_python_decorator.py
[2025-12-29T13:22:59.749+0000] {processor.py:840} INFO - DAG(s) 'example_python_decorator' retrieved from /home/airflow/.local/lib/python3.12/site-packages/airflow/example_dags/example_python_decorator.py
[2025-12-29T13:22:59.801+0000] {logging_mixin.py:188} INFO - [2025-12-29T13:22:59.800+0000] {dag.py:3096} INFO - Sync 1 DAGs
[2025-12-29T13:22:59.827+0000] {logging_mixin.py:188} INFO - [2025-12-29T13:22:59.827+0000] {dag.py:3954} INFO - Setting next_dagrun for example_python_decorator to None, run_after=None
[2025-12-29T13:22:59.870+0000] {processor.py:183} INFO - Processing /home/airflow/.local/lib/python3.12/site-packages/airflow/example_dags/example_python_decorator.py took 0.162 seconds
[2025-12-29T13:23:30.530+0000] {processor.py:161} INFO - Started process (PID=7186) to work on /home/airflow/.local/lib/python3.12/site-packages/airflow/example_dags/example_python_decorator.py
[2025-12-29T13:23:30.532+0000] {processor.py:830} INFO - Processing file /home/airflow/.local/lib/python3.12/site-packages/airflow/example_dags/example_python_decorator.py for tasks to queue
[2025-12-29T13:23:30.536+0000] {logging_mixin.py:188} INFO - [2025-12-29T13:23:30.535+0000] {dagbag.py:545} INFO - Filling up the DagBag from /home/airflow/.local/lib/python3.12/site-packages/airflow/example_dags/example_python_decorator.py
[2025-12-29T13:23:30.567+0000] {processor.py:840} INFO - DAG(s) 'example_python_decorator' retrieved from /home/airflow/.local/lib/python3.12/site-packages/airflow/example_dags/example_python_decorator.py
[2025-12-29T13:23:30.621+0000] {logging_mixin.py:188} INFO - [2025-12-29T13:23:30.621+0000] {dag.py:3096} INFO - Sync 1 DAGs
[2025-12-29T13:23:30.649+0000] {logging_mixin.py:188} INFO - [2025-12-29T13:23:30.648+0000] {dag.py:3954} INFO - Setting next_dagrun for example_python_decorator to None, run_after=None
[2025-12-29T13:23:30.691+0000] {processor.py:183} INFO - Processing /home/airflow/.local/lib/python3.12/site-packages/airflow/example_dags/example_python_decorator.py took 0.178 seconds
[2025-12-29T13:24:01.506+0000] {processor.py:161} INFO - Started process (PID=7447) to work on /home/airflow/.local/lib/python3.12/site-packages/airflow/example_dags/example_python_decorator.py
[2025-12-29T13:24:01.508+0000] {processor.py:830} INFO - Processing file /home/airflow/.local/lib/python3.12/site-packages/airflow/example_dags/example_python_decorator.py for tasks to queue
[2025-12-29T13:24:01.512+0000] {logging_mixin.py:188} INFO - [2025-12-29T13:24:01.511+0000] {dagbag.py:545} INFO - Filling up the DagBag from /home/airflow/.local/lib/python3.12/site-packages/airflow/example_dags/example_python_decorator.py
[2025-12-29T13:24:01.539+0000] {processor.py:840} INFO - DAG(s) 'example_python_decorator' retrieved from /home/airflow/.local/lib/python3.12/site-packages/airflow/example_dags/example_python_decorator.py
[2025-12-29T13:24:01.596+0000] {logging_mixin.py:188} INFO - [2025-12-29T13:24:01.596+0000] {dag.py:3096} INFO - Sync 1 DAGs
[2025-12-29T13:24:01.625+0000] {logging_mixin.py:188} INFO - [2025-12-29T13:24:01.624+0000] {dag.py:3954} INFO - Setting next_dagrun for example_python_decorator to None, run_after=None
[2025-12-29T13:24:01.672+0000] {processor.py:183} INFO - Processing /home/airflow/.local/lib/python3.12/site-packages/airflow/example_dags/example_python_decorator.py took 0.178 seconds
[2025-12-29T13:24:32.279+0000] {processor.py:161} INFO - Started process (PID=7703) to work on /home/airflow/.local/lib/python3.12/site-packages/airflow/example_dags/example_python_decorator.py
[2025-12-29T13:24:32.280+0000] {processor.py:830} INFO - Processing file /home/airflow/.local/lib/python3.12/site-packages/airflow/example_dags/example_python_decorator.py for tasks to queue
[2025-12-29T13:24:32.284+0000] {logging_mixin.py:188} INFO - [2025-12-29T13:24:32.283+0000] {dagbag.py:545} INFO - Filling up the DagBag from /home/airflow/.local/lib/python3.12/site-packages/airflow/example_dags/example_python_decorator.py
[2025-12-29T13:24:32.312+0000] {processor.py:840} INFO - DAG(s) 'example_python_decorator' retrieved from /home/airflow/.local/lib/python3.12/site-packages/airflow/example_dags/example_python_decorator.py
[2025-12-29T13:24:32.369+0000] {logging_mixin.py:188} INFO - [2025-12-29T13:24:32.368+0000] {dag.py:3096} INFO - Sync 1 DAGs
[2025-12-29T13:24:32.395+0000] {logging_mixin.py:188} INFO - [2025-12-29T13:24:32.395+0000] {dag.py:3954} INFO - Setting next_dagrun for example_python_decorator to None, run_after=None
[2025-12-29T13:24:32.441+0000] {processor.py:183} INFO - Processing /home/airflow/.local/lib/python3.12/site-packages/airflow/example_dags/example_python_decorator.py took 0.177 seconds
[2025-12-29T13:25:02.783+0000] {processor.py:161} INFO - Started process (PID=7964) to work on /home/airflow/.local/lib/python3.12/site-packages/airflow/example_dags/example_python_decorator.py
[2025-12-29T13:25:02.785+0000] {processor.py:830} INFO - Processing file /home/airflow/.local/lib/python3.12/site-packages/airflow/example_dags/example_python_decorator.py for tasks to queue
[2025-12-29T13:25:02.789+0000] {logging_mixin.py:188} INFO - [2025-12-29T13:25:02.788+0000] {dagbag.py:545} INFO - Filling up the DagBag from /home/airflow/.local/lib/python3.12/site-packages/airflow/example_dags/example_python_decorator.py
[2025-12-29T13:25:02.816+0000] {processor.py:840} INFO - DAG(s) 'example_python_decorator' retrieved from /home/airflow/.local/lib/python3.12/site-packages/airflow/example_dags/example_python_decorator.py
[2025-12-29T13:25:02.870+0000] {logging_mixin.py:188} INFO - [2025-12-29T13:25:02.869+0000] {dag.py:3096} INFO - Sync 1 DAGs
[2025-12-29T13:25:02.897+0000] {logging_mixin.py:188} INFO - [2025-12-29T13:25:02.896+0000] {dag.py:3954} INFO - Setting next_dagrun for example_python_decorator to None, run_after=None
[2025-12-29T13:25:02.936+0000] {processor.py:183} INFO - Processing /home/airflow/.local/lib/python3.12/site-packages/airflow/example_dags/example_python_decorator.py took 0.164 seconds
[2025-12-29T13:25:33.133+0000] {processor.py:161} INFO - Started process (PID=8225) to work on /home/airflow/.local/lib/python3.12/site-packages/airflow/example_dags/example_python_decorator.py
[2025-12-29T13:25:33.135+0000] {processor.py:830} INFO - Processing file /home/airflow/.local/lib/python3.12/site-packages/airflow/example_dags/example_python_decorator.py for tasks to queue
[2025-12-29T13:25:33.139+0000] {logging_mixin.py:188} INFO - [2025-12-29T13:25:33.138+0000] {dagbag.py:545} INFO - Filling up the DagBag from /home/airflow/.local/lib/python3.12/site-packages/airflow/example_dags/example_python_decorator.py
[2025-12-29T13:25:33.164+0000] {processor.py:840} INFO - DAG(s) 'example_python_decorator' retrieved from /home/airflow/.local/lib/python3.12/site-packages/airflow/example_dags/example_python_decorator.py
[2025-12-29T13:25:33.215+0000] {logging_mixin.py:188} INFO - [2025-12-29T13:25:33.214+0000] {dag.py:3096} INFO - Sync 1 DAGs
[2025-12-29T13:25:33.240+0000] {logging_mixin.py:188} INFO - [2025-12-29T13:25:33.239+0000] {dag.py:3954} INFO - Setting next_dagrun for example_python_decorator to None, run_after=None
[2025-12-29T13:25:33.279+0000] {processor.py:183} INFO - Processing /home/airflow/.local/lib/python3.12/site-packages/airflow/example_dags/example_python_decorator.py took 0.155 seconds
[2025-12-29T13:26:03.961+0000] {processor.py:161} INFO - Started process (PID=8488) to work on /home/airflow/.local/lib/python3.12/site-packages/airflow/example_dags/example_python_decorator.py
[2025-12-29T13:26:03.964+0000] {processor.py:830} INFO - Processing file /home/airflow/.local/lib/python3.12/site-packages/airflow/example_dags/example_python_decorator.py for tasks to queue
[2025-12-29T13:26:03.967+0000] {logging_mixin.py:188} INFO - [2025-12-29T13:26:03.967+0000] {dagbag.py:545} INFO - Filling up the DagBag from /home/airflow/.local/lib/python3.12/site-packages/airflow/example_dags/example_python_decorator.py
[2025-12-29T13:26:03.997+0000] {processor.py:840} INFO - DAG(s) 'example_python_decorator' retrieved from /home/airflow/.local/lib/python3.12/site-packages/airflow/example_dags/example_python_decorator.py
[2025-12-29T13:26:04.059+0000] {logging_mixin.py:188} INFO - [2025-12-29T13:26:04.058+0000] {dag.py:3096} INFO - Sync 1 DAGs
[2025-12-29T13:26:04.094+0000] {logging_mixin.py:188} INFO - [2025-12-29T13:26:04.093+0000] {dag.py:3954} INFO - Setting next_dagrun for example_python_decorator to None, run_after=None
[2025-12-29T13:26:04.140+0000] {processor.py:183} INFO - Processing /home/airflow/.local/lib/python3.12/site-packages/airflow/example_dags/example_python_decorator.py took 0.193 seconds
[2025-12-29T13:26:34.686+0000] {processor.py:161} INFO - Started process (PID=8749) to work on /home/airflow/.local/lib/python3.12/site-packages/airflow/example_dags/example_python_decorator.py
[2025-12-29T13:26:34.688+0000] {processor.py:830} INFO - Processing file /home/airflow/.local/lib/python3.12/site-packages/airflow/example_dags/example_python_decorator.py for tasks to queue
[2025-12-29T13:26:34.692+0000] {logging_mixin.py:188} INFO - [2025-12-29T13:26:34.692+0000] {dagbag.py:545} INFO - Filling up the DagBag from /home/airflow/.local/lib/python3.12/site-packages/airflow/example_dags/example_python_decorator.py
[2025-12-29T13:26:34.717+0000] {processor.py:840} INFO - DAG(s) 'example_python_decorator' retrieved from /home/airflow/.local/lib/python3.12/site-packages/airflow/example_dags/example_python_decorator.py
[2025-12-29T13:26:34.767+0000] {logging_mixin.py:188} INFO - [2025-12-29T13:26:34.767+0000] {dag.py:3096} INFO - Sync 1 DAGs
[2025-12-29T13:26:34.797+0000] {logging_mixin.py:188} INFO - [2025-12-29T13:26:34.796+0000] {dag.py:3954} INFO - Setting next_dagrun for example_python_decorator to None, run_after=None
[2025-12-29T13:26:34.840+0000] {processor.py:183} INFO - Processing /home/airflow/.local/lib/python3.12/site-packages/airflow/example_dags/example_python_decorator.py took 0.165 seconds
[2025-12-29T13:27:05.248+0000] {processor.py:161} INFO - Started process (PID=9010) to work on /home/airflow/.local/lib/python3.12/site-packages/airflow/example_dags/example_python_decorator.py
[2025-12-29T13:27:05.250+0000] {processor.py:830} INFO - Processing file /home/airflow/.local/lib/python3.12/site-packages/airflow/example_dags/example_python_decorator.py for tasks to queue
[2025-12-29T13:27:05.255+0000] {logging_mixin.py:188} INFO - [2025-12-29T13:27:05.254+0000] {dagbag.py:545} INFO - Filling up the DagBag from /home/airflow/.local/lib/python3.12/site-packages/airflow/example_dags/example_python_decorator.py
[2025-12-29T13:27:05.287+0000] {processor.py:840} INFO - DAG(s) 'example_python_decorator' retrieved from /home/airflow/.local/lib/python3.12/site-packages/airflow/example_dags/example_python_decorator.py
[2025-12-29T13:27:05.343+0000] {logging_mixin.py:188} INFO - [2025-12-29T13:27:05.343+0000] {dag.py:3096} INFO - Sync 1 DAGs
[2025-12-29T13:27:05.372+0000] {logging_mixin.py:188} INFO - [2025-12-29T13:27:05.371+0000] {dag.py:3954} INFO - Setting next_dagrun for example_python_decorator to None, run_after=None
[2025-12-29T13:27:05.417+0000] {processor.py:183} INFO - Processing /home/airflow/.local/lib/python3.12/site-packages/airflow/example_dags/example_python_decorator.py took 0.183 seconds
[2025-12-29T13:27:38.761+0000] {processor.py:161} INFO - Started process (PID=9319) to work on /home/airflow/.local/lib/python3.12/site-packages/airflow/example_dags/example_python_decorator.py
[2025-12-29T13:27:38.763+0000] {processor.py:830} INFO - Processing file /home/airflow/.local/lib/python3.12/site-packages/airflow/example_dags/example_python_decorator.py for tasks to queue
[2025-12-29T13:27:38.768+0000] {logging_mixin.py:188} INFO - [2025-12-29T13:27:38.767+0000] {dagbag.py:545} INFO - Filling up the DagBag from /home/airflow/.local/lib/python3.12/site-packages/airflow/example_dags/example_python_decorator.py
[2025-12-29T13:27:38.801+0000] {processor.py:840} INFO - DAG(s) 'example_python_decorator' retrieved from /home/airflow/.local/lib/python3.12/site-packages/airflow/example_dags/example_python_decorator.py
[2025-12-29T13:27:38.863+0000] {logging_mixin.py:188} INFO - [2025-12-29T13:27:38.862+0000] {dag.py:3096} INFO - Sync 1 DAGs
[2025-12-29T13:27:38.896+0000] {logging_mixin.py:188} INFO - [2025-12-29T13:27:38.896+0000] {dag.py:3954} INFO - Setting next_dagrun for example_python_decorator to None, run_after=None
[2025-12-29T13:27:38.942+0000] {processor.py:183} INFO - Processing /home/airflow/.local/lib/python3.12/site-packages/airflow/example_dags/example_python_decorator.py took 0.194 seconds
[2025-12-29T13:28:09.893+0000] {processor.py:161} INFO - Started process (PID=9623) to work on /home/airflow/.local/lib/python3.12/site-packages/airflow/example_dags/example_python_decorator.py
[2025-12-29T13:28:09.895+0000] {processor.py:830} INFO - Processing file /home/airflow/.local/lib/python3.12/site-packages/airflow/example_dags/example_python_decorator.py for tasks to queue
[2025-12-29T13:28:09.899+0000] {logging_mixin.py:188} INFO - [2025-12-29T13:28:09.898+0000] {dagbag.py:545} INFO - Filling up the DagBag from /home/airflow/.local/lib/python3.12/site-packages/airflow/example_dags/example_python_decorator.py
[2025-12-29T13:28:09.931+0000] {processor.py:840} INFO - DAG(s) 'example_python_decorator' retrieved from /home/airflow/.local/lib/python3.12/site-packages/airflow/example_dags/example_python_decorator.py
[2025-12-29T13:28:09.983+0000] {logging_mixin.py:188} INFO - [2025-12-29T13:28:09.983+0000] {dag.py:3096} INFO - Sync 1 DAGs
[2025-12-29T13:28:10.011+0000] {logging_mixin.py:188} INFO - [2025-12-29T13:28:10.011+0000] {dag.py:3954} INFO - Setting next_dagrun for example_python_decorator to None, run_after=None
[2025-12-29T13:28:10.056+0000] {processor.py:183} INFO - Processing /home/airflow/.local/lib/python3.12/site-packages/airflow/example_dags/example_python_decorator.py took 0.173 seconds
[2025-12-29T13:28:40.346+0000] {processor.py:161} INFO - Started process (PID=9884) to work on /home/airflow/.local/lib/python3.12/site-packages/airflow/example_dags/example_python_decorator.py
[2025-12-29T13:28:40.348+0000] {processor.py:830} INFO - Processing file /home/airflow/.local/lib/python3.12/site-packages/airflow/example_dags/example_python_decorator.py for tasks to queue
[2025-12-29T13:28:40.351+0000] {logging_mixin.py:188} INFO - [2025-12-29T13:28:40.351+0000] {dagbag.py:545} INFO - Filling up the DagBag from /home/airflow/.local/lib/python3.12/site-packages/airflow/example_dags/example_python_decorator.py
[2025-12-29T13:28:40.378+0000] {processor.py:840} INFO - DAG(s) 'example_python_decorator' retrieved from /home/airflow/.local/lib/python3.12/site-packages/airflow/example_dags/example_python_decorator.py
[2025-12-29T13:28:40.434+0000] {logging_mixin.py:188} INFO - [2025-12-29T13:28:40.434+0000] {dag.py:3096} INFO - Sync 1 DAGs
[2025-12-29T13:28:40.464+0000] {logging_mixin.py:188} INFO - [2025-12-29T13:28:40.464+0000] {dag.py:3954} INFO - Setting next_dagrun for example_python_decorator to None, run_after=None
[2025-12-29T13:28:40.508+0000] {processor.py:183} INFO - Processing /home/airflow/.local/lib/python3.12/site-packages/airflow/example_dags/example_python_decorator.py took 0.173 seconds
[2025-12-29T13:29:10.902+0000] {processor.py:161} INFO - Started process (PID=10145) to work on /home/airflow/.local/lib/python3.12/site-packages/airflow/example_dags/example_python_decorator.py
[2025-12-29T13:29:10.904+0000] {processor.py:830} INFO - Processing file /home/airflow/.local/lib/python3.12/site-packages/airflow/example_dags/example_python_decorator.py for tasks to queue
[2025-12-29T13:29:10.909+0000] {logging_mixin.py:188} INFO - [2025-12-29T13:29:10.908+0000] {dagbag.py:545} INFO - Filling up the DagBag from /home/airflow/.local/lib/python3.12/site-packages/airflow/example_dags/example_python_decorator.py
[2025-12-29T13:29:10.946+0000] {processor.py:840} INFO - DAG(s) 'example_python_decorator' retrieved from /home/airflow/.local/lib/python3.12/site-packages/airflow/example_dags/example_python_decorator.py
[2025-12-29T13:29:11.005+0000] {logging_mixin.py:188} INFO - [2025-12-29T13:29:11.005+0000] {dag.py:3096} INFO - Sync 1 DAGs
[2025-12-29T13:29:11.039+0000] {logging_mixin.py:188} INFO - [2025-12-29T13:29:11.038+0000] {dag.py:3954} INFO - Setting next_dagrun for example_python_decorator to None, run_after=None
[2025-12-29T13:29:11.089+0000] {processor.py:183} INFO - Processing /home/airflow/.local/lib/python3.12/site-packages/airflow/example_dags/example_python_decorator.py took 0.202 seconds
[2025-12-29T13:29:42.481+0000] {processor.py:161} INFO - Started process (PID=10412) to work on /home/airflow/.local/lib/python3.12/site-packages/airflow/example_dags/example_python_decorator.py
[2025-12-29T13:29:42.483+0000] {processor.py:830} INFO - Processing file /home/airflow/.local/lib/python3.12/site-packages/airflow/example_dags/example_python_decorator.py for tasks to queue
[2025-12-29T13:29:42.489+0000] {logging_mixin.py:188} INFO - [2025-12-29T13:29:42.487+0000] {dagbag.py:545} INFO - Filling up the DagBag from /home/airflow/.local/lib/python3.12/site-packages/airflow/example_dags/example_python_decorator.py
[2025-12-29T13:29:42.522+0000] {processor.py:840} INFO - DAG(s) 'example_python_decorator' retrieved from /home/airflow/.local/lib/python3.12/site-packages/airflow/example_dags/example_python_decorator.py
[2025-12-29T13:29:42.585+0000] {logging_mixin.py:188} INFO - [2025-12-29T13:29:42.585+0000] {dag.py:3096} INFO - Sync 1 DAGs
[2025-12-29T13:29:42.621+0000] {logging_mixin.py:188} INFO - [2025-12-29T13:29:42.621+0000] {dag.py:3954} INFO - Setting next_dagrun for example_python_decorator to None, run_after=None
[2025-12-29T13:29:42.673+0000] {processor.py:183} INFO - Processing /home/airflow/.local/lib/python3.12/site-packages/airflow/example_dags/example_python_decorator.py took 0.207 seconds
[2025-12-29T13:30:14.879+0000] {processor.py:161} INFO - Started process (PID=10715) to work on /home/airflow/.local/lib/python3.12/site-packages/airflow/example_dags/example_python_decorator.py
[2025-12-29T13:30:14.881+0000] {processor.py:830} INFO - Processing file /home/airflow/.local/lib/python3.12/site-packages/airflow/example_dags/example_python_decorator.py for tasks to queue
[2025-12-29T13:30:14.885+0000] {logging_mixin.py:188} INFO - [2025-12-29T13:30:14.885+0000] {dagbag.py:545} INFO - Filling up the DagBag from /home/airflow/.local/lib/python3.12/site-packages/airflow/example_dags/example_python_decorator.py
[2025-12-29T13:30:14.913+0000] {processor.py:840} INFO - DAG(s) 'example_python_decorator' retrieved from /home/airflow/.local/lib/python3.12/site-packages/airflow/example_dags/example_python_decorator.py
[2025-12-29T13:30:14.970+0000] {logging_mixin.py:188} INFO - [2025-12-29T13:30:14.969+0000] {dag.py:3096} INFO - Sync 1 DAGs
[2025-12-29T13:30:14.998+0000] {logging_mixin.py:188} INFO - [2025-12-29T13:30:14.997+0000] {dag.py:3954} INFO - Setting next_dagrun for example_python_decorator to None, run_after=None
[2025-12-29T13:30:15.038+0000] {processor.py:183} INFO - Processing /home/airflow/.local/lib/python3.12/site-packages/airflow/example_dags/example_python_decorator.py took 0.171 seconds
[2025-12-29T13:30:48.735+0000] {processor.py:161} INFO - Started process (PID=10978) to work on /home/airflow/.local/lib/python3.12/site-packages/airflow/example_dags/example_python_decorator.py
[2025-12-29T13:30:48.737+0000] {processor.py:830} INFO - Processing file /home/airflow/.local/lib/python3.12/site-packages/airflow/example_dags/example_python_decorator.py for tasks to queue
[2025-12-29T13:30:48.740+0000] {logging_mixin.py:188} INFO - [2025-12-29T13:30:48.739+0000] {dagbag.py:545} INFO - Filling up the DagBag from /home/airflow/.local/lib/python3.12/site-packages/airflow/example_dags/example_python_decorator.py
[2025-12-29T13:30:48.993+0000] {processor.py:840} INFO - DAG(s) 'example_python_decorator' retrieved from /home/airflow/.local/lib/python3.12/site-packages/airflow/example_dags/example_python_decorator.py
[2025-12-29T13:30:49.037+0000] {logging_mixin.py:188} INFO - [2025-12-29T13:30:49.037+0000] {dag.py:3096} INFO - Sync 1 DAGs
[2025-12-29T13:30:49.060+0000] {logging_mixin.py:188} INFO - [2025-12-29T13:30:49.060+0000] {dag.py:3954} INFO - Setting next_dagrun for example_python_decorator to None, run_after=None
[2025-12-29T13:30:49.101+0000] {processor.py:183} INFO - Processing /home/airflow/.local/lib/python3.12/site-packages/airflow/example_dags/example_python_decorator.py took 0.376 seconds
[2025-12-29T13:31:19.693+0000] {processor.py:161} INFO - Started process (PID=11239) to work on /home/airflow/.local/lib/python3.12/site-packages/airflow/example_dags/example_python_decorator.py
[2025-12-29T13:31:19.695+0000] {processor.py:830} INFO - Processing file /home/airflow/.local/lib/python3.12/site-packages/airflow/example_dags/example_python_decorator.py for tasks to queue
[2025-12-29T13:31:19.698+0000] {logging_mixin.py:188} INFO - [2025-12-29T13:31:19.698+0000] {dagbag.py:545} INFO - Filling up the DagBag from /home/airflow/.local/lib/python3.12/site-packages/airflow/example_dags/example_python_decorator.py
[2025-12-29T13:31:19.728+0000] {processor.py:840} INFO - DAG(s) 'example_python_decorator' retrieved from /home/airflow/.local/lib/python3.12/site-packages/airflow/example_dags/example_python_decorator.py
[2025-12-29T13:31:19.789+0000] {logging_mixin.py:188} INFO - [2025-12-29T13:31:19.789+0000] {dag.py:3096} INFO - Sync 1 DAGs
[2025-12-29T13:31:19.822+0000] {logging_mixin.py:188} INFO - [2025-12-29T13:31:19.821+0000] {dag.py:3954} INFO - Setting next_dagrun for example_python_decorator to None, run_after=None
[2025-12-29T13:31:19.866+0000] {processor.py:183} INFO - Processing /home/airflow/.local/lib/python3.12/site-packages/airflow/example_dags/example_python_decorator.py took 0.187 seconds
[2025-12-29T13:31:50.712+0000] {processor.py:161} INFO - Started process (PID=11517) to work on /home/airflow/.local/lib/python3.12/site-packages/airflow/example_dags/example_python_decorator.py
[2025-12-29T13:31:50.714+0000] {processor.py:830} INFO - Processing file /home/airflow/.local/lib/python3.12/site-packages/airflow/example_dags/example_python_decorator.py for tasks to queue
[2025-12-29T13:31:50.719+0000] {logging_mixin.py:188} INFO - [2025-12-29T13:31:50.718+0000] {dagbag.py:545} INFO - Filling up the DagBag from /home/airflow/.local/lib/python3.12/site-packages/airflow/example_dags/example_python_decorator.py
[2025-12-29T13:31:50.751+0000] {processor.py:840} INFO - DAG(s) 'example_python_decorator' retrieved from /home/airflow/.local/lib/python3.12/site-packages/airflow/example_dags/example_python_decorator.py
[2025-12-29T13:31:50.810+0000] {logging_mixin.py:188} INFO - [2025-12-29T13:31:50.810+0000] {dag.py:3096} INFO - Sync 1 DAGs
[2025-12-29T13:31:50.842+0000] {logging_mixin.py:188} INFO - [2025-12-29T13:31:50.842+0000] {dag.py:3954} INFO - Setting next_dagrun for example_python_decorator to None, run_after=None
[2025-12-29T13:31:50.887+0000] {processor.py:183} INFO - Processing /home/airflow/.local/lib/python3.12/site-packages/airflow/example_dags/example_python_decorator.py took 0.188 seconds
[2025-12-29T13:32:21.084+0000] {processor.py:161} INFO - Started process (PID=11846) to work on /home/airflow/.local/lib/python3.12/site-packages/airflow/example_dags/example_python_decorator.py
[2025-12-29T13:32:21.086+0000] {processor.py:830} INFO - Processing file /home/airflow/.local/lib/python3.12/site-packages/airflow/example_dags/example_python_decorator.py for tasks to queue
[2025-12-29T13:32:21.090+0000] {logging_mixin.py:188} INFO - [2025-12-29T13:32:21.089+0000] {dagbag.py:545} INFO - Filling up the DagBag from /home/airflow/.local/lib/python3.12/site-packages/airflow/example_dags/example_python_decorator.py
[2025-12-29T13:32:21.117+0000] {processor.py:840} INFO - DAG(s) 'example_python_decorator' retrieved from /home/airflow/.local/lib/python3.12/site-packages/airflow/example_dags/example_python_decorator.py
[2025-12-29T13:32:21.179+0000] {logging_mixin.py:188} INFO - [2025-12-29T13:32:21.178+0000] {dag.py:3096} INFO - Sync 1 DAGs
[2025-12-29T13:32:21.211+0000] {logging_mixin.py:188} INFO - [2025-12-29T13:32:21.210+0000] {dag.py:3954} INFO - Setting next_dagrun for example_python_decorator to None, run_after=None
[2025-12-29T13:32:21.259+0000] {processor.py:183} INFO - Processing /home/airflow/.local/lib/python3.12/site-packages/airflow/example_dags/example_python_decorator.py took 0.185 seconds
[2025-12-29T13:32:52.277+0000] {processor.py:161} INFO - Started process (PID=12109) to work on /home/airflow/.local/lib/python3.12/site-packages/airflow/example_dags/example_python_decorator.py
[2025-12-29T13:32:52.279+0000] {processor.py:830} INFO - Processing file /home/airflow/.local/lib/python3.12/site-packages/airflow/example_dags/example_python_decorator.py for tasks to queue
[2025-12-29T13:32:52.283+0000] {logging_mixin.py:188} INFO - [2025-12-29T13:32:52.282+0000] {dagbag.py:545} INFO - Filling up the DagBag from /home/airflow/.local/lib/python3.12/site-packages/airflow/example_dags/example_python_decorator.py
[2025-12-29T13:32:52.313+0000] {processor.py:840} INFO - DAG(s) 'example_python_decorator' retrieved from /home/airflow/.local/lib/python3.12/site-packages/airflow/example_dags/example_python_decorator.py
[2025-12-29T13:32:52.372+0000] {logging_mixin.py:188} INFO - [2025-12-29T13:32:52.371+0000] {dag.py:3096} INFO - Sync 1 DAGs
[2025-12-29T13:32:52.401+0000] {logging_mixin.py:188} INFO - [2025-12-29T13:32:52.401+0000] {dag.py:3954} INFO - Setting next_dagrun for example_python_decorator to None, run_after=None
[2025-12-29T13:32:52.451+0000] {processor.py:183} INFO - Processing /home/airflow/.local/lib/python3.12/site-packages/airflow/example_dags/example_python_decorator.py took 0.188 seconds
[2025-12-29T13:33:22.955+0000] {processor.py:161} INFO - Started process (PID=12370) to work on /home/airflow/.local/lib/python3.12/site-packages/airflow/example_dags/example_python_decorator.py
[2025-12-29T13:33:22.957+0000] {processor.py:830} INFO - Processing file /home/airflow/.local/lib/python3.12/site-packages/airflow/example_dags/example_python_decorator.py for tasks to queue
[2025-12-29T13:33:22.960+0000] {logging_mixin.py:188} INFO - [2025-12-29T13:33:22.960+0000] {dagbag.py:545} INFO - Filling up the DagBag from /home/airflow/.local/lib/python3.12/site-packages/airflow/example_dags/example_python_decorator.py
[2025-12-29T13:33:22.987+0000] {processor.py:840} INFO - DAG(s) 'example_python_decorator' retrieved from /home/airflow/.local/lib/python3.12/site-packages/airflow/example_dags/example_python_decorator.py
[2025-12-29T13:33:23.042+0000] {logging_mixin.py:188} INFO - [2025-12-29T13:33:23.042+0000] {dag.py:3096} INFO - Sync 1 DAGs
[2025-12-29T13:33:23.073+0000] {logging_mixin.py:188} INFO - [2025-12-29T13:33:23.072+0000] {dag.py:3954} INFO - Setting next_dagrun for example_python_decorator to None, run_after=None
[2025-12-29T13:33:23.114+0000] {processor.py:183} INFO - Processing /home/airflow/.local/lib/python3.12/site-packages/airflow/example_dags/example_python_decorator.py took 0.171 seconds
[2025-12-29T13:33:53.700+0000] {processor.py:161} INFO - Started process (PID=12634) to work on /home/airflow/.local/lib/python3.12/site-packages/airflow/example_dags/example_python_decorator.py
[2025-12-29T13:33:53.703+0000] {processor.py:830} INFO - Processing file /home/airflow/.local/lib/python3.12/site-packages/airflow/example_dags/example_python_decorator.py for tasks to queue
[2025-12-29T13:33:53.707+0000] {logging_mixin.py:188} INFO - [2025-12-29T13:33:53.707+0000] {dagbag.py:545} INFO - Filling up the DagBag from /home/airflow/.local/lib/python3.12/site-packages/airflow/example_dags/example_python_decorator.py
[2025-12-29T13:33:53.739+0000] {processor.py:840} INFO - DAG(s) 'example_python_decorator' retrieved from /home/airflow/.local/lib/python3.12/site-packages/airflow/example_dags/example_python_decorator.py
[2025-12-29T13:33:53.791+0000] {logging_mixin.py:188} INFO - [2025-12-29T13:33:53.790+0000] {dag.py:3096} INFO - Sync 1 DAGs
[2025-12-29T13:33:53.823+0000] {logging_mixin.py:188} INFO - [2025-12-29T13:33:53.823+0000] {dag.py:3954} INFO - Setting next_dagrun for example_python_decorator to None, run_after=None
[2025-12-29T13:33:53.866+0000] {processor.py:183} INFO - Processing /home/airflow/.local/lib/python3.12/site-packages/airflow/example_dags/example_python_decorator.py took 0.179 seconds
[2025-12-29T13:34:24.202+0000] {processor.py:161} INFO - Started process (PID=12931) to work on /home/airflow/.local/lib/python3.12/site-packages/airflow/example_dags/example_python_decorator.py
[2025-12-29T13:34:24.204+0000] {processor.py:830} INFO - Processing file /home/airflow/.local/lib/python3.12/site-packages/airflow/example_dags/example_python_decorator.py for tasks to queue
[2025-12-29T13:34:24.208+0000] {logging_mixin.py:188} INFO - [2025-12-29T13:34:24.207+0000] {dagbag.py:545} INFO - Filling up the DagBag from /home/airflow/.local/lib/python3.12/site-packages/airflow/example_dags/example_python_decorator.py
[2025-12-29T13:34:24.238+0000] {processor.py:840} INFO - DAG(s) 'example_python_decorator' retrieved from /home/airflow/.local/lib/python3.12/site-packages/airflow/example_dags/example_python_decorator.py
[2025-12-29T13:34:24.294+0000] {logging_mixin.py:188} INFO - [2025-12-29T13:34:24.293+0000] {dag.py:3096} INFO - Sync 1 DAGs
[2025-12-29T13:34:24.323+0000] {logging_mixin.py:188} INFO - [2025-12-29T13:34:24.323+0000] {dag.py:3954} INFO - Setting next_dagrun for example_python_decorator to None, run_after=None
[2025-12-29T13:34:24.366+0000] {processor.py:183} INFO - Processing /home/airflow/.local/lib/python3.12/site-packages/airflow/example_dags/example_python_decorator.py took 0.175 seconds
