[2025-12-29T13:10:10.453+0000] {processor.py:161} INFO - Started process (PID=350) to work on /home/airflow/.local/lib/python3.12/site-packages/airflow/example_dags/example_branch_day_of_week_operator.py
[2025-12-29T13:10:10.455+0000] {processor.py:830} INFO - Processing file /home/airflow/.local/lib/python3.12/site-packages/airflow/example_dags/example_branch_day_of_week_operator.py for tasks to queue
[2025-12-29T13:10:10.457+0000] {logging_mixin.py:188} INFO - [2025-12-29T13:10:10.457+0000] {dagbag.py:545} INFO - Filling up the DagBag from /home/airflow/.local/lib/python3.12/site-packages/airflow/example_dags/example_branch_day_of_week_operator.py
[2025-12-29T13:10:10.470+0000] {processor.py:840} INFO - DAG(s) 'example_weekday_branch_operator' retrieved from /home/airflow/.local/lib/python3.12/site-packages/airflow/example_dags/example_branch_day_of_week_operator.py
[2025-12-29T13:10:10.499+0000] {logging_mixin.py:188} INFO - [2025-12-29T13:10:10.498+0000] {dag.py:3096} INFO - Sync 1 DAGs
[2025-12-29T13:10:10.531+0000] {logging_mixin.py:188} INFO - [2025-12-29T13:10:10.531+0000] {dag.py:3954} INFO - Setting next_dagrun for example_weekday_branch_operator to 2025-12-28 00:00:00+00:00, run_after=2025-12-29 00:00:00+00:00
[2025-12-29T13:10:10.570+0000] {processor.py:183} INFO - Processing /home/airflow/.local/lib/python3.12/site-packages/airflow/example_dags/example_branch_day_of_week_operator.py took 0.125 seconds
[2025-12-29T13:10:41.558+0000] {processor.py:161} INFO - Started process (PID=611) to work on /home/airflow/.local/lib/python3.12/site-packages/airflow/example_dags/example_branch_day_of_week_operator.py
[2025-12-29T13:10:41.559+0000] {processor.py:830} INFO - Processing file /home/airflow/.local/lib/python3.12/site-packages/airflow/example_dags/example_branch_day_of_week_operator.py for tasks to queue
[2025-12-29T13:10:41.561+0000] {logging_mixin.py:188} INFO - [2025-12-29T13:10:41.561+0000] {dagbag.py:545} INFO - Filling up the DagBag from /home/airflow/.local/lib/python3.12/site-packages/airflow/example_dags/example_branch_day_of_week_operator.py
[2025-12-29T13:10:41.570+0000] {processor.py:840} INFO - DAG(s) 'example_weekday_branch_operator' retrieved from /home/airflow/.local/lib/python3.12/site-packages/airflow/example_dags/example_branch_day_of_week_operator.py
[2025-12-29T13:10:41.600+0000] {logging_mixin.py:188} INFO - [2025-12-29T13:10:41.599+0000] {dag.py:3096} INFO - Sync 1 DAGs
[2025-12-29T13:10:41.629+0000] {logging_mixin.py:188} INFO - [2025-12-29T13:10:41.628+0000] {dag.py:3954} INFO - Setting next_dagrun for example_weekday_branch_operator to 2025-12-28 00:00:00+00:00, run_after=2025-12-29 00:00:00+00:00
[2025-12-29T13:10:41.652+0000] {processor.py:183} INFO - Processing /home/airflow/.local/lib/python3.12/site-packages/airflow/example_dags/example_branch_day_of_week_operator.py took 0.100 seconds
[2025-12-29T13:11:11.888+0000] {processor.py:161} INFO - Started process (PID=872) to work on /home/airflow/.local/lib/python3.12/site-packages/airflow/example_dags/example_branch_day_of_week_operator.py
[2025-12-29T13:11:11.889+0000] {processor.py:830} INFO - Processing file /home/airflow/.local/lib/python3.12/site-packages/airflow/example_dags/example_branch_day_of_week_operator.py for tasks to queue
[2025-12-29T13:11:11.892+0000] {logging_mixin.py:188} INFO - [2025-12-29T13:11:11.891+0000] {dagbag.py:545} INFO - Filling up the DagBag from /home/airflow/.local/lib/python3.12/site-packages/airflow/example_dags/example_branch_day_of_week_operator.py
[2025-12-29T13:11:11.902+0000] {processor.py:840} INFO - DAG(s) 'example_weekday_branch_operator' retrieved from /home/airflow/.local/lib/python3.12/site-packages/airflow/example_dags/example_branch_day_of_week_operator.py
[2025-12-29T13:11:11.939+0000] {logging_mixin.py:188} INFO - [2025-12-29T13:11:11.938+0000] {dag.py:3096} INFO - Sync 1 DAGs
[2025-12-29T13:11:11.975+0000] {logging_mixin.py:188} INFO - [2025-12-29T13:11:11.975+0000] {dag.py:3954} INFO - Setting next_dagrun for example_weekday_branch_operator to 2025-12-28 00:00:00+00:00, run_after=2025-12-29 00:00:00+00:00
[2025-12-29T13:11:12.006+0000] {processor.py:183} INFO - Processing /home/airflow/.local/lib/python3.12/site-packages/airflow/example_dags/example_branch_day_of_week_operator.py took 0.127 seconds
[2025-12-29T13:11:42.641+0000] {processor.py:161} INFO - Started process (PID=1133) to work on /home/airflow/.local/lib/python3.12/site-packages/airflow/example_dags/example_branch_day_of_week_operator.py
[2025-12-29T13:11:42.643+0000] {processor.py:830} INFO - Processing file /home/airflow/.local/lib/python3.12/site-packages/airflow/example_dags/example_branch_day_of_week_operator.py for tasks to queue
[2025-12-29T13:11:42.646+0000] {logging_mixin.py:188} INFO - [2025-12-29T13:11:42.645+0000] {dagbag.py:545} INFO - Filling up the DagBag from /home/airflow/.local/lib/python3.12/site-packages/airflow/example_dags/example_branch_day_of_week_operator.py
[2025-12-29T13:11:42.657+0000] {processor.py:840} INFO - DAG(s) 'example_weekday_branch_operator' retrieved from /home/airflow/.local/lib/python3.12/site-packages/airflow/example_dags/example_branch_day_of_week_operator.py
[2025-12-29T13:11:42.696+0000] {logging_mixin.py:188} INFO - [2025-12-29T13:11:42.696+0000] {dag.py:3096} INFO - Sync 1 DAGs
[2025-12-29T13:11:42.732+0000] {logging_mixin.py:188} INFO - [2025-12-29T13:11:42.731+0000] {dag.py:3954} INFO - Setting next_dagrun for example_weekday_branch_operator to 2025-12-28 00:00:00+00:00, run_after=2025-12-29 00:00:00+00:00
[2025-12-29T13:11:42.764+0000] {processor.py:183} INFO - Processing /home/airflow/.local/lib/python3.12/site-packages/airflow/example_dags/example_branch_day_of_week_operator.py took 0.134 seconds
[2025-12-29T13:12:13.642+0000] {processor.py:161} INFO - Started process (PID=1394) to work on /home/airflow/.local/lib/python3.12/site-packages/airflow/example_dags/example_branch_day_of_week_operator.py
[2025-12-29T13:12:13.643+0000] {processor.py:830} INFO - Processing file /home/airflow/.local/lib/python3.12/site-packages/airflow/example_dags/example_branch_day_of_week_operator.py for tasks to queue
[2025-12-29T13:12:13.647+0000] {logging_mixin.py:188} INFO - [2025-12-29T13:12:13.646+0000] {dagbag.py:545} INFO - Filling up the DagBag from /home/airflow/.local/lib/python3.12/site-packages/airflow/example_dags/example_branch_day_of_week_operator.py
[2025-12-29T13:12:13.661+0000] {processor.py:840} INFO - DAG(s) 'example_weekday_branch_operator' retrieved from /home/airflow/.local/lib/python3.12/site-packages/airflow/example_dags/example_branch_day_of_week_operator.py
[2025-12-29T13:12:13.711+0000] {logging_mixin.py:188} INFO - [2025-12-29T13:12:13.710+0000] {dag.py:3096} INFO - Sync 1 DAGs
[2025-12-29T13:12:13.754+0000] {logging_mixin.py:188} INFO - [2025-12-29T13:12:13.753+0000] {dag.py:3954} INFO - Setting next_dagrun for example_weekday_branch_operator to 2025-12-28 00:00:00+00:00, run_after=2025-12-29 00:00:00+00:00
[2025-12-29T13:12:13.795+0000] {processor.py:183} INFO - Processing /home/airflow/.local/lib/python3.12/site-packages/airflow/example_dags/example_branch_day_of_week_operator.py took 0.163 seconds
[2025-12-29T13:12:43.945+0000] {processor.py:161} INFO - Started process (PID=1655) to work on /home/airflow/.local/lib/python3.12/site-packages/airflow/example_dags/example_branch_day_of_week_operator.py
[2025-12-29T13:12:43.947+0000] {processor.py:830} INFO - Processing file /home/airflow/.local/lib/python3.12/site-packages/airflow/example_dags/example_branch_day_of_week_operator.py for tasks to queue
[2025-12-29T13:12:43.949+0000] {logging_mixin.py:188} INFO - [2025-12-29T13:12:43.949+0000] {dagbag.py:545} INFO - Filling up the DagBag from /home/airflow/.local/lib/python3.12/site-packages/airflow/example_dags/example_branch_day_of_week_operator.py
[2025-12-29T13:12:43.961+0000] {processor.py:840} INFO - DAG(s) 'example_weekday_branch_operator' retrieved from /home/airflow/.local/lib/python3.12/site-packages/airflow/example_dags/example_branch_day_of_week_operator.py
[2025-12-29T13:12:44.001+0000] {logging_mixin.py:188} INFO - [2025-12-29T13:12:44.000+0000] {dag.py:3096} INFO - Sync 1 DAGs
[2025-12-29T13:12:44.043+0000] {logging_mixin.py:188} INFO - [2025-12-29T13:12:44.042+0000] {dag.py:3954} INFO - Setting next_dagrun for example_weekday_branch_operator to 2025-12-28 00:00:00+00:00, run_after=2025-12-29 00:00:00+00:00
[2025-12-29T13:12:44.076+0000] {processor.py:183} INFO - Processing /home/airflow/.local/lib/python3.12/site-packages/airflow/example_dags/example_branch_day_of_week_operator.py took 0.140 seconds
[2025-12-29T13:13:14.319+0000] {processor.py:161} INFO - Started process (PID=1916) to work on /home/airflow/.local/lib/python3.12/site-packages/airflow/example_dags/example_branch_day_of_week_operator.py
[2025-12-29T13:13:14.321+0000] {processor.py:830} INFO - Processing file /home/airflow/.local/lib/python3.12/site-packages/airflow/example_dags/example_branch_day_of_week_operator.py for tasks to queue
[2025-12-29T13:13:14.323+0000] {logging_mixin.py:188} INFO - [2025-12-29T13:13:14.322+0000] {dagbag.py:545} INFO - Filling up the DagBag from /home/airflow/.local/lib/python3.12/site-packages/airflow/example_dags/example_branch_day_of_week_operator.py
[2025-12-29T13:13:14.335+0000] {processor.py:840} INFO - DAG(s) 'example_weekday_branch_operator' retrieved from /home/airflow/.local/lib/python3.12/site-packages/airflow/example_dags/example_branch_day_of_week_operator.py
[2025-12-29T13:13:14.374+0000] {logging_mixin.py:188} INFO - [2025-12-29T13:13:14.373+0000] {dag.py:3096} INFO - Sync 1 DAGs
[2025-12-29T13:13:14.409+0000] {logging_mixin.py:188} INFO - [2025-12-29T13:13:14.409+0000] {dag.py:3954} INFO - Setting next_dagrun for example_weekday_branch_operator to 2025-12-28 00:00:00+00:00, run_after=2025-12-29 00:00:00+00:00
[2025-12-29T13:13:14.441+0000] {processor.py:183} INFO - Processing /home/airflow/.local/lib/python3.12/site-packages/airflow/example_dags/example_branch_day_of_week_operator.py took 0.129 seconds
[2025-12-29T13:13:44.707+0000] {processor.py:161} INFO - Started process (PID=2177) to work on /home/airflow/.local/lib/python3.12/site-packages/airflow/example_dags/example_branch_day_of_week_operator.py
[2025-12-29T13:13:44.708+0000] {processor.py:830} INFO - Processing file /home/airflow/.local/lib/python3.12/site-packages/airflow/example_dags/example_branch_day_of_week_operator.py for tasks to queue
[2025-12-29T13:13:44.711+0000] {logging_mixin.py:188} INFO - [2025-12-29T13:13:44.710+0000] {dagbag.py:545} INFO - Filling up the DagBag from /home/airflow/.local/lib/python3.12/site-packages/airflow/example_dags/example_branch_day_of_week_operator.py
[2025-12-29T13:13:44.721+0000] {processor.py:840} INFO - DAG(s) 'example_weekday_branch_operator' retrieved from /home/airflow/.local/lib/python3.12/site-packages/airflow/example_dags/example_branch_day_of_week_operator.py
[2025-12-29T13:13:44.759+0000] {logging_mixin.py:188} INFO - [2025-12-29T13:13:44.758+0000] {dag.py:3096} INFO - Sync 1 DAGs
[2025-12-29T13:13:44.793+0000] {logging_mixin.py:188} INFO - [2025-12-29T13:13:44.793+0000] {dag.py:3954} INFO - Setting next_dagrun for example_weekday_branch_operator to 2025-12-28 00:00:00+00:00, run_after=2025-12-29 00:00:00+00:00
[2025-12-29T13:13:44.823+0000] {processor.py:183} INFO - Processing /home/airflow/.local/lib/python3.12/site-packages/airflow/example_dags/example_branch_day_of_week_operator.py took 0.125 seconds
[2025-12-29T13:14:15.016+0000] {processor.py:161} INFO - Started process (PID=2438) to work on /home/airflow/.local/lib/python3.12/site-packages/airflow/example_dags/example_branch_day_of_week_operator.py
[2025-12-29T13:14:15.017+0000] {processor.py:830} INFO - Processing file /home/airflow/.local/lib/python3.12/site-packages/airflow/example_dags/example_branch_day_of_week_operator.py for tasks to queue
[2025-12-29T13:14:15.020+0000] {logging_mixin.py:188} INFO - [2025-12-29T13:14:15.019+0000] {dagbag.py:545} INFO - Filling up the DagBag from /home/airflow/.local/lib/python3.12/site-packages/airflow/example_dags/example_branch_day_of_week_operator.py
[2025-12-29T13:14:15.030+0000] {processor.py:840} INFO - DAG(s) 'example_weekday_branch_operator' retrieved from /home/airflow/.local/lib/python3.12/site-packages/airflow/example_dags/example_branch_day_of_week_operator.py
[2025-12-29T13:14:15.066+0000] {logging_mixin.py:188} INFO - [2025-12-29T13:14:15.065+0000] {dag.py:3096} INFO - Sync 1 DAGs
[2025-12-29T13:14:15.103+0000] {logging_mixin.py:188} INFO - [2025-12-29T13:14:15.103+0000] {dag.py:3954} INFO - Setting next_dagrun for example_weekday_branch_operator to 2025-12-28 00:00:00+00:00, run_after=2025-12-29 00:00:00+00:00
[2025-12-29T13:14:15.132+0000] {processor.py:183} INFO - Processing /home/airflow/.local/lib/python3.12/site-packages/airflow/example_dags/example_branch_day_of_week_operator.py took 0.124 seconds
[2025-12-29T13:14:45.336+0000] {processor.py:161} INFO - Started process (PID=2701) to work on /home/airflow/.local/lib/python3.12/site-packages/airflow/example_dags/example_branch_day_of_week_operator.py
[2025-12-29T13:14:45.337+0000] {processor.py:830} INFO - Processing file /home/airflow/.local/lib/python3.12/site-packages/airflow/example_dags/example_branch_day_of_week_operator.py for tasks to queue
[2025-12-29T13:14:45.340+0000] {logging_mixin.py:188} INFO - [2025-12-29T13:14:45.339+0000] {dagbag.py:545} INFO - Filling up the DagBag from /home/airflow/.local/lib/python3.12/site-packages/airflow/example_dags/example_branch_day_of_week_operator.py
[2025-12-29T13:14:45.350+0000] {processor.py:840} INFO - DAG(s) 'example_weekday_branch_operator' retrieved from /home/airflow/.local/lib/python3.12/site-packages/airflow/example_dags/example_branch_day_of_week_operator.py
[2025-12-29T13:14:45.385+0000] {logging_mixin.py:188} INFO - [2025-12-29T13:14:45.385+0000] {dag.py:3096} INFO - Sync 1 DAGs
[2025-12-29T13:14:45.419+0000] {logging_mixin.py:188} INFO - [2025-12-29T13:14:45.419+0000] {dag.py:3954} INFO - Setting next_dagrun for example_weekday_branch_operator to 2025-12-28 00:00:00+00:00, run_after=2025-12-29 00:00:00+00:00
[2025-12-29T13:14:45.450+0000] {processor.py:183} INFO - Processing /home/airflow/.local/lib/python3.12/site-packages/airflow/example_dags/example_branch_day_of_week_operator.py took 0.122 seconds
[2025-12-29T13:15:17.022+0000] {processor.py:161} INFO - Started process (PID=2962) to work on /home/airflow/.local/lib/python3.12/site-packages/airflow/example_dags/example_branch_day_of_week_operator.py
[2025-12-29T13:15:17.024+0000] {processor.py:830} INFO - Processing file /home/airflow/.local/lib/python3.12/site-packages/airflow/example_dags/example_branch_day_of_week_operator.py for tasks to queue
[2025-12-29T13:15:17.027+0000] {logging_mixin.py:188} INFO - [2025-12-29T13:15:17.027+0000] {dagbag.py:545} INFO - Filling up the DagBag from /home/airflow/.local/lib/python3.12/site-packages/airflow/example_dags/example_branch_day_of_week_operator.py
[2025-12-29T13:15:17.042+0000] {processor.py:840} INFO - DAG(s) 'example_weekday_branch_operator' retrieved from /home/airflow/.local/lib/python3.12/site-packages/airflow/example_dags/example_branch_day_of_week_operator.py
[2025-12-29T13:15:17.093+0000] {logging_mixin.py:188} INFO - [2025-12-29T13:15:17.093+0000] {dag.py:3096} INFO - Sync 1 DAGs
[2025-12-29T13:15:17.140+0000] {logging_mixin.py:188} INFO - [2025-12-29T13:15:17.140+0000] {dag.py:3954} INFO - Setting next_dagrun for example_weekday_branch_operator to 2025-12-28 00:00:00+00:00, run_after=2025-12-29 00:00:00+00:00
[2025-12-29T13:15:17.180+0000] {processor.py:183} INFO - Processing /home/airflow/.local/lib/python3.12/site-packages/airflow/example_dags/example_branch_day_of_week_operator.py took 0.169 seconds
[2025-12-29T13:15:47.762+0000] {processor.py:161} INFO - Started process (PID=3221) to work on /home/airflow/.local/lib/python3.12/site-packages/airflow/example_dags/example_branch_day_of_week_operator.py
[2025-12-29T13:15:47.764+0000] {processor.py:830} INFO - Processing file /home/airflow/.local/lib/python3.12/site-packages/airflow/example_dags/example_branch_day_of_week_operator.py for tasks to queue
[2025-12-29T13:15:47.767+0000] {logging_mixin.py:188} INFO - [2025-12-29T13:15:47.767+0000] {dagbag.py:545} INFO - Filling up the DagBag from /home/airflow/.local/lib/python3.12/site-packages/airflow/example_dags/example_branch_day_of_week_operator.py
[2025-12-29T13:15:47.781+0000] {processor.py:840} INFO - DAG(s) 'example_weekday_branch_operator' retrieved from /home/airflow/.local/lib/python3.12/site-packages/airflow/example_dags/example_branch_day_of_week_operator.py
[2025-12-29T13:15:47.833+0000] {logging_mixin.py:188} INFO - [2025-12-29T13:15:47.832+0000] {dag.py:3096} INFO - Sync 1 DAGs
[2025-12-29T13:15:47.889+0000] {logging_mixin.py:188} INFO - [2025-12-29T13:15:47.888+0000] {dag.py:3954} INFO - Setting next_dagrun for example_weekday_branch_operator to 2025-12-28 00:00:00+00:00, run_after=2025-12-29 00:00:00+00:00
[2025-12-29T13:15:47.931+0000] {processor.py:183} INFO - Processing /home/airflow/.local/lib/python3.12/site-packages/airflow/example_dags/example_branch_day_of_week_operator.py took 0.182 seconds
[2025-12-29T13:16:18.735+0000] {processor.py:161} INFO - Started process (PID=3482) to work on /home/airflow/.local/lib/python3.12/site-packages/airflow/example_dags/example_branch_day_of_week_operator.py
[2025-12-29T13:16:18.736+0000] {processor.py:830} INFO - Processing file /home/airflow/.local/lib/python3.12/site-packages/airflow/example_dags/example_branch_day_of_week_operator.py for tasks to queue
[2025-12-29T13:16:18.740+0000] {logging_mixin.py:188} INFO - [2025-12-29T13:16:18.739+0000] {dagbag.py:545} INFO - Filling up the DagBag from /home/airflow/.local/lib/python3.12/site-packages/airflow/example_dags/example_branch_day_of_week_operator.py
[2025-12-29T13:16:18.755+0000] {processor.py:840} INFO - DAG(s) 'example_weekday_branch_operator' retrieved from /home/airflow/.local/lib/python3.12/site-packages/airflow/example_dags/example_branch_day_of_week_operator.py
[2025-12-29T13:16:18.805+0000] {logging_mixin.py:188} INFO - [2025-12-29T13:16:18.804+0000] {dag.py:3096} INFO - Sync 1 DAGs
[2025-12-29T13:16:18.857+0000] {logging_mixin.py:188} INFO - [2025-12-29T13:16:18.856+0000] {dag.py:3954} INFO - Setting next_dagrun for example_weekday_branch_operator to 2025-12-28 00:00:00+00:00, run_after=2025-12-29 00:00:00+00:00
[2025-12-29T13:16:18.905+0000] {processor.py:183} INFO - Processing /home/airflow/.local/lib/python3.12/site-packages/airflow/example_dags/example_branch_day_of_week_operator.py took 0.183 seconds
[2025-12-29T13:16:49.389+0000] {processor.py:161} INFO - Started process (PID=3743) to work on /home/airflow/.local/lib/python3.12/site-packages/airflow/example_dags/example_branch_day_of_week_operator.py
[2025-12-29T13:16:49.392+0000] {processor.py:830} INFO - Processing file /home/airflow/.local/lib/python3.12/site-packages/airflow/example_dags/example_branch_day_of_week_operator.py for tasks to queue
[2025-12-29T13:16:49.396+0000] {logging_mixin.py:188} INFO - [2025-12-29T13:16:49.395+0000] {dagbag.py:545} INFO - Filling up the DagBag from /home/airflow/.local/lib/python3.12/site-packages/airflow/example_dags/example_branch_day_of_week_operator.py
[2025-12-29T13:16:49.414+0000] {processor.py:840} INFO - DAG(s) 'example_weekday_branch_operator' retrieved from /home/airflow/.local/lib/python3.12/site-packages/airflow/example_dags/example_branch_day_of_week_operator.py
[2025-12-29T13:16:49.463+0000] {logging_mixin.py:188} INFO - [2025-12-29T13:16:49.463+0000] {dag.py:3096} INFO - Sync 1 DAGs
[2025-12-29T13:16:49.517+0000] {logging_mixin.py:188} INFO - [2025-12-29T13:16:49.516+0000] {dag.py:3954} INFO - Setting next_dagrun for example_weekday_branch_operator to 2025-12-28 00:00:00+00:00, run_after=2025-12-29 00:00:00+00:00
[2025-12-29T13:16:49.563+0000] {processor.py:183} INFO - Processing /home/airflow/.local/lib/python3.12/site-packages/airflow/example_dags/example_branch_day_of_week_operator.py took 0.185 seconds
[2025-12-29T13:17:19.814+0000] {processor.py:161} INFO - Started process (PID=4004) to work on /home/airflow/.local/lib/python3.12/site-packages/airflow/example_dags/example_branch_day_of_week_operator.py
[2025-12-29T13:17:19.816+0000] {processor.py:830} INFO - Processing file /home/airflow/.local/lib/python3.12/site-packages/airflow/example_dags/example_branch_day_of_week_operator.py for tasks to queue
[2025-12-29T13:17:19.819+0000] {logging_mixin.py:188} INFO - [2025-12-29T13:17:19.819+0000] {dagbag.py:545} INFO - Filling up the DagBag from /home/airflow/.local/lib/python3.12/site-packages/airflow/example_dags/example_branch_day_of_week_operator.py
[2025-12-29T13:17:19.834+0000] {processor.py:840} INFO - DAG(s) 'example_weekday_branch_operator' retrieved from /home/airflow/.local/lib/python3.12/site-packages/airflow/example_dags/example_branch_day_of_week_operator.py
[2025-12-29T13:17:19.884+0000] {logging_mixin.py:188} INFO - [2025-12-29T13:17:19.884+0000] {dag.py:3096} INFO - Sync 1 DAGs
[2025-12-29T13:17:19.933+0000] {logging_mixin.py:188} INFO - [2025-12-29T13:17:19.933+0000] {dag.py:3954} INFO - Setting next_dagrun for example_weekday_branch_operator to 2025-12-28 00:00:00+00:00, run_after=2025-12-29 00:00:00+00:00
[2025-12-29T13:17:19.974+0000] {processor.py:183} INFO - Processing /home/airflow/.local/lib/python3.12/site-packages/airflow/example_dags/example_branch_day_of_week_operator.py took 0.172 seconds
[2025-12-29T13:17:51.310+0000] {processor.py:161} INFO - Started process (PID=4267) to work on /home/airflow/.local/lib/python3.12/site-packages/airflow/example_dags/example_branch_day_of_week_operator.py
[2025-12-29T13:17:51.312+0000] {processor.py:830} INFO - Processing file /home/airflow/.local/lib/python3.12/site-packages/airflow/example_dags/example_branch_day_of_week_operator.py for tasks to queue
[2025-12-29T13:17:51.317+0000] {logging_mixin.py:188} INFO - [2025-12-29T13:17:51.316+0000] {dagbag.py:545} INFO - Filling up the DagBag from /home/airflow/.local/lib/python3.12/site-packages/airflow/example_dags/example_branch_day_of_week_operator.py
[2025-12-29T13:17:51.333+0000] {processor.py:840} INFO - DAG(s) 'example_weekday_branch_operator' retrieved from /home/airflow/.local/lib/python3.12/site-packages/airflow/example_dags/example_branch_day_of_week_operator.py
[2025-12-29T13:17:51.387+0000] {logging_mixin.py:188} INFO - [2025-12-29T13:17:51.387+0000] {dag.py:3096} INFO - Sync 1 DAGs
[2025-12-29T13:17:51.448+0000] {logging_mixin.py:188} INFO - [2025-12-29T13:17:51.448+0000] {dag.py:3954} INFO - Setting next_dagrun for example_weekday_branch_operator to 2025-12-28 00:00:00+00:00, run_after=2025-12-29 00:00:00+00:00
[2025-12-29T13:17:51.494+0000] {processor.py:183} INFO - Processing /home/airflow/.local/lib/python3.12/site-packages/airflow/example_dags/example_branch_day_of_week_operator.py took 0.196 seconds
[2025-12-29T13:18:22.511+0000] {processor.py:161} INFO - Started process (PID=4528) to work on /home/airflow/.local/lib/python3.12/site-packages/airflow/example_dags/example_branch_day_of_week_operator.py
[2025-12-29T13:18:22.514+0000] {processor.py:830} INFO - Processing file /home/airflow/.local/lib/python3.12/site-packages/airflow/example_dags/example_branch_day_of_week_operator.py for tasks to queue
[2025-12-29T13:18:22.518+0000] {logging_mixin.py:188} INFO - [2025-12-29T13:18:22.517+0000] {dagbag.py:545} INFO - Filling up the DagBag from /home/airflow/.local/lib/python3.12/site-packages/airflow/example_dags/example_branch_day_of_week_operator.py
[2025-12-29T13:18:22.531+0000] {processor.py:840} INFO - DAG(s) 'example_weekday_branch_operator' retrieved from /home/airflow/.local/lib/python3.12/site-packages/airflow/example_dags/example_branch_day_of_week_operator.py
[2025-12-29T13:18:22.584+0000] {logging_mixin.py:188} INFO - [2025-12-29T13:18:22.583+0000] {dag.py:3096} INFO - Sync 1 DAGs
[2025-12-29T13:18:22.641+0000] {logging_mixin.py:188} INFO - [2025-12-29T13:18:22.641+0000] {dag.py:3954} INFO - Setting next_dagrun for example_weekday_branch_operator to 2025-12-28 00:00:00+00:00, run_after=2025-12-29 00:00:00+00:00
[2025-12-29T13:18:22.683+0000] {processor.py:183} INFO - Processing /home/airflow/.local/lib/python3.12/site-packages/airflow/example_dags/example_branch_day_of_week_operator.py took 0.181 seconds
[2025-12-29T13:18:53.282+0000] {processor.py:161} INFO - Started process (PID=4789) to work on /home/airflow/.local/lib/python3.12/site-packages/airflow/example_dags/example_branch_day_of_week_operator.py
[2025-12-29T13:18:53.284+0000] {processor.py:830} INFO - Processing file /home/airflow/.local/lib/python3.12/site-packages/airflow/example_dags/example_branch_day_of_week_operator.py for tasks to queue
[2025-12-29T13:18:53.288+0000] {logging_mixin.py:188} INFO - [2025-12-29T13:18:53.288+0000] {dagbag.py:545} INFO - Filling up the DagBag from /home/airflow/.local/lib/python3.12/site-packages/airflow/example_dags/example_branch_day_of_week_operator.py
[2025-12-29T13:18:53.305+0000] {processor.py:840} INFO - DAG(s) 'example_weekday_branch_operator' retrieved from /home/airflow/.local/lib/python3.12/site-packages/airflow/example_dags/example_branch_day_of_week_operator.py
[2025-12-29T13:18:53.360+0000] {logging_mixin.py:188} INFO - [2025-12-29T13:18:53.359+0000] {dag.py:3096} INFO - Sync 1 DAGs
[2025-12-29T13:18:53.409+0000] {logging_mixin.py:188} INFO - [2025-12-29T13:18:53.409+0000] {dag.py:3954} INFO - Setting next_dagrun for example_weekday_branch_operator to 2025-12-28 00:00:00+00:00, run_after=2025-12-29 00:00:00+00:00
[2025-12-29T13:18:53.452+0000] {processor.py:183} INFO - Processing /home/airflow/.local/lib/python3.12/site-packages/airflow/example_dags/example_branch_day_of_week_operator.py took 0.181 seconds
[2025-12-29T13:19:23.708+0000] {processor.py:161} INFO - Started process (PID=5048) to work on /home/airflow/.local/lib/python3.12/site-packages/airflow/example_dags/example_branch_day_of_week_operator.py
[2025-12-29T13:19:23.711+0000] {processor.py:830} INFO - Processing file /home/airflow/.local/lib/python3.12/site-packages/airflow/example_dags/example_branch_day_of_week_operator.py for tasks to queue
[2025-12-29T13:19:23.714+0000] {logging_mixin.py:188} INFO - [2025-12-29T13:19:23.714+0000] {dagbag.py:545} INFO - Filling up the DagBag from /home/airflow/.local/lib/python3.12/site-packages/airflow/example_dags/example_branch_day_of_week_operator.py
[2025-12-29T13:19:23.730+0000] {processor.py:840} INFO - DAG(s) 'example_weekday_branch_operator' retrieved from /home/airflow/.local/lib/python3.12/site-packages/airflow/example_dags/example_branch_day_of_week_operator.py
[2025-12-29T13:19:23.779+0000] {logging_mixin.py:188} INFO - [2025-12-29T13:19:23.779+0000] {dag.py:3096} INFO - Sync 1 DAGs
[2025-12-29T13:19:23.831+0000] {logging_mixin.py:188} INFO - [2025-12-29T13:19:23.831+0000] {dag.py:3954} INFO - Setting next_dagrun for example_weekday_branch_operator to 2025-12-28 00:00:00+00:00, run_after=2025-12-29 00:00:00+00:00
[2025-12-29T13:19:23.874+0000] {processor.py:183} INFO - Processing /home/airflow/.local/lib/python3.12/site-packages/airflow/example_dags/example_branch_day_of_week_operator.py took 0.178 seconds
[2025-12-29T13:19:54.217+0000] {processor.py:161} INFO - Started process (PID=5311) to work on /home/airflow/.local/lib/python3.12/site-packages/airflow/example_dags/example_branch_day_of_week_operator.py
[2025-12-29T13:19:54.219+0000] {processor.py:830} INFO - Processing file /home/airflow/.local/lib/python3.12/site-packages/airflow/example_dags/example_branch_day_of_week_operator.py for tasks to queue
[2025-12-29T13:19:54.223+0000] {logging_mixin.py:188} INFO - [2025-12-29T13:19:54.222+0000] {dagbag.py:545} INFO - Filling up the DagBag from /home/airflow/.local/lib/python3.12/site-packages/airflow/example_dags/example_branch_day_of_week_operator.py
[2025-12-29T13:19:54.238+0000] {processor.py:840} INFO - DAG(s) 'example_weekday_branch_operator' retrieved from /home/airflow/.local/lib/python3.12/site-packages/airflow/example_dags/example_branch_day_of_week_operator.py
[2025-12-29T13:19:54.281+0000] {logging_mixin.py:188} INFO - [2025-12-29T13:19:54.281+0000] {dag.py:3096} INFO - Sync 1 DAGs
[2025-12-29T13:19:54.327+0000] {logging_mixin.py:188} INFO - [2025-12-29T13:19:54.327+0000] {dag.py:3954} INFO - Setting next_dagrun for example_weekday_branch_operator to 2025-12-28 00:00:00+00:00, run_after=2025-12-29 00:00:00+00:00
[2025-12-29T13:19:54.367+0000] {processor.py:183} INFO - Processing /home/airflow/.local/lib/python3.12/site-packages/airflow/example_dags/example_branch_day_of_week_operator.py took 0.163 seconds
[2025-12-29T13:20:24.568+0000] {processor.py:161} INFO - Started process (PID=5570) to work on /home/airflow/.local/lib/python3.12/site-packages/airflow/example_dags/example_branch_day_of_week_operator.py
[2025-12-29T13:20:24.570+0000] {processor.py:830} INFO - Processing file /home/airflow/.local/lib/python3.12/site-packages/airflow/example_dags/example_branch_day_of_week_operator.py for tasks to queue
[2025-12-29T13:20:24.573+0000] {logging_mixin.py:188} INFO - [2025-12-29T13:20:24.573+0000] {dagbag.py:545} INFO - Filling up the DagBag from /home/airflow/.local/lib/python3.12/site-packages/airflow/example_dags/example_branch_day_of_week_operator.py
[2025-12-29T13:20:24.590+0000] {processor.py:840} INFO - DAG(s) 'example_weekday_branch_operator' retrieved from /home/airflow/.local/lib/python3.12/site-packages/airflow/example_dags/example_branch_day_of_week_operator.py
[2025-12-29T13:20:24.642+0000] {logging_mixin.py:188} INFO - [2025-12-29T13:20:24.641+0000] {dag.py:3096} INFO - Sync 1 DAGs
[2025-12-29T13:20:24.697+0000] {logging_mixin.py:188} INFO - [2025-12-29T13:20:24.696+0000] {dag.py:3954} INFO - Setting next_dagrun for example_weekday_branch_operator to 2025-12-28 00:00:00+00:00, run_after=2025-12-29 00:00:00+00:00
[2025-12-29T13:20:24.742+0000] {processor.py:183} INFO - Processing /home/airflow/.local/lib/python3.12/site-packages/airflow/example_dags/example_branch_day_of_week_operator.py took 0.186 seconds
[2025-12-29T13:20:54.916+0000] {processor.py:161} INFO - Started process (PID=5831) to work on /home/airflow/.local/lib/python3.12/site-packages/airflow/example_dags/example_branch_day_of_week_operator.py
[2025-12-29T13:20:54.917+0000] {processor.py:830} INFO - Processing file /home/airflow/.local/lib/python3.12/site-packages/airflow/example_dags/example_branch_day_of_week_operator.py for tasks to queue
[2025-12-29T13:20:54.921+0000] {logging_mixin.py:188} INFO - [2025-12-29T13:20:54.920+0000] {dagbag.py:545} INFO - Filling up the DagBag from /home/airflow/.local/lib/python3.12/site-packages/airflow/example_dags/example_branch_day_of_week_operator.py
[2025-12-29T13:20:54.938+0000] {processor.py:840} INFO - DAG(s) 'example_weekday_branch_operator' retrieved from /home/airflow/.local/lib/python3.12/site-packages/airflow/example_dags/example_branch_day_of_week_operator.py
[2025-12-29T13:20:54.985+0000] {logging_mixin.py:188} INFO - [2025-12-29T13:20:54.985+0000] {dag.py:3096} INFO - Sync 1 DAGs
[2025-12-29T13:20:55.029+0000] {logging_mixin.py:188} INFO - [2025-12-29T13:20:55.029+0000] {dag.py:3954} INFO - Setting next_dagrun for example_weekday_branch_operator to 2025-12-28 00:00:00+00:00, run_after=2025-12-29 00:00:00+00:00
[2025-12-29T13:20:55.074+0000] {processor.py:183} INFO - Processing /home/airflow/.local/lib/python3.12/site-packages/airflow/example_dags/example_branch_day_of_week_operator.py took 0.170 seconds
[2025-12-29T13:21:25.260+0000] {processor.py:161} INFO - Started process (PID=6092) to work on /home/airflow/.local/lib/python3.12/site-packages/airflow/example_dags/example_branch_day_of_week_operator.py
[2025-12-29T13:21:25.262+0000] {processor.py:830} INFO - Processing file /home/airflow/.local/lib/python3.12/site-packages/airflow/example_dags/example_branch_day_of_week_operator.py for tasks to queue
[2025-12-29T13:21:25.265+0000] {logging_mixin.py:188} INFO - [2025-12-29T13:21:25.265+0000] {dagbag.py:545} INFO - Filling up the DagBag from /home/airflow/.local/lib/python3.12/site-packages/airflow/example_dags/example_branch_day_of_week_operator.py
[2025-12-29T13:21:25.280+0000] {processor.py:840} INFO - DAG(s) 'example_weekday_branch_operator' retrieved from /home/airflow/.local/lib/python3.12/site-packages/airflow/example_dags/example_branch_day_of_week_operator.py
[2025-12-29T13:21:25.338+0000] {logging_mixin.py:188} INFO - [2025-12-29T13:21:25.337+0000] {dag.py:3096} INFO - Sync 1 DAGs
[2025-12-29T13:21:25.434+0000] {logging_mixin.py:188} INFO - [2025-12-29T13:21:25.434+0000] {dag.py:3954} INFO - Setting next_dagrun for example_weekday_branch_operator to 2025-12-28 00:00:00+00:00, run_after=2025-12-29 00:00:00+00:00
[2025-12-29T13:21:25.475+0000] {processor.py:183} INFO - Processing /home/airflow/.local/lib/python3.12/site-packages/airflow/example_dags/example_branch_day_of_week_operator.py took 0.226 seconds
[2025-12-29T13:21:55.999+0000] {processor.py:161} INFO - Started process (PID=6353) to work on /home/airflow/.local/lib/python3.12/site-packages/airflow/example_dags/example_branch_day_of_week_operator.py
[2025-12-29T13:21:56.002+0000] {processor.py:830} INFO - Processing file /home/airflow/.local/lib/python3.12/site-packages/airflow/example_dags/example_branch_day_of_week_operator.py for tasks to queue
[2025-12-29T13:21:56.008+0000] {logging_mixin.py:188} INFO - [2025-12-29T13:21:56.007+0000] {dagbag.py:545} INFO - Filling up the DagBag from /home/airflow/.local/lib/python3.12/site-packages/airflow/example_dags/example_branch_day_of_week_operator.py
[2025-12-29T13:21:56.029+0000] {processor.py:840} INFO - DAG(s) 'example_weekday_branch_operator' retrieved from /home/airflow/.local/lib/python3.12/site-packages/airflow/example_dags/example_branch_day_of_week_operator.py
[2025-12-29T13:21:56.086+0000] {logging_mixin.py:188} INFO - [2025-12-29T13:21:56.085+0000] {dag.py:3096} INFO - Sync 1 DAGs
[2025-12-29T13:21:56.144+0000] {logging_mixin.py:188} INFO - [2025-12-29T13:21:56.144+0000] {dag.py:3954} INFO - Setting next_dagrun for example_weekday_branch_operator to 2025-12-28 00:00:00+00:00, run_after=2025-12-29 00:00:00+00:00
[2025-12-29T13:21:56.187+0000] {processor.py:183} INFO - Processing /home/airflow/.local/lib/python3.12/site-packages/airflow/example_dags/example_branch_day_of_week_operator.py took 0.205 seconds
[2025-12-29T13:22:26.977+0000] {processor.py:161} INFO - Started process (PID=6616) to work on /home/airflow/.local/lib/python3.12/site-packages/airflow/example_dags/example_branch_day_of_week_operator.py
[2025-12-29T13:22:26.979+0000] {processor.py:830} INFO - Processing file /home/airflow/.local/lib/python3.12/site-packages/airflow/example_dags/example_branch_day_of_week_operator.py for tasks to queue
[2025-12-29T13:22:26.983+0000] {logging_mixin.py:188} INFO - [2025-12-29T13:22:26.982+0000] {dagbag.py:545} INFO - Filling up the DagBag from /home/airflow/.local/lib/python3.12/site-packages/airflow/example_dags/example_branch_day_of_week_operator.py
[2025-12-29T13:22:26.996+0000] {processor.py:840} INFO - DAG(s) 'example_weekday_branch_operator' retrieved from /home/airflow/.local/lib/python3.12/site-packages/airflow/example_dags/example_branch_day_of_week_operator.py
[2025-12-29T13:22:27.043+0000] {logging_mixin.py:188} INFO - [2025-12-29T13:22:27.042+0000] {dag.py:3096} INFO - Sync 1 DAGs
[2025-12-29T13:22:27.094+0000] {logging_mixin.py:188} INFO - [2025-12-29T13:22:27.094+0000] {dag.py:3954} INFO - Setting next_dagrun for example_weekday_branch_operator to 2025-12-28 00:00:00+00:00, run_after=2025-12-29 00:00:00+00:00
[2025-12-29T13:22:27.158+0000] {processor.py:183} INFO - Processing /home/airflow/.local/lib/python3.12/site-packages/airflow/example_dags/example_branch_day_of_week_operator.py took 0.191 seconds
[2025-12-29T13:22:57.497+0000] {processor.py:161} INFO - Started process (PID=6875) to work on /home/airflow/.local/lib/python3.12/site-packages/airflow/example_dags/example_branch_day_of_week_operator.py
[2025-12-29T13:22:57.499+0000] {processor.py:830} INFO - Processing file /home/airflow/.local/lib/python3.12/site-packages/airflow/example_dags/example_branch_day_of_week_operator.py for tasks to queue
[2025-12-29T13:22:57.503+0000] {logging_mixin.py:188} INFO - [2025-12-29T13:22:57.502+0000] {dagbag.py:545} INFO - Filling up the DagBag from /home/airflow/.local/lib/python3.12/site-packages/airflow/example_dags/example_branch_day_of_week_operator.py
[2025-12-29T13:22:57.521+0000] {processor.py:840} INFO - DAG(s) 'example_weekday_branch_operator' retrieved from /home/airflow/.local/lib/python3.12/site-packages/airflow/example_dags/example_branch_day_of_week_operator.py
[2025-12-29T13:22:57.570+0000] {logging_mixin.py:188} INFO - [2025-12-29T13:22:57.569+0000] {dag.py:3096} INFO - Sync 1 DAGs
[2025-12-29T13:22:57.620+0000] {logging_mixin.py:188} INFO - [2025-12-29T13:22:57.620+0000] {dag.py:3954} INFO - Setting next_dagrun for example_weekday_branch_operator to 2025-12-28 00:00:00+00:00, run_after=2025-12-29 00:00:00+00:00
[2025-12-29T13:22:57.659+0000] {processor.py:183} INFO - Processing /home/airflow/.local/lib/python3.12/site-packages/airflow/example_dags/example_branch_day_of_week_operator.py took 0.175 seconds
[2025-12-29T13:23:28.297+0000] {processor.py:161} INFO - Started process (PID=7136) to work on /home/airflow/.local/lib/python3.12/site-packages/airflow/example_dags/example_branch_day_of_week_operator.py
[2025-12-29T13:23:28.298+0000] {processor.py:830} INFO - Processing file /home/airflow/.local/lib/python3.12/site-packages/airflow/example_dags/example_branch_day_of_week_operator.py for tasks to queue
[2025-12-29T13:23:28.302+0000] {logging_mixin.py:188} INFO - [2025-12-29T13:23:28.301+0000] {dagbag.py:545} INFO - Filling up the DagBag from /home/airflow/.local/lib/python3.12/site-packages/airflow/example_dags/example_branch_day_of_week_operator.py
[2025-12-29T13:23:28.319+0000] {processor.py:840} INFO - DAG(s) 'example_weekday_branch_operator' retrieved from /home/airflow/.local/lib/python3.12/site-packages/airflow/example_dags/example_branch_day_of_week_operator.py
[2025-12-29T13:23:28.370+0000] {logging_mixin.py:188} INFO - [2025-12-29T13:23:28.370+0000] {dag.py:3096} INFO - Sync 1 DAGs
[2025-12-29T13:23:28.421+0000] {logging_mixin.py:188} INFO - [2025-12-29T13:23:28.421+0000] {dag.py:3954} INFO - Setting next_dagrun for example_weekday_branch_operator to 2025-12-28 00:00:00+00:00, run_after=2025-12-29 00:00:00+00:00
[2025-12-29T13:23:28.464+0000] {processor.py:183} INFO - Processing /home/airflow/.local/lib/python3.12/site-packages/airflow/example_dags/example_branch_day_of_week_operator.py took 0.180 seconds
[2025-12-29T13:23:59.250+0000] {processor.py:161} INFO - Started process (PID=7397) to work on /home/airflow/.local/lib/python3.12/site-packages/airflow/example_dags/example_branch_day_of_week_operator.py
[2025-12-29T13:23:59.252+0000] {processor.py:830} INFO - Processing file /home/airflow/.local/lib/python3.12/site-packages/airflow/example_dags/example_branch_day_of_week_operator.py for tasks to queue
[2025-12-29T13:23:59.256+0000] {logging_mixin.py:188} INFO - [2025-12-29T13:23:59.255+0000] {dagbag.py:545} INFO - Filling up the DagBag from /home/airflow/.local/lib/python3.12/site-packages/airflow/example_dags/example_branch_day_of_week_operator.py
[2025-12-29T13:23:59.271+0000] {processor.py:840} INFO - DAG(s) 'example_weekday_branch_operator' retrieved from /home/airflow/.local/lib/python3.12/site-packages/airflow/example_dags/example_branch_day_of_week_operator.py
[2025-12-29T13:23:59.321+0000] {logging_mixin.py:188} INFO - [2025-12-29T13:23:59.320+0000] {dag.py:3096} INFO - Sync 1 DAGs
[2025-12-29T13:23:59.372+0000] {logging_mixin.py:188} INFO - [2025-12-29T13:23:59.371+0000] {dag.py:3954} INFO - Setting next_dagrun for example_weekday_branch_operator to 2025-12-28 00:00:00+00:00, run_after=2025-12-29 00:00:00+00:00
[2025-12-29T13:23:59.413+0000] {processor.py:183} INFO - Processing /home/airflow/.local/lib/python3.12/site-packages/airflow/example_dags/example_branch_day_of_week_operator.py took 0.175 seconds
[2025-12-29T13:24:30.003+0000] {processor.py:161} INFO - Started process (PID=7658) to work on /home/airflow/.local/lib/python3.12/site-packages/airflow/example_dags/example_branch_day_of_week_operator.py
[2025-12-29T13:24:30.005+0000] {processor.py:830} INFO - Processing file /home/airflow/.local/lib/python3.12/site-packages/airflow/example_dags/example_branch_day_of_week_operator.py for tasks to queue
[2025-12-29T13:24:30.009+0000] {logging_mixin.py:188} INFO - [2025-12-29T13:24:30.008+0000] {dagbag.py:545} INFO - Filling up the DagBag from /home/airflow/.local/lib/python3.12/site-packages/airflow/example_dags/example_branch_day_of_week_operator.py
[2025-12-29T13:24:30.023+0000] {processor.py:840} INFO - DAG(s) 'example_weekday_branch_operator' retrieved from /home/airflow/.local/lib/python3.12/site-packages/airflow/example_dags/example_branch_day_of_week_operator.py
[2025-12-29T13:24:30.072+0000] {logging_mixin.py:188} INFO - [2025-12-29T13:24:30.072+0000] {dag.py:3096} INFO - Sync 1 DAGs
[2025-12-29T13:24:30.122+0000] {logging_mixin.py:188} INFO - [2025-12-29T13:24:30.122+0000] {dag.py:3954} INFO - Setting next_dagrun for example_weekday_branch_operator to 2025-12-28 00:00:00+00:00, run_after=2025-12-29 00:00:00+00:00
[2025-12-29T13:24:30.163+0000] {processor.py:183} INFO - Processing /home/airflow/.local/lib/python3.12/site-packages/airflow/example_dags/example_branch_day_of_week_operator.py took 0.171 seconds
[2025-12-29T13:25:00.497+0000] {processor.py:161} INFO - Started process (PID=7919) to work on /home/airflow/.local/lib/python3.12/site-packages/airflow/example_dags/example_branch_day_of_week_operator.py
[2025-12-29T13:25:00.499+0000] {processor.py:830} INFO - Processing file /home/airflow/.local/lib/python3.12/site-packages/airflow/example_dags/example_branch_day_of_week_operator.py for tasks to queue
[2025-12-29T13:25:00.503+0000] {logging_mixin.py:188} INFO - [2025-12-29T13:25:00.502+0000] {dagbag.py:545} INFO - Filling up the DagBag from /home/airflow/.local/lib/python3.12/site-packages/airflow/example_dags/example_branch_day_of_week_operator.py
[2025-12-29T13:25:00.517+0000] {processor.py:840} INFO - DAG(s) 'example_weekday_branch_operator' retrieved from /home/airflow/.local/lib/python3.12/site-packages/airflow/example_dags/example_branch_day_of_week_operator.py
[2025-12-29T13:25:00.566+0000] {logging_mixin.py:188} INFO - [2025-12-29T13:25:00.566+0000] {dag.py:3096} INFO - Sync 1 DAGs
[2025-12-29T13:25:00.613+0000] {logging_mixin.py:188} INFO - [2025-12-29T13:25:00.613+0000] {dag.py:3954} INFO - Setting next_dagrun for example_weekday_branch_operator to 2025-12-28 00:00:00+00:00, run_after=2025-12-29 00:00:00+00:00
[2025-12-29T13:25:00.656+0000] {processor.py:183} INFO - Processing /home/airflow/.local/lib/python3.12/site-packages/airflow/example_dags/example_branch_day_of_week_operator.py took 0.170 seconds
[2025-12-29T13:25:30.850+0000] {processor.py:161} INFO - Started process (PID=8180) to work on /home/airflow/.local/lib/python3.12/site-packages/airflow/example_dags/example_branch_day_of_week_operator.py
[2025-12-29T13:25:30.852+0000] {processor.py:830} INFO - Processing file /home/airflow/.local/lib/python3.12/site-packages/airflow/example_dags/example_branch_day_of_week_operator.py for tasks to queue
[2025-12-29T13:25:30.855+0000] {logging_mixin.py:188} INFO - [2025-12-29T13:25:30.855+0000] {dagbag.py:545} INFO - Filling up the DagBag from /home/airflow/.local/lib/python3.12/site-packages/airflow/example_dags/example_branch_day_of_week_operator.py
[2025-12-29T13:25:30.869+0000] {processor.py:840} INFO - DAG(s) 'example_weekday_branch_operator' retrieved from /home/airflow/.local/lib/python3.12/site-packages/airflow/example_dags/example_branch_day_of_week_operator.py
[2025-12-29T13:25:30.915+0000] {logging_mixin.py:188} INFO - [2025-12-29T13:25:30.914+0000] {dag.py:3096} INFO - Sync 1 DAGs
[2025-12-29T13:25:30.968+0000] {logging_mixin.py:188} INFO - [2025-12-29T13:25:30.967+0000] {dag.py:3954} INFO - Setting next_dagrun for example_weekday_branch_operator to 2025-12-28 00:00:00+00:00, run_after=2025-12-29 00:00:00+00:00
[2025-12-29T13:25:31.007+0000] {processor.py:183} INFO - Processing /home/airflow/.local/lib/python3.12/site-packages/airflow/example_dags/example_branch_day_of_week_operator.py took 0.167 seconds
[2025-12-29T13:26:01.696+0000] {processor.py:161} INFO - Started process (PID=8441) to work on /home/airflow/.local/lib/python3.12/site-packages/airflow/example_dags/example_branch_day_of_week_operator.py
[2025-12-29T13:26:01.698+0000] {processor.py:830} INFO - Processing file /home/airflow/.local/lib/python3.12/site-packages/airflow/example_dags/example_branch_day_of_week_operator.py for tasks to queue
[2025-12-29T13:26:01.702+0000] {logging_mixin.py:188} INFO - [2025-12-29T13:26:01.701+0000] {dagbag.py:545} INFO - Filling up the DagBag from /home/airflow/.local/lib/python3.12/site-packages/airflow/example_dags/example_branch_day_of_week_operator.py
[2025-12-29T13:26:01.718+0000] {processor.py:840} INFO - DAG(s) 'example_weekday_branch_operator' retrieved from /home/airflow/.local/lib/python3.12/site-packages/airflow/example_dags/example_branch_day_of_week_operator.py
[2025-12-29T13:26:01.767+0000] {logging_mixin.py:188} INFO - [2025-12-29T13:26:01.767+0000] {dag.py:3096} INFO - Sync 1 DAGs
[2025-12-29T13:26:01.819+0000] {logging_mixin.py:188} INFO - [2025-12-29T13:26:01.819+0000] {dag.py:3954} INFO - Setting next_dagrun for example_weekday_branch_operator to 2025-12-28 00:00:00+00:00, run_after=2025-12-29 00:00:00+00:00
[2025-12-29T13:26:01.865+0000] {processor.py:183} INFO - Processing /home/airflow/.local/lib/python3.12/site-packages/airflow/example_dags/example_branch_day_of_week_operator.py took 0.183 seconds
[2025-12-29T13:26:32.409+0000] {processor.py:161} INFO - Started process (PID=8702) to work on /home/airflow/.local/lib/python3.12/site-packages/airflow/example_dags/example_branch_day_of_week_operator.py
[2025-12-29T13:26:32.411+0000] {processor.py:830} INFO - Processing file /home/airflow/.local/lib/python3.12/site-packages/airflow/example_dags/example_branch_day_of_week_operator.py for tasks to queue
[2025-12-29T13:26:32.415+0000] {logging_mixin.py:188} INFO - [2025-12-29T13:26:32.415+0000] {dagbag.py:545} INFO - Filling up the DagBag from /home/airflow/.local/lib/python3.12/site-packages/airflow/example_dags/example_branch_day_of_week_operator.py
[2025-12-29T13:26:32.434+0000] {processor.py:840} INFO - DAG(s) 'example_weekday_branch_operator' retrieved from /home/airflow/.local/lib/python3.12/site-packages/airflow/example_dags/example_branch_day_of_week_operator.py
[2025-12-29T13:26:32.486+0000] {logging_mixin.py:188} INFO - [2025-12-29T13:26:32.485+0000] {dag.py:3096} INFO - Sync 1 DAGs
[2025-12-29T13:26:32.540+0000] {logging_mixin.py:188} INFO - [2025-12-29T13:26:32.539+0000] {dag.py:3954} INFO - Setting next_dagrun for example_weekday_branch_operator to 2025-12-28 00:00:00+00:00, run_after=2025-12-29 00:00:00+00:00
[2025-12-29T13:26:32.589+0000] {processor.py:183} INFO - Processing /home/airflow/.local/lib/python3.12/site-packages/airflow/example_dags/example_branch_day_of_week_operator.py took 0.191 seconds
[2025-12-29T13:27:02.950+0000] {processor.py:161} INFO - Started process (PID=8963) to work on /home/airflow/.local/lib/python3.12/site-packages/airflow/example_dags/example_branch_day_of_week_operator.py
[2025-12-29T13:27:02.953+0000] {processor.py:830} INFO - Processing file /home/airflow/.local/lib/python3.12/site-packages/airflow/example_dags/example_branch_day_of_week_operator.py for tasks to queue
[2025-12-29T13:27:02.958+0000] {logging_mixin.py:188} INFO - [2025-12-29T13:27:02.957+0000] {dagbag.py:545} INFO - Filling up the DagBag from /home/airflow/.local/lib/python3.12/site-packages/airflow/example_dags/example_branch_day_of_week_operator.py
[2025-12-29T13:27:02.976+0000] {processor.py:840} INFO - DAG(s) 'example_weekday_branch_operator' retrieved from /home/airflow/.local/lib/python3.12/site-packages/airflow/example_dags/example_branch_day_of_week_operator.py
[2025-12-29T13:27:03.032+0000] {logging_mixin.py:188} INFO - [2025-12-29T13:27:03.032+0000] {dag.py:3096} INFO - Sync 1 DAGs
[2025-12-29T13:27:03.089+0000] {logging_mixin.py:188} INFO - [2025-12-29T13:27:03.089+0000] {dag.py:3954} INFO - Setting next_dagrun for example_weekday_branch_operator to 2025-12-28 00:00:00+00:00, run_after=2025-12-29 00:00:00+00:00
[2025-12-29T13:27:03.129+0000] {processor.py:183} INFO - Processing /home/airflow/.local/lib/python3.12/site-packages/airflow/example_dags/example_branch_day_of_week_operator.py took 0.192 seconds
[2025-12-29T13:27:37.631+0000] {processor.py:161} INFO - Started process (PID=9274) to work on /home/airflow/.local/lib/python3.12/site-packages/airflow/example_dags/example_branch_day_of_week_operator.py
[2025-12-29T13:27:37.633+0000] {processor.py:830} INFO - Processing file /home/airflow/.local/lib/python3.12/site-packages/airflow/example_dags/example_branch_day_of_week_operator.py for tasks to queue
[2025-12-29T13:27:37.637+0000] {logging_mixin.py:188} INFO - [2025-12-29T13:27:37.637+0000] {dagbag.py:545} INFO - Filling up the DagBag from /home/airflow/.local/lib/python3.12/site-packages/airflow/example_dags/example_branch_day_of_week_operator.py
[2025-12-29T13:27:37.653+0000] {processor.py:840} INFO - DAG(s) 'example_weekday_branch_operator' retrieved from /home/airflow/.local/lib/python3.12/site-packages/airflow/example_dags/example_branch_day_of_week_operator.py
[2025-12-29T13:27:37.707+0000] {logging_mixin.py:188} INFO - [2025-12-29T13:27:37.707+0000] {dag.py:3096} INFO - Sync 1 DAGs
[2025-12-29T13:27:37.766+0000] {logging_mixin.py:188} INFO - [2025-12-29T13:27:37.765+0000] {dag.py:3954} INFO - Setting next_dagrun for example_weekday_branch_operator to 2025-12-28 00:00:00+00:00, run_after=2025-12-29 00:00:00+00:00
[2025-12-29T13:27:37.815+0000] {processor.py:183} INFO - Processing /home/airflow/.local/lib/python3.12/site-packages/airflow/example_dags/example_branch_day_of_week_operator.py took 0.198 seconds
[2025-12-29T13:28:08.753+0000] {processor.py:161} INFO - Started process (PID=9578) to work on /home/airflow/.local/lib/python3.12/site-packages/airflow/example_dags/example_branch_day_of_week_operator.py
[2025-12-29T13:28:08.755+0000] {processor.py:830} INFO - Processing file /home/airflow/.local/lib/python3.12/site-packages/airflow/example_dags/example_branch_day_of_week_operator.py for tasks to queue
[2025-12-29T13:28:08.758+0000] {logging_mixin.py:188} INFO - [2025-12-29T13:28:08.758+0000] {dagbag.py:545} INFO - Filling up the DagBag from /home/airflow/.local/lib/python3.12/site-packages/airflow/example_dags/example_branch_day_of_week_operator.py
[2025-12-29T13:28:08.774+0000] {processor.py:840} INFO - DAG(s) 'example_weekday_branch_operator' retrieved from /home/airflow/.local/lib/python3.12/site-packages/airflow/example_dags/example_branch_day_of_week_operator.py
[2025-12-29T13:28:08.831+0000] {logging_mixin.py:188} INFO - [2025-12-29T13:28:08.830+0000] {dag.py:3096} INFO - Sync 1 DAGs
[2025-12-29T13:28:08.891+0000] {logging_mixin.py:188} INFO - [2025-12-29T13:28:08.890+0000] {dag.py:3954} INFO - Setting next_dagrun for example_weekday_branch_operator to 2025-12-28 00:00:00+00:00, run_after=2025-12-29 00:00:00+00:00
[2025-12-29T13:28:08.941+0000] {processor.py:183} INFO - Processing /home/airflow/.local/lib/python3.12/site-packages/airflow/example_dags/example_branch_day_of_week_operator.py took 0.201 seconds
[2025-12-29T13:28:39.278+0000] {processor.py:161} INFO - Started process (PID=9839) to work on /home/airflow/.local/lib/python3.12/site-packages/airflow/example_dags/example_branch_day_of_week_operator.py
[2025-12-29T13:28:39.280+0000] {processor.py:830} INFO - Processing file /home/airflow/.local/lib/python3.12/site-packages/airflow/example_dags/example_branch_day_of_week_operator.py for tasks to queue
[2025-12-29T13:28:39.284+0000] {logging_mixin.py:188} INFO - [2025-12-29T13:28:39.283+0000] {dagbag.py:545} INFO - Filling up the DagBag from /home/airflow/.local/lib/python3.12/site-packages/airflow/example_dags/example_branch_day_of_week_operator.py
[2025-12-29T13:28:39.301+0000] {processor.py:840} INFO - DAG(s) 'example_weekday_branch_operator' retrieved from /home/airflow/.local/lib/python3.12/site-packages/airflow/example_dags/example_branch_day_of_week_operator.py
[2025-12-29T13:28:39.349+0000] {logging_mixin.py:188} INFO - [2025-12-29T13:28:39.349+0000] {dag.py:3096} INFO - Sync 1 DAGs
[2025-12-29T13:28:39.400+0000] {logging_mixin.py:188} INFO - [2025-12-29T13:28:39.400+0000] {dag.py:3954} INFO - Setting next_dagrun for example_weekday_branch_operator to 2025-12-28 00:00:00+00:00, run_after=2025-12-29 00:00:00+00:00
[2025-12-29T13:28:39.439+0000] {processor.py:183} INFO - Processing /home/airflow/.local/lib/python3.12/site-packages/airflow/example_dags/example_branch_day_of_week_operator.py took 0.173 seconds
[2025-12-29T13:29:09.823+0000] {processor.py:161} INFO - Started process (PID=10100) to work on /home/airflow/.local/lib/python3.12/site-packages/airflow/example_dags/example_branch_day_of_week_operator.py
[2025-12-29T13:29:09.826+0000] {processor.py:830} INFO - Processing file /home/airflow/.local/lib/python3.12/site-packages/airflow/example_dags/example_branch_day_of_week_operator.py for tasks to queue
[2025-12-29T13:29:09.830+0000] {logging_mixin.py:188} INFO - [2025-12-29T13:29:09.830+0000] {dagbag.py:545} INFO - Filling up the DagBag from /home/airflow/.local/lib/python3.12/site-packages/airflow/example_dags/example_branch_day_of_week_operator.py
[2025-12-29T13:29:09.844+0000] {processor.py:840} INFO - DAG(s) 'example_weekday_branch_operator' retrieved from /home/airflow/.local/lib/python3.12/site-packages/airflow/example_dags/example_branch_day_of_week_operator.py
[2025-12-29T13:29:09.892+0000] {logging_mixin.py:188} INFO - [2025-12-29T13:29:09.892+0000] {dag.py:3096} INFO - Sync 1 DAGs
[2025-12-29T13:29:09.941+0000] {logging_mixin.py:188} INFO - [2025-12-29T13:29:09.941+0000] {dag.py:3954} INFO - Setting next_dagrun for example_weekday_branch_operator to 2025-12-28 00:00:00+00:00, run_after=2025-12-29 00:00:00+00:00
[2025-12-29T13:29:09.986+0000] {processor.py:183} INFO - Processing /home/airflow/.local/lib/python3.12/site-packages/airflow/example_dags/example_branch_day_of_week_operator.py took 0.174 seconds
[2025-12-29T13:29:41.268+0000] {processor.py:161} INFO - Started process (PID=10366) to work on /home/airflow/.local/lib/python3.12/site-packages/airflow/example_dags/example_branch_day_of_week_operator.py
[2025-12-29T13:29:41.270+0000] {processor.py:830} INFO - Processing file /home/airflow/.local/lib/python3.12/site-packages/airflow/example_dags/example_branch_day_of_week_operator.py for tasks to queue
[2025-12-29T13:29:41.274+0000] {logging_mixin.py:188} INFO - [2025-12-29T13:29:41.274+0000] {dagbag.py:545} INFO - Filling up the DagBag from /home/airflow/.local/lib/python3.12/site-packages/airflow/example_dags/example_branch_day_of_week_operator.py
[2025-12-29T13:29:41.288+0000] {processor.py:840} INFO - DAG(s) 'example_weekday_branch_operator' retrieved from /home/airflow/.local/lib/python3.12/site-packages/airflow/example_dags/example_branch_day_of_week_operator.py
[2025-12-29T13:29:41.334+0000] {logging_mixin.py:188} INFO - [2025-12-29T13:29:41.333+0000] {dag.py:3096} INFO - Sync 1 DAGs
[2025-12-29T13:29:41.387+0000] {logging_mixin.py:188} INFO - [2025-12-29T13:29:41.387+0000] {dag.py:3954} INFO - Setting next_dagrun for example_weekday_branch_operator to 2025-12-28 00:00:00+00:00, run_after=2025-12-29 00:00:00+00:00
[2025-12-29T13:29:41.426+0000] {processor.py:183} INFO - Processing /home/airflow/.local/lib/python3.12/site-packages/airflow/example_dags/example_branch_day_of_week_operator.py took 0.170 seconds
[2025-12-29T13:30:13.866+0000] {processor.py:161} INFO - Started process (PID=10670) to work on /home/airflow/.local/lib/python3.12/site-packages/airflow/example_dags/example_branch_day_of_week_operator.py
[2025-12-29T13:30:13.868+0000] {processor.py:830} INFO - Processing file /home/airflow/.local/lib/python3.12/site-packages/airflow/example_dags/example_branch_day_of_week_operator.py for tasks to queue
[2025-12-29T13:30:13.871+0000] {logging_mixin.py:188} INFO - [2025-12-29T13:30:13.870+0000] {dagbag.py:545} INFO - Filling up the DagBag from /home/airflow/.local/lib/python3.12/site-packages/airflow/example_dags/example_branch_day_of_week_operator.py
[2025-12-29T13:30:13.886+0000] {processor.py:840} INFO - DAG(s) 'example_weekday_branch_operator' retrieved from /home/airflow/.local/lib/python3.12/site-packages/airflow/example_dags/example_branch_day_of_week_operator.py
[2025-12-29T13:30:13.936+0000] {logging_mixin.py:188} INFO - [2025-12-29T13:30:13.936+0000] {dag.py:3096} INFO - Sync 1 DAGs
[2025-12-29T13:30:13.988+0000] {logging_mixin.py:188} INFO - [2025-12-29T13:30:13.987+0000] {dag.py:3954} INFO - Setting next_dagrun for example_weekday_branch_operator to 2025-12-28 00:00:00+00:00, run_after=2025-12-29 00:00:00+00:00
[2025-12-29T13:30:14.028+0000] {processor.py:183} INFO - Processing /home/airflow/.local/lib/python3.12/site-packages/airflow/example_dags/example_branch_day_of_week_operator.py took 0.174 seconds
[2025-12-29T13:30:46.511+0000] {processor.py:161} INFO - Started process (PID=10931) to work on /home/airflow/.local/lib/python3.12/site-packages/airflow/example_dags/example_branch_day_of_week_operator.py
[2025-12-29T13:30:46.513+0000] {processor.py:830} INFO - Processing file /home/airflow/.local/lib/python3.12/site-packages/airflow/example_dags/example_branch_day_of_week_operator.py for tasks to queue
[2025-12-29T13:30:46.517+0000] {logging_mixin.py:188} INFO - [2025-12-29T13:30:46.516+0000] {dagbag.py:545} INFO - Filling up the DagBag from /home/airflow/.local/lib/python3.12/site-packages/airflow/example_dags/example_branch_day_of_week_operator.py
[2025-12-29T13:30:46.532+0000] {processor.py:840} INFO - DAG(s) 'example_weekday_branch_operator' retrieved from /home/airflow/.local/lib/python3.12/site-packages/airflow/example_dags/example_branch_day_of_week_operator.py
[2025-12-29T13:30:46.814+0000] {logging_mixin.py:188} INFO - [2025-12-29T13:30:46.813+0000] {dag.py:3096} INFO - Sync 1 DAGs
[2025-12-29T13:30:46.856+0000] {logging_mixin.py:188} INFO - [2025-12-29T13:30:46.856+0000] {dag.py:3954} INFO - Setting next_dagrun for example_weekday_branch_operator to 2025-12-28 00:00:00+00:00, run_after=2025-12-29 00:00:00+00:00
[2025-12-29T13:30:46.894+0000] {processor.py:183} INFO - Processing /home/airflow/.local/lib/python3.12/site-packages/airflow/example_dags/example_branch_day_of_week_operator.py took 0.394 seconds
[2025-12-29T13:31:17.382+0000] {processor.py:161} INFO - Started process (PID=11192) to work on /home/airflow/.local/lib/python3.12/site-packages/airflow/example_dags/example_branch_day_of_week_operator.py
[2025-12-29T13:31:17.384+0000] {processor.py:830} INFO - Processing file /home/airflow/.local/lib/python3.12/site-packages/airflow/example_dags/example_branch_day_of_week_operator.py for tasks to queue
[2025-12-29T13:31:17.388+0000] {logging_mixin.py:188} INFO - [2025-12-29T13:31:17.387+0000] {dagbag.py:545} INFO - Filling up the DagBag from /home/airflow/.local/lib/python3.12/site-packages/airflow/example_dags/example_branch_day_of_week_operator.py
[2025-12-29T13:31:17.407+0000] {processor.py:840} INFO - DAG(s) 'example_weekday_branch_operator' retrieved from /home/airflow/.local/lib/python3.12/site-packages/airflow/example_dags/example_branch_day_of_week_operator.py
[2025-12-29T13:31:17.462+0000] {logging_mixin.py:188} INFO - [2025-12-29T13:31:17.461+0000] {dag.py:3096} INFO - Sync 1 DAGs
[2025-12-29T13:31:17.512+0000] {logging_mixin.py:188} INFO - [2025-12-29T13:31:17.511+0000] {dag.py:3954} INFO - Setting next_dagrun for example_weekday_branch_operator to 2025-12-28 00:00:00+00:00, run_after=2025-12-29 00:00:00+00:00
[2025-12-29T13:31:17.554+0000] {processor.py:183} INFO - Processing /home/airflow/.local/lib/python3.12/site-packages/airflow/example_dags/example_branch_day_of_week_operator.py took 0.185 seconds
[2025-12-29T13:31:48.400+0000] {processor.py:161} INFO - Started process (PID=11462) to work on /home/airflow/.local/lib/python3.12/site-packages/airflow/example_dags/example_branch_day_of_week_operator.py
[2025-12-29T13:31:48.402+0000] {processor.py:830} INFO - Processing file /home/airflow/.local/lib/python3.12/site-packages/airflow/example_dags/example_branch_day_of_week_operator.py for tasks to queue
[2025-12-29T13:31:48.409+0000] {logging_mixin.py:188} INFO - [2025-12-29T13:31:48.408+0000] {dagbag.py:545} INFO - Filling up the DagBag from /home/airflow/.local/lib/python3.12/site-packages/airflow/example_dags/example_branch_day_of_week_operator.py
[2025-12-29T13:31:48.441+0000] {processor.py:840} INFO - DAG(s) 'example_weekday_branch_operator' retrieved from /home/airflow/.local/lib/python3.12/site-packages/airflow/example_dags/example_branch_day_of_week_operator.py
[2025-12-29T13:31:48.511+0000] {logging_mixin.py:188} INFO - [2025-12-29T13:31:48.510+0000] {dag.py:3096} INFO - Sync 1 DAGs
[2025-12-29T13:31:48.586+0000] {logging_mixin.py:188} INFO - [2025-12-29T13:31:48.585+0000] {dag.py:3954} INFO - Setting next_dagrun for example_weekday_branch_operator to 2025-12-28 00:00:00+00:00, run_after=2025-12-29 00:00:00+00:00
[2025-12-29T13:31:48.639+0000] {processor.py:183} INFO - Processing /home/airflow/.local/lib/python3.12/site-packages/airflow/example_dags/example_branch_day_of_week_operator.py took 0.254 seconds
[2025-12-29T13:32:18.810+0000] {processor.py:161} INFO - Started process (PID=11801) to work on /home/airflow/.local/lib/python3.12/site-packages/airflow/example_dags/example_branch_day_of_week_operator.py
[2025-12-29T13:32:18.811+0000] {processor.py:830} INFO - Processing file /home/airflow/.local/lib/python3.12/site-packages/airflow/example_dags/example_branch_day_of_week_operator.py for tasks to queue
[2025-12-29T13:32:18.814+0000] {logging_mixin.py:188} INFO - [2025-12-29T13:32:18.814+0000] {dagbag.py:545} INFO - Filling up the DagBag from /home/airflow/.local/lib/python3.12/site-packages/airflow/example_dags/example_branch_day_of_week_operator.py
[2025-12-29T13:32:18.830+0000] {processor.py:840} INFO - DAG(s) 'example_weekday_branch_operator' retrieved from /home/airflow/.local/lib/python3.12/site-packages/airflow/example_dags/example_branch_day_of_week_operator.py
[2025-12-29T13:32:18.888+0000] {logging_mixin.py:188} INFO - [2025-12-29T13:32:18.887+0000] {dag.py:3096} INFO - Sync 1 DAGs
[2025-12-29T13:32:18.942+0000] {logging_mixin.py:188} INFO - [2025-12-29T13:32:18.941+0000] {dag.py:3954} INFO - Setting next_dagrun for example_weekday_branch_operator to 2025-12-28 00:00:00+00:00, run_after=2025-12-29 00:00:00+00:00
[2025-12-29T13:32:18.992+0000] {processor.py:183} INFO - Processing /home/airflow/.local/lib/python3.12/site-packages/airflow/example_dags/example_branch_day_of_week_operator.py took 0.196 seconds
[2025-12-29T13:32:50.170+0000] {processor.py:161} INFO - Started process (PID=12062) to work on /home/airflow/.local/lib/python3.12/site-packages/airflow/example_dags/example_branch_day_of_week_operator.py
[2025-12-29T13:32:50.171+0000] {processor.py:830} INFO - Processing file /home/airflow/.local/lib/python3.12/site-packages/airflow/example_dags/example_branch_day_of_week_operator.py for tasks to queue
[2025-12-29T13:32:50.174+0000] {logging_mixin.py:188} INFO - [2025-12-29T13:32:50.174+0000] {dagbag.py:545} INFO - Filling up the DagBag from /home/airflow/.local/lib/python3.12/site-packages/airflow/example_dags/example_branch_day_of_week_operator.py
[2025-12-29T13:32:50.188+0000] {processor.py:840} INFO - DAG(s) 'example_weekday_branch_operator' retrieved from /home/airflow/.local/lib/python3.12/site-packages/airflow/example_dags/example_branch_day_of_week_operator.py
[2025-12-29T13:32:50.235+0000] {logging_mixin.py:188} INFO - [2025-12-29T13:32:50.235+0000] {dag.py:3096} INFO - Sync 1 DAGs
[2025-12-29T13:32:50.285+0000] {logging_mixin.py:188} INFO - [2025-12-29T13:32:50.284+0000] {dag.py:3954} INFO - Setting next_dagrun for example_weekday_branch_operator to 2025-12-28 00:00:00+00:00, run_after=2025-12-29 00:00:00+00:00
[2025-12-29T13:32:50.325+0000] {processor.py:183} INFO - Processing /home/airflow/.local/lib/python3.12/site-packages/airflow/example_dags/example_branch_day_of_week_operator.py took 0.166 seconds
[2025-12-29T13:33:20.418+0000] {processor.py:161} INFO - Started process (PID=12317) to work on /home/airflow/.local/lib/python3.12/site-packages/airflow/example_dags/example_branch_day_of_week_operator.py
[2025-12-29T13:33:20.420+0000] {processor.py:830} INFO - Processing file /home/airflow/.local/lib/python3.12/site-packages/airflow/example_dags/example_branch_day_of_week_operator.py for tasks to queue
[2025-12-29T13:33:20.423+0000] {logging_mixin.py:188} INFO - [2025-12-29T13:33:20.422+0000] {dagbag.py:545} INFO - Filling up the DagBag from /home/airflow/.local/lib/python3.12/site-packages/airflow/example_dags/example_branch_day_of_week_operator.py
[2025-12-29T13:33:20.439+0000] {processor.py:840} INFO - DAG(s) 'example_weekday_branch_operator' retrieved from /home/airflow/.local/lib/python3.12/site-packages/airflow/example_dags/example_branch_day_of_week_operator.py
[2025-12-29T13:33:20.497+0000] {logging_mixin.py:188} INFO - [2025-12-29T13:33:20.496+0000] {dag.py:3096} INFO - Sync 1 DAGs
[2025-12-29T13:33:20.549+0000] {logging_mixin.py:188} INFO - [2025-12-29T13:33:20.549+0000] {dag.py:3954} INFO - Setting next_dagrun for example_weekday_branch_operator to 2025-12-28 00:00:00+00:00, run_after=2025-12-29 00:00:00+00:00
[2025-12-29T13:33:20.598+0000] {processor.py:183} INFO - Processing /home/airflow/.local/lib/python3.12/site-packages/airflow/example_dags/example_branch_day_of_week_operator.py took 0.193 seconds
[2025-12-29T13:33:50.769+0000] {processor.py:161} INFO - Started process (PID=12581) to work on /home/airflow/.local/lib/python3.12/site-packages/airflow/example_dags/example_branch_day_of_week_operator.py
[2025-12-29T13:33:50.771+0000] {processor.py:830} INFO - Processing file /home/airflow/.local/lib/python3.12/site-packages/airflow/example_dags/example_branch_day_of_week_operator.py for tasks to queue
[2025-12-29T13:33:50.776+0000] {logging_mixin.py:188} INFO - [2025-12-29T13:33:50.775+0000] {dagbag.py:545} INFO - Filling up the DagBag from /home/airflow/.local/lib/python3.12/site-packages/airflow/example_dags/example_branch_day_of_week_operator.py
[2025-12-29T13:33:50.795+0000] {processor.py:840} INFO - DAG(s) 'example_weekday_branch_operator' retrieved from /home/airflow/.local/lib/python3.12/site-packages/airflow/example_dags/example_branch_day_of_week_operator.py
[2025-12-29T13:33:50.844+0000] {logging_mixin.py:188} INFO - [2025-12-29T13:33:50.843+0000] {dag.py:3096} INFO - Sync 1 DAGs
[2025-12-29T13:33:50.890+0000] {logging_mixin.py:188} INFO - [2025-12-29T13:33:50.889+0000] {dag.py:3954} INFO - Setting next_dagrun for example_weekday_branch_operator to 2025-12-28 00:00:00+00:00, run_after=2025-12-29 00:00:00+00:00
[2025-12-29T13:33:50.929+0000] {processor.py:183} INFO - Processing /home/airflow/.local/lib/python3.12/site-packages/airflow/example_dags/example_branch_day_of_week_operator.py took 0.178 seconds
[2025-12-29T13:34:21.267+0000] {processor.py:161} INFO - Started process (PID=12872) to work on /home/airflow/.local/lib/python3.12/site-packages/airflow/example_dags/example_branch_day_of_week_operator.py
[2025-12-29T13:34:21.270+0000] {processor.py:830} INFO - Processing file /home/airflow/.local/lib/python3.12/site-packages/airflow/example_dags/example_branch_day_of_week_operator.py for tasks to queue
[2025-12-29T13:34:21.273+0000] {logging_mixin.py:188} INFO - [2025-12-29T13:34:21.273+0000] {dagbag.py:545} INFO - Filling up the DagBag from /home/airflow/.local/lib/python3.12/site-packages/airflow/example_dags/example_branch_day_of_week_operator.py
[2025-12-29T13:34:21.291+0000] {processor.py:840} INFO - DAG(s) 'example_weekday_branch_operator' retrieved from /home/airflow/.local/lib/python3.12/site-packages/airflow/example_dags/example_branch_day_of_week_operator.py
[2025-12-29T13:34:21.343+0000] {logging_mixin.py:188} INFO - [2025-12-29T13:34:21.342+0000] {dag.py:3096} INFO - Sync 1 DAGs
[2025-12-29T13:34:21.398+0000] {logging_mixin.py:188} INFO - [2025-12-29T13:34:21.397+0000] {dag.py:3954} INFO - Setting next_dagrun for example_weekday_branch_operator to 2025-12-28 00:00:00+00:00, run_after=2025-12-29 00:00:00+00:00
[2025-12-29T13:34:21.442+0000] {processor.py:183} INFO - Processing /home/airflow/.local/lib/python3.12/site-packages/airflow/example_dags/example_branch_day_of_week_operator.py took 0.187 seconds
