[2025-12-29T13:10:09.520+0000] {processor.py:161} INFO - Started process (PID=302) to work on /home/airflow/.local/lib/python3.12/site-packages/airflow/example_dags/example_complex.py
[2025-12-29T13:10:09.521+0000] {processor.py:830} INFO - Processing file /home/airflow/.local/lib/python3.12/site-packages/airflow/example_dags/example_complex.py for tasks to queue
[2025-12-29T13:10:09.523+0000] {logging_mixin.py:188} INFO - [2025-12-29T13:10:09.523+0000] {dagbag.py:545} INFO - Filling up the DagBag from /home/airflow/.local/lib/python3.12/site-packages/airflow/example_dags/example_complex.py
[2025-12-29T13:10:09.537+0000] {processor.py:840} INFO - DAG(s) 'example_complex' retrieved from /home/airflow/.local/lib/python3.12/site-packages/airflow/example_dags/example_complex.py
[2025-12-29T13:10:09.581+0000] {logging_mixin.py:188} INFO - [2025-12-29T13:10:09.581+0000] {dag.py:3096} INFO - Sync 1 DAGs
[2025-12-29T13:10:09.600+0000] {logging_mixin.py:188} INFO - [2025-12-29T13:10:09.600+0000] {dag.py:3954} INFO - Setting next_dagrun for example_complex to None, run_after=None
[2025-12-29T13:10:09.628+0000] {processor.py:183} INFO - Processing /home/airflow/.local/lib/python3.12/site-packages/airflow/example_dags/example_complex.py took 0.115 seconds
[2025-12-29T13:10:39.771+0000] {processor.py:161} INFO - Started process (PID=561) to work on /home/airflow/.local/lib/python3.12/site-packages/airflow/example_dags/example_complex.py
[2025-12-29T13:10:39.772+0000] {processor.py:830} INFO - Processing file /home/airflow/.local/lib/python3.12/site-packages/airflow/example_dags/example_complex.py for tasks to queue
[2025-12-29T13:10:39.774+0000] {logging_mixin.py:188} INFO - [2025-12-29T13:10:39.774+0000] {dagbag.py:545} INFO - Filling up the DagBag from /home/airflow/.local/lib/python3.12/site-packages/airflow/example_dags/example_complex.py
[2025-12-29T13:10:39.791+0000] {processor.py:840} INFO - DAG(s) 'example_complex' retrieved from /home/airflow/.local/lib/python3.12/site-packages/airflow/example_dags/example_complex.py
[2025-12-29T13:10:39.834+0000] {logging_mixin.py:188} INFO - [2025-12-29T13:10:39.834+0000] {dag.py:3096} INFO - Sync 1 DAGs
[2025-12-29T13:10:39.849+0000] {logging_mixin.py:188} INFO - [2025-12-29T13:10:39.849+0000] {dag.py:3954} INFO - Setting next_dagrun for example_complex to None, run_after=None
[2025-12-29T13:10:39.875+0000] {processor.py:183} INFO - Processing /home/airflow/.local/lib/python3.12/site-packages/airflow/example_dags/example_complex.py took 0.111 seconds
[2025-12-29T13:11:10.858+0000] {processor.py:161} INFO - Started process (PID=822) to work on /home/airflow/.local/lib/python3.12/site-packages/airflow/example_dags/example_complex.py
[2025-12-29T13:11:10.859+0000] {processor.py:830} INFO - Processing file /home/airflow/.local/lib/python3.12/site-packages/airflow/example_dags/example_complex.py for tasks to queue
[2025-12-29T13:11:10.862+0000] {logging_mixin.py:188} INFO - [2025-12-29T13:11:10.861+0000] {dagbag.py:545} INFO - Filling up the DagBag from /home/airflow/.local/lib/python3.12/site-packages/airflow/example_dags/example_complex.py
[2025-12-29T13:11:10.876+0000] {processor.py:840} INFO - DAG(s) 'example_complex' retrieved from /home/airflow/.local/lib/python3.12/site-packages/airflow/example_dags/example_complex.py
[2025-12-29T13:11:10.934+0000] {logging_mixin.py:188} INFO - [2025-12-29T13:11:10.933+0000] {dag.py:3096} INFO - Sync 1 DAGs
[2025-12-29T13:11:10.954+0000] {logging_mixin.py:188} INFO - [2025-12-29T13:11:10.953+0000] {dag.py:3954} INFO - Setting next_dagrun for example_complex to None, run_after=None
[2025-12-29T13:11:10.984+0000] {processor.py:183} INFO - Processing /home/airflow/.local/lib/python3.12/site-packages/airflow/example_dags/example_complex.py took 0.133 seconds
[2025-12-29T13:11:41.495+0000] {processor.py:161} INFO - Started process (PID=1083) to work on /home/airflow/.local/lib/python3.12/site-packages/airflow/example_dags/example_complex.py
[2025-12-29T13:11:41.499+0000] {processor.py:830} INFO - Processing file /home/airflow/.local/lib/python3.12/site-packages/airflow/example_dags/example_complex.py for tasks to queue
[2025-12-29T13:11:41.504+0000] {logging_mixin.py:188} INFO - [2025-12-29T13:11:41.504+0000] {dagbag.py:545} INFO - Filling up the DagBag from /home/airflow/.local/lib/python3.12/site-packages/airflow/example_dags/example_complex.py
[2025-12-29T13:11:41.543+0000] {processor.py:840} INFO - DAG(s) 'example_complex' retrieved from /home/airflow/.local/lib/python3.12/site-packages/airflow/example_dags/example_complex.py
[2025-12-29T13:11:41.640+0000] {logging_mixin.py:188} INFO - [2025-12-29T13:11:41.639+0000] {dag.py:3096} INFO - Sync 1 DAGs
[2025-12-29T13:11:41.672+0000] {logging_mixin.py:188} INFO - [2025-12-29T13:11:41.672+0000] {dag.py:3954} INFO - Setting next_dagrun for example_complex to None, run_after=None
[2025-12-29T13:11:41.723+0000] {processor.py:183} INFO - Processing /home/airflow/.local/lib/python3.12/site-packages/airflow/example_dags/example_complex.py took 0.248 seconds
[2025-12-29T13:12:12.583+0000] {processor.py:161} INFO - Started process (PID=1344) to work on /home/airflow/.local/lib/python3.12/site-packages/airflow/example_dags/example_complex.py
[2025-12-29T13:12:12.584+0000] {processor.py:830} INFO - Processing file /home/airflow/.local/lib/python3.12/site-packages/airflow/example_dags/example_complex.py for tasks to queue
[2025-12-29T13:12:12.588+0000] {logging_mixin.py:188} INFO - [2025-12-29T13:12:12.587+0000] {dagbag.py:545} INFO - Filling up the DagBag from /home/airflow/.local/lib/python3.12/site-packages/airflow/example_dags/example_complex.py
[2025-12-29T13:12:12.605+0000] {processor.py:840} INFO - DAG(s) 'example_complex' retrieved from /home/airflow/.local/lib/python3.12/site-packages/airflow/example_dags/example_complex.py
[2025-12-29T13:12:12.667+0000] {logging_mixin.py:188} INFO - [2025-12-29T13:12:12.667+0000] {dag.py:3096} INFO - Sync 1 DAGs
[2025-12-29T13:12:12.690+0000] {logging_mixin.py:188} INFO - [2025-12-29T13:12:12.689+0000] {dag.py:3954} INFO - Setting next_dagrun for example_complex to None, run_after=None
[2025-12-29T13:12:12.724+0000] {processor.py:183} INFO - Processing /home/airflow/.local/lib/python3.12/site-packages/airflow/example_dags/example_complex.py took 0.151 seconds
[2025-12-29T13:12:42.926+0000] {processor.py:161} INFO - Started process (PID=1605) to work on /home/airflow/.local/lib/python3.12/site-packages/airflow/example_dags/example_complex.py
[2025-12-29T13:12:42.928+0000] {processor.py:830} INFO - Processing file /home/airflow/.local/lib/python3.12/site-packages/airflow/example_dags/example_complex.py for tasks to queue
[2025-12-29T13:12:42.931+0000] {logging_mixin.py:188} INFO - [2025-12-29T13:12:42.930+0000] {dagbag.py:545} INFO - Filling up the DagBag from /home/airflow/.local/lib/python3.12/site-packages/airflow/example_dags/example_complex.py
[2025-12-29T13:12:42.946+0000] {processor.py:840} INFO - DAG(s) 'example_complex' retrieved from /home/airflow/.local/lib/python3.12/site-packages/airflow/example_dags/example_complex.py
[2025-12-29T13:12:43.001+0000] {logging_mixin.py:188} INFO - [2025-12-29T13:12:43.001+0000] {dag.py:3096} INFO - Sync 1 DAGs
[2025-12-29T13:12:43.020+0000] {logging_mixin.py:188} INFO - [2025-12-29T13:12:43.020+0000] {dag.py:3954} INFO - Setting next_dagrun for example_complex to None, run_after=None
[2025-12-29T13:12:43.050+0000] {processor.py:183} INFO - Processing /home/airflow/.local/lib/python3.12/site-packages/airflow/example_dags/example_complex.py took 0.132 seconds
[2025-12-29T13:13:13.418+0000] {processor.py:161} INFO - Started process (PID=1866) to work on /home/airflow/.local/lib/python3.12/site-packages/airflow/example_dags/example_complex.py
[2025-12-29T13:13:13.420+0000] {processor.py:830} INFO - Processing file /home/airflow/.local/lib/python3.12/site-packages/airflow/example_dags/example_complex.py for tasks to queue
[2025-12-29T13:13:13.422+0000] {logging_mixin.py:188} INFO - [2025-12-29T13:13:13.422+0000] {dagbag.py:545} INFO - Filling up the DagBag from /home/airflow/.local/lib/python3.12/site-packages/airflow/example_dags/example_complex.py
[2025-12-29T13:13:13.439+0000] {processor.py:840} INFO - DAG(s) 'example_complex' retrieved from /home/airflow/.local/lib/python3.12/site-packages/airflow/example_dags/example_complex.py
[2025-12-29T13:13:13.499+0000] {logging_mixin.py:188} INFO - [2025-12-29T13:13:13.499+0000] {dag.py:3096} INFO - Sync 1 DAGs
[2025-12-29T13:13:13.520+0000] {logging_mixin.py:188} INFO - [2025-12-29T13:13:13.520+0000] {dag.py:3954} INFO - Setting next_dagrun for example_complex to None, run_after=None
[2025-12-29T13:13:13.551+0000] {processor.py:183} INFO - Processing /home/airflow/.local/lib/python3.12/site-packages/airflow/example_dags/example_complex.py took 0.141 seconds
[2025-12-29T13:13:43.676+0000] {processor.py:161} INFO - Started process (PID=2127) to work on /home/airflow/.local/lib/python3.12/site-packages/airflow/example_dags/example_complex.py
[2025-12-29T13:13:43.677+0000] {processor.py:830} INFO - Processing file /home/airflow/.local/lib/python3.12/site-packages/airflow/example_dags/example_complex.py for tasks to queue
[2025-12-29T13:13:43.679+0000] {logging_mixin.py:188} INFO - [2025-12-29T13:13:43.679+0000] {dagbag.py:545} INFO - Filling up the DagBag from /home/airflow/.local/lib/python3.12/site-packages/airflow/example_dags/example_complex.py
[2025-12-29T13:13:43.696+0000] {processor.py:840} INFO - DAG(s) 'example_complex' retrieved from /home/airflow/.local/lib/python3.12/site-packages/airflow/example_dags/example_complex.py
[2025-12-29T13:13:43.755+0000] {logging_mixin.py:188} INFO - [2025-12-29T13:13:43.755+0000] {dag.py:3096} INFO - Sync 1 DAGs
[2025-12-29T13:13:43.774+0000] {logging_mixin.py:188} INFO - [2025-12-29T13:13:43.774+0000] {dag.py:3954} INFO - Setting next_dagrun for example_complex to None, run_after=None
[2025-12-29T13:13:43.807+0000] {processor.py:183} INFO - Processing /home/airflow/.local/lib/python3.12/site-packages/airflow/example_dags/example_complex.py took 0.140 seconds
[2025-12-29T13:14:13.991+0000] {processor.py:161} INFO - Started process (PID=2388) to work on /home/airflow/.local/lib/python3.12/site-packages/airflow/example_dags/example_complex.py
[2025-12-29T13:14:13.993+0000] {processor.py:830} INFO - Processing file /home/airflow/.local/lib/python3.12/site-packages/airflow/example_dags/example_complex.py for tasks to queue
[2025-12-29T13:14:13.995+0000] {logging_mixin.py:188} INFO - [2025-12-29T13:14:13.995+0000] {dagbag.py:545} INFO - Filling up the DagBag from /home/airflow/.local/lib/python3.12/site-packages/airflow/example_dags/example_complex.py
[2025-12-29T13:14:14.010+0000] {processor.py:840} INFO - DAG(s) 'example_complex' retrieved from /home/airflow/.local/lib/python3.12/site-packages/airflow/example_dags/example_complex.py
[2025-12-29T13:14:14.064+0000] {logging_mixin.py:188} INFO - [2025-12-29T13:14:14.064+0000] {dag.py:3096} INFO - Sync 1 DAGs
[2025-12-29T13:14:14.086+0000] {logging_mixin.py:188} INFO - [2025-12-29T13:14:14.086+0000] {dag.py:3954} INFO - Setting next_dagrun for example_complex to None, run_after=None
[2025-12-29T13:14:14.117+0000] {processor.py:183} INFO - Processing /home/airflow/.local/lib/python3.12/site-packages/airflow/example_dags/example_complex.py took 0.137 seconds
[2025-12-29T13:14:44.411+0000] {processor.py:161} INFO - Started process (PID=2649) to work on /home/airflow/.local/lib/python3.12/site-packages/airflow/example_dags/example_complex.py
[2025-12-29T13:14:44.412+0000] {processor.py:830} INFO - Processing file /home/airflow/.local/lib/python3.12/site-packages/airflow/example_dags/example_complex.py for tasks to queue
[2025-12-29T13:14:44.415+0000] {logging_mixin.py:188} INFO - [2025-12-29T13:14:44.414+0000] {dagbag.py:545} INFO - Filling up the DagBag from /home/airflow/.local/lib/python3.12/site-packages/airflow/example_dags/example_complex.py
[2025-12-29T13:14:44.431+0000] {processor.py:840} INFO - DAG(s) 'example_complex' retrieved from /home/airflow/.local/lib/python3.12/site-packages/airflow/example_dags/example_complex.py
[2025-12-29T13:14:44.490+0000] {logging_mixin.py:188} INFO - [2025-12-29T13:14:44.490+0000] {dag.py:3096} INFO - Sync 1 DAGs
[2025-12-29T13:14:44.510+0000] {logging_mixin.py:188} INFO - [2025-12-29T13:14:44.510+0000] {dag.py:3954} INFO - Setting next_dagrun for example_complex to None, run_after=None
[2025-12-29T13:14:44.543+0000] {processor.py:183} INFO - Processing /home/airflow/.local/lib/python3.12/site-packages/airflow/example_dags/example_complex.py took 0.140 seconds
[2025-12-29T13:15:15.436+0000] {processor.py:161} INFO - Started process (PID=2910) to work on /home/airflow/.local/lib/python3.12/site-packages/airflow/example_dags/example_complex.py
[2025-12-29T13:15:15.438+0000] {processor.py:830} INFO - Processing file /home/airflow/.local/lib/python3.12/site-packages/airflow/example_dags/example_complex.py for tasks to queue
[2025-12-29T13:15:15.442+0000] {logging_mixin.py:188} INFO - [2025-12-29T13:15:15.441+0000] {dagbag.py:545} INFO - Filling up the DagBag from /home/airflow/.local/lib/python3.12/site-packages/airflow/example_dags/example_complex.py
[2025-12-29T13:15:15.466+0000] {processor.py:840} INFO - DAG(s) 'example_complex' retrieved from /home/airflow/.local/lib/python3.12/site-packages/airflow/example_dags/example_complex.py
[2025-12-29T13:15:15.542+0000] {logging_mixin.py:188} INFO - [2025-12-29T13:15:15.542+0000] {dag.py:3096} INFO - Sync 1 DAGs
[2025-12-29T13:15:15.569+0000] {logging_mixin.py:188} INFO - [2025-12-29T13:15:15.569+0000] {dag.py:3954} INFO - Setting next_dagrun for example_complex to None, run_after=None
[2025-12-29T13:15:15.610+0000] {processor.py:183} INFO - Processing /home/airflow/.local/lib/python3.12/site-packages/airflow/example_dags/example_complex.py took 0.188 seconds
[2025-12-29T13:15:46.379+0000] {processor.py:161} INFO - Started process (PID=3171) to work on /home/airflow/.local/lib/python3.12/site-packages/airflow/example_dags/example_complex.py
[2025-12-29T13:15:46.381+0000] {processor.py:830} INFO - Processing file /home/airflow/.local/lib/python3.12/site-packages/airflow/example_dags/example_complex.py for tasks to queue
[2025-12-29T13:15:46.385+0000] {logging_mixin.py:188} INFO - [2025-12-29T13:15:46.385+0000] {dagbag.py:545} INFO - Filling up the DagBag from /home/airflow/.local/lib/python3.12/site-packages/airflow/example_dags/example_complex.py
[2025-12-29T13:15:46.413+0000] {processor.py:840} INFO - DAG(s) 'example_complex' retrieved from /home/airflow/.local/lib/python3.12/site-packages/airflow/example_dags/example_complex.py
[2025-12-29T13:15:46.498+0000] {logging_mixin.py:188} INFO - [2025-12-29T13:15:46.498+0000] {dag.py:3096} INFO - Sync 1 DAGs
[2025-12-29T13:15:46.531+0000] {logging_mixin.py:188} INFO - [2025-12-29T13:15:46.531+0000] {dag.py:3954} INFO - Setting next_dagrun for example_complex to None, run_after=None
[2025-12-29T13:15:46.579+0000] {processor.py:183} INFO - Processing /home/airflow/.local/lib/python3.12/site-packages/airflow/example_dags/example_complex.py took 0.213 seconds
[2025-12-29T13:16:17.384+0000] {processor.py:161} INFO - Started process (PID=3432) to work on /home/airflow/.local/lib/python3.12/site-packages/airflow/example_dags/example_complex.py
[2025-12-29T13:16:17.386+0000] {processor.py:830} INFO - Processing file /home/airflow/.local/lib/python3.12/site-packages/airflow/example_dags/example_complex.py for tasks to queue
[2025-12-29T13:16:17.390+0000] {logging_mixin.py:188} INFO - [2025-12-29T13:16:17.390+0000] {dagbag.py:545} INFO - Filling up the DagBag from /home/airflow/.local/lib/python3.12/site-packages/airflow/example_dags/example_complex.py
[2025-12-29T13:16:17.414+0000] {processor.py:840} INFO - DAG(s) 'example_complex' retrieved from /home/airflow/.local/lib/python3.12/site-packages/airflow/example_dags/example_complex.py
[2025-12-29T13:16:17.500+0000] {logging_mixin.py:188} INFO - [2025-12-29T13:16:17.500+0000] {dag.py:3096} INFO - Sync 1 DAGs
[2025-12-29T13:16:17.528+0000] {logging_mixin.py:188} INFO - [2025-12-29T13:16:17.528+0000] {dag.py:3954} INFO - Setting next_dagrun for example_complex to None, run_after=None
[2025-12-29T13:16:17.578+0000] {processor.py:183} INFO - Processing /home/airflow/.local/lib/python3.12/site-packages/airflow/example_dags/example_complex.py took 0.205 seconds
[2025-12-29T13:16:48.090+0000] {processor.py:161} INFO - Started process (PID=3693) to work on /home/airflow/.local/lib/python3.12/site-packages/airflow/example_dags/example_complex.py
[2025-12-29T13:16:48.092+0000] {processor.py:830} INFO - Processing file /home/airflow/.local/lib/python3.12/site-packages/airflow/example_dags/example_complex.py for tasks to queue
[2025-12-29T13:16:48.096+0000] {logging_mixin.py:188} INFO - [2025-12-29T13:16:48.095+0000] {dagbag.py:545} INFO - Filling up the DagBag from /home/airflow/.local/lib/python3.12/site-packages/airflow/example_dags/example_complex.py
[2025-12-29T13:16:48.119+0000] {processor.py:840} INFO - DAG(s) 'example_complex' retrieved from /home/airflow/.local/lib/python3.12/site-packages/airflow/example_dags/example_complex.py
[2025-12-29T13:16:48.203+0000] {logging_mixin.py:188} INFO - [2025-12-29T13:16:48.203+0000] {dag.py:3096} INFO - Sync 1 DAGs
[2025-12-29T13:16:48.230+0000] {logging_mixin.py:188} INFO - [2025-12-29T13:16:48.230+0000] {dag.py:3954} INFO - Setting next_dagrun for example_complex to None, run_after=None
[2025-12-29T13:16:48.277+0000] {processor.py:183} INFO - Processing /home/airflow/.local/lib/python3.12/site-packages/airflow/example_dags/example_complex.py took 0.198 seconds
[2025-12-29T13:17:18.551+0000] {processor.py:161} INFO - Started process (PID=3954) to work on /home/airflow/.local/lib/python3.12/site-packages/airflow/example_dags/example_complex.py
[2025-12-29T13:17:18.553+0000] {processor.py:830} INFO - Processing file /home/airflow/.local/lib/python3.12/site-packages/airflow/example_dags/example_complex.py for tasks to queue
[2025-12-29T13:17:18.557+0000] {logging_mixin.py:188} INFO - [2025-12-29T13:17:18.556+0000] {dagbag.py:545} INFO - Filling up the DagBag from /home/airflow/.local/lib/python3.12/site-packages/airflow/example_dags/example_complex.py
[2025-12-29T13:17:18.580+0000] {processor.py:840} INFO - DAG(s) 'example_complex' retrieved from /home/airflow/.local/lib/python3.12/site-packages/airflow/example_dags/example_complex.py
[2025-12-29T13:17:18.672+0000] {logging_mixin.py:188} INFO - [2025-12-29T13:17:18.670+0000] {dag.py:3096} INFO - Sync 1 DAGs
[2025-12-29T13:17:18.706+0000] {logging_mixin.py:188} INFO - [2025-12-29T13:17:18.705+0000] {dag.py:3954} INFO - Setting next_dagrun for example_complex to None, run_after=None
[2025-12-29T13:17:18.751+0000] {processor.py:183} INFO - Processing /home/airflow/.local/lib/python3.12/site-packages/airflow/example_dags/example_complex.py took 0.212 seconds
[2025-12-29T13:17:49.684+0000] {processor.py:161} INFO - Started process (PID=4215) to work on /home/airflow/.local/lib/python3.12/site-packages/airflow/example_dags/example_complex.py
[2025-12-29T13:17:49.686+0000] {processor.py:830} INFO - Processing file /home/airflow/.local/lib/python3.12/site-packages/airflow/example_dags/example_complex.py for tasks to queue
[2025-12-29T13:17:49.689+0000] {logging_mixin.py:188} INFO - [2025-12-29T13:17:49.688+0000] {dagbag.py:545} INFO - Filling up the DagBag from /home/airflow/.local/lib/python3.12/site-packages/airflow/example_dags/example_complex.py
[2025-12-29T13:17:49.712+0000] {processor.py:840} INFO - DAG(s) 'example_complex' retrieved from /home/airflow/.local/lib/python3.12/site-packages/airflow/example_dags/example_complex.py
[2025-12-29T13:17:49.804+0000] {logging_mixin.py:188} INFO - [2025-12-29T13:17:49.804+0000] {dag.py:3096} INFO - Sync 1 DAGs
[2025-12-29T13:17:49.835+0000] {logging_mixin.py:188} INFO - [2025-12-29T13:17:49.834+0000] {dag.py:3954} INFO - Setting next_dagrun for example_complex to None, run_after=None
[2025-12-29T13:17:49.873+0000] {processor.py:183} INFO - Processing /home/airflow/.local/lib/python3.12/site-packages/airflow/example_dags/example_complex.py took 0.200 seconds
[2025-12-29T13:18:20.189+0000] {processor.py:161} INFO - Started process (PID=4476) to work on /home/airflow/.local/lib/python3.12/site-packages/airflow/example_dags/example_complex.py
[2025-12-29T13:18:20.191+0000] {processor.py:830} INFO - Processing file /home/airflow/.local/lib/python3.12/site-packages/airflow/example_dags/example_complex.py for tasks to queue
[2025-12-29T13:18:20.195+0000] {logging_mixin.py:188} INFO - [2025-12-29T13:18:20.194+0000] {dagbag.py:545} INFO - Filling up the DagBag from /home/airflow/.local/lib/python3.12/site-packages/airflow/example_dags/example_complex.py
[2025-12-29T13:18:20.216+0000] {processor.py:840} INFO - DAG(s) 'example_complex' retrieved from /home/airflow/.local/lib/python3.12/site-packages/airflow/example_dags/example_complex.py
[2025-12-29T13:18:20.297+0000] {logging_mixin.py:188} INFO - [2025-12-29T13:18:20.296+0000] {dag.py:3096} INFO - Sync 1 DAGs
[2025-12-29T13:18:20.325+0000] {logging_mixin.py:188} INFO - [2025-12-29T13:18:20.325+0000] {dag.py:3954} INFO - Setting next_dagrun for example_complex to None, run_after=None
[2025-12-29T13:18:20.369+0000] {processor.py:183} INFO - Processing /home/airflow/.local/lib/python3.12/site-packages/airflow/example_dags/example_complex.py took 0.190 seconds
[2025-12-29T13:18:50.667+0000] {processor.py:161} INFO - Started process (PID=4737) to work on /home/airflow/.local/lib/python3.12/site-packages/airflow/example_dags/example_complex.py
[2025-12-29T13:18:50.669+0000] {processor.py:830} INFO - Processing file /home/airflow/.local/lib/python3.12/site-packages/airflow/example_dags/example_complex.py for tasks to queue
[2025-12-29T13:18:50.673+0000] {logging_mixin.py:188} INFO - [2025-12-29T13:18:50.673+0000] {dagbag.py:545} INFO - Filling up the DagBag from /home/airflow/.local/lib/python3.12/site-packages/airflow/example_dags/example_complex.py
[2025-12-29T13:18:50.705+0000] {processor.py:840} INFO - DAG(s) 'example_complex' retrieved from /home/airflow/.local/lib/python3.12/site-packages/airflow/example_dags/example_complex.py
[2025-12-29T13:18:50.795+0000] {logging_mixin.py:188} INFO - [2025-12-29T13:18:50.794+0000] {dag.py:3096} INFO - Sync 1 DAGs
[2025-12-29T13:18:50.824+0000] {logging_mixin.py:188} INFO - [2025-12-29T13:18:50.823+0000] {dag.py:3954} INFO - Setting next_dagrun for example_complex to None, run_after=None
[2025-12-29T13:18:50.868+0000] {processor.py:183} INFO - Processing /home/airflow/.local/lib/python3.12/site-packages/airflow/example_dags/example_complex.py took 0.215 seconds
[2025-12-29T13:19:21.014+0000] {processor.py:161} INFO - Started process (PID=4998) to work on /home/airflow/.local/lib/python3.12/site-packages/airflow/example_dags/example_complex.py
[2025-12-29T13:19:21.016+0000] {processor.py:830} INFO - Processing file /home/airflow/.local/lib/python3.12/site-packages/airflow/example_dags/example_complex.py for tasks to queue
[2025-12-29T13:19:21.020+0000] {logging_mixin.py:188} INFO - [2025-12-29T13:19:21.019+0000] {dagbag.py:545} INFO - Filling up the DagBag from /home/airflow/.local/lib/python3.12/site-packages/airflow/example_dags/example_complex.py
[2025-12-29T13:19:21.047+0000] {processor.py:840} INFO - DAG(s) 'example_complex' retrieved from /home/airflow/.local/lib/python3.12/site-packages/airflow/example_dags/example_complex.py
[2025-12-29T13:19:21.133+0000] {logging_mixin.py:188} INFO - [2025-12-29T13:19:21.133+0000] {dag.py:3096} INFO - Sync 1 DAGs
[2025-12-29T13:19:21.160+0000] {logging_mixin.py:188} INFO - [2025-12-29T13:19:21.160+0000] {dag.py:3954} INFO - Setting next_dagrun for example_complex to None, run_after=None
[2025-12-29T13:19:21.206+0000] {processor.py:183} INFO - Processing /home/airflow/.local/lib/python3.12/site-packages/airflow/example_dags/example_complex.py took 0.204 seconds
[2025-12-29T13:19:51.874+0000] {processor.py:161} INFO - Started process (PID=5259) to work on /home/airflow/.local/lib/python3.12/site-packages/airflow/example_dags/example_complex.py
[2025-12-29T13:19:51.876+0000] {processor.py:830} INFO - Processing file /home/airflow/.local/lib/python3.12/site-packages/airflow/example_dags/example_complex.py for tasks to queue
[2025-12-29T13:19:51.880+0000] {logging_mixin.py:188} INFO - [2025-12-29T13:19:51.879+0000] {dagbag.py:545} INFO - Filling up the DagBag from /home/airflow/.local/lib/python3.12/site-packages/airflow/example_dags/example_complex.py
[2025-12-29T13:19:51.902+0000] {processor.py:840} INFO - DAG(s) 'example_complex' retrieved from /home/airflow/.local/lib/python3.12/site-packages/airflow/example_dags/example_complex.py
[2025-12-29T13:19:51.978+0000] {logging_mixin.py:188} INFO - [2025-12-29T13:19:51.977+0000] {dag.py:3096} INFO - Sync 1 DAGs
[2025-12-29T13:19:52.012+0000] {logging_mixin.py:188} INFO - [2025-12-29T13:19:52.012+0000] {dag.py:3954} INFO - Setting next_dagrun for example_complex to None, run_after=None
[2025-12-29T13:19:52.062+0000] {processor.py:183} INFO - Processing /home/airflow/.local/lib/python3.12/site-packages/airflow/example_dags/example_complex.py took 0.199 seconds
[2025-12-29T13:20:22.266+0000] {processor.py:161} INFO - Started process (PID=5520) to work on /home/airflow/.local/lib/python3.12/site-packages/airflow/example_dags/example_complex.py
[2025-12-29T13:20:22.268+0000] {processor.py:830} INFO - Processing file /home/airflow/.local/lib/python3.12/site-packages/airflow/example_dags/example_complex.py for tasks to queue
[2025-12-29T13:20:22.271+0000] {logging_mixin.py:188} INFO - [2025-12-29T13:20:22.270+0000] {dagbag.py:545} INFO - Filling up the DagBag from /home/airflow/.local/lib/python3.12/site-packages/airflow/example_dags/example_complex.py
[2025-12-29T13:20:22.295+0000] {processor.py:840} INFO - DAG(s) 'example_complex' retrieved from /home/airflow/.local/lib/python3.12/site-packages/airflow/example_dags/example_complex.py
[2025-12-29T13:20:22.379+0000] {logging_mixin.py:188} INFO - [2025-12-29T13:20:22.379+0000] {dag.py:3096} INFO - Sync 1 DAGs
[2025-12-29T13:20:22.407+0000] {logging_mixin.py:188} INFO - [2025-12-29T13:20:22.407+0000] {dag.py:3954} INFO - Setting next_dagrun for example_complex to None, run_after=None
[2025-12-29T13:20:22.448+0000] {processor.py:183} INFO - Processing /home/airflow/.local/lib/python3.12/site-packages/airflow/example_dags/example_complex.py took 0.193 seconds
[2025-12-29T13:20:53.306+0000] {processor.py:161} INFO - Started process (PID=5783) to work on /home/airflow/.local/lib/python3.12/site-packages/airflow/example_dags/example_complex.py
[2025-12-29T13:20:53.309+0000] {processor.py:830} INFO - Processing file /home/airflow/.local/lib/python3.12/site-packages/airflow/example_dags/example_complex.py for tasks to queue
[2025-12-29T13:20:53.313+0000] {logging_mixin.py:188} INFO - [2025-12-29T13:20:53.313+0000] {dagbag.py:545} INFO - Filling up the DagBag from /home/airflow/.local/lib/python3.12/site-packages/airflow/example_dags/example_complex.py
[2025-12-29T13:20:53.337+0000] {processor.py:840} INFO - DAG(s) 'example_complex' retrieved from /home/airflow/.local/lib/python3.12/site-packages/airflow/example_dags/example_complex.py
[2025-12-29T13:20:53.423+0000] {logging_mixin.py:188} INFO - [2025-12-29T13:20:53.417+0000] {dag.py:3096} INFO - Sync 1 DAGs
[2025-12-29T13:20:53.468+0000] {logging_mixin.py:188} INFO - [2025-12-29T13:20:53.468+0000] {dag.py:3954} INFO - Setting next_dagrun for example_complex to None, run_after=None
[2025-12-29T13:20:53.516+0000] {processor.py:183} INFO - Processing /home/airflow/.local/lib/python3.12/site-packages/airflow/example_dags/example_complex.py took 0.220 seconds
[2025-12-29T13:21:23.743+0000] {processor.py:161} INFO - Started process (PID=6042) to work on /home/airflow/.local/lib/python3.12/site-packages/airflow/example_dags/example_complex.py
[2025-12-29T13:21:23.744+0000] {processor.py:830} INFO - Processing file /home/airflow/.local/lib/python3.12/site-packages/airflow/example_dags/example_complex.py for tasks to queue
[2025-12-29T13:21:23.748+0000] {logging_mixin.py:188} INFO - [2025-12-29T13:21:23.747+0000] {dagbag.py:545} INFO - Filling up the DagBag from /home/airflow/.local/lib/python3.12/site-packages/airflow/example_dags/example_complex.py
[2025-12-29T13:21:23.769+0000] {processor.py:840} INFO - DAG(s) 'example_complex' retrieved from /home/airflow/.local/lib/python3.12/site-packages/airflow/example_dags/example_complex.py
[2025-12-29T13:21:23.841+0000] {logging_mixin.py:188} INFO - [2025-12-29T13:21:23.841+0000] {dag.py:3096} INFO - Sync 1 DAGs
[2025-12-29T13:21:23.867+0000] {logging_mixin.py:188} INFO - [2025-12-29T13:21:23.867+0000] {dag.py:3954} INFO - Setting next_dagrun for example_complex to None, run_after=None
[2025-12-29T13:21:23.909+0000] {processor.py:183} INFO - Processing /home/airflow/.local/lib/python3.12/site-packages/airflow/example_dags/example_complex.py took 0.177 seconds
[2025-12-29T13:21:54.634+0000] {processor.py:161} INFO - Started process (PID=6303) to work on /home/airflow/.local/lib/python3.12/site-packages/airflow/example_dags/example_complex.py
[2025-12-29T13:21:54.636+0000] {processor.py:830} INFO - Processing file /home/airflow/.local/lib/python3.12/site-packages/airflow/example_dags/example_complex.py for tasks to queue
[2025-12-29T13:21:54.640+0000] {logging_mixin.py:188} INFO - [2025-12-29T13:21:54.639+0000] {dagbag.py:545} INFO - Filling up the DagBag from /home/airflow/.local/lib/python3.12/site-packages/airflow/example_dags/example_complex.py
[2025-12-29T13:21:54.665+0000] {processor.py:840} INFO - DAG(s) 'example_complex' retrieved from /home/airflow/.local/lib/python3.12/site-packages/airflow/example_dags/example_complex.py
[2025-12-29T13:21:54.741+0000] {logging_mixin.py:188} INFO - [2025-12-29T13:21:54.740+0000] {dag.py:3096} INFO - Sync 1 DAGs
[2025-12-29T13:21:54.769+0000] {logging_mixin.py:188} INFO - [2025-12-29T13:21:54.768+0000] {dag.py:3954} INFO - Setting next_dagrun for example_complex to None, run_after=None
[2025-12-29T13:21:54.810+0000] {processor.py:183} INFO - Processing /home/airflow/.local/lib/python3.12/site-packages/airflow/example_dags/example_complex.py took 0.186 seconds
[2025-12-29T13:22:24.995+0000] {processor.py:161} INFO - Started process (PID=6559) to work on /home/airflow/.local/lib/python3.12/site-packages/airflow/example_dags/example_complex.py
[2025-12-29T13:22:24.997+0000] {processor.py:830} INFO - Processing file /home/airflow/.local/lib/python3.12/site-packages/airflow/example_dags/example_complex.py for tasks to queue
[2025-12-29T13:22:25.001+0000] {logging_mixin.py:188} INFO - [2025-12-29T13:22:25.000+0000] {dagbag.py:545} INFO - Filling up the DagBag from /home/airflow/.local/lib/python3.12/site-packages/airflow/example_dags/example_complex.py
[2025-12-29T13:22:25.024+0000] {processor.py:840} INFO - DAG(s) 'example_complex' retrieved from /home/airflow/.local/lib/python3.12/site-packages/airflow/example_dags/example_complex.py
[2025-12-29T13:22:25.101+0000] {logging_mixin.py:188} INFO - [2025-12-29T13:22:25.101+0000] {dag.py:3096} INFO - Sync 1 DAGs
[2025-12-29T13:22:25.131+0000] {logging_mixin.py:188} INFO - [2025-12-29T13:22:25.131+0000] {dag.py:3954} INFO - Setting next_dagrun for example_complex to None, run_after=None
[2025-12-29T13:22:25.174+0000] {processor.py:183} INFO - Processing /home/airflow/.local/lib/python3.12/site-packages/airflow/example_dags/example_complex.py took 0.191 seconds
[2025-12-29T13:22:56.287+0000] {processor.py:161} INFO - Started process (PID=6825) to work on /home/airflow/.local/lib/python3.12/site-packages/airflow/example_dags/example_complex.py
[2025-12-29T13:22:56.289+0000] {processor.py:830} INFO - Processing file /home/airflow/.local/lib/python3.12/site-packages/airflow/example_dags/example_complex.py for tasks to queue
[2025-12-29T13:22:56.292+0000] {logging_mixin.py:188} INFO - [2025-12-29T13:22:56.292+0000] {dagbag.py:545} INFO - Filling up the DagBag from /home/airflow/.local/lib/python3.12/site-packages/airflow/example_dags/example_complex.py
[2025-12-29T13:22:56.313+0000] {processor.py:840} INFO - DAG(s) 'example_complex' retrieved from /home/airflow/.local/lib/python3.12/site-packages/airflow/example_dags/example_complex.py
[2025-12-29T13:22:56.395+0000] {logging_mixin.py:188} INFO - [2025-12-29T13:22:56.394+0000] {dag.py:3096} INFO - Sync 1 DAGs
[2025-12-29T13:22:56.429+0000] {logging_mixin.py:188} INFO - [2025-12-29T13:22:56.428+0000] {dag.py:3954} INFO - Setting next_dagrun for example_complex to None, run_after=None
[2025-12-29T13:22:56.470+0000] {processor.py:183} INFO - Processing /home/airflow/.local/lib/python3.12/site-packages/airflow/example_dags/example_complex.py took 0.193 seconds
[2025-12-29T13:23:27.064+0000] {processor.py:161} INFO - Started process (PID=7086) to work on /home/airflow/.local/lib/python3.12/site-packages/airflow/example_dags/example_complex.py
[2025-12-29T13:23:27.066+0000] {processor.py:830} INFO - Processing file /home/airflow/.local/lib/python3.12/site-packages/airflow/example_dags/example_complex.py for tasks to queue
[2025-12-29T13:23:27.069+0000] {logging_mixin.py:188} INFO - [2025-12-29T13:23:27.068+0000] {dagbag.py:545} INFO - Filling up the DagBag from /home/airflow/.local/lib/python3.12/site-packages/airflow/example_dags/example_complex.py
[2025-12-29T13:23:27.092+0000] {processor.py:840} INFO - DAG(s) 'example_complex' retrieved from /home/airflow/.local/lib/python3.12/site-packages/airflow/example_dags/example_complex.py
[2025-12-29T13:23:27.167+0000] {logging_mixin.py:188} INFO - [2025-12-29T13:23:27.166+0000] {dag.py:3096} INFO - Sync 1 DAGs
[2025-12-29T13:23:27.198+0000] {logging_mixin.py:188} INFO - [2025-12-29T13:23:27.198+0000] {dag.py:3954} INFO - Setting next_dagrun for example_complex to None, run_after=None
[2025-12-29T13:23:27.240+0000] {processor.py:183} INFO - Processing /home/airflow/.local/lib/python3.12/site-packages/airflow/example_dags/example_complex.py took 0.196 seconds
[2025-12-29T13:23:57.990+0000] {processor.py:161} INFO - Started process (PID=7347) to work on /home/airflow/.local/lib/python3.12/site-packages/airflow/example_dags/example_complex.py
[2025-12-29T13:23:57.992+0000] {processor.py:830} INFO - Processing file /home/airflow/.local/lib/python3.12/site-packages/airflow/example_dags/example_complex.py for tasks to queue
[2025-12-29T13:23:57.996+0000] {logging_mixin.py:188} INFO - [2025-12-29T13:23:57.995+0000] {dagbag.py:545} INFO - Filling up the DagBag from /home/airflow/.local/lib/python3.12/site-packages/airflow/example_dags/example_complex.py
[2025-12-29T13:23:58.016+0000] {processor.py:840} INFO - DAG(s) 'example_complex' retrieved from /home/airflow/.local/lib/python3.12/site-packages/airflow/example_dags/example_complex.py
[2025-12-29T13:23:58.094+0000] {logging_mixin.py:188} INFO - [2025-12-29T13:23:58.093+0000] {dag.py:3096} INFO - Sync 1 DAGs
[2025-12-29T13:23:58.123+0000] {logging_mixin.py:188} INFO - [2025-12-29T13:23:58.122+0000] {dag.py:3954} INFO - Setting next_dagrun for example_complex to None, run_after=None
[2025-12-29T13:23:58.167+0000] {processor.py:183} INFO - Processing /home/airflow/.local/lib/python3.12/site-packages/airflow/example_dags/example_complex.py took 0.190 seconds
[2025-12-29T13:24:28.831+0000] {processor.py:161} INFO - Started process (PID=7608) to work on /home/airflow/.local/lib/python3.12/site-packages/airflow/example_dags/example_complex.py
[2025-12-29T13:24:28.833+0000] {processor.py:830} INFO - Processing file /home/airflow/.local/lib/python3.12/site-packages/airflow/example_dags/example_complex.py for tasks to queue
[2025-12-29T13:24:28.837+0000] {logging_mixin.py:188} INFO - [2025-12-29T13:24:28.837+0000] {dagbag.py:545} INFO - Filling up the DagBag from /home/airflow/.local/lib/python3.12/site-packages/airflow/example_dags/example_complex.py
[2025-12-29T13:24:28.859+0000] {processor.py:840} INFO - DAG(s) 'example_complex' retrieved from /home/airflow/.local/lib/python3.12/site-packages/airflow/example_dags/example_complex.py
[2025-12-29T13:24:28.936+0000] {logging_mixin.py:188} INFO - [2025-12-29T13:24:28.936+0000] {dag.py:3096} INFO - Sync 1 DAGs
[2025-12-29T13:24:28.965+0000] {logging_mixin.py:188} INFO - [2025-12-29T13:24:28.964+0000] {dag.py:3954} INFO - Setting next_dagrun for example_complex to None, run_after=None
[2025-12-29T13:24:29.003+0000] {processor.py:183} INFO - Processing /home/airflow/.local/lib/python3.12/site-packages/airflow/example_dags/example_complex.py took 0.182 seconds
[2025-12-29T13:24:59.274+0000] {processor.py:161} INFO - Started process (PID=7869) to work on /home/airflow/.local/lib/python3.12/site-packages/airflow/example_dags/example_complex.py
[2025-12-29T13:24:59.276+0000] {processor.py:830} INFO - Processing file /home/airflow/.local/lib/python3.12/site-packages/airflow/example_dags/example_complex.py for tasks to queue
[2025-12-29T13:24:59.280+0000] {logging_mixin.py:188} INFO - [2025-12-29T13:24:59.280+0000] {dagbag.py:545} INFO - Filling up the DagBag from /home/airflow/.local/lib/python3.12/site-packages/airflow/example_dags/example_complex.py
[2025-12-29T13:24:59.307+0000] {processor.py:840} INFO - DAG(s) 'example_complex' retrieved from /home/airflow/.local/lib/python3.12/site-packages/airflow/example_dags/example_complex.py
[2025-12-29T13:24:59.379+0000] {logging_mixin.py:188} INFO - [2025-12-29T13:24:59.379+0000] {dag.py:3096} INFO - Sync 1 DAGs
[2025-12-29T13:24:59.404+0000] {logging_mixin.py:188} INFO - [2025-12-29T13:24:59.404+0000] {dag.py:3954} INFO - Setting next_dagrun for example_complex to None, run_after=None
[2025-12-29T13:24:59.442+0000] {processor.py:183} INFO - Processing /home/airflow/.local/lib/python3.12/site-packages/airflow/example_dags/example_complex.py took 0.180 seconds
[2025-12-29T13:25:29.631+0000] {processor.py:161} INFO - Started process (PID=8130) to work on /home/airflow/.local/lib/python3.12/site-packages/airflow/example_dags/example_complex.py
[2025-12-29T13:25:29.633+0000] {processor.py:830} INFO - Processing file /home/airflow/.local/lib/python3.12/site-packages/airflow/example_dags/example_complex.py for tasks to queue
[2025-12-29T13:25:29.637+0000] {logging_mixin.py:188} INFO - [2025-12-29T13:25:29.636+0000] {dagbag.py:545} INFO - Filling up the DagBag from /home/airflow/.local/lib/python3.12/site-packages/airflow/example_dags/example_complex.py
[2025-12-29T13:25:29.659+0000] {processor.py:840} INFO - DAG(s) 'example_complex' retrieved from /home/airflow/.local/lib/python3.12/site-packages/airflow/example_dags/example_complex.py
[2025-12-29T13:25:29.747+0000] {logging_mixin.py:188} INFO - [2025-12-29T13:25:29.747+0000] {dag.py:3096} INFO - Sync 1 DAGs
[2025-12-29T13:25:29.773+0000] {logging_mixin.py:188} INFO - [2025-12-29T13:25:29.773+0000] {dag.py:3954} INFO - Setting next_dagrun for example_complex to None, run_after=None
[2025-12-29T13:25:29.813+0000] {processor.py:183} INFO - Processing /home/airflow/.local/lib/python3.12/site-packages/airflow/example_dags/example_complex.py took 0.194 seconds
[2025-12-29T13:26:00.472+0000] {processor.py:161} INFO - Started process (PID=8391) to work on /home/airflow/.local/lib/python3.12/site-packages/airflow/example_dags/example_complex.py
[2025-12-29T13:26:00.475+0000] {processor.py:830} INFO - Processing file /home/airflow/.local/lib/python3.12/site-packages/airflow/example_dags/example_complex.py for tasks to queue
[2025-12-29T13:26:00.478+0000] {logging_mixin.py:188} INFO - [2025-12-29T13:26:00.478+0000] {dagbag.py:545} INFO - Filling up the DagBag from /home/airflow/.local/lib/python3.12/site-packages/airflow/example_dags/example_complex.py
[2025-12-29T13:26:00.501+0000] {processor.py:840} INFO - DAG(s) 'example_complex' retrieved from /home/airflow/.local/lib/python3.12/site-packages/airflow/example_dags/example_complex.py
[2025-12-29T13:26:00.582+0000] {logging_mixin.py:188} INFO - [2025-12-29T13:26:00.582+0000] {dag.py:3096} INFO - Sync 1 DAGs
[2025-12-29T13:26:00.614+0000] {logging_mixin.py:188} INFO - [2025-12-29T13:26:00.613+0000] {dag.py:3954} INFO - Setting next_dagrun for example_complex to None, run_after=None
[2025-12-29T13:26:00.658+0000] {processor.py:183} INFO - Processing /home/airflow/.local/lib/python3.12/site-packages/airflow/example_dags/example_complex.py took 0.198 seconds
[2025-12-29T13:26:31.128+0000] {processor.py:161} INFO - Started process (PID=8652) to work on /home/airflow/.local/lib/python3.12/site-packages/airflow/example_dags/example_complex.py
[2025-12-29T13:26:31.130+0000] {processor.py:830} INFO - Processing file /home/airflow/.local/lib/python3.12/site-packages/airflow/example_dags/example_complex.py for tasks to queue
[2025-12-29T13:26:31.134+0000] {logging_mixin.py:188} INFO - [2025-12-29T13:26:31.133+0000] {dagbag.py:545} INFO - Filling up the DagBag from /home/airflow/.local/lib/python3.12/site-packages/airflow/example_dags/example_complex.py
[2025-12-29T13:26:31.157+0000] {processor.py:840} INFO - DAG(s) 'example_complex' retrieved from /home/airflow/.local/lib/python3.12/site-packages/airflow/example_dags/example_complex.py
[2025-12-29T13:26:31.255+0000] {logging_mixin.py:188} INFO - [2025-12-29T13:26:31.254+0000] {dag.py:3096} INFO - Sync 1 DAGs
[2025-12-29T13:26:31.285+0000] {logging_mixin.py:188} INFO - [2025-12-29T13:26:31.285+0000] {dag.py:3954} INFO - Setting next_dagrun for example_complex to None, run_after=None
[2025-12-29T13:26:31.330+0000] {processor.py:183} INFO - Processing /home/airflow/.local/lib/python3.12/site-packages/airflow/example_dags/example_complex.py took 0.215 seconds
[2025-12-29T13:27:01.664+0000] {processor.py:161} INFO - Started process (PID=8913) to work on /home/airflow/.local/lib/python3.12/site-packages/airflow/example_dags/example_complex.py
[2025-12-29T13:27:01.666+0000] {processor.py:830} INFO - Processing file /home/airflow/.local/lib/python3.12/site-packages/airflow/example_dags/example_complex.py for tasks to queue
[2025-12-29T13:27:01.670+0000] {logging_mixin.py:188} INFO - [2025-12-29T13:27:01.669+0000] {dagbag.py:545} INFO - Filling up the DagBag from /home/airflow/.local/lib/python3.12/site-packages/airflow/example_dags/example_complex.py
[2025-12-29T13:27:01.695+0000] {processor.py:840} INFO - DAG(s) 'example_complex' retrieved from /home/airflow/.local/lib/python3.12/site-packages/airflow/example_dags/example_complex.py
[2025-12-29T13:27:01.770+0000] {logging_mixin.py:188} INFO - [2025-12-29T13:27:01.770+0000] {dag.py:3096} INFO - Sync 1 DAGs
[2025-12-29T13:27:01.804+0000] {logging_mixin.py:188} INFO - [2025-12-29T13:27:01.803+0000] {dag.py:3954} INFO - Setting next_dagrun for example_complex to None, run_after=None
[2025-12-29T13:27:01.852+0000] {processor.py:183} INFO - Processing /home/airflow/.local/lib/python3.12/site-packages/airflow/example_dags/example_complex.py took 0.199 seconds
[2025-12-29T13:27:36.035+0000] {processor.py:161} INFO - Started process (PID=9222) to work on /home/airflow/.local/lib/python3.12/site-packages/airflow/example_dags/example_complex.py
[2025-12-29T13:27:36.037+0000] {processor.py:830} INFO - Processing file /home/airflow/.local/lib/python3.12/site-packages/airflow/example_dags/example_complex.py for tasks to queue
[2025-12-29T13:27:36.040+0000] {logging_mixin.py:188} INFO - [2025-12-29T13:27:36.040+0000] {dagbag.py:545} INFO - Filling up the DagBag from /home/airflow/.local/lib/python3.12/site-packages/airflow/example_dags/example_complex.py
[2025-12-29T13:27:36.068+0000] {processor.py:840} INFO - DAG(s) 'example_complex' retrieved from /home/airflow/.local/lib/python3.12/site-packages/airflow/example_dags/example_complex.py
[2025-12-29T13:27:36.157+0000] {logging_mixin.py:188} INFO - [2025-12-29T13:27:36.157+0000] {dag.py:3096} INFO - Sync 1 DAGs
[2025-12-29T13:27:36.187+0000] {logging_mixin.py:188} INFO - [2025-12-29T13:27:36.186+0000] {dag.py:3954} INFO - Setting next_dagrun for example_complex to None, run_after=None
[2025-12-29T13:27:36.229+0000] {processor.py:183} INFO - Processing /home/airflow/.local/lib/python3.12/site-packages/airflow/example_dags/example_complex.py took 0.206 seconds
[2025-12-29T13:28:07.131+0000] {processor.py:161} INFO - Started process (PID=9528) to work on /home/airflow/.local/lib/python3.12/site-packages/airflow/example_dags/example_complex.py
[2025-12-29T13:28:07.133+0000] {processor.py:830} INFO - Processing file /home/airflow/.local/lib/python3.12/site-packages/airflow/example_dags/example_complex.py for tasks to queue
[2025-12-29T13:28:07.138+0000] {logging_mixin.py:188} INFO - [2025-12-29T13:28:07.137+0000] {dagbag.py:545} INFO - Filling up the DagBag from /home/airflow/.local/lib/python3.12/site-packages/airflow/example_dags/example_complex.py
[2025-12-29T13:28:07.161+0000] {processor.py:840} INFO - DAG(s) 'example_complex' retrieved from /home/airflow/.local/lib/python3.12/site-packages/airflow/example_dags/example_complex.py
[2025-12-29T13:28:07.252+0000] {logging_mixin.py:188} INFO - [2025-12-29T13:28:07.252+0000] {dag.py:3096} INFO - Sync 1 DAGs
[2025-12-29T13:28:07.280+0000] {logging_mixin.py:188} INFO - [2025-12-29T13:28:07.279+0000] {dag.py:3954} INFO - Setting next_dagrun for example_complex to None, run_after=None
[2025-12-29T13:28:07.323+0000] {processor.py:183} INFO - Processing /home/airflow/.local/lib/python3.12/site-packages/airflow/example_dags/example_complex.py took 0.205 seconds
[2025-12-29T13:28:37.656+0000] {processor.py:161} INFO - Started process (PID=9789) to work on /home/airflow/.local/lib/python3.12/site-packages/airflow/example_dags/example_complex.py
[2025-12-29T13:28:37.658+0000] {processor.py:830} INFO - Processing file /home/airflow/.local/lib/python3.12/site-packages/airflow/example_dags/example_complex.py for tasks to queue
[2025-12-29T13:28:37.661+0000] {logging_mixin.py:188} INFO - [2025-12-29T13:28:37.660+0000] {dagbag.py:545} INFO - Filling up the DagBag from /home/airflow/.local/lib/python3.12/site-packages/airflow/example_dags/example_complex.py
[2025-12-29T13:28:37.688+0000] {processor.py:840} INFO - DAG(s) 'example_complex' retrieved from /home/airflow/.local/lib/python3.12/site-packages/airflow/example_dags/example_complex.py
[2025-12-29T13:28:37.771+0000] {logging_mixin.py:188} INFO - [2025-12-29T13:28:37.771+0000] {dag.py:3096} INFO - Sync 1 DAGs
[2025-12-29T13:28:37.801+0000] {logging_mixin.py:188} INFO - [2025-12-29T13:28:37.801+0000] {dag.py:3954} INFO - Setting next_dagrun for example_complex to None, run_after=None
[2025-12-29T13:28:37.843+0000] {processor.py:183} INFO - Processing /home/airflow/.local/lib/python3.12/site-packages/airflow/example_dags/example_complex.py took 0.197 seconds
[2025-12-29T13:29:08.536+0000] {processor.py:161} INFO - Started process (PID=10050) to work on /home/airflow/.local/lib/python3.12/site-packages/airflow/example_dags/example_complex.py
[2025-12-29T13:29:08.538+0000] {processor.py:830} INFO - Processing file /home/airflow/.local/lib/python3.12/site-packages/airflow/example_dags/example_complex.py for tasks to queue
[2025-12-29T13:29:08.541+0000] {logging_mixin.py:188} INFO - [2025-12-29T13:29:08.541+0000] {dagbag.py:545} INFO - Filling up the DagBag from /home/airflow/.local/lib/python3.12/site-packages/airflow/example_dags/example_complex.py
[2025-12-29T13:29:08.567+0000] {processor.py:840} INFO - DAG(s) 'example_complex' retrieved from /home/airflow/.local/lib/python3.12/site-packages/airflow/example_dags/example_complex.py
[2025-12-29T13:29:08.642+0000] {logging_mixin.py:188} INFO - [2025-12-29T13:29:08.642+0000] {dag.py:3096} INFO - Sync 1 DAGs
[2025-12-29T13:29:08.670+0000] {logging_mixin.py:188} INFO - [2025-12-29T13:29:08.669+0000] {dag.py:3954} INFO - Setting next_dagrun for example_complex to None, run_after=None
[2025-12-29T13:29:08.711+0000] {processor.py:183} INFO - Processing /home/airflow/.local/lib/python3.12/site-packages/airflow/example_dags/example_complex.py took 0.186 seconds
[2025-12-29T13:29:39.972+0000] {processor.py:161} INFO - Started process (PID=10314) to work on /home/airflow/.local/lib/python3.12/site-packages/airflow/example_dags/example_complex.py
[2025-12-29T13:29:39.973+0000] {processor.py:830} INFO - Processing file /home/airflow/.local/lib/python3.12/site-packages/airflow/example_dags/example_complex.py for tasks to queue
[2025-12-29T13:29:39.977+0000] {logging_mixin.py:188} INFO - [2025-12-29T13:29:39.976+0000] {dagbag.py:545} INFO - Filling up the DagBag from /home/airflow/.local/lib/python3.12/site-packages/airflow/example_dags/example_complex.py
[2025-12-29T13:29:40.001+0000] {processor.py:840} INFO - DAG(s) 'example_complex' retrieved from /home/airflow/.local/lib/python3.12/site-packages/airflow/example_dags/example_complex.py
[2025-12-29T13:29:40.093+0000] {logging_mixin.py:188} INFO - [2025-12-29T13:29:40.092+0000] {dag.py:3096} INFO - Sync 1 DAGs
[2025-12-29T13:29:40.121+0000] {logging_mixin.py:188} INFO - [2025-12-29T13:29:40.120+0000] {dag.py:3954} INFO - Setting next_dagrun for example_complex to None, run_after=None
[2025-12-29T13:29:40.166+0000] {processor.py:183} INFO - Processing /home/airflow/.local/lib/python3.12/site-packages/airflow/example_dags/example_complex.py took 0.206 seconds
[2025-12-29T13:30:12.576+0000] {processor.py:161} INFO - Started process (PID=10620) to work on /home/airflow/.local/lib/python3.12/site-packages/airflow/example_dags/example_complex.py
[2025-12-29T13:30:12.578+0000] {processor.py:830} INFO - Processing file /home/airflow/.local/lib/python3.12/site-packages/airflow/example_dags/example_complex.py for tasks to queue
[2025-12-29T13:30:12.582+0000] {logging_mixin.py:188} INFO - [2025-12-29T13:30:12.581+0000] {dagbag.py:545} INFO - Filling up the DagBag from /home/airflow/.local/lib/python3.12/site-packages/airflow/example_dags/example_complex.py
[2025-12-29T13:30:12.606+0000] {processor.py:840} INFO - DAG(s) 'example_complex' retrieved from /home/airflow/.local/lib/python3.12/site-packages/airflow/example_dags/example_complex.py
[2025-12-29T13:30:12.724+0000] {logging_mixin.py:188} INFO - [2025-12-29T13:30:12.723+0000] {dag.py:3096} INFO - Sync 1 DAGs
[2025-12-29T13:30:12.758+0000] {logging_mixin.py:188} INFO - [2025-12-29T13:30:12.758+0000] {dag.py:3954} INFO - Setting next_dagrun for example_complex to None, run_after=None
[2025-12-29T13:30:12.801+0000] {processor.py:183} INFO - Processing /home/airflow/.local/lib/python3.12/site-packages/airflow/example_dags/example_complex.py took 0.237 seconds
[2025-12-29T13:30:43.057+0000] {processor.py:161} INFO - Started process (PID=10875) to work on /home/airflow/.local/lib/python3.12/site-packages/airflow/example_dags/example_complex.py
[2025-12-29T13:30:43.060+0000] {processor.py:830} INFO - Processing file /home/airflow/.local/lib/python3.12/site-packages/airflow/example_dags/example_complex.py for tasks to queue
[2025-12-29T13:30:43.063+0000] {logging_mixin.py:188} INFO - [2025-12-29T13:30:43.063+0000] {dagbag.py:545} INFO - Filling up the DagBag from /home/airflow/.local/lib/python3.12/site-packages/airflow/example_dags/example_complex.py
[2025-12-29T13:30:43.085+0000] {processor.py:840} INFO - DAG(s) 'example_complex' retrieved from /home/airflow/.local/lib/python3.12/site-packages/airflow/example_dags/example_complex.py
[2025-12-29T13:30:43.440+0000] {logging_mixin.py:188} INFO - [2025-12-29T13:30:43.439+0000] {dag.py:3096} INFO - Sync 1 DAGs
[2025-12-29T13:30:43.462+0000] {logging_mixin.py:188} INFO - [2025-12-29T13:30:43.462+0000] {dag.py:3954} INFO - Setting next_dagrun for example_complex to None, run_after=None
[2025-12-29T13:30:43.497+0000] {processor.py:183} INFO - Processing /home/airflow/.local/lib/python3.12/site-packages/airflow/example_dags/example_complex.py took 0.453 seconds
[2025-12-29T13:31:14.237+0000] {processor.py:161} INFO - Started process (PID=11136) to work on /home/airflow/.local/lib/python3.12/site-packages/airflow/example_dags/example_complex.py
[2025-12-29T13:31:14.240+0000] {processor.py:830} INFO - Processing file /home/airflow/.local/lib/python3.12/site-packages/airflow/example_dags/example_complex.py for tasks to queue
[2025-12-29T13:31:14.243+0000] {logging_mixin.py:188} INFO - [2025-12-29T13:31:14.243+0000] {dagbag.py:545} INFO - Filling up the DagBag from /home/airflow/.local/lib/python3.12/site-packages/airflow/example_dags/example_complex.py
[2025-12-29T13:31:14.266+0000] {processor.py:840} INFO - DAG(s) 'example_complex' retrieved from /home/airflow/.local/lib/python3.12/site-packages/airflow/example_dags/example_complex.py
[2025-12-29T13:31:14.351+0000] {logging_mixin.py:188} INFO - [2025-12-29T13:31:14.350+0000] {dag.py:3096} INFO - Sync 1 DAGs
[2025-12-29T13:31:14.385+0000] {logging_mixin.py:188} INFO - [2025-12-29T13:31:14.384+0000] {dag.py:3954} INFO - Setting next_dagrun for example_complex to None, run_after=None
[2025-12-29T13:31:14.434+0000] {processor.py:183} INFO - Processing /home/airflow/.local/lib/python3.12/site-packages/airflow/example_dags/example_complex.py took 0.208 seconds
[2025-12-29T13:31:44.670+0000] {processor.py:161} INFO - Started process (PID=11402) to work on /home/airflow/.local/lib/python3.12/site-packages/airflow/example_dags/example_complex.py
[2025-12-29T13:31:44.672+0000] {processor.py:830} INFO - Processing file /home/airflow/.local/lib/python3.12/site-packages/airflow/example_dags/example_complex.py for tasks to queue
[2025-12-29T13:31:44.676+0000] {logging_mixin.py:188} INFO - [2025-12-29T13:31:44.676+0000] {dagbag.py:545} INFO - Filling up the DagBag from /home/airflow/.local/lib/python3.12/site-packages/airflow/example_dags/example_complex.py
[2025-12-29T13:31:44.699+0000] {processor.py:840} INFO - DAG(s) 'example_complex' retrieved from /home/airflow/.local/lib/python3.12/site-packages/airflow/example_dags/example_complex.py
[2025-12-29T13:31:44.775+0000] {logging_mixin.py:188} INFO - [2025-12-29T13:31:44.774+0000] {dag.py:3096} INFO - Sync 1 DAGs
[2025-12-29T13:31:44.807+0000] {logging_mixin.py:188} INFO - [2025-12-29T13:31:44.807+0000] {dag.py:3954} INFO - Setting next_dagrun for example_complex to None, run_after=None
[2025-12-29T13:31:44.849+0000] {processor.py:183} INFO - Processing /home/airflow/.local/lib/python3.12/site-packages/airflow/example_dags/example_complex.py took 0.189 seconds
[2025-12-29T13:32:15.189+0000] {processor.py:161} INFO - Started process (PID=11745) to work on /home/airflow/.local/lib/python3.12/site-packages/airflow/example_dags/example_complex.py
[2025-12-29T13:32:15.190+0000] {processor.py:830} INFO - Processing file /home/airflow/.local/lib/python3.12/site-packages/airflow/example_dags/example_complex.py for tasks to queue
[2025-12-29T13:32:15.194+0000] {logging_mixin.py:188} INFO - [2025-12-29T13:32:15.193+0000] {dagbag.py:545} INFO - Filling up the DagBag from /home/airflow/.local/lib/python3.12/site-packages/airflow/example_dags/example_complex.py
[2025-12-29T13:32:15.222+0000] {processor.py:840} INFO - DAG(s) 'example_complex' retrieved from /home/airflow/.local/lib/python3.12/site-packages/airflow/example_dags/example_complex.py
[2025-12-29T13:32:15.304+0000] {logging_mixin.py:188} INFO - [2025-12-29T13:32:15.304+0000] {dag.py:3096} INFO - Sync 1 DAGs
[2025-12-29T13:32:15.330+0000] {logging_mixin.py:188} INFO - [2025-12-29T13:32:15.330+0000] {dag.py:3954} INFO - Setting next_dagrun for example_complex to None, run_after=None
[2025-12-29T13:32:15.371+0000] {processor.py:183} INFO - Processing /home/airflow/.local/lib/python3.12/site-packages/airflow/example_dags/example_complex.py took 0.195 seconds
[2025-12-29T13:32:45.616+0000] {processor.py:161} INFO - Started process (PID=12006) to work on /home/airflow/.local/lib/python3.12/site-packages/airflow/example_dags/example_complex.py
[2025-12-29T13:32:45.619+0000] {processor.py:830} INFO - Processing file /home/airflow/.local/lib/python3.12/site-packages/airflow/example_dags/example_complex.py for tasks to queue
[2025-12-29T13:32:45.623+0000] {logging_mixin.py:188} INFO - [2025-12-29T13:32:45.622+0000] {dagbag.py:545} INFO - Filling up the DagBag from /home/airflow/.local/lib/python3.12/site-packages/airflow/example_dags/example_complex.py
[2025-12-29T13:32:45.657+0000] {processor.py:840} INFO - DAG(s) 'example_complex' retrieved from /home/airflow/.local/lib/python3.12/site-packages/airflow/example_dags/example_complex.py
[2025-12-29T13:32:45.763+0000] {logging_mixin.py:188} INFO - [2025-12-29T13:32:45.763+0000] {dag.py:3096} INFO - Sync 1 DAGs
[2025-12-29T13:32:45.798+0000] {logging_mixin.py:188} INFO - [2025-12-29T13:32:45.797+0000] {dag.py:3954} INFO - Setting next_dagrun for example_complex to None, run_after=None
[2025-12-29T13:32:45.838+0000] {processor.py:183} INFO - Processing /home/airflow/.local/lib/python3.12/site-packages/airflow/example_dags/example_complex.py took 0.238 seconds
[2025-12-29T13:33:16.005+0000] {processor.py:161} INFO - Started process (PID=12267) to work on /home/airflow/.local/lib/python3.12/site-packages/airflow/example_dags/example_complex.py
[2025-12-29T13:33:16.006+0000] {processor.py:830} INFO - Processing file /home/airflow/.local/lib/python3.12/site-packages/airflow/example_dags/example_complex.py for tasks to queue
[2025-12-29T13:33:16.010+0000] {logging_mixin.py:188} INFO - [2025-12-29T13:33:16.009+0000] {dagbag.py:545} INFO - Filling up the DagBag from /home/airflow/.local/lib/python3.12/site-packages/airflow/example_dags/example_complex.py
[2025-12-29T13:33:16.032+0000] {processor.py:840} INFO - DAG(s) 'example_complex' retrieved from /home/airflow/.local/lib/python3.12/site-packages/airflow/example_dags/example_complex.py
[2025-12-29T13:33:16.119+0000] {logging_mixin.py:188} INFO - [2025-12-29T13:33:16.119+0000] {dag.py:3096} INFO - Sync 1 DAGs
[2025-12-29T13:33:16.153+0000] {logging_mixin.py:188} INFO - [2025-12-29T13:33:16.152+0000] {dag.py:3954} INFO - Setting next_dagrun for example_complex to None, run_after=None
[2025-12-29T13:33:16.194+0000] {processor.py:183} INFO - Processing /home/airflow/.local/lib/python3.12/site-packages/airflow/example_dags/example_complex.py took 0.203 seconds
[2025-12-29T13:33:46.521+0000] {processor.py:161} INFO - Started process (PID=12528) to work on /home/airflow/.local/lib/python3.12/site-packages/airflow/example_dags/example_complex.py
[2025-12-29T13:33:46.522+0000] {processor.py:830} INFO - Processing file /home/airflow/.local/lib/python3.12/site-packages/airflow/example_dags/example_complex.py for tasks to queue
[2025-12-29T13:33:46.526+0000] {logging_mixin.py:188} INFO - [2025-12-29T13:33:46.526+0000] {dagbag.py:545} INFO - Filling up the DagBag from /home/airflow/.local/lib/python3.12/site-packages/airflow/example_dags/example_complex.py
[2025-12-29T13:33:46.550+0000] {processor.py:840} INFO - DAG(s) 'example_complex' retrieved from /home/airflow/.local/lib/python3.12/site-packages/airflow/example_dags/example_complex.py
[2025-12-29T13:33:46.632+0000] {logging_mixin.py:188} INFO - [2025-12-29T13:33:46.632+0000] {dag.py:3096} INFO - Sync 1 DAGs
[2025-12-29T13:33:46.663+0000] {logging_mixin.py:188} INFO - [2025-12-29T13:33:46.662+0000] {dag.py:3954} INFO - Setting next_dagrun for example_complex to None, run_after=None
[2025-12-29T13:33:46.709+0000] {processor.py:183} INFO - Processing /home/airflow/.local/lib/python3.12/site-packages/airflow/example_dags/example_complex.py took 0.201 seconds
[2025-12-29T13:34:17.087+0000] {processor.py:161} INFO - Started process (PID=12822) to work on /home/airflow/.local/lib/python3.12/site-packages/airflow/example_dags/example_complex.py
[2025-12-29T13:34:17.089+0000] {processor.py:830} INFO - Processing file /home/airflow/.local/lib/python3.12/site-packages/airflow/example_dags/example_complex.py for tasks to queue
[2025-12-29T13:34:17.092+0000] {logging_mixin.py:188} INFO - [2025-12-29T13:34:17.092+0000] {dagbag.py:545} INFO - Filling up the DagBag from /home/airflow/.local/lib/python3.12/site-packages/airflow/example_dags/example_complex.py
[2025-12-29T13:34:17.117+0000] {processor.py:840} INFO - DAG(s) 'example_complex' retrieved from /home/airflow/.local/lib/python3.12/site-packages/airflow/example_dags/example_complex.py
[2025-12-29T13:34:17.196+0000] {logging_mixin.py:188} INFO - [2025-12-29T13:34:17.195+0000] {dag.py:3096} INFO - Sync 1 DAGs
[2025-12-29T13:34:17.231+0000] {logging_mixin.py:188} INFO - [2025-12-29T13:34:17.230+0000] {dag.py:3954} INFO - Setting next_dagrun for example_complex to None, run_after=None
[2025-12-29T13:34:17.275+0000] {processor.py:183} INFO - Processing /home/airflow/.local/lib/python3.12/site-packages/airflow/example_dags/example_complex.py took 0.200 seconds
