[2026-01-14T08:03:32.637+0000] {local_task_job_runner.py:120} INFO - ::group::Pre task execution logs
[2026-01-14T08:03:32.696+0000] {taskinstance.py:2076} INFO - Dependencies all met for dep_context=non-requeueable deps ti=<TaskInstance: coinpaprika_public_loader.fetch_data scheduled__2026-01-14T00:00:00+00:00 [queued]>
[2026-01-14T08:03:32.711+0000] {taskinstance.py:2076} INFO - Dependencies all met for dep_context=requeueable deps ti=<TaskInstance: coinpaprika_public_loader.fetch_data scheduled__2026-01-14T00:00:00+00:00 [queued]>
[2026-01-14T08:03:32.712+0000] {taskinstance.py:2306} INFO - Starting attempt 3 of 3
[2026-01-14T08:03:32.738+0000] {taskinstance.py:2330} INFO - Executing <Task(PythonOperator): fetch_data> on 2026-01-14 00:00:00+00:00
[2026-01-14T08:03:32.760+0000] {logging_mixin.py:188} WARNING - /home/airflow/.local/lib/python3.12/site-packages/airflow/task/task_runner/standard_task_runner.py:61 DeprecationWarning: This process (pid=2886) is multi-threaded, use of fork() may lead to deadlocks in the child.
[2026-01-14T08:03:32.763+0000] {standard_task_runner.py:63} INFO - Started process 2904 to run task
[2026-01-14T08:03:32.759+0000] {standard_task_runner.py:90} INFO - Running: ['airflow', 'tasks', 'run', 'coinpaprika_public_loader', 'fetch_data', 'scheduled__2026-01-14T00:00:00+00:00', '--job-id', '261', '--raw', '--subdir', 'DAGS_FOLDER/dags.py', '--cfg-path', '/tmp/tmppb48v0v7']
[2026-01-14T08:03:32.766+0000] {standard_task_runner.py:91} INFO - Job 261: Subtask fetch_data
[2026-01-14T08:03:32.872+0000] {task_command.py:426} INFO - Running <TaskInstance: coinpaprika_public_loader.fetch_data scheduled__2026-01-14T00:00:00+00:00 [running]> on host dfe135f03033
[2026-01-14T08:03:33.043+0000] {taskinstance.py:2648} INFO - Exporting env vars: AIRFLOW_CTX_DAG_OWNER='airflow' AIRFLOW_CTX_DAG_ID='coinpaprika_public_loader' AIRFLOW_CTX_TASK_ID='fetch_data' AIRFLOW_CTX_EXECUTION_DATE='2026-01-14T00:00:00+00:00' AIRFLOW_CTX_TRY_NUMBER='3' AIRFLOW_CTX_DAG_RUN_ID='scheduled__2026-01-14T00:00:00+00:00'
[2026-01-14T08:03:33.047+0000] {taskinstance.py:430} INFO - ::endgroup::
[2026-01-14T08:03:33.356+0000] {taskinstance.py:441} INFO - ::group::Post task execution logs
[2026-01-14T08:03:33.357+0000] {taskinstance.py:2905} ERROR - Task failed with exception
Traceback (most recent call last):
  File "/home/airflow/.local/lib/python3.12/site-packages/airflow/models/taskinstance.py", line 465, in _execute_task
    result = _execute_callable(context=context, **execute_callable_kwargs)
             ^^^^^^^^^^^^^^^^^^^^^^^^^^^^^^^^^^^^^^^^^^^^^^^^^^^^^^^^^^^^^
  File "/home/airflow/.local/lib/python3.12/site-packages/airflow/models/taskinstance.py", line 432, in _execute_callable
    return execute_callable(context=context, **execute_callable_kwargs)
           ^^^^^^^^^^^^^^^^^^^^^^^^^^^^^^^^^^^^^^^^^^^^^^^^^^^^^^^^^^^^
  File "/home/airflow/.local/lib/python3.12/site-packages/airflow/models/baseoperator.py", line 400, in wrapper
    return func(self, *args, **kwargs)
           ^^^^^^^^^^^^^^^^^^^^^^^^^^^
  File "/home/airflow/.local/lib/python3.12/site-packages/airflow/operators/python.py", line 235, in execute
    return_value = self.execute_callable()
                   ^^^^^^^^^^^^^^^^^^^^^^^
  File "/home/airflow/.local/lib/python3.12/site-packages/airflow/operators/python.py", line 252, in execute_callable
    return self.python_callable(*self.op_args, **self.op_kwargs)
           ^^^^^^^^^^^^^^^^^^^^^^^^^^^^^^^^^^^^^^^^^^^^^^^^^^^^^
  File "/opt/airflow/dags/dags.py", line 41, in fetch_coin_data
    "ath_price": data['ath_price'],
                 ~~~~^^^^^^^^^^^^^
KeyError: 'ath_price'
[2026-01-14T08:03:33.382+0000] {taskinstance.py:1206} INFO - Marking task as FAILED. dag_id=coinpaprika_public_loader, task_id=fetch_data, run_id=scheduled__2026-01-14T00:00:00+00:00, execution_date=20260114T000000, start_date=20260114T080332, end_date=20260114T080333
[2026-01-14T08:03:33.403+0000] {standard_task_runner.py:110} ERROR - Failed to execute job 261 for task fetch_data ('ath_price'; 2904)
[2026-01-14T08:03:33.421+0000] {local_task_job_runner.py:240} INFO - Task exited with return code 1
[2026-01-14T08:03:33.458+0000] {taskinstance.py:3498} INFO - 0 downstream tasks scheduled from follow-on schedule check
[2026-01-14T08:03:33.465+0000] {local_task_job_runner.py:222} INFO - ::endgroup::
