[2025-12-29T13:29:42.265+0000] {local_task_job_runner.py:120} INFO - ::group::Pre task execution logs
[2025-12-29T13:29:42.344+0000] {taskinstance.py:2076} INFO - Dependencies all met for dep_context=non-requeueable deps ti=<TaskInstance: coinpaprika_public_loader.fetch_data manual__2025-12-29T13:27:26.478593+00:00 [queued]>
[2025-12-29T13:29:42.364+0000] {taskinstance.py:2076} INFO - Dependencies all met for dep_context=requeueable deps ti=<TaskInstance: coinpaprika_public_loader.fetch_data manual__2025-12-29T13:27:26.478593+00:00 [queued]>
[2025-12-29T13:29:42.366+0000] {taskinstance.py:2306} INFO - Starting attempt 2 of 3
[2025-12-29T13:29:42.397+0000] {taskinstance.py:2330} INFO - Executing <Task(PythonOperator): fetch_data> on 2025-12-29 13:27:26.478593+00:00
[2025-12-29T13:29:42.417+0000] {logging_mixin.py:188} WARNING - /home/airflow/.local/lib/python3.12/site-packages/airflow/task/task_runner/standard_task_runner.py:61 DeprecationWarning: This process (pid=10317) is multi-threaded, use of fork() may lead to deadlocks in the child.
[2025-12-29T13:29:42.420+0000] {standard_task_runner.py:63} INFO - Started process 10411 to run task
[2025-12-29T13:29:42.417+0000] {standard_task_runner.py:90} INFO - Running: ['airflow', 'tasks', 'run', 'coinpaprika_public_loader', 'fetch_data', 'manual__2025-12-29T13:27:26.478593+00:00', '--job-id', '109', '--raw', '--subdir', 'DAGS_FOLDER/dags.py', '--cfg-path', '/tmp/tmpd839fgy1']
[2025-12-29T13:29:42.422+0000] {standard_task_runner.py:91} INFO - Job 109: Subtask fetch_data
[2025-12-29T13:29:42.539+0000] {task_command.py:426} INFO - Running <TaskInstance: coinpaprika_public_loader.fetch_data manual__2025-12-29T13:27:26.478593+00:00 [running]> on host 6368584f9f19
[2025-12-29T13:29:42.748+0000] {taskinstance.py:2648} INFO - Exporting env vars: AIRFLOW_CTX_DAG_OWNER='airflow' AIRFLOW_CTX_DAG_ID='coinpaprika_public_loader' AIRFLOW_CTX_TASK_ID='fetch_data' AIRFLOW_CTX_EXECUTION_DATE='2025-12-29T13:27:26.478593+00:00' AIRFLOW_CTX_TRY_NUMBER='2' AIRFLOW_CTX_DAG_RUN_ID='manual__2025-12-29T13:27:26.478593+00:00'
[2025-12-29T13:29:42.753+0000] {taskinstance.py:430} INFO - ::endgroup::
[2025-12-29T13:29:43.250+0000] {taskinstance.py:441} INFO - ::group::Post task execution logs
[2025-12-29T13:29:43.252+0000] {taskinstance.py:2905} ERROR - Task failed with exception
Traceback (most recent call last):
  File "/home/airflow/.local/lib/python3.12/site-packages/airflow/models/taskinstance.py", line 465, in _execute_task
    result = _execute_callable(context=context, **execute_callable_kwargs)
             ^^^^^^^^^^^^^^^^^^^^^^^^^^^^^^^^^^^^^^^^^^^^^^^^^^^^^^^^^^^^^
  File "/home/airflow/.local/lib/python3.12/site-packages/airflow/models/taskinstance.py", line 432, in _execute_callable
    return execute_callable(context=context, **execute_callable_kwargs)
           ^^^^^^^^^^^^^^^^^^^^^^^^^^^^^^^^^^^^^^^^^^^^^^^^^^^^^^^^^^^^
  File "/home/airflow/.local/lib/python3.12/site-packages/airflow/models/baseoperator.py", line 400, in wrapper
    return func(self, *args, **kwargs)
           ^^^^^^^^^^^^^^^^^^^^^^^^^^^
  File "/home/airflow/.local/lib/python3.12/site-packages/airflow/operators/python.py", line 235, in execute
    return_value = self.execute_callable()
                   ^^^^^^^^^^^^^^^^^^^^^^^
  File "/home/airflow/.local/lib/python3.12/site-packages/airflow/operators/python.py", line 252, in execute_callable
    return self.python_callable(*self.op_args, **self.op_kwargs)
           ^^^^^^^^^^^^^^^^^^^^^^^^^^^^^^^^^^^^^^^^^^^^^^^^^^^^^
  File "/opt/airflow/dags/dags.py", line 41, in fetch_coin_data
    "ath_price": data['ath_price'],
                 ~~~~^^^^^^^^^^^^^
KeyError: 'ath_price'
[2025-12-29T13:29:43.288+0000] {taskinstance.py:1206} INFO - Marking task as UP_FOR_RETRY. dag_id=coinpaprika_public_loader, task_id=fetch_data, run_id=manual__2025-12-29T13:27:26.478593+00:00, execution_date=20251229T132726, start_date=20251229T132942, end_date=20251229T132943
[2025-12-29T13:29:43.322+0000] {standard_task_runner.py:110} ERROR - Failed to execute job 109 for task fetch_data ('ath_price'; 10411)
[2025-12-29T13:29:43.361+0000] {local_task_job_runner.py:240} INFO - Task exited with return code 1
[2025-12-29T13:29:43.421+0000] {taskinstance.py:3498} INFO - 0 downstream tasks scheduled from follow-on schedule check
[2025-12-29T13:29:43.425+0000] {local_task_job_runner.py:222} INFO - ::endgroup::
