[2026-01-30T14:43:44.710+0000] {local_task_job_runner.py:120} INFO - ::group::Pre task execution logs
[2026-01-30T14:43:44.756+0000] {taskinstance.py:2076} INFO - Dependencies all met for dep_context=non-requeueable deps ti=<TaskInstance: 05_bitcoin_pipeline.create_table manual__2026-01-30T14:43:42.601330+00:00 [queued]>
[2026-01-30T14:43:44.768+0000] {taskinstance.py:2076} INFO - Dependencies all met for dep_context=requeueable deps ti=<TaskInstance: 05_bitcoin_pipeline.create_table manual__2026-01-30T14:43:42.601330+00:00 [queued]>
[2026-01-30T14:43:44.768+0000] {taskinstance.py:2306} INFO - Starting attempt 1 of 2
[2026-01-30T14:43:44.787+0000] {taskinstance.py:2330} INFO - Executing <Task(PostgresOperator): create_table> on 2026-01-30 14:43:42.601330+00:00
[2026-01-30T14:43:44.798+0000] {standard_task_runner.py:90} INFO - Running: ['airflow', 'tasks', 'run', '05_bitcoin_pipeline', 'create_table', 'manual__2026-01-30T14:43:42.601330+00:00', '--job-id', '285', '--raw', '--subdir', 'DAGS_FOLDER/dags.py', '--cfg-path', '/tmp/tmpjnfgqil3']
[2026-01-30T14:43:44.804+0000] {standard_task_runner.py:91} INFO - Job 285: Subtask create_table
[2026-01-30T14:43:44.807+0000] {logging_mixin.py:188} WARNING - /home/airflow/.local/lib/python3.12/site-packages/airflow/task/task_runner/standard_task_runner.py:61 DeprecationWarning: This process (pid=949) is multi-threaded, use of fork() may lead to deadlocks in the child.
[2026-01-30T14:43:44.808+0000] {standard_task_runner.py:63} INFO - Started process 954 to run task
[2026-01-30T14:43:44.891+0000] {task_command.py:426} INFO - Running <TaskInstance: 05_bitcoin_pipeline.create_table manual__2026-01-30T14:43:42.601330+00:00 [running]> on host 059e500630d3
[2026-01-30T14:43:45.041+0000] {taskinstance.py:2648} INFO - Exporting env vars: AIRFLOW_CTX_DAG_OWNER='airflow' AIRFLOW_CTX_DAG_ID='05_bitcoin_pipeline' AIRFLOW_CTX_TASK_ID='create_table' AIRFLOW_CTX_EXECUTION_DATE='2026-01-30T14:43:42.601330+00:00' AIRFLOW_CTX_TRY_NUMBER='1' AIRFLOW_CTX_DAG_RUN_ID='manual__2026-01-30T14:43:42.601330+00:00'
[2026-01-30T14:43:45.044+0000] {taskinstance.py:430} INFO - ::endgroup::
[2026-01-30T14:43:45.045+0000] {sql.py:276} INFO - Executing: 
            CREATE TABLE IF NOT EXISTS bitcoin_realtime (
                id SERIAL PRIMARY KEY,
                symbol VARCHAR(10),
                price_usd NUMERIC(18, 2),
                volume_24h NUMERIC(20, 2),
                market_cap NUMERIC(20, 2),
                fetched_at TIMESTAMP DEFAULT CURRENT_TIMESTAMP
            );
        
[2026-01-30T14:43:45.061+0000] {base.py:84} INFO - Using connection ID 'crypto_db' for task execution.
[2026-01-30T14:43:45.076+0000] {base.py:84} INFO - Using connection ID 'crypto_db' for task execution.
[2026-01-30T14:43:45.085+0000] {sql.py:470} INFO - Running statement: 
            CREATE TABLE IF NOT EXISTS bitcoin_realtime (
                id SERIAL PRIMARY KEY,
                symbol VARCHAR(10),
                price_usd NUMERIC(18, 2),
                volume_24h NUMERIC(20, 2),
                market_cap NUMERIC(20, 2),
                fetched_at TIMESTAMP DEFAULT CURRENT_TIMESTAMP
            );
        , parameters: None
[2026-01-30T14:43:45.088+0000] {taskinstance.py:441} INFO - ::group::Post task execution logs
[2026-01-30T14:43:45.107+0000] {taskinstance.py:1206} INFO - Marking task as SUCCESS. dag_id=05_bitcoin_pipeline, task_id=create_table, run_id=manual__2026-01-30T14:43:42.601330+00:00, execution_date=20260130T144342, start_date=20260130T144344, end_date=20260130T144345
[2026-01-30T14:43:45.143+0000] {local_task_job_runner.py:240} INFO - Task exited with return code 0
[2026-01-30T14:43:45.164+0000] {logging_mixin.py:188} WARNING - /home/airflow/.local/lib/python3.12/site-packages/airflow/models/baseoperator.py:1296 AirflowProviderDeprecationWarning: Call to deprecated class PostgresOperator. (Please use `airflow.providers.common.sql.operators.sql.SQLExecuteQueryOperator`.Also, you can provide `hook_params={'schema': <database>}`.)
[2026-01-30T14:43:45.182+0000] {taskinstance.py:3498} INFO - 1 downstream tasks scheduled from follow-on schedule check
[2026-01-30T14:43:45.184+0000] {local_task_job_runner.py:222} INFO - ::endgroup::
